<?xml version="1.0" encoding="UTF-8" ?>
<testsuite tests="2" failures="0" name="com.example.MyResourceTest" time="12.134" errors="2" skipped="0">
  <properties>
    <property name="java.runtime.name" value="Java(TM) SE Runtime Environment"/>
    <property name="java.vm.version" value="10.0.1+10"/>
    <property name="sun.boot.library.path" value="C:\Program Files\Java\jdk-10.0.1\bin"/>
    <property name="maven.multiModuleProjectDirectory" value="C:\Java\Maven\simple-service"/>
    <property name="java.vm.vendor" value="&quot;Oracle Corporation&quot;"/>
    <property name="java.vendor.url" value="http://java.oracle.com/"/>
    <property name="guice.disable.misplaced.annotation.check" value="true"/>
    <property name="path.separator" value=";"/>
    <property name="java.vm.name" value="Java HotSpot(TM) 64-Bit Server VM"/>
    <property name="file.encoding.pkg" value="sun.io"/>
    <property name="sun.os.patch.level" value=""/>
    <property name="user.script" value=""/>
    <property name="user.country" value="PL"/>
    <property name="sun.java.launcher" value="SUN_STANDARD"/>
    <property name="java.vm.specification.name" value="Java Virtual Machine Specification"/>
    <property name="user.dir" value="C:\Java\Maven\simple-service"/>
    <property name="java.vm.compressedOopsMode" value="32-bit"/>
    <property name="java.runtime.version" value="10.0.1+10"/>
    <property name="java.awt.graphicsenv" value="sun.awt.Win32GraphicsEnvironment"/>
    <property name="os.arch" value="amd64"/>
    <property name="java.io.tmpdir" value="C:\Users\Kristin\AppData\Local\Temp\"/>
    <property name="line.separator" value="
"/>
    <property name="java.vm.specification.vendor" value="Oracle Corporation"/>
    <property name="user.variant" value=""/>
    <property name="os.name" value="Windows 10"/>
    <property name="classworlds.conf" value="C:\apache-maven-3.5.3\bin\..\bin\m2.conf"/>
    <property name="sun.jnu.encoding" value="Cp1250"/>
    <property name="java.library.path" value="C:\Program Files\Java\jdk-10.0.1\bin;C:\Windows\Sun\Java\bin;C:\Windows\system32;C:\Windows;C:\Program Files (x86)\Common Files\Oracle\Java\javapath;C:\Windows\system32;C:\Windows;C:\Windows\System32\Wbem;C:\Windows\System32\WindowsPowerShell\v1.0\;C:\Program Files (x86)\NVIDIA Corporation\PhysX\Common;C:\Program Files\dotnet\;C:\Program Files\Microsoft SQL Server\130\Tools\Binn\;C:\Program Files\Microsoft SQL Server\Client SDK\ODBC\130\Tools\Binn\;C:\Program Files (x86)\Microsoft SQL Server\140\Tools\Binn\;C:\Program Files\Microsoft SQL Server\140\Tools\Binn\;C:\Program Files\Microsoft SQL Server\140\DTS\Binn\;C:\Program Files (x86)\GtkSharp\2.12\bin;C:\Program Files\Git\cmd;C:\apache-maven-3.5.3\bin;C:\Program Files\nodejs\;C:\Users\Kristin\AppData\Local\Microsoft\WindowsApps;C:\Users\Kristin\AppData\Roaming\npm;."/>
    <property name="maven.conf" value="C:\apache-maven-3.5.3\bin\../conf"/>
    <property name="jdk.debug" value="release"/>
    <property name="java.class.version" value="54.0"/>
    <property name="java.specification.name" value="Java Platform API Specification"/>
    <property name="sun.management.compiler" value="HotSpot 64-Bit Tiered Compilers"/>
    <property name="os.version" value="10.0"/>
    <property name="library.jansi.path" value="C:\apache-maven-3.5.3\bin\..\lib\jansi-native"/>
    <property name="user.home" value="C:\Users\Kristin"/>
    <property name="user.timezone" value="Europe/Belgrade"/>
    <property name="java.awt.printerjob" value="sun.awt.windows.WPrinterJob"/>
    <property name="file.encoding" value="Cp1250"/>
    <property name="java.specification.version" value="10"/>
    <property name="user.name" value="Kristin"/>
    <property name="java.class.path" value="C:\apache-maven-3.5.3\bin\..\boot\plexus-classworlds-2.5.2.jar"/>
    <property name="java.vm.specification.version" value="10"/>
    <property name="sun.arch.data.model" value="64"/>
    <property name="sun.java.command" value="org.codehaus.plexus.classworlds.launcher.Launcher package"/>
    <property name="java.home" value="C:\Program Files\Java\jdk-10.0.1"/>
    <property name="user.language" value="pl"/>
    <property name="java.specification.vendor" value="Oracle Corporation"/>
    <property name="awt.toolkit" value="sun.awt.windows.WToolkit"/>
    <property name="java.vm.info" value="mixed mode"/>
    <property name="java.version" value="10.0.1"/>
    <property name="java.vendor" value="Oracle Corporation"/>
    <property name="sun.stderr.encoding" value="cp852"/>
    <property name="maven.home" value="C:\apache-maven-3.5.3\bin\.."/>
    <property name="file.separator" value="\"/>
    <property name="java.version.date" value="2018-04-17"/>
    <property name="java.vendor.url.bug" value="http://bugreport.java.com/bugreport/"/>
    <property name="sun.io.unicode.encoding" value="UnicodeLittle"/>
    <property name="sun.cpu.endian" value="little"/>
    <property name="java.vendor.version" value="18.3"/>
    <property name="sun.stdout.encoding" value="cp852"/>
    <property name="sun.desktop" value="windows"/>
    <property name="sun.cpu.isalist" value="amd64"/>
  </properties>
  <testcase classname="com.example.MyResourceTest" name="testGetIt" time="6.064">
    <error message="Failed to start Grizzly HTTP server: Address already in use: bind" type="javax.ws.rs.ProcessingException">javax.ws.rs.ProcessingException: Failed to start Grizzly HTTP server: Address already in use: bind
	at org.glassfish.jersey.grizzly2.httpserver.GrizzlyHttpServerFactory.createHttpServer(GrizzlyHttpServerFactory.java:299)
	at org.glassfish.jersey.grizzly2.httpserver.GrizzlyHttpServerFactory.createHttpServer(GrizzlyHttpServerFactory.java:119)
	at com.example.Main.startServer(Main.java:30)
	at com.example.MyResourceTest.setUp(MyResourceTest.java:22)
	at java.base/jdk.internal.reflect.NativeMethodAccessorImpl.invoke0(Native Method)
	at java.base/jdk.internal.reflect.NativeMethodAccessorImpl.invoke(NativeMethodAccessorImpl.java:62)
	at java.base/jdk.internal.reflect.DelegatingMethodAccessorImpl.invoke(DelegatingMethodAccessorImpl.java:43)
	at java.base/java.lang.reflect.Method.invoke(Method.java:564)
	at org.junit.runners.model.FrameworkMethod$1.runReflectiveCall(FrameworkMethod.java:44)
	at org.junit.internal.runners.model.ReflectiveCallable.run(ReflectiveCallable.java:15)
	at org.junit.runners.model.FrameworkMethod.invokeExplosively(FrameworkMethod.java:41)
	at org.junit.internal.runners.statements.RunBefores.evaluate(RunBefores.java:27)
	at org.junit.internal.runners.statements.RunAfters.evaluate(RunAfters.java:31)
	at org.junit.runners.ParentRunner.runLeaf(ParentRunner.java:263)
	at org.junit.runners.BlockJUnit4ClassRunner.runChild(BlockJUnit4ClassRunner.java:69)
	at org.junit.runners.BlockJUnit4ClassRunner.runChild(BlockJUnit4ClassRunner.java:48)
	at org.junit.runners.ParentRunner$3.run(ParentRunner.java:231)
	at org.junit.runners.ParentRunner$1.schedule(ParentRunner.java:60)
	at org.junit.runners.ParentRunner.runChildren(ParentRunner.java:229)
	at org.junit.runners.ParentRunner.access$000(ParentRunner.java:50)
	at org.junit.runners.ParentRunner$2.evaluate(ParentRunner.java:222)
	at org.junit.runners.ParentRunner.run(ParentRunner.java:292)
	at org.apache.maven.surefire.junit4.JUnit4Provider.execute(JUnit4Provider.java:252)
	at org.apache.maven.surefire.junit4.JUnit4Provider.executeTestSet(JUnit4Provider.java:141)
	at org.apache.maven.surefire.junit4.JUnit4Provider.invoke(JUnit4Provider.java:112)
	at java.base/jdk.internal.reflect.NativeMethodAccessorImpl.invoke0(Native Method)
	at java.base/jdk.internal.reflect.NativeMethodAccessorImpl.invoke(NativeMethodAccessorImpl.java:62)
	at java.base/jdk.internal.reflect.DelegatingMethodAccessorImpl.invoke(DelegatingMethodAccessorImpl.java:43)
	at java.base/java.lang.reflect.Method.invoke(Method.java:564)
	at org.apache.maven.surefire.util.ReflectionUtils.invokeMethodWithArray(ReflectionUtils.java:189)
	at org.apache.maven.surefire.booter.ProviderFactory$ProviderProxy.invoke(ProviderFactory.java:165)
	at org.apache.maven.surefire.booter.ProviderFactory.invokeProvider(ProviderFactory.java:85)
	at org.apache.maven.surefire.booter.ForkedBooter.runSuitesInProcess(ForkedBooter.java:115)
	at org.apache.maven.surefire.booter.ForkedBooter.main(ForkedBooter.java:75)
Caused by: java.net.BindException: Address already in use: bind
	at java.base/sun.nio.ch.Net.bind0(Native Method)
	at java.base/sun.nio.ch.Net.bind(Net.java:433)
	at java.base/sun.nio.ch.Net.bind(Net.java:425)
	at java.base/sun.nio.ch.ServerSocketChannelImpl.bind(ServerSocketChannelImpl.java:225)
	at java.base/sun.nio.ch.ServerSocketAdaptor.bind(ServerSocketAdaptor.java:74)
	at org.glassfish.grizzly.nio.transport.TCPNIOBindingHandler.bindToChannelAndAddress(TCPNIOBindingHandler.java:131)
	at org.glassfish.grizzly.nio.transport.TCPNIOBindingHandler.bind(TCPNIOBindingHandler.java:88)
	at org.glassfish.grizzly.nio.transport.TCPNIOTransport.bind(TCPNIOTransport.java:238)
	at org.glassfish.grizzly.nio.transport.TCPNIOTransport.bind(TCPNIOTransport.java:218)
	at org.glassfish.grizzly.nio.transport.TCPNIOTransport.bind(TCPNIOTransport.java:209)
	at org.glassfish.grizzly.http.server.NetworkListener.start(NetworkListener.java:723)
	at org.glassfish.grizzly.http.server.HttpServer.start(HttpServer.java:277)
	at org.glassfish.jersey.grizzly2.httpserver.GrizzlyHttpServerFactory.createHttpServer(GrizzlyHttpServerFactory.java:296)
	... 33 more
</error>
    <system-err>kwi 28, 2018 8:12:17 PM org.glassfish.jersey.internal.Errors logErrors
WARNING: The following warnings have been detected: WARNING: HK2 service reification failed for [org.glassfish.jersey.message.internal.DataSourceProvider] with an exception:
MultiException stack 1 of 2
java.lang.NoClassDefFoundError: javax/activation/DataSource
	at java.base/java.lang.Class.getDeclaredConstructors0(Native Method)
	at java.base/java.lang.Class.privateGetDeclaredConstructors(Class.java:3090)
	at java.base/java.lang.Class.getDeclaredConstructors(Class.java:2316)
	at org.jvnet.hk2.internal.Utilities$3.run(Utilities.java:1308)
	at org.jvnet.hk2.internal.Utilities$3.run(Utilities.java:1304)
	at java.base/java.security.AccessController.doPrivileged(Native Method)
	at org.jvnet.hk2.internal.Utilities.getAllConstructors(Utilities.java:1304)
	at org.jvnet.hk2.internal.Utilities.findProducerConstructor(Utilities.java:1247)
	at org.jvnet.hk2.internal.DefaultClassAnalyzer.getConstructor(DefaultClassAnalyzer.java:83)
	at org.glassfish.jersey.internal.inject.JerseyClassAnalyzer.getConstructor(JerseyClassAnalyzer.java:144)
	at org.jvnet.hk2.internal.Utilities.getConstructor(Utilities.java:178)
	at org.jvnet.hk2.internal.ClazzCreator.initialize(ClazzCreator.java:129)
	at org.jvnet.hk2.internal.ClazzCreator.initialize(ClazzCreator.java:180)
	at org.jvnet.hk2.internal.SystemDescriptor.internalReify(SystemDescriptor.java:740)
	at org.jvnet.hk2.internal.SystemDescriptor.reify(SystemDescriptor.java:694)
	at org.jvnet.hk2.internal.ServiceLocatorImpl.reifyDescriptor(ServiceLocatorImpl.java:461)
	at org.jvnet.hk2.internal.ServiceLocatorImpl.narrow(ServiceLocatorImpl.java:2288)
	at org.jvnet.hk2.internal.ServiceLocatorImpl.access$1200(ServiceLocatorImpl.java:125)
	at org.jvnet.hk2.internal.ServiceLocatorImpl$9.compute(ServiceLocatorImpl.java:1373)
	at org.jvnet.hk2.internal.ServiceLocatorImpl$9.compute(ServiceLocatorImpl.java:1368)
	at org.glassfish.hk2.utilities.cache.internal.WeakCARCacheImpl.compute(WeakCARCacheImpl.java:116)
	at org.jvnet.hk2.internal.ServiceLocatorImpl.internalGetAllServiceHandles(ServiceLocatorImpl.java:1430)
	at org.jvnet.hk2.internal.ServiceLocatorImpl.getAllServiceHandles(ServiceLocatorImpl.java:1355)
	at org.jvnet.hk2.internal.ServiceLocatorImpl.getAllServiceHandles(ServiceLocatorImpl.java:1344)
	at org.glassfish.jersey.internal.inject.Providers.getServiceHandles(Providers.java:354)
	at org.glassfish.jersey.internal.inject.Providers.getCustomProviders(Providers.java:201)
	at org.glassfish.jersey.message.internal.MessageBodyFactory.&lt;init&gt;(MessageBodyFactory.java:221)
	at java.base/jdk.internal.reflect.NativeConstructorAccessorImpl.newInstance0(Native Method)
	at java.base/jdk.internal.reflect.NativeConstructorAccessorImpl.newInstance(NativeConstructorAccessorImpl.java:62)
	at java.base/jdk.internal.reflect.DelegatingConstructorAccessorImpl.newInstance(DelegatingConstructorAccessorImpl.java:45)
	at java.base/java.lang.reflect.Constructor.newInstance(Constructor.java:488)
	at org.glassfish.hk2.utilities.reflection.ReflectionHelper.makeMe(ReflectionHelper.java:1375)
	at org.jvnet.hk2.internal.ClazzCreator.createMe(ClazzCreator.java:272)
	at org.jvnet.hk2.internal.ClazzCreator.create(ClazzCreator.java:366)
	at org.jvnet.hk2.internal.SystemDescriptor.create(SystemDescriptor.java:487)
	at org.jvnet.hk2.internal.SingletonContext$1.compute(SingletonContext.java:83)
	at org.jvnet.hk2.internal.SingletonContext$1.compute(SingletonContext.java:71)
	at org.glassfish.hk2.utilities.cache.Cache$OriginThreadAwareFuture$1.call(Cache.java:97)
	at java.base/java.util.concurrent.FutureTask.run(FutureTask.java:264)
	at org.glassfish.hk2.utilities.cache.Cache$OriginThreadAwareFuture.run(Cache.java:154)
	at org.glassfish.hk2.utilities.cache.Cache.compute(Cache.java:199)
	at org.jvnet.hk2.internal.SingletonContext.findOrCreate(SingletonContext.java:122)
	at org.jvnet.hk2.internal.Utilities.createService(Utilities.java:2022)
	at org.jvnet.hk2.internal.ServiceLocatorImpl.internalGetService(ServiceLocatorImpl.java:774)
	at org.jvnet.hk2.internal.ServiceLocatorImpl.internalGetService(ServiceLocatorImpl.java:737)
	at org.jvnet.hk2.internal.ServiceLocatorImpl.getService(ServiceLocatorImpl.java:707)
	at org.glassfish.jersey.server.model.ComponentModelValidator.&lt;init&gt;(ComponentModelValidator.java:97)
	at org.glassfish.jersey.server.ApplicationHandler.initialize(ApplicationHandler.java:549)
	at org.glassfish.jersey.server.ApplicationHandler.access$500(ApplicationHandler.java:184)
	at org.glassfish.jersey.server.ApplicationHandler$3.call(ApplicationHandler.java:350)
	at org.glassfish.jersey.server.ApplicationHandler$3.call(ApplicationHandler.java:347)
	at org.glassfish.jersey.internal.Errors.process(Errors.java:315)
	at org.glassfish.jersey.internal.Errors.process(Errors.java:297)
	at org.glassfish.jersey.internal.Errors.processWithException(Errors.java:255)
	at org.glassfish.jersey.server.ApplicationHandler.&lt;init&gt;(ApplicationHandler.java:347)
	at org.glassfish.jersey.server.ApplicationHandler.&lt;init&gt;(ApplicationHandler.java:311)
	at org.glassfish.jersey.grizzly2.httpserver.GrizzlyHttpContainer.&lt;init&gt;(GrizzlyHttpContainer.java:337)
	at org.glassfish.jersey.grizzly2.httpserver.GrizzlyHttpServerFactory.createHttpServer(GrizzlyHttpServerFactory.java:119)
	at com.example.Main.startServer(Main.java:30)
	at com.example.MyResourceTest.setUp(MyResourceTest.java:22)
	at java.base/jdk.internal.reflect.NativeMethodAccessorImpl.invoke0(Native Method)
	at java.base/jdk.internal.reflect.NativeMethodAccessorImpl.invoke(NativeMethodAccessorImpl.java:62)
	at java.base/jdk.internal.reflect.DelegatingMethodAccessorImpl.invoke(DelegatingMethodAccessorImpl.java:43)
	at java.base/java.lang.reflect.Method.invoke(Method.java:564)
	at org.junit.runners.model.FrameworkMethod$1.runReflectiveCall(FrameworkMethod.java:44)
	at org.junit.internal.runners.model.ReflectiveCallable.run(ReflectiveCallable.java:15)
	at org.junit.runners.model.FrameworkMethod.invokeExplosively(FrameworkMethod.java:41)
	at org.junit.internal.runners.statements.RunBefores.evaluate(RunBefores.java:27)
	at org.junit.internal.runners.statements.RunAfters.evaluate(RunAfters.java:31)
	at org.junit.runners.ParentRunner.runLeaf(ParentRunner.java:263)
	at org.junit.runners.BlockJUnit4ClassRunner.runChild(BlockJUnit4ClassRunner.java:69)
	at org.junit.runners.BlockJUnit4ClassRunner.runChild(BlockJUnit4ClassRunner.java:48)
	at org.junit.runners.ParentRunner$3.run(ParentRunner.java:231)
	at org.junit.runners.ParentRunner$1.schedule(ParentRunner.java:60)
	at org.junit.runners.ParentRunner.runChildren(ParentRunner.java:229)
	at org.junit.runners.ParentRunner.access$000(ParentRunner.java:50)
	at org.junit.runners.ParentRunner$2.evaluate(ParentRunner.java:222)
	at org.junit.runners.ParentRunner.run(ParentRunner.java:292)
	at org.apache.maven.surefire.junit4.JUnit4Provider.execute(JUnit4Provider.java:252)
	at org.apache.maven.surefire.junit4.JUnit4Provider.executeTestSet(JUnit4Provider.java:141)
	at org.apache.maven.surefire.junit4.JUnit4Provider.invoke(JUnit4Provider.java:112)
	at java.base/jdk.internal.reflect.NativeMethodAccessorImpl.invoke0(Native Method)
	at java.base/jdk.internal.reflect.NativeMethodAccessorImpl.invoke(NativeMethodAccessorImpl.java:62)
	at java.base/jdk.internal.reflect.DelegatingMethodAccessorImpl.invoke(DelegatingMethodAccessorImpl.java:43)
	at java.base/java.lang.reflect.Method.invoke(Method.java:564)
	at org.apache.maven.surefire.util.ReflectionUtils.invokeMethodWithArray(ReflectionUtils.java:189)
	at org.apache.maven.surefire.booter.ProviderFactory$ProviderProxy.invoke(ProviderFactory.java:165)
	at org.apache.maven.surefire.booter.ProviderFactory.invokeProvider(ProviderFactory.java:85)
	at org.apache.maven.surefire.booter.ForkedBooter.runSuitesInProcess(ForkedBooter.java:115)
	at org.apache.maven.surefire.booter.ForkedBooter.main(ForkedBooter.java:75)
Caused by: java.lang.ClassNotFoundException: javax.activation.DataSource
	at java.base/jdk.internal.loader.BuiltinClassLoader.loadClass(BuiltinClassLoader.java:582)
	at java.base/jdk.internal.loader.ClassLoaders$AppClassLoader.loadClass(ClassLoaders.java:190)
	at java.base/java.lang.ClassLoader.loadClass(ClassLoader.java:499)
	... 90 more
MultiException stack 2 of 2
java.lang.IllegalArgumentException: Errors were discovered while reifying SystemDescriptor(
	implementation=org.glassfish.jersey.message.internal.DataSourceProvider
	contracts={javax.ws.rs.ext.MessageBodyWriter,javax.ws.rs.ext.MessageBodyReader}
	scope=javax.inject.Singleton
	qualifiers={}
	descriptorType=CLASS
	descriptorVisibility=NORMAL
	metadata=
	rank=0
	loader=org.glassfish.hk2.utilities.binding.AbstractBinder$2@2e1ef60
	proxiable=null
	proxyForSameScope=null
	analysisName=null
	id=51
	locatorId=0
	identityHashCode=573926093
	reified=false)
	at org.jvnet.hk2.internal.SystemDescriptor.reify(SystemDescriptor.java:705)
	at org.jvnet.hk2.internal.ServiceLocatorImpl.reifyDescriptor(ServiceLocatorImpl.java:461)
	at org.jvnet.hk2.internal.ServiceLocatorImpl.narrow(ServiceLocatorImpl.java:2288)
	at org.jvnet.hk2.internal.ServiceLocatorImpl.access$1200(ServiceLocatorImpl.java:125)
	at org.jvnet.hk2.internal.ServiceLocatorImpl$9.compute(ServiceLocatorImpl.java:1373)
	at org.jvnet.hk2.internal.ServiceLocatorImpl$9.compute(ServiceLocatorImpl.java:1368)
	at org.glassfish.hk2.utilities.cache.internal.WeakCARCacheImpl.compute(WeakCARCacheImpl.java:116)
	at org.jvnet.hk2.internal.ServiceLocatorImpl.internalGetAllServiceHandles(ServiceLocatorImpl.java:1430)
	at org.jvnet.hk2.internal.ServiceLocatorImpl.getAllServiceHandles(ServiceLocatorImpl.java:1355)
	at org.jvnet.hk2.internal.ServiceLocatorImpl.getAllServiceHandles(ServiceLocatorImpl.java:1344)
	at org.glassfish.jersey.internal.inject.Providers.getServiceHandles(Providers.java:354)
	at org.glassfish.jersey.internal.inject.Providers.getCustomProviders(Providers.java:201)
	at org.glassfish.jersey.message.internal.MessageBodyFactory.&lt;init&gt;(MessageBodyFactory.java:221)
	at java.base/jdk.internal.reflect.NativeConstructorAccessorImpl.newInstance0(Native Method)
	at java.base/jdk.internal.reflect.NativeConstructorAccessorImpl.newInstance(NativeConstructorAccessorImpl.java:62)
	at java.base/jdk.internal.reflect.DelegatingConstructorAccessorImpl.newInstance(DelegatingConstructorAccessorImpl.java:45)
	at java.base/java.lang.reflect.Constructor.newInstance(Constructor.java:488)
	at org.glassfish.hk2.utilities.reflection.ReflectionHelper.makeMe(ReflectionHelper.java:1375)
	at org.jvnet.hk2.internal.ClazzCreator.createMe(ClazzCreator.java:272)
	at org.jvnet.hk2.internal.ClazzCreator.create(ClazzCreator.java:366)
	at org.jvnet.hk2.internal.SystemDescriptor.create(SystemDescriptor.java:487)
	at org.jvnet.hk2.internal.SingletonContext$1.compute(SingletonContext.java:83)
	at org.jvnet.hk2.internal.SingletonContext$1.compute(SingletonContext.java:71)
	at org.glassfish.hk2.utilities.cache.Cache$OriginThreadAwareFuture$1.call(Cache.java:97)
	at java.base/java.util.concurrent.FutureTask.run(FutureTask.java:264)
	at org.glassfish.hk2.utilities.cache.Cache$OriginThreadAwareFuture.run(Cache.java:154)
	at org.glassfish.hk2.utilities.cache.Cache.compute(Cache.java:199)
	at org.jvnet.hk2.internal.SingletonContext.findOrCreate(SingletonContext.java:122)
	at org.jvnet.hk2.internal.Utilities.createService(Utilities.java:2022)
	at org.jvnet.hk2.internal.ServiceLocatorImpl.internalGetService(ServiceLocatorImpl.java:774)
	at org.jvnet.hk2.internal.ServiceLocatorImpl.internalGetService(ServiceLocatorImpl.java:737)
	at org.jvnet.hk2.internal.ServiceLocatorImpl.getService(ServiceLocatorImpl.java:707)
	at org.glassfish.jersey.server.model.ComponentModelValidator.&lt;init&gt;(ComponentModelValidator.java:97)
	at org.glassfish.jersey.server.ApplicationHandler.initialize(ApplicationHandler.java:549)
	at org.glassfish.jersey.server.ApplicationHandler.access$500(ApplicationHandler.java:184)
	at org.glassfish.jersey.server.ApplicationHandler$3.call(ApplicationHandler.java:350)
	at org.glassfish.jersey.server.ApplicationHandler$3.call(ApplicationHandler.java:347)
	at org.glassfish.jersey.internal.Errors.process(Errors.java:315)
	at org.glassfish.jersey.internal.Errors.process(Errors.java:297)
	at org.glassfish.jersey.internal.Errors.processWithException(Errors.java:255)
	at org.glassfish.jersey.server.ApplicationHandler.&lt;init&gt;(ApplicationHandler.java:347)
	at org.glassfish.jersey.server.ApplicationHandler.&lt;init&gt;(ApplicationHandler.java:311)
	at org.glassfish.jersey.grizzly2.httpserver.GrizzlyHttpContainer.&lt;init&gt;(GrizzlyHttpContainer.java:337)
	at org.glassfish.jersey.grizzly2.httpserver.GrizzlyHttpServerFactory.createHttpServer(GrizzlyHttpServerFactory.java:119)
	at com.example.Main.startServer(Main.java:30)
	at com.example.MyResourceTest.setUp(MyResourceTest.java:22)
	at java.base/jdk.internal.reflect.NativeMethodAccessorImpl.invoke0(Native Method)
	at java.base/jdk.internal.reflect.NativeMethodAccessorImpl.invoke(NativeMethodAccessorImpl.java:62)
	at java.base/jdk.internal.reflect.DelegatingMethodAccessorImpl.invoke(DelegatingMethodAccessorImpl.java:43)
	at java.base/java.lang.reflect.Method.invoke(Method.java:564)
	at org.junit.runners.model.FrameworkMethod$1.runReflectiveCall(FrameworkMethod.java:44)
	at org.junit.internal.runners.model.ReflectiveCallable.run(ReflectiveCallable.java:15)
	at org.junit.runners.model.FrameworkMethod.invokeExplosively(FrameworkMethod.java:41)
	at org.junit.internal.runners.statements.RunBefores.evaluate(RunBefores.java:27)
	at org.junit.internal.runners.statements.RunAfters.evaluate(RunAfters.java:31)
	at org.junit.runners.ParentRunner.runLeaf(ParentRunner.java:263)
	at org.junit.runners.BlockJUnit4ClassRunner.runChild(BlockJUnit4ClassRunner.java:69)
	at org.junit.runners.BlockJUnit4ClassRunner.runChild(BlockJUnit4ClassRunner.java:48)
	at org.junit.runners.ParentRunner$3.run(ParentRunner.java:231)
	at org.junit.runners.ParentRunner$1.schedule(ParentRunner.java:60)
	at org.junit.runners.ParentRunner.runChildren(ParentRunner.java:229)
	at org.junit.runners.ParentRunner.access$000(ParentRunner.java:50)
	at org.junit.runners.ParentRunner$2.evaluate(ParentRunner.java:222)
	at org.junit.runners.ParentRunner.run(ParentRunner.java:292)
	at org.apache.maven.surefire.junit4.JUnit4Provider.execute(JUnit4Provider.java:252)
	at org.apache.maven.surefire.junit4.JUnit4Provider.executeTestSet(JUnit4Provider.java:141)
	at org.apache.maven.surefire.junit4.JUnit4Provider.invoke(JUnit4Provider.java:112)
	at java.base/jdk.internal.reflect.NativeMethodAccessorImpl.invoke0(Native Method)
	at java.base/jdk.internal.reflect.NativeMethodAccessorImpl.invoke(NativeMethodAccessorImpl.java:62)
	at java.base/jdk.internal.reflect.DelegatingMethodAccessorImpl.invoke(DelegatingMethodAccessorImpl.java:43)
	at java.base/java.lang.reflect.Method.invoke(Method.java:564)
	at org.apache.maven.surefire.util.ReflectionUtils.invokeMethodWithArray(ReflectionUtils.java:189)
	at org.apache.maven.surefire.booter.ProviderFactory$ProviderProxy.invoke(ProviderFactory.java:165)
	at org.apache.maven.surefire.booter.ProviderFactory.invokeProvider(ProviderFactory.java:85)
	at org.apache.maven.surefire.booter.ForkedBooter.runSuitesInProcess(ForkedBooter.java:115)
	at org.apache.maven.surefire.booter.ForkedBooter.main(ForkedBooter.java:75)

WARNING: HK2 service reification failed for [org.glassfish.jersey.jaxb.internal.XmlJaxbElementProvider$App] with an exception:
MultiException stack 1 of 2
java.lang.NoClassDefFoundError: javax/xml/bind/PropertyException
	at java.base/java.lang.Class.getDeclaredConstructors0(Native Method)
	at java.base/java.lang.Class.privateGetDeclaredConstructors(Class.java:3090)
	at java.base/java.lang.Class.getDeclaredConstructors(Class.java:2316)
	at org.jvnet.hk2.internal.Utilities$3.run(Utilities.java:1308)
	at org.jvnet.hk2.internal.Utilities$3.run(Utilities.java:1304)
	at java.base/java.security.AccessController.doPrivileged(Native Method)
	at org.jvnet.hk2.internal.Utilities.getAllConstructors(Utilities.java:1304)
	at org.jvnet.hk2.internal.Utilities.findProducerConstructor(Utilities.java:1247)
	at org.jvnet.hk2.internal.DefaultClassAnalyzer.getConstructor(DefaultClassAnalyzer.java:83)
	at org.glassfish.jersey.internal.inject.JerseyClassAnalyzer.getConstructor(JerseyClassAnalyzer.java:144)
	at org.jvnet.hk2.internal.Utilities.getConstructor(Utilities.java:178)
	at org.jvnet.hk2.internal.ClazzCreator.initialize(ClazzCreator.java:129)
	at org.jvnet.hk2.internal.ClazzCreator.initialize(ClazzCreator.java:180)
	at org.jvnet.hk2.internal.SystemDescriptor.internalReify(SystemDescriptor.java:740)
	at org.jvnet.hk2.internal.SystemDescriptor.reify(SystemDescriptor.java:694)
	at org.jvnet.hk2.internal.ServiceLocatorImpl.reifyDescriptor(ServiceLocatorImpl.java:461)
	at org.jvnet.hk2.internal.ServiceLocatorImpl.narrow(ServiceLocatorImpl.java:2288)
	at org.jvnet.hk2.internal.ServiceLocatorImpl.access$1200(ServiceLocatorImpl.java:125)
	at org.jvnet.hk2.internal.ServiceLocatorImpl$9.compute(ServiceLocatorImpl.java:1373)
	at org.jvnet.hk2.internal.ServiceLocatorImpl$9.compute(ServiceLocatorImpl.java:1368)
	at org.glassfish.hk2.utilities.cache.internal.WeakCARCacheImpl.compute(WeakCARCacheImpl.java:116)
	at org.jvnet.hk2.internal.ServiceLocatorImpl.internalGetAllServiceHandles(ServiceLocatorImpl.java:1430)
	at org.jvnet.hk2.internal.ServiceLocatorImpl.getAllServiceHandles(ServiceLocatorImpl.java:1355)
	at org.jvnet.hk2.internal.ServiceLocatorImpl.getAllServiceHandles(ServiceLocatorImpl.java:1344)
	at org.glassfish.jersey.internal.inject.Providers.getServiceHandles(Providers.java:354)
	at org.glassfish.jersey.internal.inject.Providers.getCustomProviders(Providers.java:201)
	at org.glassfish.jersey.message.internal.MessageBodyFactory.&lt;init&gt;(MessageBodyFactory.java:221)
	at java.base/jdk.internal.reflect.NativeConstructorAccessorImpl.newInstance0(Native Method)
	at java.base/jdk.internal.reflect.NativeConstructorAccessorImpl.newInstance(NativeConstructorAccessorImpl.java:62)
	at java.base/jdk.internal.reflect.DelegatingConstructorAccessorImpl.newInstance(DelegatingConstructorAccessorImpl.java:45)
	at java.base/java.lang.reflect.Constructor.newInstance(Constructor.java:488)
	at org.glassfish.hk2.utilities.reflection.ReflectionHelper.makeMe(ReflectionHelper.java:1375)
	at org.jvnet.hk2.internal.ClazzCreator.createMe(ClazzCreator.java:272)
	at org.jvnet.hk2.internal.ClazzCreator.create(ClazzCreator.java:366)
	at org.jvnet.hk2.internal.SystemDescriptor.create(SystemDescriptor.java:487)
	at org.jvnet.hk2.internal.SingletonContext$1.compute(SingletonContext.java:83)
	at org.jvnet.hk2.internal.SingletonContext$1.compute(SingletonContext.java:71)
	at org.glassfish.hk2.utilities.cache.Cache$OriginThreadAwareFuture$1.call(Cache.java:97)
	at java.base/java.util.concurrent.FutureTask.run(FutureTask.java:264)
	at org.glassfish.hk2.utilities.cache.Cache$OriginThreadAwareFuture.run(Cache.java:154)
	at org.glassfish.hk2.utilities.cache.Cache.compute(Cache.java:199)
	at org.jvnet.hk2.internal.SingletonContext.findOrCreate(SingletonContext.java:122)
	at org.jvnet.hk2.internal.Utilities.createService(Utilities.java:2022)
	at org.jvnet.hk2.internal.ServiceLocatorImpl.internalGetService(ServiceLocatorImpl.java:774)
	at org.jvnet.hk2.internal.ServiceLocatorImpl.internalGetService(ServiceLocatorImpl.java:737)
	at org.jvnet.hk2.internal.ServiceLocatorImpl.getService(ServiceLocatorImpl.java:707)
	at org.glassfish.jersey.server.model.ComponentModelValidator.&lt;init&gt;(ComponentModelValidator.java:97)
	at org.glassfish.jersey.server.ApplicationHandler.initialize(ApplicationHandler.java:549)
	at org.glassfish.jersey.server.ApplicationHandler.access$500(ApplicationHandler.java:184)
	at org.glassfish.jersey.server.ApplicationHandler$3.call(ApplicationHandler.java:350)
	at org.glassfish.jersey.server.ApplicationHandler$3.call(ApplicationHandler.java:347)
	at org.glassfish.jersey.internal.Errors.process(Errors.java:315)
	at org.glassfish.jersey.internal.Errors.process(Errors.java:297)
	at org.glassfish.jersey.internal.Errors.processWithException(Errors.java:255)
	at org.glassfish.jersey.server.ApplicationHandler.&lt;init&gt;(ApplicationHandler.java:347)
	at org.glassfish.jersey.server.ApplicationHandler.&lt;init&gt;(ApplicationHandler.java:311)
	at org.glassfish.jersey.grizzly2.httpserver.GrizzlyHttpContainer.&lt;init&gt;(GrizzlyHttpContainer.java:337)
	at org.glassfish.jersey.grizzly2.httpserver.GrizzlyHttpServerFactory.createHttpServer(GrizzlyHttpServerFactory.java:119)
	at com.example.Main.startServer(Main.java:30)
	at com.example.MyResourceTest.setUp(MyResourceTest.java:22)
	at java.base/jdk.internal.reflect.NativeMethodAccessorImpl.invoke0(Native Method)
	at java.base/jdk.internal.reflect.NativeMethodAccessorImpl.invoke(NativeMethodAccessorImpl.java:62)
	at java.base/jdk.internal.reflect.DelegatingMethodAccessorImpl.invoke(DelegatingMethodAccessorImpl.java:43)
	at java.base/java.lang.reflect.Method.invoke(Method.java:564)
	at org.junit.runners.model.FrameworkMethod$1.runReflectiveCall(FrameworkMethod.java:44)
	at org.junit.internal.runners.model.ReflectiveCallable.run(ReflectiveCallable.java:15)
	at org.junit.runners.model.FrameworkMethod.invokeExplosively(FrameworkMethod.java:41)
	at org.junit.internal.runners.statements.RunBefores.evaluate(RunBefores.java:27)
	at org.junit.internal.runners.statements.RunAfters.evaluate(RunAfters.java:31)
	at org.junit.runners.ParentRunner.runLeaf(ParentRunner.java:263)
	at org.junit.runners.BlockJUnit4ClassRunner.runChild(BlockJUnit4ClassRunner.java:69)
	at org.junit.runners.BlockJUnit4ClassRunner.runChild(BlockJUnit4ClassRunner.java:48)
	at org.junit.runners.ParentRunner$3.run(ParentRunner.java:231)
	at org.junit.runners.ParentRunner$1.schedule(ParentRunner.java:60)
	at org.junit.runners.ParentRunner.runChildren(ParentRunner.java:229)
	at org.junit.runners.ParentRunner.access$000(ParentRunner.java:50)
	at org.junit.runners.ParentRunner$2.evaluate(ParentRunner.java:222)
	at org.junit.runners.ParentRunner.run(ParentRunner.java:292)
	at org.apache.maven.surefire.junit4.JUnit4Provider.execute(JUnit4Provider.java:252)
	at org.apache.maven.surefire.junit4.JUnit4Provider.executeTestSet(JUnit4Provider.java:141)
	at org.apache.maven.surefire.junit4.JUnit4Provider.invoke(JUnit4Provider.java:112)
	at java.base/jdk.internal.reflect.NativeMethodAccessorImpl.invoke0(Native Method)
	at java.base/jdk.internal.reflect.NativeMethodAccessorImpl.invoke(NativeMethodAccessorImpl.java:62)
	at java.base/jdk.internal.reflect.DelegatingMethodAccessorImpl.invoke(DelegatingMethodAccessorImpl.java:43)
	at java.base/java.lang.reflect.Method.invoke(Method.java:564)
	at org.apache.maven.surefire.util.ReflectionUtils.invokeMethodWithArray(ReflectionUtils.java:189)
	at org.apache.maven.surefire.booter.ProviderFactory$ProviderProxy.invoke(ProviderFactory.java:165)
	at org.apache.maven.surefire.booter.ProviderFactory.invokeProvider(ProviderFactory.java:85)
	at org.apache.maven.surefire.booter.ForkedBooter.runSuitesInProcess(ForkedBooter.java:115)
	at org.apache.maven.surefire.booter.ForkedBooter.main(ForkedBooter.java:75)
Caused by: java.lang.ClassNotFoundException: javax.xml.bind.PropertyException
	at java.base/jdk.internal.loader.BuiltinClassLoader.loadClass(BuiltinClassLoader.java:582)
	at java.base/jdk.internal.loader.ClassLoaders$AppClassLoader.loadClass(ClassLoaders.java:190)
	at java.base/java.lang.ClassLoader.loadClass(ClassLoader.java:499)
	... 90 more
MultiException stack 2 of 2
java.lang.IllegalArgumentException: Errors were discovered while reifying SystemDescriptor(
	implementation=org.glassfish.jersey.jaxb.internal.XmlJaxbElementProvider$App
	contracts={javax.ws.rs.ext.MessageBodyWriter,javax.ws.rs.ext.MessageBodyReader}
	scope=javax.inject.Singleton
	qualifiers={}
	descriptorType=CLASS
	descriptorVisibility=NORMAL
	metadata=
	rank=0
	loader=org.glassfish.hk2.utilities.binding.AbstractBinder$2@16fdec90
	proxiable=null
	proxyForSameScope=null
	analysisName=null
	id=101
	locatorId=0
	identityHashCode=452842611
	reified=false)
	at org.jvnet.hk2.internal.SystemDescriptor.reify(SystemDescriptor.java:705)
	at org.jvnet.hk2.internal.ServiceLocatorImpl.reifyDescriptor(ServiceLocatorImpl.java:461)
	at org.jvnet.hk2.internal.ServiceLocatorImpl.narrow(ServiceLocatorImpl.java:2288)
	at org.jvnet.hk2.internal.ServiceLocatorImpl.access$1200(ServiceLocatorImpl.java:125)
	at org.jvnet.hk2.internal.ServiceLocatorImpl$9.compute(ServiceLocatorImpl.java:1373)
	at org.jvnet.hk2.internal.ServiceLocatorImpl$9.compute(ServiceLocatorImpl.java:1368)
	at org.glassfish.hk2.utilities.cache.internal.WeakCARCacheImpl.compute(WeakCARCacheImpl.java:116)
	at org.jvnet.hk2.internal.ServiceLocatorImpl.internalGetAllServiceHandles(ServiceLocatorImpl.java:1430)
	at org.jvnet.hk2.internal.ServiceLocatorImpl.getAllServiceHandles(ServiceLocatorImpl.java:1355)
	at org.jvnet.hk2.internal.ServiceLocatorImpl.getAllServiceHandles(ServiceLocatorImpl.java:1344)
	at org.glassfish.jersey.internal.inject.Providers.getServiceHandles(Providers.java:354)
	at org.glassfish.jersey.internal.inject.Providers.getCustomProviders(Providers.java:201)
	at org.glassfish.jersey.message.internal.MessageBodyFactory.&lt;init&gt;(MessageBodyFactory.java:221)
	at java.base/jdk.internal.reflect.NativeConstructorAccessorImpl.newInstance0(Native Method)
	at java.base/jdk.internal.reflect.NativeConstructorAccessorImpl.newInstance(NativeConstructorAccessorImpl.java:62)
	at java.base/jdk.internal.reflect.DelegatingConstructorAccessorImpl.newInstance(DelegatingConstructorAccessorImpl.java:45)
	at java.base/java.lang.reflect.Constructor.newInstance(Constructor.java:488)
	at org.glassfish.hk2.utilities.reflection.ReflectionHelper.makeMe(ReflectionHelper.java:1375)
	at org.jvnet.hk2.internal.ClazzCreator.createMe(ClazzCreator.java:272)
	at org.jvnet.hk2.internal.ClazzCreator.create(ClazzCreator.java:366)
	at org.jvnet.hk2.internal.SystemDescriptor.create(SystemDescriptor.java:487)
	at org.jvnet.hk2.internal.SingletonContext$1.compute(SingletonContext.java:83)
	at org.jvnet.hk2.internal.SingletonContext$1.compute(SingletonContext.java:71)
	at org.glassfish.hk2.utilities.cache.Cache$OriginThreadAwareFuture$1.call(Cache.java:97)
	at java.base/java.util.concurrent.FutureTask.run(FutureTask.java:264)
	at org.glassfish.hk2.utilities.cache.Cache$OriginThreadAwareFuture.run(Cache.java:154)
	at org.glassfish.hk2.utilities.cache.Cache.compute(Cache.java:199)
	at org.jvnet.hk2.internal.SingletonContext.findOrCreate(SingletonContext.java:122)
	at org.jvnet.hk2.internal.Utilities.createService(Utilities.java:2022)
	at org.jvnet.hk2.internal.ServiceLocatorImpl.internalGetService(ServiceLocatorImpl.java:774)
	at org.jvnet.hk2.internal.ServiceLocatorImpl.internalGetService(ServiceLocatorImpl.java:737)
	at org.jvnet.hk2.internal.ServiceLocatorImpl.getService(ServiceLocatorImpl.java:707)
	at org.glassfish.jersey.server.model.ComponentModelValidator.&lt;init&gt;(ComponentModelValidator.java:97)
	at org.glassfish.jersey.server.ApplicationHandler.initialize(ApplicationHandler.java:549)
	at org.glassfish.jersey.server.ApplicationHandler.access$500(ApplicationHandler.java:184)
	at org.glassfish.jersey.server.ApplicationHandler$3.call(ApplicationHandler.java:350)
	at org.glassfish.jersey.server.ApplicationHandler$3.call(ApplicationHandler.java:347)
	at org.glassfish.jersey.internal.Errors.process(Errors.java:315)
	at org.glassfish.jersey.internal.Errors.process(Errors.java:297)
	at org.glassfish.jersey.internal.Errors.processWithException(Errors.java:255)
	at org.glassfish.jersey.server.ApplicationHandler.&lt;init&gt;(ApplicationHandler.java:347)
	at org.glassfish.jersey.server.ApplicationHandler.&lt;init&gt;(ApplicationHandler.java:311)
	at org.glassfish.jersey.grizzly2.httpserver.GrizzlyHttpContainer.&lt;init&gt;(GrizzlyHttpContainer.java:337)
	at org.glassfish.jersey.grizzly2.httpserver.GrizzlyHttpServerFactory.createHttpServer(GrizzlyHttpServerFactory.java:119)
	at com.example.Main.startServer(Main.java:30)
	at com.example.MyResourceTest.setUp(MyResourceTest.java:22)
	at java.base/jdk.internal.reflect.NativeMethodAccessorImpl.invoke0(Native Method)
	at java.base/jdk.internal.reflect.NativeMethodAccessorImpl.invoke(NativeMethodAccessorImpl.java:62)
	at java.base/jdk.internal.reflect.DelegatingMethodAccessorImpl.invoke(DelegatingMethodAccessorImpl.java:43)
	at java.base/java.lang.reflect.Method.invoke(Method.java:564)
	at org.junit.runners.model.FrameworkMethod$1.runReflectiveCall(FrameworkMethod.java:44)
	at org.junit.internal.runners.model.ReflectiveCallable.run(ReflectiveCallable.java:15)
	at org.junit.runners.model.FrameworkMethod.invokeExplosively(FrameworkMethod.java:41)
	at org.junit.internal.runners.statements.RunBefores.evaluate(RunBefores.java:27)
	at org.junit.internal.runners.statements.RunAfters.evaluate(RunAfters.java:31)
	at org.junit.runners.ParentRunner.runLeaf(ParentRunner.java:263)
	at org.junit.runners.BlockJUnit4ClassRunner.runChild(BlockJUnit4ClassRunner.java:69)
	at org.junit.runners.BlockJUnit4ClassRunner.runChild(BlockJUnit4ClassRunner.java:48)
	at org.junit.runners.ParentRunner$3.run(ParentRunner.java:231)
	at org.junit.runners.ParentRunner$1.schedule(ParentRunner.java:60)
	at org.junit.runners.ParentRunner.runChildren(ParentRunner.java:229)
	at org.junit.runners.ParentRunner.access$000(ParentRunner.java:50)
	at org.junit.runners.ParentRunner$2.evaluate(ParentRunner.java:222)
	at org.junit.runners.ParentRunner.run(ParentRunner.java:292)
	at org.apache.maven.surefire.junit4.JUnit4Provider.execute(JUnit4Provider.java:252)
	at org.apache.maven.surefire.junit4.JUnit4Provider.executeTestSet(JUnit4Provider.java:141)
	at org.apache.maven.surefire.junit4.JUnit4Provider.invoke(JUnit4Provider.java:112)
	at java.base/jdk.internal.reflect.NativeMethodAccessorImpl.invoke0(Native Method)
	at java.base/jdk.internal.reflect.NativeMethodAccessorImpl.invoke(NativeMethodAccessorImpl.java:62)
	at java.base/jdk.internal.reflect.DelegatingMethodAccessorImpl.invoke(DelegatingMethodAccessorImpl.java:43)
	at java.base/java.lang.reflect.Method.invoke(Method.java:564)
	at org.apache.maven.surefire.util.ReflectionUtils.invokeMethodWithArray(ReflectionUtils.java:189)
	at org.apache.maven.surefire.booter.ProviderFactory$ProviderProxy.invoke(ProviderFactory.java:165)
	at org.apache.maven.surefire.booter.ProviderFactory.invokeProvider(ProviderFactory.java:85)
	at org.apache.maven.surefire.booter.ForkedBooter.runSuitesInProcess(ForkedBooter.java:115)
	at org.apache.maven.surefire.booter.ForkedBooter.main(ForkedBooter.java:75)

WARNING: HK2 service reification failed for [org.glassfish.jersey.jaxb.internal.XmlJaxbElementProvider$Text] with an exception:
MultiException stack 1 of 2
java.lang.NoClassDefFoundError: javax/xml/bind/PropertyException
	at java.base/java.lang.Class.getDeclaredConstructors0(Native Method)
	at java.base/java.lang.Class.privateGetDeclaredConstructors(Class.java:3090)
	at java.base/java.lang.Class.getDeclaredConstructors(Class.java:2316)
	at org.jvnet.hk2.internal.Utilities$3.run(Utilities.java:1308)
	at org.jvnet.hk2.internal.Utilities$3.run(Utilities.java:1304)
	at java.base/java.security.AccessController.doPrivileged(Native Method)
	at org.jvnet.hk2.internal.Utilities.getAllConstructors(Utilities.java:1304)
	at org.jvnet.hk2.internal.Utilities.findProducerConstructor(Utilities.java:1247)
	at org.jvnet.hk2.internal.DefaultClassAnalyzer.getConstructor(DefaultClassAnalyzer.java:83)
	at org.glassfish.jersey.internal.inject.JerseyClassAnalyzer.getConstructor(JerseyClassAnalyzer.java:144)
	at org.jvnet.hk2.internal.Utilities.getConstructor(Utilities.java:178)
	at org.jvnet.hk2.internal.ClazzCreator.initialize(ClazzCreator.java:129)
	at org.jvnet.hk2.internal.ClazzCreator.initialize(ClazzCreator.java:180)
	at org.jvnet.hk2.internal.SystemDescriptor.internalReify(SystemDescriptor.java:740)
	at org.jvnet.hk2.internal.SystemDescriptor.reify(SystemDescriptor.java:694)
	at org.jvnet.hk2.internal.ServiceLocatorImpl.reifyDescriptor(ServiceLocatorImpl.java:461)
	at org.jvnet.hk2.internal.ServiceLocatorImpl.narrow(ServiceLocatorImpl.java:2288)
	at org.jvnet.hk2.internal.ServiceLocatorImpl.access$1200(ServiceLocatorImpl.java:125)
	at org.jvnet.hk2.internal.ServiceLocatorImpl$9.compute(ServiceLocatorImpl.java:1373)
	at org.jvnet.hk2.internal.ServiceLocatorImpl$9.compute(ServiceLocatorImpl.java:1368)
	at org.glassfish.hk2.utilities.cache.internal.WeakCARCacheImpl.compute(WeakCARCacheImpl.java:116)
	at org.jvnet.hk2.internal.ServiceLocatorImpl.internalGetAllServiceHandles(ServiceLocatorImpl.java:1430)
	at org.jvnet.hk2.internal.ServiceLocatorImpl.getAllServiceHandles(ServiceLocatorImpl.java:1355)
	at org.jvnet.hk2.internal.ServiceLocatorImpl.getAllServiceHandles(ServiceLocatorImpl.java:1344)
	at org.glassfish.jersey.internal.inject.Providers.getServiceHandles(Providers.java:354)
	at org.glassfish.jersey.internal.inject.Providers.getCustomProviders(Providers.java:201)
	at org.glassfish.jersey.message.internal.MessageBodyFactory.&lt;init&gt;(MessageBodyFactory.java:221)
	at java.base/jdk.internal.reflect.NativeConstructorAccessorImpl.newInstance0(Native Method)
	at java.base/jdk.internal.reflect.NativeConstructorAccessorImpl.newInstance(NativeConstructorAccessorImpl.java:62)
	at java.base/jdk.internal.reflect.DelegatingConstructorAccessorImpl.newInstance(DelegatingConstructorAccessorImpl.java:45)
	at java.base/java.lang.reflect.Constructor.newInstance(Constructor.java:488)
	at org.glassfish.hk2.utilities.reflection.ReflectionHelper.makeMe(ReflectionHelper.java:1375)
	at org.jvnet.hk2.internal.ClazzCreator.createMe(ClazzCreator.java:272)
	at org.jvnet.hk2.internal.ClazzCreator.create(ClazzCreator.java:366)
	at org.jvnet.hk2.internal.SystemDescriptor.create(SystemDescriptor.java:487)
	at org.jvnet.hk2.internal.SingletonContext$1.compute(SingletonContext.java:83)
	at org.jvnet.hk2.internal.SingletonContext$1.compute(SingletonContext.java:71)
	at org.glassfish.hk2.utilities.cache.Cache$OriginThreadAwareFuture$1.call(Cache.java:97)
	at java.base/java.util.concurrent.FutureTask.run(FutureTask.java:264)
	at org.glassfish.hk2.utilities.cache.Cache$OriginThreadAwareFuture.run(Cache.java:154)
	at org.glassfish.hk2.utilities.cache.Cache.compute(Cache.java:199)
	at org.jvnet.hk2.internal.SingletonContext.findOrCreate(SingletonContext.java:122)
	at org.jvnet.hk2.internal.Utilities.createService(Utilities.java:2022)
	at org.jvnet.hk2.internal.ServiceLocatorImpl.internalGetService(ServiceLocatorImpl.java:774)
	at org.jvnet.hk2.internal.ServiceLocatorImpl.internalGetService(ServiceLocatorImpl.java:737)
	at org.jvnet.hk2.internal.ServiceLocatorImpl.getService(ServiceLocatorImpl.java:707)
	at org.glassfish.jersey.server.model.ComponentModelValidator.&lt;init&gt;(ComponentModelValidator.java:97)
	at org.glassfish.jersey.server.ApplicationHandler.initialize(ApplicationHandler.java:549)
	at org.glassfish.jersey.server.ApplicationHandler.access$500(ApplicationHandler.java:184)
	at org.glassfish.jersey.server.ApplicationHandler$3.call(ApplicationHandler.java:350)
	at org.glassfish.jersey.server.ApplicationHandler$3.call(ApplicationHandler.java:347)
	at org.glassfish.jersey.internal.Errors.process(Errors.java:315)
	at org.glassfish.jersey.internal.Errors.process(Errors.java:297)
	at org.glassfish.jersey.internal.Errors.processWithException(Errors.java:255)
	at org.glassfish.jersey.server.ApplicationHandler.&lt;init&gt;(ApplicationHandler.java:347)
	at org.glassfish.jersey.server.ApplicationHandler.&lt;init&gt;(ApplicationHandler.java:311)
	at org.glassfish.jersey.grizzly2.httpserver.GrizzlyHttpContainer.&lt;init&gt;(GrizzlyHttpContainer.java:337)
	at org.glassfish.jersey.grizzly2.httpserver.GrizzlyHttpServerFactory.createHttpServer(GrizzlyHttpServerFactory.java:119)
	at com.example.Main.startServer(Main.java:30)
	at com.example.MyResourceTest.setUp(MyResourceTest.java:22)
	at java.base/jdk.internal.reflect.NativeMethodAccessorImpl.invoke0(Native Method)
	at java.base/jdk.internal.reflect.NativeMethodAccessorImpl.invoke(NativeMethodAccessorImpl.java:62)
	at java.base/jdk.internal.reflect.DelegatingMethodAccessorImpl.invoke(DelegatingMethodAccessorImpl.java:43)
	at java.base/java.lang.reflect.Method.invoke(Method.java:564)
	at org.junit.runners.model.FrameworkMethod$1.runReflectiveCall(FrameworkMethod.java:44)
	at org.junit.internal.runners.model.ReflectiveCallable.run(ReflectiveCallable.java:15)
	at org.junit.runners.model.FrameworkMethod.invokeExplosively(FrameworkMethod.java:41)
	at org.junit.internal.runners.statements.RunBefores.evaluate(RunBefores.java:27)
	at org.junit.internal.runners.statements.RunAfters.evaluate(RunAfters.java:31)
	at org.junit.runners.ParentRunner.runLeaf(ParentRunner.java:263)
	at org.junit.runners.BlockJUnit4ClassRunner.runChild(BlockJUnit4ClassRunner.java:69)
	at org.junit.runners.BlockJUnit4ClassRunner.runChild(BlockJUnit4ClassRunner.java:48)
	at org.junit.runners.ParentRunner$3.run(ParentRunner.java:231)
	at org.junit.runners.ParentRunner$1.schedule(ParentRunner.java:60)
	at org.junit.runners.ParentRunner.runChildren(ParentRunner.java:229)
	at org.junit.runners.ParentRunner.access$000(ParentRunner.java:50)
	at org.junit.runners.ParentRunner$2.evaluate(ParentRunner.java:222)
	at org.junit.runners.ParentRunner.run(ParentRunner.java:292)
	at org.apache.maven.surefire.junit4.JUnit4Provider.execute(JUnit4Provider.java:252)
	at org.apache.maven.surefire.junit4.JUnit4Provider.executeTestSet(JUnit4Provider.java:141)
	at org.apache.maven.surefire.junit4.JUnit4Provider.invoke(JUnit4Provider.java:112)
	at java.base/jdk.internal.reflect.NativeMethodAccessorImpl.invoke0(Native Method)
	at java.base/jdk.internal.reflect.NativeMethodAccessorImpl.invoke(NativeMethodAccessorImpl.java:62)
	at java.base/jdk.internal.reflect.DelegatingMethodAccessorImpl.invoke(DelegatingMethodAccessorImpl.java:43)
	at java.base/java.lang.reflect.Method.invoke(Method.java:564)
	at org.apache.maven.surefire.util.ReflectionUtils.invokeMethodWithArray(ReflectionUtils.java:189)
	at org.apache.maven.surefire.booter.ProviderFactory$ProviderProxy.invoke(ProviderFactory.java:165)
	at org.apache.maven.surefire.booter.ProviderFactory.invokeProvider(ProviderFactory.java:85)
	at org.apache.maven.surefire.booter.ForkedBooter.runSuitesInProcess(ForkedBooter.java:115)
	at org.apache.maven.surefire.booter.ForkedBooter.main(ForkedBooter.java:75)
Caused by: java.lang.ClassNotFoundException: javax.xml.bind.PropertyException
	at java.base/jdk.internal.loader.BuiltinClassLoader.loadClass(BuiltinClassLoader.java:582)
	at java.base/jdk.internal.loader.ClassLoaders$AppClassLoader.loadClass(ClassLoaders.java:190)
	at java.base/java.lang.ClassLoader.loadClass(ClassLoader.java:499)
	... 90 more
MultiException stack 2 of 2
java.lang.IllegalArgumentException: Errors were discovered while reifying SystemDescriptor(
	implementation=org.glassfish.jersey.jaxb.internal.XmlJaxbElementProvider$Text
	contracts={javax.ws.rs.ext.MessageBodyWriter,javax.ws.rs.ext.MessageBodyReader}
	scope=javax.inject.Singleton
	qualifiers={}
	descriptorType=CLASS
	descriptorVisibility=NORMAL
	metadata=
	rank=0
	loader=org.glassfish.hk2.utilities.binding.AbstractBinder$2@16fdec90
	proxiable=null
	proxyForSameScope=null
	analysisName=null
	id=102
	locatorId=0
	identityHashCode=2031588185
	reified=false)
	at org.jvnet.hk2.internal.SystemDescriptor.reify(SystemDescriptor.java:705)
	at org.jvnet.hk2.internal.ServiceLocatorImpl.reifyDescriptor(ServiceLocatorImpl.java:461)
	at org.jvnet.hk2.internal.ServiceLocatorImpl.narrow(ServiceLocatorImpl.java:2288)
	at org.jvnet.hk2.internal.ServiceLocatorImpl.access$1200(ServiceLocatorImpl.java:125)
	at org.jvnet.hk2.internal.ServiceLocatorImpl$9.compute(ServiceLocatorImpl.java:1373)
	at org.jvnet.hk2.internal.ServiceLocatorImpl$9.compute(ServiceLocatorImpl.java:1368)
	at org.glassfish.hk2.utilities.cache.internal.WeakCARCacheImpl.compute(WeakCARCacheImpl.java:116)
	at org.jvnet.hk2.internal.ServiceLocatorImpl.internalGetAllServiceHandles(ServiceLocatorImpl.java:1430)
	at org.jvnet.hk2.internal.ServiceLocatorImpl.getAllServiceHandles(ServiceLocatorImpl.java:1355)
	at org.jvnet.hk2.internal.ServiceLocatorImpl.getAllServiceHandles(ServiceLocatorImpl.java:1344)
	at org.glassfish.jersey.internal.inject.Providers.getServiceHandles(Providers.java:354)
	at org.glassfish.jersey.internal.inject.Providers.getCustomProviders(Providers.java:201)
	at org.glassfish.jersey.message.internal.MessageBodyFactory.&lt;init&gt;(MessageBodyFactory.java:221)
	at java.base/jdk.internal.reflect.NativeConstructorAccessorImpl.newInstance0(Native Method)
	at java.base/jdk.internal.reflect.NativeConstructorAccessorImpl.newInstance(NativeConstructorAccessorImpl.java:62)
	at java.base/jdk.internal.reflect.DelegatingConstructorAccessorImpl.newInstance(DelegatingConstructorAccessorImpl.java:45)
	at java.base/java.lang.reflect.Constructor.newInstance(Constructor.java:488)
	at org.glassfish.hk2.utilities.reflection.ReflectionHelper.makeMe(ReflectionHelper.java:1375)
	at org.jvnet.hk2.internal.ClazzCreator.createMe(ClazzCreator.java:272)
	at org.jvnet.hk2.internal.ClazzCreator.create(ClazzCreator.java:366)
	at org.jvnet.hk2.internal.SystemDescriptor.create(SystemDescriptor.java:487)
	at org.jvnet.hk2.internal.SingletonContext$1.compute(SingletonContext.java:83)
	at org.jvnet.hk2.internal.SingletonContext$1.compute(SingletonContext.java:71)
	at org.glassfish.hk2.utilities.cache.Cache$OriginThreadAwareFuture$1.call(Cache.java:97)
	at java.base/java.util.concurrent.FutureTask.run(FutureTask.java:264)
	at org.glassfish.hk2.utilities.cache.Cache$OriginThreadAwareFuture.run(Cache.java:154)
	at org.glassfish.hk2.utilities.cache.Cache.compute(Cache.java:199)
	at org.jvnet.hk2.internal.SingletonContext.findOrCreate(SingletonContext.java:122)
	at org.jvnet.hk2.internal.Utilities.createService(Utilities.java:2022)
	at org.jvnet.hk2.internal.ServiceLocatorImpl.internalGetService(ServiceLocatorImpl.java:774)
	at org.jvnet.hk2.internal.ServiceLocatorImpl.internalGetService(ServiceLocatorImpl.java:737)
	at org.jvnet.hk2.internal.ServiceLocatorImpl.getService(ServiceLocatorImpl.java:707)
	at org.glassfish.jersey.server.model.ComponentModelValidator.&lt;init&gt;(ComponentModelValidator.java:97)
	at org.glassfish.jersey.server.ApplicationHandler.initialize(ApplicationHandler.java:549)
	at org.glassfish.jersey.server.ApplicationHandler.access$500(ApplicationHandler.java:184)
	at org.glassfish.jersey.server.ApplicationHandler$3.call(ApplicationHandler.java:350)
	at org.glassfish.jersey.server.ApplicationHandler$3.call(ApplicationHandler.java:347)
	at org.glassfish.jersey.internal.Errors.process(Errors.java:315)
	at org.glassfish.jersey.internal.Errors.process(Errors.java:297)
	at org.glassfish.jersey.internal.Errors.processWithException(Errors.java:255)
	at org.glassfish.jersey.server.ApplicationHandler.&lt;init&gt;(ApplicationHandler.java:347)
	at org.glassfish.jersey.server.ApplicationHandler.&lt;init&gt;(ApplicationHandler.java:311)
	at org.glassfish.jersey.grizzly2.httpserver.GrizzlyHttpContainer.&lt;init&gt;(GrizzlyHttpContainer.java:337)
	at org.glassfish.jersey.grizzly2.httpserver.GrizzlyHttpServerFactory.createHttpServer(GrizzlyHttpServerFactory.java:119)
	at com.example.Main.startServer(Main.java:30)
	at com.example.MyResourceTest.setUp(MyResourceTest.java:22)
	at java.base/jdk.internal.reflect.NativeMethodAccessorImpl.invoke0(Native Method)
	at java.base/jdk.internal.reflect.NativeMethodAccessorImpl.invoke(NativeMethodAccessorImpl.java:62)
	at java.base/jdk.internal.reflect.DelegatingMethodAccessorImpl.invoke(DelegatingMethodAccessorImpl.java:43)
	at java.base/java.lang.reflect.Method.invoke(Method.java:564)
	at org.junit.runners.model.FrameworkMethod$1.runReflectiveCall(FrameworkMethod.java:44)
	at org.junit.internal.runners.model.ReflectiveCallable.run(ReflectiveCallable.java:15)
	at org.junit.runners.model.FrameworkMethod.invokeExplosively(FrameworkMethod.java:41)
	at org.junit.internal.runners.statements.RunBefores.evaluate(RunBefores.java:27)
	at org.junit.internal.runners.statements.RunAfters.evaluate(RunAfters.java:31)
	at org.junit.runners.ParentRunner.runLeaf(ParentRunner.java:263)
	at org.junit.runners.BlockJUnit4ClassRunner.runChild(BlockJUnit4ClassRunner.java:69)
	at org.junit.runners.BlockJUnit4ClassRunner.runChild(BlockJUnit4ClassRunner.java:48)
	at org.junit.runners.ParentRunner$3.run(ParentRunner.java:231)
	at org.junit.runners.ParentRunner$1.schedule(ParentRunner.java:60)
	at org.junit.runners.ParentRunner.runChildren(ParentRunner.java:229)
	at org.junit.runners.ParentRunner.access$000(ParentRunner.java:50)
	at org.junit.runners.ParentRunner$2.evaluate(ParentRunner.java:222)
	at org.junit.runners.ParentRunner.run(ParentRunner.java:292)
	at org.apache.maven.surefire.junit4.JUnit4Provider.execute(JUnit4Provider.java:252)
	at org.apache.maven.surefire.junit4.JUnit4Provider.executeTestSet(JUnit4Provider.java:141)
	at org.apache.maven.surefire.junit4.JUnit4Provider.invoke(JUnit4Provider.java:112)
	at java.base/jdk.internal.reflect.NativeMethodAccessorImpl.invoke0(Native Method)
	at java.base/jdk.internal.reflect.NativeMethodAccessorImpl.invoke(NativeMethodAccessorImpl.java:62)
	at java.base/jdk.internal.reflect.DelegatingMethodAccessorImpl.invoke(DelegatingMethodAccessorImpl.java:43)
	at java.base/java.lang.reflect.Method.invoke(Method.java:564)
	at org.apache.maven.surefire.util.ReflectionUtils.invokeMethodWithArray(ReflectionUtils.java:189)
	at org.apache.maven.surefire.booter.ProviderFactory$ProviderProxy.invoke(ProviderFactory.java:165)
	at org.apache.maven.surefire.booter.ProviderFactory.invokeProvider(ProviderFactory.java:85)
	at org.apache.maven.surefire.booter.ForkedBooter.runSuitesInProcess(ForkedBooter.java:115)
	at org.apache.maven.surefire.booter.ForkedBooter.main(ForkedBooter.java:75)

WARNING: HK2 service reification failed for [org.glassfish.jersey.jaxb.internal.XmlJaxbElementProvider$General] with an exception:
MultiException stack 1 of 2
java.lang.NoClassDefFoundError: javax/xml/bind/PropertyException
	at java.base/java.lang.Class.getDeclaredConstructors0(Native Method)
	at java.base/java.lang.Class.privateGetDeclaredConstructors(Class.java:3090)
	at java.base/java.lang.Class.getDeclaredConstructors(Class.java:2316)
	at org.jvnet.hk2.internal.Utilities$3.run(Utilities.java:1308)
	at org.jvnet.hk2.internal.Utilities$3.run(Utilities.java:1304)
	at java.base/java.security.AccessController.doPrivileged(Native Method)
	at org.jvnet.hk2.internal.Utilities.getAllConstructors(Utilities.java:1304)
	at org.jvnet.hk2.internal.Utilities.findProducerConstructor(Utilities.java:1247)
	at org.jvnet.hk2.internal.DefaultClassAnalyzer.getConstructor(DefaultClassAnalyzer.java:83)
	at org.glassfish.jersey.internal.inject.JerseyClassAnalyzer.getConstructor(JerseyClassAnalyzer.java:144)
	at org.jvnet.hk2.internal.Utilities.getConstructor(Utilities.java:178)
	at org.jvnet.hk2.internal.ClazzCreator.initialize(ClazzCreator.java:129)
	at org.jvnet.hk2.internal.ClazzCreator.initialize(ClazzCreator.java:180)
	at org.jvnet.hk2.internal.SystemDescriptor.internalReify(SystemDescriptor.java:740)
	at org.jvnet.hk2.internal.SystemDescriptor.reify(SystemDescriptor.java:694)
	at org.jvnet.hk2.internal.ServiceLocatorImpl.reifyDescriptor(ServiceLocatorImpl.java:461)
	at org.jvnet.hk2.internal.ServiceLocatorImpl.narrow(ServiceLocatorImpl.java:2288)
	at org.jvnet.hk2.internal.ServiceLocatorImpl.access$1200(ServiceLocatorImpl.java:125)
	at org.jvnet.hk2.internal.ServiceLocatorImpl$9.compute(ServiceLocatorImpl.java:1373)
	at org.jvnet.hk2.internal.ServiceLocatorImpl$9.compute(ServiceLocatorImpl.java:1368)
	at org.glassfish.hk2.utilities.cache.internal.WeakCARCacheImpl.compute(WeakCARCacheImpl.java:116)
	at org.jvnet.hk2.internal.ServiceLocatorImpl.internalGetAllServiceHandles(ServiceLocatorImpl.java:1430)
	at org.jvnet.hk2.internal.ServiceLocatorImpl.getAllServiceHandles(ServiceLocatorImpl.java:1355)
	at org.jvnet.hk2.internal.ServiceLocatorImpl.getAllServiceHandles(ServiceLocatorImpl.java:1344)
	at org.glassfish.jersey.internal.inject.Providers.getServiceHandles(Providers.java:354)
	at org.glassfish.jersey.internal.inject.Providers.getCustomProviders(Providers.java:201)
	at org.glassfish.jersey.message.internal.MessageBodyFactory.&lt;init&gt;(MessageBodyFactory.java:221)
	at java.base/jdk.internal.reflect.NativeConstructorAccessorImpl.newInstance0(Native Method)
	at java.base/jdk.internal.reflect.NativeConstructorAccessorImpl.newInstance(NativeConstructorAccessorImpl.java:62)
	at java.base/jdk.internal.reflect.DelegatingConstructorAccessorImpl.newInstance(DelegatingConstructorAccessorImpl.java:45)
	at java.base/java.lang.reflect.Constructor.newInstance(Constructor.java:488)
	at org.glassfish.hk2.utilities.reflection.ReflectionHelper.makeMe(ReflectionHelper.java:1375)
	at org.jvnet.hk2.internal.ClazzCreator.createMe(ClazzCreator.java:272)
	at org.jvnet.hk2.internal.ClazzCreator.create(ClazzCreator.java:366)
	at org.jvnet.hk2.internal.SystemDescriptor.create(SystemDescriptor.java:487)
	at org.jvnet.hk2.internal.SingletonContext$1.compute(SingletonContext.java:83)
	at org.jvnet.hk2.internal.SingletonContext$1.compute(SingletonContext.java:71)
	at org.glassfish.hk2.utilities.cache.Cache$OriginThreadAwareFuture$1.call(Cache.java:97)
	at java.base/java.util.concurrent.FutureTask.run(FutureTask.java:264)
	at org.glassfish.hk2.utilities.cache.Cache$OriginThreadAwareFuture.run(Cache.java:154)
	at org.glassfish.hk2.utilities.cache.Cache.compute(Cache.java:199)
	at org.jvnet.hk2.internal.SingletonContext.findOrCreate(SingletonContext.java:122)
	at org.jvnet.hk2.internal.Utilities.createService(Utilities.java:2022)
	at org.jvnet.hk2.internal.ServiceLocatorImpl.internalGetService(ServiceLocatorImpl.java:774)
	at org.jvnet.hk2.internal.ServiceLocatorImpl.internalGetService(ServiceLocatorImpl.java:737)
	at org.jvnet.hk2.internal.ServiceLocatorImpl.getService(ServiceLocatorImpl.java:707)
	at org.glassfish.jersey.server.model.ComponentModelValidator.&lt;init&gt;(ComponentModelValidator.java:97)
	at org.glassfish.jersey.server.ApplicationHandler.initialize(ApplicationHandler.java:549)
	at org.glassfish.jersey.server.ApplicationHandler.access$500(ApplicationHandler.java:184)
	at org.glassfish.jersey.server.ApplicationHandler$3.call(ApplicationHandler.java:350)
	at org.glassfish.jersey.server.ApplicationHandler$3.call(ApplicationHandler.java:347)
	at org.glassfish.jersey.internal.Errors.process(Errors.java:315)
	at org.glassfish.jersey.internal.Errors.process(Errors.java:297)
	at org.glassfish.jersey.internal.Errors.processWithException(Errors.java:255)
	at org.glassfish.jersey.server.ApplicationHandler.&lt;init&gt;(ApplicationHandler.java:347)
	at org.glassfish.jersey.server.ApplicationHandler.&lt;init&gt;(ApplicationHandler.java:311)
	at org.glassfish.jersey.grizzly2.httpserver.GrizzlyHttpContainer.&lt;init&gt;(GrizzlyHttpContainer.java:337)
	at org.glassfish.jersey.grizzly2.httpserver.GrizzlyHttpServerFactory.createHttpServer(GrizzlyHttpServerFactory.java:119)
	at com.example.Main.startServer(Main.java:30)
	at com.example.MyResourceTest.setUp(MyResourceTest.java:22)
	at java.base/jdk.internal.reflect.NativeMethodAccessorImpl.invoke0(Native Method)
	at java.base/jdk.internal.reflect.NativeMethodAccessorImpl.invoke(NativeMethodAccessorImpl.java:62)
	at java.base/jdk.internal.reflect.DelegatingMethodAccessorImpl.invoke(DelegatingMethodAccessorImpl.java:43)
	at java.base/java.lang.reflect.Method.invoke(Method.java:564)
	at org.junit.runners.model.FrameworkMethod$1.runReflectiveCall(FrameworkMethod.java:44)
	at org.junit.internal.runners.model.ReflectiveCallable.run(ReflectiveCallable.java:15)
	at org.junit.runners.model.FrameworkMethod.invokeExplosively(FrameworkMethod.java:41)
	at org.junit.internal.runners.statements.RunBefores.evaluate(RunBefores.java:27)
	at org.junit.internal.runners.statements.RunAfters.evaluate(RunAfters.java:31)
	at org.junit.runners.ParentRunner.runLeaf(ParentRunner.java:263)
	at org.junit.runners.BlockJUnit4ClassRunner.runChild(BlockJUnit4ClassRunner.java:69)
	at org.junit.runners.BlockJUnit4ClassRunner.runChild(BlockJUnit4ClassRunner.java:48)
	at org.junit.runners.ParentRunner$3.run(ParentRunner.java:231)
	at org.junit.runners.ParentRunner$1.schedule(ParentRunner.java:60)
	at org.junit.runners.ParentRunner.runChildren(ParentRunner.java:229)
	at org.junit.runners.ParentRunner.access$000(ParentRunner.java:50)
	at org.junit.runners.ParentRunner$2.evaluate(ParentRunner.java:222)
	at org.junit.runners.ParentRunner.run(ParentRunner.java:292)
	at org.apache.maven.surefire.junit4.JUnit4Provider.execute(JUnit4Provider.java:252)
	at org.apache.maven.surefire.junit4.JUnit4Provider.executeTestSet(JUnit4Provider.java:141)
	at org.apache.maven.surefire.junit4.JUnit4Provider.invoke(JUnit4Provider.java:112)
	at java.base/jdk.internal.reflect.NativeMethodAccessorImpl.invoke0(Native Method)
	at java.base/jdk.internal.reflect.NativeMethodAccessorImpl.invoke(NativeMethodAccessorImpl.java:62)
	at java.base/jdk.internal.reflect.DelegatingMethodAccessorImpl.invoke(DelegatingMethodAccessorImpl.java:43)
	at java.base/java.lang.reflect.Method.invoke(Method.java:564)
	at org.apache.maven.surefire.util.ReflectionUtils.invokeMethodWithArray(ReflectionUtils.java:189)
	at org.apache.maven.surefire.booter.ProviderFactory$ProviderProxy.invoke(ProviderFactory.java:165)
	at org.apache.maven.surefire.booter.ProviderFactory.invokeProvider(ProviderFactory.java:85)
	at org.apache.maven.surefire.booter.ForkedBooter.runSuitesInProcess(ForkedBooter.java:115)
	at org.apache.maven.surefire.booter.ForkedBooter.main(ForkedBooter.java:75)
Caused by: java.lang.ClassNotFoundException: javax.xml.bind.PropertyException
	at java.base/jdk.internal.loader.BuiltinClassLoader.loadClass(BuiltinClassLoader.java:582)
	at java.base/jdk.internal.loader.ClassLoaders$AppClassLoader.loadClass(ClassLoaders.java:190)
	at java.base/java.lang.ClassLoader.loadClass(ClassLoader.java:499)
	... 90 more
MultiException stack 2 of 2
java.lang.IllegalArgumentException: Errors were discovered while reifying SystemDescriptor(
	implementation=org.glassfish.jersey.jaxb.internal.XmlJaxbElementProvider$General
	contracts={javax.ws.rs.ext.MessageBodyWriter,javax.ws.rs.ext.MessageBodyReader}
	scope=javax.inject.Singleton
	qualifiers={}
	descriptorType=CLASS
	descriptorVisibility=NORMAL
	metadata=
	rank=0
	loader=org.glassfish.hk2.utilities.binding.AbstractBinder$2@16fdec90
	proxiable=null
	proxyForSameScope=null
	analysisName=null
	id=103
	locatorId=0
	identityHashCode=1783966110
	reified=false)
	at org.jvnet.hk2.internal.SystemDescriptor.reify(SystemDescriptor.java:705)
	at org.jvnet.hk2.internal.ServiceLocatorImpl.reifyDescriptor(ServiceLocatorImpl.java:461)
	at org.jvnet.hk2.internal.ServiceLocatorImpl.narrow(ServiceLocatorImpl.java:2288)
	at org.jvnet.hk2.internal.ServiceLocatorImpl.access$1200(ServiceLocatorImpl.java:125)
	at org.jvnet.hk2.internal.ServiceLocatorImpl$9.compute(ServiceLocatorImpl.java:1373)
	at org.jvnet.hk2.internal.ServiceLocatorImpl$9.compute(ServiceLocatorImpl.java:1368)
	at org.glassfish.hk2.utilities.cache.internal.WeakCARCacheImpl.compute(WeakCARCacheImpl.java:116)
	at org.jvnet.hk2.internal.ServiceLocatorImpl.internalGetAllServiceHandles(ServiceLocatorImpl.java:1430)
	at org.jvnet.hk2.internal.ServiceLocatorImpl.getAllServiceHandles(ServiceLocatorImpl.java:1355)
	at org.jvnet.hk2.internal.ServiceLocatorImpl.getAllServiceHandles(ServiceLocatorImpl.java:1344)
	at org.glassfish.jersey.internal.inject.Providers.getServiceHandles(Providers.java:354)
	at org.glassfish.jersey.internal.inject.Providers.getCustomProviders(Providers.java:201)
	at org.glassfish.jersey.message.internal.MessageBodyFactory.&lt;init&gt;(MessageBodyFactory.java:221)
	at java.base/jdk.internal.reflect.NativeConstructorAccessorImpl.newInstance0(Native Method)
	at java.base/jdk.internal.reflect.NativeConstructorAccessorImpl.newInstance(NativeConstructorAccessorImpl.java:62)
	at java.base/jdk.internal.reflect.DelegatingConstructorAccessorImpl.newInstance(DelegatingConstructorAccessorImpl.java:45)
	at java.base/java.lang.reflect.Constructor.newInstance(Constructor.java:488)
	at org.glassfish.hk2.utilities.reflection.ReflectionHelper.makeMe(ReflectionHelper.java:1375)
	at org.jvnet.hk2.internal.ClazzCreator.createMe(ClazzCreator.java:272)
	at org.jvnet.hk2.internal.ClazzCreator.create(ClazzCreator.java:366)
	at org.jvnet.hk2.internal.SystemDescriptor.create(SystemDescriptor.java:487)
	at org.jvnet.hk2.internal.SingletonContext$1.compute(SingletonContext.java:83)
	at org.jvnet.hk2.internal.SingletonContext$1.compute(SingletonContext.java:71)
	at org.glassfish.hk2.utilities.cache.Cache$OriginThreadAwareFuture$1.call(Cache.java:97)
	at java.base/java.util.concurrent.FutureTask.run(FutureTask.java:264)
	at org.glassfish.hk2.utilities.cache.Cache$OriginThreadAwareFuture.run(Cache.java:154)
	at org.glassfish.hk2.utilities.cache.Cache.compute(Cache.java:199)
	at org.jvnet.hk2.internal.SingletonContext.findOrCreate(SingletonContext.java:122)
	at org.jvnet.hk2.internal.Utilities.createService(Utilities.java:2022)
	at org.jvnet.hk2.internal.ServiceLocatorImpl.internalGetService(ServiceLocatorImpl.java:774)
	at org.jvnet.hk2.internal.ServiceLocatorImpl.internalGetService(ServiceLocatorImpl.java:737)
	at org.jvnet.hk2.internal.ServiceLocatorImpl.getService(ServiceLocatorImpl.java:707)
	at org.glassfish.jersey.server.model.ComponentModelValidator.&lt;init&gt;(ComponentModelValidator.java:97)
	at org.glassfish.jersey.server.ApplicationHandler.initialize(ApplicationHandler.java:549)
	at org.glassfish.jersey.server.ApplicationHandler.access$500(ApplicationHandler.java:184)
	at org.glassfish.jersey.server.ApplicationHandler$3.call(ApplicationHandler.java:350)
	at org.glassfish.jersey.server.ApplicationHandler$3.call(ApplicationHandler.java:347)
	at org.glassfish.jersey.internal.Errors.process(Errors.java:315)
	at org.glassfish.jersey.internal.Errors.process(Errors.java:297)
	at org.glassfish.jersey.internal.Errors.processWithException(Errors.java:255)
	at org.glassfish.jersey.server.ApplicationHandler.&lt;init&gt;(ApplicationHandler.java:347)
	at org.glassfish.jersey.server.ApplicationHandler.&lt;init&gt;(ApplicationHandler.java:311)
	at org.glassfish.jersey.grizzly2.httpserver.GrizzlyHttpContainer.&lt;init&gt;(GrizzlyHttpContainer.java:337)
	at org.glassfish.jersey.grizzly2.httpserver.GrizzlyHttpServerFactory.createHttpServer(GrizzlyHttpServerFactory.java:119)
	at com.example.Main.startServer(Main.java:30)
	at com.example.MyResourceTest.setUp(MyResourceTest.java:22)
	at java.base/jdk.internal.reflect.NativeMethodAccessorImpl.invoke0(Native Method)
	at java.base/jdk.internal.reflect.NativeMethodAccessorImpl.invoke(NativeMethodAccessorImpl.java:62)
	at java.base/jdk.internal.reflect.DelegatingMethodAccessorImpl.invoke(DelegatingMethodAccessorImpl.java:43)
	at java.base/java.lang.reflect.Method.invoke(Method.java:564)
	at org.junit.runners.model.FrameworkMethod$1.runReflectiveCall(FrameworkMethod.java:44)
	at org.junit.internal.runners.model.ReflectiveCallable.run(ReflectiveCallable.java:15)
	at org.junit.runners.model.FrameworkMethod.invokeExplosively(FrameworkMethod.java:41)
	at org.junit.internal.runners.statements.RunBefores.evaluate(RunBefores.java:27)
	at org.junit.internal.runners.statements.RunAfters.evaluate(RunAfters.java:31)
	at org.junit.runners.ParentRunner.runLeaf(ParentRunner.java:263)
	at org.junit.runners.BlockJUnit4ClassRunner.runChild(BlockJUnit4ClassRunner.java:69)
	at org.junit.runners.BlockJUnit4ClassRunner.runChild(BlockJUnit4ClassRunner.java:48)
	at org.junit.runners.ParentRunner$3.run(ParentRunner.java:231)
	at org.junit.runners.ParentRunner$1.schedule(ParentRunner.java:60)
	at org.junit.runners.ParentRunner.runChildren(ParentRunner.java:229)
	at org.junit.runners.ParentRunner.access$000(ParentRunner.java:50)
	at org.junit.runners.ParentRunner$2.evaluate(ParentRunner.java:222)
	at org.junit.runners.ParentRunner.run(ParentRunner.java:292)
	at org.apache.maven.surefire.junit4.JUnit4Provider.execute(JUnit4Provider.java:252)
	at org.apache.maven.surefire.junit4.JUnit4Provider.executeTestSet(JUnit4Provider.java:141)
	at org.apache.maven.surefire.junit4.JUnit4Provider.invoke(JUnit4Provider.java:112)
	at java.base/jdk.internal.reflect.NativeMethodAccessorImpl.invoke0(Native Method)
	at java.base/jdk.internal.reflect.NativeMethodAccessorImpl.invoke(NativeMethodAccessorImpl.java:62)
	at java.base/jdk.internal.reflect.DelegatingMethodAccessorImpl.invoke(DelegatingMethodAccessorImpl.java:43)
	at java.base/java.lang.reflect.Method.invoke(Method.java:564)
	at org.apache.maven.surefire.util.ReflectionUtils.invokeMethodWithArray(ReflectionUtils.java:189)
	at org.apache.maven.surefire.booter.ProviderFactory$ProviderProxy.invoke(ProviderFactory.java:165)
	at org.apache.maven.surefire.booter.ProviderFactory.invokeProvider(ProviderFactory.java:85)
	at org.apache.maven.surefire.booter.ForkedBooter.runSuitesInProcess(ForkedBooter.java:115)
	at org.apache.maven.surefire.booter.ForkedBooter.main(ForkedBooter.java:75)

WARNING: HK2 service reification failed for [org.glassfish.jersey.jaxb.internal.XmlCollectionJaxbProvider$App] with an exception:
MultiException stack 1 of 2
java.lang.NoClassDefFoundError: javax/xml/bind/PropertyException
	at java.base/java.lang.Class.getDeclaredConstructors0(Native Method)
	at java.base/java.lang.Class.privateGetDeclaredConstructors(Class.java:3090)
	at java.base/java.lang.Class.getDeclaredConstructors(Class.java:2316)
	at org.jvnet.hk2.internal.Utilities$3.run(Utilities.java:1308)
	at org.jvnet.hk2.internal.Utilities$3.run(Utilities.java:1304)
	at java.base/java.security.AccessController.doPrivileged(Native Method)
	at org.jvnet.hk2.internal.Utilities.getAllConstructors(Utilities.java:1304)
	at org.jvnet.hk2.internal.Utilities.findProducerConstructor(Utilities.java:1247)
	at org.jvnet.hk2.internal.DefaultClassAnalyzer.getConstructor(DefaultClassAnalyzer.java:83)
	at org.glassfish.jersey.internal.inject.JerseyClassAnalyzer.getConstructor(JerseyClassAnalyzer.java:144)
	at org.jvnet.hk2.internal.Utilities.getConstructor(Utilities.java:178)
	at org.jvnet.hk2.internal.ClazzCreator.initialize(ClazzCreator.java:129)
	at org.jvnet.hk2.internal.ClazzCreator.initialize(ClazzCreator.java:180)
	at org.jvnet.hk2.internal.SystemDescriptor.internalReify(SystemDescriptor.java:740)
	at org.jvnet.hk2.internal.SystemDescriptor.reify(SystemDescriptor.java:694)
	at org.jvnet.hk2.internal.ServiceLocatorImpl.reifyDescriptor(ServiceLocatorImpl.java:461)
	at org.jvnet.hk2.internal.ServiceLocatorImpl.narrow(ServiceLocatorImpl.java:2288)
	at org.jvnet.hk2.internal.ServiceLocatorImpl.access$1200(ServiceLocatorImpl.java:125)
	at org.jvnet.hk2.internal.ServiceLocatorImpl$9.compute(ServiceLocatorImpl.java:1373)
	at org.jvnet.hk2.internal.ServiceLocatorImpl$9.compute(ServiceLocatorImpl.java:1368)
	at org.glassfish.hk2.utilities.cache.internal.WeakCARCacheImpl.compute(WeakCARCacheImpl.java:116)
	at org.jvnet.hk2.internal.ServiceLocatorImpl.internalGetAllServiceHandles(ServiceLocatorImpl.java:1430)
	at org.jvnet.hk2.internal.ServiceLocatorImpl.getAllServiceHandles(ServiceLocatorImpl.java:1355)
	at org.jvnet.hk2.internal.ServiceLocatorImpl.getAllServiceHandles(ServiceLocatorImpl.java:1344)
	at org.glassfish.jersey.internal.inject.Providers.getServiceHandles(Providers.java:354)
	at org.glassfish.jersey.internal.inject.Providers.getCustomProviders(Providers.java:201)
	at org.glassfish.jersey.message.internal.MessageBodyFactory.&lt;init&gt;(MessageBodyFactory.java:221)
	at java.base/jdk.internal.reflect.NativeConstructorAccessorImpl.newInstance0(Native Method)
	at java.base/jdk.internal.reflect.NativeConstructorAccessorImpl.newInstance(NativeConstructorAccessorImpl.java:62)
	at java.base/jdk.internal.reflect.DelegatingConstructorAccessorImpl.newInstance(DelegatingConstructorAccessorImpl.java:45)
	at java.base/java.lang.reflect.Constructor.newInstance(Constructor.java:488)
	at org.glassfish.hk2.utilities.reflection.ReflectionHelper.makeMe(ReflectionHelper.java:1375)
	at org.jvnet.hk2.internal.ClazzCreator.createMe(ClazzCreator.java:272)
	at org.jvnet.hk2.internal.ClazzCreator.create(ClazzCreator.java:366)
	at org.jvnet.hk2.internal.SystemDescriptor.create(SystemDescriptor.java:487)
	at org.jvnet.hk2.internal.SingletonContext$1.compute(SingletonContext.java:83)
	at org.jvnet.hk2.internal.SingletonContext$1.compute(SingletonContext.java:71)
	at org.glassfish.hk2.utilities.cache.Cache$OriginThreadAwareFuture$1.call(Cache.java:97)
	at java.base/java.util.concurrent.FutureTask.run(FutureTask.java:264)
	at org.glassfish.hk2.utilities.cache.Cache$OriginThreadAwareFuture.run(Cache.java:154)
	at org.glassfish.hk2.utilities.cache.Cache.compute(Cache.java:199)
	at org.jvnet.hk2.internal.SingletonContext.findOrCreate(SingletonContext.java:122)
	at org.jvnet.hk2.internal.Utilities.createService(Utilities.java:2022)
	at org.jvnet.hk2.internal.ServiceLocatorImpl.internalGetService(ServiceLocatorImpl.java:774)
	at org.jvnet.hk2.internal.ServiceLocatorImpl.internalGetService(ServiceLocatorImpl.java:737)
	at org.jvnet.hk2.internal.ServiceLocatorImpl.getService(ServiceLocatorImpl.java:707)
	at org.glassfish.jersey.server.model.ComponentModelValidator.&lt;init&gt;(ComponentModelValidator.java:97)
	at org.glassfish.jersey.server.ApplicationHandler.initialize(ApplicationHandler.java:549)
	at org.glassfish.jersey.server.ApplicationHandler.access$500(ApplicationHandler.java:184)
	at org.glassfish.jersey.server.ApplicationHandler$3.call(ApplicationHandler.java:350)
	at org.glassfish.jersey.server.ApplicationHandler$3.call(ApplicationHandler.java:347)
	at org.glassfish.jersey.internal.Errors.process(Errors.java:315)
	at org.glassfish.jersey.internal.Errors.process(Errors.java:297)
	at org.glassfish.jersey.internal.Errors.processWithException(Errors.java:255)
	at org.glassfish.jersey.server.ApplicationHandler.&lt;init&gt;(ApplicationHandler.java:347)
	at org.glassfish.jersey.server.ApplicationHandler.&lt;init&gt;(ApplicationHandler.java:311)
	at org.glassfish.jersey.grizzly2.httpserver.GrizzlyHttpContainer.&lt;init&gt;(GrizzlyHttpContainer.java:337)
	at org.glassfish.jersey.grizzly2.httpserver.GrizzlyHttpServerFactory.createHttpServer(GrizzlyHttpServerFactory.java:119)
	at com.example.Main.startServer(Main.java:30)
	at com.example.MyResourceTest.setUp(MyResourceTest.java:22)
	at java.base/jdk.internal.reflect.NativeMethodAccessorImpl.invoke0(Native Method)
	at java.base/jdk.internal.reflect.NativeMethodAccessorImpl.invoke(NativeMethodAccessorImpl.java:62)
	at java.base/jdk.internal.reflect.DelegatingMethodAccessorImpl.invoke(DelegatingMethodAccessorImpl.java:43)
	at java.base/java.lang.reflect.Method.invoke(Method.java:564)
	at org.junit.runners.model.FrameworkMethod$1.runReflectiveCall(FrameworkMethod.java:44)
	at org.junit.internal.runners.model.ReflectiveCallable.run(ReflectiveCallable.java:15)
	at org.junit.runners.model.FrameworkMethod.invokeExplosively(FrameworkMethod.java:41)
	at org.junit.internal.runners.statements.RunBefores.evaluate(RunBefores.java:27)
	at org.junit.internal.runners.statements.RunAfters.evaluate(RunAfters.java:31)
	at org.junit.runners.ParentRunner.runLeaf(ParentRunner.java:263)
	at org.junit.runners.BlockJUnit4ClassRunner.runChild(BlockJUnit4ClassRunner.java:69)
	at org.junit.runners.BlockJUnit4ClassRunner.runChild(BlockJUnit4ClassRunner.java:48)
	at org.junit.runners.ParentRunner$3.run(ParentRunner.java:231)
	at org.junit.runners.ParentRunner$1.schedule(ParentRunner.java:60)
	at org.junit.runners.ParentRunner.runChildren(ParentRunner.java:229)
	at org.junit.runners.ParentRunner.access$000(ParentRunner.java:50)
	at org.junit.runners.ParentRunner$2.evaluate(ParentRunner.java:222)
	at org.junit.runners.ParentRunner.run(ParentRunner.java:292)
	at org.apache.maven.surefire.junit4.JUnit4Provider.execute(JUnit4Provider.java:252)
	at org.apache.maven.surefire.junit4.JUnit4Provider.executeTestSet(JUnit4Provider.java:141)
	at org.apache.maven.surefire.junit4.JUnit4Provider.invoke(JUnit4Provider.java:112)
	at java.base/jdk.internal.reflect.NativeMethodAccessorImpl.invoke0(Native Method)
	at java.base/jdk.internal.reflect.NativeMethodAccessorImpl.invoke(NativeMethodAccessorImpl.java:62)
	at java.base/jdk.internal.reflect.DelegatingMethodAccessorImpl.invoke(DelegatingMethodAccessorImpl.java:43)
	at java.base/java.lang.reflect.Method.invoke(Method.java:564)
	at org.apache.maven.surefire.util.ReflectionUtils.invokeMethodWithArray(ReflectionUtils.java:189)
	at org.apache.maven.surefire.booter.ProviderFactory$ProviderProxy.invoke(ProviderFactory.java:165)
	at org.apache.maven.surefire.booter.ProviderFactory.invokeProvider(ProviderFactory.java:85)
	at org.apache.maven.surefire.booter.ForkedBooter.runSuitesInProcess(ForkedBooter.java:115)
	at org.apache.maven.surefire.booter.ForkedBooter.main(ForkedBooter.java:75)
Caused by: java.lang.ClassNotFoundException: javax.xml.bind.PropertyException
	at java.base/jdk.internal.loader.BuiltinClassLoader.loadClass(BuiltinClassLoader.java:582)
	at java.base/jdk.internal.loader.ClassLoaders$AppClassLoader.loadClass(ClassLoaders.java:190)
	at java.base/java.lang.ClassLoader.loadClass(ClassLoader.java:499)
	... 90 more
MultiException stack 2 of 2
java.lang.IllegalArgumentException: Errors were discovered while reifying SystemDescriptor(
	implementation=org.glassfish.jersey.jaxb.internal.XmlCollectionJaxbProvider$App
	contracts={javax.ws.rs.ext.MessageBodyWriter,javax.ws.rs.ext.MessageBodyReader}
	scope=javax.inject.Singleton
	qualifiers={}
	descriptorType=CLASS
	descriptorVisibility=NORMAL
	metadata=
	rank=0
	loader=org.glassfish.hk2.utilities.binding.AbstractBinder$2@16fdec90
	proxiable=null
	proxyForSameScope=null
	analysisName=null
	id=104
	locatorId=0
	identityHashCode=2035381640
	reified=false)
	at org.jvnet.hk2.internal.SystemDescriptor.reify(SystemDescriptor.java:705)
	at org.jvnet.hk2.internal.ServiceLocatorImpl.reifyDescriptor(ServiceLocatorImpl.java:461)
	at org.jvnet.hk2.internal.ServiceLocatorImpl.narrow(ServiceLocatorImpl.java:2288)
	at org.jvnet.hk2.internal.ServiceLocatorImpl.access$1200(ServiceLocatorImpl.java:125)
	at org.jvnet.hk2.internal.ServiceLocatorImpl$9.compute(ServiceLocatorImpl.java:1373)
	at org.jvnet.hk2.internal.ServiceLocatorImpl$9.compute(ServiceLocatorImpl.java:1368)
	at org.glassfish.hk2.utilities.cache.internal.WeakCARCacheImpl.compute(WeakCARCacheImpl.java:116)
	at org.jvnet.hk2.internal.ServiceLocatorImpl.internalGetAllServiceHandles(ServiceLocatorImpl.java:1430)
	at org.jvnet.hk2.internal.ServiceLocatorImpl.getAllServiceHandles(ServiceLocatorImpl.java:1355)
	at org.jvnet.hk2.internal.ServiceLocatorImpl.getAllServiceHandles(ServiceLocatorImpl.java:1344)
	at org.glassfish.jersey.internal.inject.Providers.getServiceHandles(Providers.java:354)
	at org.glassfish.jersey.internal.inject.Providers.getCustomProviders(Providers.java:201)
	at org.glassfish.jersey.message.internal.MessageBodyFactory.&lt;init&gt;(MessageBodyFactory.java:221)
	at java.base/jdk.internal.reflect.NativeConstructorAccessorImpl.newInstance0(Native Method)
	at java.base/jdk.internal.reflect.NativeConstructorAccessorImpl.newInstance(NativeConstructorAccessorImpl.java:62)
	at java.base/jdk.internal.reflect.DelegatingConstructorAccessorImpl.newInstance(DelegatingConstructorAccessorImpl.java:45)
	at java.base/java.lang.reflect.Constructor.newInstance(Constructor.java:488)
	at org.glassfish.hk2.utilities.reflection.ReflectionHelper.makeMe(ReflectionHelper.java:1375)
	at org.jvnet.hk2.internal.ClazzCreator.createMe(ClazzCreator.java:272)
	at org.jvnet.hk2.internal.ClazzCreator.create(ClazzCreator.java:366)
	at org.jvnet.hk2.internal.SystemDescriptor.create(SystemDescriptor.java:487)
	at org.jvnet.hk2.internal.SingletonContext$1.compute(SingletonContext.java:83)
	at org.jvnet.hk2.internal.SingletonContext$1.compute(SingletonContext.java:71)
	at org.glassfish.hk2.utilities.cache.Cache$OriginThreadAwareFuture$1.call(Cache.java:97)
	at java.base/java.util.concurrent.FutureTask.run(FutureTask.java:264)
	at org.glassfish.hk2.utilities.cache.Cache$OriginThreadAwareFuture.run(Cache.java:154)
	at org.glassfish.hk2.utilities.cache.Cache.compute(Cache.java:199)
	at org.jvnet.hk2.internal.SingletonContext.findOrCreate(SingletonContext.java:122)
	at org.jvnet.hk2.internal.Utilities.createService(Utilities.java:2022)
	at org.jvnet.hk2.internal.ServiceLocatorImpl.internalGetService(ServiceLocatorImpl.java:774)
	at org.jvnet.hk2.internal.ServiceLocatorImpl.internalGetService(ServiceLocatorImpl.java:737)
	at org.jvnet.hk2.internal.ServiceLocatorImpl.getService(ServiceLocatorImpl.java:707)
	at org.glassfish.jersey.server.model.ComponentModelValidator.&lt;init&gt;(ComponentModelValidator.java:97)
	at org.glassfish.jersey.server.ApplicationHandler.initialize(ApplicationHandler.java:549)
	at org.glassfish.jersey.server.ApplicationHandler.access$500(ApplicationHandler.java:184)
	at org.glassfish.jersey.server.ApplicationHandler$3.call(ApplicationHandler.java:350)
	at org.glassfish.jersey.server.ApplicationHandler$3.call(ApplicationHandler.java:347)
	at org.glassfish.jersey.internal.Errors.process(Errors.java:315)
	at org.glassfish.jersey.internal.Errors.process(Errors.java:297)
	at org.glassfish.jersey.internal.Errors.processWithException(Errors.java:255)
	at org.glassfish.jersey.server.ApplicationHandler.&lt;init&gt;(ApplicationHandler.java:347)
	at org.glassfish.jersey.server.ApplicationHandler.&lt;init&gt;(ApplicationHandler.java:311)
	at org.glassfish.jersey.grizzly2.httpserver.GrizzlyHttpContainer.&lt;init&gt;(GrizzlyHttpContainer.java:337)
	at org.glassfish.jersey.grizzly2.httpserver.GrizzlyHttpServerFactory.createHttpServer(GrizzlyHttpServerFactory.java:119)
	at com.example.Main.startServer(Main.java:30)
	at com.example.MyResourceTest.setUp(MyResourceTest.java:22)
	at java.base/jdk.internal.reflect.NativeMethodAccessorImpl.invoke0(Native Method)
	at java.base/jdk.internal.reflect.NativeMethodAccessorImpl.invoke(NativeMethodAccessorImpl.java:62)
	at java.base/jdk.internal.reflect.DelegatingMethodAccessorImpl.invoke(DelegatingMethodAccessorImpl.java:43)
	at java.base/java.lang.reflect.Method.invoke(Method.java:564)
	at org.junit.runners.model.FrameworkMethod$1.runReflectiveCall(FrameworkMethod.java:44)
	at org.junit.internal.runners.model.ReflectiveCallable.run(ReflectiveCallable.java:15)
	at org.junit.runners.model.FrameworkMethod.invokeExplosively(FrameworkMethod.java:41)
	at org.junit.internal.runners.statements.RunBefores.evaluate(RunBefores.java:27)
	at org.junit.internal.runners.statements.RunAfters.evaluate(RunAfters.java:31)
	at org.junit.runners.ParentRunner.runLeaf(ParentRunner.java:263)
	at org.junit.runners.BlockJUnit4ClassRunner.runChild(BlockJUnit4ClassRunner.java:69)
	at org.junit.runners.BlockJUnit4ClassRunner.runChild(BlockJUnit4ClassRunner.java:48)
	at org.junit.runners.ParentRunner$3.run(ParentRunner.java:231)
	at org.junit.runners.ParentRunner$1.schedule(ParentRunner.java:60)
	at org.junit.runners.ParentRunner.runChildren(ParentRunner.java:229)
	at org.junit.runners.ParentRunner.access$000(ParentRunner.java:50)
	at org.junit.runners.ParentRunner$2.evaluate(ParentRunner.java:222)
	at org.junit.runners.ParentRunner.run(ParentRunner.java:292)
	at org.apache.maven.surefire.junit4.JUnit4Provider.execute(JUnit4Provider.java:252)
	at org.apache.maven.surefire.junit4.JUnit4Provider.executeTestSet(JUnit4Provider.java:141)
	at org.apache.maven.surefire.junit4.JUnit4Provider.invoke(JUnit4Provider.java:112)
	at java.base/jdk.internal.reflect.NativeMethodAccessorImpl.invoke0(Native Method)
	at java.base/jdk.internal.reflect.NativeMethodAccessorImpl.invoke(NativeMethodAccessorImpl.java:62)
	at java.base/jdk.internal.reflect.DelegatingMethodAccessorImpl.invoke(DelegatingMethodAccessorImpl.java:43)
	at java.base/java.lang.reflect.Method.invoke(Method.java:564)
	at org.apache.maven.surefire.util.ReflectionUtils.invokeMethodWithArray(ReflectionUtils.java:189)
	at org.apache.maven.surefire.booter.ProviderFactory$ProviderProxy.invoke(ProviderFactory.java:165)
	at org.apache.maven.surefire.booter.ProviderFactory.invokeProvider(ProviderFactory.java:85)
	at org.apache.maven.surefire.booter.ForkedBooter.runSuitesInProcess(ForkedBooter.java:115)
	at org.apache.maven.surefire.booter.ForkedBooter.main(ForkedBooter.java:75)

WARNING: HK2 service reification failed for [org.glassfish.jersey.jaxb.internal.XmlCollectionJaxbProvider$Text] with an exception:
MultiException stack 1 of 2
java.lang.NoClassDefFoundError: javax/xml/bind/PropertyException
	at java.base/java.lang.Class.getDeclaredConstructors0(Native Method)
	at java.base/java.lang.Class.privateGetDeclaredConstructors(Class.java:3090)
	at java.base/java.lang.Class.getDeclaredConstructors(Class.java:2316)
	at org.jvnet.hk2.internal.Utilities$3.run(Utilities.java:1308)
	at org.jvnet.hk2.internal.Utilities$3.run(Utilities.java:1304)
	at java.base/java.security.AccessController.doPrivileged(Native Method)
	at org.jvnet.hk2.internal.Utilities.getAllConstructors(Utilities.java:1304)
	at org.jvnet.hk2.internal.Utilities.findProducerConstructor(Utilities.java:1247)
	at org.jvnet.hk2.internal.DefaultClassAnalyzer.getConstructor(DefaultClassAnalyzer.java:83)
	at org.glassfish.jersey.internal.inject.JerseyClassAnalyzer.getConstructor(JerseyClassAnalyzer.java:144)
	at org.jvnet.hk2.internal.Utilities.getConstructor(Utilities.java:178)
	at org.jvnet.hk2.internal.ClazzCreator.initialize(ClazzCreator.java:129)
	at org.jvnet.hk2.internal.ClazzCreator.initialize(ClazzCreator.java:180)
	at org.jvnet.hk2.internal.SystemDescriptor.internalReify(SystemDescriptor.java:740)
	at org.jvnet.hk2.internal.SystemDescriptor.reify(SystemDescriptor.java:694)
	at org.jvnet.hk2.internal.ServiceLocatorImpl.reifyDescriptor(ServiceLocatorImpl.java:461)
	at org.jvnet.hk2.internal.ServiceLocatorImpl.narrow(ServiceLocatorImpl.java:2288)
	at org.jvnet.hk2.internal.ServiceLocatorImpl.access$1200(ServiceLocatorImpl.java:125)
	at org.jvnet.hk2.internal.ServiceLocatorImpl$9.compute(ServiceLocatorImpl.java:1373)
	at org.jvnet.hk2.internal.ServiceLocatorImpl$9.compute(ServiceLocatorImpl.java:1368)
	at org.glassfish.hk2.utilities.cache.internal.WeakCARCacheImpl.compute(WeakCARCacheImpl.java:116)
	at org.jvnet.hk2.internal.ServiceLocatorImpl.internalGetAllServiceHandles(ServiceLocatorImpl.java:1430)
	at org.jvnet.hk2.internal.ServiceLocatorImpl.getAllServiceHandles(ServiceLocatorImpl.java:1355)
	at org.jvnet.hk2.internal.ServiceLocatorImpl.getAllServiceHandles(ServiceLocatorImpl.java:1344)
	at org.glassfish.jersey.internal.inject.Providers.getServiceHandles(Providers.java:354)
	at org.glassfish.jersey.internal.inject.Providers.getCustomProviders(Providers.java:201)
	at org.glassfish.jersey.message.internal.MessageBodyFactory.&lt;init&gt;(MessageBodyFactory.java:221)
	at java.base/jdk.internal.reflect.NativeConstructorAccessorImpl.newInstance0(Native Method)
	at java.base/jdk.internal.reflect.NativeConstructorAccessorImpl.newInstance(NativeConstructorAccessorImpl.java:62)
	at java.base/jdk.internal.reflect.DelegatingConstructorAccessorImpl.newInstance(DelegatingConstructorAccessorImpl.java:45)
	at java.base/java.lang.reflect.Constructor.newInstance(Constructor.java:488)
	at org.glassfish.hk2.utilities.reflection.ReflectionHelper.makeMe(ReflectionHelper.java:1375)
	at org.jvnet.hk2.internal.ClazzCreator.createMe(ClazzCreator.java:272)
	at org.jvnet.hk2.internal.ClazzCreator.create(ClazzCreator.java:366)
	at org.jvnet.hk2.internal.SystemDescriptor.create(SystemDescriptor.java:487)
	at org.jvnet.hk2.internal.SingletonContext$1.compute(SingletonContext.java:83)
	at org.jvnet.hk2.internal.SingletonContext$1.compute(SingletonContext.java:71)
	at org.glassfish.hk2.utilities.cache.Cache$OriginThreadAwareFuture$1.call(Cache.java:97)
	at java.base/java.util.concurrent.FutureTask.run(FutureTask.java:264)
	at org.glassfish.hk2.utilities.cache.Cache$OriginThreadAwareFuture.run(Cache.java:154)
	at org.glassfish.hk2.utilities.cache.Cache.compute(Cache.java:199)
	at org.jvnet.hk2.internal.SingletonContext.findOrCreate(SingletonContext.java:122)
	at org.jvnet.hk2.internal.Utilities.createService(Utilities.java:2022)
	at org.jvnet.hk2.internal.ServiceLocatorImpl.internalGetService(ServiceLocatorImpl.java:774)
	at org.jvnet.hk2.internal.ServiceLocatorImpl.internalGetService(ServiceLocatorImpl.java:737)
	at org.jvnet.hk2.internal.ServiceLocatorImpl.getService(ServiceLocatorImpl.java:707)
	at org.glassfish.jersey.server.model.ComponentModelValidator.&lt;init&gt;(ComponentModelValidator.java:97)
	at org.glassfish.jersey.server.ApplicationHandler.initialize(ApplicationHandler.java:549)
	at org.glassfish.jersey.server.ApplicationHandler.access$500(ApplicationHandler.java:184)
	at org.glassfish.jersey.server.ApplicationHandler$3.call(ApplicationHandler.java:350)
	at org.glassfish.jersey.server.ApplicationHandler$3.call(ApplicationHandler.java:347)
	at org.glassfish.jersey.internal.Errors.process(Errors.java:315)
	at org.glassfish.jersey.internal.Errors.process(Errors.java:297)
	at org.glassfish.jersey.internal.Errors.processWithException(Errors.java:255)
	at org.glassfish.jersey.server.ApplicationHandler.&lt;init&gt;(ApplicationHandler.java:347)
	at org.glassfish.jersey.server.ApplicationHandler.&lt;init&gt;(ApplicationHandler.java:311)
	at org.glassfish.jersey.grizzly2.httpserver.GrizzlyHttpContainer.&lt;init&gt;(GrizzlyHttpContainer.java:337)
	at org.glassfish.jersey.grizzly2.httpserver.GrizzlyHttpServerFactory.createHttpServer(GrizzlyHttpServerFactory.java:119)
	at com.example.Main.startServer(Main.java:30)
	at com.example.MyResourceTest.setUp(MyResourceTest.java:22)
	at java.base/jdk.internal.reflect.NativeMethodAccessorImpl.invoke0(Native Method)
	at java.base/jdk.internal.reflect.NativeMethodAccessorImpl.invoke(NativeMethodAccessorImpl.java:62)
	at java.base/jdk.internal.reflect.DelegatingMethodAccessorImpl.invoke(DelegatingMethodAccessorImpl.java:43)
	at java.base/java.lang.reflect.Method.invoke(Method.java:564)
	at org.junit.runners.model.FrameworkMethod$1.runReflectiveCall(FrameworkMethod.java:44)
	at org.junit.internal.runners.model.ReflectiveCallable.run(ReflectiveCallable.java:15)
	at org.junit.runners.model.FrameworkMethod.invokeExplosively(FrameworkMethod.java:41)
	at org.junit.internal.runners.statements.RunBefores.evaluate(RunBefores.java:27)
	at org.junit.internal.runners.statements.RunAfters.evaluate(RunAfters.java:31)
	at org.junit.runners.ParentRunner.runLeaf(ParentRunner.java:263)
	at org.junit.runners.BlockJUnit4ClassRunner.runChild(BlockJUnit4ClassRunner.java:69)
	at org.junit.runners.BlockJUnit4ClassRunner.runChild(BlockJUnit4ClassRunner.java:48)
	at org.junit.runners.ParentRunner$3.run(ParentRunner.java:231)
	at org.junit.runners.ParentRunner$1.schedule(ParentRunner.java:60)
	at org.junit.runners.ParentRunner.runChildren(ParentRunner.java:229)
	at org.junit.runners.ParentRunner.access$000(ParentRunner.java:50)
	at org.junit.runners.ParentRunner$2.evaluate(ParentRunner.java:222)
	at org.junit.runners.ParentRunner.run(ParentRunner.java:292)
	at org.apache.maven.surefire.junit4.JUnit4Provider.execute(JUnit4Provider.java:252)
	at org.apache.maven.surefire.junit4.JUnit4Provider.executeTestSet(JUnit4Provider.java:141)
	at org.apache.maven.surefire.junit4.JUnit4Provider.invoke(JUnit4Provider.java:112)
	at java.base/jdk.internal.reflect.NativeMethodAccessorImpl.invoke0(Native Method)
	at java.base/jdk.internal.reflect.NativeMethodAccessorImpl.invoke(NativeMethodAccessorImpl.java:62)
	at java.base/jdk.internal.reflect.DelegatingMethodAccessorImpl.invoke(DelegatingMethodAccessorImpl.java:43)
	at java.base/java.lang.reflect.Method.invoke(Method.java:564)
	at org.apache.maven.surefire.util.ReflectionUtils.invokeMethodWithArray(ReflectionUtils.java:189)
	at org.apache.maven.surefire.booter.ProviderFactory$ProviderProxy.invoke(ProviderFactory.java:165)
	at org.apache.maven.surefire.booter.ProviderFactory.invokeProvider(ProviderFactory.java:85)
	at org.apache.maven.surefire.booter.ForkedBooter.runSuitesInProcess(ForkedBooter.java:115)
	at org.apache.maven.surefire.booter.ForkedBooter.main(ForkedBooter.java:75)
Caused by: java.lang.ClassNotFoundException: javax.xml.bind.PropertyException
	at java.base/jdk.internal.loader.BuiltinClassLoader.loadClass(BuiltinClassLoader.java:582)
	at java.base/jdk.internal.loader.ClassLoaders$AppClassLoader.loadClass(ClassLoaders.java:190)
	at java.base/java.lang.ClassLoader.loadClass(ClassLoader.java:499)
	... 90 more
MultiException stack 2 of 2
java.lang.IllegalArgumentException: Errors were discovered while reifying SystemDescriptor(
	implementation=org.glassfish.jersey.jaxb.internal.XmlCollectionJaxbProvider$Text
	contracts={javax.ws.rs.ext.MessageBodyWriter,javax.ws.rs.ext.MessageBodyReader}
	scope=javax.inject.Singleton
	qualifiers={}
	descriptorType=CLASS
	descriptorVisibility=NORMAL
	metadata=
	rank=0
	loader=org.glassfish.hk2.utilities.binding.AbstractBinder$2@16fdec90
	proxiable=null
	proxyForSameScope=null
	analysisName=null
	id=105
	locatorId=0
	identityHashCode=680988889
	reified=false)
	at org.jvnet.hk2.internal.SystemDescriptor.reify(SystemDescriptor.java:705)
	at org.jvnet.hk2.internal.ServiceLocatorImpl.reifyDescriptor(ServiceLocatorImpl.java:461)
	at org.jvnet.hk2.internal.ServiceLocatorImpl.narrow(ServiceLocatorImpl.java:2288)
	at org.jvnet.hk2.internal.ServiceLocatorImpl.access$1200(ServiceLocatorImpl.java:125)
	at org.jvnet.hk2.internal.ServiceLocatorImpl$9.compute(ServiceLocatorImpl.java:1373)
	at org.jvnet.hk2.internal.ServiceLocatorImpl$9.compute(ServiceLocatorImpl.java:1368)
	at org.glassfish.hk2.utilities.cache.internal.WeakCARCacheImpl.compute(WeakCARCacheImpl.java:116)
	at org.jvnet.hk2.internal.ServiceLocatorImpl.internalGetAllServiceHandles(ServiceLocatorImpl.java:1430)
	at org.jvnet.hk2.internal.ServiceLocatorImpl.getAllServiceHandles(ServiceLocatorImpl.java:1355)
	at org.jvnet.hk2.internal.ServiceLocatorImpl.getAllServiceHandles(ServiceLocatorImpl.java:1344)
	at org.glassfish.jersey.internal.inject.Providers.getServiceHandles(Providers.java:354)
	at org.glassfish.jersey.internal.inject.Providers.getCustomProviders(Providers.java:201)
	at org.glassfish.jersey.message.internal.MessageBodyFactory.&lt;init&gt;(MessageBodyFactory.java:221)
	at java.base/jdk.internal.reflect.NativeConstructorAccessorImpl.newInstance0(Native Method)
	at java.base/jdk.internal.reflect.NativeConstructorAccessorImpl.newInstance(NativeConstructorAccessorImpl.java:62)
	at java.base/jdk.internal.reflect.DelegatingConstructorAccessorImpl.newInstance(DelegatingConstructorAccessorImpl.java:45)
	at java.base/java.lang.reflect.Constructor.newInstance(Constructor.java:488)
	at org.glassfish.hk2.utilities.reflection.ReflectionHelper.makeMe(ReflectionHelper.java:1375)
	at org.jvnet.hk2.internal.ClazzCreator.createMe(ClazzCreator.java:272)
	at org.jvnet.hk2.internal.ClazzCreator.create(ClazzCreator.java:366)
	at org.jvnet.hk2.internal.SystemDescriptor.create(SystemDescriptor.java:487)
	at org.jvnet.hk2.internal.SingletonContext$1.compute(SingletonContext.java:83)
	at org.jvnet.hk2.internal.SingletonContext$1.compute(SingletonContext.java:71)
	at org.glassfish.hk2.utilities.cache.Cache$OriginThreadAwareFuture$1.call(Cache.java:97)
	at java.base/java.util.concurrent.FutureTask.run(FutureTask.java:264)
	at org.glassfish.hk2.utilities.cache.Cache$OriginThreadAwareFuture.run(Cache.java:154)
	at org.glassfish.hk2.utilities.cache.Cache.compute(Cache.java:199)
	at org.jvnet.hk2.internal.SingletonContext.findOrCreate(SingletonContext.java:122)
	at org.jvnet.hk2.internal.Utilities.createService(Utilities.java:2022)
	at org.jvnet.hk2.internal.ServiceLocatorImpl.internalGetService(ServiceLocatorImpl.java:774)
	at org.jvnet.hk2.internal.ServiceLocatorImpl.internalGetService(ServiceLocatorImpl.java:737)
	at org.jvnet.hk2.internal.ServiceLocatorImpl.getService(ServiceLocatorImpl.java:707)
	at org.glassfish.jersey.server.model.ComponentModelValidator.&lt;init&gt;(ComponentModelValidator.java:97)
	at org.glassfish.jersey.server.ApplicationHandler.initialize(ApplicationHandler.java:549)
	at org.glassfish.jersey.server.ApplicationHandler.access$500(ApplicationHandler.java:184)
	at org.glassfish.jersey.server.ApplicationHandler$3.call(ApplicationHandler.java:350)
	at org.glassfish.jersey.server.ApplicationHandler$3.call(ApplicationHandler.java:347)
	at org.glassfish.jersey.internal.Errors.process(Errors.java:315)
	at org.glassfish.jersey.internal.Errors.process(Errors.java:297)
	at org.glassfish.jersey.internal.Errors.processWithException(Errors.java:255)
	at org.glassfish.jersey.server.ApplicationHandler.&lt;init&gt;(ApplicationHandler.java:347)
	at org.glassfish.jersey.server.ApplicationHandler.&lt;init&gt;(ApplicationHandler.java:311)
	at org.glassfish.jersey.grizzly2.httpserver.GrizzlyHttpContainer.&lt;init&gt;(GrizzlyHttpContainer.java:337)
	at org.glassfish.jersey.grizzly2.httpserver.GrizzlyHttpServerFactory.createHttpServer(GrizzlyHttpServerFactory.java:119)
	at com.example.Main.startServer(Main.java:30)
	at com.example.MyResourceTest.setUp(MyResourceTest.java:22)
	at java.base/jdk.internal.reflect.NativeMethodAccessorImpl.invoke0(Native Method)
	at java.base/jdk.internal.reflect.NativeMethodAccessorImpl.invoke(NativeMethodAccessorImpl.java:62)
	at java.base/jdk.internal.reflect.DelegatingMethodAccessorImpl.invoke(DelegatingMethodAccessorImpl.java:43)
	at java.base/java.lang.reflect.Method.invoke(Method.java:564)
	at org.junit.runners.model.FrameworkMethod$1.runReflectiveCall(FrameworkMethod.java:44)
	at org.junit.internal.runners.model.ReflectiveCallable.run(ReflectiveCallable.java:15)
	at org.junit.runners.model.FrameworkMethod.invokeExplosively(FrameworkMethod.java:41)
	at org.junit.internal.runners.statements.RunBefores.evaluate(RunBefores.java:27)
	at org.junit.internal.runners.statements.RunAfters.evaluate(RunAfters.java:31)
	at org.junit.runners.ParentRunner.runLeaf(ParentRunner.java:263)
	at org.junit.runners.BlockJUnit4ClassRunner.runChild(BlockJUnit4ClassRunner.java:69)
	at org.junit.runners.BlockJUnit4ClassRunner.runChild(BlockJUnit4ClassRunner.java:48)
	at org.junit.runners.ParentRunner$3.run(ParentRunner.java:231)
	at org.junit.runners.ParentRunner$1.schedule(ParentRunner.java:60)
	at org.junit.runners.ParentRunner.runChildren(ParentRunner.java:229)
	at org.junit.runners.ParentRunner.access$000(ParentRunner.java:50)
	at org.junit.runners.ParentRunner$2.evaluate(ParentRunner.java:222)
	at org.junit.runners.ParentRunner.run(ParentRunner.java:292)
	at org.apache.maven.surefire.junit4.JUnit4Provider.execute(JUnit4Provider.java:252)
	at org.apache.maven.surefire.junit4.JUnit4Provider.executeTestSet(JUnit4Provider.java:141)
	at org.apache.maven.surefire.junit4.JUnit4Provider.invoke(JUnit4Provider.java:112)
	at java.base/jdk.internal.reflect.NativeMethodAccessorImpl.invoke0(Native Method)
	at java.base/jdk.internal.reflect.NativeMethodAccessorImpl.invoke(NativeMethodAccessorImpl.java:62)
	at java.base/jdk.internal.reflect.DelegatingMethodAccessorImpl.invoke(DelegatingMethodAccessorImpl.java:43)
	at java.base/java.lang.reflect.Method.invoke(Method.java:564)
	at org.apache.maven.surefire.util.ReflectionUtils.invokeMethodWithArray(ReflectionUtils.java:189)
	at org.apache.maven.surefire.booter.ProviderFactory$ProviderProxy.invoke(ProviderFactory.java:165)
	at org.apache.maven.surefire.booter.ProviderFactory.invokeProvider(ProviderFactory.java:85)
	at org.apache.maven.surefire.booter.ForkedBooter.runSuitesInProcess(ForkedBooter.java:115)
	at org.apache.maven.surefire.booter.ForkedBooter.main(ForkedBooter.java:75)

WARNING: HK2 service reification failed for [org.glassfish.jersey.jaxb.internal.XmlCollectionJaxbProvider$General] with an exception:
MultiException stack 1 of 2
java.lang.NoClassDefFoundError: javax/xml/bind/PropertyException
	at java.base/java.lang.Class.getDeclaredConstructors0(Native Method)
	at java.base/java.lang.Class.privateGetDeclaredConstructors(Class.java:3090)
	at java.base/java.lang.Class.getDeclaredConstructors(Class.java:2316)
	at org.jvnet.hk2.internal.Utilities$3.run(Utilities.java:1308)
	at org.jvnet.hk2.internal.Utilities$3.run(Utilities.java:1304)
	at java.base/java.security.AccessController.doPrivileged(Native Method)
	at org.jvnet.hk2.internal.Utilities.getAllConstructors(Utilities.java:1304)
	at org.jvnet.hk2.internal.Utilities.findProducerConstructor(Utilities.java:1247)
	at org.jvnet.hk2.internal.DefaultClassAnalyzer.getConstructor(DefaultClassAnalyzer.java:83)
	at org.glassfish.jersey.internal.inject.JerseyClassAnalyzer.getConstructor(JerseyClassAnalyzer.java:144)
	at org.jvnet.hk2.internal.Utilities.getConstructor(Utilities.java:178)
	at org.jvnet.hk2.internal.ClazzCreator.initialize(ClazzCreator.java:129)
	at org.jvnet.hk2.internal.ClazzCreator.initialize(ClazzCreator.java:180)
	at org.jvnet.hk2.internal.SystemDescriptor.internalReify(SystemDescriptor.java:740)
	at org.jvnet.hk2.internal.SystemDescriptor.reify(SystemDescriptor.java:694)
	at org.jvnet.hk2.internal.ServiceLocatorImpl.reifyDescriptor(ServiceLocatorImpl.java:461)
	at org.jvnet.hk2.internal.ServiceLocatorImpl.narrow(ServiceLocatorImpl.java:2288)
	at org.jvnet.hk2.internal.ServiceLocatorImpl.access$1200(ServiceLocatorImpl.java:125)
	at org.jvnet.hk2.internal.ServiceLocatorImpl$9.compute(ServiceLocatorImpl.java:1373)
	at org.jvnet.hk2.internal.ServiceLocatorImpl$9.compute(ServiceLocatorImpl.java:1368)
	at org.glassfish.hk2.utilities.cache.internal.WeakCARCacheImpl.compute(WeakCARCacheImpl.java:116)
	at org.jvnet.hk2.internal.ServiceLocatorImpl.internalGetAllServiceHandles(ServiceLocatorImpl.java:1430)
	at org.jvnet.hk2.internal.ServiceLocatorImpl.getAllServiceHandles(ServiceLocatorImpl.java:1355)
	at org.jvnet.hk2.internal.ServiceLocatorImpl.getAllServiceHandles(ServiceLocatorImpl.java:1344)
	at org.glassfish.jersey.internal.inject.Providers.getServiceHandles(Providers.java:354)
	at org.glassfish.jersey.internal.inject.Providers.getCustomProviders(Providers.java:201)
	at org.glassfish.jersey.message.internal.MessageBodyFactory.&lt;init&gt;(MessageBodyFactory.java:221)
	at java.base/jdk.internal.reflect.NativeConstructorAccessorImpl.newInstance0(Native Method)
	at java.base/jdk.internal.reflect.NativeConstructorAccessorImpl.newInstance(NativeConstructorAccessorImpl.java:62)
	at java.base/jdk.internal.reflect.DelegatingConstructorAccessorImpl.newInstance(DelegatingConstructorAccessorImpl.java:45)
	at java.base/java.lang.reflect.Constructor.newInstance(Constructor.java:488)
	at org.glassfish.hk2.utilities.reflection.ReflectionHelper.makeMe(ReflectionHelper.java:1375)
	at org.jvnet.hk2.internal.ClazzCreator.createMe(ClazzCreator.java:272)
	at org.jvnet.hk2.internal.ClazzCreator.create(ClazzCreator.java:366)
	at org.jvnet.hk2.internal.SystemDescriptor.create(SystemDescriptor.java:487)
	at org.jvnet.hk2.internal.SingletonContext$1.compute(SingletonContext.java:83)
	at org.jvnet.hk2.internal.SingletonContext$1.compute(SingletonContext.java:71)
	at org.glassfish.hk2.utilities.cache.Cache$OriginThreadAwareFuture$1.call(Cache.java:97)
	at java.base/java.util.concurrent.FutureTask.run(FutureTask.java:264)
	at org.glassfish.hk2.utilities.cache.Cache$OriginThreadAwareFuture.run(Cache.java:154)
	at org.glassfish.hk2.utilities.cache.Cache.compute(Cache.java:199)
	at org.jvnet.hk2.internal.SingletonContext.findOrCreate(SingletonContext.java:122)
	at org.jvnet.hk2.internal.Utilities.createService(Utilities.java:2022)
	at org.jvnet.hk2.internal.ServiceLocatorImpl.internalGetService(ServiceLocatorImpl.java:774)
	at org.jvnet.hk2.internal.ServiceLocatorImpl.internalGetService(ServiceLocatorImpl.java:737)
	at org.jvnet.hk2.internal.ServiceLocatorImpl.getService(ServiceLocatorImpl.java:707)
	at org.glassfish.jersey.server.model.ComponentModelValidator.&lt;init&gt;(ComponentModelValidator.java:97)
	at org.glassfish.jersey.server.ApplicationHandler.initialize(ApplicationHandler.java:549)
	at org.glassfish.jersey.server.ApplicationHandler.access$500(ApplicationHandler.java:184)
	at org.glassfish.jersey.server.ApplicationHandler$3.call(ApplicationHandler.java:350)
	at org.glassfish.jersey.server.ApplicationHandler$3.call(ApplicationHandler.java:347)
	at org.glassfish.jersey.internal.Errors.process(Errors.java:315)
	at org.glassfish.jersey.internal.Errors.process(Errors.java:297)
	at org.glassfish.jersey.internal.Errors.processWithException(Errors.java:255)
	at org.glassfish.jersey.server.ApplicationHandler.&lt;init&gt;(ApplicationHandler.java:347)
	at org.glassfish.jersey.server.ApplicationHandler.&lt;init&gt;(ApplicationHandler.java:311)
	at org.glassfish.jersey.grizzly2.httpserver.GrizzlyHttpContainer.&lt;init&gt;(GrizzlyHttpContainer.java:337)
	at org.glassfish.jersey.grizzly2.httpserver.GrizzlyHttpServerFactory.createHttpServer(GrizzlyHttpServerFactory.java:119)
	at com.example.Main.startServer(Main.java:30)
	at com.example.MyResourceTest.setUp(MyResourceTest.java:22)
	at java.base/jdk.internal.reflect.NativeMethodAccessorImpl.invoke0(Native Method)
	at java.base/jdk.internal.reflect.NativeMethodAccessorImpl.invoke(NativeMethodAccessorImpl.java:62)
	at java.base/jdk.internal.reflect.DelegatingMethodAccessorImpl.invoke(DelegatingMethodAccessorImpl.java:43)
	at java.base/java.lang.reflect.Method.invoke(Method.java:564)
	at org.junit.runners.model.FrameworkMethod$1.runReflectiveCall(FrameworkMethod.java:44)
	at org.junit.internal.runners.model.ReflectiveCallable.run(ReflectiveCallable.java:15)
	at org.junit.runners.model.FrameworkMethod.invokeExplosively(FrameworkMethod.java:41)
	at org.junit.internal.runners.statements.RunBefores.evaluate(RunBefores.java:27)
	at org.junit.internal.runners.statements.RunAfters.evaluate(RunAfters.java:31)
	at org.junit.runners.ParentRunner.runLeaf(ParentRunner.java:263)
	at org.junit.runners.BlockJUnit4ClassRunner.runChild(BlockJUnit4ClassRunner.java:69)
	at org.junit.runners.BlockJUnit4ClassRunner.runChild(BlockJUnit4ClassRunner.java:48)
	at org.junit.runners.ParentRunner$3.run(ParentRunner.java:231)
	at org.junit.runners.ParentRunner$1.schedule(ParentRunner.java:60)
	at org.junit.runners.ParentRunner.runChildren(ParentRunner.java:229)
	at org.junit.runners.ParentRunner.access$000(ParentRunner.java:50)
	at org.junit.runners.ParentRunner$2.evaluate(ParentRunner.java:222)
	at org.junit.runners.ParentRunner.run(ParentRunner.java:292)
	at org.apache.maven.surefire.junit4.JUnit4Provider.execute(JUnit4Provider.java:252)
	at org.apache.maven.surefire.junit4.JUnit4Provider.executeTestSet(JUnit4Provider.java:141)
	at org.apache.maven.surefire.junit4.JUnit4Provider.invoke(JUnit4Provider.java:112)
	at java.base/jdk.internal.reflect.NativeMethodAccessorImpl.invoke0(Native Method)
	at java.base/jdk.internal.reflect.NativeMethodAccessorImpl.invoke(NativeMethodAccessorImpl.java:62)
	at java.base/jdk.internal.reflect.DelegatingMethodAccessorImpl.invoke(DelegatingMethodAccessorImpl.java:43)
	at java.base/java.lang.reflect.Method.invoke(Method.java:564)
	at org.apache.maven.surefire.util.ReflectionUtils.invokeMethodWithArray(ReflectionUtils.java:189)
	at org.apache.maven.surefire.booter.ProviderFactory$ProviderProxy.invoke(ProviderFactory.java:165)
	at org.apache.maven.surefire.booter.ProviderFactory.invokeProvider(ProviderFactory.java:85)
	at org.apache.maven.surefire.booter.ForkedBooter.runSuitesInProcess(ForkedBooter.java:115)
	at org.apache.maven.surefire.booter.ForkedBooter.main(ForkedBooter.java:75)
Caused by: java.lang.ClassNotFoundException: javax.xml.bind.PropertyException
	at java.base/jdk.internal.loader.BuiltinClassLoader.loadClass(BuiltinClassLoader.java:582)
	at java.base/jdk.internal.loader.ClassLoaders$AppClassLoader.loadClass(ClassLoaders.java:190)
	at java.base/java.lang.ClassLoader.loadClass(ClassLoader.java:499)
	... 90 more
MultiException stack 2 of 2
java.lang.IllegalArgumentException: Errors were discovered while reifying SystemDescriptor(
	implementation=org.glassfish.jersey.jaxb.internal.XmlCollectionJaxbProvider$General
	contracts={javax.ws.rs.ext.MessageBodyWriter,javax.ws.rs.ext.MessageBodyReader}
	scope=javax.inject.Singleton
	qualifiers={}
	descriptorType=CLASS
	descriptorVisibility=NORMAL
	metadata=
	rank=0
	loader=org.glassfish.hk2.utilities.binding.AbstractBinder$2@16fdec90
	proxiable=null
	proxyForSameScope=null
	analysisName=null
	id=106
	locatorId=0
	identityHashCode=1077873186
	reified=false)
	at org.jvnet.hk2.internal.SystemDescriptor.reify(SystemDescriptor.java:705)
	at org.jvnet.hk2.internal.ServiceLocatorImpl.reifyDescriptor(ServiceLocatorImpl.java:461)
	at org.jvnet.hk2.internal.ServiceLocatorImpl.narrow(ServiceLocatorImpl.java:2288)
	at org.jvnet.hk2.internal.ServiceLocatorImpl.access$1200(ServiceLocatorImpl.java:125)
	at org.jvnet.hk2.internal.ServiceLocatorImpl$9.compute(ServiceLocatorImpl.java:1373)
	at org.jvnet.hk2.internal.ServiceLocatorImpl$9.compute(ServiceLocatorImpl.java:1368)
	at org.glassfish.hk2.utilities.cache.internal.WeakCARCacheImpl.compute(WeakCARCacheImpl.java:116)
	at org.jvnet.hk2.internal.ServiceLocatorImpl.internalGetAllServiceHandles(ServiceLocatorImpl.java:1430)
	at org.jvnet.hk2.internal.ServiceLocatorImpl.getAllServiceHandles(ServiceLocatorImpl.java:1355)
	at org.jvnet.hk2.internal.ServiceLocatorImpl.getAllServiceHandles(ServiceLocatorImpl.java:1344)
	at org.glassfish.jersey.internal.inject.Providers.getServiceHandles(Providers.java:354)
	at org.glassfish.jersey.internal.inject.Providers.getCustomProviders(Providers.java:201)
	at org.glassfish.jersey.message.internal.MessageBodyFactory.&lt;init&gt;(MessageBodyFactory.java:221)
	at java.base/jdk.internal.reflect.NativeConstructorAccessorImpl.newInstance0(Native Method)
	at java.base/jdk.internal.reflect.NativeConstructorAccessorImpl.newInstance(NativeConstructorAccessorImpl.java:62)
	at java.base/jdk.internal.reflect.DelegatingConstructorAccessorImpl.newInstance(DelegatingConstructorAccessorImpl.java:45)
	at java.base/java.lang.reflect.Constructor.newInstance(Constructor.java:488)
	at org.glassfish.hk2.utilities.reflection.ReflectionHelper.makeMe(ReflectionHelper.java:1375)
	at org.jvnet.hk2.internal.ClazzCreator.createMe(ClazzCreator.java:272)
	at org.jvnet.hk2.internal.ClazzCreator.create(ClazzCreator.java:366)
	at org.jvnet.hk2.internal.SystemDescriptor.create(SystemDescriptor.java:487)
	at org.jvnet.hk2.internal.SingletonContext$1.compute(SingletonContext.java:83)
	at org.jvnet.hk2.internal.SingletonContext$1.compute(SingletonContext.java:71)
	at org.glassfish.hk2.utilities.cache.Cache$OriginThreadAwareFuture$1.call(Cache.java:97)
	at java.base/java.util.concurrent.FutureTask.run(FutureTask.java:264)
	at org.glassfish.hk2.utilities.cache.Cache$OriginThreadAwareFuture.run(Cache.java:154)
	at org.glassfish.hk2.utilities.cache.Cache.compute(Cache.java:199)
	at org.jvnet.hk2.internal.SingletonContext.findOrCreate(SingletonContext.java:122)
	at org.jvnet.hk2.internal.Utilities.createService(Utilities.java:2022)
	at org.jvnet.hk2.internal.ServiceLocatorImpl.internalGetService(ServiceLocatorImpl.java:774)
	at org.jvnet.hk2.internal.ServiceLocatorImpl.internalGetService(ServiceLocatorImpl.java:737)
	at org.jvnet.hk2.internal.ServiceLocatorImpl.getService(ServiceLocatorImpl.java:707)
	at org.glassfish.jersey.server.model.ComponentModelValidator.&lt;init&gt;(ComponentModelValidator.java:97)
	at org.glassfish.jersey.server.ApplicationHandler.initialize(ApplicationHandler.java:549)
	at org.glassfish.jersey.server.ApplicationHandler.access$500(ApplicationHandler.java:184)
	at org.glassfish.jersey.server.ApplicationHandler$3.call(ApplicationHandler.java:350)
	at org.glassfish.jersey.server.ApplicationHandler$3.call(ApplicationHandler.java:347)
	at org.glassfish.jersey.internal.Errors.process(Errors.java:315)
	at org.glassfish.jersey.internal.Errors.process(Errors.java:297)
	at org.glassfish.jersey.internal.Errors.processWithException(Errors.java:255)
	at org.glassfish.jersey.server.ApplicationHandler.&lt;init&gt;(ApplicationHandler.java:347)
	at org.glassfish.jersey.server.ApplicationHandler.&lt;init&gt;(ApplicationHandler.java:311)
	at org.glassfish.jersey.grizzly2.httpserver.GrizzlyHttpContainer.&lt;init&gt;(GrizzlyHttpContainer.java:337)
	at org.glassfish.jersey.grizzly2.httpserver.GrizzlyHttpServerFactory.createHttpServer(GrizzlyHttpServerFactory.java:119)
	at com.example.Main.startServer(Main.java:30)
	at com.example.MyResourceTest.setUp(MyResourceTest.java:22)
	at java.base/jdk.internal.reflect.NativeMethodAccessorImpl.invoke0(Native Method)
	at java.base/jdk.internal.reflect.NativeMethodAccessorImpl.invoke(NativeMethodAccessorImpl.java:62)
	at java.base/jdk.internal.reflect.DelegatingMethodAccessorImpl.invoke(DelegatingMethodAccessorImpl.java:43)
	at java.base/java.lang.reflect.Method.invoke(Method.java:564)
	at org.junit.runners.model.FrameworkMethod$1.runReflectiveCall(FrameworkMethod.java:44)
	at org.junit.internal.runners.model.ReflectiveCallable.run(ReflectiveCallable.java:15)
	at org.junit.runners.model.FrameworkMethod.invokeExplosively(FrameworkMethod.java:41)
	at org.junit.internal.runners.statements.RunBefores.evaluate(RunBefores.java:27)
	at org.junit.internal.runners.statements.RunAfters.evaluate(RunAfters.java:31)
	at org.junit.runners.ParentRunner.runLeaf(ParentRunner.java:263)
	at org.junit.runners.BlockJUnit4ClassRunner.runChild(BlockJUnit4ClassRunner.java:69)
	at org.junit.runners.BlockJUnit4ClassRunner.runChild(BlockJUnit4ClassRunner.java:48)
	at org.junit.runners.ParentRunner$3.run(ParentRunner.java:231)
	at org.junit.runners.ParentRunner$1.schedule(ParentRunner.java:60)
	at org.junit.runners.ParentRunner.runChildren(ParentRunner.java:229)
	at org.junit.runners.ParentRunner.access$000(ParentRunner.java:50)
	at org.junit.runners.ParentRunner$2.evaluate(ParentRunner.java:222)
	at org.junit.runners.ParentRunner.run(ParentRunner.java:292)
	at org.apache.maven.surefire.junit4.JUnit4Provider.execute(JUnit4Provider.java:252)
	at org.apache.maven.surefire.junit4.JUnit4Provider.executeTestSet(JUnit4Provider.java:141)
	at org.apache.maven.surefire.junit4.JUnit4Provider.invoke(JUnit4Provider.java:112)
	at java.base/jdk.internal.reflect.NativeMethodAccessorImpl.invoke0(Native Method)
	at java.base/jdk.internal.reflect.NativeMethodAccessorImpl.invoke(NativeMethodAccessorImpl.java:62)
	at java.base/jdk.internal.reflect.DelegatingMethodAccessorImpl.invoke(DelegatingMethodAccessorImpl.java:43)
	at java.base/java.lang.reflect.Method.invoke(Method.java:564)
	at org.apache.maven.surefire.util.ReflectionUtils.invokeMethodWithArray(ReflectionUtils.java:189)
	at org.apache.maven.surefire.booter.ProviderFactory$ProviderProxy.invoke(ProviderFactory.java:165)
	at org.apache.maven.surefire.booter.ProviderFactory.invokeProvider(ProviderFactory.java:85)
	at org.apache.maven.surefire.booter.ForkedBooter.runSuitesInProcess(ForkedBooter.java:115)
	at org.apache.maven.surefire.booter.ForkedBooter.main(ForkedBooter.java:75)

WARNING: HK2 service reification failed for [org.glassfish.jersey.jaxb.internal.XmlRootElementJaxbProvider$App] with an exception:
MultiException stack 1 of 2
java.lang.NoClassDefFoundError: javax/xml/bind/PropertyException
	at java.base/java.lang.Class.getDeclaredConstructors0(Native Method)
	at java.base/java.lang.Class.privateGetDeclaredConstructors(Class.java:3090)
	at java.base/java.lang.Class.getDeclaredConstructors(Class.java:2316)
	at org.jvnet.hk2.internal.Utilities$3.run(Utilities.java:1308)
	at org.jvnet.hk2.internal.Utilities$3.run(Utilities.java:1304)
	at java.base/java.security.AccessController.doPrivileged(Native Method)
	at org.jvnet.hk2.internal.Utilities.getAllConstructors(Utilities.java:1304)
	at org.jvnet.hk2.internal.Utilities.findProducerConstructor(Utilities.java:1247)
	at org.jvnet.hk2.internal.DefaultClassAnalyzer.getConstructor(DefaultClassAnalyzer.java:83)
	at org.glassfish.jersey.internal.inject.JerseyClassAnalyzer.getConstructor(JerseyClassAnalyzer.java:144)
	at org.jvnet.hk2.internal.Utilities.getConstructor(Utilities.java:178)
	at org.jvnet.hk2.internal.ClazzCreator.initialize(ClazzCreator.java:129)
	at org.jvnet.hk2.internal.ClazzCreator.initialize(ClazzCreator.java:180)
	at org.jvnet.hk2.internal.SystemDescriptor.internalReify(SystemDescriptor.java:740)
	at org.jvnet.hk2.internal.SystemDescriptor.reify(SystemDescriptor.java:694)
	at org.jvnet.hk2.internal.ServiceLocatorImpl.reifyDescriptor(ServiceLocatorImpl.java:461)
	at org.jvnet.hk2.internal.ServiceLocatorImpl.narrow(ServiceLocatorImpl.java:2288)
	at org.jvnet.hk2.internal.ServiceLocatorImpl.access$1200(ServiceLocatorImpl.java:125)
	at org.jvnet.hk2.internal.ServiceLocatorImpl$9.compute(ServiceLocatorImpl.java:1373)
	at org.jvnet.hk2.internal.ServiceLocatorImpl$9.compute(ServiceLocatorImpl.java:1368)
	at org.glassfish.hk2.utilities.cache.internal.WeakCARCacheImpl.compute(WeakCARCacheImpl.java:116)
	at org.jvnet.hk2.internal.ServiceLocatorImpl.internalGetAllServiceHandles(ServiceLocatorImpl.java:1430)
	at org.jvnet.hk2.internal.ServiceLocatorImpl.getAllServiceHandles(ServiceLocatorImpl.java:1355)
	at org.jvnet.hk2.internal.ServiceLocatorImpl.getAllServiceHandles(ServiceLocatorImpl.java:1344)
	at org.glassfish.jersey.internal.inject.Providers.getServiceHandles(Providers.java:354)
	at org.glassfish.jersey.internal.inject.Providers.getCustomProviders(Providers.java:201)
	at org.glassfish.jersey.message.internal.MessageBodyFactory.&lt;init&gt;(MessageBodyFactory.java:221)
	at java.base/jdk.internal.reflect.NativeConstructorAccessorImpl.newInstance0(Native Method)
	at java.base/jdk.internal.reflect.NativeConstructorAccessorImpl.newInstance(NativeConstructorAccessorImpl.java:62)
	at java.base/jdk.internal.reflect.DelegatingConstructorAccessorImpl.newInstance(DelegatingConstructorAccessorImpl.java:45)
	at java.base/java.lang.reflect.Constructor.newInstance(Constructor.java:488)
	at org.glassfish.hk2.utilities.reflection.ReflectionHelper.makeMe(ReflectionHelper.java:1375)
	at org.jvnet.hk2.internal.ClazzCreator.createMe(ClazzCreator.java:272)
	at org.jvnet.hk2.internal.ClazzCreator.create(ClazzCreator.java:366)
	at org.jvnet.hk2.internal.SystemDescriptor.create(SystemDescriptor.java:487)
	at org.jvnet.hk2.internal.SingletonContext$1.compute(SingletonContext.java:83)
	at org.jvnet.hk2.internal.SingletonContext$1.compute(SingletonContext.java:71)
	at org.glassfish.hk2.utilities.cache.Cache$OriginThreadAwareFuture$1.call(Cache.java:97)
	at java.base/java.util.concurrent.FutureTask.run(FutureTask.java:264)
	at org.glassfish.hk2.utilities.cache.Cache$OriginThreadAwareFuture.run(Cache.java:154)
	at org.glassfish.hk2.utilities.cache.Cache.compute(Cache.java:199)
	at org.jvnet.hk2.internal.SingletonContext.findOrCreate(SingletonContext.java:122)
	at org.jvnet.hk2.internal.Utilities.createService(Utilities.java:2022)
	at org.jvnet.hk2.internal.ServiceLocatorImpl.internalGetService(ServiceLocatorImpl.java:774)
	at org.jvnet.hk2.internal.ServiceLocatorImpl.internalGetService(ServiceLocatorImpl.java:737)
	at org.jvnet.hk2.internal.ServiceLocatorImpl.getService(ServiceLocatorImpl.java:707)
	at org.glassfish.jersey.server.model.ComponentModelValidator.&lt;init&gt;(ComponentModelValidator.java:97)
	at org.glassfish.jersey.server.ApplicationHandler.initialize(ApplicationHandler.java:549)
	at org.glassfish.jersey.server.ApplicationHandler.access$500(ApplicationHandler.java:184)
	at org.glassfish.jersey.server.ApplicationHandler$3.call(ApplicationHandler.java:350)
	at org.glassfish.jersey.server.ApplicationHandler$3.call(ApplicationHandler.java:347)
	at org.glassfish.jersey.internal.Errors.process(Errors.java:315)
	at org.glassfish.jersey.internal.Errors.process(Errors.java:297)
	at org.glassfish.jersey.internal.Errors.processWithException(Errors.java:255)
	at org.glassfish.jersey.server.ApplicationHandler.&lt;init&gt;(ApplicationHandler.java:347)
	at org.glassfish.jersey.server.ApplicationHandler.&lt;init&gt;(ApplicationHandler.java:311)
	at org.glassfish.jersey.grizzly2.httpserver.GrizzlyHttpContainer.&lt;init&gt;(GrizzlyHttpContainer.java:337)
	at org.glassfish.jersey.grizzly2.httpserver.GrizzlyHttpServerFactory.createHttpServer(GrizzlyHttpServerFactory.java:119)
	at com.example.Main.startServer(Main.java:30)
	at com.example.MyResourceTest.setUp(MyResourceTest.java:22)
	at java.base/jdk.internal.reflect.NativeMethodAccessorImpl.invoke0(Native Method)
	at java.base/jdk.internal.reflect.NativeMethodAccessorImpl.invoke(NativeMethodAccessorImpl.java:62)
	at java.base/jdk.internal.reflect.DelegatingMethodAccessorImpl.invoke(DelegatingMethodAccessorImpl.java:43)
	at java.base/java.lang.reflect.Method.invoke(Method.java:564)
	at org.junit.runners.model.FrameworkMethod$1.runReflectiveCall(FrameworkMethod.java:44)
	at org.junit.internal.runners.model.ReflectiveCallable.run(ReflectiveCallable.java:15)
	at org.junit.runners.model.FrameworkMethod.invokeExplosively(FrameworkMethod.java:41)
	at org.junit.internal.runners.statements.RunBefores.evaluate(RunBefores.java:27)
	at org.junit.internal.runners.statements.RunAfters.evaluate(RunAfters.java:31)
	at org.junit.runners.ParentRunner.runLeaf(ParentRunner.java:263)
	at org.junit.runners.BlockJUnit4ClassRunner.runChild(BlockJUnit4ClassRunner.java:69)
	at org.junit.runners.BlockJUnit4ClassRunner.runChild(BlockJUnit4ClassRunner.java:48)
	at org.junit.runners.ParentRunner$3.run(ParentRunner.java:231)
	at org.junit.runners.ParentRunner$1.schedule(ParentRunner.java:60)
	at org.junit.runners.ParentRunner.runChildren(ParentRunner.java:229)
	at org.junit.runners.ParentRunner.access$000(ParentRunner.java:50)
	at org.junit.runners.ParentRunner$2.evaluate(ParentRunner.java:222)
	at org.junit.runners.ParentRunner.run(ParentRunner.java:292)
	at org.apache.maven.surefire.junit4.JUnit4Provider.execute(JUnit4Provider.java:252)
	at org.apache.maven.surefire.junit4.JUnit4Provider.executeTestSet(JUnit4Provider.java:141)
	at org.apache.maven.surefire.junit4.JUnit4Provider.invoke(JUnit4Provider.java:112)
	at java.base/jdk.internal.reflect.NativeMethodAccessorImpl.invoke0(Native Method)
	at java.base/jdk.internal.reflect.NativeMethodAccessorImpl.invoke(NativeMethodAccessorImpl.java:62)
	at java.base/jdk.internal.reflect.DelegatingMethodAccessorImpl.invoke(DelegatingMethodAccessorImpl.java:43)
	at java.base/java.lang.reflect.Method.invoke(Method.java:564)
	at org.apache.maven.surefire.util.ReflectionUtils.invokeMethodWithArray(ReflectionUtils.java:189)
	at org.apache.maven.surefire.booter.ProviderFactory$ProviderProxy.invoke(ProviderFactory.java:165)
	at org.apache.maven.surefire.booter.ProviderFactory.invokeProvider(ProviderFactory.java:85)
	at org.apache.maven.surefire.booter.ForkedBooter.runSuitesInProcess(ForkedBooter.java:115)
	at org.apache.maven.surefire.booter.ForkedBooter.main(ForkedBooter.java:75)
Caused by: java.lang.ClassNotFoundException: javax.xml.bind.PropertyException
	at java.base/jdk.internal.loader.BuiltinClassLoader.loadClass(BuiltinClassLoader.java:582)
	at java.base/jdk.internal.loader.ClassLoaders$AppClassLoader.loadClass(ClassLoaders.java:190)
	at java.base/java.lang.ClassLoader.loadClass(ClassLoader.java:499)
	... 90 more
MultiException stack 2 of 2
java.lang.IllegalArgumentException: Errors were discovered while reifying SystemDescriptor(
	implementation=org.glassfish.jersey.jaxb.internal.XmlRootElementJaxbProvider$App
	contracts={javax.ws.rs.ext.MessageBodyWriter,javax.ws.rs.ext.MessageBodyReader}
	scope=javax.inject.Singleton
	qualifiers={}
	descriptorType=CLASS
	descriptorVisibility=NORMAL
	metadata=
	rank=0
	loader=org.glassfish.hk2.utilities.binding.AbstractBinder$2@16fdec90
	proxiable=null
	proxyForSameScope=null
	analysisName=null
	id=107
	locatorId=0
	identityHashCode=1771421544
	reified=false)
	at org.jvnet.hk2.internal.SystemDescriptor.reify(SystemDescriptor.java:705)
	at org.jvnet.hk2.internal.ServiceLocatorImpl.reifyDescriptor(ServiceLocatorImpl.java:461)
	at org.jvnet.hk2.internal.ServiceLocatorImpl.narrow(ServiceLocatorImpl.java:2288)
	at org.jvnet.hk2.internal.ServiceLocatorImpl.access$1200(ServiceLocatorImpl.java:125)
	at org.jvnet.hk2.internal.ServiceLocatorImpl$9.compute(ServiceLocatorImpl.java:1373)
	at org.jvnet.hk2.internal.ServiceLocatorImpl$9.compute(ServiceLocatorImpl.java:1368)
	at org.glassfish.hk2.utilities.cache.internal.WeakCARCacheImpl.compute(WeakCARCacheImpl.java:116)
	at org.jvnet.hk2.internal.ServiceLocatorImpl.internalGetAllServiceHandles(ServiceLocatorImpl.java:1430)
	at org.jvnet.hk2.internal.ServiceLocatorImpl.getAllServiceHandles(ServiceLocatorImpl.java:1355)
	at org.jvnet.hk2.internal.ServiceLocatorImpl.getAllServiceHandles(ServiceLocatorImpl.java:1344)
	at org.glassfish.jersey.internal.inject.Providers.getServiceHandles(Providers.java:354)
	at org.glassfish.jersey.internal.inject.Providers.getCustomProviders(Providers.java:201)
	at org.glassfish.jersey.message.internal.MessageBodyFactory.&lt;init&gt;(MessageBodyFactory.java:221)
	at java.base/jdk.internal.reflect.NativeConstructorAccessorImpl.newInstance0(Native Method)
	at java.base/jdk.internal.reflect.NativeConstructorAccessorImpl.newInstance(NativeConstructorAccessorImpl.java:62)
	at java.base/jdk.internal.reflect.DelegatingConstructorAccessorImpl.newInstance(DelegatingConstructorAccessorImpl.java:45)
	at java.base/java.lang.reflect.Constructor.newInstance(Constructor.java:488)
	at org.glassfish.hk2.utilities.reflection.ReflectionHelper.makeMe(ReflectionHelper.java:1375)
	at org.jvnet.hk2.internal.ClazzCreator.createMe(ClazzCreator.java:272)
	at org.jvnet.hk2.internal.ClazzCreator.create(ClazzCreator.java:366)
	at org.jvnet.hk2.internal.SystemDescriptor.create(SystemDescriptor.java:487)
	at org.jvnet.hk2.internal.SingletonContext$1.compute(SingletonContext.java:83)
	at org.jvnet.hk2.internal.SingletonContext$1.compute(SingletonContext.java:71)
	at org.glassfish.hk2.utilities.cache.Cache$OriginThreadAwareFuture$1.call(Cache.java:97)
	at java.base/java.util.concurrent.FutureTask.run(FutureTask.java:264)
	at org.glassfish.hk2.utilities.cache.Cache$OriginThreadAwareFuture.run(Cache.java:154)
	at org.glassfish.hk2.utilities.cache.Cache.compute(Cache.java:199)
	at org.jvnet.hk2.internal.SingletonContext.findOrCreate(SingletonContext.java:122)
	at org.jvnet.hk2.internal.Utilities.createService(Utilities.java:2022)
	at org.jvnet.hk2.internal.ServiceLocatorImpl.internalGetService(ServiceLocatorImpl.java:774)
	at org.jvnet.hk2.internal.ServiceLocatorImpl.internalGetService(ServiceLocatorImpl.java:737)
	at org.jvnet.hk2.internal.ServiceLocatorImpl.getService(ServiceLocatorImpl.java:707)
	at org.glassfish.jersey.server.model.ComponentModelValidator.&lt;init&gt;(ComponentModelValidator.java:97)
	at org.glassfish.jersey.server.ApplicationHandler.initialize(ApplicationHandler.java:549)
	at org.glassfish.jersey.server.ApplicationHandler.access$500(ApplicationHandler.java:184)
	at org.glassfish.jersey.server.ApplicationHandler$3.call(ApplicationHandler.java:350)
	at org.glassfish.jersey.server.ApplicationHandler$3.call(ApplicationHandler.java:347)
	at org.glassfish.jersey.internal.Errors.process(Errors.java:315)
	at org.glassfish.jersey.internal.Errors.process(Errors.java:297)
	at org.glassfish.jersey.internal.Errors.processWithException(Errors.java:255)
	at org.glassfish.jersey.server.ApplicationHandler.&lt;init&gt;(ApplicationHandler.java:347)
	at org.glassfish.jersey.server.ApplicationHandler.&lt;init&gt;(ApplicationHandler.java:311)
	at org.glassfish.jersey.grizzly2.httpserver.GrizzlyHttpContainer.&lt;init&gt;(GrizzlyHttpContainer.java:337)
	at org.glassfish.jersey.grizzly2.httpserver.GrizzlyHttpServerFactory.createHttpServer(GrizzlyHttpServerFactory.java:119)
	at com.example.Main.startServer(Main.java:30)
	at com.example.MyResourceTest.setUp(MyResourceTest.java:22)
	at java.base/jdk.internal.reflect.NativeMethodAccessorImpl.invoke0(Native Method)
	at java.base/jdk.internal.reflect.NativeMethodAccessorImpl.invoke(NativeMethodAccessorImpl.java:62)
	at java.base/jdk.internal.reflect.DelegatingMethodAccessorImpl.invoke(DelegatingMethodAccessorImpl.java:43)
	at java.base/java.lang.reflect.Method.invoke(Method.java:564)
	at org.junit.runners.model.FrameworkMethod$1.runReflectiveCall(FrameworkMethod.java:44)
	at org.junit.internal.runners.model.ReflectiveCallable.run(ReflectiveCallable.java:15)
	at org.junit.runners.model.FrameworkMethod.invokeExplosively(FrameworkMethod.java:41)
	at org.junit.internal.runners.statements.RunBefores.evaluate(RunBefores.java:27)
	at org.junit.internal.runners.statements.RunAfters.evaluate(RunAfters.java:31)
	at org.junit.runners.ParentRunner.runLeaf(ParentRunner.java:263)
	at org.junit.runners.BlockJUnit4ClassRunner.runChild(BlockJUnit4ClassRunner.java:69)
	at org.junit.runners.BlockJUnit4ClassRunner.runChild(BlockJUnit4ClassRunner.java:48)
	at org.junit.runners.ParentRunner$3.run(ParentRunner.java:231)
	at org.junit.runners.ParentRunner$1.schedule(ParentRunner.java:60)
	at org.junit.runners.ParentRunner.runChildren(ParentRunner.java:229)
	at org.junit.runners.ParentRunner.access$000(ParentRunner.java:50)
	at org.junit.runners.ParentRunner$2.evaluate(ParentRunner.java:222)
	at org.junit.runners.ParentRunner.run(ParentRunner.java:292)
	at org.apache.maven.surefire.junit4.JUnit4Provider.execute(JUnit4Provider.java:252)
	at org.apache.maven.surefire.junit4.JUnit4Provider.executeTestSet(JUnit4Provider.java:141)
	at org.apache.maven.surefire.junit4.JUnit4Provider.invoke(JUnit4Provider.java:112)
	at java.base/jdk.internal.reflect.NativeMethodAccessorImpl.invoke0(Native Method)
	at java.base/jdk.internal.reflect.NativeMethodAccessorImpl.invoke(NativeMethodAccessorImpl.java:62)
	at java.base/jdk.internal.reflect.DelegatingMethodAccessorImpl.invoke(DelegatingMethodAccessorImpl.java:43)
	at java.base/java.lang.reflect.Method.invoke(Method.java:564)
	at org.apache.maven.surefire.util.ReflectionUtils.invokeMethodWithArray(ReflectionUtils.java:189)
	at org.apache.maven.surefire.booter.ProviderFactory$ProviderProxy.invoke(ProviderFactory.java:165)
	at org.apache.maven.surefire.booter.ProviderFactory.invokeProvider(ProviderFactory.java:85)
	at org.apache.maven.surefire.booter.ForkedBooter.runSuitesInProcess(ForkedBooter.java:115)
	at org.apache.maven.surefire.booter.ForkedBooter.main(ForkedBooter.java:75)

WARNING: HK2 service reification failed for [org.glassfish.jersey.jaxb.internal.XmlRootElementJaxbProvider$Text] with an exception:
MultiException stack 1 of 2
java.lang.NoClassDefFoundError: javax/xml/bind/PropertyException
	at java.base/java.lang.Class.getDeclaredConstructors0(Native Method)
	at java.base/java.lang.Class.privateGetDeclaredConstructors(Class.java:3090)
	at java.base/java.lang.Class.getDeclaredConstructors(Class.java:2316)
	at org.jvnet.hk2.internal.Utilities$3.run(Utilities.java:1308)
	at org.jvnet.hk2.internal.Utilities$3.run(Utilities.java:1304)
	at java.base/java.security.AccessController.doPrivileged(Native Method)
	at org.jvnet.hk2.internal.Utilities.getAllConstructors(Utilities.java:1304)
	at org.jvnet.hk2.internal.Utilities.findProducerConstructor(Utilities.java:1247)
	at org.jvnet.hk2.internal.DefaultClassAnalyzer.getConstructor(DefaultClassAnalyzer.java:83)
	at org.glassfish.jersey.internal.inject.JerseyClassAnalyzer.getConstructor(JerseyClassAnalyzer.java:144)
	at org.jvnet.hk2.internal.Utilities.getConstructor(Utilities.java:178)
	at org.jvnet.hk2.internal.ClazzCreator.initialize(ClazzCreator.java:129)
	at org.jvnet.hk2.internal.ClazzCreator.initialize(ClazzCreator.java:180)
	at org.jvnet.hk2.internal.SystemDescriptor.internalReify(SystemDescriptor.java:740)
	at org.jvnet.hk2.internal.SystemDescriptor.reify(SystemDescriptor.java:694)
	at org.jvnet.hk2.internal.ServiceLocatorImpl.reifyDescriptor(ServiceLocatorImpl.java:461)
	at org.jvnet.hk2.internal.ServiceLocatorImpl.narrow(ServiceLocatorImpl.java:2288)
	at org.jvnet.hk2.internal.ServiceLocatorImpl.access$1200(ServiceLocatorImpl.java:125)
	at org.jvnet.hk2.internal.ServiceLocatorImpl$9.compute(ServiceLocatorImpl.java:1373)
	at org.jvnet.hk2.internal.ServiceLocatorImpl$9.compute(ServiceLocatorImpl.java:1368)
	at org.glassfish.hk2.utilities.cache.internal.WeakCARCacheImpl.compute(WeakCARCacheImpl.java:116)
	at org.jvnet.hk2.internal.ServiceLocatorImpl.internalGetAllServiceHandles(ServiceLocatorImpl.java:1430)
	at org.jvnet.hk2.internal.ServiceLocatorImpl.getAllServiceHandles(ServiceLocatorImpl.java:1355)
	at org.jvnet.hk2.internal.ServiceLocatorImpl.getAllServiceHandles(ServiceLocatorImpl.java:1344)
	at org.glassfish.jersey.internal.inject.Providers.getServiceHandles(Providers.java:354)
	at org.glassfish.jersey.internal.inject.Providers.getCustomProviders(Providers.java:201)
	at org.glassfish.jersey.message.internal.MessageBodyFactory.&lt;init&gt;(MessageBodyFactory.java:221)
	at java.base/jdk.internal.reflect.NativeConstructorAccessorImpl.newInstance0(Native Method)
	at java.base/jdk.internal.reflect.NativeConstructorAccessorImpl.newInstance(NativeConstructorAccessorImpl.java:62)
	at java.base/jdk.internal.reflect.DelegatingConstructorAccessorImpl.newInstance(DelegatingConstructorAccessorImpl.java:45)
	at java.base/java.lang.reflect.Constructor.newInstance(Constructor.java:488)
	at org.glassfish.hk2.utilities.reflection.ReflectionHelper.makeMe(ReflectionHelper.java:1375)
	at org.jvnet.hk2.internal.ClazzCreator.createMe(ClazzCreator.java:272)
	at org.jvnet.hk2.internal.ClazzCreator.create(ClazzCreator.java:366)
	at org.jvnet.hk2.internal.SystemDescriptor.create(SystemDescriptor.java:487)
	at org.jvnet.hk2.internal.SingletonContext$1.compute(SingletonContext.java:83)
	at org.jvnet.hk2.internal.SingletonContext$1.compute(SingletonContext.java:71)
	at org.glassfish.hk2.utilities.cache.Cache$OriginThreadAwareFuture$1.call(Cache.java:97)
	at java.base/java.util.concurrent.FutureTask.run(FutureTask.java:264)
	at org.glassfish.hk2.utilities.cache.Cache$OriginThreadAwareFuture.run(Cache.java:154)
	at org.glassfish.hk2.utilities.cache.Cache.compute(Cache.java:199)
	at org.jvnet.hk2.internal.SingletonContext.findOrCreate(SingletonContext.java:122)
	at org.jvnet.hk2.internal.Utilities.createService(Utilities.java:2022)
	at org.jvnet.hk2.internal.ServiceLocatorImpl.internalGetService(ServiceLocatorImpl.java:774)
	at org.jvnet.hk2.internal.ServiceLocatorImpl.internalGetService(ServiceLocatorImpl.java:737)
	at org.jvnet.hk2.internal.ServiceLocatorImpl.getService(ServiceLocatorImpl.java:707)
	at org.glassfish.jersey.server.model.ComponentModelValidator.&lt;init&gt;(ComponentModelValidator.java:97)
	at org.glassfish.jersey.server.ApplicationHandler.initialize(ApplicationHandler.java:549)
	at org.glassfish.jersey.server.ApplicationHandler.access$500(ApplicationHandler.java:184)
	at org.glassfish.jersey.server.ApplicationHandler$3.call(ApplicationHandler.java:350)
	at org.glassfish.jersey.server.ApplicationHandler$3.call(ApplicationHandler.java:347)
	at org.glassfish.jersey.internal.Errors.process(Errors.java:315)
	at org.glassfish.jersey.internal.Errors.process(Errors.java:297)
	at org.glassfish.jersey.internal.Errors.processWithException(Errors.java:255)
	at org.glassfish.jersey.server.ApplicationHandler.&lt;init&gt;(ApplicationHandler.java:347)
	at org.glassfish.jersey.server.ApplicationHandler.&lt;init&gt;(ApplicationHandler.java:311)
	at org.glassfish.jersey.grizzly2.httpserver.GrizzlyHttpContainer.&lt;init&gt;(GrizzlyHttpContainer.java:337)
	at org.glassfish.jersey.grizzly2.httpserver.GrizzlyHttpServerFactory.createHttpServer(GrizzlyHttpServerFactory.java:119)
	at com.example.Main.startServer(Main.java:30)
	at com.example.MyResourceTest.setUp(MyResourceTest.java:22)
	at java.base/jdk.internal.reflect.NativeMethodAccessorImpl.invoke0(Native Method)
	at java.base/jdk.internal.reflect.NativeMethodAccessorImpl.invoke(NativeMethodAccessorImpl.java:62)
	at java.base/jdk.internal.reflect.DelegatingMethodAccessorImpl.invoke(DelegatingMethodAccessorImpl.java:43)
	at java.base/java.lang.reflect.Method.invoke(Method.java:564)
	at org.junit.runners.model.FrameworkMethod$1.runReflectiveCall(FrameworkMethod.java:44)
	at org.junit.internal.runners.model.ReflectiveCallable.run(ReflectiveCallable.java:15)
	at org.junit.runners.model.FrameworkMethod.invokeExplosively(FrameworkMethod.java:41)
	at org.junit.internal.runners.statements.RunBefores.evaluate(RunBefores.java:27)
	at org.junit.internal.runners.statements.RunAfters.evaluate(RunAfters.java:31)
	at org.junit.runners.ParentRunner.runLeaf(ParentRunner.java:263)
	at org.junit.runners.BlockJUnit4ClassRunner.runChild(BlockJUnit4ClassRunner.java:69)
	at org.junit.runners.BlockJUnit4ClassRunner.runChild(BlockJUnit4ClassRunner.java:48)
	at org.junit.runners.ParentRunner$3.run(ParentRunner.java:231)
	at org.junit.runners.ParentRunner$1.schedule(ParentRunner.java:60)
	at org.junit.runners.ParentRunner.runChildren(ParentRunner.java:229)
	at org.junit.runners.ParentRunner.access$000(ParentRunner.java:50)
	at org.junit.runners.ParentRunner$2.evaluate(ParentRunner.java:222)
	at org.junit.runners.ParentRunner.run(ParentRunner.java:292)
	at org.apache.maven.surefire.junit4.JUnit4Provider.execute(JUnit4Provider.java:252)
	at org.apache.maven.surefire.junit4.JUnit4Provider.executeTestSet(JUnit4Provider.java:141)
	at org.apache.maven.surefire.junit4.JUnit4Provider.invoke(JUnit4Provider.java:112)
	at java.base/jdk.internal.reflect.NativeMethodAccessorImpl.invoke0(Native Method)
	at java.base/jdk.internal.reflect.NativeMethodAccessorImpl.invoke(NativeMethodAccessorImpl.java:62)
	at java.base/jdk.internal.reflect.DelegatingMethodAccessorImpl.invoke(DelegatingMethodAccessorImpl.java:43)
	at java.base/java.lang.reflect.Method.invoke(Method.java:564)
	at org.apache.maven.surefire.util.ReflectionUtils.invokeMethodWithArray(ReflectionUtils.java:189)
	at org.apache.maven.surefire.booter.ProviderFactory$ProviderProxy.invoke(ProviderFactory.java:165)
	at org.apache.maven.surefire.booter.ProviderFactory.invokeProvider(ProviderFactory.java:85)
	at org.apache.maven.surefire.booter.ForkedBooter.runSuitesInProcess(ForkedBooter.java:115)
	at org.apache.maven.surefire.booter.ForkedBooter.main(ForkedBooter.java:75)
Caused by: java.lang.ClassNotFoundException: javax.xml.bind.PropertyException
	at java.base/jdk.internal.loader.BuiltinClassLoader.loadClass(BuiltinClassLoader.java:582)
	at java.base/jdk.internal.loader.ClassLoaders$AppClassLoader.loadClass(ClassLoaders.java:190)
	at java.base/java.lang.ClassLoader.loadClass(ClassLoader.java:499)
	... 90 more
MultiException stack 2 of 2
java.lang.IllegalArgumentException: Errors were discovered while reifying SystemDescriptor(
	implementation=org.glassfish.jersey.jaxb.internal.XmlRootElementJaxbProvider$Text
	contracts={javax.ws.rs.ext.MessageBodyWriter,javax.ws.rs.ext.MessageBodyReader}
	scope=javax.inject.Singleton
	qualifiers={}
	descriptorType=CLASS
	descriptorVisibility=NORMAL
	metadata=
	rank=0
	loader=org.glassfish.hk2.utilities.binding.AbstractBinder$2@16fdec90
	proxiable=null
	proxyForSameScope=null
	analysisName=null
	id=108
	locatorId=0
	identityHashCode=896072146
	reified=false)
	at org.jvnet.hk2.internal.SystemDescriptor.reify(SystemDescriptor.java:705)
	at org.jvnet.hk2.internal.ServiceLocatorImpl.reifyDescriptor(ServiceLocatorImpl.java:461)
	at org.jvnet.hk2.internal.ServiceLocatorImpl.narrow(ServiceLocatorImpl.java:2288)
	at org.jvnet.hk2.internal.ServiceLocatorImpl.access$1200(ServiceLocatorImpl.java:125)
	at org.jvnet.hk2.internal.ServiceLocatorImpl$9.compute(ServiceLocatorImpl.java:1373)
	at org.jvnet.hk2.internal.ServiceLocatorImpl$9.compute(ServiceLocatorImpl.java:1368)
	at org.glassfish.hk2.utilities.cache.internal.WeakCARCacheImpl.compute(WeakCARCacheImpl.java:116)
	at org.jvnet.hk2.internal.ServiceLocatorImpl.internalGetAllServiceHandles(ServiceLocatorImpl.java:1430)
	at org.jvnet.hk2.internal.ServiceLocatorImpl.getAllServiceHandles(ServiceLocatorImpl.java:1355)
	at org.jvnet.hk2.internal.ServiceLocatorImpl.getAllServiceHandles(ServiceLocatorImpl.java:1344)
	at org.glassfish.jersey.internal.inject.Providers.getServiceHandles(Providers.java:354)
	at org.glassfish.jersey.internal.inject.Providers.getCustomProviders(Providers.java:201)
	at org.glassfish.jersey.message.internal.MessageBodyFactory.&lt;init&gt;(MessageBodyFactory.java:221)
	at java.base/jdk.internal.reflect.NativeConstructorAccessorImpl.newInstance0(Native Method)
	at java.base/jdk.internal.reflect.NativeConstructorAccessorImpl.newInstance(NativeConstructorAccessorImpl.java:62)
	at java.base/jdk.internal.reflect.DelegatingConstructorAccessorImpl.newInstance(DelegatingConstructorAccessorImpl.java:45)
	at java.base/java.lang.reflect.Constructor.newInstance(Constructor.java:488)
	at org.glassfish.hk2.utilities.reflection.ReflectionHelper.makeMe(ReflectionHelper.java:1375)
	at org.jvnet.hk2.internal.ClazzCreator.createMe(ClazzCreator.java:272)
	at org.jvnet.hk2.internal.ClazzCreator.create(ClazzCreator.java:366)
	at org.jvnet.hk2.internal.SystemDescriptor.create(SystemDescriptor.java:487)
	at org.jvnet.hk2.internal.SingletonContext$1.compute(SingletonContext.java:83)
	at org.jvnet.hk2.internal.SingletonContext$1.compute(SingletonContext.java:71)
	at org.glassfish.hk2.utilities.cache.Cache$OriginThreadAwareFuture$1.call(Cache.java:97)
	at java.base/java.util.concurrent.FutureTask.run(FutureTask.java:264)
	at org.glassfish.hk2.utilities.cache.Cache$OriginThreadAwareFuture.run(Cache.java:154)
	at org.glassfish.hk2.utilities.cache.Cache.compute(Cache.java:199)
	at org.jvnet.hk2.internal.SingletonContext.findOrCreate(SingletonContext.java:122)
	at org.jvnet.hk2.internal.Utilities.createService(Utilities.java:2022)
	at org.jvnet.hk2.internal.ServiceLocatorImpl.internalGetService(ServiceLocatorImpl.java:774)
	at org.jvnet.hk2.internal.ServiceLocatorImpl.internalGetService(ServiceLocatorImpl.java:737)
	at org.jvnet.hk2.internal.ServiceLocatorImpl.getService(ServiceLocatorImpl.java:707)
	at org.glassfish.jersey.server.model.ComponentModelValidator.&lt;init&gt;(ComponentModelValidator.java:97)
	at org.glassfish.jersey.server.ApplicationHandler.initialize(ApplicationHandler.java:549)
	at org.glassfish.jersey.server.ApplicationHandler.access$500(ApplicationHandler.java:184)
	at org.glassfish.jersey.server.ApplicationHandler$3.call(ApplicationHandler.java:350)
	at org.glassfish.jersey.server.ApplicationHandler$3.call(ApplicationHandler.java:347)
	at org.glassfish.jersey.internal.Errors.process(Errors.java:315)
	at org.glassfish.jersey.internal.Errors.process(Errors.java:297)
	at org.glassfish.jersey.internal.Errors.processWithException(Errors.java:255)
	at org.glassfish.jersey.server.ApplicationHandler.&lt;init&gt;(ApplicationHandler.java:347)
	at org.glassfish.jersey.server.ApplicationHandler.&lt;init&gt;(ApplicationHandler.java:311)
	at org.glassfish.jersey.grizzly2.httpserver.GrizzlyHttpContainer.&lt;init&gt;(GrizzlyHttpContainer.java:337)
	at org.glassfish.jersey.grizzly2.httpserver.GrizzlyHttpServerFactory.createHttpServer(GrizzlyHttpServerFactory.java:119)
	at com.example.Main.startServer(Main.java:30)
	at com.example.MyResourceTest.setUp(MyResourceTest.java:22)
	at java.base/jdk.internal.reflect.NativeMethodAccessorImpl.invoke0(Native Method)
	at java.base/jdk.internal.reflect.NativeMethodAccessorImpl.invoke(NativeMethodAccessorImpl.java:62)
	at java.base/jdk.internal.reflect.DelegatingMethodAccessorImpl.invoke(DelegatingMethodAccessorImpl.java:43)
	at java.base/java.lang.reflect.Method.invoke(Method.java:564)
	at org.junit.runners.model.FrameworkMethod$1.runReflectiveCall(FrameworkMethod.java:44)
	at org.junit.internal.runners.model.ReflectiveCallable.run(ReflectiveCallable.java:15)
	at org.junit.runners.model.FrameworkMethod.invokeExplosively(FrameworkMethod.java:41)
	at org.junit.internal.runners.statements.RunBefores.evaluate(RunBefores.java:27)
	at org.junit.internal.runners.statements.RunAfters.evaluate(RunAfters.java:31)
	at org.junit.runners.ParentRunner.runLeaf(ParentRunner.java:263)
	at org.junit.runners.BlockJUnit4ClassRunner.runChild(BlockJUnit4ClassRunner.java:69)
	at org.junit.runners.BlockJUnit4ClassRunner.runChild(BlockJUnit4ClassRunner.java:48)
	at org.junit.runners.ParentRunner$3.run(ParentRunner.java:231)
	at org.junit.runners.ParentRunner$1.schedule(ParentRunner.java:60)
	at org.junit.runners.ParentRunner.runChildren(ParentRunner.java:229)
	at org.junit.runners.ParentRunner.access$000(ParentRunner.java:50)
	at org.junit.runners.ParentRunner$2.evaluate(ParentRunner.java:222)
	at org.junit.runners.ParentRunner.run(ParentRunner.java:292)
	at org.apache.maven.surefire.junit4.JUnit4Provider.execute(JUnit4Provider.java:252)
	at org.apache.maven.surefire.junit4.JUnit4Provider.executeTestSet(JUnit4Provider.java:141)
	at org.apache.maven.surefire.junit4.JUnit4Provider.invoke(JUnit4Provider.java:112)
	at java.base/jdk.internal.reflect.NativeMethodAccessorImpl.invoke0(Native Method)
	at java.base/jdk.internal.reflect.NativeMethodAccessorImpl.invoke(NativeMethodAccessorImpl.java:62)
	at java.base/jdk.internal.reflect.DelegatingMethodAccessorImpl.invoke(DelegatingMethodAccessorImpl.java:43)
	at java.base/java.lang.reflect.Method.invoke(Method.java:564)
	at org.apache.maven.surefire.util.ReflectionUtils.invokeMethodWithArray(ReflectionUtils.java:189)
	at org.apache.maven.surefire.booter.ProviderFactory$ProviderProxy.invoke(ProviderFactory.java:165)
	at org.apache.maven.surefire.booter.ProviderFactory.invokeProvider(ProviderFactory.java:85)
	at org.apache.maven.surefire.booter.ForkedBooter.runSuitesInProcess(ForkedBooter.java:115)
	at org.apache.maven.surefire.booter.ForkedBooter.main(ForkedBooter.java:75)

WARNING: HK2 service reification failed for [org.glassfish.jersey.jaxb.internal.XmlRootElementJaxbProvider$General] with an exception:
MultiException stack 1 of 2
java.lang.NoClassDefFoundError: javax/xml/bind/PropertyException
	at java.base/java.lang.Class.getDeclaredConstructors0(Native Method)
	at java.base/java.lang.Class.privateGetDeclaredConstructors(Class.java:3090)
	at java.base/java.lang.Class.getDeclaredConstructors(Class.java:2316)
	at org.jvnet.hk2.internal.Utilities$3.run(Utilities.java:1308)
	at org.jvnet.hk2.internal.Utilities$3.run(Utilities.java:1304)
	at java.base/java.security.AccessController.doPrivileged(Native Method)
	at org.jvnet.hk2.internal.Utilities.getAllConstructors(Utilities.java:1304)
	at org.jvnet.hk2.internal.Utilities.findProducerConstructor(Utilities.java:1247)
	at org.jvnet.hk2.internal.DefaultClassAnalyzer.getConstructor(DefaultClassAnalyzer.java:83)
	at org.glassfish.jersey.internal.inject.JerseyClassAnalyzer.getConstructor(JerseyClassAnalyzer.java:144)
	at org.jvnet.hk2.internal.Utilities.getConstructor(Utilities.java:178)
	at org.jvnet.hk2.internal.ClazzCreator.initialize(ClazzCreator.java:129)
	at org.jvnet.hk2.internal.ClazzCreator.initialize(ClazzCreator.java:180)
	at org.jvnet.hk2.internal.SystemDescriptor.internalReify(SystemDescriptor.java:740)
	at org.jvnet.hk2.internal.SystemDescriptor.reify(SystemDescriptor.java:694)
	at org.jvnet.hk2.internal.ServiceLocatorImpl.reifyDescriptor(ServiceLocatorImpl.java:461)
	at org.jvnet.hk2.internal.ServiceLocatorImpl.narrow(ServiceLocatorImpl.java:2288)
	at org.jvnet.hk2.internal.ServiceLocatorImpl.access$1200(ServiceLocatorImpl.java:125)
	at org.jvnet.hk2.internal.ServiceLocatorImpl$9.compute(ServiceLocatorImpl.java:1373)
	at org.jvnet.hk2.internal.ServiceLocatorImpl$9.compute(ServiceLocatorImpl.java:1368)
	at org.glassfish.hk2.utilities.cache.internal.WeakCARCacheImpl.compute(WeakCARCacheImpl.java:116)
	at org.jvnet.hk2.internal.ServiceLocatorImpl.internalGetAllServiceHandles(ServiceLocatorImpl.java:1430)
	at org.jvnet.hk2.internal.ServiceLocatorImpl.getAllServiceHandles(ServiceLocatorImpl.java:1355)
	at org.jvnet.hk2.internal.ServiceLocatorImpl.getAllServiceHandles(ServiceLocatorImpl.java:1344)
	at org.glassfish.jersey.internal.inject.Providers.getServiceHandles(Providers.java:354)
	at org.glassfish.jersey.internal.inject.Providers.getCustomProviders(Providers.java:201)
	at org.glassfish.jersey.message.internal.MessageBodyFactory.&lt;init&gt;(MessageBodyFactory.java:221)
	at java.base/jdk.internal.reflect.NativeConstructorAccessorImpl.newInstance0(Native Method)
	at java.base/jdk.internal.reflect.NativeConstructorAccessorImpl.newInstance(NativeConstructorAccessorImpl.java:62)
	at java.base/jdk.internal.reflect.DelegatingConstructorAccessorImpl.newInstance(DelegatingConstructorAccessorImpl.java:45)
	at java.base/java.lang.reflect.Constructor.newInstance(Constructor.java:488)
	at org.glassfish.hk2.utilities.reflection.ReflectionHelper.makeMe(ReflectionHelper.java:1375)
	at org.jvnet.hk2.internal.ClazzCreator.createMe(ClazzCreator.java:272)
	at org.jvnet.hk2.internal.ClazzCreator.create(ClazzCreator.java:366)
	at org.jvnet.hk2.internal.SystemDescriptor.create(SystemDescriptor.java:487)
	at org.jvnet.hk2.internal.SingletonContext$1.compute(SingletonContext.java:83)
	at org.jvnet.hk2.internal.SingletonContext$1.compute(SingletonContext.java:71)
	at org.glassfish.hk2.utilities.cache.Cache$OriginThreadAwareFuture$1.call(Cache.java:97)
	at java.base/java.util.concurrent.FutureTask.run(FutureTask.java:264)
	at org.glassfish.hk2.utilities.cache.Cache$OriginThreadAwareFuture.run(Cache.java:154)
	at org.glassfish.hk2.utilities.cache.Cache.compute(Cache.java:199)
	at org.jvnet.hk2.internal.SingletonContext.findOrCreate(SingletonContext.java:122)
	at org.jvnet.hk2.internal.Utilities.createService(Utilities.java:2022)
	at org.jvnet.hk2.internal.ServiceLocatorImpl.internalGetService(ServiceLocatorImpl.java:774)
	at org.jvnet.hk2.internal.ServiceLocatorImpl.internalGetService(ServiceLocatorImpl.java:737)
	at org.jvnet.hk2.internal.ServiceLocatorImpl.getService(ServiceLocatorImpl.java:707)
	at org.glassfish.jersey.server.model.ComponentModelValidator.&lt;init&gt;(ComponentModelValidator.java:97)
	at org.glassfish.jersey.server.ApplicationHandler.initialize(ApplicationHandler.java:549)
	at org.glassfish.jersey.server.ApplicationHandler.access$500(ApplicationHandler.java:184)
	at org.glassfish.jersey.server.ApplicationHandler$3.call(ApplicationHandler.java:350)
	at org.glassfish.jersey.server.ApplicationHandler$3.call(ApplicationHandler.java:347)
	at org.glassfish.jersey.internal.Errors.process(Errors.java:315)
	at org.glassfish.jersey.internal.Errors.process(Errors.java:297)
	at org.glassfish.jersey.internal.Errors.processWithException(Errors.java:255)
	at org.glassfish.jersey.server.ApplicationHandler.&lt;init&gt;(ApplicationHandler.java:347)
	at org.glassfish.jersey.server.ApplicationHandler.&lt;init&gt;(ApplicationHandler.java:311)
	at org.glassfish.jersey.grizzly2.httpserver.GrizzlyHttpContainer.&lt;init&gt;(GrizzlyHttpContainer.java:337)
	at org.glassfish.jersey.grizzly2.httpserver.GrizzlyHttpServerFactory.createHttpServer(GrizzlyHttpServerFactory.java:119)
	at com.example.Main.startServer(Main.java:30)
	at com.example.MyResourceTest.setUp(MyResourceTest.java:22)
	at java.base/jdk.internal.reflect.NativeMethodAccessorImpl.invoke0(Native Method)
	at java.base/jdk.internal.reflect.NativeMethodAccessorImpl.invoke(NativeMethodAccessorImpl.java:62)
	at java.base/jdk.internal.reflect.DelegatingMethodAccessorImpl.invoke(DelegatingMethodAccessorImpl.java:43)
	at java.base/java.lang.reflect.Method.invoke(Method.java:564)
	at org.junit.runners.model.FrameworkMethod$1.runReflectiveCall(FrameworkMethod.java:44)
	at org.junit.internal.runners.model.ReflectiveCallable.run(ReflectiveCallable.java:15)
	at org.junit.runners.model.FrameworkMethod.invokeExplosively(FrameworkMethod.java:41)
	at org.junit.internal.runners.statements.RunBefores.evaluate(RunBefores.java:27)
	at org.junit.internal.runners.statements.RunAfters.evaluate(RunAfters.java:31)
	at org.junit.runners.ParentRunner.runLeaf(ParentRunner.java:263)
	at org.junit.runners.BlockJUnit4ClassRunner.runChild(BlockJUnit4ClassRunner.java:69)
	at org.junit.runners.BlockJUnit4ClassRunner.runChild(BlockJUnit4ClassRunner.java:48)
	at org.junit.runners.ParentRunner$3.run(ParentRunner.java:231)
	at org.junit.runners.ParentRunner$1.schedule(ParentRunner.java:60)
	at org.junit.runners.ParentRunner.runChildren(ParentRunner.java:229)
	at org.junit.runners.ParentRunner.access$000(ParentRunner.java:50)
	at org.junit.runners.ParentRunner$2.evaluate(ParentRunner.java:222)
	at org.junit.runners.ParentRunner.run(ParentRunner.java:292)
	at org.apache.maven.surefire.junit4.JUnit4Provider.execute(JUnit4Provider.java:252)
	at org.apache.maven.surefire.junit4.JUnit4Provider.executeTestSet(JUnit4Provider.java:141)
	at org.apache.maven.surefire.junit4.JUnit4Provider.invoke(JUnit4Provider.java:112)
	at java.base/jdk.internal.reflect.NativeMethodAccessorImpl.invoke0(Native Method)
	at java.base/jdk.internal.reflect.NativeMethodAccessorImpl.invoke(NativeMethodAccessorImpl.java:62)
	at java.base/jdk.internal.reflect.DelegatingMethodAccessorImpl.invoke(DelegatingMethodAccessorImpl.java:43)
	at java.base/java.lang.reflect.Method.invoke(Method.java:564)
	at org.apache.maven.surefire.util.ReflectionUtils.invokeMethodWithArray(ReflectionUtils.java:189)
	at org.apache.maven.surefire.booter.ProviderFactory$ProviderProxy.invoke(ProviderFactory.java:165)
	at org.apache.maven.surefire.booter.ProviderFactory.invokeProvider(ProviderFactory.java:85)
	at org.apache.maven.surefire.booter.ForkedBooter.runSuitesInProcess(ForkedBooter.java:115)
	at org.apache.maven.surefire.booter.ForkedBooter.main(ForkedBooter.java:75)
Caused by: java.lang.ClassNotFoundException: javax.xml.bind.PropertyException
	at java.base/jdk.internal.loader.BuiltinClassLoader.loadClass(BuiltinClassLoader.java:582)
	at java.base/jdk.internal.loader.ClassLoaders$AppClassLoader.loadClass(ClassLoaders.java:190)
	at java.base/java.lang.ClassLoader.loadClass(ClassLoader.java:499)
	... 90 more
MultiException stack 2 of 2
java.lang.IllegalArgumentException: Errors were discovered while reifying SystemDescriptor(
	implementation=org.glassfish.jersey.jaxb.internal.XmlRootElementJaxbProvider$General
	contracts={javax.ws.rs.ext.MessageBodyWriter,javax.ws.rs.ext.MessageBodyReader}
	scope=javax.inject.Singleton
	qualifiers={}
	descriptorType=CLASS
	descriptorVisibility=NORMAL
	metadata=
	rank=0
	loader=org.glassfish.hk2.utilities.binding.AbstractBinder$2@16fdec90
	proxiable=null
	proxyForSameScope=null
	analysisName=null
	id=109
	locatorId=0
	identityHashCode=1528741718
	reified=false)
	at org.jvnet.hk2.internal.SystemDescriptor.reify(SystemDescriptor.java:705)
	at org.jvnet.hk2.internal.ServiceLocatorImpl.reifyDescriptor(ServiceLocatorImpl.java:461)
	at org.jvnet.hk2.internal.ServiceLocatorImpl.narrow(ServiceLocatorImpl.java:2288)
	at org.jvnet.hk2.internal.ServiceLocatorImpl.access$1200(ServiceLocatorImpl.java:125)
	at org.jvnet.hk2.internal.ServiceLocatorImpl$9.compute(ServiceLocatorImpl.java:1373)
	at org.jvnet.hk2.internal.ServiceLocatorImpl$9.compute(ServiceLocatorImpl.java:1368)
	at org.glassfish.hk2.utilities.cache.internal.WeakCARCacheImpl.compute(WeakCARCacheImpl.java:116)
	at org.jvnet.hk2.internal.ServiceLocatorImpl.internalGetAllServiceHandles(ServiceLocatorImpl.java:1430)
	at org.jvnet.hk2.internal.ServiceLocatorImpl.getAllServiceHandles(ServiceLocatorImpl.java:1355)
	at org.jvnet.hk2.internal.ServiceLocatorImpl.getAllServiceHandles(ServiceLocatorImpl.java:1344)
	at org.glassfish.jersey.internal.inject.Providers.getServiceHandles(Providers.java:354)
	at org.glassfish.jersey.internal.inject.Providers.getCustomProviders(Providers.java:201)
	at org.glassfish.jersey.message.internal.MessageBodyFactory.&lt;init&gt;(MessageBodyFactory.java:221)
	at java.base/jdk.internal.reflect.NativeConstructorAccessorImpl.newInstance0(Native Method)
	at java.base/jdk.internal.reflect.NativeConstructorAccessorImpl.newInstance(NativeConstructorAccessorImpl.java:62)
	at java.base/jdk.internal.reflect.DelegatingConstructorAccessorImpl.newInstance(DelegatingConstructorAccessorImpl.java:45)
	at java.base/java.lang.reflect.Constructor.newInstance(Constructor.java:488)
	at org.glassfish.hk2.utilities.reflection.ReflectionHelper.makeMe(ReflectionHelper.java:1375)
	at org.jvnet.hk2.internal.ClazzCreator.createMe(ClazzCreator.java:272)
	at org.jvnet.hk2.internal.ClazzCreator.create(ClazzCreator.java:366)
	at org.jvnet.hk2.internal.SystemDescriptor.create(SystemDescriptor.java:487)
	at org.jvnet.hk2.internal.SingletonContext$1.compute(SingletonContext.java:83)
	at org.jvnet.hk2.internal.SingletonContext$1.compute(SingletonContext.java:71)
	at org.glassfish.hk2.utilities.cache.Cache$OriginThreadAwareFuture$1.call(Cache.java:97)
	at java.base/java.util.concurrent.FutureTask.run(FutureTask.java:264)
	at org.glassfish.hk2.utilities.cache.Cache$OriginThreadAwareFuture.run(Cache.java:154)
	at org.glassfish.hk2.utilities.cache.Cache.compute(Cache.java:199)
	at org.jvnet.hk2.internal.SingletonContext.findOrCreate(SingletonContext.java:122)
	at org.jvnet.hk2.internal.Utilities.createService(Utilities.java:2022)
	at org.jvnet.hk2.internal.ServiceLocatorImpl.internalGetService(ServiceLocatorImpl.java:774)
	at org.jvnet.hk2.internal.ServiceLocatorImpl.internalGetService(ServiceLocatorImpl.java:737)
	at org.jvnet.hk2.internal.ServiceLocatorImpl.getService(ServiceLocatorImpl.java:707)
	at org.glassfish.jersey.server.model.ComponentModelValidator.&lt;init&gt;(ComponentModelValidator.java:97)
	at org.glassfish.jersey.server.ApplicationHandler.initialize(ApplicationHandler.java:549)
	at org.glassfish.jersey.server.ApplicationHandler.access$500(ApplicationHandler.java:184)
	at org.glassfish.jersey.server.ApplicationHandler$3.call(ApplicationHandler.java:350)
	at org.glassfish.jersey.server.ApplicationHandler$3.call(ApplicationHandler.java:347)
	at org.glassfish.jersey.internal.Errors.process(Errors.java:315)
	at org.glassfish.jersey.internal.Errors.process(Errors.java:297)
	at org.glassfish.jersey.internal.Errors.processWithException(Errors.java:255)
	at org.glassfish.jersey.server.ApplicationHandler.&lt;init&gt;(ApplicationHandler.java:347)
	at org.glassfish.jersey.server.ApplicationHandler.&lt;init&gt;(ApplicationHandler.java:311)
	at org.glassfish.jersey.grizzly2.httpserver.GrizzlyHttpContainer.&lt;init&gt;(GrizzlyHttpContainer.java:337)
	at org.glassfish.jersey.grizzly2.httpserver.GrizzlyHttpServerFactory.createHttpServer(GrizzlyHttpServerFactory.java:119)
	at com.example.Main.startServer(Main.java:30)
	at com.example.MyResourceTest.setUp(MyResourceTest.java:22)
	at java.base/jdk.internal.reflect.NativeMethodAccessorImpl.invoke0(Native Method)
	at java.base/jdk.internal.reflect.NativeMethodAccessorImpl.invoke(NativeMethodAccessorImpl.java:62)
	at java.base/jdk.internal.reflect.DelegatingMethodAccessorImpl.invoke(DelegatingMethodAccessorImpl.java:43)
	at java.base/java.lang.reflect.Method.invoke(Method.java:564)
	at org.junit.runners.model.FrameworkMethod$1.runReflectiveCall(FrameworkMethod.java:44)
	at org.junit.internal.runners.model.ReflectiveCallable.run(ReflectiveCallable.java:15)
	at org.junit.runners.model.FrameworkMethod.invokeExplosively(FrameworkMethod.java:41)
	at org.junit.internal.runners.statements.RunBefores.evaluate(RunBefores.java:27)
	at org.junit.internal.runners.statements.RunAfters.evaluate(RunAfters.java:31)
	at org.junit.runners.ParentRunner.runLeaf(ParentRunner.java:263)
	at org.junit.runners.BlockJUnit4ClassRunner.runChild(BlockJUnit4ClassRunner.java:69)
	at org.junit.runners.BlockJUnit4ClassRunner.runChild(BlockJUnit4ClassRunner.java:48)
	at org.junit.runners.ParentRunner$3.run(ParentRunner.java:231)
	at org.junit.runners.ParentRunner$1.schedule(ParentRunner.java:60)
	at org.junit.runners.ParentRunner.runChildren(ParentRunner.java:229)
	at org.junit.runners.ParentRunner.access$000(ParentRunner.java:50)
	at org.junit.runners.ParentRunner$2.evaluate(ParentRunner.java:222)
	at org.junit.runners.ParentRunner.run(ParentRunner.java:292)
	at org.apache.maven.surefire.junit4.JUnit4Provider.execute(JUnit4Provider.java:252)
	at org.apache.maven.surefire.junit4.JUnit4Provider.executeTestSet(JUnit4Provider.java:141)
	at org.apache.maven.surefire.junit4.JUnit4Provider.invoke(JUnit4Provider.java:112)
	at java.base/jdk.internal.reflect.NativeMethodAccessorImpl.invoke0(Native Method)
	at java.base/jdk.internal.reflect.NativeMethodAccessorImpl.invoke(NativeMethodAccessorImpl.java:62)
	at java.base/jdk.internal.reflect.DelegatingMethodAccessorImpl.invoke(DelegatingMethodAccessorImpl.java:43)
	at java.base/java.lang.reflect.Method.invoke(Method.java:564)
	at org.apache.maven.surefire.util.ReflectionUtils.invokeMethodWithArray(ReflectionUtils.java:189)
	at org.apache.maven.surefire.booter.ProviderFactory$ProviderProxy.invoke(ProviderFactory.java:165)
	at org.apache.maven.surefire.booter.ProviderFactory.invokeProvider(ProviderFactory.java:85)
	at org.apache.maven.surefire.booter.ForkedBooter.runSuitesInProcess(ForkedBooter.java:115)
	at org.apache.maven.surefire.booter.ForkedBooter.main(ForkedBooter.java:75)

WARNING: HK2 service reification failed for [org.glassfish.jersey.jaxb.internal.XmlRootObjectJaxbProvider$App] with an exception:
MultiException stack 1 of 2
java.lang.NoClassDefFoundError: javax/xml/bind/PropertyException
	at java.base/java.lang.Class.getDeclaredConstructors0(Native Method)
	at java.base/java.lang.Class.privateGetDeclaredConstructors(Class.java:3090)
	at java.base/java.lang.Class.getDeclaredConstructors(Class.java:2316)
	at org.jvnet.hk2.internal.Utilities$3.run(Utilities.java:1308)
	at org.jvnet.hk2.internal.Utilities$3.run(Utilities.java:1304)
	at java.base/java.security.AccessController.doPrivileged(Native Method)
	at org.jvnet.hk2.internal.Utilities.getAllConstructors(Utilities.java:1304)
	at org.jvnet.hk2.internal.Utilities.findProducerConstructor(Utilities.java:1247)
	at org.jvnet.hk2.internal.DefaultClassAnalyzer.getConstructor(DefaultClassAnalyzer.java:83)
	at org.glassfish.jersey.internal.inject.JerseyClassAnalyzer.getConstructor(JerseyClassAnalyzer.java:144)
	at org.jvnet.hk2.internal.Utilities.getConstructor(Utilities.java:178)
	at org.jvnet.hk2.internal.ClazzCreator.initialize(ClazzCreator.java:129)
	at org.jvnet.hk2.internal.ClazzCreator.initialize(ClazzCreator.java:180)
	at org.jvnet.hk2.internal.SystemDescriptor.internalReify(SystemDescriptor.java:740)
	at org.jvnet.hk2.internal.SystemDescriptor.reify(SystemDescriptor.java:694)
	at org.jvnet.hk2.internal.ServiceLocatorImpl.reifyDescriptor(ServiceLocatorImpl.java:461)
	at org.jvnet.hk2.internal.ServiceLocatorImpl.narrow(ServiceLocatorImpl.java:2288)
	at org.jvnet.hk2.internal.ServiceLocatorImpl.access$1200(ServiceLocatorImpl.java:125)
	at org.jvnet.hk2.internal.ServiceLocatorImpl$9.compute(ServiceLocatorImpl.java:1373)
	at org.jvnet.hk2.internal.ServiceLocatorImpl$9.compute(ServiceLocatorImpl.java:1368)
	at org.glassfish.hk2.utilities.cache.internal.WeakCARCacheImpl.compute(WeakCARCacheImpl.java:116)
	at org.jvnet.hk2.internal.ServiceLocatorImpl.internalGetAllServiceHandles(ServiceLocatorImpl.java:1430)
	at org.jvnet.hk2.internal.ServiceLocatorImpl.getAllServiceHandles(ServiceLocatorImpl.java:1355)
	at org.jvnet.hk2.internal.ServiceLocatorImpl.getAllServiceHandles(ServiceLocatorImpl.java:1344)
	at org.glassfish.jersey.internal.inject.Providers.getServiceHandles(Providers.java:354)
	at org.glassfish.jersey.internal.inject.Providers.getCustomProviders(Providers.java:201)
	at org.glassfish.jersey.message.internal.MessageBodyFactory.&lt;init&gt;(MessageBodyFactory.java:221)
	at java.base/jdk.internal.reflect.NativeConstructorAccessorImpl.newInstance0(Native Method)
	at java.base/jdk.internal.reflect.NativeConstructorAccessorImpl.newInstance(NativeConstructorAccessorImpl.java:62)
	at java.base/jdk.internal.reflect.DelegatingConstructorAccessorImpl.newInstance(DelegatingConstructorAccessorImpl.java:45)
	at java.base/java.lang.reflect.Constructor.newInstance(Constructor.java:488)
	at org.glassfish.hk2.utilities.reflection.ReflectionHelper.makeMe(ReflectionHelper.java:1375)
	at org.jvnet.hk2.internal.ClazzCreator.createMe(ClazzCreator.java:272)
	at org.jvnet.hk2.internal.ClazzCreator.create(ClazzCreator.java:366)
	at org.jvnet.hk2.internal.SystemDescriptor.create(SystemDescriptor.java:487)
	at org.jvnet.hk2.internal.SingletonContext$1.compute(SingletonContext.java:83)
	at org.jvnet.hk2.internal.SingletonContext$1.compute(SingletonContext.java:71)
	at org.glassfish.hk2.utilities.cache.Cache$OriginThreadAwareFuture$1.call(Cache.java:97)
	at java.base/java.util.concurrent.FutureTask.run(FutureTask.java:264)
	at org.glassfish.hk2.utilities.cache.Cache$OriginThreadAwareFuture.run(Cache.java:154)
	at org.glassfish.hk2.utilities.cache.Cache.compute(Cache.java:199)
	at org.jvnet.hk2.internal.SingletonContext.findOrCreate(SingletonContext.java:122)
	at org.jvnet.hk2.internal.Utilities.createService(Utilities.java:2022)
	at org.jvnet.hk2.internal.ServiceLocatorImpl.internalGetService(ServiceLocatorImpl.java:774)
	at org.jvnet.hk2.internal.ServiceLocatorImpl.internalGetService(ServiceLocatorImpl.java:737)
	at org.jvnet.hk2.internal.ServiceLocatorImpl.getService(ServiceLocatorImpl.java:707)
	at org.glassfish.jersey.server.model.ComponentModelValidator.&lt;init&gt;(ComponentModelValidator.java:97)
	at org.glassfish.jersey.server.ApplicationHandler.initialize(ApplicationHandler.java:549)
	at org.glassfish.jersey.server.ApplicationHandler.access$500(ApplicationHandler.java:184)
	at org.glassfish.jersey.server.ApplicationHandler$3.call(ApplicationHandler.java:350)
	at org.glassfish.jersey.server.ApplicationHandler$3.call(ApplicationHandler.java:347)
	at org.glassfish.jersey.internal.Errors.process(Errors.java:315)
	at org.glassfish.jersey.internal.Errors.process(Errors.java:297)
	at org.glassfish.jersey.internal.Errors.processWithException(Errors.java:255)
	at org.glassfish.jersey.server.ApplicationHandler.&lt;init&gt;(ApplicationHandler.java:347)
	at org.glassfish.jersey.server.ApplicationHandler.&lt;init&gt;(ApplicationHandler.java:311)
	at org.glassfish.jersey.grizzly2.httpserver.GrizzlyHttpContainer.&lt;init&gt;(GrizzlyHttpContainer.java:337)
	at org.glassfish.jersey.grizzly2.httpserver.GrizzlyHttpServerFactory.createHttpServer(GrizzlyHttpServerFactory.java:119)
	at com.example.Main.startServer(Main.java:30)
	at com.example.MyResourceTest.setUp(MyResourceTest.java:22)
	at java.base/jdk.internal.reflect.NativeMethodAccessorImpl.invoke0(Native Method)
	at java.base/jdk.internal.reflect.NativeMethodAccessorImpl.invoke(NativeMethodAccessorImpl.java:62)
	at java.base/jdk.internal.reflect.DelegatingMethodAccessorImpl.invoke(DelegatingMethodAccessorImpl.java:43)
	at java.base/java.lang.reflect.Method.invoke(Method.java:564)
	at org.junit.runners.model.FrameworkMethod$1.runReflectiveCall(FrameworkMethod.java:44)
	at org.junit.internal.runners.model.ReflectiveCallable.run(ReflectiveCallable.java:15)
	at org.junit.runners.model.FrameworkMethod.invokeExplosively(FrameworkMethod.java:41)
	at org.junit.internal.runners.statements.RunBefores.evaluate(RunBefores.java:27)
	at org.junit.internal.runners.statements.RunAfters.evaluate(RunAfters.java:31)
	at org.junit.runners.ParentRunner.runLeaf(ParentRunner.java:263)
	at org.junit.runners.BlockJUnit4ClassRunner.runChild(BlockJUnit4ClassRunner.java:69)
	at org.junit.runners.BlockJUnit4ClassRunner.runChild(BlockJUnit4ClassRunner.java:48)
	at org.junit.runners.ParentRunner$3.run(ParentRunner.java:231)
	at org.junit.runners.ParentRunner$1.schedule(ParentRunner.java:60)
	at org.junit.runners.ParentRunner.runChildren(ParentRunner.java:229)
	at org.junit.runners.ParentRunner.access$000(ParentRunner.java:50)
	at org.junit.runners.ParentRunner$2.evaluate(ParentRunner.java:222)
	at org.junit.runners.ParentRunner.run(ParentRunner.java:292)
	at org.apache.maven.surefire.junit4.JUnit4Provider.execute(JUnit4Provider.java:252)
	at org.apache.maven.surefire.junit4.JUnit4Provider.executeTestSet(JUnit4Provider.java:141)
	at org.apache.maven.surefire.junit4.JUnit4Provider.invoke(JUnit4Provider.java:112)
	at java.base/jdk.internal.reflect.NativeMethodAccessorImpl.invoke0(Native Method)
	at java.base/jdk.internal.reflect.NativeMethodAccessorImpl.invoke(NativeMethodAccessorImpl.java:62)
	at java.base/jdk.internal.reflect.DelegatingMethodAccessorImpl.invoke(DelegatingMethodAccessorImpl.java:43)
	at java.base/java.lang.reflect.Method.invoke(Method.java:564)
	at org.apache.maven.surefire.util.ReflectionUtils.invokeMethodWithArray(ReflectionUtils.java:189)
	at org.apache.maven.surefire.booter.ProviderFactory$ProviderProxy.invoke(ProviderFactory.java:165)
	at org.apache.maven.surefire.booter.ProviderFactory.invokeProvider(ProviderFactory.java:85)
	at org.apache.maven.surefire.booter.ForkedBooter.runSuitesInProcess(ForkedBooter.java:115)
	at org.apache.maven.surefire.booter.ForkedBooter.main(ForkedBooter.java:75)
Caused by: java.lang.ClassNotFoundException: javax.xml.bind.PropertyException
	at java.base/jdk.internal.loader.BuiltinClassLoader.loadClass(BuiltinClassLoader.java:582)
	at java.base/jdk.internal.loader.ClassLoaders$AppClassLoader.loadClass(ClassLoaders.java:190)
	at java.base/java.lang.ClassLoader.loadClass(ClassLoader.java:499)
	... 90 more
MultiException stack 2 of 2
java.lang.IllegalArgumentException: Errors were discovered while reifying SystemDescriptor(
	implementation=org.glassfish.jersey.jaxb.internal.XmlRootObjectJaxbProvider$App
	contracts={javax.ws.rs.ext.MessageBodyReader}
	scope=javax.inject.Singleton
	qualifiers={}
	descriptorType=CLASS
	descriptorVisibility=NORMAL
	metadata=
	rank=0
	loader=org.glassfish.hk2.utilities.binding.AbstractBinder$2@16fdec90
	proxiable=null
	proxyForSameScope=null
	analysisName=null
	id=110
	locatorId=0
	identityHashCode=461591680
	reified=false)
	at org.jvnet.hk2.internal.SystemDescriptor.reify(SystemDescriptor.java:705)
	at org.jvnet.hk2.internal.ServiceLocatorImpl.reifyDescriptor(ServiceLocatorImpl.java:461)
	at org.jvnet.hk2.internal.ServiceLocatorImpl.narrow(ServiceLocatorImpl.java:2288)
	at org.jvnet.hk2.internal.ServiceLocatorImpl.access$1200(ServiceLocatorImpl.java:125)
	at org.jvnet.hk2.internal.ServiceLocatorImpl$9.compute(ServiceLocatorImpl.java:1373)
	at org.jvnet.hk2.internal.ServiceLocatorImpl$9.compute(ServiceLocatorImpl.java:1368)
	at org.glassfish.hk2.utilities.cache.internal.WeakCARCacheImpl.compute(WeakCARCacheImpl.java:116)
	at org.jvnet.hk2.internal.ServiceLocatorImpl.internalGetAllServiceHandles(ServiceLocatorImpl.java:1430)
	at org.jvnet.hk2.internal.ServiceLocatorImpl.getAllServiceHandles(ServiceLocatorImpl.java:1355)
	at org.jvnet.hk2.internal.ServiceLocatorImpl.getAllServiceHandles(ServiceLocatorImpl.java:1344)
	at org.glassfish.jersey.internal.inject.Providers.getServiceHandles(Providers.java:354)
	at org.glassfish.jersey.internal.inject.Providers.getCustomProviders(Providers.java:201)
	at org.glassfish.jersey.message.internal.MessageBodyFactory.&lt;init&gt;(MessageBodyFactory.java:221)
	at java.base/jdk.internal.reflect.NativeConstructorAccessorImpl.newInstance0(Native Method)
	at java.base/jdk.internal.reflect.NativeConstructorAccessorImpl.newInstance(NativeConstructorAccessorImpl.java:62)
	at java.base/jdk.internal.reflect.DelegatingConstructorAccessorImpl.newInstance(DelegatingConstructorAccessorImpl.java:45)
	at java.base/java.lang.reflect.Constructor.newInstance(Constructor.java:488)
	at org.glassfish.hk2.utilities.reflection.ReflectionHelper.makeMe(ReflectionHelper.java:1375)
	at org.jvnet.hk2.internal.ClazzCreator.createMe(ClazzCreator.java:272)
	at org.jvnet.hk2.internal.ClazzCreator.create(ClazzCreator.java:366)
	at org.jvnet.hk2.internal.SystemDescriptor.create(SystemDescriptor.java:487)
	at org.jvnet.hk2.internal.SingletonContext$1.compute(SingletonContext.java:83)
	at org.jvnet.hk2.internal.SingletonContext$1.compute(SingletonContext.java:71)
	at org.glassfish.hk2.utilities.cache.Cache$OriginThreadAwareFuture$1.call(Cache.java:97)
	at java.base/java.util.concurrent.FutureTask.run(FutureTask.java:264)
	at org.glassfish.hk2.utilities.cache.Cache$OriginThreadAwareFuture.run(Cache.java:154)
	at org.glassfish.hk2.utilities.cache.Cache.compute(Cache.java:199)
	at org.jvnet.hk2.internal.SingletonContext.findOrCreate(SingletonContext.java:122)
	at org.jvnet.hk2.internal.Utilities.createService(Utilities.java:2022)
	at org.jvnet.hk2.internal.ServiceLocatorImpl.internalGetService(ServiceLocatorImpl.java:774)
	at org.jvnet.hk2.internal.ServiceLocatorImpl.internalGetService(ServiceLocatorImpl.java:737)
	at org.jvnet.hk2.internal.ServiceLocatorImpl.getService(ServiceLocatorImpl.java:707)
	at org.glassfish.jersey.server.model.ComponentModelValidator.&lt;init&gt;(ComponentModelValidator.java:97)
	at org.glassfish.jersey.server.ApplicationHandler.initialize(ApplicationHandler.java:549)
	at org.glassfish.jersey.server.ApplicationHandler.access$500(ApplicationHandler.java:184)
	at org.glassfish.jersey.server.ApplicationHandler$3.call(ApplicationHandler.java:350)
	at org.glassfish.jersey.server.ApplicationHandler$3.call(ApplicationHandler.java:347)
	at org.glassfish.jersey.internal.Errors.process(Errors.java:315)
	at org.glassfish.jersey.internal.Errors.process(Errors.java:297)
	at org.glassfish.jersey.internal.Errors.processWithException(Errors.java:255)
	at org.glassfish.jersey.server.ApplicationHandler.&lt;init&gt;(ApplicationHandler.java:347)
	at org.glassfish.jersey.server.ApplicationHandler.&lt;init&gt;(ApplicationHandler.java:311)
	at org.glassfish.jersey.grizzly2.httpserver.GrizzlyHttpContainer.&lt;init&gt;(GrizzlyHttpContainer.java:337)
	at org.glassfish.jersey.grizzly2.httpserver.GrizzlyHttpServerFactory.createHttpServer(GrizzlyHttpServerFactory.java:119)
	at com.example.Main.startServer(Main.java:30)
	at com.example.MyResourceTest.setUp(MyResourceTest.java:22)
	at java.base/jdk.internal.reflect.NativeMethodAccessorImpl.invoke0(Native Method)
	at java.base/jdk.internal.reflect.NativeMethodAccessorImpl.invoke(NativeMethodAccessorImpl.java:62)
	at java.base/jdk.internal.reflect.DelegatingMethodAccessorImpl.invoke(DelegatingMethodAccessorImpl.java:43)
	at java.base/java.lang.reflect.Method.invoke(Method.java:564)
	at org.junit.runners.model.FrameworkMethod$1.runReflectiveCall(FrameworkMethod.java:44)
	at org.junit.internal.runners.model.ReflectiveCallable.run(ReflectiveCallable.java:15)
	at org.junit.runners.model.FrameworkMethod.invokeExplosively(FrameworkMethod.java:41)
	at org.junit.internal.runners.statements.RunBefores.evaluate(RunBefores.java:27)
	at org.junit.internal.runners.statements.RunAfters.evaluate(RunAfters.java:31)
	at org.junit.runners.ParentRunner.runLeaf(ParentRunner.java:263)
	at org.junit.runners.BlockJUnit4ClassRunner.runChild(BlockJUnit4ClassRunner.java:69)
	at org.junit.runners.BlockJUnit4ClassRunner.runChild(BlockJUnit4ClassRunner.java:48)
	at org.junit.runners.ParentRunner$3.run(ParentRunner.java:231)
	at org.junit.runners.ParentRunner$1.schedule(ParentRunner.java:60)
	at org.junit.runners.ParentRunner.runChildren(ParentRunner.java:229)
	at org.junit.runners.ParentRunner.access$000(ParentRunner.java:50)
	at org.junit.runners.ParentRunner$2.evaluate(ParentRunner.java:222)
	at org.junit.runners.ParentRunner.run(ParentRunner.java:292)
	at org.apache.maven.surefire.junit4.JUnit4Provider.execute(JUnit4Provider.java:252)
	at org.apache.maven.surefire.junit4.JUnit4Provider.executeTestSet(JUnit4Provider.java:141)
	at org.apache.maven.surefire.junit4.JUnit4Provider.invoke(JUnit4Provider.java:112)
	at java.base/jdk.internal.reflect.NativeMethodAccessorImpl.invoke0(Native Method)
	at java.base/jdk.internal.reflect.NativeMethodAccessorImpl.invoke(NativeMethodAccessorImpl.java:62)
	at java.base/jdk.internal.reflect.DelegatingMethodAccessorImpl.invoke(DelegatingMethodAccessorImpl.java:43)
	at java.base/java.lang.reflect.Method.invoke(Method.java:564)
	at org.apache.maven.surefire.util.ReflectionUtils.invokeMethodWithArray(ReflectionUtils.java:189)
	at org.apache.maven.surefire.booter.ProviderFactory$ProviderProxy.invoke(ProviderFactory.java:165)
	at org.apache.maven.surefire.booter.ProviderFactory.invokeProvider(ProviderFactory.java:85)
	at org.apache.maven.surefire.booter.ForkedBooter.runSuitesInProcess(ForkedBooter.java:115)
	at org.apache.maven.surefire.booter.ForkedBooter.main(ForkedBooter.java:75)

WARNING: HK2 service reification failed for [org.glassfish.jersey.jaxb.internal.XmlRootObjectJaxbProvider$Text] with an exception:
MultiException stack 1 of 2
java.lang.NoClassDefFoundError: javax/xml/bind/PropertyException
	at java.base/java.lang.Class.getDeclaredConstructors0(Native Method)
	at java.base/java.lang.Class.privateGetDeclaredConstructors(Class.java:3090)
	at java.base/java.lang.Class.getDeclaredConstructors(Class.java:2316)
	at org.jvnet.hk2.internal.Utilities$3.run(Utilities.java:1308)
	at org.jvnet.hk2.internal.Utilities$3.run(Utilities.java:1304)
	at java.base/java.security.AccessController.doPrivileged(Native Method)
	at org.jvnet.hk2.internal.Utilities.getAllConstructors(Utilities.java:1304)
	at org.jvnet.hk2.internal.Utilities.findProducerConstructor(Utilities.java:1247)
	at org.jvnet.hk2.internal.DefaultClassAnalyzer.getConstructor(DefaultClassAnalyzer.java:83)
	at org.glassfish.jersey.internal.inject.JerseyClassAnalyzer.getConstructor(JerseyClassAnalyzer.java:144)
	at org.jvnet.hk2.internal.Utilities.getConstructor(Utilities.java:178)
	at org.jvnet.hk2.internal.ClazzCreator.initialize(ClazzCreator.java:129)
	at org.jvnet.hk2.internal.ClazzCreator.initialize(ClazzCreator.java:180)
	at org.jvnet.hk2.internal.SystemDescriptor.internalReify(SystemDescriptor.java:740)
	at org.jvnet.hk2.internal.SystemDescriptor.reify(SystemDescriptor.java:694)
	at org.jvnet.hk2.internal.ServiceLocatorImpl.reifyDescriptor(ServiceLocatorImpl.java:461)
	at org.jvnet.hk2.internal.ServiceLocatorImpl.narrow(ServiceLocatorImpl.java:2288)
	at org.jvnet.hk2.internal.ServiceLocatorImpl.access$1200(ServiceLocatorImpl.java:125)
	at org.jvnet.hk2.internal.ServiceLocatorImpl$9.compute(ServiceLocatorImpl.java:1373)
	at org.jvnet.hk2.internal.ServiceLocatorImpl$9.compute(ServiceLocatorImpl.java:1368)
	at org.glassfish.hk2.utilities.cache.internal.WeakCARCacheImpl.compute(WeakCARCacheImpl.java:116)
	at org.jvnet.hk2.internal.ServiceLocatorImpl.internalGetAllServiceHandles(ServiceLocatorImpl.java:1430)
	at org.jvnet.hk2.internal.ServiceLocatorImpl.getAllServiceHandles(ServiceLocatorImpl.java:1355)
	at org.jvnet.hk2.internal.ServiceLocatorImpl.getAllServiceHandles(ServiceLocatorImpl.java:1344)
	at org.glassfish.jersey.internal.inject.Providers.getServiceHandles(Providers.java:354)
	at org.glassfish.jersey.internal.inject.Providers.getCustomProviders(Providers.java:201)
	at org.glassfish.jersey.message.internal.MessageBodyFactory.&lt;init&gt;(MessageBodyFactory.java:221)
	at java.base/jdk.internal.reflect.NativeConstructorAccessorImpl.newInstance0(Native Method)
	at java.base/jdk.internal.reflect.NativeConstructorAccessorImpl.newInstance(NativeConstructorAccessorImpl.java:62)
	at java.base/jdk.internal.reflect.DelegatingConstructorAccessorImpl.newInstance(DelegatingConstructorAccessorImpl.java:45)
	at java.base/java.lang.reflect.Constructor.newInstance(Constructor.java:488)
	at org.glassfish.hk2.utilities.reflection.ReflectionHelper.makeMe(ReflectionHelper.java:1375)
	at org.jvnet.hk2.internal.ClazzCreator.createMe(ClazzCreator.java:272)
	at org.jvnet.hk2.internal.ClazzCreator.create(ClazzCreator.java:366)
	at org.jvnet.hk2.internal.SystemDescriptor.create(SystemDescriptor.java:487)
	at org.jvnet.hk2.internal.SingletonContext$1.compute(SingletonContext.java:83)
	at org.jvnet.hk2.internal.SingletonContext$1.compute(SingletonContext.java:71)
	at org.glassfish.hk2.utilities.cache.Cache$OriginThreadAwareFuture$1.call(Cache.java:97)
	at java.base/java.util.concurrent.FutureTask.run(FutureTask.java:264)
	at org.glassfish.hk2.utilities.cache.Cache$OriginThreadAwareFuture.run(Cache.java:154)
	at org.glassfish.hk2.utilities.cache.Cache.compute(Cache.java:199)
	at org.jvnet.hk2.internal.SingletonContext.findOrCreate(SingletonContext.java:122)
	at org.jvnet.hk2.internal.Utilities.createService(Utilities.java:2022)
	at org.jvnet.hk2.internal.ServiceLocatorImpl.internalGetService(ServiceLocatorImpl.java:774)
	at org.jvnet.hk2.internal.ServiceLocatorImpl.internalGetService(ServiceLocatorImpl.java:737)
	at org.jvnet.hk2.internal.ServiceLocatorImpl.getService(ServiceLocatorImpl.java:707)
	at org.glassfish.jersey.server.model.ComponentModelValidator.&lt;init&gt;(ComponentModelValidator.java:97)
	at org.glassfish.jersey.server.ApplicationHandler.initialize(ApplicationHandler.java:549)
	at org.glassfish.jersey.server.ApplicationHandler.access$500(ApplicationHandler.java:184)
	at org.glassfish.jersey.server.ApplicationHandler$3.call(ApplicationHandler.java:350)
	at org.glassfish.jersey.server.ApplicationHandler$3.call(ApplicationHandler.java:347)
	at org.glassfish.jersey.internal.Errors.process(Errors.java:315)
	at org.glassfish.jersey.internal.Errors.process(Errors.java:297)
	at org.glassfish.jersey.internal.Errors.processWithException(Errors.java:255)
	at org.glassfish.jersey.server.ApplicationHandler.&lt;init&gt;(ApplicationHandler.java:347)
	at org.glassfish.jersey.server.ApplicationHandler.&lt;init&gt;(ApplicationHandler.java:311)
	at org.glassfish.jersey.grizzly2.httpserver.GrizzlyHttpContainer.&lt;init&gt;(GrizzlyHttpContainer.java:337)
	at org.glassfish.jersey.grizzly2.httpserver.GrizzlyHttpServerFactory.createHttpServer(GrizzlyHttpServerFactory.java:119)
	at com.example.Main.startServer(Main.java:30)
	at com.example.MyResourceTest.setUp(MyResourceTest.java:22)
	at java.base/jdk.internal.reflect.NativeMethodAccessorImpl.invoke0(Native Method)
	at java.base/jdk.internal.reflect.NativeMethodAccessorImpl.invoke(NativeMethodAccessorImpl.java:62)
	at java.base/jdk.internal.reflect.DelegatingMethodAccessorImpl.invoke(DelegatingMethodAccessorImpl.java:43)
	at java.base/java.lang.reflect.Method.invoke(Method.java:564)
	at org.junit.runners.model.FrameworkMethod$1.runReflectiveCall(FrameworkMethod.java:44)
	at org.junit.internal.runners.model.ReflectiveCallable.run(ReflectiveCallable.java:15)
	at org.junit.runners.model.FrameworkMethod.invokeExplosively(FrameworkMethod.java:41)
	at org.junit.internal.runners.statements.RunBefores.evaluate(RunBefores.java:27)
	at org.junit.internal.runners.statements.RunAfters.evaluate(RunAfters.java:31)
	at org.junit.runners.ParentRunner.runLeaf(ParentRunner.java:263)
	at org.junit.runners.BlockJUnit4ClassRunner.runChild(BlockJUnit4ClassRunner.java:69)
	at org.junit.runners.BlockJUnit4ClassRunner.runChild(BlockJUnit4ClassRunner.java:48)
	at org.junit.runners.ParentRunner$3.run(ParentRunner.java:231)
	at org.junit.runners.ParentRunner$1.schedule(ParentRunner.java:60)
	at org.junit.runners.ParentRunner.runChildren(ParentRunner.java:229)
	at org.junit.runners.ParentRunner.access$000(ParentRunner.java:50)
	at org.junit.runners.ParentRunner$2.evaluate(ParentRunner.java:222)
	at org.junit.runners.ParentRunner.run(ParentRunner.java:292)
	at org.apache.maven.surefire.junit4.JUnit4Provider.execute(JUnit4Provider.java:252)
	at org.apache.maven.surefire.junit4.JUnit4Provider.executeTestSet(JUnit4Provider.java:141)
	at org.apache.maven.surefire.junit4.JUnit4Provider.invoke(JUnit4Provider.java:112)
	at java.base/jdk.internal.reflect.NativeMethodAccessorImpl.invoke0(Native Method)
	at java.base/jdk.internal.reflect.NativeMethodAccessorImpl.invoke(NativeMethodAccessorImpl.java:62)
	at java.base/jdk.internal.reflect.DelegatingMethodAccessorImpl.invoke(DelegatingMethodAccessorImpl.java:43)
	at java.base/java.lang.reflect.Method.invoke(Method.java:564)
	at org.apache.maven.surefire.util.ReflectionUtils.invokeMethodWithArray(ReflectionUtils.java:189)
	at org.apache.maven.surefire.booter.ProviderFactory$ProviderProxy.invoke(ProviderFactory.java:165)
	at org.apache.maven.surefire.booter.ProviderFactory.invokeProvider(ProviderFactory.java:85)
	at org.apache.maven.surefire.booter.ForkedBooter.runSuitesInProcess(ForkedBooter.java:115)
	at org.apache.maven.surefire.booter.ForkedBooter.main(ForkedBooter.java:75)
Caused by: java.lang.ClassNotFoundException: javax.xml.bind.PropertyException
	at java.base/jdk.internal.loader.BuiltinClassLoader.loadClass(BuiltinClassLoader.java:582)
	at java.base/jdk.internal.loader.ClassLoaders$AppClassLoader.loadClass(ClassLoaders.java:190)
	at java.base/java.lang.ClassLoader.loadClass(ClassLoader.java:499)
	... 90 more
MultiException stack 2 of 2
java.lang.IllegalArgumentException: Errors were discovered while reifying SystemDescriptor(
	implementation=org.glassfish.jersey.jaxb.internal.XmlRootObjectJaxbProvider$Text
	contracts={javax.ws.rs.ext.MessageBodyReader}
	scope=javax.inject.Singleton
	qualifiers={}
	descriptorType=CLASS
	descriptorVisibility=NORMAL
	metadata=
	rank=0
	loader=org.glassfish.hk2.utilities.binding.AbstractBinder$2@16fdec90
	proxiable=null
	proxyForSameScope=null
	analysisName=null
	id=111
	locatorId=0
	identityHashCode=1874028013
	reified=false)
	at org.jvnet.hk2.internal.SystemDescriptor.reify(SystemDescriptor.java:705)
	at org.jvnet.hk2.internal.ServiceLocatorImpl.reifyDescriptor(ServiceLocatorImpl.java:461)
	at org.jvnet.hk2.internal.ServiceLocatorImpl.narrow(ServiceLocatorImpl.java:2288)
	at org.jvnet.hk2.internal.ServiceLocatorImpl.access$1200(ServiceLocatorImpl.java:125)
	at org.jvnet.hk2.internal.ServiceLocatorImpl$9.compute(ServiceLocatorImpl.java:1373)
	at org.jvnet.hk2.internal.ServiceLocatorImpl$9.compute(ServiceLocatorImpl.java:1368)
	at org.glassfish.hk2.utilities.cache.internal.WeakCARCacheImpl.compute(WeakCARCacheImpl.java:116)
	at org.jvnet.hk2.internal.ServiceLocatorImpl.internalGetAllServiceHandles(ServiceLocatorImpl.java:1430)
	at org.jvnet.hk2.internal.ServiceLocatorImpl.getAllServiceHandles(ServiceLocatorImpl.java:1355)
	at org.jvnet.hk2.internal.ServiceLocatorImpl.getAllServiceHandles(ServiceLocatorImpl.java:1344)
	at org.glassfish.jersey.internal.inject.Providers.getServiceHandles(Providers.java:354)
	at org.glassfish.jersey.internal.inject.Providers.getCustomProviders(Providers.java:201)
	at org.glassfish.jersey.message.internal.MessageBodyFactory.&lt;init&gt;(MessageBodyFactory.java:221)
	at java.base/jdk.internal.reflect.NativeConstructorAccessorImpl.newInstance0(Native Method)
	at java.base/jdk.internal.reflect.NativeConstructorAccessorImpl.newInstance(NativeConstructorAccessorImpl.java:62)
	at java.base/jdk.internal.reflect.DelegatingConstructorAccessorImpl.newInstance(DelegatingConstructorAccessorImpl.java:45)
	at java.base/java.lang.reflect.Constructor.newInstance(Constructor.java:488)
	at org.glassfish.hk2.utilities.reflection.ReflectionHelper.makeMe(ReflectionHelper.java:1375)
	at org.jvnet.hk2.internal.ClazzCreator.createMe(ClazzCreator.java:272)
	at org.jvnet.hk2.internal.ClazzCreator.create(ClazzCreator.java:366)
	at org.jvnet.hk2.internal.SystemDescriptor.create(SystemDescriptor.java:487)
	at org.jvnet.hk2.internal.SingletonContext$1.compute(SingletonContext.java:83)
	at org.jvnet.hk2.internal.SingletonContext$1.compute(SingletonContext.java:71)
	at org.glassfish.hk2.utilities.cache.Cache$OriginThreadAwareFuture$1.call(Cache.java:97)
	at java.base/java.util.concurrent.FutureTask.run(FutureTask.java:264)
	at org.glassfish.hk2.utilities.cache.Cache$OriginThreadAwareFuture.run(Cache.java:154)
	at org.glassfish.hk2.utilities.cache.Cache.compute(Cache.java:199)
	at org.jvnet.hk2.internal.SingletonContext.findOrCreate(SingletonContext.java:122)
	at org.jvnet.hk2.internal.Utilities.createService(Utilities.java:2022)
	at org.jvnet.hk2.internal.ServiceLocatorImpl.internalGetService(ServiceLocatorImpl.java:774)
	at org.jvnet.hk2.internal.ServiceLocatorImpl.internalGetService(ServiceLocatorImpl.java:737)
	at org.jvnet.hk2.internal.ServiceLocatorImpl.getService(ServiceLocatorImpl.java:707)
	at org.glassfish.jersey.server.model.ComponentModelValidator.&lt;init&gt;(ComponentModelValidator.java:97)
	at org.glassfish.jersey.server.ApplicationHandler.initialize(ApplicationHandler.java:549)
	at org.glassfish.jersey.server.ApplicationHandler.access$500(ApplicationHandler.java:184)
	at org.glassfish.jersey.server.ApplicationHandler$3.call(ApplicationHandler.java:350)
	at org.glassfish.jersey.server.ApplicationHandler$3.call(ApplicationHandler.java:347)
	at org.glassfish.jersey.internal.Errors.process(Errors.java:315)
	at org.glassfish.jersey.internal.Errors.process(Errors.java:297)
	at org.glassfish.jersey.internal.Errors.processWithException(Errors.java:255)
	at org.glassfish.jersey.server.ApplicationHandler.&lt;init&gt;(ApplicationHandler.java:347)
	at org.glassfish.jersey.server.ApplicationHandler.&lt;init&gt;(ApplicationHandler.java:311)
	at org.glassfish.jersey.grizzly2.httpserver.GrizzlyHttpContainer.&lt;init&gt;(GrizzlyHttpContainer.java:337)
	at org.glassfish.jersey.grizzly2.httpserver.GrizzlyHttpServerFactory.createHttpServer(GrizzlyHttpServerFactory.java:119)
	at com.example.Main.startServer(Main.java:30)
	at com.example.MyResourceTest.setUp(MyResourceTest.java:22)
	at java.base/jdk.internal.reflect.NativeMethodAccessorImpl.invoke0(Native Method)
	at java.base/jdk.internal.reflect.NativeMethodAccessorImpl.invoke(NativeMethodAccessorImpl.java:62)
	at java.base/jdk.internal.reflect.DelegatingMethodAccessorImpl.invoke(DelegatingMethodAccessorImpl.java:43)
	at java.base/java.lang.reflect.Method.invoke(Method.java:564)
	at org.junit.runners.model.FrameworkMethod$1.runReflectiveCall(FrameworkMethod.java:44)
	at org.junit.internal.runners.model.ReflectiveCallable.run(ReflectiveCallable.java:15)
	at org.junit.runners.model.FrameworkMethod.invokeExplosively(FrameworkMethod.java:41)
	at org.junit.internal.runners.statements.RunBefores.evaluate(RunBefores.java:27)
	at org.junit.internal.runners.statements.RunAfters.evaluate(RunAfters.java:31)
	at org.junit.runners.ParentRunner.runLeaf(ParentRunner.java:263)
	at org.junit.runners.BlockJUnit4ClassRunner.runChild(BlockJUnit4ClassRunner.java:69)
	at org.junit.runners.BlockJUnit4ClassRunner.runChild(BlockJUnit4ClassRunner.java:48)
	at org.junit.runners.ParentRunner$3.run(ParentRunner.java:231)
	at org.junit.runners.ParentRunner$1.schedule(ParentRunner.java:60)
	at org.junit.runners.ParentRunner.runChildren(ParentRunner.java:229)
	at org.junit.runners.ParentRunner.access$000(ParentRunner.java:50)
	at org.junit.runners.ParentRunner$2.evaluate(ParentRunner.java:222)
	at org.junit.runners.ParentRunner.run(ParentRunner.java:292)
	at org.apache.maven.surefire.junit4.JUnit4Provider.execute(JUnit4Provider.java:252)
	at org.apache.maven.surefire.junit4.JUnit4Provider.executeTestSet(JUnit4Provider.java:141)
	at org.apache.maven.surefire.junit4.JUnit4Provider.invoke(JUnit4Provider.java:112)
	at java.base/jdk.internal.reflect.NativeMethodAccessorImpl.invoke0(Native Method)
	at java.base/jdk.internal.reflect.NativeMethodAccessorImpl.invoke(NativeMethodAccessorImpl.java:62)
	at java.base/jdk.internal.reflect.DelegatingMethodAccessorImpl.invoke(DelegatingMethodAccessorImpl.java:43)
	at java.base/java.lang.reflect.Method.invoke(Method.java:564)
	at org.apache.maven.surefire.util.ReflectionUtils.invokeMethodWithArray(ReflectionUtils.java:189)
	at org.apache.maven.surefire.booter.ProviderFactory$ProviderProxy.invoke(ProviderFactory.java:165)
	at org.apache.maven.surefire.booter.ProviderFactory.invokeProvider(ProviderFactory.java:85)
	at org.apache.maven.surefire.booter.ForkedBooter.runSuitesInProcess(ForkedBooter.java:115)
	at org.apache.maven.surefire.booter.ForkedBooter.main(ForkedBooter.java:75)

WARNING: HK2 service reification failed for [org.glassfish.jersey.jaxb.internal.XmlRootObjectJaxbProvider$General] with an exception:
MultiException stack 1 of 2
java.lang.NoClassDefFoundError: javax/xml/bind/PropertyException
	at java.base/java.lang.Class.getDeclaredConstructors0(Native Method)
	at java.base/java.lang.Class.privateGetDeclaredConstructors(Class.java:3090)
	at java.base/java.lang.Class.getDeclaredConstructors(Class.java:2316)
	at org.jvnet.hk2.internal.Utilities$3.run(Utilities.java:1308)
	at org.jvnet.hk2.internal.Utilities$3.run(Utilities.java:1304)
	at java.base/java.security.AccessController.doPrivileged(Native Method)
	at org.jvnet.hk2.internal.Utilities.getAllConstructors(Utilities.java:1304)
	at org.jvnet.hk2.internal.Utilities.findProducerConstructor(Utilities.java:1247)
	at org.jvnet.hk2.internal.DefaultClassAnalyzer.getConstructor(DefaultClassAnalyzer.java:83)
	at org.glassfish.jersey.internal.inject.JerseyClassAnalyzer.getConstructor(JerseyClassAnalyzer.java:144)
	at org.jvnet.hk2.internal.Utilities.getConstructor(Utilities.java:178)
	at org.jvnet.hk2.internal.ClazzCreator.initialize(ClazzCreator.java:129)
	at org.jvnet.hk2.internal.ClazzCreator.initialize(ClazzCreator.java:180)
	at org.jvnet.hk2.internal.SystemDescriptor.internalReify(SystemDescriptor.java:740)
	at org.jvnet.hk2.internal.SystemDescriptor.reify(SystemDescriptor.java:694)
	at org.jvnet.hk2.internal.ServiceLocatorImpl.reifyDescriptor(ServiceLocatorImpl.java:461)
	at org.jvnet.hk2.internal.ServiceLocatorImpl.narrow(ServiceLocatorImpl.java:2288)
	at org.jvnet.hk2.internal.ServiceLocatorImpl.access$1200(ServiceLocatorImpl.java:125)
	at org.jvnet.hk2.internal.ServiceLocatorImpl$9.compute(ServiceLocatorImpl.java:1373)
	at org.jvnet.hk2.internal.ServiceLocatorImpl$9.compute(ServiceLocatorImpl.java:1368)
	at org.glassfish.hk2.utilities.cache.internal.WeakCARCacheImpl.compute(WeakCARCacheImpl.java:116)
	at org.jvnet.hk2.internal.ServiceLocatorImpl.internalGetAllServiceHandles(ServiceLocatorImpl.java:1430)
	at org.jvnet.hk2.internal.ServiceLocatorImpl.getAllServiceHandles(ServiceLocatorImpl.java:1355)
	at org.jvnet.hk2.internal.ServiceLocatorImpl.getAllServiceHandles(ServiceLocatorImpl.java:1344)
	at org.glassfish.jersey.internal.inject.Providers.getServiceHandles(Providers.java:354)
	at org.glassfish.jersey.internal.inject.Providers.getCustomProviders(Providers.java:201)
	at org.glassfish.jersey.message.internal.MessageBodyFactory.&lt;init&gt;(MessageBodyFactory.java:221)
	at java.base/jdk.internal.reflect.NativeConstructorAccessorImpl.newInstance0(Native Method)
	at java.base/jdk.internal.reflect.NativeConstructorAccessorImpl.newInstance(NativeConstructorAccessorImpl.java:62)
	at java.base/jdk.internal.reflect.DelegatingConstructorAccessorImpl.newInstance(DelegatingConstructorAccessorImpl.java:45)
	at java.base/java.lang.reflect.Constructor.newInstance(Constructor.java:488)
	at org.glassfish.hk2.utilities.reflection.ReflectionHelper.makeMe(ReflectionHelper.java:1375)
	at org.jvnet.hk2.internal.ClazzCreator.createMe(ClazzCreator.java:272)
	at org.jvnet.hk2.internal.ClazzCreator.create(ClazzCreator.java:366)
	at org.jvnet.hk2.internal.SystemDescriptor.create(SystemDescriptor.java:487)
	at org.jvnet.hk2.internal.SingletonContext$1.compute(SingletonContext.java:83)
	at org.jvnet.hk2.internal.SingletonContext$1.compute(SingletonContext.java:71)
	at org.glassfish.hk2.utilities.cache.Cache$OriginThreadAwareFuture$1.call(Cache.java:97)
	at java.base/java.util.concurrent.FutureTask.run(FutureTask.java:264)
	at org.glassfish.hk2.utilities.cache.Cache$OriginThreadAwareFuture.run(Cache.java:154)
	at org.glassfish.hk2.utilities.cache.Cache.compute(Cache.java:199)
	at org.jvnet.hk2.internal.SingletonContext.findOrCreate(SingletonContext.java:122)
	at org.jvnet.hk2.internal.Utilities.createService(Utilities.java:2022)
	at org.jvnet.hk2.internal.ServiceLocatorImpl.internalGetService(ServiceLocatorImpl.java:774)
	at org.jvnet.hk2.internal.ServiceLocatorImpl.internalGetService(ServiceLocatorImpl.java:737)
	at org.jvnet.hk2.internal.ServiceLocatorImpl.getService(ServiceLocatorImpl.java:707)
	at org.glassfish.jersey.server.model.ComponentModelValidator.&lt;init&gt;(ComponentModelValidator.java:97)
	at org.glassfish.jersey.server.ApplicationHandler.initialize(ApplicationHandler.java:549)
	at org.glassfish.jersey.server.ApplicationHandler.access$500(ApplicationHandler.java:184)
	at org.glassfish.jersey.server.ApplicationHandler$3.call(ApplicationHandler.java:350)
	at org.glassfish.jersey.server.ApplicationHandler$3.call(ApplicationHandler.java:347)
	at org.glassfish.jersey.internal.Errors.process(Errors.java:315)
	at org.glassfish.jersey.internal.Errors.process(Errors.java:297)
	at org.glassfish.jersey.internal.Errors.processWithException(Errors.java:255)
	at org.glassfish.jersey.server.ApplicationHandler.&lt;init&gt;(ApplicationHandler.java:347)
	at org.glassfish.jersey.server.ApplicationHandler.&lt;init&gt;(ApplicationHandler.java:311)
	at org.glassfish.jersey.grizzly2.httpserver.GrizzlyHttpContainer.&lt;init&gt;(GrizzlyHttpContainer.java:337)
	at org.glassfish.jersey.grizzly2.httpserver.GrizzlyHttpServerFactory.createHttpServer(GrizzlyHttpServerFactory.java:119)
	at com.example.Main.startServer(Main.java:30)
	at com.example.MyResourceTest.setUp(MyResourceTest.java:22)
	at java.base/jdk.internal.reflect.NativeMethodAccessorImpl.invoke0(Native Method)
	at java.base/jdk.internal.reflect.NativeMethodAccessorImpl.invoke(NativeMethodAccessorImpl.java:62)
	at java.base/jdk.internal.reflect.DelegatingMethodAccessorImpl.invoke(DelegatingMethodAccessorImpl.java:43)
	at java.base/java.lang.reflect.Method.invoke(Method.java:564)
	at org.junit.runners.model.FrameworkMethod$1.runReflectiveCall(FrameworkMethod.java:44)
	at org.junit.internal.runners.model.ReflectiveCallable.run(ReflectiveCallable.java:15)
	at org.junit.runners.model.FrameworkMethod.invokeExplosively(FrameworkMethod.java:41)
	at org.junit.internal.runners.statements.RunBefores.evaluate(RunBefores.java:27)
	at org.junit.internal.runners.statements.RunAfters.evaluate(RunAfters.java:31)
	at org.junit.runners.ParentRunner.runLeaf(ParentRunner.java:263)
	at org.junit.runners.BlockJUnit4ClassRunner.runChild(BlockJUnit4ClassRunner.java:69)
	at org.junit.runners.BlockJUnit4ClassRunner.runChild(BlockJUnit4ClassRunner.java:48)
	at org.junit.runners.ParentRunner$3.run(ParentRunner.java:231)
	at org.junit.runners.ParentRunner$1.schedule(ParentRunner.java:60)
	at org.junit.runners.ParentRunner.runChildren(ParentRunner.java:229)
	at org.junit.runners.ParentRunner.access$000(ParentRunner.java:50)
	at org.junit.runners.ParentRunner$2.evaluate(ParentRunner.java:222)
	at org.junit.runners.ParentRunner.run(ParentRunner.java:292)
	at org.apache.maven.surefire.junit4.JUnit4Provider.execute(JUnit4Provider.java:252)
	at org.apache.maven.surefire.junit4.JUnit4Provider.executeTestSet(JUnit4Provider.java:141)
	at org.apache.maven.surefire.junit4.JUnit4Provider.invoke(JUnit4Provider.java:112)
	at java.base/jdk.internal.reflect.NativeMethodAccessorImpl.invoke0(Native Method)
	at java.base/jdk.internal.reflect.NativeMethodAccessorImpl.invoke(NativeMethodAccessorImpl.java:62)
	at java.base/jdk.internal.reflect.DelegatingMethodAccessorImpl.invoke(DelegatingMethodAccessorImpl.java:43)
	at java.base/java.lang.reflect.Method.invoke(Method.java:564)
	at org.apache.maven.surefire.util.ReflectionUtils.invokeMethodWithArray(ReflectionUtils.java:189)
	at org.apache.maven.surefire.booter.ProviderFactory$ProviderProxy.invoke(ProviderFactory.java:165)
	at org.apache.maven.surefire.booter.ProviderFactory.invokeProvider(ProviderFactory.java:85)
	at org.apache.maven.surefire.booter.ForkedBooter.runSuitesInProcess(ForkedBooter.java:115)
	at org.apache.maven.surefire.booter.ForkedBooter.main(ForkedBooter.java:75)
Caused by: java.lang.ClassNotFoundException: javax.xml.bind.PropertyException
	at java.base/jdk.internal.loader.BuiltinClassLoader.loadClass(BuiltinClassLoader.java:582)
	at java.base/jdk.internal.loader.ClassLoaders$AppClassLoader.loadClass(ClassLoaders.java:190)
	at java.base/java.lang.ClassLoader.loadClass(ClassLoader.java:499)
	... 90 more
MultiException stack 2 of 2
java.lang.IllegalArgumentException: Errors were discovered while reifying SystemDescriptor(
	implementation=org.glassfish.jersey.jaxb.internal.XmlRootObjectJaxbProvider$General
	contracts={javax.ws.rs.ext.MessageBodyReader}
	scope=javax.inject.Singleton
	qualifiers={}
	descriptorType=CLASS
	descriptorVisibility=NORMAL
	metadata=
	rank=0
	loader=org.glassfish.hk2.utilities.binding.AbstractBinder$2@16fdec90
	proxiable=null
	proxyForSameScope=null
	analysisName=null
	id=112
	locatorId=0
	identityHashCode=1958402562
	reified=false)
	at org.jvnet.hk2.internal.SystemDescriptor.reify(SystemDescriptor.java:705)
	at org.jvnet.hk2.internal.ServiceLocatorImpl.reifyDescriptor(ServiceLocatorImpl.java:461)
	at org.jvnet.hk2.internal.ServiceLocatorImpl.narrow(ServiceLocatorImpl.java:2288)
	at org.jvnet.hk2.internal.ServiceLocatorImpl.access$1200(ServiceLocatorImpl.java:125)
	at org.jvnet.hk2.internal.ServiceLocatorImpl$9.compute(ServiceLocatorImpl.java:1373)
	at org.jvnet.hk2.internal.ServiceLocatorImpl$9.compute(ServiceLocatorImpl.java:1368)
	at org.glassfish.hk2.utilities.cache.internal.WeakCARCacheImpl.compute(WeakCARCacheImpl.java:116)
	at org.jvnet.hk2.internal.ServiceLocatorImpl.internalGetAllServiceHandles(ServiceLocatorImpl.java:1430)
	at org.jvnet.hk2.internal.ServiceLocatorImpl.getAllServiceHandles(ServiceLocatorImpl.java:1355)
	at org.jvnet.hk2.internal.ServiceLocatorImpl.getAllServiceHandles(ServiceLocatorImpl.java:1344)
	at org.glassfish.jersey.internal.inject.Providers.getServiceHandles(Providers.java:354)
	at org.glassfish.jersey.internal.inject.Providers.getCustomProviders(Providers.java:201)
	at org.glassfish.jersey.message.internal.MessageBodyFactory.&lt;init&gt;(MessageBodyFactory.java:221)
	at java.base/jdk.internal.reflect.NativeConstructorAccessorImpl.newInstance0(Native Method)
	at java.base/jdk.internal.reflect.NativeConstructorAccessorImpl.newInstance(NativeConstructorAccessorImpl.java:62)
	at java.base/jdk.internal.reflect.DelegatingConstructorAccessorImpl.newInstance(DelegatingConstructorAccessorImpl.java:45)
	at java.base/java.lang.reflect.Constructor.newInstance(Constructor.java:488)
	at org.glassfish.hk2.utilities.reflection.ReflectionHelper.makeMe(ReflectionHelper.java:1375)
	at org.jvnet.hk2.internal.ClazzCreator.createMe(ClazzCreator.java:272)
	at org.jvnet.hk2.internal.ClazzCreator.create(ClazzCreator.java:366)
	at org.jvnet.hk2.internal.SystemDescriptor.create(SystemDescriptor.java:487)
	at org.jvnet.hk2.internal.SingletonContext$1.compute(SingletonContext.java:83)
	at org.jvnet.hk2.internal.SingletonContext$1.compute(SingletonContext.java:71)
	at org.glassfish.hk2.utilities.cache.Cache$OriginThreadAwareFuture$1.call(Cache.java:97)
	at java.base/java.util.concurrent.FutureTask.run(FutureTask.java:264)
	at org.glassfish.hk2.utilities.cache.Cache$OriginThreadAwareFuture.run(Cache.java:154)
	at org.glassfish.hk2.utilities.cache.Cache.compute(Cache.java:199)
	at org.jvnet.hk2.internal.SingletonContext.findOrCreate(SingletonContext.java:122)
	at org.jvnet.hk2.internal.Utilities.createService(Utilities.java:2022)
	at org.jvnet.hk2.internal.ServiceLocatorImpl.internalGetService(ServiceLocatorImpl.java:774)
	at org.jvnet.hk2.internal.ServiceLocatorImpl.internalGetService(ServiceLocatorImpl.java:737)
	at org.jvnet.hk2.internal.ServiceLocatorImpl.getService(ServiceLocatorImpl.java:707)
	at org.glassfish.jersey.server.model.ComponentModelValidator.&lt;init&gt;(ComponentModelValidator.java:97)
	at org.glassfish.jersey.server.ApplicationHandler.initialize(ApplicationHandler.java:549)
	at org.glassfish.jersey.server.ApplicationHandler.access$500(ApplicationHandler.java:184)
	at org.glassfish.jersey.server.ApplicationHandler$3.call(ApplicationHandler.java:350)
	at org.glassfish.jersey.server.ApplicationHandler$3.call(ApplicationHandler.java:347)
	at org.glassfish.jersey.internal.Errors.process(Errors.java:315)
	at org.glassfish.jersey.internal.Errors.process(Errors.java:297)
	at org.glassfish.jersey.internal.Errors.processWithException(Errors.java:255)
	at org.glassfish.jersey.server.ApplicationHandler.&lt;init&gt;(ApplicationHandler.java:347)
	at org.glassfish.jersey.server.ApplicationHandler.&lt;init&gt;(ApplicationHandler.java:311)
	at org.glassfish.jersey.grizzly2.httpserver.GrizzlyHttpContainer.&lt;init&gt;(GrizzlyHttpContainer.java:337)
	at org.glassfish.jersey.grizzly2.httpserver.GrizzlyHttpServerFactory.createHttpServer(GrizzlyHttpServerFactory.java:119)
	at com.example.Main.startServer(Main.java:30)
	at com.example.MyResourceTest.setUp(MyResourceTest.java:22)
	at java.base/jdk.internal.reflect.NativeMethodAccessorImpl.invoke0(Native Method)
	at java.base/jdk.internal.reflect.NativeMethodAccessorImpl.invoke(NativeMethodAccessorImpl.java:62)
	at java.base/jdk.internal.reflect.DelegatingMethodAccessorImpl.invoke(DelegatingMethodAccessorImpl.java:43)
	at java.base/java.lang.reflect.Method.invoke(Method.java:564)
	at org.junit.runners.model.FrameworkMethod$1.runReflectiveCall(FrameworkMethod.java:44)
	at org.junit.internal.runners.model.ReflectiveCallable.run(ReflectiveCallable.java:15)
	at org.junit.runners.model.FrameworkMethod.invokeExplosively(FrameworkMethod.java:41)
	at org.junit.internal.runners.statements.RunBefores.evaluate(RunBefores.java:27)
	at org.junit.internal.runners.statements.RunAfters.evaluate(RunAfters.java:31)
	at org.junit.runners.ParentRunner.runLeaf(ParentRunner.java:263)
	at org.junit.runners.BlockJUnit4ClassRunner.runChild(BlockJUnit4ClassRunner.java:69)
	at org.junit.runners.BlockJUnit4ClassRunner.runChild(BlockJUnit4ClassRunner.java:48)
	at org.junit.runners.ParentRunner$3.run(ParentRunner.java:231)
	at org.junit.runners.ParentRunner$1.schedule(ParentRunner.java:60)
	at org.junit.runners.ParentRunner.runChildren(ParentRunner.java:229)
	at org.junit.runners.ParentRunner.access$000(ParentRunner.java:50)
	at org.junit.runners.ParentRunner$2.evaluate(ParentRunner.java:222)
	at org.junit.runners.ParentRunner.run(ParentRunner.java:292)
	at org.apache.maven.surefire.junit4.JUnit4Provider.execute(JUnit4Provider.java:252)
	at org.apache.maven.surefire.junit4.JUnit4Provider.executeTestSet(JUnit4Provider.java:141)
	at org.apache.maven.surefire.junit4.JUnit4Provider.invoke(JUnit4Provider.java:112)
	at java.base/jdk.internal.reflect.NativeMethodAccessorImpl.invoke0(Native Method)
	at java.base/jdk.internal.reflect.NativeMethodAccessorImpl.invoke(NativeMethodAccessorImpl.java:62)
	at java.base/jdk.internal.reflect.DelegatingMethodAccessorImpl.invoke(DelegatingMethodAccessorImpl.java:43)
	at java.base/java.lang.reflect.Method.invoke(Method.java:564)
	at org.apache.maven.surefire.util.ReflectionUtils.invokeMethodWithArray(ReflectionUtils.java:189)
	at org.apache.maven.surefire.booter.ProviderFactory$ProviderProxy.invoke(ProviderFactory.java:165)
	at org.apache.maven.surefire.booter.ProviderFactory.invokeProvider(ProviderFactory.java:85)
	at org.apache.maven.surefire.booter.ForkedBooter.runSuitesInProcess(ForkedBooter.java:115)
	at org.apache.maven.surefire.booter.ForkedBooter.main(ForkedBooter.java:75)

WARNING: HK2 service reification failed for [org.glassfish.jersey.message.internal.DataSourceProvider] with an exception:
MultiException stack 1 of 2
java.lang.NoClassDefFoundError: javax/activation/DataSource
	at java.base/java.lang.Class.getDeclaredConstructors0(Native Method)
	at java.base/java.lang.Class.privateGetDeclaredConstructors(Class.java:3090)
	at java.base/java.lang.Class.getDeclaredConstructors(Class.java:2316)
	at org.jvnet.hk2.internal.Utilities$3.run(Utilities.java:1308)
	at org.jvnet.hk2.internal.Utilities$3.run(Utilities.java:1304)
	at java.base/java.security.AccessController.doPrivileged(Native Method)
	at org.jvnet.hk2.internal.Utilities.getAllConstructors(Utilities.java:1304)
	at org.jvnet.hk2.internal.Utilities.findProducerConstructor(Utilities.java:1247)
	at org.jvnet.hk2.internal.DefaultClassAnalyzer.getConstructor(DefaultClassAnalyzer.java:83)
	at org.glassfish.jersey.internal.inject.JerseyClassAnalyzer.getConstructor(JerseyClassAnalyzer.java:144)
	at org.jvnet.hk2.internal.Utilities.getConstructor(Utilities.java:178)
	at org.jvnet.hk2.internal.ClazzCreator.initialize(ClazzCreator.java:129)
	at org.jvnet.hk2.internal.ClazzCreator.initialize(ClazzCreator.java:180)
	at org.jvnet.hk2.internal.SystemDescriptor.internalReify(SystemDescriptor.java:740)
	at org.jvnet.hk2.internal.SystemDescriptor.reify(SystemDescriptor.java:694)
	at org.jvnet.hk2.internal.ServiceLocatorImpl.reifyDescriptor(ServiceLocatorImpl.java:461)
	at org.jvnet.hk2.internal.ServiceLocatorImpl.narrow(ServiceLocatorImpl.java:2288)
	at org.jvnet.hk2.internal.ServiceLocatorImpl.access$1200(ServiceLocatorImpl.java:125)
	at org.jvnet.hk2.internal.ServiceLocatorImpl$9.compute(ServiceLocatorImpl.java:1373)
	at org.jvnet.hk2.internal.ServiceLocatorImpl$9.compute(ServiceLocatorImpl.java:1368)
	at org.glassfish.hk2.utilities.cache.internal.WeakCARCacheImpl.compute(WeakCARCacheImpl.java:116)
	at org.jvnet.hk2.internal.ServiceLocatorImpl.internalGetAllServiceHandles(ServiceLocatorImpl.java:1430)
	at org.jvnet.hk2.internal.ServiceLocatorImpl.getAllServiceHandles(ServiceLocatorImpl.java:1355)
	at org.jvnet.hk2.internal.ServiceLocatorImpl.getAllServiceHandles(ServiceLocatorImpl.java:1344)
	at org.glassfish.jersey.internal.inject.Providers.getServiceHandles(Providers.java:354)
	at org.glassfish.jersey.internal.inject.Providers.getCustomProviders(Providers.java:201)
	at org.glassfish.jersey.message.internal.MessageBodyFactory.&lt;init&gt;(MessageBodyFactory.java:221)
	at java.base/jdk.internal.reflect.NativeConstructorAccessorImpl.newInstance0(Native Method)
	at java.base/jdk.internal.reflect.NativeConstructorAccessorImpl.newInstance(NativeConstructorAccessorImpl.java:62)
	at java.base/jdk.internal.reflect.DelegatingConstructorAccessorImpl.newInstance(DelegatingConstructorAccessorImpl.java:45)
	at java.base/java.lang.reflect.Constructor.newInstance(Constructor.java:488)
	at org.glassfish.hk2.utilities.reflection.ReflectionHelper.makeMe(ReflectionHelper.java:1375)
	at org.jvnet.hk2.internal.ClazzCreator.createMe(ClazzCreator.java:272)
	at org.jvnet.hk2.internal.ClazzCreator.create(ClazzCreator.java:366)
	at org.jvnet.hk2.internal.SystemDescriptor.create(SystemDescriptor.java:487)
	at org.jvnet.hk2.internal.SingletonContext$1.compute(SingletonContext.java:83)
	at org.jvnet.hk2.internal.SingletonContext$1.compute(SingletonContext.java:71)
	at org.glassfish.hk2.utilities.cache.Cache$OriginThreadAwareFuture$1.call(Cache.java:97)
	at java.base/java.util.concurrent.FutureTask.run(FutureTask.java:264)
	at org.glassfish.hk2.utilities.cache.Cache$OriginThreadAwareFuture.run(Cache.java:154)
	at org.glassfish.hk2.utilities.cache.Cache.compute(Cache.java:199)
	at org.jvnet.hk2.internal.SingletonContext.findOrCreate(SingletonContext.java:122)
	at org.jvnet.hk2.internal.Utilities.createService(Utilities.java:2022)
	at org.jvnet.hk2.internal.ServiceLocatorImpl.internalGetService(ServiceLocatorImpl.java:774)
	at org.jvnet.hk2.internal.ServiceLocatorImpl.internalGetService(ServiceLocatorImpl.java:737)
	at org.jvnet.hk2.internal.ServiceLocatorImpl.getService(ServiceLocatorImpl.java:707)
	at org.glassfish.jersey.server.model.ComponentModelValidator.&lt;init&gt;(ComponentModelValidator.java:97)
	at org.glassfish.jersey.server.ApplicationHandler.initialize(ApplicationHandler.java:549)
	at org.glassfish.jersey.server.ApplicationHandler.access$500(ApplicationHandler.java:184)
	at org.glassfish.jersey.server.ApplicationHandler$3.call(ApplicationHandler.java:350)
	at org.glassfish.jersey.server.ApplicationHandler$3.call(ApplicationHandler.java:347)
	at org.glassfish.jersey.internal.Errors.process(Errors.java:315)
	at org.glassfish.jersey.internal.Errors.process(Errors.java:297)
	at org.glassfish.jersey.internal.Errors.processWithException(Errors.java:255)
	at org.glassfish.jersey.server.ApplicationHandler.&lt;init&gt;(ApplicationHandler.java:347)
	at org.glassfish.jersey.server.ApplicationHandler.&lt;init&gt;(ApplicationHandler.java:311)
	at org.glassfish.jersey.grizzly2.httpserver.GrizzlyHttpContainer.&lt;init&gt;(GrizzlyHttpContainer.java:337)
	at org.glassfish.jersey.grizzly2.httpserver.GrizzlyHttpServerFactory.createHttpServer(GrizzlyHttpServerFactory.java:119)
	at com.example.Main.startServer(Main.java:30)
	at com.example.MyResourceTest.setUp(MyResourceTest.java:22)
	at java.base/jdk.internal.reflect.NativeMethodAccessorImpl.invoke0(Native Method)
	at java.base/jdk.internal.reflect.NativeMethodAccessorImpl.invoke(NativeMethodAccessorImpl.java:62)
	at java.base/jdk.internal.reflect.DelegatingMethodAccessorImpl.invoke(DelegatingMethodAccessorImpl.java:43)
	at java.base/java.lang.reflect.Method.invoke(Method.java:564)
	at org.junit.runners.model.FrameworkMethod$1.runReflectiveCall(FrameworkMethod.java:44)
	at org.junit.internal.runners.model.ReflectiveCallable.run(ReflectiveCallable.java:15)
	at org.junit.runners.model.FrameworkMethod.invokeExplosively(FrameworkMethod.java:41)
	at org.junit.internal.runners.statements.RunBefores.evaluate(RunBefores.java:27)
	at org.junit.internal.runners.statements.RunAfters.evaluate(RunAfters.java:31)
	at org.junit.runners.ParentRunner.runLeaf(ParentRunner.java:263)
	at org.junit.runners.BlockJUnit4ClassRunner.runChild(BlockJUnit4ClassRunner.java:69)
	at org.junit.runners.BlockJUnit4ClassRunner.runChild(BlockJUnit4ClassRunner.java:48)
	at org.junit.runners.ParentRunner$3.run(ParentRunner.java:231)
	at org.junit.runners.ParentRunner$1.schedule(ParentRunner.java:60)
	at org.junit.runners.ParentRunner.runChildren(ParentRunner.java:229)
	at org.junit.runners.ParentRunner.access$000(ParentRunner.java:50)
	at org.junit.runners.ParentRunner$2.evaluate(ParentRunner.java:222)
	at org.junit.runners.ParentRunner.run(ParentRunner.java:292)
	at org.apache.maven.surefire.junit4.JUnit4Provider.execute(JUnit4Provider.java:252)
	at org.apache.maven.surefire.junit4.JUnit4Provider.executeTestSet(JUnit4Provider.java:141)
	at org.apache.maven.surefire.junit4.JUnit4Provider.invoke(JUnit4Provider.java:112)
	at java.base/jdk.internal.reflect.NativeMethodAccessorImpl.invoke0(Native Method)
	at java.base/jdk.internal.reflect.NativeMethodAccessorImpl.invoke(NativeMethodAccessorImpl.java:62)
	at java.base/jdk.internal.reflect.DelegatingMethodAccessorImpl.invoke(DelegatingMethodAccessorImpl.java:43)
	at java.base/java.lang.reflect.Method.invoke(Method.java:564)
	at org.apache.maven.surefire.util.ReflectionUtils.invokeMethodWithArray(ReflectionUtils.java:189)
	at org.apache.maven.surefire.booter.ProviderFactory$ProviderProxy.invoke(ProviderFactory.java:165)
	at org.apache.maven.surefire.booter.ProviderFactory.invokeProvider(ProviderFactory.java:85)
	at org.apache.maven.surefire.booter.ForkedBooter.runSuitesInProcess(ForkedBooter.java:115)
	at org.apache.maven.surefire.booter.ForkedBooter.main(ForkedBooter.java:75)
Caused by: java.lang.ClassNotFoundException: javax.activation.DataSource
	at java.base/jdk.internal.loader.BuiltinClassLoader.loadClass(BuiltinClassLoader.java:582)
	at java.base/jdk.internal.loader.ClassLoaders$AppClassLoader.loadClass(ClassLoaders.java:190)
	at java.base/java.lang.ClassLoader.loadClass(ClassLoader.java:499)
	... 90 more
MultiException stack 2 of 2
java.lang.IllegalArgumentException: Errors were discovered while reifying SystemDescriptor(
	implementation=org.glassfish.jersey.message.internal.DataSourceProvider
	contracts={javax.ws.rs.ext.MessageBodyWriter,javax.ws.rs.ext.MessageBodyReader}
	scope=javax.inject.Singleton
	qualifiers={}
	descriptorType=CLASS
	descriptorVisibility=NORMAL
	metadata=
	rank=0
	loader=org.glassfish.hk2.utilities.binding.AbstractBinder$2@2e1ef60
	proxiable=null
	proxyForSameScope=null
	analysisName=null
	id=51
	locatorId=0
	identityHashCode=573926093
	reified=false)
	at org.jvnet.hk2.internal.SystemDescriptor.reify(SystemDescriptor.java:705)
	at org.jvnet.hk2.internal.ServiceLocatorImpl.reifyDescriptor(ServiceLocatorImpl.java:461)
	at org.jvnet.hk2.internal.ServiceLocatorImpl.narrow(ServiceLocatorImpl.java:2288)
	at org.jvnet.hk2.internal.ServiceLocatorImpl.access$1200(ServiceLocatorImpl.java:125)
	at org.jvnet.hk2.internal.ServiceLocatorImpl$9.compute(ServiceLocatorImpl.java:1373)
	at org.jvnet.hk2.internal.ServiceLocatorImpl$9.compute(ServiceLocatorImpl.java:1368)
	at org.glassfish.hk2.utilities.cache.internal.WeakCARCacheImpl.compute(WeakCARCacheImpl.java:116)
	at org.jvnet.hk2.internal.ServiceLocatorImpl.internalGetAllServiceHandles(ServiceLocatorImpl.java:1430)
	at org.jvnet.hk2.internal.ServiceLocatorImpl.getAllServiceHandles(ServiceLocatorImpl.java:1355)
	at org.jvnet.hk2.internal.ServiceLocatorImpl.getAllServiceHandles(ServiceLocatorImpl.java:1344)
	at org.glassfish.jersey.internal.inject.Providers.getServiceHandles(Providers.java:354)
	at org.glassfish.jersey.internal.inject.Providers.getCustomProviders(Providers.java:201)
	at org.glassfish.jersey.message.internal.MessageBodyFactory.&lt;init&gt;(MessageBodyFactory.java:221)
	at java.base/jdk.internal.reflect.NativeConstructorAccessorImpl.newInstance0(Native Method)
	at java.base/jdk.internal.reflect.NativeConstructorAccessorImpl.newInstance(NativeConstructorAccessorImpl.java:62)
	at java.base/jdk.internal.reflect.DelegatingConstructorAccessorImpl.newInstance(DelegatingConstructorAccessorImpl.java:45)
	at java.base/java.lang.reflect.Constructor.newInstance(Constructor.java:488)
	at org.glassfish.hk2.utilities.reflection.ReflectionHelper.makeMe(ReflectionHelper.java:1375)
	at org.jvnet.hk2.internal.ClazzCreator.createMe(ClazzCreator.java:272)
	at org.jvnet.hk2.internal.ClazzCreator.create(ClazzCreator.java:366)
	at org.jvnet.hk2.internal.SystemDescriptor.create(SystemDescriptor.java:487)
	at org.jvnet.hk2.internal.SingletonContext$1.compute(SingletonContext.java:83)
	at org.jvnet.hk2.internal.SingletonContext$1.compute(SingletonContext.java:71)
	at org.glassfish.hk2.utilities.cache.Cache$OriginThreadAwareFuture$1.call(Cache.java:97)
	at java.base/java.util.concurrent.FutureTask.run(FutureTask.java:264)
	at org.glassfish.hk2.utilities.cache.Cache$OriginThreadAwareFuture.run(Cache.java:154)
	at org.glassfish.hk2.utilities.cache.Cache.compute(Cache.java:199)
	at org.jvnet.hk2.internal.SingletonContext.findOrCreate(SingletonContext.java:122)
	at org.jvnet.hk2.internal.Utilities.createService(Utilities.java:2022)
	at org.jvnet.hk2.internal.ServiceLocatorImpl.internalGetService(ServiceLocatorImpl.java:774)
	at org.jvnet.hk2.internal.ServiceLocatorImpl.internalGetService(ServiceLocatorImpl.java:737)
	at org.jvnet.hk2.internal.ServiceLocatorImpl.getService(ServiceLocatorImpl.java:707)
	at org.glassfish.jersey.server.model.ComponentModelValidator.&lt;init&gt;(ComponentModelValidator.java:97)
	at org.glassfish.jersey.server.ApplicationHandler.initialize(ApplicationHandler.java:549)
	at org.glassfish.jersey.server.ApplicationHandler.access$500(ApplicationHandler.java:184)
	at org.glassfish.jersey.server.ApplicationHandler$3.call(ApplicationHandler.java:350)
	at org.glassfish.jersey.server.ApplicationHandler$3.call(ApplicationHandler.java:347)
	at org.glassfish.jersey.internal.Errors.process(Errors.java:315)
	at org.glassfish.jersey.internal.Errors.process(Errors.java:297)
	at org.glassfish.jersey.internal.Errors.processWithException(Errors.java:255)
	at org.glassfish.jersey.server.ApplicationHandler.&lt;init&gt;(ApplicationHandler.java:347)
	at org.glassfish.jersey.server.ApplicationHandler.&lt;init&gt;(ApplicationHandler.java:311)
	at org.glassfish.jersey.grizzly2.httpserver.GrizzlyHttpContainer.&lt;init&gt;(GrizzlyHttpContainer.java:337)
	at org.glassfish.jersey.grizzly2.httpserver.GrizzlyHttpServerFactory.createHttpServer(GrizzlyHttpServerFactory.java:119)
	at com.example.Main.startServer(Main.java:30)
	at com.example.MyResourceTest.setUp(MyResourceTest.java:22)
	at java.base/jdk.internal.reflect.NativeMethodAccessorImpl.invoke0(Native Method)
	at java.base/jdk.internal.reflect.NativeMethodAccessorImpl.invoke(NativeMethodAccessorImpl.java:62)
	at java.base/jdk.internal.reflect.DelegatingMethodAccessorImpl.invoke(DelegatingMethodAccessorImpl.java:43)
	at java.base/java.lang.reflect.Method.invoke(Method.java:564)
	at org.junit.runners.model.FrameworkMethod$1.runReflectiveCall(FrameworkMethod.java:44)
	at org.junit.internal.runners.model.ReflectiveCallable.run(ReflectiveCallable.java:15)
	at org.junit.runners.model.FrameworkMethod.invokeExplosively(FrameworkMethod.java:41)
	at org.junit.internal.runners.statements.RunBefores.evaluate(RunBefores.java:27)
	at org.junit.internal.runners.statements.RunAfters.evaluate(RunAfters.java:31)
	at org.junit.runners.ParentRunner.runLeaf(ParentRunner.java:263)
	at org.junit.runners.BlockJUnit4ClassRunner.runChild(BlockJUnit4ClassRunner.java:69)
	at org.junit.runners.BlockJUnit4ClassRunner.runChild(BlockJUnit4ClassRunner.java:48)
	at org.junit.runners.ParentRunner$3.run(ParentRunner.java:231)
	at org.junit.runners.ParentRunner$1.schedule(ParentRunner.java:60)
	at org.junit.runners.ParentRunner.runChildren(ParentRunner.java:229)
	at org.junit.runners.ParentRunner.access$000(ParentRunner.java:50)
	at org.junit.runners.ParentRunner$2.evaluate(ParentRunner.java:222)
	at org.junit.runners.ParentRunner.run(ParentRunner.java:292)
	at org.apache.maven.surefire.junit4.JUnit4Provider.execute(JUnit4Provider.java:252)
	at org.apache.maven.surefire.junit4.JUnit4Provider.executeTestSet(JUnit4Provider.java:141)
	at org.apache.maven.surefire.junit4.JUnit4Provider.invoke(JUnit4Provider.java:112)
	at java.base/jdk.internal.reflect.NativeMethodAccessorImpl.invoke0(Native Method)
	at java.base/jdk.internal.reflect.NativeMethodAccessorImpl.invoke(NativeMethodAccessorImpl.java:62)
	at java.base/jdk.internal.reflect.DelegatingMethodAccessorImpl.invoke(DelegatingMethodAccessorImpl.java:43)
	at java.base/java.lang.reflect.Method.invoke(Method.java:564)
	at org.apache.maven.surefire.util.ReflectionUtils.invokeMethodWithArray(ReflectionUtils.java:189)
	at org.apache.maven.surefire.booter.ProviderFactory$ProviderProxy.invoke(ProviderFactory.java:165)
	at org.apache.maven.surefire.booter.ProviderFactory.invokeProvider(ProviderFactory.java:85)
	at org.apache.maven.surefire.booter.ForkedBooter.runSuitesInProcess(ForkedBooter.java:115)
	at org.apache.maven.surefire.booter.ForkedBooter.main(ForkedBooter.java:75)

WARNING: HK2 service reification failed for [org.glassfish.jersey.jaxb.internal.XmlJaxbElementProvider$App] with an exception:
MultiException stack 1 of 2
java.lang.NoClassDefFoundError: javax/xml/bind/PropertyException
	at java.base/java.lang.Class.getDeclaredConstructors0(Native Method)
	at java.base/java.lang.Class.privateGetDeclaredConstructors(Class.java:3090)
	at java.base/java.lang.Class.getDeclaredConstructors(Class.java:2316)
	at org.jvnet.hk2.internal.Utilities$3.run(Utilities.java:1308)
	at org.jvnet.hk2.internal.Utilities$3.run(Utilities.java:1304)
	at java.base/java.security.AccessController.doPrivileged(Native Method)
	at org.jvnet.hk2.internal.Utilities.getAllConstructors(Utilities.java:1304)
	at org.jvnet.hk2.internal.Utilities.findProducerConstructor(Utilities.java:1247)
	at org.jvnet.hk2.internal.DefaultClassAnalyzer.getConstructor(DefaultClassAnalyzer.java:83)
	at org.glassfish.jersey.internal.inject.JerseyClassAnalyzer.getConstructor(JerseyClassAnalyzer.java:144)
	at org.jvnet.hk2.internal.Utilities.getConstructor(Utilities.java:178)
	at org.jvnet.hk2.internal.ClazzCreator.initialize(ClazzCreator.java:129)
	at org.jvnet.hk2.internal.ClazzCreator.initialize(ClazzCreator.java:180)
	at org.jvnet.hk2.internal.SystemDescriptor.internalReify(SystemDescriptor.java:740)
	at org.jvnet.hk2.internal.SystemDescriptor.reify(SystemDescriptor.java:694)
	at org.jvnet.hk2.internal.ServiceLocatorImpl.reifyDescriptor(ServiceLocatorImpl.java:461)
	at org.jvnet.hk2.internal.ServiceLocatorImpl.narrow(ServiceLocatorImpl.java:2288)
	at org.jvnet.hk2.internal.ServiceLocatorImpl.access$1200(ServiceLocatorImpl.java:125)
	at org.jvnet.hk2.internal.ServiceLocatorImpl$9.compute(ServiceLocatorImpl.java:1373)
	at org.jvnet.hk2.internal.ServiceLocatorImpl$9.compute(ServiceLocatorImpl.java:1368)
	at org.glassfish.hk2.utilities.cache.internal.WeakCARCacheImpl.compute(WeakCARCacheImpl.java:116)
	at org.jvnet.hk2.internal.ServiceLocatorImpl.internalGetAllServiceHandles(ServiceLocatorImpl.java:1430)
	at org.jvnet.hk2.internal.ServiceLocatorImpl.getAllServiceHandles(ServiceLocatorImpl.java:1355)
	at org.jvnet.hk2.internal.ServiceLocatorImpl.getAllServiceHandles(ServiceLocatorImpl.java:1344)
	at org.glassfish.jersey.internal.inject.Providers.getServiceHandles(Providers.java:354)
	at org.glassfish.jersey.internal.inject.Providers.getCustomProviders(Providers.java:201)
	at org.glassfish.jersey.message.internal.MessageBodyFactory.&lt;init&gt;(MessageBodyFactory.java:221)
	at java.base/jdk.internal.reflect.NativeConstructorAccessorImpl.newInstance0(Native Method)
	at java.base/jdk.internal.reflect.NativeConstructorAccessorImpl.newInstance(NativeConstructorAccessorImpl.java:62)
	at java.base/jdk.internal.reflect.DelegatingConstructorAccessorImpl.newInstance(DelegatingConstructorAccessorImpl.java:45)
	at java.base/java.lang.reflect.Constructor.newInstance(Constructor.java:488)
	at org.glassfish.hk2.utilities.reflection.ReflectionHelper.makeMe(ReflectionHelper.java:1375)
	at org.jvnet.hk2.internal.ClazzCreator.createMe(ClazzCreator.java:272)
	at org.jvnet.hk2.internal.ClazzCreator.create(ClazzCreator.java:366)
	at org.jvnet.hk2.internal.SystemDescriptor.create(SystemDescriptor.java:487)
	at org.jvnet.hk2.internal.SingletonContext$1.compute(SingletonContext.java:83)
	at org.jvnet.hk2.internal.SingletonContext$1.compute(SingletonContext.java:71)
	at org.glassfish.hk2.utilities.cache.Cache$OriginThreadAwareFuture$1.call(Cache.java:97)
	at java.base/java.util.concurrent.FutureTask.run(FutureTask.java:264)
	at org.glassfish.hk2.utilities.cache.Cache$OriginThreadAwareFuture.run(Cache.java:154)
	at org.glassfish.hk2.utilities.cache.Cache.compute(Cache.java:199)
	at org.jvnet.hk2.internal.SingletonContext.findOrCreate(SingletonContext.java:122)
	at org.jvnet.hk2.internal.Utilities.createService(Utilities.java:2022)
	at org.jvnet.hk2.internal.ServiceLocatorImpl.internalGetService(ServiceLocatorImpl.java:774)
	at org.jvnet.hk2.internal.ServiceLocatorImpl.internalGetService(ServiceLocatorImpl.java:737)
	at org.jvnet.hk2.internal.ServiceLocatorImpl.getService(ServiceLocatorImpl.java:707)
	at org.glassfish.jersey.server.model.ComponentModelValidator.&lt;init&gt;(ComponentModelValidator.java:97)
	at org.glassfish.jersey.server.ApplicationHandler.initialize(ApplicationHandler.java:549)
	at org.glassfish.jersey.server.ApplicationHandler.access$500(ApplicationHandler.java:184)
	at org.glassfish.jersey.server.ApplicationHandler$3.call(ApplicationHandler.java:350)
	at org.glassfish.jersey.server.ApplicationHandler$3.call(ApplicationHandler.java:347)
	at org.glassfish.jersey.internal.Errors.process(Errors.java:315)
	at org.glassfish.jersey.internal.Errors.process(Errors.java:297)
	at org.glassfish.jersey.internal.Errors.processWithException(Errors.java:255)
	at org.glassfish.jersey.server.ApplicationHandler.&lt;init&gt;(ApplicationHandler.java:347)
	at org.glassfish.jersey.server.ApplicationHandler.&lt;init&gt;(ApplicationHandler.java:311)
	at org.glassfish.jersey.grizzly2.httpserver.GrizzlyHttpContainer.&lt;init&gt;(GrizzlyHttpContainer.java:337)
	at org.glassfish.jersey.grizzly2.httpserver.GrizzlyHttpServerFactory.createHttpServer(GrizzlyHttpServerFactory.java:119)
	at com.example.Main.startServer(Main.java:30)
	at com.example.MyResourceTest.setUp(MyResourceTest.java:22)
	at java.base/jdk.internal.reflect.NativeMethodAccessorImpl.invoke0(Native Method)
	at java.base/jdk.internal.reflect.NativeMethodAccessorImpl.invoke(NativeMethodAccessorImpl.java:62)
	at java.base/jdk.internal.reflect.DelegatingMethodAccessorImpl.invoke(DelegatingMethodAccessorImpl.java:43)
	at java.base/java.lang.reflect.Method.invoke(Method.java:564)
	at org.junit.runners.model.FrameworkMethod$1.runReflectiveCall(FrameworkMethod.java:44)
	at org.junit.internal.runners.model.ReflectiveCallable.run(ReflectiveCallable.java:15)
	at org.junit.runners.model.FrameworkMethod.invokeExplosively(FrameworkMethod.java:41)
	at org.junit.internal.runners.statements.RunBefores.evaluate(RunBefores.java:27)
	at org.junit.internal.runners.statements.RunAfters.evaluate(RunAfters.java:31)
	at org.junit.runners.ParentRunner.runLeaf(ParentRunner.java:263)
	at org.junit.runners.BlockJUnit4ClassRunner.runChild(BlockJUnit4ClassRunner.java:69)
	at org.junit.runners.BlockJUnit4ClassRunner.runChild(BlockJUnit4ClassRunner.java:48)
	at org.junit.runners.ParentRunner$3.run(ParentRunner.java:231)
	at org.junit.runners.ParentRunner$1.schedule(ParentRunner.java:60)
	at org.junit.runners.ParentRunner.runChildren(ParentRunner.java:229)
	at org.junit.runners.ParentRunner.access$000(ParentRunner.java:50)
	at org.junit.runners.ParentRunner$2.evaluate(ParentRunner.java:222)
	at org.junit.runners.ParentRunner.run(ParentRunner.java:292)
	at org.apache.maven.surefire.junit4.JUnit4Provider.execute(JUnit4Provider.java:252)
	at org.apache.maven.surefire.junit4.JUnit4Provider.executeTestSet(JUnit4Provider.java:141)
	at org.apache.maven.surefire.junit4.JUnit4Provider.invoke(JUnit4Provider.java:112)
	at java.base/jdk.internal.reflect.NativeMethodAccessorImpl.invoke0(Native Method)
	at java.base/jdk.internal.reflect.NativeMethodAccessorImpl.invoke(NativeMethodAccessorImpl.java:62)
	at java.base/jdk.internal.reflect.DelegatingMethodAccessorImpl.invoke(DelegatingMethodAccessorImpl.java:43)
	at java.base/java.lang.reflect.Method.invoke(Method.java:564)
	at org.apache.maven.surefire.util.ReflectionUtils.invokeMethodWithArray(ReflectionUtils.java:189)
	at org.apache.maven.surefire.booter.ProviderFactory$ProviderProxy.invoke(ProviderFactory.java:165)
	at org.apache.maven.surefire.booter.ProviderFactory.invokeProvider(ProviderFactory.java:85)
	at org.apache.maven.surefire.booter.ForkedBooter.runSuitesInProcess(ForkedBooter.java:115)
	at org.apache.maven.surefire.booter.ForkedBooter.main(ForkedBooter.java:75)
Caused by: java.lang.ClassNotFoundException: javax.xml.bind.PropertyException
	at java.base/jdk.internal.loader.BuiltinClassLoader.loadClass(BuiltinClassLoader.java:582)
	at java.base/jdk.internal.loader.ClassLoaders$AppClassLoader.loadClass(ClassLoaders.java:190)
	at java.base/java.lang.ClassLoader.loadClass(ClassLoader.java:499)
	... 90 more
MultiException stack 2 of 2
java.lang.IllegalArgumentException: Errors were discovered while reifying SystemDescriptor(
	implementation=org.glassfish.jersey.jaxb.internal.XmlJaxbElementProvider$App
	contracts={javax.ws.rs.ext.MessageBodyWriter,javax.ws.rs.ext.MessageBodyReader}
	scope=javax.inject.Singleton
	qualifiers={}
	descriptorType=CLASS
	descriptorVisibility=NORMAL
	metadata=
	rank=0
	loader=org.glassfish.hk2.utilities.binding.AbstractBinder$2@16fdec90
	proxiable=null
	proxyForSameScope=null
	analysisName=null
	id=101
	locatorId=0
	identityHashCode=452842611
	reified=false)
	at org.jvnet.hk2.internal.SystemDescriptor.reify(SystemDescriptor.java:705)
	at org.jvnet.hk2.internal.ServiceLocatorImpl.reifyDescriptor(ServiceLocatorImpl.java:461)
	at org.jvnet.hk2.internal.ServiceLocatorImpl.narrow(ServiceLocatorImpl.java:2288)
	at org.jvnet.hk2.internal.ServiceLocatorImpl.access$1200(ServiceLocatorImpl.java:125)
	at org.jvnet.hk2.internal.ServiceLocatorImpl$9.compute(ServiceLocatorImpl.java:1373)
	at org.jvnet.hk2.internal.ServiceLocatorImpl$9.compute(ServiceLocatorImpl.java:1368)
	at org.glassfish.hk2.utilities.cache.internal.WeakCARCacheImpl.compute(WeakCARCacheImpl.java:116)
	at org.jvnet.hk2.internal.ServiceLocatorImpl.internalGetAllServiceHandles(ServiceLocatorImpl.java:1430)
	at org.jvnet.hk2.internal.ServiceLocatorImpl.getAllServiceHandles(ServiceLocatorImpl.java:1355)
	at org.jvnet.hk2.internal.ServiceLocatorImpl.getAllServiceHandles(ServiceLocatorImpl.java:1344)
	at org.glassfish.jersey.internal.inject.Providers.getServiceHandles(Providers.java:354)
	at org.glassfish.jersey.internal.inject.Providers.getCustomProviders(Providers.java:201)
	at org.glassfish.jersey.message.internal.MessageBodyFactory.&lt;init&gt;(MessageBodyFactory.java:221)
	at java.base/jdk.internal.reflect.NativeConstructorAccessorImpl.newInstance0(Native Method)
	at java.base/jdk.internal.reflect.NativeConstructorAccessorImpl.newInstance(NativeConstructorAccessorImpl.java:62)
	at java.base/jdk.internal.reflect.DelegatingConstructorAccessorImpl.newInstance(DelegatingConstructorAccessorImpl.java:45)
	at java.base/java.lang.reflect.Constructor.newInstance(Constructor.java:488)
	at org.glassfish.hk2.utilities.reflection.ReflectionHelper.makeMe(ReflectionHelper.java:1375)
	at org.jvnet.hk2.internal.ClazzCreator.createMe(ClazzCreator.java:272)
	at org.jvnet.hk2.internal.ClazzCreator.create(ClazzCreator.java:366)
	at org.jvnet.hk2.internal.SystemDescriptor.create(SystemDescriptor.java:487)
	at org.jvnet.hk2.internal.SingletonContext$1.compute(SingletonContext.java:83)
	at org.jvnet.hk2.internal.SingletonContext$1.compute(SingletonContext.java:71)
	at org.glassfish.hk2.utilities.cache.Cache$OriginThreadAwareFuture$1.call(Cache.java:97)
	at java.base/java.util.concurrent.FutureTask.run(FutureTask.java:264)
	at org.glassfish.hk2.utilities.cache.Cache$OriginThreadAwareFuture.run(Cache.java:154)
	at org.glassfish.hk2.utilities.cache.Cache.compute(Cache.java:199)
	at org.jvnet.hk2.internal.SingletonContext.findOrCreate(SingletonContext.java:122)
	at org.jvnet.hk2.internal.Utilities.createService(Utilities.java:2022)
	at org.jvnet.hk2.internal.ServiceLocatorImpl.internalGetService(ServiceLocatorImpl.java:774)
	at org.jvnet.hk2.internal.ServiceLocatorImpl.internalGetService(ServiceLocatorImpl.java:737)
	at org.jvnet.hk2.internal.ServiceLocatorImpl.getService(ServiceLocatorImpl.java:707)
	at org.glassfish.jersey.server.model.ComponentModelValidator.&lt;init&gt;(ComponentModelValidator.java:97)
	at org.glassfish.jersey.server.ApplicationHandler.initialize(ApplicationHandler.java:549)
	at org.glassfish.jersey.server.ApplicationHandler.access$500(ApplicationHandler.java:184)
	at org.glassfish.jersey.server.ApplicationHandler$3.call(ApplicationHandler.java:350)
	at org.glassfish.jersey.server.ApplicationHandler$3.call(ApplicationHandler.java:347)
	at org.glassfish.jersey.internal.Errors.process(Errors.java:315)
	at org.glassfish.jersey.internal.Errors.process(Errors.java:297)
	at org.glassfish.jersey.internal.Errors.processWithException(Errors.java:255)
	at org.glassfish.jersey.server.ApplicationHandler.&lt;init&gt;(ApplicationHandler.java:347)
	at org.glassfish.jersey.server.ApplicationHandler.&lt;init&gt;(ApplicationHandler.java:311)
	at org.glassfish.jersey.grizzly2.httpserver.GrizzlyHttpContainer.&lt;init&gt;(GrizzlyHttpContainer.java:337)
	at org.glassfish.jersey.grizzly2.httpserver.GrizzlyHttpServerFactory.createHttpServer(GrizzlyHttpServerFactory.java:119)
	at com.example.Main.startServer(Main.java:30)
	at com.example.MyResourceTest.setUp(MyResourceTest.java:22)
	at java.base/jdk.internal.reflect.NativeMethodAccessorImpl.invoke0(Native Method)
	at java.base/jdk.internal.reflect.NativeMethodAccessorImpl.invoke(NativeMethodAccessorImpl.java:62)
	at java.base/jdk.internal.reflect.DelegatingMethodAccessorImpl.invoke(DelegatingMethodAccessorImpl.java:43)
	at java.base/java.lang.reflect.Method.invoke(Method.java:564)
	at org.junit.runners.model.FrameworkMethod$1.runReflectiveCall(FrameworkMethod.java:44)
	at org.junit.internal.runners.model.ReflectiveCallable.run(ReflectiveCallable.java:15)
	at org.junit.runners.model.FrameworkMethod.invokeExplosively(FrameworkMethod.java:41)
	at org.junit.internal.runners.statements.RunBefores.evaluate(RunBefores.java:27)
	at org.junit.internal.runners.statements.RunAfters.evaluate(RunAfters.java:31)
	at org.junit.runners.ParentRunner.runLeaf(ParentRunner.java:263)
	at org.junit.runners.BlockJUnit4ClassRunner.runChild(BlockJUnit4ClassRunner.java:69)
	at org.junit.runners.BlockJUnit4ClassRunner.runChild(BlockJUnit4ClassRunner.java:48)
	at org.junit.runners.ParentRunner$3.run(ParentRunner.java:231)
	at org.junit.runners.ParentRunner$1.schedule(ParentRunner.java:60)
	at org.junit.runners.ParentRunner.runChildren(ParentRunner.java:229)
	at org.junit.runners.ParentRunner.access$000(ParentRunner.java:50)
	at org.junit.runners.ParentRunner$2.evaluate(ParentRunner.java:222)
	at org.junit.runners.ParentRunner.run(ParentRunner.java:292)
	at org.apache.maven.surefire.junit4.JUnit4Provider.execute(JUnit4Provider.java:252)
	at org.apache.maven.surefire.junit4.JUnit4Provider.executeTestSet(JUnit4Provider.java:141)
	at org.apache.maven.surefire.junit4.JUnit4Provider.invoke(JUnit4Provider.java:112)
	at java.base/jdk.internal.reflect.NativeMethodAccessorImpl.invoke0(Native Method)
	at java.base/jdk.internal.reflect.NativeMethodAccessorImpl.invoke(NativeMethodAccessorImpl.java:62)
	at java.base/jdk.internal.reflect.DelegatingMethodAccessorImpl.invoke(DelegatingMethodAccessorImpl.java:43)
	at java.base/java.lang.reflect.Method.invoke(Method.java:564)
	at org.apache.maven.surefire.util.ReflectionUtils.invokeMethodWithArray(ReflectionUtils.java:189)
	at org.apache.maven.surefire.booter.ProviderFactory$ProviderProxy.invoke(ProviderFactory.java:165)
	at org.apache.maven.surefire.booter.ProviderFactory.invokeProvider(ProviderFactory.java:85)
	at org.apache.maven.surefire.booter.ForkedBooter.runSuitesInProcess(ForkedBooter.java:115)
	at org.apache.maven.surefire.booter.ForkedBooter.main(ForkedBooter.java:75)

WARNING: HK2 service reification failed for [org.glassfish.jersey.jaxb.internal.XmlJaxbElementProvider$Text] with an exception:
MultiException stack 1 of 2
java.lang.NoClassDefFoundError: javax/xml/bind/PropertyException
	at java.base/java.lang.Class.getDeclaredConstructors0(Native Method)
	at java.base/java.lang.Class.privateGetDeclaredConstructors(Class.java:3090)
	at java.base/java.lang.Class.getDeclaredConstructors(Class.java:2316)
	at org.jvnet.hk2.internal.Utilities$3.run(Utilities.java:1308)
	at org.jvnet.hk2.internal.Utilities$3.run(Utilities.java:1304)
	at java.base/java.security.AccessController.doPrivileged(Native Method)
	at org.jvnet.hk2.internal.Utilities.getAllConstructors(Utilities.java:1304)
	at org.jvnet.hk2.internal.Utilities.findProducerConstructor(Utilities.java:1247)
	at org.jvnet.hk2.internal.DefaultClassAnalyzer.getConstructor(DefaultClassAnalyzer.java:83)
	at org.glassfish.jersey.internal.inject.JerseyClassAnalyzer.getConstructor(JerseyClassAnalyzer.java:144)
	at org.jvnet.hk2.internal.Utilities.getConstructor(Utilities.java:178)
	at org.jvnet.hk2.internal.ClazzCreator.initialize(ClazzCreator.java:129)
	at org.jvnet.hk2.internal.ClazzCreator.initialize(ClazzCreator.java:180)
	at org.jvnet.hk2.internal.SystemDescriptor.internalReify(SystemDescriptor.java:740)
	at org.jvnet.hk2.internal.SystemDescriptor.reify(SystemDescriptor.java:694)
	at org.jvnet.hk2.internal.ServiceLocatorImpl.reifyDescriptor(ServiceLocatorImpl.java:461)
	at org.jvnet.hk2.internal.ServiceLocatorImpl.narrow(ServiceLocatorImpl.java:2288)
	at org.jvnet.hk2.internal.ServiceLocatorImpl.access$1200(ServiceLocatorImpl.java:125)
	at org.jvnet.hk2.internal.ServiceLocatorImpl$9.compute(ServiceLocatorImpl.java:1373)
	at org.jvnet.hk2.internal.ServiceLocatorImpl$9.compute(ServiceLocatorImpl.java:1368)
	at org.glassfish.hk2.utilities.cache.internal.WeakCARCacheImpl.compute(WeakCARCacheImpl.java:116)
	at org.jvnet.hk2.internal.ServiceLocatorImpl.internalGetAllServiceHandles(ServiceLocatorImpl.java:1430)
	at org.jvnet.hk2.internal.ServiceLocatorImpl.getAllServiceHandles(ServiceLocatorImpl.java:1355)
	at org.jvnet.hk2.internal.ServiceLocatorImpl.getAllServiceHandles(ServiceLocatorImpl.java:1344)
	at org.glassfish.jersey.internal.inject.Providers.getServiceHandles(Providers.java:354)
	at org.glassfish.jersey.internal.inject.Providers.getCustomProviders(Providers.java:201)
	at org.glassfish.jersey.message.internal.MessageBodyFactory.&lt;init&gt;(MessageBodyFactory.java:221)
	at java.base/jdk.internal.reflect.NativeConstructorAccessorImpl.newInstance0(Native Method)
	at java.base/jdk.internal.reflect.NativeConstructorAccessorImpl.newInstance(NativeConstructorAccessorImpl.java:62)
	at java.base/jdk.internal.reflect.DelegatingConstructorAccessorImpl.newInstance(DelegatingConstructorAccessorImpl.java:45)
	at java.base/java.lang.reflect.Constructor.newInstance(Constructor.java:488)
	at org.glassfish.hk2.utilities.reflection.ReflectionHelper.makeMe(ReflectionHelper.java:1375)
	at org.jvnet.hk2.internal.ClazzCreator.createMe(ClazzCreator.java:272)
	at org.jvnet.hk2.internal.ClazzCreator.create(ClazzCreator.java:366)
	at org.jvnet.hk2.internal.SystemDescriptor.create(SystemDescriptor.java:487)
	at org.jvnet.hk2.internal.SingletonContext$1.compute(SingletonContext.java:83)
	at org.jvnet.hk2.internal.SingletonContext$1.compute(SingletonContext.java:71)
	at org.glassfish.hk2.utilities.cache.Cache$OriginThreadAwareFuture$1.call(Cache.java:97)
	at java.base/java.util.concurrent.FutureTask.run(FutureTask.java:264)
	at org.glassfish.hk2.utilities.cache.Cache$OriginThreadAwareFuture.run(Cache.java:154)
	at org.glassfish.hk2.utilities.cache.Cache.compute(Cache.java:199)
	at org.jvnet.hk2.internal.SingletonContext.findOrCreate(SingletonContext.java:122)
	at org.jvnet.hk2.internal.Utilities.createService(Utilities.java:2022)
	at org.jvnet.hk2.internal.ServiceLocatorImpl.internalGetService(ServiceLocatorImpl.java:774)
	at org.jvnet.hk2.internal.ServiceLocatorImpl.internalGetService(ServiceLocatorImpl.java:737)
	at org.jvnet.hk2.internal.ServiceLocatorImpl.getService(ServiceLocatorImpl.java:707)
	at org.glassfish.jersey.server.model.ComponentModelValidator.&lt;init&gt;(ComponentModelValidator.java:97)
	at org.glassfish.jersey.server.ApplicationHandler.initialize(ApplicationHandler.java:549)
	at org.glassfish.jersey.server.ApplicationHandler.access$500(ApplicationHandler.java:184)
	at org.glassfish.jersey.server.ApplicationHandler$3.call(ApplicationHandler.java:350)
	at org.glassfish.jersey.server.ApplicationHandler$3.call(ApplicationHandler.java:347)
	at org.glassfish.jersey.internal.Errors.process(Errors.java:315)
	at org.glassfish.jersey.internal.Errors.process(Errors.java:297)
	at org.glassfish.jersey.internal.Errors.processWithException(Errors.java:255)
	at org.glassfish.jersey.server.ApplicationHandler.&lt;init&gt;(ApplicationHandler.java:347)
	at org.glassfish.jersey.server.ApplicationHandler.&lt;init&gt;(ApplicationHandler.java:311)
	at org.glassfish.jersey.grizzly2.httpserver.GrizzlyHttpContainer.&lt;init&gt;(GrizzlyHttpContainer.java:337)
	at org.glassfish.jersey.grizzly2.httpserver.GrizzlyHttpServerFactory.createHttpServer(GrizzlyHttpServerFactory.java:119)
	at com.example.Main.startServer(Main.java:30)
	at com.example.MyResourceTest.setUp(MyResourceTest.java:22)
	at java.base/jdk.internal.reflect.NativeMethodAccessorImpl.invoke0(Native Method)
	at java.base/jdk.internal.reflect.NativeMethodAccessorImpl.invoke(NativeMethodAccessorImpl.java:62)
	at java.base/jdk.internal.reflect.DelegatingMethodAccessorImpl.invoke(DelegatingMethodAccessorImpl.java:43)
	at java.base/java.lang.reflect.Method.invoke(Method.java:564)
	at org.junit.runners.model.FrameworkMethod$1.runReflectiveCall(FrameworkMethod.java:44)
	at org.junit.internal.runners.model.ReflectiveCallable.run(ReflectiveCallable.java:15)
	at org.junit.runners.model.FrameworkMethod.invokeExplosively(FrameworkMethod.java:41)
	at org.junit.internal.runners.statements.RunBefores.evaluate(RunBefores.java:27)
	at org.junit.internal.runners.statements.RunAfters.evaluate(RunAfters.java:31)
	at org.junit.runners.ParentRunner.runLeaf(ParentRunner.java:263)
	at org.junit.runners.BlockJUnit4ClassRunner.runChild(BlockJUnit4ClassRunner.java:69)
	at org.junit.runners.BlockJUnit4ClassRunner.runChild(BlockJUnit4ClassRunner.java:48)
	at org.junit.runners.ParentRunner$3.run(ParentRunner.java:231)
	at org.junit.runners.ParentRunner$1.schedule(ParentRunner.java:60)
	at org.junit.runners.ParentRunner.runChildren(ParentRunner.java:229)
	at org.junit.runners.ParentRunner.access$000(ParentRunner.java:50)
	at org.junit.runners.ParentRunner$2.evaluate(ParentRunner.java:222)
	at org.junit.runners.ParentRunner.run(ParentRunner.java:292)
	at org.apache.maven.surefire.junit4.JUnit4Provider.execute(JUnit4Provider.java:252)
	at org.apache.maven.surefire.junit4.JUnit4Provider.executeTestSet(JUnit4Provider.java:141)
	at org.apache.maven.surefire.junit4.JUnit4Provider.invoke(JUnit4Provider.java:112)
	at java.base/jdk.internal.reflect.NativeMethodAccessorImpl.invoke0(Native Method)
	at java.base/jdk.internal.reflect.NativeMethodAccessorImpl.invoke(NativeMethodAccessorImpl.java:62)
	at java.base/jdk.internal.reflect.DelegatingMethodAccessorImpl.invoke(DelegatingMethodAccessorImpl.java:43)
	at java.base/java.lang.reflect.Method.invoke(Method.java:564)
	at org.apache.maven.surefire.util.ReflectionUtils.invokeMethodWithArray(ReflectionUtils.java:189)
	at org.apache.maven.surefire.booter.ProviderFactory$ProviderProxy.invoke(ProviderFactory.java:165)
	at org.apache.maven.surefire.booter.ProviderFactory.invokeProvider(ProviderFactory.java:85)
	at org.apache.maven.surefire.booter.ForkedBooter.runSuitesInProcess(ForkedBooter.java:115)
	at org.apache.maven.surefire.booter.ForkedBooter.main(ForkedBooter.java:75)
Caused by: java.lang.ClassNotFoundException: javax.xml.bind.PropertyException
	at java.base/jdk.internal.loader.BuiltinClassLoader.loadClass(BuiltinClassLoader.java:582)
	at java.base/jdk.internal.loader.ClassLoaders$AppClassLoader.loadClass(ClassLoaders.java:190)
	at java.base/java.lang.ClassLoader.loadClass(ClassLoader.java:499)
	... 90 more
MultiException stack 2 of 2
java.lang.IllegalArgumentException: Errors were discovered while reifying SystemDescriptor(
	implementation=org.glassfish.jersey.jaxb.internal.XmlJaxbElementProvider$Text
	contracts={javax.ws.rs.ext.MessageBodyWriter,javax.ws.rs.ext.MessageBodyReader}
	scope=javax.inject.Singleton
	qualifiers={}
	descriptorType=CLASS
	descriptorVisibility=NORMAL
	metadata=
	rank=0
	loader=org.glassfish.hk2.utilities.binding.AbstractBinder$2@16fdec90
	proxiable=null
	proxyForSameScope=null
	analysisName=null
	id=102
	locatorId=0
	identityHashCode=2031588185
	reified=false)
	at org.jvnet.hk2.internal.SystemDescriptor.reify(SystemDescriptor.java:705)
	at org.jvnet.hk2.internal.ServiceLocatorImpl.reifyDescriptor(ServiceLocatorImpl.java:461)
	at org.jvnet.hk2.internal.ServiceLocatorImpl.narrow(ServiceLocatorImpl.java:2288)
	at org.jvnet.hk2.internal.ServiceLocatorImpl.access$1200(ServiceLocatorImpl.java:125)
	at org.jvnet.hk2.internal.ServiceLocatorImpl$9.compute(ServiceLocatorImpl.java:1373)
	at org.jvnet.hk2.internal.ServiceLocatorImpl$9.compute(ServiceLocatorImpl.java:1368)
	at org.glassfish.hk2.utilities.cache.internal.WeakCARCacheImpl.compute(WeakCARCacheImpl.java:116)
	at org.jvnet.hk2.internal.ServiceLocatorImpl.internalGetAllServiceHandles(ServiceLocatorImpl.java:1430)
	at org.jvnet.hk2.internal.ServiceLocatorImpl.getAllServiceHandles(ServiceLocatorImpl.java:1355)
	at org.jvnet.hk2.internal.ServiceLocatorImpl.getAllServiceHandles(ServiceLocatorImpl.java:1344)
	at org.glassfish.jersey.internal.inject.Providers.getServiceHandles(Providers.java:354)
	at org.glassfish.jersey.internal.inject.Providers.getCustomProviders(Providers.java:201)
	at org.glassfish.jersey.message.internal.MessageBodyFactory.&lt;init&gt;(MessageBodyFactory.java:221)
	at java.base/jdk.internal.reflect.NativeConstructorAccessorImpl.newInstance0(Native Method)
	at java.base/jdk.internal.reflect.NativeConstructorAccessorImpl.newInstance(NativeConstructorAccessorImpl.java:62)
	at java.base/jdk.internal.reflect.DelegatingConstructorAccessorImpl.newInstance(DelegatingConstructorAccessorImpl.java:45)
	at java.base/java.lang.reflect.Constructor.newInstance(Constructor.java:488)
	at org.glassfish.hk2.utilities.reflection.ReflectionHelper.makeMe(ReflectionHelper.java:1375)
	at org.jvnet.hk2.internal.ClazzCreator.createMe(ClazzCreator.java:272)
	at org.jvnet.hk2.internal.ClazzCreator.create(ClazzCreator.java:366)
	at org.jvnet.hk2.internal.SystemDescriptor.create(SystemDescriptor.java:487)
	at org.jvnet.hk2.internal.SingletonContext$1.compute(SingletonContext.java:83)
	at org.jvnet.hk2.internal.SingletonContext$1.compute(SingletonContext.java:71)
	at org.glassfish.hk2.utilities.cache.Cache$OriginThreadAwareFuture$1.call(Cache.java:97)
	at java.base/java.util.concurrent.FutureTask.run(FutureTask.java:264)
	at org.glassfish.hk2.utilities.cache.Cache$OriginThreadAwareFuture.run(Cache.java:154)
	at org.glassfish.hk2.utilities.cache.Cache.compute(Cache.java:199)
	at org.jvnet.hk2.internal.SingletonContext.findOrCreate(SingletonContext.java:122)
	at org.jvnet.hk2.internal.Utilities.createService(Utilities.java:2022)
	at org.jvnet.hk2.internal.ServiceLocatorImpl.internalGetService(ServiceLocatorImpl.java:774)
	at org.jvnet.hk2.internal.ServiceLocatorImpl.internalGetService(ServiceLocatorImpl.java:737)
	at org.jvnet.hk2.internal.ServiceLocatorImpl.getService(ServiceLocatorImpl.java:707)
	at org.glassfish.jersey.server.model.ComponentModelValidator.&lt;init&gt;(ComponentModelValidator.java:97)
	at org.glassfish.jersey.server.ApplicationHandler.initialize(ApplicationHandler.java:549)
	at org.glassfish.jersey.server.ApplicationHandler.access$500(ApplicationHandler.java:184)
	at org.glassfish.jersey.server.ApplicationHandler$3.call(ApplicationHandler.java:350)
	at org.glassfish.jersey.server.ApplicationHandler$3.call(ApplicationHandler.java:347)
	at org.glassfish.jersey.internal.Errors.process(Errors.java:315)
	at org.glassfish.jersey.internal.Errors.process(Errors.java:297)
	at org.glassfish.jersey.internal.Errors.processWithException(Errors.java:255)
	at org.glassfish.jersey.server.ApplicationHandler.&lt;init&gt;(ApplicationHandler.java:347)
	at org.glassfish.jersey.server.ApplicationHandler.&lt;init&gt;(ApplicationHandler.java:311)
	at org.glassfish.jersey.grizzly2.httpserver.GrizzlyHttpContainer.&lt;init&gt;(GrizzlyHttpContainer.java:337)
	at org.glassfish.jersey.grizzly2.httpserver.GrizzlyHttpServerFactory.createHttpServer(GrizzlyHttpServerFactory.java:119)
	at com.example.Main.startServer(Main.java:30)
	at com.example.MyResourceTest.setUp(MyResourceTest.java:22)
	at java.base/jdk.internal.reflect.NativeMethodAccessorImpl.invoke0(Native Method)
	at java.base/jdk.internal.reflect.NativeMethodAccessorImpl.invoke(NativeMethodAccessorImpl.java:62)
	at java.base/jdk.internal.reflect.DelegatingMethodAccessorImpl.invoke(DelegatingMethodAccessorImpl.java:43)
	at java.base/java.lang.reflect.Method.invoke(Method.java:564)
	at org.junit.runners.model.FrameworkMethod$1.runReflectiveCall(FrameworkMethod.java:44)
	at org.junit.internal.runners.model.ReflectiveCallable.run(ReflectiveCallable.java:15)
	at org.junit.runners.model.FrameworkMethod.invokeExplosively(FrameworkMethod.java:41)
	at org.junit.internal.runners.statements.RunBefores.evaluate(RunBefores.java:27)
	at org.junit.internal.runners.statements.RunAfters.evaluate(RunAfters.java:31)
	at org.junit.runners.ParentRunner.runLeaf(ParentRunner.java:263)
	at org.junit.runners.BlockJUnit4ClassRunner.runChild(BlockJUnit4ClassRunner.java:69)
	at org.junit.runners.BlockJUnit4ClassRunner.runChild(BlockJUnit4ClassRunner.java:48)
	at org.junit.runners.ParentRunner$3.run(ParentRunner.java:231)
	at org.junit.runners.ParentRunner$1.schedule(ParentRunner.java:60)
	at org.junit.runners.ParentRunner.runChildren(ParentRunner.java:229)
	at org.junit.runners.ParentRunner.access$000(ParentRunner.java:50)
	at org.junit.runners.ParentRunner$2.evaluate(ParentRunner.java:222)
	at org.junit.runners.ParentRunner.run(ParentRunner.java:292)
	at org.apache.maven.surefire.junit4.JUnit4Provider.execute(JUnit4Provider.java:252)
	at org.apache.maven.surefire.junit4.JUnit4Provider.executeTestSet(JUnit4Provider.java:141)
	at org.apache.maven.surefire.junit4.JUnit4Provider.invoke(JUnit4Provider.java:112)
	at java.base/jdk.internal.reflect.NativeMethodAccessorImpl.invoke0(Native Method)
	at java.base/jdk.internal.reflect.NativeMethodAccessorImpl.invoke(NativeMethodAccessorImpl.java:62)
	at java.base/jdk.internal.reflect.DelegatingMethodAccessorImpl.invoke(DelegatingMethodAccessorImpl.java:43)
	at java.base/java.lang.reflect.Method.invoke(Method.java:564)
	at org.apache.maven.surefire.util.ReflectionUtils.invokeMethodWithArray(ReflectionUtils.java:189)
	at org.apache.maven.surefire.booter.ProviderFactory$ProviderProxy.invoke(ProviderFactory.java:165)
	at org.apache.maven.surefire.booter.ProviderFactory.invokeProvider(ProviderFactory.java:85)
	at org.apache.maven.surefire.booter.ForkedBooter.runSuitesInProcess(ForkedBooter.java:115)
	at org.apache.maven.surefire.booter.ForkedBooter.main(ForkedBooter.java:75)

WARNING: HK2 service reification failed for [org.glassfish.jersey.jaxb.internal.XmlJaxbElementProvider$General] with an exception:
MultiException stack 1 of 2
java.lang.NoClassDefFoundError: javax/xml/bind/PropertyException
	at java.base/java.lang.Class.getDeclaredConstructors0(Native Method)
	at java.base/java.lang.Class.privateGetDeclaredConstructors(Class.java:3090)
	at java.base/java.lang.Class.getDeclaredConstructors(Class.java:2316)
	at org.jvnet.hk2.internal.Utilities$3.run(Utilities.java:1308)
	at org.jvnet.hk2.internal.Utilities$3.run(Utilities.java:1304)
	at java.base/java.security.AccessController.doPrivileged(Native Method)
	at org.jvnet.hk2.internal.Utilities.getAllConstructors(Utilities.java:1304)
	at org.jvnet.hk2.internal.Utilities.findProducerConstructor(Utilities.java:1247)
	at org.jvnet.hk2.internal.DefaultClassAnalyzer.getConstructor(DefaultClassAnalyzer.java:83)
	at org.glassfish.jersey.internal.inject.JerseyClassAnalyzer.getConstructor(JerseyClassAnalyzer.java:144)
	at org.jvnet.hk2.internal.Utilities.getConstructor(Utilities.java:178)
	at org.jvnet.hk2.internal.ClazzCreator.initialize(ClazzCreator.java:129)
	at org.jvnet.hk2.internal.ClazzCreator.initialize(ClazzCreator.java:180)
	at org.jvnet.hk2.internal.SystemDescriptor.internalReify(SystemDescriptor.java:740)
	at org.jvnet.hk2.internal.SystemDescriptor.reify(SystemDescriptor.java:694)
	at org.jvnet.hk2.internal.ServiceLocatorImpl.reifyDescriptor(ServiceLocatorImpl.java:461)
	at org.jvnet.hk2.internal.ServiceLocatorImpl.narrow(ServiceLocatorImpl.java:2288)
	at org.jvnet.hk2.internal.ServiceLocatorImpl.access$1200(ServiceLocatorImpl.java:125)
	at org.jvnet.hk2.internal.ServiceLocatorImpl$9.compute(ServiceLocatorImpl.java:1373)
	at org.jvnet.hk2.internal.ServiceLocatorImpl$9.compute(ServiceLocatorImpl.java:1368)
	at org.glassfish.hk2.utilities.cache.internal.WeakCARCacheImpl.compute(WeakCARCacheImpl.java:116)
	at org.jvnet.hk2.internal.ServiceLocatorImpl.internalGetAllServiceHandles(ServiceLocatorImpl.java:1430)
	at org.jvnet.hk2.internal.ServiceLocatorImpl.getAllServiceHandles(ServiceLocatorImpl.java:1355)
	at org.jvnet.hk2.internal.ServiceLocatorImpl.getAllServiceHandles(ServiceLocatorImpl.java:1344)
	at org.glassfish.jersey.internal.inject.Providers.getServiceHandles(Providers.java:354)
	at org.glassfish.jersey.internal.inject.Providers.getCustomProviders(Providers.java:201)
	at org.glassfish.jersey.message.internal.MessageBodyFactory.&lt;init&gt;(MessageBodyFactory.java:221)
	at java.base/jdk.internal.reflect.NativeConstructorAccessorImpl.newInstance0(Native Method)
	at java.base/jdk.internal.reflect.NativeConstructorAccessorImpl.newInstance(NativeConstructorAccessorImpl.java:62)
	at java.base/jdk.internal.reflect.DelegatingConstructorAccessorImpl.newInstance(DelegatingConstructorAccessorImpl.java:45)
	at java.base/java.lang.reflect.Constructor.newInstance(Constructor.java:488)
	at org.glassfish.hk2.utilities.reflection.ReflectionHelper.makeMe(ReflectionHelper.java:1375)
	at org.jvnet.hk2.internal.ClazzCreator.createMe(ClazzCreator.java:272)
	at org.jvnet.hk2.internal.ClazzCreator.create(ClazzCreator.java:366)
	at org.jvnet.hk2.internal.SystemDescriptor.create(SystemDescriptor.java:487)
	at org.jvnet.hk2.internal.SingletonContext$1.compute(SingletonContext.java:83)
	at org.jvnet.hk2.internal.SingletonContext$1.compute(SingletonContext.java:71)
	at org.glassfish.hk2.utilities.cache.Cache$OriginThreadAwareFuture$1.call(Cache.java:97)
	at java.base/java.util.concurrent.FutureTask.run(FutureTask.java:264)
	at org.glassfish.hk2.utilities.cache.Cache$OriginThreadAwareFuture.run(Cache.java:154)
	at org.glassfish.hk2.utilities.cache.Cache.compute(Cache.java:199)
	at org.jvnet.hk2.internal.SingletonContext.findOrCreate(SingletonContext.java:122)
	at org.jvnet.hk2.internal.Utilities.createService(Utilities.java:2022)
	at org.jvnet.hk2.internal.ServiceLocatorImpl.internalGetService(ServiceLocatorImpl.java:774)
	at org.jvnet.hk2.internal.ServiceLocatorImpl.internalGetService(ServiceLocatorImpl.java:737)
	at org.jvnet.hk2.internal.ServiceLocatorImpl.getService(ServiceLocatorImpl.java:707)
	at org.glassfish.jersey.server.model.ComponentModelValidator.&lt;init&gt;(ComponentModelValidator.java:97)
	at org.glassfish.jersey.server.ApplicationHandler.initialize(ApplicationHandler.java:549)
	at org.glassfish.jersey.server.ApplicationHandler.access$500(ApplicationHandler.java:184)
	at org.glassfish.jersey.server.ApplicationHandler$3.call(ApplicationHandler.java:350)
	at org.glassfish.jersey.server.ApplicationHandler$3.call(ApplicationHandler.java:347)
	at org.glassfish.jersey.internal.Errors.process(Errors.java:315)
	at org.glassfish.jersey.internal.Errors.process(Errors.java:297)
	at org.glassfish.jersey.internal.Errors.processWithException(Errors.java:255)
	at org.glassfish.jersey.server.ApplicationHandler.&lt;init&gt;(ApplicationHandler.java:347)
	at org.glassfish.jersey.server.ApplicationHandler.&lt;init&gt;(ApplicationHandler.java:311)
	at org.glassfish.jersey.grizzly2.httpserver.GrizzlyHttpContainer.&lt;init&gt;(GrizzlyHttpContainer.java:337)
	at org.glassfish.jersey.grizzly2.httpserver.GrizzlyHttpServerFactory.createHttpServer(GrizzlyHttpServerFactory.java:119)
	at com.example.Main.startServer(Main.java:30)
	at com.example.MyResourceTest.setUp(MyResourceTest.java:22)
	at java.base/jdk.internal.reflect.NativeMethodAccessorImpl.invoke0(Native Method)
	at java.base/jdk.internal.reflect.NativeMethodAccessorImpl.invoke(NativeMethodAccessorImpl.java:62)
	at java.base/jdk.internal.reflect.DelegatingMethodAccessorImpl.invoke(DelegatingMethodAccessorImpl.java:43)
	at java.base/java.lang.reflect.Method.invoke(Method.java:564)
	at org.junit.runners.model.FrameworkMethod$1.runReflectiveCall(FrameworkMethod.java:44)
	at org.junit.internal.runners.model.ReflectiveCallable.run(ReflectiveCallable.java:15)
	at org.junit.runners.model.FrameworkMethod.invokeExplosively(FrameworkMethod.java:41)
	at org.junit.internal.runners.statements.RunBefores.evaluate(RunBefores.java:27)
	at org.junit.internal.runners.statements.RunAfters.evaluate(RunAfters.java:31)
	at org.junit.runners.ParentRunner.runLeaf(ParentRunner.java:263)
	at org.junit.runners.BlockJUnit4ClassRunner.runChild(BlockJUnit4ClassRunner.java:69)
	at org.junit.runners.BlockJUnit4ClassRunner.runChild(BlockJUnit4ClassRunner.java:48)
	at org.junit.runners.ParentRunner$3.run(ParentRunner.java:231)
	at org.junit.runners.ParentRunner$1.schedule(ParentRunner.java:60)
	at org.junit.runners.ParentRunner.runChildren(ParentRunner.java:229)
	at org.junit.runners.ParentRunner.access$000(ParentRunner.java:50)
	at org.junit.runners.ParentRunner$2.evaluate(ParentRunner.java:222)
	at org.junit.runners.ParentRunner.run(ParentRunner.java:292)
	at org.apache.maven.surefire.junit4.JUnit4Provider.execute(JUnit4Provider.java:252)
	at org.apache.maven.surefire.junit4.JUnit4Provider.executeTestSet(JUnit4Provider.java:141)
	at org.apache.maven.surefire.junit4.JUnit4Provider.invoke(JUnit4Provider.java:112)
	at java.base/jdk.internal.reflect.NativeMethodAccessorImpl.invoke0(Native Method)
	at java.base/jdk.internal.reflect.NativeMethodAccessorImpl.invoke(NativeMethodAccessorImpl.java:62)
	at java.base/jdk.internal.reflect.DelegatingMethodAccessorImpl.invoke(DelegatingMethodAccessorImpl.java:43)
	at java.base/java.lang.reflect.Method.invoke(Method.java:564)
	at org.apache.maven.surefire.util.ReflectionUtils.invokeMethodWithArray(ReflectionUtils.java:189)
	at org.apache.maven.surefire.booter.ProviderFactory$ProviderProxy.invoke(ProviderFactory.java:165)
	at org.apache.maven.surefire.booter.ProviderFactory.invokeProvider(ProviderFactory.java:85)
	at org.apache.maven.surefire.booter.ForkedBooter.runSuitesInProcess(ForkedBooter.java:115)
	at org.apache.maven.surefire.booter.ForkedBooter.main(ForkedBooter.java:75)
Caused by: java.lang.ClassNotFoundException: javax.xml.bind.PropertyException
	at java.base/jdk.internal.loader.BuiltinClassLoader.loadClass(BuiltinClassLoader.java:582)
	at java.base/jdk.internal.loader.ClassLoaders$AppClassLoader.loadClass(ClassLoaders.java:190)
	at java.base/java.lang.ClassLoader.loadClass(ClassLoader.java:499)
	... 90 more
MultiException stack 2 of 2
java.lang.IllegalArgumentException: Errors were discovered while reifying SystemDescriptor(
	implementation=org.glassfish.jersey.jaxb.internal.XmlJaxbElementProvider$General
	contracts={javax.ws.rs.ext.MessageBodyWriter,javax.ws.rs.ext.MessageBodyReader}
	scope=javax.inject.Singleton
	qualifiers={}
	descriptorType=CLASS
	descriptorVisibility=NORMAL
	metadata=
	rank=0
	loader=org.glassfish.hk2.utilities.binding.AbstractBinder$2@16fdec90
	proxiable=null
	proxyForSameScope=null
	analysisName=null
	id=103
	locatorId=0
	identityHashCode=1783966110
	reified=false)
	at org.jvnet.hk2.internal.SystemDescriptor.reify(SystemDescriptor.java:705)
	at org.jvnet.hk2.internal.ServiceLocatorImpl.reifyDescriptor(ServiceLocatorImpl.java:461)
	at org.jvnet.hk2.internal.ServiceLocatorImpl.narrow(ServiceLocatorImpl.java:2288)
	at org.jvnet.hk2.internal.ServiceLocatorImpl.access$1200(ServiceLocatorImpl.java:125)
	at org.jvnet.hk2.internal.ServiceLocatorImpl$9.compute(ServiceLocatorImpl.java:1373)
	at org.jvnet.hk2.internal.ServiceLocatorImpl$9.compute(ServiceLocatorImpl.java:1368)
	at org.glassfish.hk2.utilities.cache.internal.WeakCARCacheImpl.compute(WeakCARCacheImpl.java:116)
	at org.jvnet.hk2.internal.ServiceLocatorImpl.internalGetAllServiceHandles(ServiceLocatorImpl.java:1430)
	at org.jvnet.hk2.internal.ServiceLocatorImpl.getAllServiceHandles(ServiceLocatorImpl.java:1355)
	at org.jvnet.hk2.internal.ServiceLocatorImpl.getAllServiceHandles(ServiceLocatorImpl.java:1344)
	at org.glassfish.jersey.internal.inject.Providers.getServiceHandles(Providers.java:354)
	at org.glassfish.jersey.internal.inject.Providers.getCustomProviders(Providers.java:201)
	at org.glassfish.jersey.message.internal.MessageBodyFactory.&lt;init&gt;(MessageBodyFactory.java:221)
	at java.base/jdk.internal.reflect.NativeConstructorAccessorImpl.newInstance0(Native Method)
	at java.base/jdk.internal.reflect.NativeConstructorAccessorImpl.newInstance(NativeConstructorAccessorImpl.java:62)
	at java.base/jdk.internal.reflect.DelegatingConstructorAccessorImpl.newInstance(DelegatingConstructorAccessorImpl.java:45)
	at java.base/java.lang.reflect.Constructor.newInstance(Constructor.java:488)
	at org.glassfish.hk2.utilities.reflection.ReflectionHelper.makeMe(ReflectionHelper.java:1375)
	at org.jvnet.hk2.internal.ClazzCreator.createMe(ClazzCreator.java:272)
	at org.jvnet.hk2.internal.ClazzCreator.create(ClazzCreator.java:366)
	at org.jvnet.hk2.internal.SystemDescriptor.create(SystemDescriptor.java:487)
	at org.jvnet.hk2.internal.SingletonContext$1.compute(SingletonContext.java:83)
	at org.jvnet.hk2.internal.SingletonContext$1.compute(SingletonContext.java:71)
	at org.glassfish.hk2.utilities.cache.Cache$OriginThreadAwareFuture$1.call(Cache.java:97)
	at java.base/java.util.concurrent.FutureTask.run(FutureTask.java:264)
	at org.glassfish.hk2.utilities.cache.Cache$OriginThreadAwareFuture.run(Cache.java:154)
	at org.glassfish.hk2.utilities.cache.Cache.compute(Cache.java:199)
	at org.jvnet.hk2.internal.SingletonContext.findOrCreate(SingletonContext.java:122)
	at org.jvnet.hk2.internal.Utilities.createService(Utilities.java:2022)
	at org.jvnet.hk2.internal.ServiceLocatorImpl.internalGetService(ServiceLocatorImpl.java:774)
	at org.jvnet.hk2.internal.ServiceLocatorImpl.internalGetService(ServiceLocatorImpl.java:737)
	at org.jvnet.hk2.internal.ServiceLocatorImpl.getService(ServiceLocatorImpl.java:707)
	at org.glassfish.jersey.server.model.ComponentModelValidator.&lt;init&gt;(ComponentModelValidator.java:97)
	at org.glassfish.jersey.server.ApplicationHandler.initialize(ApplicationHandler.java:549)
	at org.glassfish.jersey.server.ApplicationHandler.access$500(ApplicationHandler.java:184)
	at org.glassfish.jersey.server.ApplicationHandler$3.call(ApplicationHandler.java:350)
	at org.glassfish.jersey.server.ApplicationHandler$3.call(ApplicationHandler.java:347)
	at org.glassfish.jersey.internal.Errors.process(Errors.java:315)
	at org.glassfish.jersey.internal.Errors.process(Errors.java:297)
	at org.glassfish.jersey.internal.Errors.processWithException(Errors.java:255)
	at org.glassfish.jersey.server.ApplicationHandler.&lt;init&gt;(ApplicationHandler.java:347)
	at org.glassfish.jersey.server.ApplicationHandler.&lt;init&gt;(ApplicationHandler.java:311)
	at org.glassfish.jersey.grizzly2.httpserver.GrizzlyHttpContainer.&lt;init&gt;(GrizzlyHttpContainer.java:337)
	at org.glassfish.jersey.grizzly2.httpserver.GrizzlyHttpServerFactory.createHttpServer(GrizzlyHttpServerFactory.java:119)
	at com.example.Main.startServer(Main.java:30)
	at com.example.MyResourceTest.setUp(MyResourceTest.java:22)
	at java.base/jdk.internal.reflect.NativeMethodAccessorImpl.invoke0(Native Method)
	at java.base/jdk.internal.reflect.NativeMethodAccessorImpl.invoke(NativeMethodAccessorImpl.java:62)
	at java.base/jdk.internal.reflect.DelegatingMethodAccessorImpl.invoke(DelegatingMethodAccessorImpl.java:43)
	at java.base/java.lang.reflect.Method.invoke(Method.java:564)
	at org.junit.runners.model.FrameworkMethod$1.runReflectiveCall(FrameworkMethod.java:44)
	at org.junit.internal.runners.model.ReflectiveCallable.run(ReflectiveCallable.java:15)
	at org.junit.runners.model.FrameworkMethod.invokeExplosively(FrameworkMethod.java:41)
	at org.junit.internal.runners.statements.RunBefores.evaluate(RunBefores.java:27)
	at org.junit.internal.runners.statements.RunAfters.evaluate(RunAfters.java:31)
	at org.junit.runners.ParentRunner.runLeaf(ParentRunner.java:263)
	at org.junit.runners.BlockJUnit4ClassRunner.runChild(BlockJUnit4ClassRunner.java:69)
	at org.junit.runners.BlockJUnit4ClassRunner.runChild(BlockJUnit4ClassRunner.java:48)
	at org.junit.runners.ParentRunner$3.run(ParentRunner.java:231)
	at org.junit.runners.ParentRunner$1.schedule(ParentRunner.java:60)
	at org.junit.runners.ParentRunner.runChildren(ParentRunner.java:229)
	at org.junit.runners.ParentRunner.access$000(ParentRunner.java:50)
	at org.junit.runners.ParentRunner$2.evaluate(ParentRunner.java:222)
	at org.junit.runners.ParentRunner.run(ParentRunner.java:292)
	at org.apache.maven.surefire.junit4.JUnit4Provider.execute(JUnit4Provider.java:252)
	at org.apache.maven.surefire.junit4.JUnit4Provider.executeTestSet(JUnit4Provider.java:141)
	at org.apache.maven.surefire.junit4.JUnit4Provider.invoke(JUnit4Provider.java:112)
	at java.base/jdk.internal.reflect.NativeMethodAccessorImpl.invoke0(Native Method)
	at java.base/jdk.internal.reflect.NativeMethodAccessorImpl.invoke(NativeMethodAccessorImpl.java:62)
	at java.base/jdk.internal.reflect.DelegatingMethodAccessorImpl.invoke(DelegatingMethodAccessorImpl.java:43)
	at java.base/java.lang.reflect.Method.invoke(Method.java:564)
	at org.apache.maven.surefire.util.ReflectionUtils.invokeMethodWithArray(ReflectionUtils.java:189)
	at org.apache.maven.surefire.booter.ProviderFactory$ProviderProxy.invoke(ProviderFactory.java:165)
	at org.apache.maven.surefire.booter.ProviderFactory.invokeProvider(ProviderFactory.java:85)
	at org.apache.maven.surefire.booter.ForkedBooter.runSuitesInProcess(ForkedBooter.java:115)
	at org.apache.maven.surefire.booter.ForkedBooter.main(ForkedBooter.java:75)

WARNING: HK2 service reification failed for [org.glassfish.jersey.jaxb.internal.XmlCollectionJaxbProvider$App] with an exception:
MultiException stack 1 of 2
java.lang.NoClassDefFoundError: javax/xml/bind/PropertyException
	at java.base/java.lang.Class.getDeclaredConstructors0(Native Method)
	at java.base/java.lang.Class.privateGetDeclaredConstructors(Class.java:3090)
	at java.base/java.lang.Class.getDeclaredConstructors(Class.java:2316)
	at org.jvnet.hk2.internal.Utilities$3.run(Utilities.java:1308)
	at org.jvnet.hk2.internal.Utilities$3.run(Utilities.java:1304)
	at java.base/java.security.AccessController.doPrivileged(Native Method)
	at org.jvnet.hk2.internal.Utilities.getAllConstructors(Utilities.java:1304)
	at org.jvnet.hk2.internal.Utilities.findProducerConstructor(Utilities.java:1247)
	at org.jvnet.hk2.internal.DefaultClassAnalyzer.getConstructor(DefaultClassAnalyzer.java:83)
	at org.glassfish.jersey.internal.inject.JerseyClassAnalyzer.getConstructor(JerseyClassAnalyzer.java:144)
	at org.jvnet.hk2.internal.Utilities.getConstructor(Utilities.java:178)
	at org.jvnet.hk2.internal.ClazzCreator.initialize(ClazzCreator.java:129)
	at org.jvnet.hk2.internal.ClazzCreator.initialize(ClazzCreator.java:180)
	at org.jvnet.hk2.internal.SystemDescriptor.internalReify(SystemDescriptor.java:740)
	at org.jvnet.hk2.internal.SystemDescriptor.reify(SystemDescriptor.java:694)
	at org.jvnet.hk2.internal.ServiceLocatorImpl.reifyDescriptor(ServiceLocatorImpl.java:461)
	at org.jvnet.hk2.internal.ServiceLocatorImpl.narrow(ServiceLocatorImpl.java:2288)
	at org.jvnet.hk2.internal.ServiceLocatorImpl.access$1200(ServiceLocatorImpl.java:125)
	at org.jvnet.hk2.internal.ServiceLocatorImpl$9.compute(ServiceLocatorImpl.java:1373)
	at org.jvnet.hk2.internal.ServiceLocatorImpl$9.compute(ServiceLocatorImpl.java:1368)
	at org.glassfish.hk2.utilities.cache.internal.WeakCARCacheImpl.compute(WeakCARCacheImpl.java:116)
	at org.jvnet.hk2.internal.ServiceLocatorImpl.internalGetAllServiceHandles(ServiceLocatorImpl.java:1430)
	at org.jvnet.hk2.internal.ServiceLocatorImpl.getAllServiceHandles(ServiceLocatorImpl.java:1355)
	at org.jvnet.hk2.internal.ServiceLocatorImpl.getAllServiceHandles(ServiceLocatorImpl.java:1344)
	at org.glassfish.jersey.internal.inject.Providers.getServiceHandles(Providers.java:354)
	at org.glassfish.jersey.internal.inject.Providers.getCustomProviders(Providers.java:201)
	at org.glassfish.jersey.message.internal.MessageBodyFactory.&lt;init&gt;(MessageBodyFactory.java:221)
	at java.base/jdk.internal.reflect.NativeConstructorAccessorImpl.newInstance0(Native Method)
	at java.base/jdk.internal.reflect.NativeConstructorAccessorImpl.newInstance(NativeConstructorAccessorImpl.java:62)
	at java.base/jdk.internal.reflect.DelegatingConstructorAccessorImpl.newInstance(DelegatingConstructorAccessorImpl.java:45)
	at java.base/java.lang.reflect.Constructor.newInstance(Constructor.java:488)
	at org.glassfish.hk2.utilities.reflection.ReflectionHelper.makeMe(ReflectionHelper.java:1375)
	at org.jvnet.hk2.internal.ClazzCreator.createMe(ClazzCreator.java:272)
	at org.jvnet.hk2.internal.ClazzCreator.create(ClazzCreator.java:366)
	at org.jvnet.hk2.internal.SystemDescriptor.create(SystemDescriptor.java:487)
	at org.jvnet.hk2.internal.SingletonContext$1.compute(SingletonContext.java:83)
	at org.jvnet.hk2.internal.SingletonContext$1.compute(SingletonContext.java:71)
	at org.glassfish.hk2.utilities.cache.Cache$OriginThreadAwareFuture$1.call(Cache.java:97)
	at java.base/java.util.concurrent.FutureTask.run(FutureTask.java:264)
	at org.glassfish.hk2.utilities.cache.Cache$OriginThreadAwareFuture.run(Cache.java:154)
	at org.glassfish.hk2.utilities.cache.Cache.compute(Cache.java:199)
	at org.jvnet.hk2.internal.SingletonContext.findOrCreate(SingletonContext.java:122)
	at org.jvnet.hk2.internal.Utilities.createService(Utilities.java:2022)
	at org.jvnet.hk2.internal.ServiceLocatorImpl.internalGetService(ServiceLocatorImpl.java:774)
	at org.jvnet.hk2.internal.ServiceLocatorImpl.internalGetService(ServiceLocatorImpl.java:737)
	at org.jvnet.hk2.internal.ServiceLocatorImpl.getService(ServiceLocatorImpl.java:707)
	at org.glassfish.jersey.server.model.ComponentModelValidator.&lt;init&gt;(ComponentModelValidator.java:97)
	at org.glassfish.jersey.server.ApplicationHandler.initialize(ApplicationHandler.java:549)
	at org.glassfish.jersey.server.ApplicationHandler.access$500(ApplicationHandler.java:184)
	at org.glassfish.jersey.server.ApplicationHandler$3.call(ApplicationHandler.java:350)
	at org.glassfish.jersey.server.ApplicationHandler$3.call(ApplicationHandler.java:347)
	at org.glassfish.jersey.internal.Errors.process(Errors.java:315)
	at org.glassfish.jersey.internal.Errors.process(Errors.java:297)
	at org.glassfish.jersey.internal.Errors.processWithException(Errors.java:255)
	at org.glassfish.jersey.server.ApplicationHandler.&lt;init&gt;(ApplicationHandler.java:347)
	at org.glassfish.jersey.server.ApplicationHandler.&lt;init&gt;(ApplicationHandler.java:311)
	at org.glassfish.jersey.grizzly2.httpserver.GrizzlyHttpContainer.&lt;init&gt;(GrizzlyHttpContainer.java:337)
	at org.glassfish.jersey.grizzly2.httpserver.GrizzlyHttpServerFactory.createHttpServer(GrizzlyHttpServerFactory.java:119)
	at com.example.Main.startServer(Main.java:30)
	at com.example.MyResourceTest.setUp(MyResourceTest.java:22)
	at java.base/jdk.internal.reflect.NativeMethodAccessorImpl.invoke0(Native Method)
	at java.base/jdk.internal.reflect.NativeMethodAccessorImpl.invoke(NativeMethodAccessorImpl.java:62)
	at java.base/jdk.internal.reflect.DelegatingMethodAccessorImpl.invoke(DelegatingMethodAccessorImpl.java:43)
	at java.base/java.lang.reflect.Method.invoke(Method.java:564)
	at org.junit.runners.model.FrameworkMethod$1.runReflectiveCall(FrameworkMethod.java:44)
	at org.junit.internal.runners.model.ReflectiveCallable.run(ReflectiveCallable.java:15)
	at org.junit.runners.model.FrameworkMethod.invokeExplosively(FrameworkMethod.java:41)
	at org.junit.internal.runners.statements.RunBefores.evaluate(RunBefores.java:27)
	at org.junit.internal.runners.statements.RunAfters.evaluate(RunAfters.java:31)
	at org.junit.runners.ParentRunner.runLeaf(ParentRunner.java:263)
	at org.junit.runners.BlockJUnit4ClassRunner.runChild(BlockJUnit4ClassRunner.java:69)
	at org.junit.runners.BlockJUnit4ClassRunner.runChild(BlockJUnit4ClassRunner.java:48)
	at org.junit.runners.ParentRunner$3.run(ParentRunner.java:231)
	at org.junit.runners.ParentRunner$1.schedule(ParentRunner.java:60)
	at org.junit.runners.ParentRunner.runChildren(ParentRunner.java:229)
	at org.junit.runners.ParentRunner.access$000(ParentRunner.java:50)
	at org.junit.runners.ParentRunner$2.evaluate(ParentRunner.java:222)
	at org.junit.runners.ParentRunner.run(ParentRunner.java:292)
	at org.apache.maven.surefire.junit4.JUnit4Provider.execute(JUnit4Provider.java:252)
	at org.apache.maven.surefire.junit4.JUnit4Provider.executeTestSet(JUnit4Provider.java:141)
	at org.apache.maven.surefire.junit4.JUnit4Provider.invoke(JUnit4Provider.java:112)
	at java.base/jdk.internal.reflect.NativeMethodAccessorImpl.invoke0(Native Method)
	at java.base/jdk.internal.reflect.NativeMethodAccessorImpl.invoke(NativeMethodAccessorImpl.java:62)
	at java.base/jdk.internal.reflect.DelegatingMethodAccessorImpl.invoke(DelegatingMethodAccessorImpl.java:43)
	at java.base/java.lang.reflect.Method.invoke(Method.java:564)
	at org.apache.maven.surefire.util.ReflectionUtils.invokeMethodWithArray(ReflectionUtils.java:189)
	at org.apache.maven.surefire.booter.ProviderFactory$ProviderProxy.invoke(ProviderFactory.java:165)
	at org.apache.maven.surefire.booter.ProviderFactory.invokeProvider(ProviderFactory.java:85)
	at org.apache.maven.surefire.booter.ForkedBooter.runSuitesInProcess(ForkedBooter.java:115)
	at org.apache.maven.surefire.booter.ForkedBooter.main(ForkedBooter.java:75)
Caused by: java.lang.ClassNotFoundException: javax.xml.bind.PropertyException
	at java.base/jdk.internal.loader.BuiltinClassLoader.loadClass(BuiltinClassLoader.java:582)
	at java.base/jdk.internal.loader.ClassLoaders$AppClassLoader.loadClass(ClassLoaders.java:190)
	at java.base/java.lang.ClassLoader.loadClass(ClassLoader.java:499)
	... 90 more
MultiException stack 2 of 2
java.lang.IllegalArgumentException: Errors were discovered while reifying SystemDescriptor(
	implementation=org.glassfish.jersey.jaxb.internal.XmlCollectionJaxbProvider$App
	contracts={javax.ws.rs.ext.MessageBodyWriter,javax.ws.rs.ext.MessageBodyReader}
	scope=javax.inject.Singleton
	qualifiers={}
	descriptorType=CLASS
	descriptorVisibility=NORMAL
	metadata=
	rank=0
	loader=org.glassfish.hk2.utilities.binding.AbstractBinder$2@16fdec90
	proxiable=null
	proxyForSameScope=null
	analysisName=null
	id=104
	locatorId=0
	identityHashCode=2035381640
	reified=false)
	at org.jvnet.hk2.internal.SystemDescriptor.reify(SystemDescriptor.java:705)
	at org.jvnet.hk2.internal.ServiceLocatorImpl.reifyDescriptor(ServiceLocatorImpl.java:461)
	at org.jvnet.hk2.internal.ServiceLocatorImpl.narrow(ServiceLocatorImpl.java:2288)
	at org.jvnet.hk2.internal.ServiceLocatorImpl.access$1200(ServiceLocatorImpl.java:125)
	at org.jvnet.hk2.internal.ServiceLocatorImpl$9.compute(ServiceLocatorImpl.java:1373)
	at org.jvnet.hk2.internal.ServiceLocatorImpl$9.compute(ServiceLocatorImpl.java:1368)
	at org.glassfish.hk2.utilities.cache.internal.WeakCARCacheImpl.compute(WeakCARCacheImpl.java:116)
	at org.jvnet.hk2.internal.ServiceLocatorImpl.internalGetAllServiceHandles(ServiceLocatorImpl.java:1430)
	at org.jvnet.hk2.internal.ServiceLocatorImpl.getAllServiceHandles(ServiceLocatorImpl.java:1355)
	at org.jvnet.hk2.internal.ServiceLocatorImpl.getAllServiceHandles(ServiceLocatorImpl.java:1344)
	at org.glassfish.jersey.internal.inject.Providers.getServiceHandles(Providers.java:354)
	at org.glassfish.jersey.internal.inject.Providers.getCustomProviders(Providers.java:201)
	at org.glassfish.jersey.message.internal.MessageBodyFactory.&lt;init&gt;(MessageBodyFactory.java:221)
	at java.base/jdk.internal.reflect.NativeConstructorAccessorImpl.newInstance0(Native Method)
	at java.base/jdk.internal.reflect.NativeConstructorAccessorImpl.newInstance(NativeConstructorAccessorImpl.java:62)
	at java.base/jdk.internal.reflect.DelegatingConstructorAccessorImpl.newInstance(DelegatingConstructorAccessorImpl.java:45)
	at java.base/java.lang.reflect.Constructor.newInstance(Constructor.java:488)
	at org.glassfish.hk2.utilities.reflection.ReflectionHelper.makeMe(ReflectionHelper.java:1375)
	at org.jvnet.hk2.internal.ClazzCreator.createMe(ClazzCreator.java:272)
	at org.jvnet.hk2.internal.ClazzCreator.create(ClazzCreator.java:366)
	at org.jvnet.hk2.internal.SystemDescriptor.create(SystemDescriptor.java:487)
	at org.jvnet.hk2.internal.SingletonContext$1.compute(SingletonContext.java:83)
	at org.jvnet.hk2.internal.SingletonContext$1.compute(SingletonContext.java:71)
	at org.glassfish.hk2.utilities.cache.Cache$OriginThreadAwareFuture$1.call(Cache.java:97)
	at java.base/java.util.concurrent.FutureTask.run(FutureTask.java:264)
	at org.glassfish.hk2.utilities.cache.Cache$OriginThreadAwareFuture.run(Cache.java:154)
	at org.glassfish.hk2.utilities.cache.Cache.compute(Cache.java:199)
	at org.jvnet.hk2.internal.SingletonContext.findOrCreate(SingletonContext.java:122)
	at org.jvnet.hk2.internal.Utilities.createService(Utilities.java:2022)
	at org.jvnet.hk2.internal.ServiceLocatorImpl.internalGetService(ServiceLocatorImpl.java:774)
	at org.jvnet.hk2.internal.ServiceLocatorImpl.internalGetService(ServiceLocatorImpl.java:737)
	at org.jvnet.hk2.internal.ServiceLocatorImpl.getService(ServiceLocatorImpl.java:707)
	at org.glassfish.jersey.server.model.ComponentModelValidator.&lt;init&gt;(ComponentModelValidator.java:97)
	at org.glassfish.jersey.server.ApplicationHandler.initialize(ApplicationHandler.java:549)
	at org.glassfish.jersey.server.ApplicationHandler.access$500(ApplicationHandler.java:184)
	at org.glassfish.jersey.server.ApplicationHandler$3.call(ApplicationHandler.java:350)
	at org.glassfish.jersey.server.ApplicationHandler$3.call(ApplicationHandler.java:347)
	at org.glassfish.jersey.internal.Errors.process(Errors.java:315)
	at org.glassfish.jersey.internal.Errors.process(Errors.java:297)
	at org.glassfish.jersey.internal.Errors.processWithException(Errors.java:255)
	at org.glassfish.jersey.server.ApplicationHandler.&lt;init&gt;(ApplicationHandler.java:347)
	at org.glassfish.jersey.server.ApplicationHandler.&lt;init&gt;(ApplicationHandler.java:311)
	at org.glassfish.jersey.grizzly2.httpserver.GrizzlyHttpContainer.&lt;init&gt;(GrizzlyHttpContainer.java:337)
	at org.glassfish.jersey.grizzly2.httpserver.GrizzlyHttpServerFactory.createHttpServer(GrizzlyHttpServerFactory.java:119)
	at com.example.Main.startServer(Main.java:30)
	at com.example.MyResourceTest.setUp(MyResourceTest.java:22)
	at java.base/jdk.internal.reflect.NativeMethodAccessorImpl.invoke0(Native Method)
	at java.base/jdk.internal.reflect.NativeMethodAccessorImpl.invoke(NativeMethodAccessorImpl.java:62)
	at java.base/jdk.internal.reflect.DelegatingMethodAccessorImpl.invoke(DelegatingMethodAccessorImpl.java:43)
	at java.base/java.lang.reflect.Method.invoke(Method.java:564)
	at org.junit.runners.model.FrameworkMethod$1.runReflectiveCall(FrameworkMethod.java:44)
	at org.junit.internal.runners.model.ReflectiveCallable.run(ReflectiveCallable.java:15)
	at org.junit.runners.model.FrameworkMethod.invokeExplosively(FrameworkMethod.java:41)
	at org.junit.internal.runners.statements.RunBefores.evaluate(RunBefores.java:27)
	at org.junit.internal.runners.statements.RunAfters.evaluate(RunAfters.java:31)
	at org.junit.runners.ParentRunner.runLeaf(ParentRunner.java:263)
	at org.junit.runners.BlockJUnit4ClassRunner.runChild(BlockJUnit4ClassRunner.java:69)
	at org.junit.runners.BlockJUnit4ClassRunner.runChild(BlockJUnit4ClassRunner.java:48)
	at org.junit.runners.ParentRunner$3.run(ParentRunner.java:231)
	at org.junit.runners.ParentRunner$1.schedule(ParentRunner.java:60)
	at org.junit.runners.ParentRunner.runChildren(ParentRunner.java:229)
	at org.junit.runners.ParentRunner.access$000(ParentRunner.java:50)
	at org.junit.runners.ParentRunner$2.evaluate(ParentRunner.java:222)
	at org.junit.runners.ParentRunner.run(ParentRunner.java:292)
	at org.apache.maven.surefire.junit4.JUnit4Provider.execute(JUnit4Provider.java:252)
	at org.apache.maven.surefire.junit4.JUnit4Provider.executeTestSet(JUnit4Provider.java:141)
	at org.apache.maven.surefire.junit4.JUnit4Provider.invoke(JUnit4Provider.java:112)
	at java.base/jdk.internal.reflect.NativeMethodAccessorImpl.invoke0(Native Method)
	at java.base/jdk.internal.reflect.NativeMethodAccessorImpl.invoke(NativeMethodAccessorImpl.java:62)
	at java.base/jdk.internal.reflect.DelegatingMethodAccessorImpl.invoke(DelegatingMethodAccessorImpl.java:43)
	at java.base/java.lang.reflect.Method.invoke(Method.java:564)
	at org.apache.maven.surefire.util.ReflectionUtils.invokeMethodWithArray(ReflectionUtils.java:189)
	at org.apache.maven.surefire.booter.ProviderFactory$ProviderProxy.invoke(ProviderFactory.java:165)
	at org.apache.maven.surefire.booter.ProviderFactory.invokeProvider(ProviderFactory.java:85)
	at org.apache.maven.surefire.booter.ForkedBooter.runSuitesInProcess(ForkedBooter.java:115)
	at org.apache.maven.surefire.booter.ForkedBooter.main(ForkedBooter.java:75)

WARNING: HK2 service reification failed for [org.glassfish.jersey.jaxb.internal.XmlCollectionJaxbProvider$Text] with an exception:
MultiException stack 1 of 2
java.lang.NoClassDefFoundError: javax/xml/bind/PropertyException
	at java.base/java.lang.Class.getDeclaredConstructors0(Native Method)
	at java.base/java.lang.Class.privateGetDeclaredConstructors(Class.java:3090)
	at java.base/java.lang.Class.getDeclaredConstructors(Class.java:2316)
	at org.jvnet.hk2.internal.Utilities$3.run(Utilities.java:1308)
	at org.jvnet.hk2.internal.Utilities$3.run(Utilities.java:1304)
	at java.base/java.security.AccessController.doPrivileged(Native Method)
	at org.jvnet.hk2.internal.Utilities.getAllConstructors(Utilities.java:1304)
	at org.jvnet.hk2.internal.Utilities.findProducerConstructor(Utilities.java:1247)
	at org.jvnet.hk2.internal.DefaultClassAnalyzer.getConstructor(DefaultClassAnalyzer.java:83)
	at org.glassfish.jersey.internal.inject.JerseyClassAnalyzer.getConstructor(JerseyClassAnalyzer.java:144)
	at org.jvnet.hk2.internal.Utilities.getConstructor(Utilities.java:178)
	at org.jvnet.hk2.internal.ClazzCreator.initialize(ClazzCreator.java:129)
	at org.jvnet.hk2.internal.ClazzCreator.initialize(ClazzCreator.java:180)
	at org.jvnet.hk2.internal.SystemDescriptor.internalReify(SystemDescriptor.java:740)
	at org.jvnet.hk2.internal.SystemDescriptor.reify(SystemDescriptor.java:694)
	at org.jvnet.hk2.internal.ServiceLocatorImpl.reifyDescriptor(ServiceLocatorImpl.java:461)
	at org.jvnet.hk2.internal.ServiceLocatorImpl.narrow(ServiceLocatorImpl.java:2288)
	at org.jvnet.hk2.internal.ServiceLocatorImpl.access$1200(ServiceLocatorImpl.java:125)
	at org.jvnet.hk2.internal.ServiceLocatorImpl$9.compute(ServiceLocatorImpl.java:1373)
	at org.jvnet.hk2.internal.ServiceLocatorImpl$9.compute(ServiceLocatorImpl.java:1368)
	at org.glassfish.hk2.utilities.cache.internal.WeakCARCacheImpl.compute(WeakCARCacheImpl.java:116)
	at org.jvnet.hk2.internal.ServiceLocatorImpl.internalGetAllServiceHandles(ServiceLocatorImpl.java:1430)
	at org.jvnet.hk2.internal.ServiceLocatorImpl.getAllServiceHandles(ServiceLocatorImpl.java:1355)
	at org.jvnet.hk2.internal.ServiceLocatorImpl.getAllServiceHandles(ServiceLocatorImpl.java:1344)
	at org.glassfish.jersey.internal.inject.Providers.getServiceHandles(Providers.java:354)
	at org.glassfish.jersey.internal.inject.Providers.getCustomProviders(Providers.java:201)
	at org.glassfish.jersey.message.internal.MessageBodyFactory.&lt;init&gt;(MessageBodyFactory.java:221)
	at java.base/jdk.internal.reflect.NativeConstructorAccessorImpl.newInstance0(Native Method)
	at java.base/jdk.internal.reflect.NativeConstructorAccessorImpl.newInstance(NativeConstructorAccessorImpl.java:62)
	at java.base/jdk.internal.reflect.DelegatingConstructorAccessorImpl.newInstance(DelegatingConstructorAccessorImpl.java:45)
	at java.base/java.lang.reflect.Constructor.newInstance(Constructor.java:488)
	at org.glassfish.hk2.utilities.reflection.ReflectionHelper.makeMe(ReflectionHelper.java:1375)
	at org.jvnet.hk2.internal.ClazzCreator.createMe(ClazzCreator.java:272)
	at org.jvnet.hk2.internal.ClazzCreator.create(ClazzCreator.java:366)
	at org.jvnet.hk2.internal.SystemDescriptor.create(SystemDescriptor.java:487)
	at org.jvnet.hk2.internal.SingletonContext$1.compute(SingletonContext.java:83)
	at org.jvnet.hk2.internal.SingletonContext$1.compute(SingletonContext.java:71)
	at org.glassfish.hk2.utilities.cache.Cache$OriginThreadAwareFuture$1.call(Cache.java:97)
	at java.base/java.util.concurrent.FutureTask.run(FutureTask.java:264)
	at org.glassfish.hk2.utilities.cache.Cache$OriginThreadAwareFuture.run(Cache.java:154)
	at org.glassfish.hk2.utilities.cache.Cache.compute(Cache.java:199)
	at org.jvnet.hk2.internal.SingletonContext.findOrCreate(SingletonContext.java:122)
	at org.jvnet.hk2.internal.Utilities.createService(Utilities.java:2022)
	at org.jvnet.hk2.internal.ServiceLocatorImpl.internalGetService(ServiceLocatorImpl.java:774)
	at org.jvnet.hk2.internal.ServiceLocatorImpl.internalGetService(ServiceLocatorImpl.java:737)
	at org.jvnet.hk2.internal.ServiceLocatorImpl.getService(ServiceLocatorImpl.java:707)
	at org.glassfish.jersey.server.model.ComponentModelValidator.&lt;init&gt;(ComponentModelValidator.java:97)
	at org.glassfish.jersey.server.ApplicationHandler.initialize(ApplicationHandler.java:549)
	at org.glassfish.jersey.server.ApplicationHandler.access$500(ApplicationHandler.java:184)
	at org.glassfish.jersey.server.ApplicationHandler$3.call(ApplicationHandler.java:350)
	at org.glassfish.jersey.server.ApplicationHandler$3.call(ApplicationHandler.java:347)
	at org.glassfish.jersey.internal.Errors.process(Errors.java:315)
	at org.glassfish.jersey.internal.Errors.process(Errors.java:297)
	at org.glassfish.jersey.internal.Errors.processWithException(Errors.java:255)
	at org.glassfish.jersey.server.ApplicationHandler.&lt;init&gt;(ApplicationHandler.java:347)
	at org.glassfish.jersey.server.ApplicationHandler.&lt;init&gt;(ApplicationHandler.java:311)
	at org.glassfish.jersey.grizzly2.httpserver.GrizzlyHttpContainer.&lt;init&gt;(GrizzlyHttpContainer.java:337)
	at org.glassfish.jersey.grizzly2.httpserver.GrizzlyHttpServerFactory.createHttpServer(GrizzlyHttpServerFactory.java:119)
	at com.example.Main.startServer(Main.java:30)
	at com.example.MyResourceTest.setUp(MyResourceTest.java:22)
	at java.base/jdk.internal.reflect.NativeMethodAccessorImpl.invoke0(Native Method)
	at java.base/jdk.internal.reflect.NativeMethodAccessorImpl.invoke(NativeMethodAccessorImpl.java:62)
	at java.base/jdk.internal.reflect.DelegatingMethodAccessorImpl.invoke(DelegatingMethodAccessorImpl.java:43)
	at java.base/java.lang.reflect.Method.invoke(Method.java:564)
	at org.junit.runners.model.FrameworkMethod$1.runReflectiveCall(FrameworkMethod.java:44)
	at org.junit.internal.runners.model.ReflectiveCallable.run(ReflectiveCallable.java:15)
	at org.junit.runners.model.FrameworkMethod.invokeExplosively(FrameworkMethod.java:41)
	at org.junit.internal.runners.statements.RunBefores.evaluate(RunBefores.java:27)
	at org.junit.internal.runners.statements.RunAfters.evaluate(RunAfters.java:31)
	at org.junit.runners.ParentRunner.runLeaf(ParentRunner.java:263)
	at org.junit.runners.BlockJUnit4ClassRunner.runChild(BlockJUnit4ClassRunner.java:69)
	at org.junit.runners.BlockJUnit4ClassRunner.runChild(BlockJUnit4ClassRunner.java:48)
	at org.junit.runners.ParentRunner$3.run(ParentRunner.java:231)
	at org.junit.runners.ParentRunner$1.schedule(ParentRunner.java:60)
	at org.junit.runners.ParentRunner.runChildren(ParentRunner.java:229)
	at org.junit.runners.ParentRunner.access$000(ParentRunner.java:50)
	at org.junit.runners.ParentRunner$2.evaluate(ParentRunner.java:222)
	at org.junit.runners.ParentRunner.run(ParentRunner.java:292)
	at org.apache.maven.surefire.junit4.JUnit4Provider.execute(JUnit4Provider.java:252)
	at org.apache.maven.surefire.junit4.JUnit4Provider.executeTestSet(JUnit4Provider.java:141)
	at org.apache.maven.surefire.junit4.JUnit4Provider.invoke(JUnit4Provider.java:112)
	at java.base/jdk.internal.reflect.NativeMethodAccessorImpl.invoke0(Native Method)
	at java.base/jdk.internal.reflect.NativeMethodAccessorImpl.invoke(NativeMethodAccessorImpl.java:62)
	at java.base/jdk.internal.reflect.DelegatingMethodAccessorImpl.invoke(DelegatingMethodAccessorImpl.java:43)
	at java.base/java.lang.reflect.Method.invoke(Method.java:564)
	at org.apache.maven.surefire.util.ReflectionUtils.invokeMethodWithArray(ReflectionUtils.java:189)
	at org.apache.maven.surefire.booter.ProviderFactory$ProviderProxy.invoke(ProviderFactory.java:165)
	at org.apache.maven.surefire.booter.ProviderFactory.invokeProvider(ProviderFactory.java:85)
	at org.apache.maven.surefire.booter.ForkedBooter.runSuitesInProcess(ForkedBooter.java:115)
	at org.apache.maven.surefire.booter.ForkedBooter.main(ForkedBooter.java:75)
Caused by: java.lang.ClassNotFoundException: javax.xml.bind.PropertyException
	at java.base/jdk.internal.loader.BuiltinClassLoader.loadClass(BuiltinClassLoader.java:582)
	at java.base/jdk.internal.loader.ClassLoaders$AppClassLoader.loadClass(ClassLoaders.java:190)
	at java.base/java.lang.ClassLoader.loadClass(ClassLoader.java:499)
	... 90 more
MultiException stack 2 of 2
java.lang.IllegalArgumentException: Errors were discovered while reifying SystemDescriptor(
	implementation=org.glassfish.jersey.jaxb.internal.XmlCollectionJaxbProvider$Text
	contracts={javax.ws.rs.ext.MessageBodyWriter,javax.ws.rs.ext.MessageBodyReader}
	scope=javax.inject.Singleton
	qualifiers={}
	descriptorType=CLASS
	descriptorVisibility=NORMAL
	metadata=
	rank=0
	loader=org.glassfish.hk2.utilities.binding.AbstractBinder$2@16fdec90
	proxiable=null
	proxyForSameScope=null
	analysisName=null
	id=105
	locatorId=0
	identityHashCode=680988889
	reified=false)
	at org.jvnet.hk2.internal.SystemDescriptor.reify(SystemDescriptor.java:705)
	at org.jvnet.hk2.internal.ServiceLocatorImpl.reifyDescriptor(ServiceLocatorImpl.java:461)
	at org.jvnet.hk2.internal.ServiceLocatorImpl.narrow(ServiceLocatorImpl.java:2288)
	at org.jvnet.hk2.internal.ServiceLocatorImpl.access$1200(ServiceLocatorImpl.java:125)
	at org.jvnet.hk2.internal.ServiceLocatorImpl$9.compute(ServiceLocatorImpl.java:1373)
	at org.jvnet.hk2.internal.ServiceLocatorImpl$9.compute(ServiceLocatorImpl.java:1368)
	at org.glassfish.hk2.utilities.cache.internal.WeakCARCacheImpl.compute(WeakCARCacheImpl.java:116)
	at org.jvnet.hk2.internal.ServiceLocatorImpl.internalGetAllServiceHandles(ServiceLocatorImpl.java:1430)
	at org.jvnet.hk2.internal.ServiceLocatorImpl.getAllServiceHandles(ServiceLocatorImpl.java:1355)
	at org.jvnet.hk2.internal.ServiceLocatorImpl.getAllServiceHandles(ServiceLocatorImpl.java:1344)
	at org.glassfish.jersey.internal.inject.Providers.getServiceHandles(Providers.java:354)
	at org.glassfish.jersey.internal.inject.Providers.getCustomProviders(Providers.java:201)
	at org.glassfish.jersey.message.internal.MessageBodyFactory.&lt;init&gt;(MessageBodyFactory.java:221)
	at java.base/jdk.internal.reflect.NativeConstructorAccessorImpl.newInstance0(Native Method)
	at java.base/jdk.internal.reflect.NativeConstructorAccessorImpl.newInstance(NativeConstructorAccessorImpl.java:62)
	at java.base/jdk.internal.reflect.DelegatingConstructorAccessorImpl.newInstance(DelegatingConstructorAccessorImpl.java:45)
	at java.base/java.lang.reflect.Constructor.newInstance(Constructor.java:488)
	at org.glassfish.hk2.utilities.reflection.ReflectionHelper.makeMe(ReflectionHelper.java:1375)
	at org.jvnet.hk2.internal.ClazzCreator.createMe(ClazzCreator.java:272)
	at org.jvnet.hk2.internal.ClazzCreator.create(ClazzCreator.java:366)
	at org.jvnet.hk2.internal.SystemDescriptor.create(SystemDescriptor.java:487)
	at org.jvnet.hk2.internal.SingletonContext$1.compute(SingletonContext.java:83)
	at org.jvnet.hk2.internal.SingletonContext$1.compute(SingletonContext.java:71)
	at org.glassfish.hk2.utilities.cache.Cache$OriginThreadAwareFuture$1.call(Cache.java:97)
	at java.base/java.util.concurrent.FutureTask.run(FutureTask.java:264)
	at org.glassfish.hk2.utilities.cache.Cache$OriginThreadAwareFuture.run(Cache.java:154)
	at org.glassfish.hk2.utilities.cache.Cache.compute(Cache.java:199)
	at org.jvnet.hk2.internal.SingletonContext.findOrCreate(SingletonContext.java:122)
	at org.jvnet.hk2.internal.Utilities.createService(Utilities.java:2022)
	at org.jvnet.hk2.internal.ServiceLocatorImpl.internalGetService(ServiceLocatorImpl.java:774)
	at org.jvnet.hk2.internal.ServiceLocatorImpl.internalGetService(ServiceLocatorImpl.java:737)
	at org.jvnet.hk2.internal.ServiceLocatorImpl.getService(ServiceLocatorImpl.java:707)
	at org.glassfish.jersey.server.model.ComponentModelValidator.&lt;init&gt;(ComponentModelValidator.java:97)
	at org.glassfish.jersey.server.ApplicationHandler.initialize(ApplicationHandler.java:549)
	at org.glassfish.jersey.server.ApplicationHandler.access$500(ApplicationHandler.java:184)
	at org.glassfish.jersey.server.ApplicationHandler$3.call(ApplicationHandler.java:350)
	at org.glassfish.jersey.server.ApplicationHandler$3.call(ApplicationHandler.java:347)
	at org.glassfish.jersey.internal.Errors.process(Errors.java:315)
	at org.glassfish.jersey.internal.Errors.process(Errors.java:297)
	at org.glassfish.jersey.internal.Errors.processWithException(Errors.java:255)
	at org.glassfish.jersey.server.ApplicationHandler.&lt;init&gt;(ApplicationHandler.java:347)
	at org.glassfish.jersey.server.ApplicationHandler.&lt;init&gt;(ApplicationHandler.java:311)
	at org.glassfish.jersey.grizzly2.httpserver.GrizzlyHttpContainer.&lt;init&gt;(GrizzlyHttpContainer.java:337)
	at org.glassfish.jersey.grizzly2.httpserver.GrizzlyHttpServerFactory.createHttpServer(GrizzlyHttpServerFactory.java:119)
	at com.example.Main.startServer(Main.java:30)
	at com.example.MyResourceTest.setUp(MyResourceTest.java:22)
	at java.base/jdk.internal.reflect.NativeMethodAccessorImpl.invoke0(Native Method)
	at java.base/jdk.internal.reflect.NativeMethodAccessorImpl.invoke(NativeMethodAccessorImpl.java:62)
	at java.base/jdk.internal.reflect.DelegatingMethodAccessorImpl.invoke(DelegatingMethodAccessorImpl.java:43)
	at java.base/java.lang.reflect.Method.invoke(Method.java:564)
	at org.junit.runners.model.FrameworkMethod$1.runReflectiveCall(FrameworkMethod.java:44)
	at org.junit.internal.runners.model.ReflectiveCallable.run(ReflectiveCallable.java:15)
	at org.junit.runners.model.FrameworkMethod.invokeExplosively(FrameworkMethod.java:41)
	at org.junit.internal.runners.statements.RunBefores.evaluate(RunBefores.java:27)
	at org.junit.internal.runners.statements.RunAfters.evaluate(RunAfters.java:31)
	at org.junit.runners.ParentRunner.runLeaf(ParentRunner.java:263)
	at org.junit.runners.BlockJUnit4ClassRunner.runChild(BlockJUnit4ClassRunner.java:69)
	at org.junit.runners.BlockJUnit4ClassRunner.runChild(BlockJUnit4ClassRunner.java:48)
	at org.junit.runners.ParentRunner$3.run(ParentRunner.java:231)
	at org.junit.runners.ParentRunner$1.schedule(ParentRunner.java:60)
	at org.junit.runners.ParentRunner.runChildren(ParentRunner.java:229)
	at org.junit.runners.ParentRunner.access$000(ParentRunner.java:50)
	at org.junit.runners.ParentRunner$2.evaluate(ParentRunner.java:222)
	at org.junit.runners.ParentRunner.run(ParentRunner.java:292)
	at org.apache.maven.surefire.junit4.JUnit4Provider.execute(JUnit4Provider.java:252)
	at org.apache.maven.surefire.junit4.JUnit4Provider.executeTestSet(JUnit4Provider.java:141)
	at org.apache.maven.surefire.junit4.JUnit4Provider.invoke(JUnit4Provider.java:112)
	at java.base/jdk.internal.reflect.NativeMethodAccessorImpl.invoke0(Native Method)
	at java.base/jdk.internal.reflect.NativeMethodAccessorImpl.invoke(NativeMethodAccessorImpl.java:62)
	at java.base/jdk.internal.reflect.DelegatingMethodAccessorImpl.invoke(DelegatingMethodAccessorImpl.java:43)
	at java.base/java.lang.reflect.Method.invoke(Method.java:564)
	at org.apache.maven.surefire.util.ReflectionUtils.invokeMethodWithArray(ReflectionUtils.java:189)
	at org.apache.maven.surefire.booter.ProviderFactory$ProviderProxy.invoke(ProviderFactory.java:165)
	at org.apache.maven.surefire.booter.ProviderFactory.invokeProvider(ProviderFactory.java:85)
	at org.apache.maven.surefire.booter.ForkedBooter.runSuitesInProcess(ForkedBooter.java:115)
	at org.apache.maven.surefire.booter.ForkedBooter.main(ForkedBooter.java:75)

WARNING: HK2 service reification failed for [org.glassfish.jersey.jaxb.internal.XmlCollectionJaxbProvider$General] with an exception:
MultiException stack 1 of 2
java.lang.NoClassDefFoundError: javax/xml/bind/PropertyException
	at java.base/java.lang.Class.getDeclaredConstructors0(Native Method)
	at java.base/java.lang.Class.privateGetDeclaredConstructors(Class.java:3090)
	at java.base/java.lang.Class.getDeclaredConstructors(Class.java:2316)
	at org.jvnet.hk2.internal.Utilities$3.run(Utilities.java:1308)
	at org.jvnet.hk2.internal.Utilities$3.run(Utilities.java:1304)
	at java.base/java.security.AccessController.doPrivileged(Native Method)
	at org.jvnet.hk2.internal.Utilities.getAllConstructors(Utilities.java:1304)
	at org.jvnet.hk2.internal.Utilities.findProducerConstructor(Utilities.java:1247)
	at org.jvnet.hk2.internal.DefaultClassAnalyzer.getConstructor(DefaultClassAnalyzer.java:83)
	at org.glassfish.jersey.internal.inject.JerseyClassAnalyzer.getConstructor(JerseyClassAnalyzer.java:144)
	at org.jvnet.hk2.internal.Utilities.getConstructor(Utilities.java:178)
	at org.jvnet.hk2.internal.ClazzCreator.initialize(ClazzCreator.java:129)
	at org.jvnet.hk2.internal.ClazzCreator.initialize(ClazzCreator.java:180)
	at org.jvnet.hk2.internal.SystemDescriptor.internalReify(SystemDescriptor.java:740)
	at org.jvnet.hk2.internal.SystemDescriptor.reify(SystemDescriptor.java:694)
	at org.jvnet.hk2.internal.ServiceLocatorImpl.reifyDescriptor(ServiceLocatorImpl.java:461)
	at org.jvnet.hk2.internal.ServiceLocatorImpl.narrow(ServiceLocatorImpl.java:2288)
	at org.jvnet.hk2.internal.ServiceLocatorImpl.access$1200(ServiceLocatorImpl.java:125)
	at org.jvnet.hk2.internal.ServiceLocatorImpl$9.compute(ServiceLocatorImpl.java:1373)
	at org.jvnet.hk2.internal.ServiceLocatorImpl$9.compute(ServiceLocatorImpl.java:1368)
	at org.glassfish.hk2.utilities.cache.internal.WeakCARCacheImpl.compute(WeakCARCacheImpl.java:116)
	at org.jvnet.hk2.internal.ServiceLocatorImpl.internalGetAllServiceHandles(ServiceLocatorImpl.java:1430)
	at org.jvnet.hk2.internal.ServiceLocatorImpl.getAllServiceHandles(ServiceLocatorImpl.java:1355)
	at org.jvnet.hk2.internal.ServiceLocatorImpl.getAllServiceHandles(ServiceLocatorImpl.java:1344)
	at org.glassfish.jersey.internal.inject.Providers.getServiceHandles(Providers.java:354)
	at org.glassfish.jersey.internal.inject.Providers.getCustomProviders(Providers.java:201)
	at org.glassfish.jersey.message.internal.MessageBodyFactory.&lt;init&gt;(MessageBodyFactory.java:221)
	at java.base/jdk.internal.reflect.NativeConstructorAccessorImpl.newInstance0(Native Method)
	at java.base/jdk.internal.reflect.NativeConstructorAccessorImpl.newInstance(NativeConstructorAccessorImpl.java:62)
	at java.base/jdk.internal.reflect.DelegatingConstructorAccessorImpl.newInstance(DelegatingConstructorAccessorImpl.java:45)
	at java.base/java.lang.reflect.Constructor.newInstance(Constructor.java:488)
	at org.glassfish.hk2.utilities.reflection.ReflectionHelper.makeMe(ReflectionHelper.java:1375)
	at org.jvnet.hk2.internal.ClazzCreator.createMe(ClazzCreator.java:272)
	at org.jvnet.hk2.internal.ClazzCreator.create(ClazzCreator.java:366)
	at org.jvnet.hk2.internal.SystemDescriptor.create(SystemDescriptor.java:487)
	at org.jvnet.hk2.internal.SingletonContext$1.compute(SingletonContext.java:83)
	at org.jvnet.hk2.internal.SingletonContext$1.compute(SingletonContext.java:71)
	at org.glassfish.hk2.utilities.cache.Cache$OriginThreadAwareFuture$1.call(Cache.java:97)
	at java.base/java.util.concurrent.FutureTask.run(FutureTask.java:264)
	at org.glassfish.hk2.utilities.cache.Cache$OriginThreadAwareFuture.run(Cache.java:154)
	at org.glassfish.hk2.utilities.cache.Cache.compute(Cache.java:199)
	at org.jvnet.hk2.internal.SingletonContext.findOrCreate(SingletonContext.java:122)
	at org.jvnet.hk2.internal.Utilities.createService(Utilities.java:2022)
	at org.jvnet.hk2.internal.ServiceLocatorImpl.internalGetService(ServiceLocatorImpl.java:774)
	at org.jvnet.hk2.internal.ServiceLocatorImpl.internalGetService(ServiceLocatorImpl.java:737)
	at org.jvnet.hk2.internal.ServiceLocatorImpl.getService(ServiceLocatorImpl.java:707)
	at org.glassfish.jersey.server.model.ComponentModelValidator.&lt;init&gt;(ComponentModelValidator.java:97)
	at org.glassfish.jersey.server.ApplicationHandler.initialize(ApplicationHandler.java:549)
	at org.glassfish.jersey.server.ApplicationHandler.access$500(ApplicationHandler.java:184)
	at org.glassfish.jersey.server.ApplicationHandler$3.call(ApplicationHandler.java:350)
	at org.glassfish.jersey.server.ApplicationHandler$3.call(ApplicationHandler.java:347)
	at org.glassfish.jersey.internal.Errors.process(Errors.java:315)
	at org.glassfish.jersey.internal.Errors.process(Errors.java:297)
	at org.glassfish.jersey.internal.Errors.processWithException(Errors.java:255)
	at org.glassfish.jersey.server.ApplicationHandler.&lt;init&gt;(ApplicationHandler.java:347)
	at org.glassfish.jersey.server.ApplicationHandler.&lt;init&gt;(ApplicationHandler.java:311)
	at org.glassfish.jersey.grizzly2.httpserver.GrizzlyHttpContainer.&lt;init&gt;(GrizzlyHttpContainer.java:337)
	at org.glassfish.jersey.grizzly2.httpserver.GrizzlyHttpServerFactory.createHttpServer(GrizzlyHttpServerFactory.java:119)
	at com.example.Main.startServer(Main.java:30)
	at com.example.MyResourceTest.setUp(MyResourceTest.java:22)
	at java.base/jdk.internal.reflect.NativeMethodAccessorImpl.invoke0(Native Method)
	at java.base/jdk.internal.reflect.NativeMethodAccessorImpl.invoke(NativeMethodAccessorImpl.java:62)
	at java.base/jdk.internal.reflect.DelegatingMethodAccessorImpl.invoke(DelegatingMethodAccessorImpl.java:43)
	at java.base/java.lang.reflect.Method.invoke(Method.java:564)
	at org.junit.runners.model.FrameworkMethod$1.runReflectiveCall(FrameworkMethod.java:44)
	at org.junit.internal.runners.model.ReflectiveCallable.run(ReflectiveCallable.java:15)
	at org.junit.runners.model.FrameworkMethod.invokeExplosively(FrameworkMethod.java:41)
	at org.junit.internal.runners.statements.RunBefores.evaluate(RunBefores.java:27)
	at org.junit.internal.runners.statements.RunAfters.evaluate(RunAfters.java:31)
	at org.junit.runners.ParentRunner.runLeaf(ParentRunner.java:263)
	at org.junit.runners.BlockJUnit4ClassRunner.runChild(BlockJUnit4ClassRunner.java:69)
	at org.junit.runners.BlockJUnit4ClassRunner.runChild(BlockJUnit4ClassRunner.java:48)
	at org.junit.runners.ParentRunner$3.run(ParentRunner.java:231)
	at org.junit.runners.ParentRunner$1.schedule(ParentRunner.java:60)
	at org.junit.runners.ParentRunner.runChildren(ParentRunner.java:229)
	at org.junit.runners.ParentRunner.access$000(ParentRunner.java:50)
	at org.junit.runners.ParentRunner$2.evaluate(ParentRunner.java:222)
	at org.junit.runners.ParentRunner.run(ParentRunner.java:292)
	at org.apache.maven.surefire.junit4.JUnit4Provider.execute(JUnit4Provider.java:252)
	at org.apache.maven.surefire.junit4.JUnit4Provider.executeTestSet(JUnit4Provider.java:141)
	at org.apache.maven.surefire.junit4.JUnit4Provider.invoke(JUnit4Provider.java:112)
	at java.base/jdk.internal.reflect.NativeMethodAccessorImpl.invoke0(Native Method)
	at java.base/jdk.internal.reflect.NativeMethodAccessorImpl.invoke(NativeMethodAccessorImpl.java:62)
	at java.base/jdk.internal.reflect.DelegatingMethodAccessorImpl.invoke(DelegatingMethodAccessorImpl.java:43)
	at java.base/java.lang.reflect.Method.invoke(Method.java:564)
	at org.apache.maven.surefire.util.ReflectionUtils.invokeMethodWithArray(ReflectionUtils.java:189)
	at org.apache.maven.surefire.booter.ProviderFactory$ProviderProxy.invoke(ProviderFactory.java:165)
	at org.apache.maven.surefire.booter.ProviderFactory.invokeProvider(ProviderFactory.java:85)
	at org.apache.maven.surefire.booter.ForkedBooter.runSuitesInProcess(ForkedBooter.java:115)
	at org.apache.maven.surefire.booter.ForkedBooter.main(ForkedBooter.java:75)
Caused by: java.lang.ClassNotFoundException: javax.xml.bind.PropertyException
	at java.base/jdk.internal.loader.BuiltinClassLoader.loadClass(BuiltinClassLoader.java:582)
	at java.base/jdk.internal.loader.ClassLoaders$AppClassLoader.loadClass(ClassLoaders.java:190)
	at java.base/java.lang.ClassLoader.loadClass(ClassLoader.java:499)
	... 90 more
MultiException stack 2 of 2
java.lang.IllegalArgumentException: Errors were discovered while reifying SystemDescriptor(
	implementation=org.glassfish.jersey.jaxb.internal.XmlCollectionJaxbProvider$General
	contracts={javax.ws.rs.ext.MessageBodyWriter,javax.ws.rs.ext.MessageBodyReader}
	scope=javax.inject.Singleton
	qualifiers={}
	descriptorType=CLASS
	descriptorVisibility=NORMAL
	metadata=
	rank=0
	loader=org.glassfish.hk2.utilities.binding.AbstractBinder$2@16fdec90
	proxiable=null
	proxyForSameScope=null
	analysisName=null
	id=106
	locatorId=0
	identityHashCode=1077873186
	reified=false)
	at org.jvnet.hk2.internal.SystemDescriptor.reify(SystemDescriptor.java:705)
	at org.jvnet.hk2.internal.ServiceLocatorImpl.reifyDescriptor(ServiceLocatorImpl.java:461)
	at org.jvnet.hk2.internal.ServiceLocatorImpl.narrow(ServiceLocatorImpl.java:2288)
	at org.jvnet.hk2.internal.ServiceLocatorImpl.access$1200(ServiceLocatorImpl.java:125)
	at org.jvnet.hk2.internal.ServiceLocatorImpl$9.compute(ServiceLocatorImpl.java:1373)
	at org.jvnet.hk2.internal.ServiceLocatorImpl$9.compute(ServiceLocatorImpl.java:1368)
	at org.glassfish.hk2.utilities.cache.internal.WeakCARCacheImpl.compute(WeakCARCacheImpl.java:116)
	at org.jvnet.hk2.internal.ServiceLocatorImpl.internalGetAllServiceHandles(ServiceLocatorImpl.java:1430)
	at org.jvnet.hk2.internal.ServiceLocatorImpl.getAllServiceHandles(ServiceLocatorImpl.java:1355)
	at org.jvnet.hk2.internal.ServiceLocatorImpl.getAllServiceHandles(ServiceLocatorImpl.java:1344)
	at org.glassfish.jersey.internal.inject.Providers.getServiceHandles(Providers.java:354)
	at org.glassfish.jersey.internal.inject.Providers.getCustomProviders(Providers.java:201)
	at org.glassfish.jersey.message.internal.MessageBodyFactory.&lt;init&gt;(MessageBodyFactory.java:221)
	at java.base/jdk.internal.reflect.NativeConstructorAccessorImpl.newInstance0(Native Method)
	at java.base/jdk.internal.reflect.NativeConstructorAccessorImpl.newInstance(NativeConstructorAccessorImpl.java:62)
	at java.base/jdk.internal.reflect.DelegatingConstructorAccessorImpl.newInstance(DelegatingConstructorAccessorImpl.java:45)
	at java.base/java.lang.reflect.Constructor.newInstance(Constructor.java:488)
	at org.glassfish.hk2.utilities.reflection.ReflectionHelper.makeMe(ReflectionHelper.java:1375)
	at org.jvnet.hk2.internal.ClazzCreator.createMe(ClazzCreator.java:272)
	at org.jvnet.hk2.internal.ClazzCreator.create(ClazzCreator.java:366)
	at org.jvnet.hk2.internal.SystemDescriptor.create(SystemDescriptor.java:487)
	at org.jvnet.hk2.internal.SingletonContext$1.compute(SingletonContext.java:83)
	at org.jvnet.hk2.internal.SingletonContext$1.compute(SingletonContext.java:71)
	at org.glassfish.hk2.utilities.cache.Cache$OriginThreadAwareFuture$1.call(Cache.java:97)
	at java.base/java.util.concurrent.FutureTask.run(FutureTask.java:264)
	at org.glassfish.hk2.utilities.cache.Cache$OriginThreadAwareFuture.run(Cache.java:154)
	at org.glassfish.hk2.utilities.cache.Cache.compute(Cache.java:199)
	at org.jvnet.hk2.internal.SingletonContext.findOrCreate(SingletonContext.java:122)
	at org.jvnet.hk2.internal.Utilities.createService(Utilities.java:2022)
	at org.jvnet.hk2.internal.ServiceLocatorImpl.internalGetService(ServiceLocatorImpl.java:774)
	at org.jvnet.hk2.internal.ServiceLocatorImpl.internalGetService(ServiceLocatorImpl.java:737)
	at org.jvnet.hk2.internal.ServiceLocatorImpl.getService(ServiceLocatorImpl.java:707)
	at org.glassfish.jersey.server.model.ComponentModelValidator.&lt;init&gt;(ComponentModelValidator.java:97)
	at org.glassfish.jersey.server.ApplicationHandler.initialize(ApplicationHandler.java:549)
	at org.glassfish.jersey.server.ApplicationHandler.access$500(ApplicationHandler.java:184)
	at org.glassfish.jersey.server.ApplicationHandler$3.call(ApplicationHandler.java:350)
	at org.glassfish.jersey.server.ApplicationHandler$3.call(ApplicationHandler.java:347)
	at org.glassfish.jersey.internal.Errors.process(Errors.java:315)
	at org.glassfish.jersey.internal.Errors.process(Errors.java:297)
	at org.glassfish.jersey.internal.Errors.processWithException(Errors.java:255)
	at org.glassfish.jersey.server.ApplicationHandler.&lt;init&gt;(ApplicationHandler.java:347)
	at org.glassfish.jersey.server.ApplicationHandler.&lt;init&gt;(ApplicationHandler.java:311)
	at org.glassfish.jersey.grizzly2.httpserver.GrizzlyHttpContainer.&lt;init&gt;(GrizzlyHttpContainer.java:337)
	at org.glassfish.jersey.grizzly2.httpserver.GrizzlyHttpServerFactory.createHttpServer(GrizzlyHttpServerFactory.java:119)
	at com.example.Main.startServer(Main.java:30)
	at com.example.MyResourceTest.setUp(MyResourceTest.java:22)
	at java.base/jdk.internal.reflect.NativeMethodAccessorImpl.invoke0(Native Method)
	at java.base/jdk.internal.reflect.NativeMethodAccessorImpl.invoke(NativeMethodAccessorImpl.java:62)
	at java.base/jdk.internal.reflect.DelegatingMethodAccessorImpl.invoke(DelegatingMethodAccessorImpl.java:43)
	at java.base/java.lang.reflect.Method.invoke(Method.java:564)
	at org.junit.runners.model.FrameworkMethod$1.runReflectiveCall(FrameworkMethod.java:44)
	at org.junit.internal.runners.model.ReflectiveCallable.run(ReflectiveCallable.java:15)
	at org.junit.runners.model.FrameworkMethod.invokeExplosively(FrameworkMethod.java:41)
	at org.junit.internal.runners.statements.RunBefores.evaluate(RunBefores.java:27)
	at org.junit.internal.runners.statements.RunAfters.evaluate(RunAfters.java:31)
	at org.junit.runners.ParentRunner.runLeaf(ParentRunner.java:263)
	at org.junit.runners.BlockJUnit4ClassRunner.runChild(BlockJUnit4ClassRunner.java:69)
	at org.junit.runners.BlockJUnit4ClassRunner.runChild(BlockJUnit4ClassRunner.java:48)
	at org.junit.runners.ParentRunner$3.run(ParentRunner.java:231)
	at org.junit.runners.ParentRunner$1.schedule(ParentRunner.java:60)
	at org.junit.runners.ParentRunner.runChildren(ParentRunner.java:229)
	at org.junit.runners.ParentRunner.access$000(ParentRunner.java:50)
	at org.junit.runners.ParentRunner$2.evaluate(ParentRunner.java:222)
	at org.junit.runners.ParentRunner.run(ParentRunner.java:292)
	at org.apache.maven.surefire.junit4.JUnit4Provider.execute(JUnit4Provider.java:252)
	at org.apache.maven.surefire.junit4.JUnit4Provider.executeTestSet(JUnit4Provider.java:141)
	at org.apache.maven.surefire.junit4.JUnit4Provider.invoke(JUnit4Provider.java:112)
	at java.base/jdk.internal.reflect.NativeMethodAccessorImpl.invoke0(Native Method)
	at java.base/jdk.internal.reflect.NativeMethodAccessorImpl.invoke(NativeMethodAccessorImpl.java:62)
	at java.base/jdk.internal.reflect.DelegatingMethodAccessorImpl.invoke(DelegatingMethodAccessorImpl.java:43)
	at java.base/java.lang.reflect.Method.invoke(Method.java:564)
	at org.apache.maven.surefire.util.ReflectionUtils.invokeMethodWithArray(ReflectionUtils.java:189)
	at org.apache.maven.surefire.booter.ProviderFactory$ProviderProxy.invoke(ProviderFactory.java:165)
	at org.apache.maven.surefire.booter.ProviderFactory.invokeProvider(ProviderFactory.java:85)
	at org.apache.maven.surefire.booter.ForkedBooter.runSuitesInProcess(ForkedBooter.java:115)
	at org.apache.maven.surefire.booter.ForkedBooter.main(ForkedBooter.java:75)

WARNING: HK2 service reification failed for [org.glassfish.jersey.jaxb.internal.XmlRootElementJaxbProvider$App] with an exception:
MultiException stack 1 of 2
java.lang.NoClassDefFoundError: javax/xml/bind/PropertyException
	at java.base/java.lang.Class.getDeclaredConstructors0(Native Method)
	at java.base/java.lang.Class.privateGetDeclaredConstructors(Class.java:3090)
	at java.base/java.lang.Class.getDeclaredConstructors(Class.java:2316)
	at org.jvnet.hk2.internal.Utilities$3.run(Utilities.java:1308)
	at org.jvnet.hk2.internal.Utilities$3.run(Utilities.java:1304)
	at java.base/java.security.AccessController.doPrivileged(Native Method)
	at org.jvnet.hk2.internal.Utilities.getAllConstructors(Utilities.java:1304)
	at org.jvnet.hk2.internal.Utilities.findProducerConstructor(Utilities.java:1247)
	at org.jvnet.hk2.internal.DefaultClassAnalyzer.getConstructor(DefaultClassAnalyzer.java:83)
	at org.glassfish.jersey.internal.inject.JerseyClassAnalyzer.getConstructor(JerseyClassAnalyzer.java:144)
	at org.jvnet.hk2.internal.Utilities.getConstructor(Utilities.java:178)
	at org.jvnet.hk2.internal.ClazzCreator.initialize(ClazzCreator.java:129)
	at org.jvnet.hk2.internal.ClazzCreator.initialize(ClazzCreator.java:180)
	at org.jvnet.hk2.internal.SystemDescriptor.internalReify(SystemDescriptor.java:740)
	at org.jvnet.hk2.internal.SystemDescriptor.reify(SystemDescriptor.java:694)
	at org.jvnet.hk2.internal.ServiceLocatorImpl.reifyDescriptor(ServiceLocatorImpl.java:461)
	at org.jvnet.hk2.internal.ServiceLocatorImpl.narrow(ServiceLocatorImpl.java:2288)
	at org.jvnet.hk2.internal.ServiceLocatorImpl.access$1200(ServiceLocatorImpl.java:125)
	at org.jvnet.hk2.internal.ServiceLocatorImpl$9.compute(ServiceLocatorImpl.java:1373)
	at org.jvnet.hk2.internal.ServiceLocatorImpl$9.compute(ServiceLocatorImpl.java:1368)
	at org.glassfish.hk2.utilities.cache.internal.WeakCARCacheImpl.compute(WeakCARCacheImpl.java:116)
	at org.jvnet.hk2.internal.ServiceLocatorImpl.internalGetAllServiceHandles(ServiceLocatorImpl.java:1430)
	at org.jvnet.hk2.internal.ServiceLocatorImpl.getAllServiceHandles(ServiceLocatorImpl.java:1355)
	at org.jvnet.hk2.internal.ServiceLocatorImpl.getAllServiceHandles(ServiceLocatorImpl.java:1344)
	at org.glassfish.jersey.internal.inject.Providers.getServiceHandles(Providers.java:354)
	at org.glassfish.jersey.internal.inject.Providers.getCustomProviders(Providers.java:201)
	at org.glassfish.jersey.message.internal.MessageBodyFactory.&lt;init&gt;(MessageBodyFactory.java:221)
	at java.base/jdk.internal.reflect.NativeConstructorAccessorImpl.newInstance0(Native Method)
	at java.base/jdk.internal.reflect.NativeConstructorAccessorImpl.newInstance(NativeConstructorAccessorImpl.java:62)
	at java.base/jdk.internal.reflect.DelegatingConstructorAccessorImpl.newInstance(DelegatingConstructorAccessorImpl.java:45)
	at java.base/java.lang.reflect.Constructor.newInstance(Constructor.java:488)
	at org.glassfish.hk2.utilities.reflection.ReflectionHelper.makeMe(ReflectionHelper.java:1375)
	at org.jvnet.hk2.internal.ClazzCreator.createMe(ClazzCreator.java:272)
	at org.jvnet.hk2.internal.ClazzCreator.create(ClazzCreator.java:366)
	at org.jvnet.hk2.internal.SystemDescriptor.create(SystemDescriptor.java:487)
	at org.jvnet.hk2.internal.SingletonContext$1.compute(SingletonContext.java:83)
	at org.jvnet.hk2.internal.SingletonContext$1.compute(SingletonContext.java:71)
	at org.glassfish.hk2.utilities.cache.Cache$OriginThreadAwareFuture$1.call(Cache.java:97)
	at java.base/java.util.concurrent.FutureTask.run(FutureTask.java:264)
	at org.glassfish.hk2.utilities.cache.Cache$OriginThreadAwareFuture.run(Cache.java:154)
	at org.glassfish.hk2.utilities.cache.Cache.compute(Cache.java:199)
	at org.jvnet.hk2.internal.SingletonContext.findOrCreate(SingletonContext.java:122)
	at org.jvnet.hk2.internal.Utilities.createService(Utilities.java:2022)
	at org.jvnet.hk2.internal.ServiceLocatorImpl.internalGetService(ServiceLocatorImpl.java:774)
	at org.jvnet.hk2.internal.ServiceLocatorImpl.internalGetService(ServiceLocatorImpl.java:737)
	at org.jvnet.hk2.internal.ServiceLocatorImpl.getService(ServiceLocatorImpl.java:707)
	at org.glassfish.jersey.server.model.ComponentModelValidator.&lt;init&gt;(ComponentModelValidator.java:97)
	at org.glassfish.jersey.server.ApplicationHandler.initialize(ApplicationHandler.java:549)
	at org.glassfish.jersey.server.ApplicationHandler.access$500(ApplicationHandler.java:184)
	at org.glassfish.jersey.server.ApplicationHandler$3.call(ApplicationHandler.java:350)
	at org.glassfish.jersey.server.ApplicationHandler$3.call(ApplicationHandler.java:347)
	at org.glassfish.jersey.internal.Errors.process(Errors.java:315)
	at org.glassfish.jersey.internal.Errors.process(Errors.java:297)
	at org.glassfish.jersey.internal.Errors.processWithException(Errors.java:255)
	at org.glassfish.jersey.server.ApplicationHandler.&lt;init&gt;(ApplicationHandler.java:347)
	at org.glassfish.jersey.server.ApplicationHandler.&lt;init&gt;(ApplicationHandler.java:311)
	at org.glassfish.jersey.grizzly2.httpserver.GrizzlyHttpContainer.&lt;init&gt;(GrizzlyHttpContainer.java:337)
	at org.glassfish.jersey.grizzly2.httpserver.GrizzlyHttpServerFactory.createHttpServer(GrizzlyHttpServerFactory.java:119)
	at com.example.Main.startServer(Main.java:30)
	at com.example.MyResourceTest.setUp(MyResourceTest.java:22)
	at java.base/jdk.internal.reflect.NativeMethodAccessorImpl.invoke0(Native Method)
	at java.base/jdk.internal.reflect.NativeMethodAccessorImpl.invoke(NativeMethodAccessorImpl.java:62)
	at java.base/jdk.internal.reflect.DelegatingMethodAccessorImpl.invoke(DelegatingMethodAccessorImpl.java:43)
	at java.base/java.lang.reflect.Method.invoke(Method.java:564)
	at org.junit.runners.model.FrameworkMethod$1.runReflectiveCall(FrameworkMethod.java:44)
	at org.junit.internal.runners.model.ReflectiveCallable.run(ReflectiveCallable.java:15)
	at org.junit.runners.model.FrameworkMethod.invokeExplosively(FrameworkMethod.java:41)
	at org.junit.internal.runners.statements.RunBefores.evaluate(RunBefores.java:27)
	at org.junit.internal.runners.statements.RunAfters.evaluate(RunAfters.java:31)
	at org.junit.runners.ParentRunner.runLeaf(ParentRunner.java:263)
	at org.junit.runners.BlockJUnit4ClassRunner.runChild(BlockJUnit4ClassRunner.java:69)
	at org.junit.runners.BlockJUnit4ClassRunner.runChild(BlockJUnit4ClassRunner.java:48)
	at org.junit.runners.ParentRunner$3.run(ParentRunner.java:231)
	at org.junit.runners.ParentRunner$1.schedule(ParentRunner.java:60)
	at org.junit.runners.ParentRunner.runChildren(ParentRunner.java:229)
	at org.junit.runners.ParentRunner.access$000(ParentRunner.java:50)
	at org.junit.runners.ParentRunner$2.evaluate(ParentRunner.java:222)
	at org.junit.runners.ParentRunner.run(ParentRunner.java:292)
	at org.apache.maven.surefire.junit4.JUnit4Provider.execute(JUnit4Provider.java:252)
	at org.apache.maven.surefire.junit4.JUnit4Provider.executeTestSet(JUnit4Provider.java:141)
	at org.apache.maven.surefire.junit4.JUnit4Provider.invoke(JUnit4Provider.java:112)
	at java.base/jdk.internal.reflect.NativeMethodAccessorImpl.invoke0(Native Method)
	at java.base/jdk.internal.reflect.NativeMethodAccessorImpl.invoke(NativeMethodAccessorImpl.java:62)
	at java.base/jdk.internal.reflect.DelegatingMethodAccessorImpl.invoke(DelegatingMethodAccessorImpl.java:43)
	at java.base/java.lang.reflect.Method.invoke(Method.java:564)
	at org.apache.maven.surefire.util.ReflectionUtils.invokeMethodWithArray(ReflectionUtils.java:189)
	at org.apache.maven.surefire.booter.ProviderFactory$ProviderProxy.invoke(ProviderFactory.java:165)
	at org.apache.maven.surefire.booter.ProviderFactory.invokeProvider(ProviderFactory.java:85)
	at org.apache.maven.surefire.booter.ForkedBooter.runSuitesInProcess(ForkedBooter.java:115)
	at org.apache.maven.surefire.booter.ForkedBooter.main(ForkedBooter.java:75)
Caused by: java.lang.ClassNotFoundException: javax.xml.bind.PropertyException
	at java.base/jdk.internal.loader.BuiltinClassLoader.loadClass(BuiltinClassLoader.java:582)
	at java.base/jdk.internal.loader.ClassLoaders$AppClassLoader.loadClass(ClassLoaders.java:190)
	at java.base/java.lang.ClassLoader.loadClass(ClassLoader.java:499)
	... 90 more
MultiException stack 2 of 2
java.lang.IllegalArgumentException: Errors were discovered while reifying SystemDescriptor(
	implementation=org.glassfish.jersey.jaxb.internal.XmlRootElementJaxbProvider$App
	contracts={javax.ws.rs.ext.MessageBodyWriter,javax.ws.rs.ext.MessageBodyReader}
	scope=javax.inject.Singleton
	qualifiers={}
	descriptorType=CLASS
	descriptorVisibility=NORMAL
	metadata=
	rank=0
	loader=org.glassfish.hk2.utilities.binding.AbstractBinder$2@16fdec90
	proxiable=null
	proxyForSameScope=null
	analysisName=null
	id=107
	locatorId=0
	identityHashCode=1771421544
	reified=false)
	at org.jvnet.hk2.internal.SystemDescriptor.reify(SystemDescriptor.java:705)
	at org.jvnet.hk2.internal.ServiceLocatorImpl.reifyDescriptor(ServiceLocatorImpl.java:461)
	at org.jvnet.hk2.internal.ServiceLocatorImpl.narrow(ServiceLocatorImpl.java:2288)
	at org.jvnet.hk2.internal.ServiceLocatorImpl.access$1200(ServiceLocatorImpl.java:125)
	at org.jvnet.hk2.internal.ServiceLocatorImpl$9.compute(ServiceLocatorImpl.java:1373)
	at org.jvnet.hk2.internal.ServiceLocatorImpl$9.compute(ServiceLocatorImpl.java:1368)
	at org.glassfish.hk2.utilities.cache.internal.WeakCARCacheImpl.compute(WeakCARCacheImpl.java:116)
	at org.jvnet.hk2.internal.ServiceLocatorImpl.internalGetAllServiceHandles(ServiceLocatorImpl.java:1430)
	at org.jvnet.hk2.internal.ServiceLocatorImpl.getAllServiceHandles(ServiceLocatorImpl.java:1355)
	at org.jvnet.hk2.internal.ServiceLocatorImpl.getAllServiceHandles(ServiceLocatorImpl.java:1344)
	at org.glassfish.jersey.internal.inject.Providers.getServiceHandles(Providers.java:354)
	at org.glassfish.jersey.internal.inject.Providers.getCustomProviders(Providers.java:201)
	at org.glassfish.jersey.message.internal.MessageBodyFactory.&lt;init&gt;(MessageBodyFactory.java:221)
	at java.base/jdk.internal.reflect.NativeConstructorAccessorImpl.newInstance0(Native Method)
	at java.base/jdk.internal.reflect.NativeConstructorAccessorImpl.newInstance(NativeConstructorAccessorImpl.java:62)
	at java.base/jdk.internal.reflect.DelegatingConstructorAccessorImpl.newInstance(DelegatingConstructorAccessorImpl.java:45)
	at java.base/java.lang.reflect.Constructor.newInstance(Constructor.java:488)
	at org.glassfish.hk2.utilities.reflection.ReflectionHelper.makeMe(ReflectionHelper.java:1375)
	at org.jvnet.hk2.internal.ClazzCreator.createMe(ClazzCreator.java:272)
	at org.jvnet.hk2.internal.ClazzCreator.create(ClazzCreator.java:366)
	at org.jvnet.hk2.internal.SystemDescriptor.create(SystemDescriptor.java:487)
	at org.jvnet.hk2.internal.SingletonContext$1.compute(SingletonContext.java:83)
	at org.jvnet.hk2.internal.SingletonContext$1.compute(SingletonContext.java:71)
	at org.glassfish.hk2.utilities.cache.Cache$OriginThreadAwareFuture$1.call(Cache.java:97)
	at java.base/java.util.concurrent.FutureTask.run(FutureTask.java:264)
	at org.glassfish.hk2.utilities.cache.Cache$OriginThreadAwareFuture.run(Cache.java:154)
	at org.glassfish.hk2.utilities.cache.Cache.compute(Cache.java:199)
	at org.jvnet.hk2.internal.SingletonContext.findOrCreate(SingletonContext.java:122)
	at org.jvnet.hk2.internal.Utilities.createService(Utilities.java:2022)
	at org.jvnet.hk2.internal.ServiceLocatorImpl.internalGetService(ServiceLocatorImpl.java:774)
	at org.jvnet.hk2.internal.ServiceLocatorImpl.internalGetService(ServiceLocatorImpl.java:737)
	at org.jvnet.hk2.internal.ServiceLocatorImpl.getService(ServiceLocatorImpl.java:707)
	at org.glassfish.jersey.server.model.ComponentModelValidator.&lt;init&gt;(ComponentModelValidator.java:97)
	at org.glassfish.jersey.server.ApplicationHandler.initialize(ApplicationHandler.java:549)
	at org.glassfish.jersey.server.ApplicationHandler.access$500(ApplicationHandler.java:184)
	at org.glassfish.jersey.server.ApplicationHandler$3.call(ApplicationHandler.java:350)
	at org.glassfish.jersey.server.ApplicationHandler$3.call(ApplicationHandler.java:347)
	at org.glassfish.jersey.internal.Errors.process(Errors.java:315)
	at org.glassfish.jersey.internal.Errors.process(Errors.java:297)
	at org.glassfish.jersey.internal.Errors.processWithException(Errors.java:255)
	at org.glassfish.jersey.server.ApplicationHandler.&lt;init&gt;(ApplicationHandler.java:347)
	at org.glassfish.jersey.server.ApplicationHandler.&lt;init&gt;(ApplicationHandler.java:311)
	at org.glassfish.jersey.grizzly2.httpserver.GrizzlyHttpContainer.&lt;init&gt;(GrizzlyHttpContainer.java:337)
	at org.glassfish.jersey.grizzly2.httpserver.GrizzlyHttpServerFactory.createHttpServer(GrizzlyHttpServerFactory.java:119)
	at com.example.Main.startServer(Main.java:30)
	at com.example.MyResourceTest.setUp(MyResourceTest.java:22)
	at java.base/jdk.internal.reflect.NativeMethodAccessorImpl.invoke0(Native Method)
	at java.base/jdk.internal.reflect.NativeMethodAccessorImpl.invoke(NativeMethodAccessorImpl.java:62)
	at java.base/jdk.internal.reflect.DelegatingMethodAccessorImpl.invoke(DelegatingMethodAccessorImpl.java:43)
	at java.base/java.lang.reflect.Method.invoke(Method.java:564)
	at org.junit.runners.model.FrameworkMethod$1.runReflectiveCall(FrameworkMethod.java:44)
	at org.junit.internal.runners.model.ReflectiveCallable.run(ReflectiveCallable.java:15)
	at org.junit.runners.model.FrameworkMethod.invokeExplosively(FrameworkMethod.java:41)
	at org.junit.internal.runners.statements.RunBefores.evaluate(RunBefores.java:27)
	at org.junit.internal.runners.statements.RunAfters.evaluate(RunAfters.java:31)
	at org.junit.runners.ParentRunner.runLeaf(ParentRunner.java:263)
	at org.junit.runners.BlockJUnit4ClassRunner.runChild(BlockJUnit4ClassRunner.java:69)
	at org.junit.runners.BlockJUnit4ClassRunner.runChild(BlockJUnit4ClassRunner.java:48)
	at org.junit.runners.ParentRunner$3.run(ParentRunner.java:231)
	at org.junit.runners.ParentRunner$1.schedule(ParentRunner.java:60)
	at org.junit.runners.ParentRunner.runChildren(ParentRunner.java:229)
	at org.junit.runners.ParentRunner.access$000(ParentRunner.java:50)
	at org.junit.runners.ParentRunner$2.evaluate(ParentRunner.java:222)
	at org.junit.runners.ParentRunner.run(ParentRunner.java:292)
	at org.apache.maven.surefire.junit4.JUnit4Provider.execute(JUnit4Provider.java:252)
	at org.apache.maven.surefire.junit4.JUnit4Provider.executeTestSet(JUnit4Provider.java:141)
	at org.apache.maven.surefire.junit4.JUnit4Provider.invoke(JUnit4Provider.java:112)
	at java.base/jdk.internal.reflect.NativeMethodAccessorImpl.invoke0(Native Method)
	at java.base/jdk.internal.reflect.NativeMethodAccessorImpl.invoke(NativeMethodAccessorImpl.java:62)
	at java.base/jdk.internal.reflect.DelegatingMethodAccessorImpl.invoke(DelegatingMethodAccessorImpl.java:43)
	at java.base/java.lang.reflect.Method.invoke(Method.java:564)
	at org.apache.maven.surefire.util.ReflectionUtils.invokeMethodWithArray(ReflectionUtils.java:189)
	at org.apache.maven.surefire.booter.ProviderFactory$ProviderProxy.invoke(ProviderFactory.java:165)
	at org.apache.maven.surefire.booter.ProviderFactory.invokeProvider(ProviderFactory.java:85)
	at org.apache.maven.surefire.booter.ForkedBooter.runSuitesInProcess(ForkedBooter.java:115)
	at org.apache.maven.surefire.booter.ForkedBooter.main(ForkedBooter.java:75)

WARNING: HK2 service reification failed for [org.glassfish.jersey.jaxb.internal.XmlRootElementJaxbProvider$Text] with an exception:
MultiException stack 1 of 2
java.lang.NoClassDefFoundError: javax/xml/bind/PropertyException
	at java.base/java.lang.Class.getDeclaredConstructors0(Native Method)
	at java.base/java.lang.Class.privateGetDeclaredConstructors(Class.java:3090)
	at java.base/java.lang.Class.getDeclaredConstructors(Class.java:2316)
	at org.jvnet.hk2.internal.Utilities$3.run(Utilities.java:1308)
	at org.jvnet.hk2.internal.Utilities$3.run(Utilities.java:1304)
	at java.base/java.security.AccessController.doPrivileged(Native Method)
	at org.jvnet.hk2.internal.Utilities.getAllConstructors(Utilities.java:1304)
	at org.jvnet.hk2.internal.Utilities.findProducerConstructor(Utilities.java:1247)
	at org.jvnet.hk2.internal.DefaultClassAnalyzer.getConstructor(DefaultClassAnalyzer.java:83)
	at org.glassfish.jersey.internal.inject.JerseyClassAnalyzer.getConstructor(JerseyClassAnalyzer.java:144)
	at org.jvnet.hk2.internal.Utilities.getConstructor(Utilities.java:178)
	at org.jvnet.hk2.internal.ClazzCreator.initialize(ClazzCreator.java:129)
	at org.jvnet.hk2.internal.ClazzCreator.initialize(ClazzCreator.java:180)
	at org.jvnet.hk2.internal.SystemDescriptor.internalReify(SystemDescriptor.java:740)
	at org.jvnet.hk2.internal.SystemDescriptor.reify(SystemDescriptor.java:694)
	at org.jvnet.hk2.internal.ServiceLocatorImpl.reifyDescriptor(ServiceLocatorImpl.java:461)
	at org.jvnet.hk2.internal.ServiceLocatorImpl.narrow(ServiceLocatorImpl.java:2288)
	at org.jvnet.hk2.internal.ServiceLocatorImpl.access$1200(ServiceLocatorImpl.java:125)
	at org.jvnet.hk2.internal.ServiceLocatorImpl$9.compute(ServiceLocatorImpl.java:1373)
	at org.jvnet.hk2.internal.ServiceLocatorImpl$9.compute(ServiceLocatorImpl.java:1368)
	at org.glassfish.hk2.utilities.cache.internal.WeakCARCacheImpl.compute(WeakCARCacheImpl.java:116)
	at org.jvnet.hk2.internal.ServiceLocatorImpl.internalGetAllServiceHandles(ServiceLocatorImpl.java:1430)
	at org.jvnet.hk2.internal.ServiceLocatorImpl.getAllServiceHandles(ServiceLocatorImpl.java:1355)
	at org.jvnet.hk2.internal.ServiceLocatorImpl.getAllServiceHandles(ServiceLocatorImpl.java:1344)
	at org.glassfish.jersey.internal.inject.Providers.getServiceHandles(Providers.java:354)
	at org.glassfish.jersey.internal.inject.Providers.getCustomProviders(Providers.java:201)
	at org.glassfish.jersey.message.internal.MessageBodyFactory.&lt;init&gt;(MessageBodyFactory.java:221)
	at java.base/jdk.internal.reflect.NativeConstructorAccessorImpl.newInstance0(Native Method)
	at java.base/jdk.internal.reflect.NativeConstructorAccessorImpl.newInstance(NativeConstructorAccessorImpl.java:62)
	at java.base/jdk.internal.reflect.DelegatingConstructorAccessorImpl.newInstance(DelegatingConstructorAccessorImpl.java:45)
	at java.base/java.lang.reflect.Constructor.newInstance(Constructor.java:488)
	at org.glassfish.hk2.utilities.reflection.ReflectionHelper.makeMe(ReflectionHelper.java:1375)
	at org.jvnet.hk2.internal.ClazzCreator.createMe(ClazzCreator.java:272)
	at org.jvnet.hk2.internal.ClazzCreator.create(ClazzCreator.java:366)
	at org.jvnet.hk2.internal.SystemDescriptor.create(SystemDescriptor.java:487)
	at org.jvnet.hk2.internal.SingletonContext$1.compute(SingletonContext.java:83)
	at org.jvnet.hk2.internal.SingletonContext$1.compute(SingletonContext.java:71)
	at org.glassfish.hk2.utilities.cache.Cache$OriginThreadAwareFuture$1.call(Cache.java:97)
	at java.base/java.util.concurrent.FutureTask.run(FutureTask.java:264)
	at org.glassfish.hk2.utilities.cache.Cache$OriginThreadAwareFuture.run(Cache.java:154)
	at org.glassfish.hk2.utilities.cache.Cache.compute(Cache.java:199)
	at org.jvnet.hk2.internal.SingletonContext.findOrCreate(SingletonContext.java:122)
	at org.jvnet.hk2.internal.Utilities.createService(Utilities.java:2022)
	at org.jvnet.hk2.internal.ServiceLocatorImpl.internalGetService(ServiceLocatorImpl.java:774)
	at org.jvnet.hk2.internal.ServiceLocatorImpl.internalGetService(ServiceLocatorImpl.java:737)
	at org.jvnet.hk2.internal.ServiceLocatorImpl.getService(ServiceLocatorImpl.java:707)
	at org.glassfish.jersey.server.model.ComponentModelValidator.&lt;init&gt;(ComponentModelValidator.java:97)
	at org.glassfish.jersey.server.ApplicationHandler.initialize(ApplicationHandler.java:549)
	at org.glassfish.jersey.server.ApplicationHandler.access$500(ApplicationHandler.java:184)
	at org.glassfish.jersey.server.ApplicationHandler$3.call(ApplicationHandler.java:350)
	at org.glassfish.jersey.server.ApplicationHandler$3.call(ApplicationHandler.java:347)
	at org.glassfish.jersey.internal.Errors.process(Errors.java:315)
	at org.glassfish.jersey.internal.Errors.process(Errors.java:297)
	at org.glassfish.jersey.internal.Errors.processWithException(Errors.java:255)
	at org.glassfish.jersey.server.ApplicationHandler.&lt;init&gt;(ApplicationHandler.java:347)
	at org.glassfish.jersey.server.ApplicationHandler.&lt;init&gt;(ApplicationHandler.java:311)
	at org.glassfish.jersey.grizzly2.httpserver.GrizzlyHttpContainer.&lt;init&gt;(GrizzlyHttpContainer.java:337)
	at org.glassfish.jersey.grizzly2.httpserver.GrizzlyHttpServerFactory.createHttpServer(GrizzlyHttpServerFactory.java:119)
	at com.example.Main.startServer(Main.java:30)
	at com.example.MyResourceTest.setUp(MyResourceTest.java:22)
	at java.base/jdk.internal.reflect.NativeMethodAccessorImpl.invoke0(Native Method)
	at java.base/jdk.internal.reflect.NativeMethodAccessorImpl.invoke(NativeMethodAccessorImpl.java:62)
	at java.base/jdk.internal.reflect.DelegatingMethodAccessorImpl.invoke(DelegatingMethodAccessorImpl.java:43)
	at java.base/java.lang.reflect.Method.invoke(Method.java:564)
	at org.junit.runners.model.FrameworkMethod$1.runReflectiveCall(FrameworkMethod.java:44)
	at org.junit.internal.runners.model.ReflectiveCallable.run(ReflectiveCallable.java:15)
	at org.junit.runners.model.FrameworkMethod.invokeExplosively(FrameworkMethod.java:41)
	at org.junit.internal.runners.statements.RunBefores.evaluate(RunBefores.java:27)
	at org.junit.internal.runners.statements.RunAfters.evaluate(RunAfters.java:31)
	at org.junit.runners.ParentRunner.runLeaf(ParentRunner.java:263)
	at org.junit.runners.BlockJUnit4ClassRunner.runChild(BlockJUnit4ClassRunner.java:69)
	at org.junit.runners.BlockJUnit4ClassRunner.runChild(BlockJUnit4ClassRunner.java:48)
	at org.junit.runners.ParentRunner$3.run(ParentRunner.java:231)
	at org.junit.runners.ParentRunner$1.schedule(ParentRunner.java:60)
	at org.junit.runners.ParentRunner.runChildren(ParentRunner.java:229)
	at org.junit.runners.ParentRunner.access$000(ParentRunner.java:50)
	at org.junit.runners.ParentRunner$2.evaluate(ParentRunner.java:222)
	at org.junit.runners.ParentRunner.run(ParentRunner.java:292)
	at org.apache.maven.surefire.junit4.JUnit4Provider.execute(JUnit4Provider.java:252)
	at org.apache.maven.surefire.junit4.JUnit4Provider.executeTestSet(JUnit4Provider.java:141)
	at org.apache.maven.surefire.junit4.JUnit4Provider.invoke(JUnit4Provider.java:112)
	at java.base/jdk.internal.reflect.NativeMethodAccessorImpl.invoke0(Native Method)
	at java.base/jdk.internal.reflect.NativeMethodAccessorImpl.invoke(NativeMethodAccessorImpl.java:62)
	at java.base/jdk.internal.reflect.DelegatingMethodAccessorImpl.invoke(DelegatingMethodAccessorImpl.java:43)
	at java.base/java.lang.reflect.Method.invoke(Method.java:564)
	at org.apache.maven.surefire.util.ReflectionUtils.invokeMethodWithArray(ReflectionUtils.java:189)
	at org.apache.maven.surefire.booter.ProviderFactory$ProviderProxy.invoke(ProviderFactory.java:165)
	at org.apache.maven.surefire.booter.ProviderFactory.invokeProvider(ProviderFactory.java:85)
	at org.apache.maven.surefire.booter.ForkedBooter.runSuitesInProcess(ForkedBooter.java:115)
	at org.apache.maven.surefire.booter.ForkedBooter.main(ForkedBooter.java:75)
Caused by: java.lang.ClassNotFoundException: javax.xml.bind.PropertyException
	at java.base/jdk.internal.loader.BuiltinClassLoader.loadClass(BuiltinClassLoader.java:582)
	at java.base/jdk.internal.loader.ClassLoaders$AppClassLoader.loadClass(ClassLoaders.java:190)
	at java.base/java.lang.ClassLoader.loadClass(ClassLoader.java:499)
	... 90 more
MultiException stack 2 of 2
java.lang.IllegalArgumentException: Errors were discovered while reifying SystemDescriptor(
	implementation=org.glassfish.jersey.jaxb.internal.XmlRootElementJaxbProvider$Text
	contracts={javax.ws.rs.ext.MessageBodyWriter,javax.ws.rs.ext.MessageBodyReader}
	scope=javax.inject.Singleton
	qualifiers={}
	descriptorType=CLASS
	descriptorVisibility=NORMAL
	metadata=
	rank=0
	loader=org.glassfish.hk2.utilities.binding.AbstractBinder$2@16fdec90
	proxiable=null
	proxyForSameScope=null
	analysisName=null
	id=108
	locatorId=0
	identityHashCode=896072146
	reified=false)
	at org.jvnet.hk2.internal.SystemDescriptor.reify(SystemDescriptor.java:705)
	at org.jvnet.hk2.internal.ServiceLocatorImpl.reifyDescriptor(ServiceLocatorImpl.java:461)
	at org.jvnet.hk2.internal.ServiceLocatorImpl.narrow(ServiceLocatorImpl.java:2288)
	at org.jvnet.hk2.internal.ServiceLocatorImpl.access$1200(ServiceLocatorImpl.java:125)
	at org.jvnet.hk2.internal.ServiceLocatorImpl$9.compute(ServiceLocatorImpl.java:1373)
	at org.jvnet.hk2.internal.ServiceLocatorImpl$9.compute(ServiceLocatorImpl.java:1368)
	at org.glassfish.hk2.utilities.cache.internal.WeakCARCacheImpl.compute(WeakCARCacheImpl.java:116)
	at org.jvnet.hk2.internal.ServiceLocatorImpl.internalGetAllServiceHandles(ServiceLocatorImpl.java:1430)
	at org.jvnet.hk2.internal.ServiceLocatorImpl.getAllServiceHandles(ServiceLocatorImpl.java:1355)
	at org.jvnet.hk2.internal.ServiceLocatorImpl.getAllServiceHandles(ServiceLocatorImpl.java:1344)
	at org.glassfish.jersey.internal.inject.Providers.getServiceHandles(Providers.java:354)
	at org.glassfish.jersey.internal.inject.Providers.getCustomProviders(Providers.java:201)
	at org.glassfish.jersey.message.internal.MessageBodyFactory.&lt;init&gt;(MessageBodyFactory.java:221)
	at java.base/jdk.internal.reflect.NativeConstructorAccessorImpl.newInstance0(Native Method)
	at java.base/jdk.internal.reflect.NativeConstructorAccessorImpl.newInstance(NativeConstructorAccessorImpl.java:62)
	at java.base/jdk.internal.reflect.DelegatingConstructorAccessorImpl.newInstance(DelegatingConstructorAccessorImpl.java:45)
	at java.base/java.lang.reflect.Constructor.newInstance(Constructor.java:488)
	at org.glassfish.hk2.utilities.reflection.ReflectionHelper.makeMe(ReflectionHelper.java:1375)
	at org.jvnet.hk2.internal.ClazzCreator.createMe(ClazzCreator.java:272)
	at org.jvnet.hk2.internal.ClazzCreator.create(ClazzCreator.java:366)
	at org.jvnet.hk2.internal.SystemDescriptor.create(SystemDescriptor.java:487)
	at org.jvnet.hk2.internal.SingletonContext$1.compute(SingletonContext.java:83)
	at org.jvnet.hk2.internal.SingletonContext$1.compute(SingletonContext.java:71)
	at org.glassfish.hk2.utilities.cache.Cache$OriginThreadAwareFuture$1.call(Cache.java:97)
	at java.base/java.util.concurrent.FutureTask.run(FutureTask.java:264)
	at org.glassfish.hk2.utilities.cache.Cache$OriginThreadAwareFuture.run(Cache.java:154)
	at org.glassfish.hk2.utilities.cache.Cache.compute(Cache.java:199)
	at org.jvnet.hk2.internal.SingletonContext.findOrCreate(SingletonContext.java:122)
	at org.jvnet.hk2.internal.Utilities.createService(Utilities.java:2022)
	at org.jvnet.hk2.internal.ServiceLocatorImpl.internalGetService(ServiceLocatorImpl.java:774)
	at org.jvnet.hk2.internal.ServiceLocatorImpl.internalGetService(ServiceLocatorImpl.java:737)
	at org.jvnet.hk2.internal.ServiceLocatorImpl.getService(ServiceLocatorImpl.java:707)
	at org.glassfish.jersey.server.model.ComponentModelValidator.&lt;init&gt;(ComponentModelValidator.java:97)
	at org.glassfish.jersey.server.ApplicationHandler.initialize(ApplicationHandler.java:549)
	at org.glassfish.jersey.server.ApplicationHandler.access$500(ApplicationHandler.java:184)
	at org.glassfish.jersey.server.ApplicationHandler$3.call(ApplicationHandler.java:350)
	at org.glassfish.jersey.server.ApplicationHandler$3.call(ApplicationHandler.java:347)
	at org.glassfish.jersey.internal.Errors.process(Errors.java:315)
	at org.glassfish.jersey.internal.Errors.process(Errors.java:297)
	at org.glassfish.jersey.internal.Errors.processWithException(Errors.java:255)
	at org.glassfish.jersey.server.ApplicationHandler.&lt;init&gt;(ApplicationHandler.java:347)
	at org.glassfish.jersey.server.ApplicationHandler.&lt;init&gt;(ApplicationHandler.java:311)
	at org.glassfish.jersey.grizzly2.httpserver.GrizzlyHttpContainer.&lt;init&gt;(GrizzlyHttpContainer.java:337)
	at org.glassfish.jersey.grizzly2.httpserver.GrizzlyHttpServerFactory.createHttpServer(GrizzlyHttpServerFactory.java:119)
	at com.example.Main.startServer(Main.java:30)
	at com.example.MyResourceTest.setUp(MyResourceTest.java:22)
	at java.base/jdk.internal.reflect.NativeMethodAccessorImpl.invoke0(Native Method)
	at java.base/jdk.internal.reflect.NativeMethodAccessorImpl.invoke(NativeMethodAccessorImpl.java:62)
	at java.base/jdk.internal.reflect.DelegatingMethodAccessorImpl.invoke(DelegatingMethodAccessorImpl.java:43)
	at java.base/java.lang.reflect.Method.invoke(Method.java:564)
	at org.junit.runners.model.FrameworkMethod$1.runReflectiveCall(FrameworkMethod.java:44)
	at org.junit.internal.runners.model.ReflectiveCallable.run(ReflectiveCallable.java:15)
	at org.junit.runners.model.FrameworkMethod.invokeExplosively(FrameworkMethod.java:41)
	at org.junit.internal.runners.statements.RunBefores.evaluate(RunBefores.java:27)
	at org.junit.internal.runners.statements.RunAfters.evaluate(RunAfters.java:31)
	at org.junit.runners.ParentRunner.runLeaf(ParentRunner.java:263)
	at org.junit.runners.BlockJUnit4ClassRunner.runChild(BlockJUnit4ClassRunner.java:69)
	at org.junit.runners.BlockJUnit4ClassRunner.runChild(BlockJUnit4ClassRunner.java:48)
	at org.junit.runners.ParentRunner$3.run(ParentRunner.java:231)
	at org.junit.runners.ParentRunner$1.schedule(ParentRunner.java:60)
	at org.junit.runners.ParentRunner.runChildren(ParentRunner.java:229)
	at org.junit.runners.ParentRunner.access$000(ParentRunner.java:50)
	at org.junit.runners.ParentRunner$2.evaluate(ParentRunner.java:222)
	at org.junit.runners.ParentRunner.run(ParentRunner.java:292)
	at org.apache.maven.surefire.junit4.JUnit4Provider.execute(JUnit4Provider.java:252)
	at org.apache.maven.surefire.junit4.JUnit4Provider.executeTestSet(JUnit4Provider.java:141)
	at org.apache.maven.surefire.junit4.JUnit4Provider.invoke(JUnit4Provider.java:112)
	at java.base/jdk.internal.reflect.NativeMethodAccessorImpl.invoke0(Native Method)
	at java.base/jdk.internal.reflect.NativeMethodAccessorImpl.invoke(NativeMethodAccessorImpl.java:62)
	at java.base/jdk.internal.reflect.DelegatingMethodAccessorImpl.invoke(DelegatingMethodAccessorImpl.java:43)
	at java.base/java.lang.reflect.Method.invoke(Method.java:564)
	at org.apache.maven.surefire.util.ReflectionUtils.invokeMethodWithArray(ReflectionUtils.java:189)
	at org.apache.maven.surefire.booter.ProviderFactory$ProviderProxy.invoke(ProviderFactory.java:165)
	at org.apache.maven.surefire.booter.ProviderFactory.invokeProvider(ProviderFactory.java:85)
	at org.apache.maven.surefire.booter.ForkedBooter.runSuitesInProcess(ForkedBooter.java:115)
	at org.apache.maven.surefire.booter.ForkedBooter.main(ForkedBooter.java:75)

WARNING: HK2 service reification failed for [org.glassfish.jersey.jaxb.internal.XmlRootElementJaxbProvider$General] with an exception:
MultiException stack 1 of 2
java.lang.NoClassDefFoundError: javax/xml/bind/PropertyException
	at java.base/java.lang.Class.getDeclaredConstructors0(Native Method)
	at java.base/java.lang.Class.privateGetDeclaredConstructors(Class.java:3090)
	at java.base/java.lang.Class.getDeclaredConstructors(Class.java:2316)
	at org.jvnet.hk2.internal.Utilities$3.run(Utilities.java:1308)
	at org.jvnet.hk2.internal.Utilities$3.run(Utilities.java:1304)
	at java.base/java.security.AccessController.doPrivileged(Native Method)
	at org.jvnet.hk2.internal.Utilities.getAllConstructors(Utilities.java:1304)
	at org.jvnet.hk2.internal.Utilities.findProducerConstructor(Utilities.java:1247)
	at org.jvnet.hk2.internal.DefaultClassAnalyzer.getConstructor(DefaultClassAnalyzer.java:83)
	at org.glassfish.jersey.internal.inject.JerseyClassAnalyzer.getConstructor(JerseyClassAnalyzer.java:144)
	at org.jvnet.hk2.internal.Utilities.getConstructor(Utilities.java:178)
	at org.jvnet.hk2.internal.ClazzCreator.initialize(ClazzCreator.java:129)
	at org.jvnet.hk2.internal.ClazzCreator.initialize(ClazzCreator.java:180)
	at org.jvnet.hk2.internal.SystemDescriptor.internalReify(SystemDescriptor.java:740)
	at org.jvnet.hk2.internal.SystemDescriptor.reify(SystemDescriptor.java:694)
	at org.jvnet.hk2.internal.ServiceLocatorImpl.reifyDescriptor(ServiceLocatorImpl.java:461)
	at org.jvnet.hk2.internal.ServiceLocatorImpl.narrow(ServiceLocatorImpl.java:2288)
	at org.jvnet.hk2.internal.ServiceLocatorImpl.access$1200(ServiceLocatorImpl.java:125)
	at org.jvnet.hk2.internal.ServiceLocatorImpl$9.compute(ServiceLocatorImpl.java:1373)
	at org.jvnet.hk2.internal.ServiceLocatorImpl$9.compute(ServiceLocatorImpl.java:1368)
	at org.glassfish.hk2.utilities.cache.internal.WeakCARCacheImpl.compute(WeakCARCacheImpl.java:116)
	at org.jvnet.hk2.internal.ServiceLocatorImpl.internalGetAllServiceHandles(ServiceLocatorImpl.java:1430)
	at org.jvnet.hk2.internal.ServiceLocatorImpl.getAllServiceHandles(ServiceLocatorImpl.java:1355)
	at org.jvnet.hk2.internal.ServiceLocatorImpl.getAllServiceHandles(ServiceLocatorImpl.java:1344)
	at org.glassfish.jersey.internal.inject.Providers.getServiceHandles(Providers.java:354)
	at org.glassfish.jersey.internal.inject.Providers.getCustomProviders(Providers.java:201)
	at org.glassfish.jersey.message.internal.MessageBodyFactory.&lt;init&gt;(MessageBodyFactory.java:221)
	at java.base/jdk.internal.reflect.NativeConstructorAccessorImpl.newInstance0(Native Method)
	at java.base/jdk.internal.reflect.NativeConstructorAccessorImpl.newInstance(NativeConstructorAccessorImpl.java:62)
	at java.base/jdk.internal.reflect.DelegatingConstructorAccessorImpl.newInstance(DelegatingConstructorAccessorImpl.java:45)
	at java.base/java.lang.reflect.Constructor.newInstance(Constructor.java:488)
	at org.glassfish.hk2.utilities.reflection.ReflectionHelper.makeMe(ReflectionHelper.java:1375)
	at org.jvnet.hk2.internal.ClazzCreator.createMe(ClazzCreator.java:272)
	at org.jvnet.hk2.internal.ClazzCreator.create(ClazzCreator.java:366)
	at org.jvnet.hk2.internal.SystemDescriptor.create(SystemDescriptor.java:487)
	at org.jvnet.hk2.internal.SingletonContext$1.compute(SingletonContext.java:83)
	at org.jvnet.hk2.internal.SingletonContext$1.compute(SingletonContext.java:71)
	at org.glassfish.hk2.utilities.cache.Cache$OriginThreadAwareFuture$1.call(Cache.java:97)
	at java.base/java.util.concurrent.FutureTask.run(FutureTask.java:264)
	at org.glassfish.hk2.utilities.cache.Cache$OriginThreadAwareFuture.run(Cache.java:154)
	at org.glassfish.hk2.utilities.cache.Cache.compute(Cache.java:199)
	at org.jvnet.hk2.internal.SingletonContext.findOrCreate(SingletonContext.java:122)
	at org.jvnet.hk2.internal.Utilities.createService(Utilities.java:2022)
	at org.jvnet.hk2.internal.ServiceLocatorImpl.internalGetService(ServiceLocatorImpl.java:774)
	at org.jvnet.hk2.internal.ServiceLocatorImpl.internalGetService(ServiceLocatorImpl.java:737)
	at org.jvnet.hk2.internal.ServiceLocatorImpl.getService(ServiceLocatorImpl.java:707)
	at org.glassfish.jersey.server.model.ComponentModelValidator.&lt;init&gt;(ComponentModelValidator.java:97)
	at org.glassfish.jersey.server.ApplicationHandler.initialize(ApplicationHandler.java:549)
	at org.glassfish.jersey.server.ApplicationHandler.access$500(ApplicationHandler.java:184)
	at org.glassfish.jersey.server.ApplicationHandler$3.call(ApplicationHandler.java:350)
	at org.glassfish.jersey.server.ApplicationHandler$3.call(ApplicationHandler.java:347)
	at org.glassfish.jersey.internal.Errors.process(Errors.java:315)
	at org.glassfish.jersey.internal.Errors.process(Errors.java:297)
	at org.glassfish.jersey.internal.Errors.processWithException(Errors.java:255)
	at org.glassfish.jersey.server.ApplicationHandler.&lt;init&gt;(ApplicationHandler.java:347)
	at org.glassfish.jersey.server.ApplicationHandler.&lt;init&gt;(ApplicationHandler.java:311)
	at org.glassfish.jersey.grizzly2.httpserver.GrizzlyHttpContainer.&lt;init&gt;(GrizzlyHttpContainer.java:337)
	at org.glassfish.jersey.grizzly2.httpserver.GrizzlyHttpServerFactory.createHttpServer(GrizzlyHttpServerFactory.java:119)
	at com.example.Main.startServer(Main.java:30)
	at com.example.MyResourceTest.setUp(MyResourceTest.java:22)
	at java.base/jdk.internal.reflect.NativeMethodAccessorImpl.invoke0(Native Method)
	at java.base/jdk.internal.reflect.NativeMethodAccessorImpl.invoke(NativeMethodAccessorImpl.java:62)
	at java.base/jdk.internal.reflect.DelegatingMethodAccessorImpl.invoke(DelegatingMethodAccessorImpl.java:43)
	at java.base/java.lang.reflect.Method.invoke(Method.java:564)
	at org.junit.runners.model.FrameworkMethod$1.runReflectiveCall(FrameworkMethod.java:44)
	at org.junit.internal.runners.model.ReflectiveCallable.run(ReflectiveCallable.java:15)
	at org.junit.runners.model.FrameworkMethod.invokeExplosively(FrameworkMethod.java:41)
	at org.junit.internal.runners.statements.RunBefores.evaluate(RunBefores.java:27)
	at org.junit.internal.runners.statements.RunAfters.evaluate(RunAfters.java:31)
	at org.junit.runners.ParentRunner.runLeaf(ParentRunner.java:263)
	at org.junit.runners.BlockJUnit4ClassRunner.runChild(BlockJUnit4ClassRunner.java:69)
	at org.junit.runners.BlockJUnit4ClassRunner.runChild(BlockJUnit4ClassRunner.java:48)
	at org.junit.runners.ParentRunner$3.run(ParentRunner.java:231)
	at org.junit.runners.ParentRunner$1.schedule(ParentRunner.java:60)
	at org.junit.runners.ParentRunner.runChildren(ParentRunner.java:229)
	at org.junit.runners.ParentRunner.access$000(ParentRunner.java:50)
	at org.junit.runners.ParentRunner$2.evaluate(ParentRunner.java:222)
	at org.junit.runners.ParentRunner.run(ParentRunner.java:292)
	at org.apache.maven.surefire.junit4.JUnit4Provider.execute(JUnit4Provider.java:252)
	at org.apache.maven.surefire.junit4.JUnit4Provider.executeTestSet(JUnit4Provider.java:141)
	at org.apache.maven.surefire.junit4.JUnit4Provider.invoke(JUnit4Provider.java:112)
	at java.base/jdk.internal.reflect.NativeMethodAccessorImpl.invoke0(Native Method)
	at java.base/jdk.internal.reflect.NativeMethodAccessorImpl.invoke(NativeMethodAccessorImpl.java:62)
	at java.base/jdk.internal.reflect.DelegatingMethodAccessorImpl.invoke(DelegatingMethodAccessorImpl.java:43)
	at java.base/java.lang.reflect.Method.invoke(Method.java:564)
	at org.apache.maven.surefire.util.ReflectionUtils.invokeMethodWithArray(ReflectionUtils.java:189)
	at org.apache.maven.surefire.booter.ProviderFactory$ProviderProxy.invoke(ProviderFactory.java:165)
	at org.apache.maven.surefire.booter.ProviderFactory.invokeProvider(ProviderFactory.java:85)
	at org.apache.maven.surefire.booter.ForkedBooter.runSuitesInProcess(ForkedBooter.java:115)
	at org.apache.maven.surefire.booter.ForkedBooter.main(ForkedBooter.java:75)
Caused by: java.lang.ClassNotFoundException: javax.xml.bind.PropertyException
	at java.base/jdk.internal.loader.BuiltinClassLoader.loadClass(BuiltinClassLoader.java:582)
	at java.base/jdk.internal.loader.ClassLoaders$AppClassLoader.loadClass(ClassLoaders.java:190)
	at java.base/java.lang.ClassLoader.loadClass(ClassLoader.java:499)
	... 90 more
MultiException stack 2 of 2
java.lang.IllegalArgumentException: Errors were discovered while reifying SystemDescriptor(
	implementation=org.glassfish.jersey.jaxb.internal.XmlRootElementJaxbProvider$General
	contracts={javax.ws.rs.ext.MessageBodyWriter,javax.ws.rs.ext.MessageBodyReader}
	scope=javax.inject.Singleton
	qualifiers={}
	descriptorType=CLASS
	descriptorVisibility=NORMAL
	metadata=
	rank=0
	loader=org.glassfish.hk2.utilities.binding.AbstractBinder$2@16fdec90
	proxiable=null
	proxyForSameScope=null
	analysisName=null
	id=109
	locatorId=0
	identityHashCode=1528741718
	reified=false)
	at org.jvnet.hk2.internal.SystemDescriptor.reify(SystemDescriptor.java:705)
	at org.jvnet.hk2.internal.ServiceLocatorImpl.reifyDescriptor(ServiceLocatorImpl.java:461)
	at org.jvnet.hk2.internal.ServiceLocatorImpl.narrow(ServiceLocatorImpl.java:2288)
	at org.jvnet.hk2.internal.ServiceLocatorImpl.access$1200(ServiceLocatorImpl.java:125)
	at org.jvnet.hk2.internal.ServiceLocatorImpl$9.compute(ServiceLocatorImpl.java:1373)
	at org.jvnet.hk2.internal.ServiceLocatorImpl$9.compute(ServiceLocatorImpl.java:1368)
	at org.glassfish.hk2.utilities.cache.internal.WeakCARCacheImpl.compute(WeakCARCacheImpl.java:116)
	at org.jvnet.hk2.internal.ServiceLocatorImpl.internalGetAllServiceHandles(ServiceLocatorImpl.java:1430)
	at org.jvnet.hk2.internal.ServiceLocatorImpl.getAllServiceHandles(ServiceLocatorImpl.java:1355)
	at org.jvnet.hk2.internal.ServiceLocatorImpl.getAllServiceHandles(ServiceLocatorImpl.java:1344)
	at org.glassfish.jersey.internal.inject.Providers.getServiceHandles(Providers.java:354)
	at org.glassfish.jersey.internal.inject.Providers.getCustomProviders(Providers.java:201)
	at org.glassfish.jersey.message.internal.MessageBodyFactory.&lt;init&gt;(MessageBodyFactory.java:221)
	at java.base/jdk.internal.reflect.NativeConstructorAccessorImpl.newInstance0(Native Method)
	at java.base/jdk.internal.reflect.NativeConstructorAccessorImpl.newInstance(NativeConstructorAccessorImpl.java:62)
	at java.base/jdk.internal.reflect.DelegatingConstructorAccessorImpl.newInstance(DelegatingConstructorAccessorImpl.java:45)
	at java.base/java.lang.reflect.Constructor.newInstance(Constructor.java:488)
	at org.glassfish.hk2.utilities.reflection.ReflectionHelper.makeMe(ReflectionHelper.java:1375)
	at org.jvnet.hk2.internal.ClazzCreator.createMe(ClazzCreator.java:272)
	at org.jvnet.hk2.internal.ClazzCreator.create(ClazzCreator.java:366)
	at org.jvnet.hk2.internal.SystemDescriptor.create(SystemDescriptor.java:487)
	at org.jvnet.hk2.internal.SingletonContext$1.compute(SingletonContext.java:83)
	at org.jvnet.hk2.internal.SingletonContext$1.compute(SingletonContext.java:71)
	at org.glassfish.hk2.utilities.cache.Cache$OriginThreadAwareFuture$1.call(Cache.java:97)
	at java.base/java.util.concurrent.FutureTask.run(FutureTask.java:264)
	at org.glassfish.hk2.utilities.cache.Cache$OriginThreadAwareFuture.run(Cache.java:154)
	at org.glassfish.hk2.utilities.cache.Cache.compute(Cache.java:199)
	at org.jvnet.hk2.internal.SingletonContext.findOrCreate(SingletonContext.java:122)
	at org.jvnet.hk2.internal.Utilities.createService(Utilities.java:2022)
	at org.jvnet.hk2.internal.ServiceLocatorImpl.internalGetService(ServiceLocatorImpl.java:774)
	at org.jvnet.hk2.internal.ServiceLocatorImpl.internalGetService(ServiceLocatorImpl.java:737)
	at org.jvnet.hk2.internal.ServiceLocatorImpl.getService(ServiceLocatorImpl.java:707)
	at org.glassfish.jersey.server.model.ComponentModelValidator.&lt;init&gt;(ComponentModelValidator.java:97)
	at org.glassfish.jersey.server.ApplicationHandler.initialize(ApplicationHandler.java:549)
	at org.glassfish.jersey.server.ApplicationHandler.access$500(ApplicationHandler.java:184)
	at org.glassfish.jersey.server.ApplicationHandler$3.call(ApplicationHandler.java:350)
	at org.glassfish.jersey.server.ApplicationHandler$3.call(ApplicationHandler.java:347)
	at org.glassfish.jersey.internal.Errors.process(Errors.java:315)
	at org.glassfish.jersey.internal.Errors.process(Errors.java:297)
	at org.glassfish.jersey.internal.Errors.processWithException(Errors.java:255)
	at org.glassfish.jersey.server.ApplicationHandler.&lt;init&gt;(ApplicationHandler.java:347)
	at org.glassfish.jersey.server.ApplicationHandler.&lt;init&gt;(ApplicationHandler.java:311)
	at org.glassfish.jersey.grizzly2.httpserver.GrizzlyHttpContainer.&lt;init&gt;(GrizzlyHttpContainer.java:337)
	at org.glassfish.jersey.grizzly2.httpserver.GrizzlyHttpServerFactory.createHttpServer(GrizzlyHttpServerFactory.java:119)
	at com.example.Main.startServer(Main.java:30)
	at com.example.MyResourceTest.setUp(MyResourceTest.java:22)
	at java.base/jdk.internal.reflect.NativeMethodAccessorImpl.invoke0(Native Method)
	at java.base/jdk.internal.reflect.NativeMethodAccessorImpl.invoke(NativeMethodAccessorImpl.java:62)
	at java.base/jdk.internal.reflect.DelegatingMethodAccessorImpl.invoke(DelegatingMethodAccessorImpl.java:43)
	at java.base/java.lang.reflect.Method.invoke(Method.java:564)
	at org.junit.runners.model.FrameworkMethod$1.runReflectiveCall(FrameworkMethod.java:44)
	at org.junit.internal.runners.model.ReflectiveCallable.run(ReflectiveCallable.java:15)
	at org.junit.runners.model.FrameworkMethod.invokeExplosively(FrameworkMethod.java:41)
	at org.junit.internal.runners.statements.RunBefores.evaluate(RunBefores.java:27)
	at org.junit.internal.runners.statements.RunAfters.evaluate(RunAfters.java:31)
	at org.junit.runners.ParentRunner.runLeaf(ParentRunner.java:263)
	at org.junit.runners.BlockJUnit4ClassRunner.runChild(BlockJUnit4ClassRunner.java:69)
	at org.junit.runners.BlockJUnit4ClassRunner.runChild(BlockJUnit4ClassRunner.java:48)
	at org.junit.runners.ParentRunner$3.run(ParentRunner.java:231)
	at org.junit.runners.ParentRunner$1.schedule(ParentRunner.java:60)
	at org.junit.runners.ParentRunner.runChildren(ParentRunner.java:229)
	at org.junit.runners.ParentRunner.access$000(ParentRunner.java:50)
	at org.junit.runners.ParentRunner$2.evaluate(ParentRunner.java:222)
	at org.junit.runners.ParentRunner.run(ParentRunner.java:292)
	at org.apache.maven.surefire.junit4.JUnit4Provider.execute(JUnit4Provider.java:252)
	at org.apache.maven.surefire.junit4.JUnit4Provider.executeTestSet(JUnit4Provider.java:141)
	at org.apache.maven.surefire.junit4.JUnit4Provider.invoke(JUnit4Provider.java:112)
	at java.base/jdk.internal.reflect.NativeMethodAccessorImpl.invoke0(Native Method)
	at java.base/jdk.internal.reflect.NativeMethodAccessorImpl.invoke(NativeMethodAccessorImpl.java:62)
	at java.base/jdk.internal.reflect.DelegatingMethodAccessorImpl.invoke(DelegatingMethodAccessorImpl.java:43)
	at java.base/java.lang.reflect.Method.invoke(Method.java:564)
	at org.apache.maven.surefire.util.ReflectionUtils.invokeMethodWithArray(ReflectionUtils.java:189)
	at org.apache.maven.surefire.booter.ProviderFactory$ProviderProxy.invoke(ProviderFactory.java:165)
	at org.apache.maven.surefire.booter.ProviderFactory.invokeProvider(ProviderFactory.java:85)
	at org.apache.maven.surefire.booter.ForkedBooter.runSuitesInProcess(ForkedBooter.java:115)
	at org.apache.maven.surefire.booter.ForkedBooter.main(ForkedBooter.java:75)

WARNING: HK2 service reification failed for [org.glassfish.jersey.jaxb.internal.XmlRootObjectJaxbProvider$App] with an exception:
MultiException stack 1 of 2
java.lang.NoClassDefFoundError: javax/xml/bind/PropertyException
	at java.base/java.lang.Class.getDeclaredConstructors0(Native Method)
	at java.base/java.lang.Class.privateGetDeclaredConstructors(Class.java:3090)
	at java.base/java.lang.Class.getDeclaredConstructors(Class.java:2316)
	at org.jvnet.hk2.internal.Utilities$3.run(Utilities.java:1308)
	at org.jvnet.hk2.internal.Utilities$3.run(Utilities.java:1304)
	at java.base/java.security.AccessController.doPrivileged(Native Method)
	at org.jvnet.hk2.internal.Utilities.getAllConstructors(Utilities.java:1304)
	at org.jvnet.hk2.internal.Utilities.findProducerConstructor(Utilities.java:1247)
	at org.jvnet.hk2.internal.DefaultClassAnalyzer.getConstructor(DefaultClassAnalyzer.java:83)
	at org.glassfish.jersey.internal.inject.JerseyClassAnalyzer.getConstructor(JerseyClassAnalyzer.java:144)
	at org.jvnet.hk2.internal.Utilities.getConstructor(Utilities.java:178)
	at org.jvnet.hk2.internal.ClazzCreator.initialize(ClazzCreator.java:129)
	at org.jvnet.hk2.internal.ClazzCreator.initialize(ClazzCreator.java:180)
	at org.jvnet.hk2.internal.SystemDescriptor.internalReify(SystemDescriptor.java:740)
	at org.jvnet.hk2.internal.SystemDescriptor.reify(SystemDescriptor.java:694)
	at org.jvnet.hk2.internal.ServiceLocatorImpl.reifyDescriptor(ServiceLocatorImpl.java:461)
	at org.jvnet.hk2.internal.ServiceLocatorImpl.narrow(ServiceLocatorImpl.java:2288)
	at org.jvnet.hk2.internal.ServiceLocatorImpl.access$1200(ServiceLocatorImpl.java:125)
	at org.jvnet.hk2.internal.ServiceLocatorImpl$9.compute(ServiceLocatorImpl.java:1373)
	at org.jvnet.hk2.internal.ServiceLocatorImpl$9.compute(ServiceLocatorImpl.java:1368)
	at org.glassfish.hk2.utilities.cache.internal.WeakCARCacheImpl.compute(WeakCARCacheImpl.java:116)
	at org.jvnet.hk2.internal.ServiceLocatorImpl.internalGetAllServiceHandles(ServiceLocatorImpl.java:1430)
	at org.jvnet.hk2.internal.ServiceLocatorImpl.getAllServiceHandles(ServiceLocatorImpl.java:1355)
	at org.jvnet.hk2.internal.ServiceLocatorImpl.getAllServiceHandles(ServiceLocatorImpl.java:1344)
	at org.glassfish.jersey.internal.inject.Providers.getServiceHandles(Providers.java:354)
	at org.glassfish.jersey.internal.inject.Providers.getCustomProviders(Providers.java:201)
	at org.glassfish.jersey.message.internal.MessageBodyFactory.&lt;init&gt;(MessageBodyFactory.java:221)
	at java.base/jdk.internal.reflect.NativeConstructorAccessorImpl.newInstance0(Native Method)
	at java.base/jdk.internal.reflect.NativeConstructorAccessorImpl.newInstance(NativeConstructorAccessorImpl.java:62)
	at java.base/jdk.internal.reflect.DelegatingConstructorAccessorImpl.newInstance(DelegatingConstructorAccessorImpl.java:45)
	at java.base/java.lang.reflect.Constructor.newInstance(Constructor.java:488)
	at org.glassfish.hk2.utilities.reflection.ReflectionHelper.makeMe(ReflectionHelper.java:1375)
	at org.jvnet.hk2.internal.ClazzCreator.createMe(ClazzCreator.java:272)
	at org.jvnet.hk2.internal.ClazzCreator.create(ClazzCreator.java:366)
	at org.jvnet.hk2.internal.SystemDescriptor.create(SystemDescriptor.java:487)
	at org.jvnet.hk2.internal.SingletonContext$1.compute(SingletonContext.java:83)
	at org.jvnet.hk2.internal.SingletonContext$1.compute(SingletonContext.java:71)
	at org.glassfish.hk2.utilities.cache.Cache$OriginThreadAwareFuture$1.call(Cache.java:97)
	at java.base/java.util.concurrent.FutureTask.run(FutureTask.java:264)
	at org.glassfish.hk2.utilities.cache.Cache$OriginThreadAwareFuture.run(Cache.java:154)
	at org.glassfish.hk2.utilities.cache.Cache.compute(Cache.java:199)
	at org.jvnet.hk2.internal.SingletonContext.findOrCreate(SingletonContext.java:122)
	at org.jvnet.hk2.internal.Utilities.createService(Utilities.java:2022)
	at org.jvnet.hk2.internal.ServiceLocatorImpl.internalGetService(ServiceLocatorImpl.java:774)
	at org.jvnet.hk2.internal.ServiceLocatorImpl.internalGetService(ServiceLocatorImpl.java:737)
	at org.jvnet.hk2.internal.ServiceLocatorImpl.getService(ServiceLocatorImpl.java:707)
	at org.glassfish.jersey.server.model.ComponentModelValidator.&lt;init&gt;(ComponentModelValidator.java:97)
	at org.glassfish.jersey.server.ApplicationHandler.initialize(ApplicationHandler.java:549)
	at org.glassfish.jersey.server.ApplicationHandler.access$500(ApplicationHandler.java:184)
	at org.glassfish.jersey.server.ApplicationHandler$3.call(ApplicationHandler.java:350)
	at org.glassfish.jersey.server.ApplicationHandler$3.call(ApplicationHandler.java:347)
	at org.glassfish.jersey.internal.Errors.process(Errors.java:315)
	at org.glassfish.jersey.internal.Errors.process(Errors.java:297)
	at org.glassfish.jersey.internal.Errors.processWithException(Errors.java:255)
	at org.glassfish.jersey.server.ApplicationHandler.&lt;init&gt;(ApplicationHandler.java:347)
	at org.glassfish.jersey.server.ApplicationHandler.&lt;init&gt;(ApplicationHandler.java:311)
	at org.glassfish.jersey.grizzly2.httpserver.GrizzlyHttpContainer.&lt;init&gt;(GrizzlyHttpContainer.java:337)
	at org.glassfish.jersey.grizzly2.httpserver.GrizzlyHttpServerFactory.createHttpServer(GrizzlyHttpServerFactory.java:119)
	at com.example.Main.startServer(Main.java:30)
	at com.example.MyResourceTest.setUp(MyResourceTest.java:22)
	at java.base/jdk.internal.reflect.NativeMethodAccessorImpl.invoke0(Native Method)
	at java.base/jdk.internal.reflect.NativeMethodAccessorImpl.invoke(NativeMethodAccessorImpl.java:62)
	at java.base/jdk.internal.reflect.DelegatingMethodAccessorImpl.invoke(DelegatingMethodAccessorImpl.java:43)
	at java.base/java.lang.reflect.Method.invoke(Method.java:564)
	at org.junit.runners.model.FrameworkMethod$1.runReflectiveCall(FrameworkMethod.java:44)
	at org.junit.internal.runners.model.ReflectiveCallable.run(ReflectiveCallable.java:15)
	at org.junit.runners.model.FrameworkMethod.invokeExplosively(FrameworkMethod.java:41)
	at org.junit.internal.runners.statements.RunBefores.evaluate(RunBefores.java:27)
	at org.junit.internal.runners.statements.RunAfters.evaluate(RunAfters.java:31)
	at org.junit.runners.ParentRunner.runLeaf(ParentRunner.java:263)
	at org.junit.runners.BlockJUnit4ClassRunner.runChild(BlockJUnit4ClassRunner.java:69)
	at org.junit.runners.BlockJUnit4ClassRunner.runChild(BlockJUnit4ClassRunner.java:48)
	at org.junit.runners.ParentRunner$3.run(ParentRunner.java:231)
	at org.junit.runners.ParentRunner$1.schedule(ParentRunner.java:60)
	at org.junit.runners.ParentRunner.runChildren(ParentRunner.java:229)
	at org.junit.runners.ParentRunner.access$000(ParentRunner.java:50)
	at org.junit.runners.ParentRunner$2.evaluate(ParentRunner.java:222)
	at org.junit.runners.ParentRunner.run(ParentRunner.java:292)
	at org.apache.maven.surefire.junit4.JUnit4Provider.execute(JUnit4Provider.java:252)
	at org.apache.maven.surefire.junit4.JUnit4Provider.executeTestSet(JUnit4Provider.java:141)
	at org.apache.maven.surefire.junit4.JUnit4Provider.invoke(JUnit4Provider.java:112)
	at java.base/jdk.internal.reflect.NativeMethodAccessorImpl.invoke0(Native Method)
	at java.base/jdk.internal.reflect.NativeMethodAccessorImpl.invoke(NativeMethodAccessorImpl.java:62)
	at java.base/jdk.internal.reflect.DelegatingMethodAccessorImpl.invoke(DelegatingMethodAccessorImpl.java:43)
	at java.base/java.lang.reflect.Method.invoke(Method.java:564)
	at org.apache.maven.surefire.util.ReflectionUtils.invokeMethodWithArray(ReflectionUtils.java:189)
	at org.apache.maven.surefire.booter.ProviderFactory$ProviderProxy.invoke(ProviderFactory.java:165)
	at org.apache.maven.surefire.booter.ProviderFactory.invokeProvider(ProviderFactory.java:85)
	at org.apache.maven.surefire.booter.ForkedBooter.runSuitesInProcess(ForkedBooter.java:115)
	at org.apache.maven.surefire.booter.ForkedBooter.main(ForkedBooter.java:75)
Caused by: java.lang.ClassNotFoundException: javax.xml.bind.PropertyException
	at java.base/jdk.internal.loader.BuiltinClassLoader.loadClass(BuiltinClassLoader.java:582)
	at java.base/jdk.internal.loader.ClassLoaders$AppClassLoader.loadClass(ClassLoaders.java:190)
	at java.base/java.lang.ClassLoader.loadClass(ClassLoader.java:499)
	... 90 more
MultiException stack 2 of 2
java.lang.IllegalArgumentException: Errors were discovered while reifying SystemDescriptor(
	implementation=org.glassfish.jersey.jaxb.internal.XmlRootObjectJaxbProvider$App
	contracts={javax.ws.rs.ext.MessageBodyReader}
	scope=javax.inject.Singleton
	qualifiers={}
	descriptorType=CLASS
	descriptorVisibility=NORMAL
	metadata=
	rank=0
	loader=org.glassfish.hk2.utilities.binding.AbstractBinder$2@16fdec90
	proxiable=null
	proxyForSameScope=null
	analysisName=null
	id=110
	locatorId=0
	identityHashCode=461591680
	reified=false)
	at org.jvnet.hk2.internal.SystemDescriptor.reify(SystemDescriptor.java:705)
	at org.jvnet.hk2.internal.ServiceLocatorImpl.reifyDescriptor(ServiceLocatorImpl.java:461)
	at org.jvnet.hk2.internal.ServiceLocatorImpl.narrow(ServiceLocatorImpl.java:2288)
	at org.jvnet.hk2.internal.ServiceLocatorImpl.access$1200(ServiceLocatorImpl.java:125)
	at org.jvnet.hk2.internal.ServiceLocatorImpl$9.compute(ServiceLocatorImpl.java:1373)
	at org.jvnet.hk2.internal.ServiceLocatorImpl$9.compute(ServiceLocatorImpl.java:1368)
	at org.glassfish.hk2.utilities.cache.internal.WeakCARCacheImpl.compute(WeakCARCacheImpl.java:116)
	at org.jvnet.hk2.internal.ServiceLocatorImpl.internalGetAllServiceHandles(ServiceLocatorImpl.java:1430)
	at org.jvnet.hk2.internal.ServiceLocatorImpl.getAllServiceHandles(ServiceLocatorImpl.java:1355)
	at org.jvnet.hk2.internal.ServiceLocatorImpl.getAllServiceHandles(ServiceLocatorImpl.java:1344)
	at org.glassfish.jersey.internal.inject.Providers.getServiceHandles(Providers.java:354)
	at org.glassfish.jersey.internal.inject.Providers.getCustomProviders(Providers.java:201)
	at org.glassfish.jersey.message.internal.MessageBodyFactory.&lt;init&gt;(MessageBodyFactory.java:221)
	at java.base/jdk.internal.reflect.NativeConstructorAccessorImpl.newInstance0(Native Method)
	at java.base/jdk.internal.reflect.NativeConstructorAccessorImpl.newInstance(NativeConstructorAccessorImpl.java:62)
	at java.base/jdk.internal.reflect.DelegatingConstructorAccessorImpl.newInstance(DelegatingConstructorAccessorImpl.java:45)
	at java.base/java.lang.reflect.Constructor.newInstance(Constructor.java:488)
	at org.glassfish.hk2.utilities.reflection.ReflectionHelper.makeMe(ReflectionHelper.java:1375)
	at org.jvnet.hk2.internal.ClazzCreator.createMe(ClazzCreator.java:272)
	at org.jvnet.hk2.internal.ClazzCreator.create(ClazzCreator.java:366)
	at org.jvnet.hk2.internal.SystemDescriptor.create(SystemDescriptor.java:487)
	at org.jvnet.hk2.internal.SingletonContext$1.compute(SingletonContext.java:83)
	at org.jvnet.hk2.internal.SingletonContext$1.compute(SingletonContext.java:71)
	at org.glassfish.hk2.utilities.cache.Cache$OriginThreadAwareFuture$1.call(Cache.java:97)
	at java.base/java.util.concurrent.FutureTask.run(FutureTask.java:264)
	at org.glassfish.hk2.utilities.cache.Cache$OriginThreadAwareFuture.run(Cache.java:154)
	at org.glassfish.hk2.utilities.cache.Cache.compute(Cache.java:199)
	at org.jvnet.hk2.internal.SingletonContext.findOrCreate(SingletonContext.java:122)
	at org.jvnet.hk2.internal.Utilities.createService(Utilities.java:2022)
	at org.jvnet.hk2.internal.ServiceLocatorImpl.internalGetService(ServiceLocatorImpl.java:774)
	at org.jvnet.hk2.internal.ServiceLocatorImpl.internalGetService(ServiceLocatorImpl.java:737)
	at org.jvnet.hk2.internal.ServiceLocatorImpl.getService(ServiceLocatorImpl.java:707)
	at org.glassfish.jersey.server.model.ComponentModelValidator.&lt;init&gt;(ComponentModelValidator.java:97)
	at org.glassfish.jersey.server.ApplicationHandler.initialize(ApplicationHandler.java:549)
	at org.glassfish.jersey.server.ApplicationHandler.access$500(ApplicationHandler.java:184)
	at org.glassfish.jersey.server.ApplicationHandler$3.call(ApplicationHandler.java:350)
	at org.glassfish.jersey.server.ApplicationHandler$3.call(ApplicationHandler.java:347)
	at org.glassfish.jersey.internal.Errors.process(Errors.java:315)
	at org.glassfish.jersey.internal.Errors.process(Errors.java:297)
	at org.glassfish.jersey.internal.Errors.processWithException(Errors.java:255)
	at org.glassfish.jersey.server.ApplicationHandler.&lt;init&gt;(ApplicationHandler.java:347)
	at org.glassfish.jersey.server.ApplicationHandler.&lt;init&gt;(ApplicationHandler.java:311)
	at org.glassfish.jersey.grizzly2.httpserver.GrizzlyHttpContainer.&lt;init&gt;(GrizzlyHttpContainer.java:337)
	at org.glassfish.jersey.grizzly2.httpserver.GrizzlyHttpServerFactory.createHttpServer(GrizzlyHttpServerFactory.java:119)
	at com.example.Main.startServer(Main.java:30)
	at com.example.MyResourceTest.setUp(MyResourceTest.java:22)
	at java.base/jdk.internal.reflect.NativeMethodAccessorImpl.invoke0(Native Method)
	at java.base/jdk.internal.reflect.NativeMethodAccessorImpl.invoke(NativeMethodAccessorImpl.java:62)
	at java.base/jdk.internal.reflect.DelegatingMethodAccessorImpl.invoke(DelegatingMethodAccessorImpl.java:43)
	at java.base/java.lang.reflect.Method.invoke(Method.java:564)
	at org.junit.runners.model.FrameworkMethod$1.runReflectiveCall(FrameworkMethod.java:44)
	at org.junit.internal.runners.model.ReflectiveCallable.run(ReflectiveCallable.java:15)
	at org.junit.runners.model.FrameworkMethod.invokeExplosively(FrameworkMethod.java:41)
	at org.junit.internal.runners.statements.RunBefores.evaluate(RunBefores.java:27)
	at org.junit.internal.runners.statements.RunAfters.evaluate(RunAfters.java:31)
	at org.junit.runners.ParentRunner.runLeaf(ParentRunner.java:263)
	at org.junit.runners.BlockJUnit4ClassRunner.runChild(BlockJUnit4ClassRunner.java:69)
	at org.junit.runners.BlockJUnit4ClassRunner.runChild(BlockJUnit4ClassRunner.java:48)
	at org.junit.runners.ParentRunner$3.run(ParentRunner.java:231)
	at org.junit.runners.ParentRunner$1.schedule(ParentRunner.java:60)
	at org.junit.runners.ParentRunner.runChildren(ParentRunner.java:229)
	at org.junit.runners.ParentRunner.access$000(ParentRunner.java:50)
	at org.junit.runners.ParentRunner$2.evaluate(ParentRunner.java:222)
	at org.junit.runners.ParentRunner.run(ParentRunner.java:292)
	at org.apache.maven.surefire.junit4.JUnit4Provider.execute(JUnit4Provider.java:252)
	at org.apache.maven.surefire.junit4.JUnit4Provider.executeTestSet(JUnit4Provider.java:141)
	at org.apache.maven.surefire.junit4.JUnit4Provider.invoke(JUnit4Provider.java:112)
	at java.base/jdk.internal.reflect.NativeMethodAccessorImpl.invoke0(Native Method)
	at java.base/jdk.internal.reflect.NativeMethodAccessorImpl.invoke(NativeMethodAccessorImpl.java:62)
	at java.base/jdk.internal.reflect.DelegatingMethodAccessorImpl.invoke(DelegatingMethodAccessorImpl.java:43)
	at java.base/java.lang.reflect.Method.invoke(Method.java:564)
	at org.apache.maven.surefire.util.ReflectionUtils.invokeMethodWithArray(ReflectionUtils.java:189)
	at org.apache.maven.surefire.booter.ProviderFactory$ProviderProxy.invoke(ProviderFactory.java:165)
	at org.apache.maven.surefire.booter.ProviderFactory.invokeProvider(ProviderFactory.java:85)
	at org.apache.maven.surefire.booter.ForkedBooter.runSuitesInProcess(ForkedBooter.java:115)
	at org.apache.maven.surefire.booter.ForkedBooter.main(ForkedBooter.java:75)

WARNING: HK2 service reification failed for [org.glassfish.jersey.jaxb.internal.XmlRootObjectJaxbProvider$Text] with an exception:
MultiException stack 1 of 2
java.lang.NoClassDefFoundError: javax/xml/bind/PropertyException
	at java.base/java.lang.Class.getDeclaredConstructors0(Native Method)
	at java.base/java.lang.Class.privateGetDeclaredConstructors(Class.java:3090)
	at java.base/java.lang.Class.getDeclaredConstructors(Class.java:2316)
	at org.jvnet.hk2.internal.Utilities$3.run(Utilities.java:1308)
	at org.jvnet.hk2.internal.Utilities$3.run(Utilities.java:1304)
	at java.base/java.security.AccessController.doPrivileged(Native Method)
	at org.jvnet.hk2.internal.Utilities.getAllConstructors(Utilities.java:1304)
	at org.jvnet.hk2.internal.Utilities.findProducerConstructor(Utilities.java:1247)
	at org.jvnet.hk2.internal.DefaultClassAnalyzer.getConstructor(DefaultClassAnalyzer.java:83)
	at org.glassfish.jersey.internal.inject.JerseyClassAnalyzer.getConstructor(JerseyClassAnalyzer.java:144)
	at org.jvnet.hk2.internal.Utilities.getConstructor(Utilities.java:178)
	at org.jvnet.hk2.internal.ClazzCreator.initialize(ClazzCreator.java:129)
	at org.jvnet.hk2.internal.ClazzCreator.initialize(ClazzCreator.java:180)
	at org.jvnet.hk2.internal.SystemDescriptor.internalReify(SystemDescriptor.java:740)
	at org.jvnet.hk2.internal.SystemDescriptor.reify(SystemDescriptor.java:694)
	at org.jvnet.hk2.internal.ServiceLocatorImpl.reifyDescriptor(ServiceLocatorImpl.java:461)
	at org.jvnet.hk2.internal.ServiceLocatorImpl.narrow(ServiceLocatorImpl.java:2288)
	at org.jvnet.hk2.internal.ServiceLocatorImpl.access$1200(ServiceLocatorImpl.java:125)
	at org.jvnet.hk2.internal.ServiceLocatorImpl$9.compute(ServiceLocatorImpl.java:1373)
	at org.jvnet.hk2.internal.ServiceLocatorImpl$9.compute(ServiceLocatorImpl.java:1368)
	at org.glassfish.hk2.utilities.cache.internal.WeakCARCacheImpl.compute(WeakCARCacheImpl.java:116)
	at org.jvnet.hk2.internal.ServiceLocatorImpl.internalGetAllServiceHandles(ServiceLocatorImpl.java:1430)
	at org.jvnet.hk2.internal.ServiceLocatorImpl.getAllServiceHandles(ServiceLocatorImpl.java:1355)
	at org.jvnet.hk2.internal.ServiceLocatorImpl.getAllServiceHandles(ServiceLocatorImpl.java:1344)
	at org.glassfish.jersey.internal.inject.Providers.getServiceHandles(Providers.java:354)
	at org.glassfish.jersey.internal.inject.Providers.getCustomProviders(Providers.java:201)
	at org.glassfish.jersey.message.internal.MessageBodyFactory.&lt;init&gt;(MessageBodyFactory.java:221)
	at java.base/jdk.internal.reflect.NativeConstructorAccessorImpl.newInstance0(Native Method)
	at java.base/jdk.internal.reflect.NativeConstructorAccessorImpl.newInstance(NativeConstructorAccessorImpl.java:62)
	at java.base/jdk.internal.reflect.DelegatingConstructorAccessorImpl.newInstance(DelegatingConstructorAccessorImpl.java:45)
	at java.base/java.lang.reflect.Constructor.newInstance(Constructor.java:488)
	at org.glassfish.hk2.utilities.reflection.ReflectionHelper.makeMe(ReflectionHelper.java:1375)
	at org.jvnet.hk2.internal.ClazzCreator.createMe(ClazzCreator.java:272)
	at org.jvnet.hk2.internal.ClazzCreator.create(ClazzCreator.java:366)
	at org.jvnet.hk2.internal.SystemDescriptor.create(SystemDescriptor.java:487)
	at org.jvnet.hk2.internal.SingletonContext$1.compute(SingletonContext.java:83)
	at org.jvnet.hk2.internal.SingletonContext$1.compute(SingletonContext.java:71)
	at org.glassfish.hk2.utilities.cache.Cache$OriginThreadAwareFuture$1.call(Cache.java:97)
	at java.base/java.util.concurrent.FutureTask.run(FutureTask.java:264)
	at org.glassfish.hk2.utilities.cache.Cache$OriginThreadAwareFuture.run(Cache.java:154)
	at org.glassfish.hk2.utilities.cache.Cache.compute(Cache.java:199)
	at org.jvnet.hk2.internal.SingletonContext.findOrCreate(SingletonContext.java:122)
	at org.jvnet.hk2.internal.Utilities.createService(Utilities.java:2022)
	at org.jvnet.hk2.internal.ServiceLocatorImpl.internalGetService(ServiceLocatorImpl.java:774)
	at org.jvnet.hk2.internal.ServiceLocatorImpl.internalGetService(ServiceLocatorImpl.java:737)
	at org.jvnet.hk2.internal.ServiceLocatorImpl.getService(ServiceLocatorImpl.java:707)
	at org.glassfish.jersey.server.model.ComponentModelValidator.&lt;init&gt;(ComponentModelValidator.java:97)
	at org.glassfish.jersey.server.ApplicationHandler.initialize(ApplicationHandler.java:549)
	at org.glassfish.jersey.server.ApplicationHandler.access$500(ApplicationHandler.java:184)
	at org.glassfish.jersey.server.ApplicationHandler$3.call(ApplicationHandler.java:350)
	at org.glassfish.jersey.server.ApplicationHandler$3.call(ApplicationHandler.java:347)
	at org.glassfish.jersey.internal.Errors.process(Errors.java:315)
	at org.glassfish.jersey.internal.Errors.process(Errors.java:297)
	at org.glassfish.jersey.internal.Errors.processWithException(Errors.java:255)
	at org.glassfish.jersey.server.ApplicationHandler.&lt;init&gt;(ApplicationHandler.java:347)
	at org.glassfish.jersey.server.ApplicationHandler.&lt;init&gt;(ApplicationHandler.java:311)
	at org.glassfish.jersey.grizzly2.httpserver.GrizzlyHttpContainer.&lt;init&gt;(GrizzlyHttpContainer.java:337)
	at org.glassfish.jersey.grizzly2.httpserver.GrizzlyHttpServerFactory.createHttpServer(GrizzlyHttpServerFactory.java:119)
	at com.example.Main.startServer(Main.java:30)
	at com.example.MyResourceTest.setUp(MyResourceTest.java:22)
	at java.base/jdk.internal.reflect.NativeMethodAccessorImpl.invoke0(Native Method)
	at java.base/jdk.internal.reflect.NativeMethodAccessorImpl.invoke(NativeMethodAccessorImpl.java:62)
	at java.base/jdk.internal.reflect.DelegatingMethodAccessorImpl.invoke(DelegatingMethodAccessorImpl.java:43)
	at java.base/java.lang.reflect.Method.invoke(Method.java:564)
	at org.junit.runners.model.FrameworkMethod$1.runReflectiveCall(FrameworkMethod.java:44)
	at org.junit.internal.runners.model.ReflectiveCallable.run(ReflectiveCallable.java:15)
	at org.junit.runners.model.FrameworkMethod.invokeExplosively(FrameworkMethod.java:41)
	at org.junit.internal.runners.statements.RunBefores.evaluate(RunBefores.java:27)
	at org.junit.internal.runners.statements.RunAfters.evaluate(RunAfters.java:31)
	at org.junit.runners.ParentRunner.runLeaf(ParentRunner.java:263)
	at org.junit.runners.BlockJUnit4ClassRunner.runChild(BlockJUnit4ClassRunner.java:69)
	at org.junit.runners.BlockJUnit4ClassRunner.runChild(BlockJUnit4ClassRunner.java:48)
	at org.junit.runners.ParentRunner$3.run(ParentRunner.java:231)
	at org.junit.runners.ParentRunner$1.schedule(ParentRunner.java:60)
	at org.junit.runners.ParentRunner.runChildren(ParentRunner.java:229)
	at org.junit.runners.ParentRunner.access$000(ParentRunner.java:50)
	at org.junit.runners.ParentRunner$2.evaluate(ParentRunner.java:222)
	at org.junit.runners.ParentRunner.run(ParentRunner.java:292)
	at org.apache.maven.surefire.junit4.JUnit4Provider.execute(JUnit4Provider.java:252)
	at org.apache.maven.surefire.junit4.JUnit4Provider.executeTestSet(JUnit4Provider.java:141)
	at org.apache.maven.surefire.junit4.JUnit4Provider.invoke(JUnit4Provider.java:112)
	at java.base/jdk.internal.reflect.NativeMethodAccessorImpl.invoke0(Native Method)
	at java.base/jdk.internal.reflect.NativeMethodAccessorImpl.invoke(NativeMethodAccessorImpl.java:62)
	at java.base/jdk.internal.reflect.DelegatingMethodAccessorImpl.invoke(DelegatingMethodAccessorImpl.java:43)
	at java.base/java.lang.reflect.Method.invoke(Method.java:564)
	at org.apache.maven.surefire.util.ReflectionUtils.invokeMethodWithArray(ReflectionUtils.java:189)
	at org.apache.maven.surefire.booter.ProviderFactory$ProviderProxy.invoke(ProviderFactory.java:165)
	at org.apache.maven.surefire.booter.ProviderFactory.invokeProvider(ProviderFactory.java:85)
	at org.apache.maven.surefire.booter.ForkedBooter.runSuitesInProcess(ForkedBooter.java:115)
	at org.apache.maven.surefire.booter.ForkedBooter.main(ForkedBooter.java:75)
Caused by: java.lang.ClassNotFoundException: javax.xml.bind.PropertyException
	at java.base/jdk.internal.loader.BuiltinClassLoader.loadClass(BuiltinClassLoader.java:582)
	at java.base/jdk.internal.loader.ClassLoaders$AppClassLoader.loadClass(ClassLoaders.java:190)
	at java.base/java.lang.ClassLoader.loadClass(ClassLoader.java:499)
	... 90 more
MultiException stack 2 of 2
java.lang.IllegalArgumentException: Errors were discovered while reifying SystemDescriptor(
	implementation=org.glassfish.jersey.jaxb.internal.XmlRootObjectJaxbProvider$Text
	contracts={javax.ws.rs.ext.MessageBodyReader}
	scope=javax.inject.Singleton
	qualifiers={}
	descriptorType=CLASS
	descriptorVisibility=NORMAL
	metadata=
	rank=0
	loader=org.glassfish.hk2.utilities.binding.AbstractBinder$2@16fdec90
	proxiable=null
	proxyForSameScope=null
	analysisName=null
	id=111
	locatorId=0
	identityHashCode=1874028013
	reified=false)
	at org.jvnet.hk2.internal.SystemDescriptor.reify(SystemDescriptor.java:705)
	at org.jvnet.hk2.internal.ServiceLocatorImpl.reifyDescriptor(ServiceLocatorImpl.java:461)
	at org.jvnet.hk2.internal.ServiceLocatorImpl.narrow(ServiceLocatorImpl.java:2288)
	at org.jvnet.hk2.internal.ServiceLocatorImpl.access$1200(ServiceLocatorImpl.java:125)
	at org.jvnet.hk2.internal.ServiceLocatorImpl$9.compute(ServiceLocatorImpl.java:1373)
	at org.jvnet.hk2.internal.ServiceLocatorImpl$9.compute(ServiceLocatorImpl.java:1368)
	at org.glassfish.hk2.utilities.cache.internal.WeakCARCacheImpl.compute(WeakCARCacheImpl.java:116)
	at org.jvnet.hk2.internal.ServiceLocatorImpl.internalGetAllServiceHandles(ServiceLocatorImpl.java:1430)
	at org.jvnet.hk2.internal.ServiceLocatorImpl.getAllServiceHandles(ServiceLocatorImpl.java:1355)
	at org.jvnet.hk2.internal.ServiceLocatorImpl.getAllServiceHandles(ServiceLocatorImpl.java:1344)
	at org.glassfish.jersey.internal.inject.Providers.getServiceHandles(Providers.java:354)
	at org.glassfish.jersey.internal.inject.Providers.getCustomProviders(Providers.java:201)
	at org.glassfish.jersey.message.internal.MessageBodyFactory.&lt;init&gt;(MessageBodyFactory.java:221)
	at java.base/jdk.internal.reflect.NativeConstructorAccessorImpl.newInstance0(Native Method)
	at java.base/jdk.internal.reflect.NativeConstructorAccessorImpl.newInstance(NativeConstructorAccessorImpl.java:62)
	at java.base/jdk.internal.reflect.DelegatingConstructorAccessorImpl.newInstance(DelegatingConstructorAccessorImpl.java:45)
	at java.base/java.lang.reflect.Constructor.newInstance(Constructor.java:488)
	at org.glassfish.hk2.utilities.reflection.ReflectionHelper.makeMe(ReflectionHelper.java:1375)
	at org.jvnet.hk2.internal.ClazzCreator.createMe(ClazzCreator.java:272)
	at org.jvnet.hk2.internal.ClazzCreator.create(ClazzCreator.java:366)
	at org.jvnet.hk2.internal.SystemDescriptor.create(SystemDescriptor.java:487)
	at org.jvnet.hk2.internal.SingletonContext$1.compute(SingletonContext.java:83)
	at org.jvnet.hk2.internal.SingletonContext$1.compute(SingletonContext.java:71)
	at org.glassfish.hk2.utilities.cache.Cache$OriginThreadAwareFuture$1.call(Cache.java:97)
	at java.base/java.util.concurrent.FutureTask.run(FutureTask.java:264)
	at org.glassfish.hk2.utilities.cache.Cache$OriginThreadAwareFuture.run(Cache.java:154)
	at org.glassfish.hk2.utilities.cache.Cache.compute(Cache.java:199)
	at org.jvnet.hk2.internal.SingletonContext.findOrCreate(SingletonContext.java:122)
	at org.jvnet.hk2.internal.Utilities.createService(Utilities.java:2022)
	at org.jvnet.hk2.internal.ServiceLocatorImpl.internalGetService(ServiceLocatorImpl.java:774)
	at org.jvnet.hk2.internal.ServiceLocatorImpl.internalGetService(ServiceLocatorImpl.java:737)
	at org.jvnet.hk2.internal.ServiceLocatorImpl.getService(ServiceLocatorImpl.java:707)
	at org.glassfish.jersey.server.model.ComponentModelValidator.&lt;init&gt;(ComponentModelValidator.java:97)
	at org.glassfish.jersey.server.ApplicationHandler.initialize(ApplicationHandler.java:549)
	at org.glassfish.jersey.server.ApplicationHandler.access$500(ApplicationHandler.java:184)
	at org.glassfish.jersey.server.ApplicationHandler$3.call(ApplicationHandler.java:350)
	at org.glassfish.jersey.server.ApplicationHandler$3.call(ApplicationHandler.java:347)
	at org.glassfish.jersey.internal.Errors.process(Errors.java:315)
	at org.glassfish.jersey.internal.Errors.process(Errors.java:297)
	at org.glassfish.jersey.internal.Errors.processWithException(Errors.java:255)
	at org.glassfish.jersey.server.ApplicationHandler.&lt;init&gt;(ApplicationHandler.java:347)
	at org.glassfish.jersey.server.ApplicationHandler.&lt;init&gt;(ApplicationHandler.java:311)
	at org.glassfish.jersey.grizzly2.httpserver.GrizzlyHttpContainer.&lt;init&gt;(GrizzlyHttpContainer.java:337)
	at org.glassfish.jersey.grizzly2.httpserver.GrizzlyHttpServerFactory.createHttpServer(GrizzlyHttpServerFactory.java:119)
	at com.example.Main.startServer(Main.java:30)
	at com.example.MyResourceTest.setUp(MyResourceTest.java:22)
	at java.base/jdk.internal.reflect.NativeMethodAccessorImpl.invoke0(Native Method)
	at java.base/jdk.internal.reflect.NativeMethodAccessorImpl.invoke(NativeMethodAccessorImpl.java:62)
	at java.base/jdk.internal.reflect.DelegatingMethodAccessorImpl.invoke(DelegatingMethodAccessorImpl.java:43)
	at java.base/java.lang.reflect.Method.invoke(Method.java:564)
	at org.junit.runners.model.FrameworkMethod$1.runReflectiveCall(FrameworkMethod.java:44)
	at org.junit.internal.runners.model.ReflectiveCallable.run(ReflectiveCallable.java:15)
	at org.junit.runners.model.FrameworkMethod.invokeExplosively(FrameworkMethod.java:41)
	at org.junit.internal.runners.statements.RunBefores.evaluate(RunBefores.java:27)
	at org.junit.internal.runners.statements.RunAfters.evaluate(RunAfters.java:31)
	at org.junit.runners.ParentRunner.runLeaf(ParentRunner.java:263)
	at org.junit.runners.BlockJUnit4ClassRunner.runChild(BlockJUnit4ClassRunner.java:69)
	at org.junit.runners.BlockJUnit4ClassRunner.runChild(BlockJUnit4ClassRunner.java:48)
	at org.junit.runners.ParentRunner$3.run(ParentRunner.java:231)
	at org.junit.runners.ParentRunner$1.schedule(ParentRunner.java:60)
	at org.junit.runners.ParentRunner.runChildren(ParentRunner.java:229)
	at org.junit.runners.ParentRunner.access$000(ParentRunner.java:50)
	at org.junit.runners.ParentRunner$2.evaluate(ParentRunner.java:222)
	at org.junit.runners.ParentRunner.run(ParentRunner.java:292)
	at org.apache.maven.surefire.junit4.JUnit4Provider.execute(JUnit4Provider.java:252)
	at org.apache.maven.surefire.junit4.JUnit4Provider.executeTestSet(JUnit4Provider.java:141)
	at org.apache.maven.surefire.junit4.JUnit4Provider.invoke(JUnit4Provider.java:112)
	at java.base/jdk.internal.reflect.NativeMethodAccessorImpl.invoke0(Native Method)
	at java.base/jdk.internal.reflect.NativeMethodAccessorImpl.invoke(NativeMethodAccessorImpl.java:62)
	at java.base/jdk.internal.reflect.DelegatingMethodAccessorImpl.invoke(DelegatingMethodAccessorImpl.java:43)
	at java.base/java.lang.reflect.Method.invoke(Method.java:564)
	at org.apache.maven.surefire.util.ReflectionUtils.invokeMethodWithArray(ReflectionUtils.java:189)
	at org.apache.maven.surefire.booter.ProviderFactory$ProviderProxy.invoke(ProviderFactory.java:165)
	at org.apache.maven.surefire.booter.ProviderFactory.invokeProvider(ProviderFactory.java:85)
	at org.apache.maven.surefire.booter.ForkedBooter.runSuitesInProcess(ForkedBooter.java:115)
	at org.apache.maven.surefire.booter.ForkedBooter.main(ForkedBooter.java:75)

WARNING: HK2 service reification failed for [org.glassfish.jersey.jaxb.internal.XmlRootObjectJaxbProvider$General] with an exception:
MultiException stack 1 of 2
java.lang.NoClassDefFoundError: javax/xml/bind/PropertyException
	at java.base/java.lang.Class.getDeclaredConstructors0(Native Method)
	at java.base/java.lang.Class.privateGetDeclaredConstructors(Class.java:3090)
	at java.base/java.lang.Class.getDeclaredConstructors(Class.java:2316)
	at org.jvnet.hk2.internal.Utilities$3.run(Utilities.java:1308)
	at org.jvnet.hk2.internal.Utilities$3.run(Utilities.java:1304)
	at java.base/java.security.AccessController.doPrivileged(Native Method)
	at org.jvnet.hk2.internal.Utilities.getAllConstructors(Utilities.java:1304)
	at org.jvnet.hk2.internal.Utilities.findProducerConstructor(Utilities.java:1247)
	at org.jvnet.hk2.internal.DefaultClassAnalyzer.getConstructor(DefaultClassAnalyzer.java:83)
	at org.glassfish.jersey.internal.inject.JerseyClassAnalyzer.getConstructor(JerseyClassAnalyzer.java:144)
	at org.jvnet.hk2.internal.Utilities.getConstructor(Utilities.java:178)
	at org.jvnet.hk2.internal.ClazzCreator.initialize(ClazzCreator.java:129)
	at org.jvnet.hk2.internal.ClazzCreator.initialize(ClazzCreator.java:180)
	at org.jvnet.hk2.internal.SystemDescriptor.internalReify(SystemDescriptor.java:740)
	at org.jvnet.hk2.internal.SystemDescriptor.reify(SystemDescriptor.java:694)
	at org.jvnet.hk2.internal.ServiceLocatorImpl.reifyDescriptor(ServiceLocatorImpl.java:461)
	at org.jvnet.hk2.internal.ServiceLocatorImpl.narrow(ServiceLocatorImpl.java:2288)
	at org.jvnet.hk2.internal.ServiceLocatorImpl.access$1200(ServiceLocatorImpl.java:125)
	at org.jvnet.hk2.internal.ServiceLocatorImpl$9.compute(ServiceLocatorImpl.java:1373)
	at org.jvnet.hk2.internal.ServiceLocatorImpl$9.compute(ServiceLocatorImpl.java:1368)
	at org.glassfish.hk2.utilities.cache.internal.WeakCARCacheImpl.compute(WeakCARCacheImpl.java:116)
	at org.jvnet.hk2.internal.ServiceLocatorImpl.internalGetAllServiceHandles(ServiceLocatorImpl.java:1430)
	at org.jvnet.hk2.internal.ServiceLocatorImpl.getAllServiceHandles(ServiceLocatorImpl.java:1355)
	at org.jvnet.hk2.internal.ServiceLocatorImpl.getAllServiceHandles(ServiceLocatorImpl.java:1344)
	at org.glassfish.jersey.internal.inject.Providers.getServiceHandles(Providers.java:354)
	at org.glassfish.jersey.internal.inject.Providers.getCustomProviders(Providers.java:201)
	at org.glassfish.jersey.message.internal.MessageBodyFactory.&lt;init&gt;(MessageBodyFactory.java:221)
	at java.base/jdk.internal.reflect.NativeConstructorAccessorImpl.newInstance0(Native Method)
	at java.base/jdk.internal.reflect.NativeConstructorAccessorImpl.newInstance(NativeConstructorAccessorImpl.java:62)
	at java.base/jdk.internal.reflect.DelegatingConstructorAccessorImpl.newInstance(DelegatingConstructorAccessorImpl.java:45)
	at java.base/java.lang.reflect.Constructor.newInstance(Constructor.java:488)
	at org.glassfish.hk2.utilities.reflection.ReflectionHelper.makeMe(ReflectionHelper.java:1375)
	at org.jvnet.hk2.internal.ClazzCreator.createMe(ClazzCreator.java:272)
	at org.jvnet.hk2.internal.ClazzCreator.create(ClazzCreator.java:366)
	at org.jvnet.hk2.internal.SystemDescriptor.create(SystemDescriptor.java:487)
	at org.jvnet.hk2.internal.SingletonContext$1.compute(SingletonContext.java:83)
	at org.jvnet.hk2.internal.SingletonContext$1.compute(SingletonContext.java:71)
	at org.glassfish.hk2.utilities.cache.Cache$OriginThreadAwareFuture$1.call(Cache.java:97)
	at java.base/java.util.concurrent.FutureTask.run(FutureTask.java:264)
	at org.glassfish.hk2.utilities.cache.Cache$OriginThreadAwareFuture.run(Cache.java:154)
	at org.glassfish.hk2.utilities.cache.Cache.compute(Cache.java:199)
	at org.jvnet.hk2.internal.SingletonContext.findOrCreate(SingletonContext.java:122)
	at org.jvnet.hk2.internal.Utilities.createService(Utilities.java:2022)
	at org.jvnet.hk2.internal.ServiceLocatorImpl.internalGetService(ServiceLocatorImpl.java:774)
	at org.jvnet.hk2.internal.ServiceLocatorImpl.internalGetService(ServiceLocatorImpl.java:737)
	at org.jvnet.hk2.internal.ServiceLocatorImpl.getService(ServiceLocatorImpl.java:707)
	at org.glassfish.jersey.server.model.ComponentModelValidator.&lt;init&gt;(ComponentModelValidator.java:97)
	at org.glassfish.jersey.server.ApplicationHandler.initialize(ApplicationHandler.java:549)
	at org.glassfish.jersey.server.ApplicationHandler.access$500(ApplicationHandler.java:184)
	at org.glassfish.jersey.server.ApplicationHandler$3.call(ApplicationHandler.java:350)
	at org.glassfish.jersey.server.ApplicationHandler$3.call(ApplicationHandler.java:347)
	at org.glassfish.jersey.internal.Errors.process(Errors.java:315)
	at org.glassfish.jersey.internal.Errors.process(Errors.java:297)
	at org.glassfish.jersey.internal.Errors.processWithException(Errors.java:255)
	at org.glassfish.jersey.server.ApplicationHandler.&lt;init&gt;(ApplicationHandler.java:347)
	at org.glassfish.jersey.server.ApplicationHandler.&lt;init&gt;(ApplicationHandler.java:311)
	at org.glassfish.jersey.grizzly2.httpserver.GrizzlyHttpContainer.&lt;init&gt;(GrizzlyHttpContainer.java:337)
	at org.glassfish.jersey.grizzly2.httpserver.GrizzlyHttpServerFactory.createHttpServer(GrizzlyHttpServerFactory.java:119)
	at com.example.Main.startServer(Main.java:30)
	at com.example.MyResourceTest.setUp(MyResourceTest.java:22)
	at java.base/jdk.internal.reflect.NativeMethodAccessorImpl.invoke0(Native Method)
	at java.base/jdk.internal.reflect.NativeMethodAccessorImpl.invoke(NativeMethodAccessorImpl.java:62)
	at java.base/jdk.internal.reflect.DelegatingMethodAccessorImpl.invoke(DelegatingMethodAccessorImpl.java:43)
	at java.base/java.lang.reflect.Method.invoke(Method.java:564)
	at org.junit.runners.model.FrameworkMethod$1.runReflectiveCall(FrameworkMethod.java:44)
	at org.junit.internal.runners.model.ReflectiveCallable.run(ReflectiveCallable.java:15)
	at org.junit.runners.model.FrameworkMethod.invokeExplosively(FrameworkMethod.java:41)
	at org.junit.internal.runners.statements.RunBefores.evaluate(RunBefores.java:27)
	at org.junit.internal.runners.statements.RunAfters.evaluate(RunAfters.java:31)
	at org.junit.runners.ParentRunner.runLeaf(ParentRunner.java:263)
	at org.junit.runners.BlockJUnit4ClassRunner.runChild(BlockJUnit4ClassRunner.java:69)
	at org.junit.runners.BlockJUnit4ClassRunner.runChild(BlockJUnit4ClassRunner.java:48)
	at org.junit.runners.ParentRunner$3.run(ParentRunner.java:231)
	at org.junit.runners.ParentRunner$1.schedule(ParentRunner.java:60)
	at org.junit.runners.ParentRunner.runChildren(ParentRunner.java:229)
	at org.junit.runners.ParentRunner.access$000(ParentRunner.java:50)
	at org.junit.runners.ParentRunner$2.evaluate(ParentRunner.java:222)
	at org.junit.runners.ParentRunner.run(ParentRunner.java:292)
	at org.apache.maven.surefire.junit4.JUnit4Provider.execute(JUnit4Provider.java:252)
	at org.apache.maven.surefire.junit4.JUnit4Provider.executeTestSet(JUnit4Provider.java:141)
	at org.apache.maven.surefire.junit4.JUnit4Provider.invoke(JUnit4Provider.java:112)
	at java.base/jdk.internal.reflect.NativeMethodAccessorImpl.invoke0(Native Method)
	at java.base/jdk.internal.reflect.NativeMethodAccessorImpl.invoke(NativeMethodAccessorImpl.java:62)
	at java.base/jdk.internal.reflect.DelegatingMethodAccessorImpl.invoke(DelegatingMethodAccessorImpl.java:43)
	at java.base/java.lang.reflect.Method.invoke(Method.java:564)
	at org.apache.maven.surefire.util.ReflectionUtils.invokeMethodWithArray(ReflectionUtils.java:189)
	at org.apache.maven.surefire.booter.ProviderFactory$ProviderProxy.invoke(ProviderFactory.java:165)
	at org.apache.maven.surefire.booter.ProviderFactory.invokeProvider(ProviderFactory.java:85)
	at org.apache.maven.surefire.booter.ForkedBooter.runSuitesInProcess(ForkedBooter.java:115)
	at org.apache.maven.surefire.booter.ForkedBooter.main(ForkedBooter.java:75)
Caused by: java.lang.ClassNotFoundException: javax.xml.bind.PropertyException
	at java.base/jdk.internal.loader.BuiltinClassLoader.loadClass(BuiltinClassLoader.java:582)
	at java.base/jdk.internal.loader.ClassLoaders$AppClassLoader.loadClass(ClassLoaders.java:190)
	at java.base/java.lang.ClassLoader.loadClass(ClassLoader.java:499)
	... 90 more
MultiException stack 2 of 2
java.lang.IllegalArgumentException: Errors were discovered while reifying SystemDescriptor(
	implementation=org.glassfish.jersey.jaxb.internal.XmlRootObjectJaxbProvider$General
	contracts={javax.ws.rs.ext.MessageBodyReader}
	scope=javax.inject.Singleton
	qualifiers={}
	descriptorType=CLASS
	descriptorVisibility=NORMAL
	metadata=
	rank=0
	loader=org.glassfish.hk2.utilities.binding.AbstractBinder$2@16fdec90
	proxiable=null
	proxyForSameScope=null
	analysisName=null
	id=112
	locatorId=0
	identityHashCode=1958402562
	reified=false)
	at org.jvnet.hk2.internal.SystemDescriptor.reify(SystemDescriptor.java:705)
	at org.jvnet.hk2.internal.ServiceLocatorImpl.reifyDescriptor(ServiceLocatorImpl.java:461)
	at org.jvnet.hk2.internal.ServiceLocatorImpl.narrow(ServiceLocatorImpl.java:2288)
	at org.jvnet.hk2.internal.ServiceLocatorImpl.access$1200(ServiceLocatorImpl.java:125)
	at org.jvnet.hk2.internal.ServiceLocatorImpl$9.compute(ServiceLocatorImpl.java:1373)
	at org.jvnet.hk2.internal.ServiceLocatorImpl$9.compute(ServiceLocatorImpl.java:1368)
	at org.glassfish.hk2.utilities.cache.internal.WeakCARCacheImpl.compute(WeakCARCacheImpl.java:116)
	at org.jvnet.hk2.internal.ServiceLocatorImpl.internalGetAllServiceHandles(ServiceLocatorImpl.java:1430)
	at org.jvnet.hk2.internal.ServiceLocatorImpl.getAllServiceHandles(ServiceLocatorImpl.java:1355)
	at org.jvnet.hk2.internal.ServiceLocatorImpl.getAllServiceHandles(ServiceLocatorImpl.java:1344)
	at org.glassfish.jersey.internal.inject.Providers.getServiceHandles(Providers.java:354)
	at org.glassfish.jersey.internal.inject.Providers.getCustomProviders(Providers.java:201)
	at org.glassfish.jersey.message.internal.MessageBodyFactory.&lt;init&gt;(MessageBodyFactory.java:221)
	at java.base/jdk.internal.reflect.NativeConstructorAccessorImpl.newInstance0(Native Method)
	at java.base/jdk.internal.reflect.NativeConstructorAccessorImpl.newInstance(NativeConstructorAccessorImpl.java:62)
	at java.base/jdk.internal.reflect.DelegatingConstructorAccessorImpl.newInstance(DelegatingConstructorAccessorImpl.java:45)
	at java.base/java.lang.reflect.Constructor.newInstance(Constructor.java:488)
	at org.glassfish.hk2.utilities.reflection.ReflectionHelper.makeMe(ReflectionHelper.java:1375)
	at org.jvnet.hk2.internal.ClazzCreator.createMe(ClazzCreator.java:272)
	at org.jvnet.hk2.internal.ClazzCreator.create(ClazzCreator.java:366)
	at org.jvnet.hk2.internal.SystemDescriptor.create(SystemDescriptor.java:487)
	at org.jvnet.hk2.internal.SingletonContext$1.compute(SingletonContext.java:83)
	at org.jvnet.hk2.internal.SingletonContext$1.compute(SingletonContext.java:71)
	at org.glassfish.hk2.utilities.cache.Cache$OriginThreadAwareFuture$1.call(Cache.java:97)
	at java.base/java.util.concurrent.FutureTask.run(FutureTask.java:264)
	at org.glassfish.hk2.utilities.cache.Cache$OriginThreadAwareFuture.run(Cache.java:154)
	at org.glassfish.hk2.utilities.cache.Cache.compute(Cache.java:199)
	at org.jvnet.hk2.internal.SingletonContext.findOrCreate(SingletonContext.java:122)
	at org.jvnet.hk2.internal.Utilities.createService(Utilities.java:2022)
	at org.jvnet.hk2.internal.ServiceLocatorImpl.internalGetService(ServiceLocatorImpl.java:774)
	at org.jvnet.hk2.internal.ServiceLocatorImpl.internalGetService(ServiceLocatorImpl.java:737)
	at org.jvnet.hk2.internal.ServiceLocatorImpl.getService(ServiceLocatorImpl.java:707)
	at org.glassfish.jersey.server.model.ComponentModelValidator.&lt;init&gt;(ComponentModelValidator.java:97)
	at org.glassfish.jersey.server.ApplicationHandler.initialize(ApplicationHandler.java:549)
	at org.glassfish.jersey.server.ApplicationHandler.access$500(ApplicationHandler.java:184)
	at org.glassfish.jersey.server.ApplicationHandler$3.call(ApplicationHandler.java:350)
	at org.glassfish.jersey.server.ApplicationHandler$3.call(ApplicationHandler.java:347)
	at org.glassfish.jersey.internal.Errors.process(Errors.java:315)
	at org.glassfish.jersey.internal.Errors.process(Errors.java:297)
	at org.glassfish.jersey.internal.Errors.processWithException(Errors.java:255)
	at org.glassfish.jersey.server.ApplicationHandler.&lt;init&gt;(ApplicationHandler.java:347)
	at org.glassfish.jersey.server.ApplicationHandler.&lt;init&gt;(ApplicationHandler.java:311)
	at org.glassfish.jersey.grizzly2.httpserver.GrizzlyHttpContainer.&lt;init&gt;(GrizzlyHttpContainer.java:337)
	at org.glassfish.jersey.grizzly2.httpserver.GrizzlyHttpServerFactory.createHttpServer(GrizzlyHttpServerFactory.java:119)
	at com.example.Main.startServer(Main.java:30)
	at com.example.MyResourceTest.setUp(MyResourceTest.java:22)
	at java.base/jdk.internal.reflect.NativeMethodAccessorImpl.invoke0(Native Method)
	at java.base/jdk.internal.reflect.NativeMethodAccessorImpl.invoke(NativeMethodAccessorImpl.java:62)
	at java.base/jdk.internal.reflect.DelegatingMethodAccessorImpl.invoke(DelegatingMethodAccessorImpl.java:43)
	at java.base/java.lang.reflect.Method.invoke(Method.java:564)
	at org.junit.runners.model.FrameworkMethod$1.runReflectiveCall(FrameworkMethod.java:44)
	at org.junit.internal.runners.model.ReflectiveCallable.run(ReflectiveCallable.java:15)
	at org.junit.runners.model.FrameworkMethod.invokeExplosively(FrameworkMethod.java:41)
	at org.junit.internal.runners.statements.RunBefores.evaluate(RunBefores.java:27)
	at org.junit.internal.runners.statements.RunAfters.evaluate(RunAfters.java:31)
	at org.junit.runners.ParentRunner.runLeaf(ParentRunner.java:263)
	at org.junit.runners.BlockJUnit4ClassRunner.runChild(BlockJUnit4ClassRunner.java:69)
	at org.junit.runners.BlockJUnit4ClassRunner.runChild(BlockJUnit4ClassRunner.java:48)
	at org.junit.runners.ParentRunner$3.run(ParentRunner.java:231)
	at org.junit.runners.ParentRunner$1.schedule(ParentRunner.java:60)
	at org.junit.runners.ParentRunner.runChildren(ParentRunner.java:229)
	at org.junit.runners.ParentRunner.access$000(ParentRunner.java:50)
	at org.junit.runners.ParentRunner$2.evaluate(ParentRunner.java:222)
	at org.junit.runners.ParentRunner.run(ParentRunner.java:292)
	at org.apache.maven.surefire.junit4.JUnit4Provider.execute(JUnit4Provider.java:252)
	at org.apache.maven.surefire.junit4.JUnit4Provider.executeTestSet(JUnit4Provider.java:141)
	at org.apache.maven.surefire.junit4.JUnit4Provider.invoke(JUnit4Provider.java:112)
	at java.base/jdk.internal.reflect.NativeMethodAccessorImpl.invoke0(Native Method)
	at java.base/jdk.internal.reflect.NativeMethodAccessorImpl.invoke(NativeMethodAccessorImpl.java:62)
	at java.base/jdk.internal.reflect.DelegatingMethodAccessorImpl.invoke(DelegatingMethodAccessorImpl.java:43)
	at java.base/java.lang.reflect.Method.invoke(Method.java:564)
	at org.apache.maven.surefire.util.ReflectionUtils.invokeMethodWithArray(ReflectionUtils.java:189)
	at org.apache.maven.surefire.booter.ProviderFactory$ProviderProxy.invoke(ProviderFactory.java:165)
	at org.apache.maven.surefire.booter.ProviderFactory.invokeProvider(ProviderFactory.java:85)
	at org.apache.maven.surefire.booter.ForkedBooter.runSuitesInProcess(ForkedBooter.java:115)
	at org.apache.maven.surefire.booter.ForkedBooter.main(ForkedBooter.java:75)

WARNING: HK2 service reification failed for [org.glassfish.jersey.message.internal.DataSourceProvider] with an exception:
MultiException stack 1 of 2
java.lang.NoClassDefFoundError: javax/activation/DataSource
	at java.base/java.lang.Class.getDeclaredConstructors0(Native Method)
	at java.base/java.lang.Class.privateGetDeclaredConstructors(Class.java:3090)
	at java.base/java.lang.Class.getDeclaredConstructors(Class.java:2316)
	at org.jvnet.hk2.internal.Utilities$3.run(Utilities.java:1308)
	at org.jvnet.hk2.internal.Utilities$3.run(Utilities.java:1304)
	at java.base/java.security.AccessController.doPrivileged(Native Method)
	at org.jvnet.hk2.internal.Utilities.getAllConstructors(Utilities.java:1304)
	at org.jvnet.hk2.internal.Utilities.findProducerConstructor(Utilities.java:1247)
	at org.jvnet.hk2.internal.DefaultClassAnalyzer.getConstructor(DefaultClassAnalyzer.java:83)
	at org.glassfish.jersey.internal.inject.JerseyClassAnalyzer.getConstructor(JerseyClassAnalyzer.java:144)
	at org.jvnet.hk2.internal.Utilities.getConstructor(Utilities.java:178)
	at org.jvnet.hk2.internal.ClazzCreator.initialize(ClazzCreator.java:129)
	at org.jvnet.hk2.internal.ClazzCreator.initialize(ClazzCreator.java:180)
	at org.jvnet.hk2.internal.SystemDescriptor.internalReify(SystemDescriptor.java:740)
	at org.jvnet.hk2.internal.SystemDescriptor.reify(SystemDescriptor.java:694)
	at org.jvnet.hk2.internal.ServiceLocatorImpl.reifyDescriptor(ServiceLocatorImpl.java:461)
	at org.jvnet.hk2.internal.ServiceLocatorImpl.narrow(ServiceLocatorImpl.java:2288)
	at org.jvnet.hk2.internal.ServiceLocatorImpl.access$1200(ServiceLocatorImpl.java:125)
	at org.jvnet.hk2.internal.ServiceLocatorImpl$9.compute(ServiceLocatorImpl.java:1373)
	at org.jvnet.hk2.internal.ServiceLocatorImpl$9.compute(ServiceLocatorImpl.java:1368)
	at org.glassfish.hk2.utilities.cache.internal.WeakCARCacheImpl.compute(WeakCARCacheImpl.java:116)
	at org.jvnet.hk2.internal.ServiceLocatorImpl.internalGetAllServiceHandles(ServiceLocatorImpl.java:1430)
	at org.jvnet.hk2.internal.ServiceLocatorImpl.getAllServiceHandles(ServiceLocatorImpl.java:1355)
	at org.jvnet.hk2.internal.ServiceLocatorImpl.getAllServiceHandles(ServiceLocatorImpl.java:1344)
	at org.glassfish.jersey.internal.inject.Providers.getServiceHandles(Providers.java:354)
	at org.glassfish.jersey.internal.inject.Providers.getProviders(Providers.java:187)
	at org.glassfish.jersey.message.internal.MessageBodyFactory.&lt;init&gt;(MessageBodyFactory.java:222)
	at java.base/jdk.internal.reflect.NativeConstructorAccessorImpl.newInstance0(Native Method)
	at java.base/jdk.internal.reflect.NativeConstructorAccessorImpl.newInstance(NativeConstructorAccessorImpl.java:62)
	at java.base/jdk.internal.reflect.DelegatingConstructorAccessorImpl.newInstance(DelegatingConstructorAccessorImpl.java:45)
	at java.base/java.lang.reflect.Constructor.newInstance(Constructor.java:488)
	at org.glassfish.hk2.utilities.reflection.ReflectionHelper.makeMe(ReflectionHelper.java:1375)
	at org.jvnet.hk2.internal.ClazzCreator.createMe(ClazzCreator.java:272)
	at org.jvnet.hk2.internal.ClazzCreator.create(ClazzCreator.java:366)
	at org.jvnet.hk2.internal.SystemDescriptor.create(SystemDescriptor.java:487)
	at org.jvnet.hk2.internal.SingletonContext$1.compute(SingletonContext.java:83)
	at org.jvnet.hk2.internal.SingletonContext$1.compute(SingletonContext.java:71)
	at org.glassfish.hk2.utilities.cache.Cache$OriginThreadAwareFuture$1.call(Cache.java:97)
	at java.base/java.util.concurrent.FutureTask.run(FutureTask.java:264)
	at org.glassfish.hk2.utilities.cache.Cache$OriginThreadAwareFuture.run(Cache.java:154)
	at org.glassfish.hk2.utilities.cache.Cache.compute(Cache.java:199)
	at org.jvnet.hk2.internal.SingletonContext.findOrCreate(SingletonContext.java:122)
	at org.jvnet.hk2.internal.Utilities.createService(Utilities.java:2022)
	at org.jvnet.hk2.internal.ServiceLocatorImpl.internalGetService(ServiceLocatorImpl.java:774)
	at org.jvnet.hk2.internal.ServiceLocatorImpl.internalGetService(ServiceLocatorImpl.java:737)
	at org.jvnet.hk2.internal.ServiceLocatorImpl.getService(ServiceLocatorImpl.java:707)
	at org.glassfish.jersey.server.model.ComponentModelValidator.&lt;init&gt;(ComponentModelValidator.java:97)
	at org.glassfish.jersey.server.ApplicationHandler.initialize(ApplicationHandler.java:549)
	at org.glassfish.jersey.server.ApplicationHandler.access$500(ApplicationHandler.java:184)
	at org.glassfish.jersey.server.ApplicationHandler$3.call(ApplicationHandler.java:350)
	at org.glassfish.jersey.server.ApplicationHandler$3.call(ApplicationHandler.java:347)
	at org.glassfish.jersey.internal.Errors.process(Errors.java:315)
	at org.glassfish.jersey.internal.Errors.process(Errors.java:297)
	at org.glassfish.jersey.internal.Errors.processWithException(Errors.java:255)
	at org.glassfish.jersey.server.ApplicationHandler.&lt;init&gt;(ApplicationHandler.java:347)
	at org.glassfish.jersey.server.ApplicationHandler.&lt;init&gt;(ApplicationHandler.java:311)
	at org.glassfish.jersey.grizzly2.httpserver.GrizzlyHttpContainer.&lt;init&gt;(GrizzlyHttpContainer.java:337)
	at org.glassfish.jersey.grizzly2.httpserver.GrizzlyHttpServerFactory.createHttpServer(GrizzlyHttpServerFactory.java:119)
	at com.example.Main.startServer(Main.java:30)
	at com.example.MyResourceTest.setUp(MyResourceTest.java:22)
	at java.base/jdk.internal.reflect.NativeMethodAccessorImpl.invoke0(Native Method)
	at java.base/jdk.internal.reflect.NativeMethodAccessorImpl.invoke(NativeMethodAccessorImpl.java:62)
	at java.base/jdk.internal.reflect.DelegatingMethodAccessorImpl.invoke(DelegatingMethodAccessorImpl.java:43)
	at java.base/java.lang.reflect.Method.invoke(Method.java:564)
	at org.junit.runners.model.FrameworkMethod$1.runReflectiveCall(FrameworkMethod.java:44)
	at org.junit.internal.runners.model.ReflectiveCallable.run(ReflectiveCallable.java:15)
	at org.junit.runners.model.FrameworkMethod.invokeExplosively(FrameworkMethod.java:41)
	at org.junit.internal.runners.statements.RunBefores.evaluate(RunBefores.java:27)
	at org.junit.internal.runners.statements.RunAfters.evaluate(RunAfters.java:31)
	at org.junit.runners.ParentRunner.runLeaf(ParentRunner.java:263)
	at org.junit.runners.BlockJUnit4ClassRunner.runChild(BlockJUnit4ClassRunner.java:69)
	at org.junit.runners.BlockJUnit4ClassRunner.runChild(BlockJUnit4ClassRunner.java:48)
	at org.junit.runners.ParentRunner$3.run(ParentRunner.java:231)
	at org.junit.runners.ParentRunner$1.schedule(ParentRunner.java:60)
	at org.junit.runners.ParentRunner.runChildren(ParentRunner.java:229)
	at org.junit.runners.ParentRunner.access$000(ParentRunner.java:50)
	at org.junit.runners.ParentRunner$2.evaluate(ParentRunner.java:222)
	at org.junit.runners.ParentRunner.run(ParentRunner.java:292)
	at org.apache.maven.surefire.junit4.JUnit4Provider.execute(JUnit4Provider.java:252)
	at org.apache.maven.surefire.junit4.JUnit4Provider.executeTestSet(JUnit4Provider.java:141)
	at org.apache.maven.surefire.junit4.JUnit4Provider.invoke(JUnit4Provider.java:112)
	at java.base/jdk.internal.reflect.NativeMethodAccessorImpl.invoke0(Native Method)
	at java.base/jdk.internal.reflect.NativeMethodAccessorImpl.invoke(NativeMethodAccessorImpl.java:62)
	at java.base/jdk.internal.reflect.DelegatingMethodAccessorImpl.invoke(DelegatingMethodAccessorImpl.java:43)
	at java.base/java.lang.reflect.Method.invoke(Method.java:564)
	at org.apache.maven.surefire.util.ReflectionUtils.invokeMethodWithArray(ReflectionUtils.java:189)
	at org.apache.maven.surefire.booter.ProviderFactory$ProviderProxy.invoke(ProviderFactory.java:165)
	at org.apache.maven.surefire.booter.ProviderFactory.invokeProvider(ProviderFactory.java:85)
	at org.apache.maven.surefire.booter.ForkedBooter.runSuitesInProcess(ForkedBooter.java:115)
	at org.apache.maven.surefire.booter.ForkedBooter.main(ForkedBooter.java:75)
Caused by: java.lang.ClassNotFoundException: javax.activation.DataSource
	at java.base/jdk.internal.loader.BuiltinClassLoader.loadClass(BuiltinClassLoader.java:582)
	at java.base/jdk.internal.loader.ClassLoaders$AppClassLoader.loadClass(ClassLoaders.java:190)
	at java.base/java.lang.ClassLoader.loadClass(ClassLoader.java:499)
	... 90 more
MultiException stack 2 of 2
java.lang.IllegalArgumentException: Errors were discovered while reifying SystemDescriptor(
	implementation=org.glassfish.jersey.message.internal.DataSourceProvider
	contracts={javax.ws.rs.ext.MessageBodyWriter,javax.ws.rs.ext.MessageBodyReader}
	scope=javax.inject.Singleton
	qualifiers={}
	descriptorType=CLASS
	descriptorVisibility=NORMAL
	metadata=
	rank=0
	loader=org.glassfish.hk2.utilities.binding.AbstractBinder$2@2e1ef60
	proxiable=null
	proxyForSameScope=null
	analysisName=null
	id=51
	locatorId=0
	identityHashCode=573926093
	reified=false)
	at org.jvnet.hk2.internal.SystemDescriptor.reify(SystemDescriptor.java:705)
	at org.jvnet.hk2.internal.ServiceLocatorImpl.reifyDescriptor(ServiceLocatorImpl.java:461)
	at org.jvnet.hk2.internal.ServiceLocatorImpl.narrow(ServiceLocatorImpl.java:2288)
	at org.jvnet.hk2.internal.ServiceLocatorImpl.access$1200(ServiceLocatorImpl.java:125)
	at org.jvnet.hk2.internal.ServiceLocatorImpl$9.compute(ServiceLocatorImpl.java:1373)
	at org.jvnet.hk2.internal.ServiceLocatorImpl$9.compute(ServiceLocatorImpl.java:1368)
	at org.glassfish.hk2.utilities.cache.internal.WeakCARCacheImpl.compute(WeakCARCacheImpl.java:116)
	at org.jvnet.hk2.internal.ServiceLocatorImpl.internalGetAllServiceHandles(ServiceLocatorImpl.java:1430)
	at org.jvnet.hk2.internal.ServiceLocatorImpl.getAllServiceHandles(ServiceLocatorImpl.java:1355)
	at org.jvnet.hk2.internal.ServiceLocatorImpl.getAllServiceHandles(ServiceLocatorImpl.java:1344)
	at org.glassfish.jersey.internal.inject.Providers.getServiceHandles(Providers.java:354)
	at org.glassfish.jersey.internal.inject.Providers.getProviders(Providers.java:187)
	at org.glassfish.jersey.message.internal.MessageBodyFactory.&lt;init&gt;(MessageBodyFactory.java:222)
	at java.base/jdk.internal.reflect.NativeConstructorAccessorImpl.newInstance0(Native Method)
	at java.base/jdk.internal.reflect.NativeConstructorAccessorImpl.newInstance(NativeConstructorAccessorImpl.java:62)
	at java.base/jdk.internal.reflect.DelegatingConstructorAccessorImpl.newInstance(DelegatingConstructorAccessorImpl.java:45)
	at java.base/java.lang.reflect.Constructor.newInstance(Constructor.java:488)
	at org.glassfish.hk2.utilities.reflection.ReflectionHelper.makeMe(ReflectionHelper.java:1375)
	at org.jvnet.hk2.internal.ClazzCreator.createMe(ClazzCreator.java:272)
	at org.jvnet.hk2.internal.ClazzCreator.create(ClazzCreator.java:366)
	at org.jvnet.hk2.internal.SystemDescriptor.create(SystemDescriptor.java:487)
	at org.jvnet.hk2.internal.SingletonContext$1.compute(SingletonContext.java:83)
	at org.jvnet.hk2.internal.SingletonContext$1.compute(SingletonContext.java:71)
	at org.glassfish.hk2.utilities.cache.Cache$OriginThreadAwareFuture$1.call(Cache.java:97)
	at java.base/java.util.concurrent.FutureTask.run(FutureTask.java:264)
	at org.glassfish.hk2.utilities.cache.Cache$OriginThreadAwareFuture.run(Cache.java:154)
	at org.glassfish.hk2.utilities.cache.Cache.compute(Cache.java:199)
	at org.jvnet.hk2.internal.SingletonContext.findOrCreate(SingletonContext.java:122)
	at org.jvnet.hk2.internal.Utilities.createService(Utilities.java:2022)
	at org.jvnet.hk2.internal.ServiceLocatorImpl.internalGetService(ServiceLocatorImpl.java:774)
	at org.jvnet.hk2.internal.ServiceLocatorImpl.internalGetService(ServiceLocatorImpl.java:737)
	at org.jvnet.hk2.internal.ServiceLocatorImpl.getService(ServiceLocatorImpl.java:707)
	at org.glassfish.jersey.server.model.ComponentModelValidator.&lt;init&gt;(ComponentModelValidator.java:97)
	at org.glassfish.jersey.server.ApplicationHandler.initialize(ApplicationHandler.java:549)
	at org.glassfish.jersey.server.ApplicationHandler.access$500(ApplicationHandler.java:184)
	at org.glassfish.jersey.server.ApplicationHandler$3.call(ApplicationHandler.java:350)
	at org.glassfish.jersey.server.ApplicationHandler$3.call(ApplicationHandler.java:347)
	at org.glassfish.jersey.internal.Errors.process(Errors.java:315)
	at org.glassfish.jersey.internal.Errors.process(Errors.java:297)
	at org.glassfish.jersey.internal.Errors.processWithException(Errors.java:255)
	at org.glassfish.jersey.server.ApplicationHandler.&lt;init&gt;(ApplicationHandler.java:347)
	at org.glassfish.jersey.server.ApplicationHandler.&lt;init&gt;(ApplicationHandler.java:311)
	at org.glassfish.jersey.grizzly2.httpserver.GrizzlyHttpContainer.&lt;init&gt;(GrizzlyHttpContainer.java:337)
	at org.glassfish.jersey.grizzly2.httpserver.GrizzlyHttpServerFactory.createHttpServer(GrizzlyHttpServerFactory.java:119)
	at com.example.Main.startServer(Main.java:30)
	at com.example.MyResourceTest.setUp(MyResourceTest.java:22)
	at java.base/jdk.internal.reflect.NativeMethodAccessorImpl.invoke0(Native Method)
	at java.base/jdk.internal.reflect.NativeMethodAccessorImpl.invoke(NativeMethodAccessorImpl.java:62)
	at java.base/jdk.internal.reflect.DelegatingMethodAccessorImpl.invoke(DelegatingMethodAccessorImpl.java:43)
	at java.base/java.lang.reflect.Method.invoke(Method.java:564)
	at org.junit.runners.model.FrameworkMethod$1.runReflectiveCall(FrameworkMethod.java:44)
	at org.junit.internal.runners.model.ReflectiveCallable.run(ReflectiveCallable.java:15)
	at org.junit.runners.model.FrameworkMethod.invokeExplosively(FrameworkMethod.java:41)
	at org.junit.internal.runners.statements.RunBefores.evaluate(RunBefores.java:27)
	at org.junit.internal.runners.statements.RunAfters.evaluate(RunAfters.java:31)
	at org.junit.runners.ParentRunner.runLeaf(ParentRunner.java:263)
	at org.junit.runners.BlockJUnit4ClassRunner.runChild(BlockJUnit4ClassRunner.java:69)
	at org.junit.runners.BlockJUnit4ClassRunner.runChild(BlockJUnit4ClassRunner.java:48)
	at org.junit.runners.ParentRunner$3.run(ParentRunner.java:231)
	at org.junit.runners.ParentRunner$1.schedule(ParentRunner.java:60)
	at org.junit.runners.ParentRunner.runChildren(ParentRunner.java:229)
	at org.junit.runners.ParentRunner.access$000(ParentRunner.java:50)
	at org.junit.runners.ParentRunner$2.evaluate(ParentRunner.java:222)
	at org.junit.runners.ParentRunner.run(ParentRunner.java:292)
	at org.apache.maven.surefire.junit4.JUnit4Provider.execute(JUnit4Provider.java:252)
	at org.apache.maven.surefire.junit4.JUnit4Provider.executeTestSet(JUnit4Provider.java:141)
	at org.apache.maven.surefire.junit4.JUnit4Provider.invoke(JUnit4Provider.java:112)
	at java.base/jdk.internal.reflect.NativeMethodAccessorImpl.invoke0(Native Method)
	at java.base/jdk.internal.reflect.NativeMethodAccessorImpl.invoke(NativeMethodAccessorImpl.java:62)
	at java.base/jdk.internal.reflect.DelegatingMethodAccessorImpl.invoke(DelegatingMethodAccessorImpl.java:43)
	at java.base/java.lang.reflect.Method.invoke(Method.java:564)
	at org.apache.maven.surefire.util.ReflectionUtils.invokeMethodWithArray(ReflectionUtils.java:189)
	at org.apache.maven.surefire.booter.ProviderFactory$ProviderProxy.invoke(ProviderFactory.java:165)
	at org.apache.maven.surefire.booter.ProviderFactory.invokeProvider(ProviderFactory.java:85)
	at org.apache.maven.surefire.booter.ForkedBooter.runSuitesInProcess(ForkedBooter.java:115)
	at org.apache.maven.surefire.booter.ForkedBooter.main(ForkedBooter.java:75)

WARNING: HK2 service reification failed for [org.glassfish.jersey.jaxb.internal.XmlJaxbElementProvider$App] with an exception:
MultiException stack 1 of 2
java.lang.NoClassDefFoundError: javax/xml/bind/PropertyException
	at java.base/java.lang.Class.getDeclaredConstructors0(Native Method)
	at java.base/java.lang.Class.privateGetDeclaredConstructors(Class.java:3090)
	at java.base/java.lang.Class.getDeclaredConstructors(Class.java:2316)
	at org.jvnet.hk2.internal.Utilities$3.run(Utilities.java:1308)
	at org.jvnet.hk2.internal.Utilities$3.run(Utilities.java:1304)
	at java.base/java.security.AccessController.doPrivileged(Native Method)
	at org.jvnet.hk2.internal.Utilities.getAllConstructors(Utilities.java:1304)
	at org.jvnet.hk2.internal.Utilities.findProducerConstructor(Utilities.java:1247)
	at org.jvnet.hk2.internal.DefaultClassAnalyzer.getConstructor(DefaultClassAnalyzer.java:83)
	at org.glassfish.jersey.internal.inject.JerseyClassAnalyzer.getConstructor(JerseyClassAnalyzer.java:144)
	at org.jvnet.hk2.internal.Utilities.getConstructor(Utilities.java:178)
	at org.jvnet.hk2.internal.ClazzCreator.initialize(ClazzCreator.java:129)
	at org.jvnet.hk2.internal.ClazzCreator.initialize(ClazzCreator.java:180)
	at org.jvnet.hk2.internal.SystemDescriptor.internalReify(SystemDescriptor.java:740)
	at org.jvnet.hk2.internal.SystemDescriptor.reify(SystemDescriptor.java:694)
	at org.jvnet.hk2.internal.ServiceLocatorImpl.reifyDescriptor(ServiceLocatorImpl.java:461)
	at org.jvnet.hk2.internal.ServiceLocatorImpl.narrow(ServiceLocatorImpl.java:2288)
	at org.jvnet.hk2.internal.ServiceLocatorImpl.access$1200(ServiceLocatorImpl.java:125)
	at org.jvnet.hk2.internal.ServiceLocatorImpl$9.compute(ServiceLocatorImpl.java:1373)
	at org.jvnet.hk2.internal.ServiceLocatorImpl$9.compute(ServiceLocatorImpl.java:1368)
	at org.glassfish.hk2.utilities.cache.internal.WeakCARCacheImpl.compute(WeakCARCacheImpl.java:116)
	at org.jvnet.hk2.internal.ServiceLocatorImpl.internalGetAllServiceHandles(ServiceLocatorImpl.java:1430)
	at org.jvnet.hk2.internal.ServiceLocatorImpl.getAllServiceHandles(ServiceLocatorImpl.java:1355)
	at org.jvnet.hk2.internal.ServiceLocatorImpl.getAllServiceHandles(ServiceLocatorImpl.java:1344)
	at org.glassfish.jersey.internal.inject.Providers.getServiceHandles(Providers.java:354)
	at org.glassfish.jersey.internal.inject.Providers.getProviders(Providers.java:187)
	at org.glassfish.jersey.message.internal.MessageBodyFactory.&lt;init&gt;(MessageBodyFactory.java:222)
	at java.base/jdk.internal.reflect.NativeConstructorAccessorImpl.newInstance0(Native Method)
	at java.base/jdk.internal.reflect.NativeConstructorAccessorImpl.newInstance(NativeConstructorAccessorImpl.java:62)
	at java.base/jdk.internal.reflect.DelegatingConstructorAccessorImpl.newInstance(DelegatingConstructorAccessorImpl.java:45)
	at java.base/java.lang.reflect.Constructor.newInstance(Constructor.java:488)
	at org.glassfish.hk2.utilities.reflection.ReflectionHelper.makeMe(ReflectionHelper.java:1375)
	at org.jvnet.hk2.internal.ClazzCreator.createMe(ClazzCreator.java:272)
	at org.jvnet.hk2.internal.ClazzCreator.create(ClazzCreator.java:366)
	at org.jvnet.hk2.internal.SystemDescriptor.create(SystemDescriptor.java:487)
	at org.jvnet.hk2.internal.SingletonContext$1.compute(SingletonContext.java:83)
	at org.jvnet.hk2.internal.SingletonContext$1.compute(SingletonContext.java:71)
	at org.glassfish.hk2.utilities.cache.Cache$OriginThreadAwareFuture$1.call(Cache.java:97)
	at java.base/java.util.concurrent.FutureTask.run(FutureTask.java:264)
	at org.glassfish.hk2.utilities.cache.Cache$OriginThreadAwareFuture.run(Cache.java:154)
	at org.glassfish.hk2.utilities.cache.Cache.compute(Cache.java:199)
	at org.jvnet.hk2.internal.SingletonContext.findOrCreate(SingletonContext.java:122)
	at org.jvnet.hk2.internal.Utilities.createService(Utilities.java:2022)
	at org.jvnet.hk2.internal.ServiceLocatorImpl.internalGetService(ServiceLocatorImpl.java:774)
	at org.jvnet.hk2.internal.ServiceLocatorImpl.internalGetService(ServiceLocatorImpl.java:737)
	at org.jvnet.hk2.internal.ServiceLocatorImpl.getService(ServiceLocatorImpl.java:707)
	at org.glassfish.jersey.server.model.ComponentModelValidator.&lt;init&gt;(ComponentModelValidator.java:97)
	at org.glassfish.jersey.server.ApplicationHandler.initialize(ApplicationHandler.java:549)
	at org.glassfish.jersey.server.ApplicationHandler.access$500(ApplicationHandler.java:184)
	at org.glassfish.jersey.server.ApplicationHandler$3.call(ApplicationHandler.java:350)
	at org.glassfish.jersey.server.ApplicationHandler$3.call(ApplicationHandler.java:347)
	at org.glassfish.jersey.internal.Errors.process(Errors.java:315)
	at org.glassfish.jersey.internal.Errors.process(Errors.java:297)
	at org.glassfish.jersey.internal.Errors.processWithException(Errors.java:255)
	at org.glassfish.jersey.server.ApplicationHandler.&lt;init&gt;(ApplicationHandler.java:347)
	at org.glassfish.jersey.server.ApplicationHandler.&lt;init&gt;(ApplicationHandler.java:311)
	at org.glassfish.jersey.grizzly2.httpserver.GrizzlyHttpContainer.&lt;init&gt;(GrizzlyHttpContainer.java:337)
	at org.glassfish.jersey.grizzly2.httpserver.GrizzlyHttpServerFactory.createHttpServer(GrizzlyHttpServerFactory.java:119)
	at com.example.Main.startServer(Main.java:30)
	at com.example.MyResourceTest.setUp(MyResourceTest.java:22)
	at java.base/jdk.internal.reflect.NativeMethodAccessorImpl.invoke0(Native Method)
	at java.base/jdk.internal.reflect.NativeMethodAccessorImpl.invoke(NativeMethodAccessorImpl.java:62)
	at java.base/jdk.internal.reflect.DelegatingMethodAccessorImpl.invoke(DelegatingMethodAccessorImpl.java:43)
	at java.base/java.lang.reflect.Method.invoke(Method.java:564)
	at org.junit.runners.model.FrameworkMethod$1.runReflectiveCall(FrameworkMethod.java:44)
	at org.junit.internal.runners.model.ReflectiveCallable.run(ReflectiveCallable.java:15)
	at org.junit.runners.model.FrameworkMethod.invokeExplosively(FrameworkMethod.java:41)
	at org.junit.internal.runners.statements.RunBefores.evaluate(RunBefores.java:27)
	at org.junit.internal.runners.statements.RunAfters.evaluate(RunAfters.java:31)
	at org.junit.runners.ParentRunner.runLeaf(ParentRunner.java:263)
	at org.junit.runners.BlockJUnit4ClassRunner.runChild(BlockJUnit4ClassRunner.java:69)
	at org.junit.runners.BlockJUnit4ClassRunner.runChild(BlockJUnit4ClassRunner.java:48)
	at org.junit.runners.ParentRunner$3.run(ParentRunner.java:231)
	at org.junit.runners.ParentRunner$1.schedule(ParentRunner.java:60)
	at org.junit.runners.ParentRunner.runChildren(ParentRunner.java:229)
	at org.junit.runners.ParentRunner.access$000(ParentRunner.java:50)
	at org.junit.runners.ParentRunner$2.evaluate(ParentRunner.java:222)
	at org.junit.runners.ParentRunner.run(ParentRunner.java:292)
	at org.apache.maven.surefire.junit4.JUnit4Provider.execute(JUnit4Provider.java:252)
	at org.apache.maven.surefire.junit4.JUnit4Provider.executeTestSet(JUnit4Provider.java:141)
	at org.apache.maven.surefire.junit4.JUnit4Provider.invoke(JUnit4Provider.java:112)
	at java.base/jdk.internal.reflect.NativeMethodAccessorImpl.invoke0(Native Method)
	at java.base/jdk.internal.reflect.NativeMethodAccessorImpl.invoke(NativeMethodAccessorImpl.java:62)
	at java.base/jdk.internal.reflect.DelegatingMethodAccessorImpl.invoke(DelegatingMethodAccessorImpl.java:43)
	at java.base/java.lang.reflect.Method.invoke(Method.java:564)
	at org.apache.maven.surefire.util.ReflectionUtils.invokeMethodWithArray(ReflectionUtils.java:189)
	at org.apache.maven.surefire.booter.ProviderFactory$ProviderProxy.invoke(ProviderFactory.java:165)
	at org.apache.maven.surefire.booter.ProviderFactory.invokeProvider(ProviderFactory.java:85)
	at org.apache.maven.surefire.booter.ForkedBooter.runSuitesInProcess(ForkedBooter.java:115)
	at org.apache.maven.surefire.booter.ForkedBooter.main(ForkedBooter.java:75)
Caused by: java.lang.ClassNotFoundException: javax.xml.bind.PropertyException
	at java.base/jdk.internal.loader.BuiltinClassLoader.loadClass(BuiltinClassLoader.java:582)
	at java.base/jdk.internal.loader.ClassLoaders$AppClassLoader.loadClass(ClassLoaders.java:190)
	at java.base/java.lang.ClassLoader.loadClass(ClassLoader.java:499)
	... 90 more
MultiException stack 2 of 2
java.lang.IllegalArgumentException: Errors were discovered while reifying SystemDescriptor(
	implementation=org.glassfish.jersey.jaxb.internal.XmlJaxbElementProvider$App
	contracts={javax.ws.rs.ext.MessageBodyWriter,javax.ws.rs.ext.MessageBodyReader}
	scope=javax.inject.Singleton
	qualifiers={}
	descriptorType=CLASS
	descriptorVisibility=NORMAL
	metadata=
	rank=0
	loader=org.glassfish.hk2.utilities.binding.AbstractBinder$2@16fdec90
	proxiable=null
	proxyForSameScope=null
	analysisName=null
	id=101
	locatorId=0
	identityHashCode=452842611
	reified=false)
	at org.jvnet.hk2.internal.SystemDescriptor.reify(SystemDescriptor.java:705)
	at org.jvnet.hk2.internal.ServiceLocatorImpl.reifyDescriptor(ServiceLocatorImpl.java:461)
	at org.jvnet.hk2.internal.ServiceLocatorImpl.narrow(ServiceLocatorImpl.java:2288)
	at org.jvnet.hk2.internal.ServiceLocatorImpl.access$1200(ServiceLocatorImpl.java:125)
	at org.jvnet.hk2.internal.ServiceLocatorImpl$9.compute(ServiceLocatorImpl.java:1373)
	at org.jvnet.hk2.internal.ServiceLocatorImpl$9.compute(ServiceLocatorImpl.java:1368)
	at org.glassfish.hk2.utilities.cache.internal.WeakCARCacheImpl.compute(WeakCARCacheImpl.java:116)
	at org.jvnet.hk2.internal.ServiceLocatorImpl.internalGetAllServiceHandles(ServiceLocatorImpl.java:1430)
	at org.jvnet.hk2.internal.ServiceLocatorImpl.getAllServiceHandles(ServiceLocatorImpl.java:1355)
	at org.jvnet.hk2.internal.ServiceLocatorImpl.getAllServiceHandles(ServiceLocatorImpl.java:1344)
	at org.glassfish.jersey.internal.inject.Providers.getServiceHandles(Providers.java:354)
	at org.glassfish.jersey.internal.inject.Providers.getProviders(Providers.java:187)
	at org.glassfish.jersey.message.internal.MessageBodyFactory.&lt;init&gt;(MessageBodyFactory.java:222)
	at java.base/jdk.internal.reflect.NativeConstructorAccessorImpl.newInstance0(Native Method)
	at java.base/jdk.internal.reflect.NativeConstructorAccessorImpl.newInstance(NativeConstructorAccessorImpl.java:62)
	at java.base/jdk.internal.reflect.DelegatingConstructorAccessorImpl.newInstance(DelegatingConstructorAccessorImpl.java:45)
	at java.base/java.lang.reflect.Constructor.newInstance(Constructor.java:488)
	at org.glassfish.hk2.utilities.reflection.ReflectionHelper.makeMe(ReflectionHelper.java:1375)
	at org.jvnet.hk2.internal.ClazzCreator.createMe(ClazzCreator.java:272)
	at org.jvnet.hk2.internal.ClazzCreator.create(ClazzCreator.java:366)
	at org.jvnet.hk2.internal.SystemDescriptor.create(SystemDescriptor.java:487)
	at org.jvnet.hk2.internal.SingletonContext$1.compute(SingletonContext.java:83)
	at org.jvnet.hk2.internal.SingletonContext$1.compute(SingletonContext.java:71)
	at org.glassfish.hk2.utilities.cache.Cache$OriginThreadAwareFuture$1.call(Cache.java:97)
	at java.base/java.util.concurrent.FutureTask.run(FutureTask.java:264)
	at org.glassfish.hk2.utilities.cache.Cache$OriginThreadAwareFuture.run(Cache.java:154)
	at org.glassfish.hk2.utilities.cache.Cache.compute(Cache.java:199)
	at org.jvnet.hk2.internal.SingletonContext.findOrCreate(SingletonContext.java:122)
	at org.jvnet.hk2.internal.Utilities.createService(Utilities.java:2022)
	at org.jvnet.hk2.internal.ServiceLocatorImpl.internalGetService(ServiceLocatorImpl.java:774)
	at org.jvnet.hk2.internal.ServiceLocatorImpl.internalGetService(ServiceLocatorImpl.java:737)
	at org.jvnet.hk2.internal.ServiceLocatorImpl.getService(ServiceLocatorImpl.java:707)
	at org.glassfish.jersey.server.model.ComponentModelValidator.&lt;init&gt;(ComponentModelValidator.java:97)
	at org.glassfish.jersey.server.ApplicationHandler.initialize(ApplicationHandler.java:549)
	at org.glassfish.jersey.server.ApplicationHandler.access$500(ApplicationHandler.java:184)
	at org.glassfish.jersey.server.ApplicationHandler$3.call(ApplicationHandler.java:350)
	at org.glassfish.jersey.server.ApplicationHandler$3.call(ApplicationHandler.java:347)
	at org.glassfish.jersey.internal.Errors.process(Errors.java:315)
	at org.glassfish.jersey.internal.Errors.process(Errors.java:297)
	at org.glassfish.jersey.internal.Errors.processWithException(Errors.java:255)
	at org.glassfish.jersey.server.ApplicationHandler.&lt;init&gt;(ApplicationHandler.java:347)
	at org.glassfish.jersey.server.ApplicationHandler.&lt;init&gt;(ApplicationHandler.java:311)
	at org.glassfish.jersey.grizzly2.httpserver.GrizzlyHttpContainer.&lt;init&gt;(GrizzlyHttpContainer.java:337)
	at org.glassfish.jersey.grizzly2.httpserver.GrizzlyHttpServerFactory.createHttpServer(GrizzlyHttpServerFactory.java:119)
	at com.example.Main.startServer(Main.java:30)
	at com.example.MyResourceTest.setUp(MyResourceTest.java:22)
	at java.base/jdk.internal.reflect.NativeMethodAccessorImpl.invoke0(Native Method)
	at java.base/jdk.internal.reflect.NativeMethodAccessorImpl.invoke(NativeMethodAccessorImpl.java:62)
	at java.base/jdk.internal.reflect.DelegatingMethodAccessorImpl.invoke(DelegatingMethodAccessorImpl.java:43)
	at java.base/java.lang.reflect.Method.invoke(Method.java:564)
	at org.junit.runners.model.FrameworkMethod$1.runReflectiveCall(FrameworkMethod.java:44)
	at org.junit.internal.runners.model.ReflectiveCallable.run(ReflectiveCallable.java:15)
	at org.junit.runners.model.FrameworkMethod.invokeExplosively(FrameworkMethod.java:41)
	at org.junit.internal.runners.statements.RunBefores.evaluate(RunBefores.java:27)
	at org.junit.internal.runners.statements.RunAfters.evaluate(RunAfters.java:31)
	at org.junit.runners.ParentRunner.runLeaf(ParentRunner.java:263)
	at org.junit.runners.BlockJUnit4ClassRunner.runChild(BlockJUnit4ClassRunner.java:69)
	at org.junit.runners.BlockJUnit4ClassRunner.runChild(BlockJUnit4ClassRunner.java:48)
	at org.junit.runners.ParentRunner$3.run(ParentRunner.java:231)
	at org.junit.runners.ParentRunner$1.schedule(ParentRunner.java:60)
	at org.junit.runners.ParentRunner.runChildren(ParentRunner.java:229)
	at org.junit.runners.ParentRunner.access$000(ParentRunner.java:50)
	at org.junit.runners.ParentRunner$2.evaluate(ParentRunner.java:222)
	at org.junit.runners.ParentRunner.run(ParentRunner.java:292)
	at org.apache.maven.surefire.junit4.JUnit4Provider.execute(JUnit4Provider.java:252)
	at org.apache.maven.surefire.junit4.JUnit4Provider.executeTestSet(JUnit4Provider.java:141)
	at org.apache.maven.surefire.junit4.JUnit4Provider.invoke(JUnit4Provider.java:112)
	at java.base/jdk.internal.reflect.NativeMethodAccessorImpl.invoke0(Native Method)
	at java.base/jdk.internal.reflect.NativeMethodAccessorImpl.invoke(NativeMethodAccessorImpl.java:62)
	at java.base/jdk.internal.reflect.DelegatingMethodAccessorImpl.invoke(DelegatingMethodAccessorImpl.java:43)
	at java.base/java.lang.reflect.Method.invoke(Method.java:564)
	at org.apache.maven.surefire.util.ReflectionUtils.invokeMethodWithArray(ReflectionUtils.java:189)
	at org.apache.maven.surefire.booter.ProviderFactory$ProviderProxy.invoke(ProviderFactory.java:165)
	at org.apache.maven.surefire.booter.ProviderFactory.invokeProvider(ProviderFactory.java:85)
	at org.apache.maven.surefire.booter.ForkedBooter.runSuitesInProcess(ForkedBooter.java:115)
	at org.apache.maven.surefire.booter.ForkedBooter.main(ForkedBooter.java:75)

WARNING: HK2 service reification failed for [org.glassfish.jersey.jaxb.internal.XmlJaxbElementProvider$Text] with an exception:
MultiException stack 1 of 2
java.lang.NoClassDefFoundError: javax/xml/bind/PropertyException
	at java.base/java.lang.Class.getDeclaredConstructors0(Native Method)
	at java.base/java.lang.Class.privateGetDeclaredConstructors(Class.java:3090)
	at java.base/java.lang.Class.getDeclaredConstructors(Class.java:2316)
	at org.jvnet.hk2.internal.Utilities$3.run(Utilities.java:1308)
	at org.jvnet.hk2.internal.Utilities$3.run(Utilities.java:1304)
	at java.base/java.security.AccessController.doPrivileged(Native Method)
	at org.jvnet.hk2.internal.Utilities.getAllConstructors(Utilities.java:1304)
	at org.jvnet.hk2.internal.Utilities.findProducerConstructor(Utilities.java:1247)
	at org.jvnet.hk2.internal.DefaultClassAnalyzer.getConstructor(DefaultClassAnalyzer.java:83)
	at org.glassfish.jersey.internal.inject.JerseyClassAnalyzer.getConstructor(JerseyClassAnalyzer.java:144)
	at org.jvnet.hk2.internal.Utilities.getConstructor(Utilities.java:178)
	at org.jvnet.hk2.internal.ClazzCreator.initialize(ClazzCreator.java:129)
	at org.jvnet.hk2.internal.ClazzCreator.initialize(ClazzCreator.java:180)
	at org.jvnet.hk2.internal.SystemDescriptor.internalReify(SystemDescriptor.java:740)
	at org.jvnet.hk2.internal.SystemDescriptor.reify(SystemDescriptor.java:694)
	at org.jvnet.hk2.internal.ServiceLocatorImpl.reifyDescriptor(ServiceLocatorImpl.java:461)
	at org.jvnet.hk2.internal.ServiceLocatorImpl.narrow(ServiceLocatorImpl.java:2288)
	at org.jvnet.hk2.internal.ServiceLocatorImpl.access$1200(ServiceLocatorImpl.java:125)
	at org.jvnet.hk2.internal.ServiceLocatorImpl$9.compute(ServiceLocatorImpl.java:1373)
	at org.jvnet.hk2.internal.ServiceLocatorImpl$9.compute(ServiceLocatorImpl.java:1368)
	at org.glassfish.hk2.utilities.cache.internal.WeakCARCacheImpl.compute(WeakCARCacheImpl.java:116)
	at org.jvnet.hk2.internal.ServiceLocatorImpl.internalGetAllServiceHandles(ServiceLocatorImpl.java:1430)
	at org.jvnet.hk2.internal.ServiceLocatorImpl.getAllServiceHandles(ServiceLocatorImpl.java:1355)
	at org.jvnet.hk2.internal.ServiceLocatorImpl.getAllServiceHandles(ServiceLocatorImpl.java:1344)
	at org.glassfish.jersey.internal.inject.Providers.getServiceHandles(Providers.java:354)
	at org.glassfish.jersey.internal.inject.Providers.getProviders(Providers.java:187)
	at org.glassfish.jersey.message.internal.MessageBodyFactory.&lt;init&gt;(MessageBodyFactory.java:222)
	at java.base/jdk.internal.reflect.NativeConstructorAccessorImpl.newInstance0(Native Method)
	at java.base/jdk.internal.reflect.NativeConstructorAccessorImpl.newInstance(NativeConstructorAccessorImpl.java:62)
	at java.base/jdk.internal.reflect.DelegatingConstructorAccessorImpl.newInstance(DelegatingConstructorAccessorImpl.java:45)
	at java.base/java.lang.reflect.Constructor.newInstance(Constructor.java:488)
	at org.glassfish.hk2.utilities.reflection.ReflectionHelper.makeMe(ReflectionHelper.java:1375)
	at org.jvnet.hk2.internal.ClazzCreator.createMe(ClazzCreator.java:272)
	at org.jvnet.hk2.internal.ClazzCreator.create(ClazzCreator.java:366)
	at org.jvnet.hk2.internal.SystemDescriptor.create(SystemDescriptor.java:487)
	at org.jvnet.hk2.internal.SingletonContext$1.compute(SingletonContext.java:83)
	at org.jvnet.hk2.internal.SingletonContext$1.compute(SingletonContext.java:71)
	at org.glassfish.hk2.utilities.cache.Cache$OriginThreadAwareFuture$1.call(Cache.java:97)
	at java.base/java.util.concurrent.FutureTask.run(FutureTask.java:264)
	at org.glassfish.hk2.utilities.cache.Cache$OriginThreadAwareFuture.run(Cache.java:154)
	at org.glassfish.hk2.utilities.cache.Cache.compute(Cache.java:199)
	at org.jvnet.hk2.internal.SingletonContext.findOrCreate(SingletonContext.java:122)
	at org.jvnet.hk2.internal.Utilities.createService(Utilities.java:2022)
	at org.jvnet.hk2.internal.ServiceLocatorImpl.internalGetService(ServiceLocatorImpl.java:774)
	at org.jvnet.hk2.internal.ServiceLocatorImpl.internalGetService(ServiceLocatorImpl.java:737)
	at org.jvnet.hk2.internal.ServiceLocatorImpl.getService(ServiceLocatorImpl.java:707)
	at org.glassfish.jersey.server.model.ComponentModelValidator.&lt;init&gt;(ComponentModelValidator.java:97)
	at org.glassfish.jersey.server.ApplicationHandler.initialize(ApplicationHandler.java:549)
	at org.glassfish.jersey.server.ApplicationHandler.access$500(ApplicationHandler.java:184)
	at org.glassfish.jersey.server.ApplicationHandler$3.call(ApplicationHandler.java:350)
	at org.glassfish.jersey.server.ApplicationHandler$3.call(ApplicationHandler.java:347)
	at org.glassfish.jersey.internal.Errors.process(Errors.java:315)
	at org.glassfish.jersey.internal.Errors.process(Errors.java:297)
	at org.glassfish.jersey.internal.Errors.processWithException(Errors.java:255)
	at org.glassfish.jersey.server.ApplicationHandler.&lt;init&gt;(ApplicationHandler.java:347)
	at org.glassfish.jersey.server.ApplicationHandler.&lt;init&gt;(ApplicationHandler.java:311)
	at org.glassfish.jersey.grizzly2.httpserver.GrizzlyHttpContainer.&lt;init&gt;(GrizzlyHttpContainer.java:337)
	at org.glassfish.jersey.grizzly2.httpserver.GrizzlyHttpServerFactory.createHttpServer(GrizzlyHttpServerFactory.java:119)
	at com.example.Main.startServer(Main.java:30)
	at com.example.MyResourceTest.setUp(MyResourceTest.java:22)
	at java.base/jdk.internal.reflect.NativeMethodAccessorImpl.invoke0(Native Method)
	at java.base/jdk.internal.reflect.NativeMethodAccessorImpl.invoke(NativeMethodAccessorImpl.java:62)
	at java.base/jdk.internal.reflect.DelegatingMethodAccessorImpl.invoke(DelegatingMethodAccessorImpl.java:43)
	at java.base/java.lang.reflect.Method.invoke(Method.java:564)
	at org.junit.runners.model.FrameworkMethod$1.runReflectiveCall(FrameworkMethod.java:44)
	at org.junit.internal.runners.model.ReflectiveCallable.run(ReflectiveCallable.java:15)
	at org.junit.runners.model.FrameworkMethod.invokeExplosively(FrameworkMethod.java:41)
	at org.junit.internal.runners.statements.RunBefores.evaluate(RunBefores.java:27)
	at org.junit.internal.runners.statements.RunAfters.evaluate(RunAfters.java:31)
	at org.junit.runners.ParentRunner.runLeaf(ParentRunner.java:263)
	at org.junit.runners.BlockJUnit4ClassRunner.runChild(BlockJUnit4ClassRunner.java:69)
	at org.junit.runners.BlockJUnit4ClassRunner.runChild(BlockJUnit4ClassRunner.java:48)
	at org.junit.runners.ParentRunner$3.run(ParentRunner.java:231)
	at org.junit.runners.ParentRunner$1.schedule(ParentRunner.java:60)
	at org.junit.runners.ParentRunner.runChildren(ParentRunner.java:229)
	at org.junit.runners.ParentRunner.access$000(ParentRunner.java:50)
	at org.junit.runners.ParentRunner$2.evaluate(ParentRunner.java:222)
	at org.junit.runners.ParentRunner.run(ParentRunner.java:292)
	at org.apache.maven.surefire.junit4.JUnit4Provider.execute(JUnit4Provider.java:252)
	at org.apache.maven.surefire.junit4.JUnit4Provider.executeTestSet(JUnit4Provider.java:141)
	at org.apache.maven.surefire.junit4.JUnit4Provider.invoke(JUnit4Provider.java:112)
	at java.base/jdk.internal.reflect.NativeMethodAccessorImpl.invoke0(Native Method)
	at java.base/jdk.internal.reflect.NativeMethodAccessorImpl.invoke(NativeMethodAccessorImpl.java:62)
	at java.base/jdk.internal.reflect.DelegatingMethodAccessorImpl.invoke(DelegatingMethodAccessorImpl.java:43)
	at java.base/java.lang.reflect.Method.invoke(Method.java:564)
	at org.apache.maven.surefire.util.ReflectionUtils.invokeMethodWithArray(ReflectionUtils.java:189)
	at org.apache.maven.surefire.booter.ProviderFactory$ProviderProxy.invoke(ProviderFactory.java:165)
	at org.apache.maven.surefire.booter.ProviderFactory.invokeProvider(ProviderFactory.java:85)
	at org.apache.maven.surefire.booter.ForkedBooter.runSuitesInProcess(ForkedBooter.java:115)
	at org.apache.maven.surefire.booter.ForkedBooter.main(ForkedBooter.java:75)
Caused by: java.lang.ClassNotFoundException: javax.xml.bind.PropertyException
	at java.base/jdk.internal.loader.BuiltinClassLoader.loadClass(BuiltinClassLoader.java:582)
	at java.base/jdk.internal.loader.ClassLoaders$AppClassLoader.loadClass(ClassLoaders.java:190)
	at java.base/java.lang.ClassLoader.loadClass(ClassLoader.java:499)
	... 90 more
MultiException stack 2 of 2
java.lang.IllegalArgumentException: Errors were discovered while reifying SystemDescriptor(
	implementation=org.glassfish.jersey.jaxb.internal.XmlJaxbElementProvider$Text
	contracts={javax.ws.rs.ext.MessageBodyWriter,javax.ws.rs.ext.MessageBodyReader}
	scope=javax.inject.Singleton
	qualifiers={}
	descriptorType=CLASS
	descriptorVisibility=NORMAL
	metadata=
	rank=0
	loader=org.glassfish.hk2.utilities.binding.AbstractBinder$2@16fdec90
	proxiable=null
	proxyForSameScope=null
	analysisName=null
	id=102
	locatorId=0
	identityHashCode=2031588185
	reified=false)
	at org.jvnet.hk2.internal.SystemDescriptor.reify(SystemDescriptor.java:705)
	at org.jvnet.hk2.internal.ServiceLocatorImpl.reifyDescriptor(ServiceLocatorImpl.java:461)
	at org.jvnet.hk2.internal.ServiceLocatorImpl.narrow(ServiceLocatorImpl.java:2288)
	at org.jvnet.hk2.internal.ServiceLocatorImpl.access$1200(ServiceLocatorImpl.java:125)
	at org.jvnet.hk2.internal.ServiceLocatorImpl$9.compute(ServiceLocatorImpl.java:1373)
	at org.jvnet.hk2.internal.ServiceLocatorImpl$9.compute(ServiceLocatorImpl.java:1368)
	at org.glassfish.hk2.utilities.cache.internal.WeakCARCacheImpl.compute(WeakCARCacheImpl.java:116)
	at org.jvnet.hk2.internal.ServiceLocatorImpl.internalGetAllServiceHandles(ServiceLocatorImpl.java:1430)
	at org.jvnet.hk2.internal.ServiceLocatorImpl.getAllServiceHandles(ServiceLocatorImpl.java:1355)
	at org.jvnet.hk2.internal.ServiceLocatorImpl.getAllServiceHandles(ServiceLocatorImpl.java:1344)
	at org.glassfish.jersey.internal.inject.Providers.getServiceHandles(Providers.java:354)
	at org.glassfish.jersey.internal.inject.Providers.getProviders(Providers.java:187)
	at org.glassfish.jersey.message.internal.MessageBodyFactory.&lt;init&gt;(MessageBodyFactory.java:222)
	at java.base/jdk.internal.reflect.NativeConstructorAccessorImpl.newInstance0(Native Method)
	at java.base/jdk.internal.reflect.NativeConstructorAccessorImpl.newInstance(NativeConstructorAccessorImpl.java:62)
	at java.base/jdk.internal.reflect.DelegatingConstructorAccessorImpl.newInstance(DelegatingConstructorAccessorImpl.java:45)
	at java.base/java.lang.reflect.Constructor.newInstance(Constructor.java:488)
	at org.glassfish.hk2.utilities.reflection.ReflectionHelper.makeMe(ReflectionHelper.java:1375)
	at org.jvnet.hk2.internal.ClazzCreator.createMe(ClazzCreator.java:272)
	at org.jvnet.hk2.internal.ClazzCreator.create(ClazzCreator.java:366)
	at org.jvnet.hk2.internal.SystemDescriptor.create(SystemDescriptor.java:487)
	at org.jvnet.hk2.internal.SingletonContext$1.compute(SingletonContext.java:83)
	at org.jvnet.hk2.internal.SingletonContext$1.compute(SingletonContext.java:71)
	at org.glassfish.hk2.utilities.cache.Cache$OriginThreadAwareFuture$1.call(Cache.java:97)
	at java.base/java.util.concurrent.FutureTask.run(FutureTask.java:264)
	at org.glassfish.hk2.utilities.cache.Cache$OriginThreadAwareFuture.run(Cache.java:154)
	at org.glassfish.hk2.utilities.cache.Cache.compute(Cache.java:199)
	at org.jvnet.hk2.internal.SingletonContext.findOrCreate(SingletonContext.java:122)
	at org.jvnet.hk2.internal.Utilities.createService(Utilities.java:2022)
	at org.jvnet.hk2.internal.ServiceLocatorImpl.internalGetService(ServiceLocatorImpl.java:774)
	at org.jvnet.hk2.internal.ServiceLocatorImpl.internalGetService(ServiceLocatorImpl.java:737)
	at org.jvnet.hk2.internal.ServiceLocatorImpl.getService(ServiceLocatorImpl.java:707)
	at org.glassfish.jersey.server.model.ComponentModelValidator.&lt;init&gt;(ComponentModelValidator.java:97)
	at org.glassfish.jersey.server.ApplicationHandler.initialize(ApplicationHandler.java:549)
	at org.glassfish.jersey.server.ApplicationHandler.access$500(ApplicationHandler.java:184)
	at org.glassfish.jersey.server.ApplicationHandler$3.call(ApplicationHandler.java:350)
	at org.glassfish.jersey.server.ApplicationHandler$3.call(ApplicationHandler.java:347)
	at org.glassfish.jersey.internal.Errors.process(Errors.java:315)
	at org.glassfish.jersey.internal.Errors.process(Errors.java:297)
	at org.glassfish.jersey.internal.Errors.processWithException(Errors.java:255)
	at org.glassfish.jersey.server.ApplicationHandler.&lt;init&gt;(ApplicationHandler.java:347)
	at org.glassfish.jersey.server.ApplicationHandler.&lt;init&gt;(ApplicationHandler.java:311)
	at org.glassfish.jersey.grizzly2.httpserver.GrizzlyHttpContainer.&lt;init&gt;(GrizzlyHttpContainer.java:337)
	at org.glassfish.jersey.grizzly2.httpserver.GrizzlyHttpServerFactory.createHttpServer(GrizzlyHttpServerFactory.java:119)
	at com.example.Main.startServer(Main.java:30)
	at com.example.MyResourceTest.setUp(MyResourceTest.java:22)
	at java.base/jdk.internal.reflect.NativeMethodAccessorImpl.invoke0(Native Method)
	at java.base/jdk.internal.reflect.NativeMethodAccessorImpl.invoke(NativeMethodAccessorImpl.java:62)
	at java.base/jdk.internal.reflect.DelegatingMethodAccessorImpl.invoke(DelegatingMethodAccessorImpl.java:43)
	at java.base/java.lang.reflect.Method.invoke(Method.java:564)
	at org.junit.runners.model.FrameworkMethod$1.runReflectiveCall(FrameworkMethod.java:44)
	at org.junit.internal.runners.model.ReflectiveCallable.run(ReflectiveCallable.java:15)
	at org.junit.runners.model.FrameworkMethod.invokeExplosively(FrameworkMethod.java:41)
	at org.junit.internal.runners.statements.RunBefores.evaluate(RunBefores.java:27)
	at org.junit.internal.runners.statements.RunAfters.evaluate(RunAfters.java:31)
	at org.junit.runners.ParentRunner.runLeaf(ParentRunner.java:263)
	at org.junit.runners.BlockJUnit4ClassRunner.runChild(BlockJUnit4ClassRunner.java:69)
	at org.junit.runners.BlockJUnit4ClassRunner.runChild(BlockJUnit4ClassRunner.java:48)
	at org.junit.runners.ParentRunner$3.run(ParentRunner.java:231)
	at org.junit.runners.ParentRunner$1.schedule(ParentRunner.java:60)
	at org.junit.runners.ParentRunner.runChildren(ParentRunner.java:229)
	at org.junit.runners.ParentRunner.access$000(ParentRunner.java:50)
	at org.junit.runners.ParentRunner$2.evaluate(ParentRunner.java:222)
	at org.junit.runners.ParentRunner.run(ParentRunner.java:292)
	at org.apache.maven.surefire.junit4.JUnit4Provider.execute(JUnit4Provider.java:252)
	at org.apache.maven.surefire.junit4.JUnit4Provider.executeTestSet(JUnit4Provider.java:141)
	at org.apache.maven.surefire.junit4.JUnit4Provider.invoke(JUnit4Provider.java:112)
	at java.base/jdk.internal.reflect.NativeMethodAccessorImpl.invoke0(Native Method)
	at java.base/jdk.internal.reflect.NativeMethodAccessorImpl.invoke(NativeMethodAccessorImpl.java:62)
	at java.base/jdk.internal.reflect.DelegatingMethodAccessorImpl.invoke(DelegatingMethodAccessorImpl.java:43)
	at java.base/java.lang.reflect.Method.invoke(Method.java:564)
	at org.apache.maven.surefire.util.ReflectionUtils.invokeMethodWithArray(ReflectionUtils.java:189)
	at org.apache.maven.surefire.booter.ProviderFactory$ProviderProxy.invoke(ProviderFactory.java:165)
	at org.apache.maven.surefire.booter.ProviderFactory.invokeProvider(ProviderFactory.java:85)
	at org.apache.maven.surefire.booter.ForkedBooter.runSuitesInProcess(ForkedBooter.java:115)
	at org.apache.maven.surefire.booter.ForkedBooter.main(ForkedBooter.java:75)

WARNING: HK2 service reification failed for [org.glassfish.jersey.jaxb.internal.XmlJaxbElementProvider$General] with an exception:
MultiException stack 1 of 2
java.lang.NoClassDefFoundError: javax/xml/bind/PropertyException
	at java.base/java.lang.Class.getDeclaredConstructors0(Native Method)
	at java.base/java.lang.Class.privateGetDeclaredConstructors(Class.java:3090)
	at java.base/java.lang.Class.getDeclaredConstructors(Class.java:2316)
	at org.jvnet.hk2.internal.Utilities$3.run(Utilities.java:1308)
	at org.jvnet.hk2.internal.Utilities$3.run(Utilities.java:1304)
	at java.base/java.security.AccessController.doPrivileged(Native Method)
	at org.jvnet.hk2.internal.Utilities.getAllConstructors(Utilities.java:1304)
	at org.jvnet.hk2.internal.Utilities.findProducerConstructor(Utilities.java:1247)
	at org.jvnet.hk2.internal.DefaultClassAnalyzer.getConstructor(DefaultClassAnalyzer.java:83)
	at org.glassfish.jersey.internal.inject.JerseyClassAnalyzer.getConstructor(JerseyClassAnalyzer.java:144)
	at org.jvnet.hk2.internal.Utilities.getConstructor(Utilities.java:178)
	at org.jvnet.hk2.internal.ClazzCreator.initialize(ClazzCreator.java:129)
	at org.jvnet.hk2.internal.ClazzCreator.initialize(ClazzCreator.java:180)
	at org.jvnet.hk2.internal.SystemDescriptor.internalReify(SystemDescriptor.java:740)
	at org.jvnet.hk2.internal.SystemDescriptor.reify(SystemDescriptor.java:694)
	at org.jvnet.hk2.internal.ServiceLocatorImpl.reifyDescriptor(ServiceLocatorImpl.java:461)
	at org.jvnet.hk2.internal.ServiceLocatorImpl.narrow(ServiceLocatorImpl.java:2288)
	at org.jvnet.hk2.internal.ServiceLocatorImpl.access$1200(ServiceLocatorImpl.java:125)
	at org.jvnet.hk2.internal.ServiceLocatorImpl$9.compute(ServiceLocatorImpl.java:1373)
	at org.jvnet.hk2.internal.ServiceLocatorImpl$9.compute(ServiceLocatorImpl.java:1368)
	at org.glassfish.hk2.utilities.cache.internal.WeakCARCacheImpl.compute(WeakCARCacheImpl.java:116)
	at org.jvnet.hk2.internal.ServiceLocatorImpl.internalGetAllServiceHandles(ServiceLocatorImpl.java:1430)
	at org.jvnet.hk2.internal.ServiceLocatorImpl.getAllServiceHandles(ServiceLocatorImpl.java:1355)
	at org.jvnet.hk2.internal.ServiceLocatorImpl.getAllServiceHandles(ServiceLocatorImpl.java:1344)
	at org.glassfish.jersey.internal.inject.Providers.getServiceHandles(Providers.java:354)
	at org.glassfish.jersey.internal.inject.Providers.getProviders(Providers.java:187)
	at org.glassfish.jersey.message.internal.MessageBodyFactory.&lt;init&gt;(MessageBodyFactory.java:222)
	at java.base/jdk.internal.reflect.NativeConstructorAccessorImpl.newInstance0(Native Method)
	at java.base/jdk.internal.reflect.NativeConstructorAccessorImpl.newInstance(NativeConstructorAccessorImpl.java:62)
	at java.base/jdk.internal.reflect.DelegatingConstructorAccessorImpl.newInstance(DelegatingConstructorAccessorImpl.java:45)
	at java.base/java.lang.reflect.Constructor.newInstance(Constructor.java:488)
	at org.glassfish.hk2.utilities.reflection.ReflectionHelper.makeMe(ReflectionHelper.java:1375)
	at org.jvnet.hk2.internal.ClazzCreator.createMe(ClazzCreator.java:272)
	at org.jvnet.hk2.internal.ClazzCreator.create(ClazzCreator.java:366)
	at org.jvnet.hk2.internal.SystemDescriptor.create(SystemDescriptor.java:487)
	at org.jvnet.hk2.internal.SingletonContext$1.compute(SingletonContext.java:83)
	at org.jvnet.hk2.internal.SingletonContext$1.compute(SingletonContext.java:71)
	at org.glassfish.hk2.utilities.cache.Cache$OriginThreadAwareFuture$1.call(Cache.java:97)
	at java.base/java.util.concurrent.FutureTask.run(FutureTask.java:264)
	at org.glassfish.hk2.utilities.cache.Cache$OriginThreadAwareFuture.run(Cache.java:154)
	at org.glassfish.hk2.utilities.cache.Cache.compute(Cache.java:199)
	at org.jvnet.hk2.internal.SingletonContext.findOrCreate(SingletonContext.java:122)
	at org.jvnet.hk2.internal.Utilities.createService(Utilities.java:2022)
	at org.jvnet.hk2.internal.ServiceLocatorImpl.internalGetService(ServiceLocatorImpl.java:774)
	at org.jvnet.hk2.internal.ServiceLocatorImpl.internalGetService(ServiceLocatorImpl.java:737)
	at org.jvnet.hk2.internal.ServiceLocatorImpl.getService(ServiceLocatorImpl.java:707)
	at org.glassfish.jersey.server.model.ComponentModelValidator.&lt;init&gt;(ComponentModelValidator.java:97)
	at org.glassfish.jersey.server.ApplicationHandler.initialize(ApplicationHandler.java:549)
	at org.glassfish.jersey.server.ApplicationHandler.access$500(ApplicationHandler.java:184)
	at org.glassfish.jersey.server.ApplicationHandler$3.call(ApplicationHandler.java:350)
	at org.glassfish.jersey.server.ApplicationHandler$3.call(ApplicationHandler.java:347)
	at org.glassfish.jersey.internal.Errors.process(Errors.java:315)
	at org.glassfish.jersey.internal.Errors.process(Errors.java:297)
	at org.glassfish.jersey.internal.Errors.processWithException(Errors.java:255)
	at org.glassfish.jersey.server.ApplicationHandler.&lt;init&gt;(ApplicationHandler.java:347)
	at org.glassfish.jersey.server.ApplicationHandler.&lt;init&gt;(ApplicationHandler.java:311)
	at org.glassfish.jersey.grizzly2.httpserver.GrizzlyHttpContainer.&lt;init&gt;(GrizzlyHttpContainer.java:337)
	at org.glassfish.jersey.grizzly2.httpserver.GrizzlyHttpServerFactory.createHttpServer(GrizzlyHttpServerFactory.java:119)
	at com.example.Main.startServer(Main.java:30)
	at com.example.MyResourceTest.setUp(MyResourceTest.java:22)
	at java.base/jdk.internal.reflect.NativeMethodAccessorImpl.invoke0(Native Method)
	at java.base/jdk.internal.reflect.NativeMethodAccessorImpl.invoke(NativeMethodAccessorImpl.java:62)
	at java.base/jdk.internal.reflect.DelegatingMethodAccessorImpl.invoke(DelegatingMethodAccessorImpl.java:43)
	at java.base/java.lang.reflect.Method.invoke(Method.java:564)
	at org.junit.runners.model.FrameworkMethod$1.runReflectiveCall(FrameworkMethod.java:44)
	at org.junit.internal.runners.model.ReflectiveCallable.run(ReflectiveCallable.java:15)
	at org.junit.runners.model.FrameworkMethod.invokeExplosively(FrameworkMethod.java:41)
	at org.junit.internal.runners.statements.RunBefores.evaluate(RunBefores.java:27)
	at org.junit.internal.runners.statements.RunAfters.evaluate(RunAfters.java:31)
	at org.junit.runners.ParentRunner.runLeaf(ParentRunner.java:263)
	at org.junit.runners.BlockJUnit4ClassRunner.runChild(BlockJUnit4ClassRunner.java:69)
	at org.junit.runners.BlockJUnit4ClassRunner.runChild(BlockJUnit4ClassRunner.java:48)
	at org.junit.runners.ParentRunner$3.run(ParentRunner.java:231)
	at org.junit.runners.ParentRunner$1.schedule(ParentRunner.java:60)
	at org.junit.runners.ParentRunner.runChildren(ParentRunner.java:229)
	at org.junit.runners.ParentRunner.access$000(ParentRunner.java:50)
	at org.junit.runners.ParentRunner$2.evaluate(ParentRunner.java:222)
	at org.junit.runners.ParentRunner.run(ParentRunner.java:292)
	at org.apache.maven.surefire.junit4.JUnit4Provider.execute(JUnit4Provider.java:252)
	at org.apache.maven.surefire.junit4.JUnit4Provider.executeTestSet(JUnit4Provider.java:141)
	at org.apache.maven.surefire.junit4.JUnit4Provider.invoke(JUnit4Provider.java:112)
	at java.base/jdk.internal.reflect.NativeMethodAccessorImpl.invoke0(Native Method)
	at java.base/jdk.internal.reflect.NativeMethodAccessorImpl.invoke(NativeMethodAccessorImpl.java:62)
	at java.base/jdk.internal.reflect.DelegatingMethodAccessorImpl.invoke(DelegatingMethodAccessorImpl.java:43)
	at java.base/java.lang.reflect.Method.invoke(Method.java:564)
	at org.apache.maven.surefire.util.ReflectionUtils.invokeMethodWithArray(ReflectionUtils.java:189)
	at org.apache.maven.surefire.booter.ProviderFactory$ProviderProxy.invoke(ProviderFactory.java:165)
	at org.apache.maven.surefire.booter.ProviderFactory.invokeProvider(ProviderFactory.java:85)
	at org.apache.maven.surefire.booter.ForkedBooter.runSuitesInProcess(ForkedBooter.java:115)
	at org.apache.maven.surefire.booter.ForkedBooter.main(ForkedBooter.java:75)
Caused by: java.lang.ClassNotFoundException: javax.xml.bind.PropertyException
	at java.base/jdk.internal.loader.BuiltinClassLoader.loadClass(BuiltinClassLoader.java:582)
	at java.base/jdk.internal.loader.ClassLoaders$AppClassLoader.loadClass(ClassLoaders.java:190)
	at java.base/java.lang.ClassLoader.loadClass(ClassLoader.java:499)
	... 90 more
MultiException stack 2 of 2
java.lang.IllegalArgumentException: Errors were discovered while reifying SystemDescriptor(
	implementation=org.glassfish.jersey.jaxb.internal.XmlJaxbElementProvider$General
	contracts={javax.ws.rs.ext.MessageBodyWriter,javax.ws.rs.ext.MessageBodyReader}
	scope=javax.inject.Singleton
	qualifiers={}
	descriptorType=CLASS
	descriptorVisibility=NORMAL
	metadata=
	rank=0
	loader=org.glassfish.hk2.utilities.binding.AbstractBinder$2@16fdec90
	proxiable=null
	proxyForSameScope=null
	analysisName=null
	id=103
	locatorId=0
	identityHashCode=1783966110
	reified=false)
	at org.jvnet.hk2.internal.SystemDescriptor.reify(SystemDescriptor.java:705)
	at org.jvnet.hk2.internal.ServiceLocatorImpl.reifyDescriptor(ServiceLocatorImpl.java:461)
	at org.jvnet.hk2.internal.ServiceLocatorImpl.narrow(ServiceLocatorImpl.java:2288)
	at org.jvnet.hk2.internal.ServiceLocatorImpl.access$1200(ServiceLocatorImpl.java:125)
	at org.jvnet.hk2.internal.ServiceLocatorImpl$9.compute(ServiceLocatorImpl.java:1373)
	at org.jvnet.hk2.internal.ServiceLocatorImpl$9.compute(ServiceLocatorImpl.java:1368)
	at org.glassfish.hk2.utilities.cache.internal.WeakCARCacheImpl.compute(WeakCARCacheImpl.java:116)
	at org.jvnet.hk2.internal.ServiceLocatorImpl.internalGetAllServiceHandles(ServiceLocatorImpl.java:1430)
	at org.jvnet.hk2.internal.ServiceLocatorImpl.getAllServiceHandles(ServiceLocatorImpl.java:1355)
	at org.jvnet.hk2.internal.ServiceLocatorImpl.getAllServiceHandles(ServiceLocatorImpl.java:1344)
	at org.glassfish.jersey.internal.inject.Providers.getServiceHandles(Providers.java:354)
	at org.glassfish.jersey.internal.inject.Providers.getProviders(Providers.java:187)
	at org.glassfish.jersey.message.internal.MessageBodyFactory.&lt;init&gt;(MessageBodyFactory.java:222)
	at java.base/jdk.internal.reflect.NativeConstructorAccessorImpl.newInstance0(Native Method)
	at java.base/jdk.internal.reflect.NativeConstructorAccessorImpl.newInstance(NativeConstructorAccessorImpl.java:62)
	at java.base/jdk.internal.reflect.DelegatingConstructorAccessorImpl.newInstance(DelegatingConstructorAccessorImpl.java:45)
	at java.base/java.lang.reflect.Constructor.newInstance(Constructor.java:488)
	at org.glassfish.hk2.utilities.reflection.ReflectionHelper.makeMe(ReflectionHelper.java:1375)
	at org.jvnet.hk2.internal.ClazzCreator.createMe(ClazzCreator.java:272)
	at org.jvnet.hk2.internal.ClazzCreator.create(ClazzCreator.java:366)
	at org.jvnet.hk2.internal.SystemDescriptor.create(SystemDescriptor.java:487)
	at org.jvnet.hk2.internal.SingletonContext$1.compute(SingletonContext.java:83)
	at org.jvnet.hk2.internal.SingletonContext$1.compute(SingletonContext.java:71)
	at org.glassfish.hk2.utilities.cache.Cache$OriginThreadAwareFuture$1.call(Cache.java:97)
	at java.base/java.util.concurrent.FutureTask.run(FutureTask.java:264)
	at org.glassfish.hk2.utilities.cache.Cache$OriginThreadAwareFuture.run(Cache.java:154)
	at org.glassfish.hk2.utilities.cache.Cache.compute(Cache.java:199)
	at org.jvnet.hk2.internal.SingletonContext.findOrCreate(SingletonContext.java:122)
	at org.jvnet.hk2.internal.Utilities.createService(Utilities.java:2022)
	at org.jvnet.hk2.internal.ServiceLocatorImpl.internalGetService(ServiceLocatorImpl.java:774)
	at org.jvnet.hk2.internal.ServiceLocatorImpl.internalGetService(ServiceLocatorImpl.java:737)
	at org.jvnet.hk2.internal.ServiceLocatorImpl.getService(ServiceLocatorImpl.java:707)
	at org.glassfish.jersey.server.model.ComponentModelValidator.&lt;init&gt;(ComponentModelValidator.java:97)
	at org.glassfish.jersey.server.ApplicationHandler.initialize(ApplicationHandler.java:549)
	at org.glassfish.jersey.server.ApplicationHandler.access$500(ApplicationHandler.java:184)
	at org.glassfish.jersey.server.ApplicationHandler$3.call(ApplicationHandler.java:350)
	at org.glassfish.jersey.server.ApplicationHandler$3.call(ApplicationHandler.java:347)
	at org.glassfish.jersey.internal.Errors.process(Errors.java:315)
	at org.glassfish.jersey.internal.Errors.process(Errors.java:297)
	at org.glassfish.jersey.internal.Errors.processWithException(Errors.java:255)
	at org.glassfish.jersey.server.ApplicationHandler.&lt;init&gt;(ApplicationHandler.java:347)
	at org.glassfish.jersey.server.ApplicationHandler.&lt;init&gt;(ApplicationHandler.java:311)
	at org.glassfish.jersey.grizzly2.httpserver.GrizzlyHttpContainer.&lt;init&gt;(GrizzlyHttpContainer.java:337)
	at org.glassfish.jersey.grizzly2.httpserver.GrizzlyHttpServerFactory.createHttpServer(GrizzlyHttpServerFactory.java:119)
	at com.example.Main.startServer(Main.java:30)
	at com.example.MyResourceTest.setUp(MyResourceTest.java:22)
	at java.base/jdk.internal.reflect.NativeMethodAccessorImpl.invoke0(Native Method)
	at java.base/jdk.internal.reflect.NativeMethodAccessorImpl.invoke(NativeMethodAccessorImpl.java:62)
	at java.base/jdk.internal.reflect.DelegatingMethodAccessorImpl.invoke(DelegatingMethodAccessorImpl.java:43)
	at java.base/java.lang.reflect.Method.invoke(Method.java:564)
	at org.junit.runners.model.FrameworkMethod$1.runReflectiveCall(FrameworkMethod.java:44)
	at org.junit.internal.runners.model.ReflectiveCallable.run(ReflectiveCallable.java:15)
	at org.junit.runners.model.FrameworkMethod.invokeExplosively(FrameworkMethod.java:41)
	at org.junit.internal.runners.statements.RunBefores.evaluate(RunBefores.java:27)
	at org.junit.internal.runners.statements.RunAfters.evaluate(RunAfters.java:31)
	at org.junit.runners.ParentRunner.runLeaf(ParentRunner.java:263)
	at org.junit.runners.BlockJUnit4ClassRunner.runChild(BlockJUnit4ClassRunner.java:69)
	at org.junit.runners.BlockJUnit4ClassRunner.runChild(BlockJUnit4ClassRunner.java:48)
	at org.junit.runners.ParentRunner$3.run(ParentRunner.java:231)
	at org.junit.runners.ParentRunner$1.schedule(ParentRunner.java:60)
	at org.junit.runners.ParentRunner.runChildren(ParentRunner.java:229)
	at org.junit.runners.ParentRunner.access$000(ParentRunner.java:50)
	at org.junit.runners.ParentRunner$2.evaluate(ParentRunner.java:222)
	at org.junit.runners.ParentRunner.run(ParentRunner.java:292)
	at org.apache.maven.surefire.junit4.JUnit4Provider.execute(JUnit4Provider.java:252)
	at org.apache.maven.surefire.junit4.JUnit4Provider.executeTestSet(JUnit4Provider.java:141)
	at org.apache.maven.surefire.junit4.JUnit4Provider.invoke(JUnit4Provider.java:112)
	at java.base/jdk.internal.reflect.NativeMethodAccessorImpl.invoke0(Native Method)
	at java.base/jdk.internal.reflect.NativeMethodAccessorImpl.invoke(NativeMethodAccessorImpl.java:62)
	at java.base/jdk.internal.reflect.DelegatingMethodAccessorImpl.invoke(DelegatingMethodAccessorImpl.java:43)
	at java.base/java.lang.reflect.Method.invoke(Method.java:564)
	at org.apache.maven.surefire.util.ReflectionUtils.invokeMethodWithArray(ReflectionUtils.java:189)
	at org.apache.maven.surefire.booter.ProviderFactory$ProviderProxy.invoke(ProviderFactory.java:165)
	at org.apache.maven.surefire.booter.ProviderFactory.invokeProvider(ProviderFactory.java:85)
	at org.apache.maven.surefire.booter.ForkedBooter.runSuitesInProcess(ForkedBooter.java:115)
	at org.apache.maven.surefire.booter.ForkedBooter.main(ForkedBooter.java:75)

WARNING: HK2 service reification failed for [org.glassfish.jersey.jaxb.internal.XmlCollectionJaxbProvider$App] with an exception:
MultiException stack 1 of 2
java.lang.NoClassDefFoundError: javax/xml/bind/PropertyException
	at java.base/java.lang.Class.getDeclaredConstructors0(Native Method)
	at java.base/java.lang.Class.privateGetDeclaredConstructors(Class.java:3090)
	at java.base/java.lang.Class.getDeclaredConstructors(Class.java:2316)
	at org.jvnet.hk2.internal.Utilities$3.run(Utilities.java:1308)
	at org.jvnet.hk2.internal.Utilities$3.run(Utilities.java:1304)
	at java.base/java.security.AccessController.doPrivileged(Native Method)
	at org.jvnet.hk2.internal.Utilities.getAllConstructors(Utilities.java:1304)
	at org.jvnet.hk2.internal.Utilities.findProducerConstructor(Utilities.java:1247)
	at org.jvnet.hk2.internal.DefaultClassAnalyzer.getConstructor(DefaultClassAnalyzer.java:83)
	at org.glassfish.jersey.internal.inject.JerseyClassAnalyzer.getConstructor(JerseyClassAnalyzer.java:144)
	at org.jvnet.hk2.internal.Utilities.getConstructor(Utilities.java:178)
	at org.jvnet.hk2.internal.ClazzCreator.initialize(ClazzCreator.java:129)
	at org.jvnet.hk2.internal.ClazzCreator.initialize(ClazzCreator.java:180)
	at org.jvnet.hk2.internal.SystemDescriptor.internalReify(SystemDescriptor.java:740)
	at org.jvnet.hk2.internal.SystemDescriptor.reify(SystemDescriptor.java:694)
	at org.jvnet.hk2.internal.ServiceLocatorImpl.reifyDescriptor(ServiceLocatorImpl.java:461)
	at org.jvnet.hk2.internal.ServiceLocatorImpl.narrow(ServiceLocatorImpl.java:2288)
	at org.jvnet.hk2.internal.ServiceLocatorImpl.access$1200(ServiceLocatorImpl.java:125)
	at org.jvnet.hk2.internal.ServiceLocatorImpl$9.compute(ServiceLocatorImpl.java:1373)
	at org.jvnet.hk2.internal.ServiceLocatorImpl$9.compute(ServiceLocatorImpl.java:1368)
	at org.glassfish.hk2.utilities.cache.internal.WeakCARCacheImpl.compute(WeakCARCacheImpl.java:116)
	at org.jvnet.hk2.internal.ServiceLocatorImpl.internalGetAllServiceHandles(ServiceLocatorImpl.java:1430)
	at org.jvnet.hk2.internal.ServiceLocatorImpl.getAllServiceHandles(ServiceLocatorImpl.java:1355)
	at org.jvnet.hk2.internal.ServiceLocatorImpl.getAllServiceHandles(ServiceLocatorImpl.java:1344)
	at org.glassfish.jersey.internal.inject.Providers.getServiceHandles(Providers.java:354)
	at org.glassfish.jersey.internal.inject.Providers.getProviders(Providers.java:187)
	at org.glassfish.jersey.message.internal.MessageBodyFactory.&lt;init&gt;(MessageBodyFactory.java:222)
	at java.base/jdk.internal.reflect.NativeConstructorAccessorImpl.newInstance0(Native Method)
	at java.base/jdk.internal.reflect.NativeConstructorAccessorImpl.newInstance(NativeConstructorAccessorImpl.java:62)
	at java.base/jdk.internal.reflect.DelegatingConstructorAccessorImpl.newInstance(DelegatingConstructorAccessorImpl.java:45)
	at java.base/java.lang.reflect.Constructor.newInstance(Constructor.java:488)
	at org.glassfish.hk2.utilities.reflection.ReflectionHelper.makeMe(ReflectionHelper.java:1375)
	at org.jvnet.hk2.internal.ClazzCreator.createMe(ClazzCreator.java:272)
	at org.jvnet.hk2.internal.ClazzCreator.create(ClazzCreator.java:366)
	at org.jvnet.hk2.internal.SystemDescriptor.create(SystemDescriptor.java:487)
	at org.jvnet.hk2.internal.SingletonContext$1.compute(SingletonContext.java:83)
	at org.jvnet.hk2.internal.SingletonContext$1.compute(SingletonContext.java:71)
	at org.glassfish.hk2.utilities.cache.Cache$OriginThreadAwareFuture$1.call(Cache.java:97)
	at java.base/java.util.concurrent.FutureTask.run(FutureTask.java:264)
	at org.glassfish.hk2.utilities.cache.Cache$OriginThreadAwareFuture.run(Cache.java:154)
	at org.glassfish.hk2.utilities.cache.Cache.compute(Cache.java:199)
	at org.jvnet.hk2.internal.SingletonContext.findOrCreate(SingletonContext.java:122)
	at org.jvnet.hk2.internal.Utilities.createService(Utilities.java:2022)
	at org.jvnet.hk2.internal.ServiceLocatorImpl.internalGetService(ServiceLocatorImpl.java:774)
	at org.jvnet.hk2.internal.ServiceLocatorImpl.internalGetService(ServiceLocatorImpl.java:737)
	at org.jvnet.hk2.internal.ServiceLocatorImpl.getService(ServiceLocatorImpl.java:707)
	at org.glassfish.jersey.server.model.ComponentModelValidator.&lt;init&gt;(ComponentModelValidator.java:97)
	at org.glassfish.jersey.server.ApplicationHandler.initialize(ApplicationHandler.java:549)
	at org.glassfish.jersey.server.ApplicationHandler.access$500(ApplicationHandler.java:184)
	at org.glassfish.jersey.server.ApplicationHandler$3.call(ApplicationHandler.java:350)
	at org.glassfish.jersey.server.ApplicationHandler$3.call(ApplicationHandler.java:347)
	at org.glassfish.jersey.internal.Errors.process(Errors.java:315)
	at org.glassfish.jersey.internal.Errors.process(Errors.java:297)
	at org.glassfish.jersey.internal.Errors.processWithException(Errors.java:255)
	at org.glassfish.jersey.server.ApplicationHandler.&lt;init&gt;(ApplicationHandler.java:347)
	at org.glassfish.jersey.server.ApplicationHandler.&lt;init&gt;(ApplicationHandler.java:311)
	at org.glassfish.jersey.grizzly2.httpserver.GrizzlyHttpContainer.&lt;init&gt;(GrizzlyHttpContainer.java:337)
	at org.glassfish.jersey.grizzly2.httpserver.GrizzlyHttpServerFactory.createHttpServer(GrizzlyHttpServerFactory.java:119)
	at com.example.Main.startServer(Main.java:30)
	at com.example.MyResourceTest.setUp(MyResourceTest.java:22)
	at java.base/jdk.internal.reflect.NativeMethodAccessorImpl.invoke0(Native Method)
	at java.base/jdk.internal.reflect.NativeMethodAccessorImpl.invoke(NativeMethodAccessorImpl.java:62)
	at java.base/jdk.internal.reflect.DelegatingMethodAccessorImpl.invoke(DelegatingMethodAccessorImpl.java:43)
	at java.base/java.lang.reflect.Method.invoke(Method.java:564)
	at org.junit.runners.model.FrameworkMethod$1.runReflectiveCall(FrameworkMethod.java:44)
	at org.junit.internal.runners.model.ReflectiveCallable.run(ReflectiveCallable.java:15)
	at org.junit.runners.model.FrameworkMethod.invokeExplosively(FrameworkMethod.java:41)
	at org.junit.internal.runners.statements.RunBefores.evaluate(RunBefores.java:27)
	at org.junit.internal.runners.statements.RunAfters.evaluate(RunAfters.java:31)
	at org.junit.runners.ParentRunner.runLeaf(ParentRunner.java:263)
	at org.junit.runners.BlockJUnit4ClassRunner.runChild(BlockJUnit4ClassRunner.java:69)
	at org.junit.runners.BlockJUnit4ClassRunner.runChild(BlockJUnit4ClassRunner.java:48)
	at org.junit.runners.ParentRunner$3.run(ParentRunner.java:231)
	at org.junit.runners.ParentRunner$1.schedule(ParentRunner.java:60)
	at org.junit.runners.ParentRunner.runChildren(ParentRunner.java:229)
	at org.junit.runners.ParentRunner.access$000(ParentRunner.java:50)
	at org.junit.runners.ParentRunner$2.evaluate(ParentRunner.java:222)
	at org.junit.runners.ParentRunner.run(ParentRunner.java:292)
	at org.apache.maven.surefire.junit4.JUnit4Provider.execute(JUnit4Provider.java:252)
	at org.apache.maven.surefire.junit4.JUnit4Provider.executeTestSet(JUnit4Provider.java:141)
	at org.apache.maven.surefire.junit4.JUnit4Provider.invoke(JUnit4Provider.java:112)
	at java.base/jdk.internal.reflect.NativeMethodAccessorImpl.invoke0(Native Method)
	at java.base/jdk.internal.reflect.NativeMethodAccessorImpl.invoke(NativeMethodAccessorImpl.java:62)
	at java.base/jdk.internal.reflect.DelegatingMethodAccessorImpl.invoke(DelegatingMethodAccessorImpl.java:43)
	at java.base/java.lang.reflect.Method.invoke(Method.java:564)
	at org.apache.maven.surefire.util.ReflectionUtils.invokeMethodWithArray(ReflectionUtils.java:189)
	at org.apache.maven.surefire.booter.ProviderFactory$ProviderProxy.invoke(ProviderFactory.java:165)
	at org.apache.maven.surefire.booter.ProviderFactory.invokeProvider(ProviderFactory.java:85)
	at org.apache.maven.surefire.booter.ForkedBooter.runSuitesInProcess(ForkedBooter.java:115)
	at org.apache.maven.surefire.booter.ForkedBooter.main(ForkedBooter.java:75)
Caused by: java.lang.ClassNotFoundException: javax.xml.bind.PropertyException
	at java.base/jdk.internal.loader.BuiltinClassLoader.loadClass(BuiltinClassLoader.java:582)
	at java.base/jdk.internal.loader.ClassLoaders$AppClassLoader.loadClass(ClassLoaders.java:190)
	at java.base/java.lang.ClassLoader.loadClass(ClassLoader.java:499)
	... 90 more
MultiException stack 2 of 2
java.lang.IllegalArgumentException: Errors were discovered while reifying SystemDescriptor(
	implementation=org.glassfish.jersey.jaxb.internal.XmlCollectionJaxbProvider$App
	contracts={javax.ws.rs.ext.MessageBodyWriter,javax.ws.rs.ext.MessageBodyReader}
	scope=javax.inject.Singleton
	qualifiers={}
	descriptorType=CLASS
	descriptorVisibility=NORMAL
	metadata=
	rank=0
	loader=org.glassfish.hk2.utilities.binding.AbstractBinder$2@16fdec90
	proxiable=null
	proxyForSameScope=null
	analysisName=null
	id=104
	locatorId=0
	identityHashCode=2035381640
	reified=false)
	at org.jvnet.hk2.internal.SystemDescriptor.reify(SystemDescriptor.java:705)
	at org.jvnet.hk2.internal.ServiceLocatorImpl.reifyDescriptor(ServiceLocatorImpl.java:461)
	at org.jvnet.hk2.internal.ServiceLocatorImpl.narrow(ServiceLocatorImpl.java:2288)
	at org.jvnet.hk2.internal.ServiceLocatorImpl.access$1200(ServiceLocatorImpl.java:125)
	at org.jvnet.hk2.internal.ServiceLocatorImpl$9.compute(ServiceLocatorImpl.java:1373)
	at org.jvnet.hk2.internal.ServiceLocatorImpl$9.compute(ServiceLocatorImpl.java:1368)
	at org.glassfish.hk2.utilities.cache.internal.WeakCARCacheImpl.compute(WeakCARCacheImpl.java:116)
	at org.jvnet.hk2.internal.ServiceLocatorImpl.internalGetAllServiceHandles(ServiceLocatorImpl.java:1430)
	at org.jvnet.hk2.internal.ServiceLocatorImpl.getAllServiceHandles(ServiceLocatorImpl.java:1355)
	at org.jvnet.hk2.internal.ServiceLocatorImpl.getAllServiceHandles(ServiceLocatorImpl.java:1344)
	at org.glassfish.jersey.internal.inject.Providers.getServiceHandles(Providers.java:354)
	at org.glassfish.jersey.internal.inject.Providers.getProviders(Providers.java:187)
	at org.glassfish.jersey.message.internal.MessageBodyFactory.&lt;init&gt;(MessageBodyFactory.java:222)
	at java.base/jdk.internal.reflect.NativeConstructorAccessorImpl.newInstance0(Native Method)
	at java.base/jdk.internal.reflect.NativeConstructorAccessorImpl.newInstance(NativeConstructorAccessorImpl.java:62)
	at java.base/jdk.internal.reflect.DelegatingConstructorAccessorImpl.newInstance(DelegatingConstructorAccessorImpl.java:45)
	at java.base/java.lang.reflect.Constructor.newInstance(Constructor.java:488)
	at org.glassfish.hk2.utilities.reflection.ReflectionHelper.makeMe(ReflectionHelper.java:1375)
	at org.jvnet.hk2.internal.ClazzCreator.createMe(ClazzCreator.java:272)
	at org.jvnet.hk2.internal.ClazzCreator.create(ClazzCreator.java:366)
	at org.jvnet.hk2.internal.SystemDescriptor.create(SystemDescriptor.java:487)
	at org.jvnet.hk2.internal.SingletonContext$1.compute(SingletonContext.java:83)
	at org.jvnet.hk2.internal.SingletonContext$1.compute(SingletonContext.java:71)
	at org.glassfish.hk2.utilities.cache.Cache$OriginThreadAwareFuture$1.call(Cache.java:97)
	at java.base/java.util.concurrent.FutureTask.run(FutureTask.java:264)
	at org.glassfish.hk2.utilities.cache.Cache$OriginThreadAwareFuture.run(Cache.java:154)
	at org.glassfish.hk2.utilities.cache.Cache.compute(Cache.java:199)
	at org.jvnet.hk2.internal.SingletonContext.findOrCreate(SingletonContext.java:122)
	at org.jvnet.hk2.internal.Utilities.createService(Utilities.java:2022)
	at org.jvnet.hk2.internal.ServiceLocatorImpl.internalGetService(ServiceLocatorImpl.java:774)
	at org.jvnet.hk2.internal.ServiceLocatorImpl.internalGetService(ServiceLocatorImpl.java:737)
	at org.jvnet.hk2.internal.ServiceLocatorImpl.getService(ServiceLocatorImpl.java:707)
	at org.glassfish.jersey.server.model.ComponentModelValidator.&lt;init&gt;(ComponentModelValidator.java:97)
	at org.glassfish.jersey.server.ApplicationHandler.initialize(ApplicationHandler.java:549)
	at org.glassfish.jersey.server.ApplicationHandler.access$500(ApplicationHandler.java:184)
	at org.glassfish.jersey.server.ApplicationHandler$3.call(ApplicationHandler.java:350)
	at org.glassfish.jersey.server.ApplicationHandler$3.call(ApplicationHandler.java:347)
	at org.glassfish.jersey.internal.Errors.process(Errors.java:315)
	at org.glassfish.jersey.internal.Errors.process(Errors.java:297)
	at org.glassfish.jersey.internal.Errors.processWithException(Errors.java:255)
	at org.glassfish.jersey.server.ApplicationHandler.&lt;init&gt;(ApplicationHandler.java:347)
	at org.glassfish.jersey.server.ApplicationHandler.&lt;init&gt;(ApplicationHandler.java:311)
	at org.glassfish.jersey.grizzly2.httpserver.GrizzlyHttpContainer.&lt;init&gt;(GrizzlyHttpContainer.java:337)
	at org.glassfish.jersey.grizzly2.httpserver.GrizzlyHttpServerFactory.createHttpServer(GrizzlyHttpServerFactory.java:119)
	at com.example.Main.startServer(Main.java:30)
	at com.example.MyResourceTest.setUp(MyResourceTest.java:22)
	at java.base/jdk.internal.reflect.NativeMethodAccessorImpl.invoke0(Native Method)
	at java.base/jdk.internal.reflect.NativeMethodAccessorImpl.invoke(NativeMethodAccessorImpl.java:62)
	at java.base/jdk.internal.reflect.DelegatingMethodAccessorImpl.invoke(DelegatingMethodAccessorImpl.java:43)
	at java.base/java.lang.reflect.Method.invoke(Method.java:564)
	at org.junit.runners.model.FrameworkMethod$1.runReflectiveCall(FrameworkMethod.java:44)
	at org.junit.internal.runners.model.ReflectiveCallable.run(ReflectiveCallable.java:15)
	at org.junit.runners.model.FrameworkMethod.invokeExplosively(FrameworkMethod.java:41)
	at org.junit.internal.runners.statements.RunBefores.evaluate(RunBefores.java:27)
	at org.junit.internal.runners.statements.RunAfters.evaluate(RunAfters.java:31)
	at org.junit.runners.ParentRunner.runLeaf(ParentRunner.java:263)
	at org.junit.runners.BlockJUnit4ClassRunner.runChild(BlockJUnit4ClassRunner.java:69)
	at org.junit.runners.BlockJUnit4ClassRunner.runChild(BlockJUnit4ClassRunner.java:48)
	at org.junit.runners.ParentRunner$3.run(ParentRunner.java:231)
	at org.junit.runners.ParentRunner$1.schedule(ParentRunner.java:60)
	at org.junit.runners.ParentRunner.runChildren(ParentRunner.java:229)
	at org.junit.runners.ParentRunner.access$000(ParentRunner.java:50)
	at org.junit.runners.ParentRunner$2.evaluate(ParentRunner.java:222)
	at org.junit.runners.ParentRunner.run(ParentRunner.java:292)
	at org.apache.maven.surefire.junit4.JUnit4Provider.execute(JUnit4Provider.java:252)
	at org.apache.maven.surefire.junit4.JUnit4Provider.executeTestSet(JUnit4Provider.java:141)
	at org.apache.maven.surefire.junit4.JUnit4Provider.invoke(JUnit4Provider.java:112)
	at java.base/jdk.internal.reflect.NativeMethodAccessorImpl.invoke0(Native Method)
	at java.base/jdk.internal.reflect.NativeMethodAccessorImpl.invoke(NativeMethodAccessorImpl.java:62)
	at java.base/jdk.internal.reflect.DelegatingMethodAccessorImpl.invoke(DelegatingMethodAccessorImpl.java:43)
	at java.base/java.lang.reflect.Method.invoke(Method.java:564)
	at org.apache.maven.surefire.util.ReflectionUtils.invokeMethodWithArray(ReflectionUtils.java:189)
	at org.apache.maven.surefire.booter.ProviderFactory$ProviderProxy.invoke(ProviderFactory.java:165)
	at org.apache.maven.surefire.booter.ProviderFactory.invokeProvider(ProviderFactory.java:85)
	at org.apache.maven.surefire.booter.ForkedBooter.runSuitesInProcess(ForkedBooter.java:115)
	at org.apache.maven.surefire.booter.ForkedBooter.main(ForkedBooter.java:75)

WARNING: HK2 service reification failed for [org.glassfish.jersey.jaxb.internal.XmlCollectionJaxbProvider$Text] with an exception:
MultiException stack 1 of 2
java.lang.NoClassDefFoundError: javax/xml/bind/PropertyException
	at java.base/java.lang.Class.getDeclaredConstructors0(Native Method)
	at java.base/java.lang.Class.privateGetDeclaredConstructors(Class.java:3090)
	at java.base/java.lang.Class.getDeclaredConstructors(Class.java:2316)
	at org.jvnet.hk2.internal.Utilities$3.run(Utilities.java:1308)
	at org.jvnet.hk2.internal.Utilities$3.run(Utilities.java:1304)
	at java.base/java.security.AccessController.doPrivileged(Native Method)
	at org.jvnet.hk2.internal.Utilities.getAllConstructors(Utilities.java:1304)
	at org.jvnet.hk2.internal.Utilities.findProducerConstructor(Utilities.java:1247)
	at org.jvnet.hk2.internal.DefaultClassAnalyzer.getConstructor(DefaultClassAnalyzer.java:83)
	at org.glassfish.jersey.internal.inject.JerseyClassAnalyzer.getConstructor(JerseyClassAnalyzer.java:144)
	at org.jvnet.hk2.internal.Utilities.getConstructor(Utilities.java:178)
	at org.jvnet.hk2.internal.ClazzCreator.initialize(ClazzCreator.java:129)
	at org.jvnet.hk2.internal.ClazzCreator.initialize(ClazzCreator.java:180)
	at org.jvnet.hk2.internal.SystemDescriptor.internalReify(SystemDescriptor.java:740)
	at org.jvnet.hk2.internal.SystemDescriptor.reify(SystemDescriptor.java:694)
	at org.jvnet.hk2.internal.ServiceLocatorImpl.reifyDescriptor(ServiceLocatorImpl.java:461)
	at org.jvnet.hk2.internal.ServiceLocatorImpl.narrow(ServiceLocatorImpl.java:2288)
	at org.jvnet.hk2.internal.ServiceLocatorImpl.access$1200(ServiceLocatorImpl.java:125)
	at org.jvnet.hk2.internal.ServiceLocatorImpl$9.compute(ServiceLocatorImpl.java:1373)
	at org.jvnet.hk2.internal.ServiceLocatorImpl$9.compute(ServiceLocatorImpl.java:1368)
	at org.glassfish.hk2.utilities.cache.internal.WeakCARCacheImpl.compute(WeakCARCacheImpl.java:116)
	at org.jvnet.hk2.internal.ServiceLocatorImpl.internalGetAllServiceHandles(ServiceLocatorImpl.java:1430)
	at org.jvnet.hk2.internal.ServiceLocatorImpl.getAllServiceHandles(ServiceLocatorImpl.java:1355)
	at org.jvnet.hk2.internal.ServiceLocatorImpl.getAllServiceHandles(ServiceLocatorImpl.java:1344)
	at org.glassfish.jersey.internal.inject.Providers.getServiceHandles(Providers.java:354)
	at org.glassfish.jersey.internal.inject.Providers.getProviders(Providers.java:187)
	at org.glassfish.jersey.message.internal.MessageBodyFactory.&lt;init&gt;(MessageBodyFactory.java:222)
	at java.base/jdk.internal.reflect.NativeConstructorAccessorImpl.newInstance0(Native Method)
	at java.base/jdk.internal.reflect.NativeConstructorAccessorImpl.newInstance(NativeConstructorAccessorImpl.java:62)
	at java.base/jdk.internal.reflect.DelegatingConstructorAccessorImpl.newInstance(DelegatingConstructorAccessorImpl.java:45)
	at java.base/java.lang.reflect.Constructor.newInstance(Constructor.java:488)
	at org.glassfish.hk2.utilities.reflection.ReflectionHelper.makeMe(ReflectionHelper.java:1375)
	at org.jvnet.hk2.internal.ClazzCreator.createMe(ClazzCreator.java:272)
	at org.jvnet.hk2.internal.ClazzCreator.create(ClazzCreator.java:366)
	at org.jvnet.hk2.internal.SystemDescriptor.create(SystemDescriptor.java:487)
	at org.jvnet.hk2.internal.SingletonContext$1.compute(SingletonContext.java:83)
	at org.jvnet.hk2.internal.SingletonContext$1.compute(SingletonContext.java:71)
	at org.glassfish.hk2.utilities.cache.Cache$OriginThreadAwareFuture$1.call(Cache.java:97)
	at java.base/java.util.concurrent.FutureTask.run(FutureTask.java:264)
	at org.glassfish.hk2.utilities.cache.Cache$OriginThreadAwareFuture.run(Cache.java:154)
	at org.glassfish.hk2.utilities.cache.Cache.compute(Cache.java:199)
	at org.jvnet.hk2.internal.SingletonContext.findOrCreate(SingletonContext.java:122)
	at org.jvnet.hk2.internal.Utilities.createService(Utilities.java:2022)
	at org.jvnet.hk2.internal.ServiceLocatorImpl.internalGetService(ServiceLocatorImpl.java:774)
	at org.jvnet.hk2.internal.ServiceLocatorImpl.internalGetService(ServiceLocatorImpl.java:737)
	at org.jvnet.hk2.internal.ServiceLocatorImpl.getService(ServiceLocatorImpl.java:707)
	at org.glassfish.jersey.server.model.ComponentModelValidator.&lt;init&gt;(ComponentModelValidator.java:97)
	at org.glassfish.jersey.server.ApplicationHandler.initialize(ApplicationHandler.java:549)
	at org.glassfish.jersey.server.ApplicationHandler.access$500(ApplicationHandler.java:184)
	at org.glassfish.jersey.server.ApplicationHandler$3.call(ApplicationHandler.java:350)
	at org.glassfish.jersey.server.ApplicationHandler$3.call(ApplicationHandler.java:347)
	at org.glassfish.jersey.internal.Errors.process(Errors.java:315)
	at org.glassfish.jersey.internal.Errors.process(Errors.java:297)
	at org.glassfish.jersey.internal.Errors.processWithException(Errors.java:255)
	at org.glassfish.jersey.server.ApplicationHandler.&lt;init&gt;(ApplicationHandler.java:347)
	at org.glassfish.jersey.server.ApplicationHandler.&lt;init&gt;(ApplicationHandler.java:311)
	at org.glassfish.jersey.grizzly2.httpserver.GrizzlyHttpContainer.&lt;init&gt;(GrizzlyHttpContainer.java:337)
	at org.glassfish.jersey.grizzly2.httpserver.GrizzlyHttpServerFactory.createHttpServer(GrizzlyHttpServerFactory.java:119)
	at com.example.Main.startServer(Main.java:30)
	at com.example.MyResourceTest.setUp(MyResourceTest.java:22)
	at java.base/jdk.internal.reflect.NativeMethodAccessorImpl.invoke0(Native Method)
	at java.base/jdk.internal.reflect.NativeMethodAccessorImpl.invoke(NativeMethodAccessorImpl.java:62)
	at java.base/jdk.internal.reflect.DelegatingMethodAccessorImpl.invoke(DelegatingMethodAccessorImpl.java:43)
	at java.base/java.lang.reflect.Method.invoke(Method.java:564)
	at org.junit.runners.model.FrameworkMethod$1.runReflectiveCall(FrameworkMethod.java:44)
	at org.junit.internal.runners.model.ReflectiveCallable.run(ReflectiveCallable.java:15)
	at org.junit.runners.model.FrameworkMethod.invokeExplosively(FrameworkMethod.java:41)
	at org.junit.internal.runners.statements.RunBefores.evaluate(RunBefores.java:27)
	at org.junit.internal.runners.statements.RunAfters.evaluate(RunAfters.java:31)
	at org.junit.runners.ParentRunner.runLeaf(ParentRunner.java:263)
	at org.junit.runners.BlockJUnit4ClassRunner.runChild(BlockJUnit4ClassRunner.java:69)
	at org.junit.runners.BlockJUnit4ClassRunner.runChild(BlockJUnit4ClassRunner.java:48)
	at org.junit.runners.ParentRunner$3.run(ParentRunner.java:231)
	at org.junit.runners.ParentRunner$1.schedule(ParentRunner.java:60)
	at org.junit.runners.ParentRunner.runChildren(ParentRunner.java:229)
	at org.junit.runners.ParentRunner.access$000(ParentRunner.java:50)
	at org.junit.runners.ParentRunner$2.evaluate(ParentRunner.java:222)
	at org.junit.runners.ParentRunner.run(ParentRunner.java:292)
	at org.apache.maven.surefire.junit4.JUnit4Provider.execute(JUnit4Provider.java:252)
	at org.apache.maven.surefire.junit4.JUnit4Provider.executeTestSet(JUnit4Provider.java:141)
	at org.apache.maven.surefire.junit4.JUnit4Provider.invoke(JUnit4Provider.java:112)
	at java.base/jdk.internal.reflect.NativeMethodAccessorImpl.invoke0(Native Method)
	at java.base/jdk.internal.reflect.NativeMethodAccessorImpl.invoke(NativeMethodAccessorImpl.java:62)
	at java.base/jdk.internal.reflect.DelegatingMethodAccessorImpl.invoke(DelegatingMethodAccessorImpl.java:43)
	at java.base/java.lang.reflect.Method.invoke(Method.java:564)
	at org.apache.maven.surefire.util.ReflectionUtils.invokeMethodWithArray(ReflectionUtils.java:189)
	at org.apache.maven.surefire.booter.ProviderFactory$ProviderProxy.invoke(ProviderFactory.java:165)
	at org.apache.maven.surefire.booter.ProviderFactory.invokeProvider(ProviderFactory.java:85)
	at org.apache.maven.surefire.booter.ForkedBooter.runSuitesInProcess(ForkedBooter.java:115)
	at org.apache.maven.surefire.booter.ForkedBooter.main(ForkedBooter.java:75)
Caused by: java.lang.ClassNotFoundException: javax.xml.bind.PropertyException
	at java.base/jdk.internal.loader.BuiltinClassLoader.loadClass(BuiltinClassLoader.java:582)
	at java.base/jdk.internal.loader.ClassLoaders$AppClassLoader.loadClass(ClassLoaders.java:190)
	at java.base/java.lang.ClassLoader.loadClass(ClassLoader.java:499)
	... 90 more
MultiException stack 2 of 2
java.lang.IllegalArgumentException: Errors were discovered while reifying SystemDescriptor(
	implementation=org.glassfish.jersey.jaxb.internal.XmlCollectionJaxbProvider$Text
	contracts={javax.ws.rs.ext.MessageBodyWriter,javax.ws.rs.ext.MessageBodyReader}
	scope=javax.inject.Singleton
	qualifiers={}
	descriptorType=CLASS
	descriptorVisibility=NORMAL
	metadata=
	rank=0
	loader=org.glassfish.hk2.utilities.binding.AbstractBinder$2@16fdec90
	proxiable=null
	proxyForSameScope=null
	analysisName=null
	id=105
	locatorId=0
	identityHashCode=680988889
	reified=false)
	at org.jvnet.hk2.internal.SystemDescriptor.reify(SystemDescriptor.java:705)
	at org.jvnet.hk2.internal.ServiceLocatorImpl.reifyDescriptor(ServiceLocatorImpl.java:461)
	at org.jvnet.hk2.internal.ServiceLocatorImpl.narrow(ServiceLocatorImpl.java:2288)
	at org.jvnet.hk2.internal.ServiceLocatorImpl.access$1200(ServiceLocatorImpl.java:125)
	at org.jvnet.hk2.internal.ServiceLocatorImpl$9.compute(ServiceLocatorImpl.java:1373)
	at org.jvnet.hk2.internal.ServiceLocatorImpl$9.compute(ServiceLocatorImpl.java:1368)
	at org.glassfish.hk2.utilities.cache.internal.WeakCARCacheImpl.compute(WeakCARCacheImpl.java:116)
	at org.jvnet.hk2.internal.ServiceLocatorImpl.internalGetAllServiceHandles(ServiceLocatorImpl.java:1430)
	at org.jvnet.hk2.internal.ServiceLocatorImpl.getAllServiceHandles(ServiceLocatorImpl.java:1355)
	at org.jvnet.hk2.internal.ServiceLocatorImpl.getAllServiceHandles(ServiceLocatorImpl.java:1344)
	at org.glassfish.jersey.internal.inject.Providers.getServiceHandles(Providers.java:354)
	at org.glassfish.jersey.internal.inject.Providers.getProviders(Providers.java:187)
	at org.glassfish.jersey.message.internal.MessageBodyFactory.&lt;init&gt;(MessageBodyFactory.java:222)
	at java.base/jdk.internal.reflect.NativeConstructorAccessorImpl.newInstance0(Native Method)
	at java.base/jdk.internal.reflect.NativeConstructorAccessorImpl.newInstance(NativeConstructorAccessorImpl.java:62)
	at java.base/jdk.internal.reflect.DelegatingConstructorAccessorImpl.newInstance(DelegatingConstructorAccessorImpl.java:45)
	at java.base/java.lang.reflect.Constructor.newInstance(Constructor.java:488)
	at org.glassfish.hk2.utilities.reflection.ReflectionHelper.makeMe(ReflectionHelper.java:1375)
	at org.jvnet.hk2.internal.ClazzCreator.createMe(ClazzCreator.java:272)
	at org.jvnet.hk2.internal.ClazzCreator.create(ClazzCreator.java:366)
	at org.jvnet.hk2.internal.SystemDescriptor.create(SystemDescriptor.java:487)
	at org.jvnet.hk2.internal.SingletonContext$1.compute(SingletonContext.java:83)
	at org.jvnet.hk2.internal.SingletonContext$1.compute(SingletonContext.java:71)
	at org.glassfish.hk2.utilities.cache.Cache$OriginThreadAwareFuture$1.call(Cache.java:97)
	at java.base/java.util.concurrent.FutureTask.run(FutureTask.java:264)
	at org.glassfish.hk2.utilities.cache.Cache$OriginThreadAwareFuture.run(Cache.java:154)
	at org.glassfish.hk2.utilities.cache.Cache.compute(Cache.java:199)
	at org.jvnet.hk2.internal.SingletonContext.findOrCreate(SingletonContext.java:122)
	at org.jvnet.hk2.internal.Utilities.createService(Utilities.java:2022)
	at org.jvnet.hk2.internal.ServiceLocatorImpl.internalGetService(ServiceLocatorImpl.java:774)
	at org.jvnet.hk2.internal.ServiceLocatorImpl.internalGetService(ServiceLocatorImpl.java:737)
	at org.jvnet.hk2.internal.ServiceLocatorImpl.getService(ServiceLocatorImpl.java:707)
	at org.glassfish.jersey.server.model.ComponentModelValidator.&lt;init&gt;(ComponentModelValidator.java:97)
	at org.glassfish.jersey.server.ApplicationHandler.initialize(ApplicationHandler.java:549)
	at org.glassfish.jersey.server.ApplicationHandler.access$500(ApplicationHandler.java:184)
	at org.glassfish.jersey.server.ApplicationHandler$3.call(ApplicationHandler.java:350)
	at org.glassfish.jersey.server.ApplicationHandler$3.call(ApplicationHandler.java:347)
	at org.glassfish.jersey.internal.Errors.process(Errors.java:315)
	at org.glassfish.jersey.internal.Errors.process(Errors.java:297)
	at org.glassfish.jersey.internal.Errors.processWithException(Errors.java:255)
	at org.glassfish.jersey.server.ApplicationHandler.&lt;init&gt;(ApplicationHandler.java:347)
	at org.glassfish.jersey.server.ApplicationHandler.&lt;init&gt;(ApplicationHandler.java:311)
	at org.glassfish.jersey.grizzly2.httpserver.GrizzlyHttpContainer.&lt;init&gt;(GrizzlyHttpContainer.java:337)
	at org.glassfish.jersey.grizzly2.httpserver.GrizzlyHttpServerFactory.createHttpServer(GrizzlyHttpServerFactory.java:119)
	at com.example.Main.startServer(Main.java:30)
	at com.example.MyResourceTest.setUp(MyResourceTest.java:22)
	at java.base/jdk.internal.reflect.NativeMethodAccessorImpl.invoke0(Native Method)
	at java.base/jdk.internal.reflect.NativeMethodAccessorImpl.invoke(NativeMethodAccessorImpl.java:62)
	at java.base/jdk.internal.reflect.DelegatingMethodAccessorImpl.invoke(DelegatingMethodAccessorImpl.java:43)
	at java.base/java.lang.reflect.Method.invoke(Method.java:564)
	at org.junit.runners.model.FrameworkMethod$1.runReflectiveCall(FrameworkMethod.java:44)
	at org.junit.internal.runners.model.ReflectiveCallable.run(ReflectiveCallable.java:15)
	at org.junit.runners.model.FrameworkMethod.invokeExplosively(FrameworkMethod.java:41)
	at org.junit.internal.runners.statements.RunBefores.evaluate(RunBefores.java:27)
	at org.junit.internal.runners.statements.RunAfters.evaluate(RunAfters.java:31)
	at org.junit.runners.ParentRunner.runLeaf(ParentRunner.java:263)
	at org.junit.runners.BlockJUnit4ClassRunner.runChild(BlockJUnit4ClassRunner.java:69)
	at org.junit.runners.BlockJUnit4ClassRunner.runChild(BlockJUnit4ClassRunner.java:48)
	at org.junit.runners.ParentRunner$3.run(ParentRunner.java:231)
	at org.junit.runners.ParentRunner$1.schedule(ParentRunner.java:60)
	at org.junit.runners.ParentRunner.runChildren(ParentRunner.java:229)
	at org.junit.runners.ParentRunner.access$000(ParentRunner.java:50)
	at org.junit.runners.ParentRunner$2.evaluate(ParentRunner.java:222)
	at org.junit.runners.ParentRunner.run(ParentRunner.java:292)
	at org.apache.maven.surefire.junit4.JUnit4Provider.execute(JUnit4Provider.java:252)
	at org.apache.maven.surefire.junit4.JUnit4Provider.executeTestSet(JUnit4Provider.java:141)
	at org.apache.maven.surefire.junit4.JUnit4Provider.invoke(JUnit4Provider.java:112)
	at java.base/jdk.internal.reflect.NativeMethodAccessorImpl.invoke0(Native Method)
	at java.base/jdk.internal.reflect.NativeMethodAccessorImpl.invoke(NativeMethodAccessorImpl.java:62)
	at java.base/jdk.internal.reflect.DelegatingMethodAccessorImpl.invoke(DelegatingMethodAccessorImpl.java:43)
	at java.base/java.lang.reflect.Method.invoke(Method.java:564)
	at org.apache.maven.surefire.util.ReflectionUtils.invokeMethodWithArray(ReflectionUtils.java:189)
	at org.apache.maven.surefire.booter.ProviderFactory$ProviderProxy.invoke(ProviderFactory.java:165)
	at org.apache.maven.surefire.booter.ProviderFactory.invokeProvider(ProviderFactory.java:85)
	at org.apache.maven.surefire.booter.ForkedBooter.runSuitesInProcess(ForkedBooter.java:115)
	at org.apache.maven.surefire.booter.ForkedBooter.main(ForkedBooter.java:75)

WARNING: HK2 service reification failed for [org.glassfish.jersey.jaxb.internal.XmlCollectionJaxbProvider$General] with an exception:
MultiException stack 1 of 2
java.lang.NoClassDefFoundError: javax/xml/bind/PropertyException
	at java.base/java.lang.Class.getDeclaredConstructors0(Native Method)
	at java.base/java.lang.Class.privateGetDeclaredConstructors(Class.java:3090)
	at java.base/java.lang.Class.getDeclaredConstructors(Class.java:2316)
	at org.jvnet.hk2.internal.Utilities$3.run(Utilities.java:1308)
	at org.jvnet.hk2.internal.Utilities$3.run(Utilities.java:1304)
	at java.base/java.security.AccessController.doPrivileged(Native Method)
	at org.jvnet.hk2.internal.Utilities.getAllConstructors(Utilities.java:1304)
	at org.jvnet.hk2.internal.Utilities.findProducerConstructor(Utilities.java:1247)
	at org.jvnet.hk2.internal.DefaultClassAnalyzer.getConstructor(DefaultClassAnalyzer.java:83)
	at org.glassfish.jersey.internal.inject.JerseyClassAnalyzer.getConstructor(JerseyClassAnalyzer.java:144)
	at org.jvnet.hk2.internal.Utilities.getConstructor(Utilities.java:178)
	at org.jvnet.hk2.internal.ClazzCreator.initialize(ClazzCreator.java:129)
	at org.jvnet.hk2.internal.ClazzCreator.initialize(ClazzCreator.java:180)
	at org.jvnet.hk2.internal.SystemDescriptor.internalReify(SystemDescriptor.java:740)
	at org.jvnet.hk2.internal.SystemDescriptor.reify(SystemDescriptor.java:694)
	at org.jvnet.hk2.internal.ServiceLocatorImpl.reifyDescriptor(ServiceLocatorImpl.java:461)
	at org.jvnet.hk2.internal.ServiceLocatorImpl.narrow(ServiceLocatorImpl.java:2288)
	at org.jvnet.hk2.internal.ServiceLocatorImpl.access$1200(ServiceLocatorImpl.java:125)
	at org.jvnet.hk2.internal.ServiceLocatorImpl$9.compute(ServiceLocatorImpl.java:1373)
	at org.jvnet.hk2.internal.ServiceLocatorImpl$9.compute(ServiceLocatorImpl.java:1368)
	at org.glassfish.hk2.utilities.cache.internal.WeakCARCacheImpl.compute(WeakCARCacheImpl.java:116)
	at org.jvnet.hk2.internal.ServiceLocatorImpl.internalGetAllServiceHandles(ServiceLocatorImpl.java:1430)
	at org.jvnet.hk2.internal.ServiceLocatorImpl.getAllServiceHandles(ServiceLocatorImpl.java:1355)
	at org.jvnet.hk2.internal.ServiceLocatorImpl.getAllServiceHandles(ServiceLocatorImpl.java:1344)
	at org.glassfish.jersey.internal.inject.Providers.getServiceHandles(Providers.java:354)
	at org.glassfish.jersey.internal.inject.Providers.getProviders(Providers.java:187)
	at org.glassfish.jersey.message.internal.MessageBodyFactory.&lt;init&gt;(MessageBodyFactory.java:222)
	at java.base/jdk.internal.reflect.NativeConstructorAccessorImpl.newInstance0(Native Method)
	at java.base/jdk.internal.reflect.NativeConstructorAccessorImpl.newInstance(NativeConstructorAccessorImpl.java:62)
	at java.base/jdk.internal.reflect.DelegatingConstructorAccessorImpl.newInstance(DelegatingConstructorAccessorImpl.java:45)
	at java.base/java.lang.reflect.Constructor.newInstance(Constructor.java:488)
	at org.glassfish.hk2.utilities.reflection.ReflectionHelper.makeMe(ReflectionHelper.java:1375)
	at org.jvnet.hk2.internal.ClazzCreator.createMe(ClazzCreator.java:272)
	at org.jvnet.hk2.internal.ClazzCreator.create(ClazzCreator.java:366)
	at org.jvnet.hk2.internal.SystemDescriptor.create(SystemDescriptor.java:487)
	at org.jvnet.hk2.internal.SingletonContext$1.compute(SingletonContext.java:83)
	at org.jvnet.hk2.internal.SingletonContext$1.compute(SingletonContext.java:71)
	at org.glassfish.hk2.utilities.cache.Cache$OriginThreadAwareFuture$1.call(Cache.java:97)
	at java.base/java.util.concurrent.FutureTask.run(FutureTask.java:264)
	at org.glassfish.hk2.utilities.cache.Cache$OriginThreadAwareFuture.run(Cache.java:154)
	at org.glassfish.hk2.utilities.cache.Cache.compute(Cache.java:199)
	at org.jvnet.hk2.internal.SingletonContext.findOrCreate(SingletonContext.java:122)
	at org.jvnet.hk2.internal.Utilities.createService(Utilities.java:2022)
	at org.jvnet.hk2.internal.ServiceLocatorImpl.internalGetService(ServiceLocatorImpl.java:774)
	at org.jvnet.hk2.internal.ServiceLocatorImpl.internalGetService(ServiceLocatorImpl.java:737)
	at org.jvnet.hk2.internal.ServiceLocatorImpl.getService(ServiceLocatorImpl.java:707)
	at org.glassfish.jersey.server.model.ComponentModelValidator.&lt;init&gt;(ComponentModelValidator.java:97)
	at org.glassfish.jersey.server.ApplicationHandler.initialize(ApplicationHandler.java:549)
	at org.glassfish.jersey.server.ApplicationHandler.access$500(ApplicationHandler.java:184)
	at org.glassfish.jersey.server.ApplicationHandler$3.call(ApplicationHandler.java:350)
	at org.glassfish.jersey.server.ApplicationHandler$3.call(ApplicationHandler.java:347)
	at org.glassfish.jersey.internal.Errors.process(Errors.java:315)
	at org.glassfish.jersey.internal.Errors.process(Errors.java:297)
	at org.glassfish.jersey.internal.Errors.processWithException(Errors.java:255)
	at org.glassfish.jersey.server.ApplicationHandler.&lt;init&gt;(ApplicationHandler.java:347)
	at org.glassfish.jersey.server.ApplicationHandler.&lt;init&gt;(ApplicationHandler.java:311)
	at org.glassfish.jersey.grizzly2.httpserver.GrizzlyHttpContainer.&lt;init&gt;(GrizzlyHttpContainer.java:337)
	at org.glassfish.jersey.grizzly2.httpserver.GrizzlyHttpServerFactory.createHttpServer(GrizzlyHttpServerFactory.java:119)
	at com.example.Main.startServer(Main.java:30)
	at com.example.MyResourceTest.setUp(MyResourceTest.java:22)
	at java.base/jdk.internal.reflect.NativeMethodAccessorImpl.invoke0(Native Method)
	at java.base/jdk.internal.reflect.NativeMethodAccessorImpl.invoke(NativeMethodAccessorImpl.java:62)
	at java.base/jdk.internal.reflect.DelegatingMethodAccessorImpl.invoke(DelegatingMethodAccessorImpl.java:43)
	at java.base/java.lang.reflect.Method.invoke(Method.java:564)
	at org.junit.runners.model.FrameworkMethod$1.runReflectiveCall(FrameworkMethod.java:44)
	at org.junit.internal.runners.model.ReflectiveCallable.run(ReflectiveCallable.java:15)
	at org.junit.runners.model.FrameworkMethod.invokeExplosively(FrameworkMethod.java:41)
	at org.junit.internal.runners.statements.RunBefores.evaluate(RunBefores.java:27)
	at org.junit.internal.runners.statements.RunAfters.evaluate(RunAfters.java:31)
	at org.junit.runners.ParentRunner.runLeaf(ParentRunner.java:263)
	at org.junit.runners.BlockJUnit4ClassRunner.runChild(BlockJUnit4ClassRunner.java:69)
	at org.junit.runners.BlockJUnit4ClassRunner.runChild(BlockJUnit4ClassRunner.java:48)
	at org.junit.runners.ParentRunner$3.run(ParentRunner.java:231)
	at org.junit.runners.ParentRunner$1.schedule(ParentRunner.java:60)
	at org.junit.runners.ParentRunner.runChildren(ParentRunner.java:229)
	at org.junit.runners.ParentRunner.access$000(ParentRunner.java:50)
	at org.junit.runners.ParentRunner$2.evaluate(ParentRunner.java:222)
	at org.junit.runners.ParentRunner.run(ParentRunner.java:292)
	at org.apache.maven.surefire.junit4.JUnit4Provider.execute(JUnit4Provider.java:252)
	at org.apache.maven.surefire.junit4.JUnit4Provider.executeTestSet(JUnit4Provider.java:141)
	at org.apache.maven.surefire.junit4.JUnit4Provider.invoke(JUnit4Provider.java:112)
	at java.base/jdk.internal.reflect.NativeMethodAccessorImpl.invoke0(Native Method)
	at java.base/jdk.internal.reflect.NativeMethodAccessorImpl.invoke(NativeMethodAccessorImpl.java:62)
	at java.base/jdk.internal.reflect.DelegatingMethodAccessorImpl.invoke(DelegatingMethodAccessorImpl.java:43)
	at java.base/java.lang.reflect.Method.invoke(Method.java:564)
	at org.apache.maven.surefire.util.ReflectionUtils.invokeMethodWithArray(ReflectionUtils.java:189)
	at org.apache.maven.surefire.booter.ProviderFactory$ProviderProxy.invoke(ProviderFactory.java:165)
	at org.apache.maven.surefire.booter.ProviderFactory.invokeProvider(ProviderFactory.java:85)
	at org.apache.maven.surefire.booter.ForkedBooter.runSuitesInProcess(ForkedBooter.java:115)
	at org.apache.maven.surefire.booter.ForkedBooter.main(ForkedBooter.java:75)
Caused by: java.lang.ClassNotFoundException: javax.xml.bind.PropertyException
	at java.base/jdk.internal.loader.BuiltinClassLoader.loadClass(BuiltinClassLoader.java:582)
	at java.base/jdk.internal.loader.ClassLoaders$AppClassLoader.loadClass(ClassLoaders.java:190)
	at java.base/java.lang.ClassLoader.loadClass(ClassLoader.java:499)
	... 90 more
MultiException stack 2 of 2
java.lang.IllegalArgumentException: Errors were discovered while reifying SystemDescriptor(
	implementation=org.glassfish.jersey.jaxb.internal.XmlCollectionJaxbProvider$General
	contracts={javax.ws.rs.ext.MessageBodyWriter,javax.ws.rs.ext.MessageBodyReader}
	scope=javax.inject.Singleton
	qualifiers={}
	descriptorType=CLASS
	descriptorVisibility=NORMAL
	metadata=
	rank=0
	loader=org.glassfish.hk2.utilities.binding.AbstractBinder$2@16fdec90
	proxiable=null
	proxyForSameScope=null
	analysisName=null
	id=106
	locatorId=0
	identityHashCode=1077873186
	reified=false)
	at org.jvnet.hk2.internal.SystemDescriptor.reify(SystemDescriptor.java:705)
	at org.jvnet.hk2.internal.ServiceLocatorImpl.reifyDescriptor(ServiceLocatorImpl.java:461)
	at org.jvnet.hk2.internal.ServiceLocatorImpl.narrow(ServiceLocatorImpl.java:2288)
	at org.jvnet.hk2.internal.ServiceLocatorImpl.access$1200(ServiceLocatorImpl.java:125)
	at org.jvnet.hk2.internal.ServiceLocatorImpl$9.compute(ServiceLocatorImpl.java:1373)
	at org.jvnet.hk2.internal.ServiceLocatorImpl$9.compute(ServiceLocatorImpl.java:1368)
	at org.glassfish.hk2.utilities.cache.internal.WeakCARCacheImpl.compute(WeakCARCacheImpl.java:116)
	at org.jvnet.hk2.internal.ServiceLocatorImpl.internalGetAllServiceHandles(ServiceLocatorImpl.java:1430)
	at org.jvnet.hk2.internal.ServiceLocatorImpl.getAllServiceHandles(ServiceLocatorImpl.java:1355)
	at org.jvnet.hk2.internal.ServiceLocatorImpl.getAllServiceHandles(ServiceLocatorImpl.java:1344)
	at org.glassfish.jersey.internal.inject.Providers.getServiceHandles(Providers.java:354)
	at org.glassfish.jersey.internal.inject.Providers.getProviders(Providers.java:187)
	at org.glassfish.jersey.message.internal.MessageBodyFactory.&lt;init&gt;(MessageBodyFactory.java:222)
	at java.base/jdk.internal.reflect.NativeConstructorAccessorImpl.newInstance0(Native Method)
	at java.base/jdk.internal.reflect.NativeConstructorAccessorImpl.newInstance(NativeConstructorAccessorImpl.java:62)
	at java.base/jdk.internal.reflect.DelegatingConstructorAccessorImpl.newInstance(DelegatingConstructorAccessorImpl.java:45)
	at java.base/java.lang.reflect.Constructor.newInstance(Constructor.java:488)
	at org.glassfish.hk2.utilities.reflection.ReflectionHelper.makeMe(ReflectionHelper.java:1375)
	at org.jvnet.hk2.internal.ClazzCreator.createMe(ClazzCreator.java:272)
	at org.jvnet.hk2.internal.ClazzCreator.create(ClazzCreator.java:366)
	at org.jvnet.hk2.internal.SystemDescriptor.create(SystemDescriptor.java:487)
	at org.jvnet.hk2.internal.SingletonContext$1.compute(SingletonContext.java:83)
	at org.jvnet.hk2.internal.SingletonContext$1.compute(SingletonContext.java:71)
	at org.glassfish.hk2.utilities.cache.Cache$OriginThreadAwareFuture$1.call(Cache.java:97)
	at java.base/java.util.concurrent.FutureTask.run(FutureTask.java:264)
	at org.glassfish.hk2.utilities.cache.Cache$OriginThreadAwareFuture.run(Cache.java:154)
	at org.glassfish.hk2.utilities.cache.Cache.compute(Cache.java:199)
	at org.jvnet.hk2.internal.SingletonContext.findOrCreate(SingletonContext.java:122)
	at org.jvnet.hk2.internal.Utilities.createService(Utilities.java:2022)
	at org.jvnet.hk2.internal.ServiceLocatorImpl.internalGetService(ServiceLocatorImpl.java:774)
	at org.jvnet.hk2.internal.ServiceLocatorImpl.internalGetService(ServiceLocatorImpl.java:737)
	at org.jvnet.hk2.internal.ServiceLocatorImpl.getService(ServiceLocatorImpl.java:707)
	at org.glassfish.jersey.server.model.ComponentModelValidator.&lt;init&gt;(ComponentModelValidator.java:97)
	at org.glassfish.jersey.server.ApplicationHandler.initialize(ApplicationHandler.java:549)
	at org.glassfish.jersey.server.ApplicationHandler.access$500(ApplicationHandler.java:184)
	at org.glassfish.jersey.server.ApplicationHandler$3.call(ApplicationHandler.java:350)
	at org.glassfish.jersey.server.ApplicationHandler$3.call(ApplicationHandler.java:347)
	at org.glassfish.jersey.internal.Errors.process(Errors.java:315)
	at org.glassfish.jersey.internal.Errors.process(Errors.java:297)
	at org.glassfish.jersey.internal.Errors.processWithException(Errors.java:255)
	at org.glassfish.jersey.server.ApplicationHandler.&lt;init&gt;(ApplicationHandler.java:347)
	at org.glassfish.jersey.server.ApplicationHandler.&lt;init&gt;(ApplicationHandler.java:311)
	at org.glassfish.jersey.grizzly2.httpserver.GrizzlyHttpContainer.&lt;init&gt;(GrizzlyHttpContainer.java:337)
	at org.glassfish.jersey.grizzly2.httpserver.GrizzlyHttpServerFactory.createHttpServer(GrizzlyHttpServerFactory.java:119)
	at com.example.Main.startServer(Main.java:30)
	at com.example.MyResourceTest.setUp(MyResourceTest.java:22)
	at java.base/jdk.internal.reflect.NativeMethodAccessorImpl.invoke0(Native Method)
	at java.base/jdk.internal.reflect.NativeMethodAccessorImpl.invoke(NativeMethodAccessorImpl.java:62)
	at java.base/jdk.internal.reflect.DelegatingMethodAccessorImpl.invoke(DelegatingMethodAccessorImpl.java:43)
	at java.base/java.lang.reflect.Method.invoke(Method.java:564)
	at org.junit.runners.model.FrameworkMethod$1.runReflectiveCall(FrameworkMethod.java:44)
	at org.junit.internal.runners.model.ReflectiveCallable.run(ReflectiveCallable.java:15)
	at org.junit.runners.model.FrameworkMethod.invokeExplosively(FrameworkMethod.java:41)
	at org.junit.internal.runners.statements.RunBefores.evaluate(RunBefores.java:27)
	at org.junit.internal.runners.statements.RunAfters.evaluate(RunAfters.java:31)
	at org.junit.runners.ParentRunner.runLeaf(ParentRunner.java:263)
	at org.junit.runners.BlockJUnit4ClassRunner.runChild(BlockJUnit4ClassRunner.java:69)
	at org.junit.runners.BlockJUnit4ClassRunner.runChild(BlockJUnit4ClassRunner.java:48)
	at org.junit.runners.ParentRunner$3.run(ParentRunner.java:231)
	at org.junit.runners.ParentRunner$1.schedule(ParentRunner.java:60)
	at org.junit.runners.ParentRunner.runChildren(ParentRunner.java:229)
	at org.junit.runners.ParentRunner.access$000(ParentRunner.java:50)
	at org.junit.runners.ParentRunner$2.evaluate(ParentRunner.java:222)
	at org.junit.runners.ParentRunner.run(ParentRunner.java:292)
	at org.apache.maven.surefire.junit4.JUnit4Provider.execute(JUnit4Provider.java:252)
	at org.apache.maven.surefire.junit4.JUnit4Provider.executeTestSet(JUnit4Provider.java:141)
	at org.apache.maven.surefire.junit4.JUnit4Provider.invoke(JUnit4Provider.java:112)
	at java.base/jdk.internal.reflect.NativeMethodAccessorImpl.invoke0(Native Method)
	at java.base/jdk.internal.reflect.NativeMethodAccessorImpl.invoke(NativeMethodAccessorImpl.java:62)
	at java.base/jdk.internal.reflect.DelegatingMethodAccessorImpl.invoke(DelegatingMethodAccessorImpl.java:43)
	at java.base/java.lang.reflect.Method.invoke(Method.java:564)
	at org.apache.maven.surefire.util.ReflectionUtils.invokeMethodWithArray(ReflectionUtils.java:189)
	at org.apache.maven.surefire.booter.ProviderFactory$ProviderProxy.invoke(ProviderFactory.java:165)
	at org.apache.maven.surefire.booter.ProviderFactory.invokeProvider(ProviderFactory.java:85)
	at org.apache.maven.surefire.booter.ForkedBooter.runSuitesInProcess(ForkedBooter.java:115)
	at org.apache.maven.surefire.booter.ForkedBooter.main(ForkedBooter.java:75)

WARNING: HK2 service reification failed for [org.glassfish.jersey.jaxb.internal.XmlRootElementJaxbProvider$App] with an exception:
MultiException stack 1 of 2
java.lang.NoClassDefFoundError: javax/xml/bind/PropertyException
	at java.base/java.lang.Class.getDeclaredConstructors0(Native Method)
	at java.base/java.lang.Class.privateGetDeclaredConstructors(Class.java:3090)
	at java.base/java.lang.Class.getDeclaredConstructors(Class.java:2316)
	at org.jvnet.hk2.internal.Utilities$3.run(Utilities.java:1308)
	at org.jvnet.hk2.internal.Utilities$3.run(Utilities.java:1304)
	at java.base/java.security.AccessController.doPrivileged(Native Method)
	at org.jvnet.hk2.internal.Utilities.getAllConstructors(Utilities.java:1304)
	at org.jvnet.hk2.internal.Utilities.findProducerConstructor(Utilities.java:1247)
	at org.jvnet.hk2.internal.DefaultClassAnalyzer.getConstructor(DefaultClassAnalyzer.java:83)
	at org.glassfish.jersey.internal.inject.JerseyClassAnalyzer.getConstructor(JerseyClassAnalyzer.java:144)
	at org.jvnet.hk2.internal.Utilities.getConstructor(Utilities.java:178)
	at org.jvnet.hk2.internal.ClazzCreator.initialize(ClazzCreator.java:129)
	at org.jvnet.hk2.internal.ClazzCreator.initialize(ClazzCreator.java:180)
	at org.jvnet.hk2.internal.SystemDescriptor.internalReify(SystemDescriptor.java:740)
	at org.jvnet.hk2.internal.SystemDescriptor.reify(SystemDescriptor.java:694)
	at org.jvnet.hk2.internal.ServiceLocatorImpl.reifyDescriptor(ServiceLocatorImpl.java:461)
	at org.jvnet.hk2.internal.ServiceLocatorImpl.narrow(ServiceLocatorImpl.java:2288)
	at org.jvnet.hk2.internal.ServiceLocatorImpl.access$1200(ServiceLocatorImpl.java:125)
	at org.jvnet.hk2.internal.ServiceLocatorImpl$9.compute(ServiceLocatorImpl.java:1373)
	at org.jvnet.hk2.internal.ServiceLocatorImpl$9.compute(ServiceLocatorImpl.java:1368)
	at org.glassfish.hk2.utilities.cache.internal.WeakCARCacheImpl.compute(WeakCARCacheImpl.java:116)
	at org.jvnet.hk2.internal.ServiceLocatorImpl.internalGetAllServiceHandles(ServiceLocatorImpl.java:1430)
	at org.jvnet.hk2.internal.ServiceLocatorImpl.getAllServiceHandles(ServiceLocatorImpl.java:1355)
	at org.jvnet.hk2.internal.ServiceLocatorImpl.getAllServiceHandles(ServiceLocatorImpl.java:1344)
	at org.glassfish.jersey.internal.inject.Providers.getServiceHandles(Providers.java:354)
	at org.glassfish.jersey.internal.inject.Providers.getProviders(Providers.java:187)
	at org.glassfish.jersey.message.internal.MessageBodyFactory.&lt;init&gt;(MessageBodyFactory.java:222)
	at java.base/jdk.internal.reflect.NativeConstructorAccessorImpl.newInstance0(Native Method)
	at java.base/jdk.internal.reflect.NativeConstructorAccessorImpl.newInstance(NativeConstructorAccessorImpl.java:62)
	at java.base/jdk.internal.reflect.DelegatingConstructorAccessorImpl.newInstance(DelegatingConstructorAccessorImpl.java:45)
	at java.base/java.lang.reflect.Constructor.newInstance(Constructor.java:488)
	at org.glassfish.hk2.utilities.reflection.ReflectionHelper.makeMe(ReflectionHelper.java:1375)
	at org.jvnet.hk2.internal.ClazzCreator.createMe(ClazzCreator.java:272)
	at org.jvnet.hk2.internal.ClazzCreator.create(ClazzCreator.java:366)
	at org.jvnet.hk2.internal.SystemDescriptor.create(SystemDescriptor.java:487)
	at org.jvnet.hk2.internal.SingletonContext$1.compute(SingletonContext.java:83)
	at org.jvnet.hk2.internal.SingletonContext$1.compute(SingletonContext.java:71)
	at org.glassfish.hk2.utilities.cache.Cache$OriginThreadAwareFuture$1.call(Cache.java:97)
	at java.base/java.util.concurrent.FutureTask.run(FutureTask.java:264)
	at org.glassfish.hk2.utilities.cache.Cache$OriginThreadAwareFuture.run(Cache.java:154)
	at org.glassfish.hk2.utilities.cache.Cache.compute(Cache.java:199)
	at org.jvnet.hk2.internal.SingletonContext.findOrCreate(SingletonContext.java:122)
	at org.jvnet.hk2.internal.Utilities.createService(Utilities.java:2022)
	at org.jvnet.hk2.internal.ServiceLocatorImpl.internalGetService(ServiceLocatorImpl.java:774)
	at org.jvnet.hk2.internal.ServiceLocatorImpl.internalGetService(ServiceLocatorImpl.java:737)
	at org.jvnet.hk2.internal.ServiceLocatorImpl.getService(ServiceLocatorImpl.java:707)
	at org.glassfish.jersey.server.model.ComponentModelValidator.&lt;init&gt;(ComponentModelValidator.java:97)
	at org.glassfish.jersey.server.ApplicationHandler.initialize(ApplicationHandler.java:549)
	at org.glassfish.jersey.server.ApplicationHandler.access$500(ApplicationHandler.java:184)
	at org.glassfish.jersey.server.ApplicationHandler$3.call(ApplicationHandler.java:350)
	at org.glassfish.jersey.server.ApplicationHandler$3.call(ApplicationHandler.java:347)
	at org.glassfish.jersey.internal.Errors.process(Errors.java:315)
	at org.glassfish.jersey.internal.Errors.process(Errors.java:297)
	at org.glassfish.jersey.internal.Errors.processWithException(Errors.java:255)
	at org.glassfish.jersey.server.ApplicationHandler.&lt;init&gt;(ApplicationHandler.java:347)
	at org.glassfish.jersey.server.ApplicationHandler.&lt;init&gt;(ApplicationHandler.java:311)
	at org.glassfish.jersey.grizzly2.httpserver.GrizzlyHttpContainer.&lt;init&gt;(GrizzlyHttpContainer.java:337)
	at org.glassfish.jersey.grizzly2.httpserver.GrizzlyHttpServerFactory.createHttpServer(GrizzlyHttpServerFactory.java:119)
	at com.example.Main.startServer(Main.java:30)
	at com.example.MyResourceTest.setUp(MyResourceTest.java:22)
	at java.base/jdk.internal.reflect.NativeMethodAccessorImpl.invoke0(Native Method)
	at java.base/jdk.internal.reflect.NativeMethodAccessorImpl.invoke(NativeMethodAccessorImpl.java:62)
	at java.base/jdk.internal.reflect.DelegatingMethodAccessorImpl.invoke(DelegatingMethodAccessorImpl.java:43)
	at java.base/java.lang.reflect.Method.invoke(Method.java:564)
	at org.junit.runners.model.FrameworkMethod$1.runReflectiveCall(FrameworkMethod.java:44)
	at org.junit.internal.runners.model.ReflectiveCallable.run(ReflectiveCallable.java:15)
	at org.junit.runners.model.FrameworkMethod.invokeExplosively(FrameworkMethod.java:41)
	at org.junit.internal.runners.statements.RunBefores.evaluate(RunBefores.java:27)
	at org.junit.internal.runners.statements.RunAfters.evaluate(RunAfters.java:31)
	at org.junit.runners.ParentRunner.runLeaf(ParentRunner.java:263)
	at org.junit.runners.BlockJUnit4ClassRunner.runChild(BlockJUnit4ClassRunner.java:69)
	at org.junit.runners.BlockJUnit4ClassRunner.runChild(BlockJUnit4ClassRunner.java:48)
	at org.junit.runners.ParentRunner$3.run(ParentRunner.java:231)
	at org.junit.runners.ParentRunner$1.schedule(ParentRunner.java:60)
	at org.junit.runners.ParentRunner.runChildren(ParentRunner.java:229)
	at org.junit.runners.ParentRunner.access$000(ParentRunner.java:50)
	at org.junit.runners.ParentRunner$2.evaluate(ParentRunner.java:222)
	at org.junit.runners.ParentRunner.run(ParentRunner.java:292)
	at org.apache.maven.surefire.junit4.JUnit4Provider.execute(JUnit4Provider.java:252)
	at org.apache.maven.surefire.junit4.JUnit4Provider.executeTestSet(JUnit4Provider.java:141)
	at org.apache.maven.surefire.junit4.JUnit4Provider.invoke(JUnit4Provider.java:112)
	at java.base/jdk.internal.reflect.NativeMethodAccessorImpl.invoke0(Native Method)
	at java.base/jdk.internal.reflect.NativeMethodAccessorImpl.invoke(NativeMethodAccessorImpl.java:62)
	at java.base/jdk.internal.reflect.DelegatingMethodAccessorImpl.invoke(DelegatingMethodAccessorImpl.java:43)
	at java.base/java.lang.reflect.Method.invoke(Method.java:564)
	at org.apache.maven.surefire.util.ReflectionUtils.invokeMethodWithArray(ReflectionUtils.java:189)
	at org.apache.maven.surefire.booter.ProviderFactory$ProviderProxy.invoke(ProviderFactory.java:165)
	at org.apache.maven.surefire.booter.ProviderFactory.invokeProvider(ProviderFactory.java:85)
	at org.apache.maven.surefire.booter.ForkedBooter.runSuitesInProcess(ForkedBooter.java:115)
	at org.apache.maven.surefire.booter.ForkedBooter.main(ForkedBooter.java:75)
Caused by: java.lang.ClassNotFoundException: javax.xml.bind.PropertyException
	at java.base/jdk.internal.loader.BuiltinClassLoader.loadClass(BuiltinClassLoader.java:582)
	at java.base/jdk.internal.loader.ClassLoaders$AppClassLoader.loadClass(ClassLoaders.java:190)
	at java.base/java.lang.ClassLoader.loadClass(ClassLoader.java:499)
	... 90 more
MultiException stack 2 of 2
java.lang.IllegalArgumentException: Errors were discovered while reifying SystemDescriptor(
	implementation=org.glassfish.jersey.jaxb.internal.XmlRootElementJaxbProvider$App
	contracts={javax.ws.rs.ext.MessageBodyWriter,javax.ws.rs.ext.MessageBodyReader}
	scope=javax.inject.Singleton
	qualifiers={}
	descriptorType=CLASS
	descriptorVisibility=NORMAL
	metadata=
	rank=0
	loader=org.glassfish.hk2.utilities.binding.AbstractBinder$2@16fdec90
	proxiable=null
	proxyForSameScope=null
	analysisName=null
	id=107
	locatorId=0
	identityHashCode=1771421544
	reified=false)
	at org.jvnet.hk2.internal.SystemDescriptor.reify(SystemDescriptor.java:705)
	at org.jvnet.hk2.internal.ServiceLocatorImpl.reifyDescriptor(ServiceLocatorImpl.java:461)
	at org.jvnet.hk2.internal.ServiceLocatorImpl.narrow(ServiceLocatorImpl.java:2288)
	at org.jvnet.hk2.internal.ServiceLocatorImpl.access$1200(ServiceLocatorImpl.java:125)
	at org.jvnet.hk2.internal.ServiceLocatorImpl$9.compute(ServiceLocatorImpl.java:1373)
	at org.jvnet.hk2.internal.ServiceLocatorImpl$9.compute(ServiceLocatorImpl.java:1368)
	at org.glassfish.hk2.utilities.cache.internal.WeakCARCacheImpl.compute(WeakCARCacheImpl.java:116)
	at org.jvnet.hk2.internal.ServiceLocatorImpl.internalGetAllServiceHandles(ServiceLocatorImpl.java:1430)
	at org.jvnet.hk2.internal.ServiceLocatorImpl.getAllServiceHandles(ServiceLocatorImpl.java:1355)
	at org.jvnet.hk2.internal.ServiceLocatorImpl.getAllServiceHandles(ServiceLocatorImpl.java:1344)
	at org.glassfish.jersey.internal.inject.Providers.getServiceHandles(Providers.java:354)
	at org.glassfish.jersey.internal.inject.Providers.getProviders(Providers.java:187)
	at org.glassfish.jersey.message.internal.MessageBodyFactory.&lt;init&gt;(MessageBodyFactory.java:222)
	at java.base/jdk.internal.reflect.NativeConstructorAccessorImpl.newInstance0(Native Method)
	at java.base/jdk.internal.reflect.NativeConstructorAccessorImpl.newInstance(NativeConstructorAccessorImpl.java:62)
	at java.base/jdk.internal.reflect.DelegatingConstructorAccessorImpl.newInstance(DelegatingConstructorAccessorImpl.java:45)
	at java.base/java.lang.reflect.Constructor.newInstance(Constructor.java:488)
	at org.glassfish.hk2.utilities.reflection.ReflectionHelper.makeMe(ReflectionHelper.java:1375)
	at org.jvnet.hk2.internal.ClazzCreator.createMe(ClazzCreator.java:272)
	at org.jvnet.hk2.internal.ClazzCreator.create(ClazzCreator.java:366)
	at org.jvnet.hk2.internal.SystemDescriptor.create(SystemDescriptor.java:487)
	at org.jvnet.hk2.internal.SingletonContext$1.compute(SingletonContext.java:83)
	at org.jvnet.hk2.internal.SingletonContext$1.compute(SingletonContext.java:71)
	at org.glassfish.hk2.utilities.cache.Cache$OriginThreadAwareFuture$1.call(Cache.java:97)
	at java.base/java.util.concurrent.FutureTask.run(FutureTask.java:264)
	at org.glassfish.hk2.utilities.cache.Cache$OriginThreadAwareFuture.run(Cache.java:154)
	at org.glassfish.hk2.utilities.cache.Cache.compute(Cache.java:199)
	at org.jvnet.hk2.internal.SingletonContext.findOrCreate(SingletonContext.java:122)
	at org.jvnet.hk2.internal.Utilities.createService(Utilities.java:2022)
	at org.jvnet.hk2.internal.ServiceLocatorImpl.internalGetService(ServiceLocatorImpl.java:774)
	at org.jvnet.hk2.internal.ServiceLocatorImpl.internalGetService(ServiceLocatorImpl.java:737)
	at org.jvnet.hk2.internal.ServiceLocatorImpl.getService(ServiceLocatorImpl.java:707)
	at org.glassfish.jersey.server.model.ComponentModelValidator.&lt;init&gt;(ComponentModelValidator.java:97)
	at org.glassfish.jersey.server.ApplicationHandler.initialize(ApplicationHandler.java:549)
	at org.glassfish.jersey.server.ApplicationHandler.access$500(ApplicationHandler.java:184)
	at org.glassfish.jersey.server.ApplicationHandler$3.call(ApplicationHandler.java:350)
	at org.glassfish.jersey.server.ApplicationHandler$3.call(ApplicationHandler.java:347)
	at org.glassfish.jersey.internal.Errors.process(Errors.java:315)
	at org.glassfish.jersey.internal.Errors.process(Errors.java:297)
	at org.glassfish.jersey.internal.Errors.processWithException(Errors.java:255)
	at org.glassfish.jersey.server.ApplicationHandler.&lt;init&gt;(ApplicationHandler.java:347)
	at org.glassfish.jersey.server.ApplicationHandler.&lt;init&gt;(ApplicationHandler.java:311)
	at org.glassfish.jersey.grizzly2.httpserver.GrizzlyHttpContainer.&lt;init&gt;(GrizzlyHttpContainer.java:337)
	at org.glassfish.jersey.grizzly2.httpserver.GrizzlyHttpServerFactory.createHttpServer(GrizzlyHttpServerFactory.java:119)
	at com.example.Main.startServer(Main.java:30)
	at com.example.MyResourceTest.setUp(MyResourceTest.java:22)
	at java.base/jdk.internal.reflect.NativeMethodAccessorImpl.invoke0(Native Method)
	at java.base/jdk.internal.reflect.NativeMethodAccessorImpl.invoke(NativeMethodAccessorImpl.java:62)
	at java.base/jdk.internal.reflect.DelegatingMethodAccessorImpl.invoke(DelegatingMethodAccessorImpl.java:43)
	at java.base/java.lang.reflect.Method.invoke(Method.java:564)
	at org.junit.runners.model.FrameworkMethod$1.runReflectiveCall(FrameworkMethod.java:44)
	at org.junit.internal.runners.model.ReflectiveCallable.run(ReflectiveCallable.java:15)
	at org.junit.runners.model.FrameworkMethod.invokeExplosively(FrameworkMethod.java:41)
	at org.junit.internal.runners.statements.RunBefores.evaluate(RunBefores.java:27)
	at org.junit.internal.runners.statements.RunAfters.evaluate(RunAfters.java:31)
	at org.junit.runners.ParentRunner.runLeaf(ParentRunner.java:263)
	at org.junit.runners.BlockJUnit4ClassRunner.runChild(BlockJUnit4ClassRunner.java:69)
	at org.junit.runners.BlockJUnit4ClassRunner.runChild(BlockJUnit4ClassRunner.java:48)
	at org.junit.runners.ParentRunner$3.run(ParentRunner.java:231)
	at org.junit.runners.ParentRunner$1.schedule(ParentRunner.java:60)
	at org.junit.runners.ParentRunner.runChildren(ParentRunner.java:229)
	at org.junit.runners.ParentRunner.access$000(ParentRunner.java:50)
	at org.junit.runners.ParentRunner$2.evaluate(ParentRunner.java:222)
	at org.junit.runners.ParentRunner.run(ParentRunner.java:292)
	at org.apache.maven.surefire.junit4.JUnit4Provider.execute(JUnit4Provider.java:252)
	at org.apache.maven.surefire.junit4.JUnit4Provider.executeTestSet(JUnit4Provider.java:141)
	at org.apache.maven.surefire.junit4.JUnit4Provider.invoke(JUnit4Provider.java:112)
	at java.base/jdk.internal.reflect.NativeMethodAccessorImpl.invoke0(Native Method)
	at java.base/jdk.internal.reflect.NativeMethodAccessorImpl.invoke(NativeMethodAccessorImpl.java:62)
	at java.base/jdk.internal.reflect.DelegatingMethodAccessorImpl.invoke(DelegatingMethodAccessorImpl.java:43)
	at java.base/java.lang.reflect.Method.invoke(Method.java:564)
	at org.apache.maven.surefire.util.ReflectionUtils.invokeMethodWithArray(ReflectionUtils.java:189)
	at org.apache.maven.surefire.booter.ProviderFactory$ProviderProxy.invoke(ProviderFactory.java:165)
	at org.apache.maven.surefire.booter.ProviderFactory.invokeProvider(ProviderFactory.java:85)
	at org.apache.maven.surefire.booter.ForkedBooter.runSuitesInProcess(ForkedBooter.java:115)
	at org.apache.maven.surefire.booter.ForkedBooter.main(ForkedBooter.java:75)

WARNING: HK2 service reification failed for [org.glassfish.jersey.jaxb.internal.XmlRootElementJaxbProvider$Text] with an exception:
MultiException stack 1 of 2
java.lang.NoClassDefFoundError: javax/xml/bind/PropertyException
	at java.base/java.lang.Class.getDeclaredConstructors0(Native Method)
	at java.base/java.lang.Class.privateGetDeclaredConstructors(Class.java:3090)
	at java.base/java.lang.Class.getDeclaredConstructors(Class.java:2316)
	at org.jvnet.hk2.internal.Utilities$3.run(Utilities.java:1308)
	at org.jvnet.hk2.internal.Utilities$3.run(Utilities.java:1304)
	at java.base/java.security.AccessController.doPrivileged(Native Method)
	at org.jvnet.hk2.internal.Utilities.getAllConstructors(Utilities.java:1304)
	at org.jvnet.hk2.internal.Utilities.findProducerConstructor(Utilities.java:1247)
	at org.jvnet.hk2.internal.DefaultClassAnalyzer.getConstructor(DefaultClassAnalyzer.java:83)
	at org.glassfish.jersey.internal.inject.JerseyClassAnalyzer.getConstructor(JerseyClassAnalyzer.java:144)
	at org.jvnet.hk2.internal.Utilities.getConstructor(Utilities.java:178)
	at org.jvnet.hk2.internal.ClazzCreator.initialize(ClazzCreator.java:129)
	at org.jvnet.hk2.internal.ClazzCreator.initialize(ClazzCreator.java:180)
	at org.jvnet.hk2.internal.SystemDescriptor.internalReify(SystemDescriptor.java:740)
	at org.jvnet.hk2.internal.SystemDescriptor.reify(SystemDescriptor.java:694)
	at org.jvnet.hk2.internal.ServiceLocatorImpl.reifyDescriptor(ServiceLocatorImpl.java:461)
	at org.jvnet.hk2.internal.ServiceLocatorImpl.narrow(ServiceLocatorImpl.java:2288)
	at org.jvnet.hk2.internal.ServiceLocatorImpl.access$1200(ServiceLocatorImpl.java:125)
	at org.jvnet.hk2.internal.ServiceLocatorImpl$9.compute(ServiceLocatorImpl.java:1373)
	at org.jvnet.hk2.internal.ServiceLocatorImpl$9.compute(ServiceLocatorImpl.java:1368)
	at org.glassfish.hk2.utilities.cache.internal.WeakCARCacheImpl.compute(WeakCARCacheImpl.java:116)
	at org.jvnet.hk2.internal.ServiceLocatorImpl.internalGetAllServiceHandles(ServiceLocatorImpl.java:1430)
	at org.jvnet.hk2.internal.ServiceLocatorImpl.getAllServiceHandles(ServiceLocatorImpl.java:1355)
	at org.jvnet.hk2.internal.ServiceLocatorImpl.getAllServiceHandles(ServiceLocatorImpl.java:1344)
	at org.glassfish.jersey.internal.inject.Providers.getServiceHandles(Providers.java:354)
	at org.glassfish.jersey.internal.inject.Providers.getProviders(Providers.java:187)
	at org.glassfish.jersey.message.internal.MessageBodyFactory.&lt;init&gt;(MessageBodyFactory.java:222)
	at java.base/jdk.internal.reflect.NativeConstructorAccessorImpl.newInstance0(Native Method)
	at java.base/jdk.internal.reflect.NativeConstructorAccessorImpl.newInstance(NativeConstructorAccessorImpl.java:62)
	at java.base/jdk.internal.reflect.DelegatingConstructorAccessorImpl.newInstance(DelegatingConstructorAccessorImpl.java:45)
	at java.base/java.lang.reflect.Constructor.newInstance(Constructor.java:488)
	at org.glassfish.hk2.utilities.reflection.ReflectionHelper.makeMe(ReflectionHelper.java:1375)
	at org.jvnet.hk2.internal.ClazzCreator.createMe(ClazzCreator.java:272)
	at org.jvnet.hk2.internal.ClazzCreator.create(ClazzCreator.java:366)
	at org.jvnet.hk2.internal.SystemDescriptor.create(SystemDescriptor.java:487)
	at org.jvnet.hk2.internal.SingletonContext$1.compute(SingletonContext.java:83)
	at org.jvnet.hk2.internal.SingletonContext$1.compute(SingletonContext.java:71)
	at org.glassfish.hk2.utilities.cache.Cache$OriginThreadAwareFuture$1.call(Cache.java:97)
	at java.base/java.util.concurrent.FutureTask.run(FutureTask.java:264)
	at org.glassfish.hk2.utilities.cache.Cache$OriginThreadAwareFuture.run(Cache.java:154)
	at org.glassfish.hk2.utilities.cache.Cache.compute(Cache.java:199)
	at org.jvnet.hk2.internal.SingletonContext.findOrCreate(SingletonContext.java:122)
	at org.jvnet.hk2.internal.Utilities.createService(Utilities.java:2022)
	at org.jvnet.hk2.internal.ServiceLocatorImpl.internalGetService(ServiceLocatorImpl.java:774)
	at org.jvnet.hk2.internal.ServiceLocatorImpl.internalGetService(ServiceLocatorImpl.java:737)
	at org.jvnet.hk2.internal.ServiceLocatorImpl.getService(ServiceLocatorImpl.java:707)
	at org.glassfish.jersey.server.model.ComponentModelValidator.&lt;init&gt;(ComponentModelValidator.java:97)
	at org.glassfish.jersey.server.ApplicationHandler.initialize(ApplicationHandler.java:549)
	at org.glassfish.jersey.server.ApplicationHandler.access$500(ApplicationHandler.java:184)
	at org.glassfish.jersey.server.ApplicationHandler$3.call(ApplicationHandler.java:350)
	at org.glassfish.jersey.server.ApplicationHandler$3.call(ApplicationHandler.java:347)
	at org.glassfish.jersey.internal.Errors.process(Errors.java:315)
	at org.glassfish.jersey.internal.Errors.process(Errors.java:297)
	at org.glassfish.jersey.internal.Errors.processWithException(Errors.java:255)
	at org.glassfish.jersey.server.ApplicationHandler.&lt;init&gt;(ApplicationHandler.java:347)
	at org.glassfish.jersey.server.ApplicationHandler.&lt;init&gt;(ApplicationHandler.java:311)
	at org.glassfish.jersey.grizzly2.httpserver.GrizzlyHttpContainer.&lt;init&gt;(GrizzlyHttpContainer.java:337)
	at org.glassfish.jersey.grizzly2.httpserver.GrizzlyHttpServerFactory.createHttpServer(GrizzlyHttpServerFactory.java:119)
	at com.example.Main.startServer(Main.java:30)
	at com.example.MyResourceTest.setUp(MyResourceTest.java:22)
	at java.base/jdk.internal.reflect.NativeMethodAccessorImpl.invoke0(Native Method)
	at java.base/jdk.internal.reflect.NativeMethodAccessorImpl.invoke(NativeMethodAccessorImpl.java:62)
	at java.base/jdk.internal.reflect.DelegatingMethodAccessorImpl.invoke(DelegatingMethodAccessorImpl.java:43)
	at java.base/java.lang.reflect.Method.invoke(Method.java:564)
	at org.junit.runners.model.FrameworkMethod$1.runReflectiveCall(FrameworkMethod.java:44)
	at org.junit.internal.runners.model.ReflectiveCallable.run(ReflectiveCallable.java:15)
	at org.junit.runners.model.FrameworkMethod.invokeExplosively(FrameworkMethod.java:41)
	at org.junit.internal.runners.statements.RunBefores.evaluate(RunBefores.java:27)
	at org.junit.internal.runners.statements.RunAfters.evaluate(RunAfters.java:31)
	at org.junit.runners.ParentRunner.runLeaf(ParentRunner.java:263)
	at org.junit.runners.BlockJUnit4ClassRunner.runChild(BlockJUnit4ClassRunner.java:69)
	at org.junit.runners.BlockJUnit4ClassRunner.runChild(BlockJUnit4ClassRunner.java:48)
	at org.junit.runners.ParentRunner$3.run(ParentRunner.java:231)
	at org.junit.runners.ParentRunner$1.schedule(ParentRunner.java:60)
	at org.junit.runners.ParentRunner.runChildren(ParentRunner.java:229)
	at org.junit.runners.ParentRunner.access$000(ParentRunner.java:50)
	at org.junit.runners.ParentRunner$2.evaluate(ParentRunner.java:222)
	at org.junit.runners.ParentRunner.run(ParentRunner.java:292)
	at org.apache.maven.surefire.junit4.JUnit4Provider.execute(JUnit4Provider.java:252)
	at org.apache.maven.surefire.junit4.JUnit4Provider.executeTestSet(JUnit4Provider.java:141)
	at org.apache.maven.surefire.junit4.JUnit4Provider.invoke(JUnit4Provider.java:112)
	at java.base/jdk.internal.reflect.NativeMethodAccessorImpl.invoke0(Native Method)
	at java.base/jdk.internal.reflect.NativeMethodAccessorImpl.invoke(NativeMethodAccessorImpl.java:62)
	at java.base/jdk.internal.reflect.DelegatingMethodAccessorImpl.invoke(DelegatingMethodAccessorImpl.java:43)
	at java.base/java.lang.reflect.Method.invoke(Method.java:564)
	at org.apache.maven.surefire.util.ReflectionUtils.invokeMethodWithArray(ReflectionUtils.java:189)
	at org.apache.maven.surefire.booter.ProviderFactory$ProviderProxy.invoke(ProviderFactory.java:165)
	at org.apache.maven.surefire.booter.ProviderFactory.invokeProvider(ProviderFactory.java:85)
	at org.apache.maven.surefire.booter.ForkedBooter.runSuitesInProcess(ForkedBooter.java:115)
	at org.apache.maven.surefire.booter.ForkedBooter.main(ForkedBooter.java:75)
Caused by: java.lang.ClassNotFoundException: javax.xml.bind.PropertyException
	at java.base/jdk.internal.loader.BuiltinClassLoader.loadClass(BuiltinClassLoader.java:582)
	at java.base/jdk.internal.loader.ClassLoaders$AppClassLoader.loadClass(ClassLoaders.java:190)
	at java.base/java.lang.ClassLoader.loadClass(ClassLoader.java:499)
	... 90 more
MultiException stack 2 of 2
java.lang.IllegalArgumentException: Errors were discovered while reifying SystemDescriptor(
	implementation=org.glassfish.jersey.jaxb.internal.XmlRootElementJaxbProvider$Text
	contracts={javax.ws.rs.ext.MessageBodyWriter,javax.ws.rs.ext.MessageBodyReader}
	scope=javax.inject.Singleton
	qualifiers={}
	descriptorType=CLASS
	descriptorVisibility=NORMAL
	metadata=
	rank=0
	loader=org.glassfish.hk2.utilities.binding.AbstractBinder$2@16fdec90
	proxiable=null
	proxyForSameScope=null
	analysisName=null
	id=108
	locatorId=0
	identityHashCode=896072146
	reified=false)
	at org.jvnet.hk2.internal.SystemDescriptor.reify(SystemDescriptor.java:705)
	at org.jvnet.hk2.internal.ServiceLocatorImpl.reifyDescriptor(ServiceLocatorImpl.java:461)
	at org.jvnet.hk2.internal.ServiceLocatorImpl.narrow(ServiceLocatorImpl.java:2288)
	at org.jvnet.hk2.internal.ServiceLocatorImpl.access$1200(ServiceLocatorImpl.java:125)
	at org.jvnet.hk2.internal.ServiceLocatorImpl$9.compute(ServiceLocatorImpl.java:1373)
	at org.jvnet.hk2.internal.ServiceLocatorImpl$9.compute(ServiceLocatorImpl.java:1368)
	at org.glassfish.hk2.utilities.cache.internal.WeakCARCacheImpl.compute(WeakCARCacheImpl.java:116)
	at org.jvnet.hk2.internal.ServiceLocatorImpl.internalGetAllServiceHandles(ServiceLocatorImpl.java:1430)
	at org.jvnet.hk2.internal.ServiceLocatorImpl.getAllServiceHandles(ServiceLocatorImpl.java:1355)
	at org.jvnet.hk2.internal.ServiceLocatorImpl.getAllServiceHandles(ServiceLocatorImpl.java:1344)
	at org.glassfish.jersey.internal.inject.Providers.getServiceHandles(Providers.java:354)
	at org.glassfish.jersey.internal.inject.Providers.getProviders(Providers.java:187)
	at org.glassfish.jersey.message.internal.MessageBodyFactory.&lt;init&gt;(MessageBodyFactory.java:222)
	at java.base/jdk.internal.reflect.NativeConstructorAccessorImpl.newInstance0(Native Method)
	at java.base/jdk.internal.reflect.NativeConstructorAccessorImpl.newInstance(NativeConstructorAccessorImpl.java:62)
	at java.base/jdk.internal.reflect.DelegatingConstructorAccessorImpl.newInstance(DelegatingConstructorAccessorImpl.java:45)
	at java.base/java.lang.reflect.Constructor.newInstance(Constructor.java:488)
	at org.glassfish.hk2.utilities.reflection.ReflectionHelper.makeMe(ReflectionHelper.java:1375)
	at org.jvnet.hk2.internal.ClazzCreator.createMe(ClazzCreator.java:272)
	at org.jvnet.hk2.internal.ClazzCreator.create(ClazzCreator.java:366)
	at org.jvnet.hk2.internal.SystemDescriptor.create(SystemDescriptor.java:487)
	at org.jvnet.hk2.internal.SingletonContext$1.compute(SingletonContext.java:83)
	at org.jvnet.hk2.internal.SingletonContext$1.compute(SingletonContext.java:71)
	at org.glassfish.hk2.utilities.cache.Cache$OriginThreadAwareFuture$1.call(Cache.java:97)
	at java.base/java.util.concurrent.FutureTask.run(FutureTask.java:264)
	at org.glassfish.hk2.utilities.cache.Cache$OriginThreadAwareFuture.run(Cache.java:154)
	at org.glassfish.hk2.utilities.cache.Cache.compute(Cache.java:199)
	at org.jvnet.hk2.internal.SingletonContext.findOrCreate(SingletonContext.java:122)
	at org.jvnet.hk2.internal.Utilities.createService(Utilities.java:2022)
	at org.jvnet.hk2.internal.ServiceLocatorImpl.internalGetService(ServiceLocatorImpl.java:774)
	at org.jvnet.hk2.internal.ServiceLocatorImpl.internalGetService(ServiceLocatorImpl.java:737)
	at org.jvnet.hk2.internal.ServiceLocatorImpl.getService(ServiceLocatorImpl.java:707)
	at org.glassfish.jersey.server.model.ComponentModelValidator.&lt;init&gt;(ComponentModelValidator.java:97)
	at org.glassfish.jersey.server.ApplicationHandler.initialize(ApplicationHandler.java:549)
	at org.glassfish.jersey.server.ApplicationHandler.access$500(ApplicationHandler.java:184)
	at org.glassfish.jersey.server.ApplicationHandler$3.call(ApplicationHandler.java:350)
	at org.glassfish.jersey.server.ApplicationHandler$3.call(ApplicationHandler.java:347)
	at org.glassfish.jersey.internal.Errors.process(Errors.java:315)
	at org.glassfish.jersey.internal.Errors.process(Errors.java:297)
	at org.glassfish.jersey.internal.Errors.processWithException(Errors.java:255)
	at org.glassfish.jersey.server.ApplicationHandler.&lt;init&gt;(ApplicationHandler.java:347)
	at org.glassfish.jersey.server.ApplicationHandler.&lt;init&gt;(ApplicationHandler.java:311)
	at org.glassfish.jersey.grizzly2.httpserver.GrizzlyHttpContainer.&lt;init&gt;(GrizzlyHttpContainer.java:337)
	at org.glassfish.jersey.grizzly2.httpserver.GrizzlyHttpServerFactory.createHttpServer(GrizzlyHttpServerFactory.java:119)
	at com.example.Main.startServer(Main.java:30)
	at com.example.MyResourceTest.setUp(MyResourceTest.java:22)
	at java.base/jdk.internal.reflect.NativeMethodAccessorImpl.invoke0(Native Method)
	at java.base/jdk.internal.reflect.NativeMethodAccessorImpl.invoke(NativeMethodAccessorImpl.java:62)
	at java.base/jdk.internal.reflect.DelegatingMethodAccessorImpl.invoke(DelegatingMethodAccessorImpl.java:43)
	at java.base/java.lang.reflect.Method.invoke(Method.java:564)
	at org.junit.runners.model.FrameworkMethod$1.runReflectiveCall(FrameworkMethod.java:44)
	at org.junit.internal.runners.model.ReflectiveCallable.run(ReflectiveCallable.java:15)
	at org.junit.runners.model.FrameworkMethod.invokeExplosively(FrameworkMethod.java:41)
	at org.junit.internal.runners.statements.RunBefores.evaluate(RunBefores.java:27)
	at org.junit.internal.runners.statements.RunAfters.evaluate(RunAfters.java:31)
	at org.junit.runners.ParentRunner.runLeaf(ParentRunner.java:263)
	at org.junit.runners.BlockJUnit4ClassRunner.runChild(BlockJUnit4ClassRunner.java:69)
	at org.junit.runners.BlockJUnit4ClassRunner.runChild(BlockJUnit4ClassRunner.java:48)
	at org.junit.runners.ParentRunner$3.run(ParentRunner.java:231)
	at org.junit.runners.ParentRunner$1.schedule(ParentRunner.java:60)
	at org.junit.runners.ParentRunner.runChildren(ParentRunner.java:229)
	at org.junit.runners.ParentRunner.access$000(ParentRunner.java:50)
	at org.junit.runners.ParentRunner$2.evaluate(ParentRunner.java:222)
	at org.junit.runners.ParentRunner.run(ParentRunner.java:292)
	at org.apache.maven.surefire.junit4.JUnit4Provider.execute(JUnit4Provider.java:252)
	at org.apache.maven.surefire.junit4.JUnit4Provider.executeTestSet(JUnit4Provider.java:141)
	at org.apache.maven.surefire.junit4.JUnit4Provider.invoke(JUnit4Provider.java:112)
	at java.base/jdk.internal.reflect.NativeMethodAccessorImpl.invoke0(Native Method)
	at java.base/jdk.internal.reflect.NativeMethodAccessorImpl.invoke(NativeMethodAccessorImpl.java:62)
	at java.base/jdk.internal.reflect.DelegatingMethodAccessorImpl.invoke(DelegatingMethodAccessorImpl.java:43)
	at java.base/java.lang.reflect.Method.invoke(Method.java:564)
	at org.apache.maven.surefire.util.ReflectionUtils.invokeMethodWithArray(ReflectionUtils.java:189)
	at org.apache.maven.surefire.booter.ProviderFactory$ProviderProxy.invoke(ProviderFactory.java:165)
	at org.apache.maven.surefire.booter.ProviderFactory.invokeProvider(ProviderFactory.java:85)
	at org.apache.maven.surefire.booter.ForkedBooter.runSuitesInProcess(ForkedBooter.java:115)
	at org.apache.maven.surefire.booter.ForkedBooter.main(ForkedBooter.java:75)

WARNING: HK2 service reification failed for [org.glassfish.jersey.jaxb.internal.XmlRootElementJaxbProvider$General] with an exception:
MultiException stack 1 of 2
java.lang.NoClassDefFoundError: javax/xml/bind/PropertyException
	at java.base/java.lang.Class.getDeclaredConstructors0(Native Method)
	at java.base/java.lang.Class.privateGetDeclaredConstructors(Class.java:3090)
	at java.base/java.lang.Class.getDeclaredConstructors(Class.java:2316)
	at org.jvnet.hk2.internal.Utilities$3.run(Utilities.java:1308)
	at org.jvnet.hk2.internal.Utilities$3.run(Utilities.java:1304)
	at java.base/java.security.AccessController.doPrivileged(Native Method)
	at org.jvnet.hk2.internal.Utilities.getAllConstructors(Utilities.java:1304)
	at org.jvnet.hk2.internal.Utilities.findProducerConstructor(Utilities.java:1247)
	at org.jvnet.hk2.internal.DefaultClassAnalyzer.getConstructor(DefaultClassAnalyzer.java:83)
	at org.glassfish.jersey.internal.inject.JerseyClassAnalyzer.getConstructor(JerseyClassAnalyzer.java:144)
	at org.jvnet.hk2.internal.Utilities.getConstructor(Utilities.java:178)
	at org.jvnet.hk2.internal.ClazzCreator.initialize(ClazzCreator.java:129)
	at org.jvnet.hk2.internal.ClazzCreator.initialize(ClazzCreator.java:180)
	at org.jvnet.hk2.internal.SystemDescriptor.internalReify(SystemDescriptor.java:740)
	at org.jvnet.hk2.internal.SystemDescriptor.reify(SystemDescriptor.java:694)
	at org.jvnet.hk2.internal.ServiceLocatorImpl.reifyDescriptor(ServiceLocatorImpl.java:461)
	at org.jvnet.hk2.internal.ServiceLocatorImpl.narrow(ServiceLocatorImpl.java:2288)
	at org.jvnet.hk2.internal.ServiceLocatorImpl.access$1200(ServiceLocatorImpl.java:125)
	at org.jvnet.hk2.internal.ServiceLocatorImpl$9.compute(ServiceLocatorImpl.java:1373)
	at org.jvnet.hk2.internal.ServiceLocatorImpl$9.compute(ServiceLocatorImpl.java:1368)
	at org.glassfish.hk2.utilities.cache.internal.WeakCARCacheImpl.compute(WeakCARCacheImpl.java:116)
	at org.jvnet.hk2.internal.ServiceLocatorImpl.internalGetAllServiceHandles(ServiceLocatorImpl.java:1430)
	at org.jvnet.hk2.internal.ServiceLocatorImpl.getAllServiceHandles(ServiceLocatorImpl.java:1355)
	at org.jvnet.hk2.internal.ServiceLocatorImpl.getAllServiceHandles(ServiceLocatorImpl.java:1344)
	at org.glassfish.jersey.internal.inject.Providers.getServiceHandles(Providers.java:354)
	at org.glassfish.jersey.internal.inject.Providers.getProviders(Providers.java:187)
	at org.glassfish.jersey.message.internal.MessageBodyFactory.&lt;init&gt;(MessageBodyFactory.java:222)
	at java.base/jdk.internal.reflect.NativeConstructorAccessorImpl.newInstance0(Native Method)
	at java.base/jdk.internal.reflect.NativeConstructorAccessorImpl.newInstance(NativeConstructorAccessorImpl.java:62)
	at java.base/jdk.internal.reflect.DelegatingConstructorAccessorImpl.newInstance(DelegatingConstructorAccessorImpl.java:45)
	at java.base/java.lang.reflect.Constructor.newInstance(Constructor.java:488)
	at org.glassfish.hk2.utilities.reflection.ReflectionHelper.makeMe(ReflectionHelper.java:1375)
	at org.jvnet.hk2.internal.ClazzCreator.createMe(ClazzCreator.java:272)
	at org.jvnet.hk2.internal.ClazzCreator.create(ClazzCreator.java:366)
	at org.jvnet.hk2.internal.SystemDescriptor.create(SystemDescriptor.java:487)
	at org.jvnet.hk2.internal.SingletonContext$1.compute(SingletonContext.java:83)
	at org.jvnet.hk2.internal.SingletonContext$1.compute(SingletonContext.java:71)
	at org.glassfish.hk2.utilities.cache.Cache$OriginThreadAwareFuture$1.call(Cache.java:97)
	at java.base/java.util.concurrent.FutureTask.run(FutureTask.java:264)
	at org.glassfish.hk2.utilities.cache.Cache$OriginThreadAwareFuture.run(Cache.java:154)
	at org.glassfish.hk2.utilities.cache.Cache.compute(Cache.java:199)
	at org.jvnet.hk2.internal.SingletonContext.findOrCreate(SingletonContext.java:122)
	at org.jvnet.hk2.internal.Utilities.createService(Utilities.java:2022)
	at org.jvnet.hk2.internal.ServiceLocatorImpl.internalGetService(ServiceLocatorImpl.java:774)
	at org.jvnet.hk2.internal.ServiceLocatorImpl.internalGetService(ServiceLocatorImpl.java:737)
	at org.jvnet.hk2.internal.ServiceLocatorImpl.getService(ServiceLocatorImpl.java:707)
	at org.glassfish.jersey.server.model.ComponentModelValidator.&lt;init&gt;(ComponentModelValidator.java:97)
	at org.glassfish.jersey.server.ApplicationHandler.initialize(ApplicationHandler.java:549)
	at org.glassfish.jersey.server.ApplicationHandler.access$500(ApplicationHandler.java:184)
	at org.glassfish.jersey.server.ApplicationHandler$3.call(ApplicationHandler.java:350)
	at org.glassfish.jersey.server.ApplicationHandler$3.call(ApplicationHandler.java:347)
	at org.glassfish.jersey.internal.Errors.process(Errors.java:315)
	at org.glassfish.jersey.internal.Errors.process(Errors.java:297)
	at org.glassfish.jersey.internal.Errors.processWithException(Errors.java:255)
	at org.glassfish.jersey.server.ApplicationHandler.&lt;init&gt;(ApplicationHandler.java:347)
	at org.glassfish.jersey.server.ApplicationHandler.&lt;init&gt;(ApplicationHandler.java:311)
	at org.glassfish.jersey.grizzly2.httpserver.GrizzlyHttpContainer.&lt;init&gt;(GrizzlyHttpContainer.java:337)
	at org.glassfish.jersey.grizzly2.httpserver.GrizzlyHttpServerFactory.createHttpServer(GrizzlyHttpServerFactory.java:119)
	at com.example.Main.startServer(Main.java:30)
	at com.example.MyResourceTest.setUp(MyResourceTest.java:22)
	at java.base/jdk.internal.reflect.NativeMethodAccessorImpl.invoke0(Native Method)
	at java.base/jdk.internal.reflect.NativeMethodAccessorImpl.invoke(NativeMethodAccessorImpl.java:62)
	at java.base/jdk.internal.reflect.DelegatingMethodAccessorImpl.invoke(DelegatingMethodAccessorImpl.java:43)
	at java.base/java.lang.reflect.Method.invoke(Method.java:564)
	at org.junit.runners.model.FrameworkMethod$1.runReflectiveCall(FrameworkMethod.java:44)
	at org.junit.internal.runners.model.ReflectiveCallable.run(ReflectiveCallable.java:15)
	at org.junit.runners.model.FrameworkMethod.invokeExplosively(FrameworkMethod.java:41)
	at org.junit.internal.runners.statements.RunBefores.evaluate(RunBefores.java:27)
	at org.junit.internal.runners.statements.RunAfters.evaluate(RunAfters.java:31)
	at org.junit.runners.ParentRunner.runLeaf(ParentRunner.java:263)
	at org.junit.runners.BlockJUnit4ClassRunner.runChild(BlockJUnit4ClassRunner.java:69)
	at org.junit.runners.BlockJUnit4ClassRunner.runChild(BlockJUnit4ClassRunner.java:48)
	at org.junit.runners.ParentRunner$3.run(ParentRunner.java:231)
	at org.junit.runners.ParentRunner$1.schedule(ParentRunner.java:60)
	at org.junit.runners.ParentRunner.runChildren(ParentRunner.java:229)
	at org.junit.runners.ParentRunner.access$000(ParentRunner.java:50)
	at org.junit.runners.ParentRunner$2.evaluate(ParentRunner.java:222)
	at org.junit.runners.ParentRunner.run(ParentRunner.java:292)
	at org.apache.maven.surefire.junit4.JUnit4Provider.execute(JUnit4Provider.java:252)
	at org.apache.maven.surefire.junit4.JUnit4Provider.executeTestSet(JUnit4Provider.java:141)
	at org.apache.maven.surefire.junit4.JUnit4Provider.invoke(JUnit4Provider.java:112)
	at java.base/jdk.internal.reflect.NativeMethodAccessorImpl.invoke0(Native Method)
	at java.base/jdk.internal.reflect.NativeMethodAccessorImpl.invoke(NativeMethodAccessorImpl.java:62)
	at java.base/jdk.internal.reflect.DelegatingMethodAccessorImpl.invoke(DelegatingMethodAccessorImpl.java:43)
	at java.base/java.lang.reflect.Method.invoke(Method.java:564)
	at org.apache.maven.surefire.util.ReflectionUtils.invokeMethodWithArray(ReflectionUtils.java:189)
	at org.apache.maven.surefire.booter.ProviderFactory$ProviderProxy.invoke(ProviderFactory.java:165)
	at org.apache.maven.surefire.booter.ProviderFactory.invokeProvider(ProviderFactory.java:85)
	at org.apache.maven.surefire.booter.ForkedBooter.runSuitesInProcess(ForkedBooter.java:115)
	at org.apache.maven.surefire.booter.ForkedBooter.main(ForkedBooter.java:75)
Caused by: java.lang.ClassNotFoundException: javax.xml.bind.PropertyException
	at java.base/jdk.internal.loader.BuiltinClassLoader.loadClass(BuiltinClassLoader.java:582)
	at java.base/jdk.internal.loader.ClassLoaders$AppClassLoader.loadClass(ClassLoaders.java:190)
	at java.base/java.lang.ClassLoader.loadClass(ClassLoader.java:499)
	... 90 more
MultiException stack 2 of 2
java.lang.IllegalArgumentException: Errors were discovered while reifying SystemDescriptor(
	implementation=org.glassfish.jersey.jaxb.internal.XmlRootElementJaxbProvider$General
	contracts={javax.ws.rs.ext.MessageBodyWriter,javax.ws.rs.ext.MessageBodyReader}
	scope=javax.inject.Singleton
	qualifiers={}
	descriptorType=CLASS
	descriptorVisibility=NORMAL
	metadata=
	rank=0
	loader=org.glassfish.hk2.utilities.binding.AbstractBinder$2@16fdec90
	proxiable=null
	proxyForSameScope=null
	analysisName=null
	id=109
	locatorId=0
	identityHashCode=1528741718
	reified=false)
	at org.jvnet.hk2.internal.SystemDescriptor.reify(SystemDescriptor.java:705)
	at org.jvnet.hk2.internal.ServiceLocatorImpl.reifyDescriptor(ServiceLocatorImpl.java:461)
	at org.jvnet.hk2.internal.ServiceLocatorImpl.narrow(ServiceLocatorImpl.java:2288)
	at org.jvnet.hk2.internal.ServiceLocatorImpl.access$1200(ServiceLocatorImpl.java:125)
	at org.jvnet.hk2.internal.ServiceLocatorImpl$9.compute(ServiceLocatorImpl.java:1373)
	at org.jvnet.hk2.internal.ServiceLocatorImpl$9.compute(ServiceLocatorImpl.java:1368)
	at org.glassfish.hk2.utilities.cache.internal.WeakCARCacheImpl.compute(WeakCARCacheImpl.java:116)
	at org.jvnet.hk2.internal.ServiceLocatorImpl.internalGetAllServiceHandles(ServiceLocatorImpl.java:1430)
	at org.jvnet.hk2.internal.ServiceLocatorImpl.getAllServiceHandles(ServiceLocatorImpl.java:1355)
	at org.jvnet.hk2.internal.ServiceLocatorImpl.getAllServiceHandles(ServiceLocatorImpl.java:1344)
	at org.glassfish.jersey.internal.inject.Providers.getServiceHandles(Providers.java:354)
	at org.glassfish.jersey.internal.inject.Providers.getProviders(Providers.java:187)
	at org.glassfish.jersey.message.internal.MessageBodyFactory.&lt;init&gt;(MessageBodyFactory.java:222)
	at java.base/jdk.internal.reflect.NativeConstructorAccessorImpl.newInstance0(Native Method)
	at java.base/jdk.internal.reflect.NativeConstructorAccessorImpl.newInstance(NativeConstructorAccessorImpl.java:62)
	at java.base/jdk.internal.reflect.DelegatingConstructorAccessorImpl.newInstance(DelegatingConstructorAccessorImpl.java:45)
	at java.base/java.lang.reflect.Constructor.newInstance(Constructor.java:488)
	at org.glassfish.hk2.utilities.reflection.ReflectionHelper.makeMe(ReflectionHelper.java:1375)
	at org.jvnet.hk2.internal.ClazzCreator.createMe(ClazzCreator.java:272)
	at org.jvnet.hk2.internal.ClazzCreator.create(ClazzCreator.java:366)
	at org.jvnet.hk2.internal.SystemDescriptor.create(SystemDescriptor.java:487)
	at org.jvnet.hk2.internal.SingletonContext$1.compute(SingletonContext.java:83)
	at org.jvnet.hk2.internal.SingletonContext$1.compute(SingletonContext.java:71)
	at org.glassfish.hk2.utilities.cache.Cache$OriginThreadAwareFuture$1.call(Cache.java:97)
	at java.base/java.util.concurrent.FutureTask.run(FutureTask.java:264)
	at org.glassfish.hk2.utilities.cache.Cache$OriginThreadAwareFuture.run(Cache.java:154)
	at org.glassfish.hk2.utilities.cache.Cache.compute(Cache.java:199)
	at org.jvnet.hk2.internal.SingletonContext.findOrCreate(SingletonContext.java:122)
	at org.jvnet.hk2.internal.Utilities.createService(Utilities.java:2022)
	at org.jvnet.hk2.internal.ServiceLocatorImpl.internalGetService(ServiceLocatorImpl.java:774)
	at org.jvnet.hk2.internal.ServiceLocatorImpl.internalGetService(ServiceLocatorImpl.java:737)
	at org.jvnet.hk2.internal.ServiceLocatorImpl.getService(ServiceLocatorImpl.java:707)
	at org.glassfish.jersey.server.model.ComponentModelValidator.&lt;init&gt;(ComponentModelValidator.java:97)
	at org.glassfish.jersey.server.ApplicationHandler.initialize(ApplicationHandler.java:549)
	at org.glassfish.jersey.server.ApplicationHandler.access$500(ApplicationHandler.java:184)
	at org.glassfish.jersey.server.ApplicationHandler$3.call(ApplicationHandler.java:350)
	at org.glassfish.jersey.server.ApplicationHandler$3.call(ApplicationHandler.java:347)
	at org.glassfish.jersey.internal.Errors.process(Errors.java:315)
	at org.glassfish.jersey.internal.Errors.process(Errors.java:297)
	at org.glassfish.jersey.internal.Errors.processWithException(Errors.java:255)
	at org.glassfish.jersey.server.ApplicationHandler.&lt;init&gt;(ApplicationHandler.java:347)
	at org.glassfish.jersey.server.ApplicationHandler.&lt;init&gt;(ApplicationHandler.java:311)
	at org.glassfish.jersey.grizzly2.httpserver.GrizzlyHttpContainer.&lt;init&gt;(GrizzlyHttpContainer.java:337)
	at org.glassfish.jersey.grizzly2.httpserver.GrizzlyHttpServerFactory.createHttpServer(GrizzlyHttpServerFactory.java:119)
	at com.example.Main.startServer(Main.java:30)
	at com.example.MyResourceTest.setUp(MyResourceTest.java:22)
	at java.base/jdk.internal.reflect.NativeMethodAccessorImpl.invoke0(Native Method)
	at java.base/jdk.internal.reflect.NativeMethodAccessorImpl.invoke(NativeMethodAccessorImpl.java:62)
	at java.base/jdk.internal.reflect.DelegatingMethodAccessorImpl.invoke(DelegatingMethodAccessorImpl.java:43)
	at java.base/java.lang.reflect.Method.invoke(Method.java:564)
	at org.junit.runners.model.FrameworkMethod$1.runReflectiveCall(FrameworkMethod.java:44)
	at org.junit.internal.runners.model.ReflectiveCallable.run(ReflectiveCallable.java:15)
	at org.junit.runners.model.FrameworkMethod.invokeExplosively(FrameworkMethod.java:41)
	at org.junit.internal.runners.statements.RunBefores.evaluate(RunBefores.java:27)
	at org.junit.internal.runners.statements.RunAfters.evaluate(RunAfters.java:31)
	at org.junit.runners.ParentRunner.runLeaf(ParentRunner.java:263)
	at org.junit.runners.BlockJUnit4ClassRunner.runChild(BlockJUnit4ClassRunner.java:69)
	at org.junit.runners.BlockJUnit4ClassRunner.runChild(BlockJUnit4ClassRunner.java:48)
	at org.junit.runners.ParentRunner$3.run(ParentRunner.java:231)
	at org.junit.runners.ParentRunner$1.schedule(ParentRunner.java:60)
	at org.junit.runners.ParentRunner.runChildren(ParentRunner.java:229)
	at org.junit.runners.ParentRunner.access$000(ParentRunner.java:50)
	at org.junit.runners.ParentRunner$2.evaluate(ParentRunner.java:222)
	at org.junit.runners.ParentRunner.run(ParentRunner.java:292)
	at org.apache.maven.surefire.junit4.JUnit4Provider.execute(JUnit4Provider.java:252)
	at org.apache.maven.surefire.junit4.JUnit4Provider.executeTestSet(JUnit4Provider.java:141)
	at org.apache.maven.surefire.junit4.JUnit4Provider.invoke(JUnit4Provider.java:112)
	at java.base/jdk.internal.reflect.NativeMethodAccessorImpl.invoke0(Native Method)
	at java.base/jdk.internal.reflect.NativeMethodAccessorImpl.invoke(NativeMethodAccessorImpl.java:62)
	at java.base/jdk.internal.reflect.DelegatingMethodAccessorImpl.invoke(DelegatingMethodAccessorImpl.java:43)
	at java.base/java.lang.reflect.Method.invoke(Method.java:564)
	at org.apache.maven.surefire.util.ReflectionUtils.invokeMethodWithArray(ReflectionUtils.java:189)
	at org.apache.maven.surefire.booter.ProviderFactory$ProviderProxy.invoke(ProviderFactory.java:165)
	at org.apache.maven.surefire.booter.ProviderFactory.invokeProvider(ProviderFactory.java:85)
	at org.apache.maven.surefire.booter.ForkedBooter.runSuitesInProcess(ForkedBooter.java:115)
	at org.apache.maven.surefire.booter.ForkedBooter.main(ForkedBooter.java:75)

WARNING: HK2 service reification failed for [org.glassfish.jersey.jaxb.internal.XmlRootObjectJaxbProvider$App] with an exception:
MultiException stack 1 of 2
java.lang.NoClassDefFoundError: javax/xml/bind/PropertyException
	at java.base/java.lang.Class.getDeclaredConstructors0(Native Method)
	at java.base/java.lang.Class.privateGetDeclaredConstructors(Class.java:3090)
	at java.base/java.lang.Class.getDeclaredConstructors(Class.java:2316)
	at org.jvnet.hk2.internal.Utilities$3.run(Utilities.java:1308)
	at org.jvnet.hk2.internal.Utilities$3.run(Utilities.java:1304)
	at java.base/java.security.AccessController.doPrivileged(Native Method)
	at org.jvnet.hk2.internal.Utilities.getAllConstructors(Utilities.java:1304)
	at org.jvnet.hk2.internal.Utilities.findProducerConstructor(Utilities.java:1247)
	at org.jvnet.hk2.internal.DefaultClassAnalyzer.getConstructor(DefaultClassAnalyzer.java:83)
	at org.glassfish.jersey.internal.inject.JerseyClassAnalyzer.getConstructor(JerseyClassAnalyzer.java:144)
	at org.jvnet.hk2.internal.Utilities.getConstructor(Utilities.java:178)
	at org.jvnet.hk2.internal.ClazzCreator.initialize(ClazzCreator.java:129)
	at org.jvnet.hk2.internal.ClazzCreator.initialize(ClazzCreator.java:180)
	at org.jvnet.hk2.internal.SystemDescriptor.internalReify(SystemDescriptor.java:740)
	at org.jvnet.hk2.internal.SystemDescriptor.reify(SystemDescriptor.java:694)
	at org.jvnet.hk2.internal.ServiceLocatorImpl.reifyDescriptor(ServiceLocatorImpl.java:461)
	at org.jvnet.hk2.internal.ServiceLocatorImpl.narrow(ServiceLocatorImpl.java:2288)
	at org.jvnet.hk2.internal.ServiceLocatorImpl.access$1200(ServiceLocatorImpl.java:125)
	at org.jvnet.hk2.internal.ServiceLocatorImpl$9.compute(ServiceLocatorImpl.java:1373)
	at org.jvnet.hk2.internal.ServiceLocatorImpl$9.compute(ServiceLocatorImpl.java:1368)
	at org.glassfish.hk2.utilities.cache.internal.WeakCARCacheImpl.compute(WeakCARCacheImpl.java:116)
	at org.jvnet.hk2.internal.ServiceLocatorImpl.internalGetAllServiceHandles(ServiceLocatorImpl.java:1430)
	at org.jvnet.hk2.internal.ServiceLocatorImpl.getAllServiceHandles(ServiceLocatorImpl.java:1355)
	at org.jvnet.hk2.internal.ServiceLocatorImpl.getAllServiceHandles(ServiceLocatorImpl.java:1344)
	at org.glassfish.jersey.internal.inject.Providers.getServiceHandles(Providers.java:354)
	at org.glassfish.jersey.internal.inject.Providers.getProviders(Providers.java:187)
	at org.glassfish.jersey.message.internal.MessageBodyFactory.&lt;init&gt;(MessageBodyFactory.java:222)
	at java.base/jdk.internal.reflect.NativeConstructorAccessorImpl.newInstance0(Native Method)
	at java.base/jdk.internal.reflect.NativeConstructorAccessorImpl.newInstance(NativeConstructorAccessorImpl.java:62)
	at java.base/jdk.internal.reflect.DelegatingConstructorAccessorImpl.newInstance(DelegatingConstructorAccessorImpl.java:45)
	at java.base/java.lang.reflect.Constructor.newInstance(Constructor.java:488)
	at org.glassfish.hk2.utilities.reflection.ReflectionHelper.makeMe(ReflectionHelper.java:1375)
	at org.jvnet.hk2.internal.ClazzCreator.createMe(ClazzCreator.java:272)
	at org.jvnet.hk2.internal.ClazzCreator.create(ClazzCreator.java:366)
	at org.jvnet.hk2.internal.SystemDescriptor.create(SystemDescriptor.java:487)
	at org.jvnet.hk2.internal.SingletonContext$1.compute(SingletonContext.java:83)
	at org.jvnet.hk2.internal.SingletonContext$1.compute(SingletonContext.java:71)
	at org.glassfish.hk2.utilities.cache.Cache$OriginThreadAwareFuture$1.call(Cache.java:97)
	at java.base/java.util.concurrent.FutureTask.run(FutureTask.java:264)
	at org.glassfish.hk2.utilities.cache.Cache$OriginThreadAwareFuture.run(Cache.java:154)
	at org.glassfish.hk2.utilities.cache.Cache.compute(Cache.java:199)
	at org.jvnet.hk2.internal.SingletonContext.findOrCreate(SingletonContext.java:122)
	at org.jvnet.hk2.internal.Utilities.createService(Utilities.java:2022)
	at org.jvnet.hk2.internal.ServiceLocatorImpl.internalGetService(ServiceLocatorImpl.java:774)
	at org.jvnet.hk2.internal.ServiceLocatorImpl.internalGetService(ServiceLocatorImpl.java:737)
	at org.jvnet.hk2.internal.ServiceLocatorImpl.getService(ServiceLocatorImpl.java:707)
	at org.glassfish.jersey.server.model.ComponentModelValidator.&lt;init&gt;(ComponentModelValidator.java:97)
	at org.glassfish.jersey.server.ApplicationHandler.initialize(ApplicationHandler.java:549)
	at org.glassfish.jersey.server.ApplicationHandler.access$500(ApplicationHandler.java:184)
	at org.glassfish.jersey.server.ApplicationHandler$3.call(ApplicationHandler.java:350)
	at org.glassfish.jersey.server.ApplicationHandler$3.call(ApplicationHandler.java:347)
	at org.glassfish.jersey.internal.Errors.process(Errors.java:315)
	at org.glassfish.jersey.internal.Errors.process(Errors.java:297)
	at org.glassfish.jersey.internal.Errors.processWithException(Errors.java:255)
	at org.glassfish.jersey.server.ApplicationHandler.&lt;init&gt;(ApplicationHandler.java:347)
	at org.glassfish.jersey.server.ApplicationHandler.&lt;init&gt;(ApplicationHandler.java:311)
	at org.glassfish.jersey.grizzly2.httpserver.GrizzlyHttpContainer.&lt;init&gt;(GrizzlyHttpContainer.java:337)
	at org.glassfish.jersey.grizzly2.httpserver.GrizzlyHttpServerFactory.createHttpServer(GrizzlyHttpServerFactory.java:119)
	at com.example.Main.startServer(Main.java:30)
	at com.example.MyResourceTest.setUp(MyResourceTest.java:22)
	at java.base/jdk.internal.reflect.NativeMethodAccessorImpl.invoke0(Native Method)
	at java.base/jdk.internal.reflect.NativeMethodAccessorImpl.invoke(NativeMethodAccessorImpl.java:62)
	at java.base/jdk.internal.reflect.DelegatingMethodAccessorImpl.invoke(DelegatingMethodAccessorImpl.java:43)
	at java.base/java.lang.reflect.Method.invoke(Method.java:564)
	at org.junit.runners.model.FrameworkMethod$1.runReflectiveCall(FrameworkMethod.java:44)
	at org.junit.internal.runners.model.ReflectiveCallable.run(ReflectiveCallable.java:15)
	at org.junit.runners.model.FrameworkMethod.invokeExplosively(FrameworkMethod.java:41)
	at org.junit.internal.runners.statements.RunBefores.evaluate(RunBefores.java:27)
	at org.junit.internal.runners.statements.RunAfters.evaluate(RunAfters.java:31)
	at org.junit.runners.ParentRunner.runLeaf(ParentRunner.java:263)
	at org.junit.runners.BlockJUnit4ClassRunner.runChild(BlockJUnit4ClassRunner.java:69)
	at org.junit.runners.BlockJUnit4ClassRunner.runChild(BlockJUnit4ClassRunner.java:48)
	at org.junit.runners.ParentRunner$3.run(ParentRunner.java:231)
	at org.junit.runners.ParentRunner$1.schedule(ParentRunner.java:60)
	at org.junit.runners.ParentRunner.runChildren(ParentRunner.java:229)
	at org.junit.runners.ParentRunner.access$000(ParentRunner.java:50)
	at org.junit.runners.ParentRunner$2.evaluate(ParentRunner.java:222)
	at org.junit.runners.ParentRunner.run(ParentRunner.java:292)
	at org.apache.maven.surefire.junit4.JUnit4Provider.execute(JUnit4Provider.java:252)
	at org.apache.maven.surefire.junit4.JUnit4Provider.executeTestSet(JUnit4Provider.java:141)
	at org.apache.maven.surefire.junit4.JUnit4Provider.invoke(JUnit4Provider.java:112)
	at java.base/jdk.internal.reflect.NativeMethodAccessorImpl.invoke0(Native Method)
	at java.base/jdk.internal.reflect.NativeMethodAccessorImpl.invoke(NativeMethodAccessorImpl.java:62)
	at java.base/jdk.internal.reflect.DelegatingMethodAccessorImpl.invoke(DelegatingMethodAccessorImpl.java:43)
	at java.base/java.lang.reflect.Method.invoke(Method.java:564)
	at org.apache.maven.surefire.util.ReflectionUtils.invokeMethodWithArray(ReflectionUtils.java:189)
	at org.apache.maven.surefire.booter.ProviderFactory$ProviderProxy.invoke(ProviderFactory.java:165)
	at org.apache.maven.surefire.booter.ProviderFactory.invokeProvider(ProviderFactory.java:85)
	at org.apache.maven.surefire.booter.ForkedBooter.runSuitesInProcess(ForkedBooter.java:115)
	at org.apache.maven.surefire.booter.ForkedBooter.main(ForkedBooter.java:75)
Caused by: java.lang.ClassNotFoundException: javax.xml.bind.PropertyException
	at java.base/jdk.internal.loader.BuiltinClassLoader.loadClass(BuiltinClassLoader.java:582)
	at java.base/jdk.internal.loader.ClassLoaders$AppClassLoader.loadClass(ClassLoaders.java:190)
	at java.base/java.lang.ClassLoader.loadClass(ClassLoader.java:499)
	... 90 more
MultiException stack 2 of 2
java.lang.IllegalArgumentException: Errors were discovered while reifying SystemDescriptor(
	implementation=org.glassfish.jersey.jaxb.internal.XmlRootObjectJaxbProvider$App
	contracts={javax.ws.rs.ext.MessageBodyReader}
	scope=javax.inject.Singleton
	qualifiers={}
	descriptorType=CLASS
	descriptorVisibility=NORMAL
	metadata=
	rank=0
	loader=org.glassfish.hk2.utilities.binding.AbstractBinder$2@16fdec90
	proxiable=null
	proxyForSameScope=null
	analysisName=null
	id=110
	locatorId=0
	identityHashCode=461591680
	reified=false)
	at org.jvnet.hk2.internal.SystemDescriptor.reify(SystemDescriptor.java:705)
	at org.jvnet.hk2.internal.ServiceLocatorImpl.reifyDescriptor(ServiceLocatorImpl.java:461)
	at org.jvnet.hk2.internal.ServiceLocatorImpl.narrow(ServiceLocatorImpl.java:2288)
	at org.jvnet.hk2.internal.ServiceLocatorImpl.access$1200(ServiceLocatorImpl.java:125)
	at org.jvnet.hk2.internal.ServiceLocatorImpl$9.compute(ServiceLocatorImpl.java:1373)
	at org.jvnet.hk2.internal.ServiceLocatorImpl$9.compute(ServiceLocatorImpl.java:1368)
	at org.glassfish.hk2.utilities.cache.internal.WeakCARCacheImpl.compute(WeakCARCacheImpl.java:116)
	at org.jvnet.hk2.internal.ServiceLocatorImpl.internalGetAllServiceHandles(ServiceLocatorImpl.java:1430)
	at org.jvnet.hk2.internal.ServiceLocatorImpl.getAllServiceHandles(ServiceLocatorImpl.java:1355)
	at org.jvnet.hk2.internal.ServiceLocatorImpl.getAllServiceHandles(ServiceLocatorImpl.java:1344)
	at org.glassfish.jersey.internal.inject.Providers.getServiceHandles(Providers.java:354)
	at org.glassfish.jersey.internal.inject.Providers.getProviders(Providers.java:187)
	at org.glassfish.jersey.message.internal.MessageBodyFactory.&lt;init&gt;(MessageBodyFactory.java:222)
	at java.base/jdk.internal.reflect.NativeConstructorAccessorImpl.newInstance0(Native Method)
	at java.base/jdk.internal.reflect.NativeConstructorAccessorImpl.newInstance(NativeConstructorAccessorImpl.java:62)
	at java.base/jdk.internal.reflect.DelegatingConstructorAccessorImpl.newInstance(DelegatingConstructorAccessorImpl.java:45)
	at java.base/java.lang.reflect.Constructor.newInstance(Constructor.java:488)
	at org.glassfish.hk2.utilities.reflection.ReflectionHelper.makeMe(ReflectionHelper.java:1375)
	at org.jvnet.hk2.internal.ClazzCreator.createMe(ClazzCreator.java:272)
	at org.jvnet.hk2.internal.ClazzCreator.create(ClazzCreator.java:366)
	at org.jvnet.hk2.internal.SystemDescriptor.create(SystemDescriptor.java:487)
	at org.jvnet.hk2.internal.SingletonContext$1.compute(SingletonContext.java:83)
	at org.jvnet.hk2.internal.SingletonContext$1.compute(SingletonContext.java:71)
	at org.glassfish.hk2.utilities.cache.Cache$OriginThreadAwareFuture$1.call(Cache.java:97)
	at java.base/java.util.concurrent.FutureTask.run(FutureTask.java:264)
	at org.glassfish.hk2.utilities.cache.Cache$OriginThreadAwareFuture.run(Cache.java:154)
	at org.glassfish.hk2.utilities.cache.Cache.compute(Cache.java:199)
	at org.jvnet.hk2.internal.SingletonContext.findOrCreate(SingletonContext.java:122)
	at org.jvnet.hk2.internal.Utilities.createService(Utilities.java:2022)
	at org.jvnet.hk2.internal.ServiceLocatorImpl.internalGetService(ServiceLocatorImpl.java:774)
	at org.jvnet.hk2.internal.ServiceLocatorImpl.internalGetService(ServiceLocatorImpl.java:737)
	at org.jvnet.hk2.internal.ServiceLocatorImpl.getService(ServiceLocatorImpl.java:707)
	at org.glassfish.jersey.server.model.ComponentModelValidator.&lt;init&gt;(ComponentModelValidator.java:97)
	at org.glassfish.jersey.server.ApplicationHandler.initialize(ApplicationHandler.java:549)
	at org.glassfish.jersey.server.ApplicationHandler.access$500(ApplicationHandler.java:184)
	at org.glassfish.jersey.server.ApplicationHandler$3.call(ApplicationHandler.java:350)
	at org.glassfish.jersey.server.ApplicationHandler$3.call(ApplicationHandler.java:347)
	at org.glassfish.jersey.internal.Errors.process(Errors.java:315)
	at org.glassfish.jersey.internal.Errors.process(Errors.java:297)
	at org.glassfish.jersey.internal.Errors.processWithException(Errors.java:255)
	at org.glassfish.jersey.server.ApplicationHandler.&lt;init&gt;(ApplicationHandler.java:347)
	at org.glassfish.jersey.server.ApplicationHandler.&lt;init&gt;(ApplicationHandler.java:311)
	at org.glassfish.jersey.grizzly2.httpserver.GrizzlyHttpContainer.&lt;init&gt;(GrizzlyHttpContainer.java:337)
	at org.glassfish.jersey.grizzly2.httpserver.GrizzlyHttpServerFactory.createHttpServer(GrizzlyHttpServerFactory.java:119)
	at com.example.Main.startServer(Main.java:30)
	at com.example.MyResourceTest.setUp(MyResourceTest.java:22)
	at java.base/jdk.internal.reflect.NativeMethodAccessorImpl.invoke0(Native Method)
	at java.base/jdk.internal.reflect.NativeMethodAccessorImpl.invoke(NativeMethodAccessorImpl.java:62)
	at java.base/jdk.internal.reflect.DelegatingMethodAccessorImpl.invoke(DelegatingMethodAccessorImpl.java:43)
	at java.base/java.lang.reflect.Method.invoke(Method.java:564)
	at org.junit.runners.model.FrameworkMethod$1.runReflectiveCall(FrameworkMethod.java:44)
	at org.junit.internal.runners.model.ReflectiveCallable.run(ReflectiveCallable.java:15)
	at org.junit.runners.model.FrameworkMethod.invokeExplosively(FrameworkMethod.java:41)
	at org.junit.internal.runners.statements.RunBefores.evaluate(RunBefores.java:27)
	at org.junit.internal.runners.statements.RunAfters.evaluate(RunAfters.java:31)
	at org.junit.runners.ParentRunner.runLeaf(ParentRunner.java:263)
	at org.junit.runners.BlockJUnit4ClassRunner.runChild(BlockJUnit4ClassRunner.java:69)
	at org.junit.runners.BlockJUnit4ClassRunner.runChild(BlockJUnit4ClassRunner.java:48)
	at org.junit.runners.ParentRunner$3.run(ParentRunner.java:231)
	at org.junit.runners.ParentRunner$1.schedule(ParentRunner.java:60)
	at org.junit.runners.ParentRunner.runChildren(ParentRunner.java:229)
	at org.junit.runners.ParentRunner.access$000(ParentRunner.java:50)
	at org.junit.runners.ParentRunner$2.evaluate(ParentRunner.java:222)
	at org.junit.runners.ParentRunner.run(ParentRunner.java:292)
	at org.apache.maven.surefire.junit4.JUnit4Provider.execute(JUnit4Provider.java:252)
	at org.apache.maven.surefire.junit4.JUnit4Provider.executeTestSet(JUnit4Provider.java:141)
	at org.apache.maven.surefire.junit4.JUnit4Provider.invoke(JUnit4Provider.java:112)
	at java.base/jdk.internal.reflect.NativeMethodAccessorImpl.invoke0(Native Method)
	at java.base/jdk.internal.reflect.NativeMethodAccessorImpl.invoke(NativeMethodAccessorImpl.java:62)
	at java.base/jdk.internal.reflect.DelegatingMethodAccessorImpl.invoke(DelegatingMethodAccessorImpl.java:43)
	at java.base/java.lang.reflect.Method.invoke(Method.java:564)
	at org.apache.maven.surefire.util.ReflectionUtils.invokeMethodWithArray(ReflectionUtils.java:189)
	at org.apache.maven.surefire.booter.ProviderFactory$ProviderProxy.invoke(ProviderFactory.java:165)
	at org.apache.maven.surefire.booter.ProviderFactory.invokeProvider(ProviderFactory.java:85)
	at org.apache.maven.surefire.booter.ForkedBooter.runSuitesInProcess(ForkedBooter.java:115)
	at org.apache.maven.surefire.booter.ForkedBooter.main(ForkedBooter.java:75)

WARNING: HK2 service reification failed for [org.glassfish.jersey.jaxb.internal.XmlRootObjectJaxbProvider$Text] with an exception:
MultiException stack 1 of 2
java.lang.NoClassDefFoundError: javax/xml/bind/PropertyException
	at java.base/java.lang.Class.getDeclaredConstructors0(Native Method)
	at java.base/java.lang.Class.privateGetDeclaredConstructors(Class.java:3090)
	at java.base/java.lang.Class.getDeclaredConstructors(Class.java:2316)
	at org.jvnet.hk2.internal.Utilities$3.run(Utilities.java:1308)
	at org.jvnet.hk2.internal.Utilities$3.run(Utilities.java:1304)
	at java.base/java.security.AccessController.doPrivileged(Native Method)
	at org.jvnet.hk2.internal.Utilities.getAllConstructors(Utilities.java:1304)
	at org.jvnet.hk2.internal.Utilities.findProducerConstructor(Utilities.java:1247)
	at org.jvnet.hk2.internal.DefaultClassAnalyzer.getConstructor(DefaultClassAnalyzer.java:83)
	at org.glassfish.jersey.internal.inject.JerseyClassAnalyzer.getConstructor(JerseyClassAnalyzer.java:144)
	at org.jvnet.hk2.internal.Utilities.getConstructor(Utilities.java:178)
	at org.jvnet.hk2.internal.ClazzCreator.initialize(ClazzCreator.java:129)
	at org.jvnet.hk2.internal.ClazzCreator.initialize(ClazzCreator.java:180)
	at org.jvnet.hk2.internal.SystemDescriptor.internalReify(SystemDescriptor.java:740)
	at org.jvnet.hk2.internal.SystemDescriptor.reify(SystemDescriptor.java:694)
	at org.jvnet.hk2.internal.ServiceLocatorImpl.reifyDescriptor(ServiceLocatorImpl.java:461)
	at org.jvnet.hk2.internal.ServiceLocatorImpl.narrow(ServiceLocatorImpl.java:2288)
	at org.jvnet.hk2.internal.ServiceLocatorImpl.access$1200(ServiceLocatorImpl.java:125)
	at org.jvnet.hk2.internal.ServiceLocatorImpl$9.compute(ServiceLocatorImpl.java:1373)
	at org.jvnet.hk2.internal.ServiceLocatorImpl$9.compute(ServiceLocatorImpl.java:1368)
	at org.glassfish.hk2.utilities.cache.internal.WeakCARCacheImpl.compute(WeakCARCacheImpl.java:116)
	at org.jvnet.hk2.internal.ServiceLocatorImpl.internalGetAllServiceHandles(ServiceLocatorImpl.java:1430)
	at org.jvnet.hk2.internal.ServiceLocatorImpl.getAllServiceHandles(ServiceLocatorImpl.java:1355)
	at org.jvnet.hk2.internal.ServiceLocatorImpl.getAllServiceHandles(ServiceLocatorImpl.java:1344)
	at org.glassfish.jersey.internal.inject.Providers.getServiceHandles(Providers.java:354)
	at org.glassfish.jersey.internal.inject.Providers.getProviders(Providers.java:187)
	at org.glassfish.jersey.message.internal.MessageBodyFactory.&lt;init&gt;(MessageBodyFactory.java:222)
	at java.base/jdk.internal.reflect.NativeConstructorAccessorImpl.newInstance0(Native Method)
	at java.base/jdk.internal.reflect.NativeConstructorAccessorImpl.newInstance(NativeConstructorAccessorImpl.java:62)
	at java.base/jdk.internal.reflect.DelegatingConstructorAccessorImpl.newInstance(DelegatingConstructorAccessorImpl.java:45)
	at java.base/java.lang.reflect.Constructor.newInstance(Constructor.java:488)
	at org.glassfish.hk2.utilities.reflection.ReflectionHelper.makeMe(ReflectionHelper.java:1375)
	at org.jvnet.hk2.internal.ClazzCreator.createMe(ClazzCreator.java:272)
	at org.jvnet.hk2.internal.ClazzCreator.create(ClazzCreator.java:366)
	at org.jvnet.hk2.internal.SystemDescriptor.create(SystemDescriptor.java:487)
	at org.jvnet.hk2.internal.SingletonContext$1.compute(SingletonContext.java:83)
	at org.jvnet.hk2.internal.SingletonContext$1.compute(SingletonContext.java:71)
	at org.glassfish.hk2.utilities.cache.Cache$OriginThreadAwareFuture$1.call(Cache.java:97)
	at java.base/java.util.concurrent.FutureTask.run(FutureTask.java:264)
	at org.glassfish.hk2.utilities.cache.Cache$OriginThreadAwareFuture.run(Cache.java:154)
	at org.glassfish.hk2.utilities.cache.Cache.compute(Cache.java:199)
	at org.jvnet.hk2.internal.SingletonContext.findOrCreate(SingletonContext.java:122)
	at org.jvnet.hk2.internal.Utilities.createService(Utilities.java:2022)
	at org.jvnet.hk2.internal.ServiceLocatorImpl.internalGetService(ServiceLocatorImpl.java:774)
	at org.jvnet.hk2.internal.ServiceLocatorImpl.internalGetService(ServiceLocatorImpl.java:737)
	at org.jvnet.hk2.internal.ServiceLocatorImpl.getService(ServiceLocatorImpl.java:707)
	at org.glassfish.jersey.server.model.ComponentModelValidator.&lt;init&gt;(ComponentModelValidator.java:97)
	at org.glassfish.jersey.server.ApplicationHandler.initialize(ApplicationHandler.java:549)
	at org.glassfish.jersey.server.ApplicationHandler.access$500(ApplicationHandler.java:184)
	at org.glassfish.jersey.server.ApplicationHandler$3.call(ApplicationHandler.java:350)
	at org.glassfish.jersey.server.ApplicationHandler$3.call(ApplicationHandler.java:347)
	at org.glassfish.jersey.internal.Errors.process(Errors.java:315)
	at org.glassfish.jersey.internal.Errors.process(Errors.java:297)
	at org.glassfish.jersey.internal.Errors.processWithException(Errors.java:255)
	at org.glassfish.jersey.server.ApplicationHandler.&lt;init&gt;(ApplicationHandler.java:347)
	at org.glassfish.jersey.server.ApplicationHandler.&lt;init&gt;(ApplicationHandler.java:311)
	at org.glassfish.jersey.grizzly2.httpserver.GrizzlyHttpContainer.&lt;init&gt;(GrizzlyHttpContainer.java:337)
	at org.glassfish.jersey.grizzly2.httpserver.GrizzlyHttpServerFactory.createHttpServer(GrizzlyHttpServerFactory.java:119)
	at com.example.Main.startServer(Main.java:30)
	at com.example.MyResourceTest.setUp(MyResourceTest.java:22)
	at java.base/jdk.internal.reflect.NativeMethodAccessorImpl.invoke0(Native Method)
	at java.base/jdk.internal.reflect.NativeMethodAccessorImpl.invoke(NativeMethodAccessorImpl.java:62)
	at java.base/jdk.internal.reflect.DelegatingMethodAccessorImpl.invoke(DelegatingMethodAccessorImpl.java:43)
	at java.base/java.lang.reflect.Method.invoke(Method.java:564)
	at org.junit.runners.model.FrameworkMethod$1.runReflectiveCall(FrameworkMethod.java:44)
	at org.junit.internal.runners.model.ReflectiveCallable.run(ReflectiveCallable.java:15)
	at org.junit.runners.model.FrameworkMethod.invokeExplosively(FrameworkMethod.java:41)
	at org.junit.internal.runners.statements.RunBefores.evaluate(RunBefores.java:27)
	at org.junit.internal.runners.statements.RunAfters.evaluate(RunAfters.java:31)
	at org.junit.runners.ParentRunner.runLeaf(ParentRunner.java:263)
	at org.junit.runners.BlockJUnit4ClassRunner.runChild(BlockJUnit4ClassRunner.java:69)
	at org.junit.runners.BlockJUnit4ClassRunner.runChild(BlockJUnit4ClassRunner.java:48)
	at org.junit.runners.ParentRunner$3.run(ParentRunner.java:231)
	at org.junit.runners.ParentRunner$1.schedule(ParentRunner.java:60)
	at org.junit.runners.ParentRunner.runChildren(ParentRunner.java:229)
	at org.junit.runners.ParentRunner.access$000(ParentRunner.java:50)
	at org.junit.runners.ParentRunner$2.evaluate(ParentRunner.java:222)
	at org.junit.runners.ParentRunner.run(ParentRunner.java:292)
	at org.apache.maven.surefire.junit4.JUnit4Provider.execute(JUnit4Provider.java:252)
	at org.apache.maven.surefire.junit4.JUnit4Provider.executeTestSet(JUnit4Provider.java:141)
	at org.apache.maven.surefire.junit4.JUnit4Provider.invoke(JUnit4Provider.java:112)
	at java.base/jdk.internal.reflect.NativeMethodAccessorImpl.invoke0(Native Method)
	at java.base/jdk.internal.reflect.NativeMethodAccessorImpl.invoke(NativeMethodAccessorImpl.java:62)
	at java.base/jdk.internal.reflect.DelegatingMethodAccessorImpl.invoke(DelegatingMethodAccessorImpl.java:43)
	at java.base/java.lang.reflect.Method.invoke(Method.java:564)
	at org.apache.maven.surefire.util.ReflectionUtils.invokeMethodWithArray(ReflectionUtils.java:189)
	at org.apache.maven.surefire.booter.ProviderFactory$ProviderProxy.invoke(ProviderFactory.java:165)
	at org.apache.maven.surefire.booter.ProviderFactory.invokeProvider(ProviderFactory.java:85)
	at org.apache.maven.surefire.booter.ForkedBooter.runSuitesInProcess(ForkedBooter.java:115)
	at org.apache.maven.surefire.booter.ForkedBooter.main(ForkedBooter.java:75)
Caused by: java.lang.ClassNotFoundException: javax.xml.bind.PropertyException
	at java.base/jdk.internal.loader.BuiltinClassLoader.loadClass(BuiltinClassLoader.java:582)
	at java.base/jdk.internal.loader.ClassLoaders$AppClassLoader.loadClass(ClassLoaders.java:190)
	at java.base/java.lang.ClassLoader.loadClass(ClassLoader.java:499)
	... 90 more
MultiException stack 2 of 2
java.lang.IllegalArgumentException: Errors were discovered while reifying SystemDescriptor(
	implementation=org.glassfish.jersey.jaxb.internal.XmlRootObjectJaxbProvider$Text
	contracts={javax.ws.rs.ext.MessageBodyReader}
	scope=javax.inject.Singleton
	qualifiers={}
	descriptorType=CLASS
	descriptorVisibility=NORMAL
	metadata=
	rank=0
	loader=org.glassfish.hk2.utilities.binding.AbstractBinder$2@16fdec90
	proxiable=null
	proxyForSameScope=null
	analysisName=null
	id=111
	locatorId=0
	identityHashCode=1874028013
	reified=false)
	at org.jvnet.hk2.internal.SystemDescriptor.reify(SystemDescriptor.java:705)
	at org.jvnet.hk2.internal.ServiceLocatorImpl.reifyDescriptor(ServiceLocatorImpl.java:461)
	at org.jvnet.hk2.internal.ServiceLocatorImpl.narrow(ServiceLocatorImpl.java:2288)
	at org.jvnet.hk2.internal.ServiceLocatorImpl.access$1200(ServiceLocatorImpl.java:125)
	at org.jvnet.hk2.internal.ServiceLocatorImpl$9.compute(ServiceLocatorImpl.java:1373)
	at org.jvnet.hk2.internal.ServiceLocatorImpl$9.compute(ServiceLocatorImpl.java:1368)
	at org.glassfish.hk2.utilities.cache.internal.WeakCARCacheImpl.compute(WeakCARCacheImpl.java:116)
	at org.jvnet.hk2.internal.ServiceLocatorImpl.internalGetAllServiceHandles(ServiceLocatorImpl.java:1430)
	at org.jvnet.hk2.internal.ServiceLocatorImpl.getAllServiceHandles(ServiceLocatorImpl.java:1355)
	at org.jvnet.hk2.internal.ServiceLocatorImpl.getAllServiceHandles(ServiceLocatorImpl.java:1344)
	at org.glassfish.jersey.internal.inject.Providers.getServiceHandles(Providers.java:354)
	at org.glassfish.jersey.internal.inject.Providers.getProviders(Providers.java:187)
	at org.glassfish.jersey.message.internal.MessageBodyFactory.&lt;init&gt;(MessageBodyFactory.java:222)
	at java.base/jdk.internal.reflect.NativeConstructorAccessorImpl.newInstance0(Native Method)
	at java.base/jdk.internal.reflect.NativeConstructorAccessorImpl.newInstance(NativeConstructorAccessorImpl.java:62)
	at java.base/jdk.internal.reflect.DelegatingConstructorAccessorImpl.newInstance(DelegatingConstructorAccessorImpl.java:45)
	at java.base/java.lang.reflect.Constructor.newInstance(Constructor.java:488)
	at org.glassfish.hk2.utilities.reflection.ReflectionHelper.makeMe(ReflectionHelper.java:1375)
	at org.jvnet.hk2.internal.ClazzCreator.createMe(ClazzCreator.java:272)
	at org.jvnet.hk2.internal.ClazzCreator.create(ClazzCreator.java:366)
	at org.jvnet.hk2.internal.SystemDescriptor.create(SystemDescriptor.java:487)
	at org.jvnet.hk2.internal.SingletonContext$1.compute(SingletonContext.java:83)
	at org.jvnet.hk2.internal.SingletonContext$1.compute(SingletonContext.java:71)
	at org.glassfish.hk2.utilities.cache.Cache$OriginThreadAwareFuture$1.call(Cache.java:97)
	at java.base/java.util.concurrent.FutureTask.run(FutureTask.java:264)
	at org.glassfish.hk2.utilities.cache.Cache$OriginThreadAwareFuture.run(Cache.java:154)
	at org.glassfish.hk2.utilities.cache.Cache.compute(Cache.java:199)
	at org.jvnet.hk2.internal.SingletonContext.findOrCreate(SingletonContext.java:122)
	at org.jvnet.hk2.internal.Utilities.createService(Utilities.java:2022)
	at org.jvnet.hk2.internal.ServiceLocatorImpl.internalGetService(ServiceLocatorImpl.java:774)
	at org.jvnet.hk2.internal.ServiceLocatorImpl.internalGetService(ServiceLocatorImpl.java:737)
	at org.jvnet.hk2.internal.ServiceLocatorImpl.getService(ServiceLocatorImpl.java:707)
	at org.glassfish.jersey.server.model.ComponentModelValidator.&lt;init&gt;(ComponentModelValidator.java:97)
	at org.glassfish.jersey.server.ApplicationHandler.initialize(ApplicationHandler.java:549)
	at org.glassfish.jersey.server.ApplicationHandler.access$500(ApplicationHandler.java:184)
	at org.glassfish.jersey.server.ApplicationHandler$3.call(ApplicationHandler.java:350)
	at org.glassfish.jersey.server.ApplicationHandler$3.call(ApplicationHandler.java:347)
	at org.glassfish.jersey.internal.Errors.process(Errors.java:315)
	at org.glassfish.jersey.internal.Errors.process(Errors.java:297)
	at org.glassfish.jersey.internal.Errors.processWithException(Errors.java:255)
	at org.glassfish.jersey.server.ApplicationHandler.&lt;init&gt;(ApplicationHandler.java:347)
	at org.glassfish.jersey.server.ApplicationHandler.&lt;init&gt;(ApplicationHandler.java:311)
	at org.glassfish.jersey.grizzly2.httpserver.GrizzlyHttpContainer.&lt;init&gt;(GrizzlyHttpContainer.java:337)
	at org.glassfish.jersey.grizzly2.httpserver.GrizzlyHttpServerFactory.createHttpServer(GrizzlyHttpServerFactory.java:119)
	at com.example.Main.startServer(Main.java:30)
	at com.example.MyResourceTest.setUp(MyResourceTest.java:22)
	at java.base/jdk.internal.reflect.NativeMethodAccessorImpl.invoke0(Native Method)
	at java.base/jdk.internal.reflect.NativeMethodAccessorImpl.invoke(NativeMethodAccessorImpl.java:62)
	at java.base/jdk.internal.reflect.DelegatingMethodAccessorImpl.invoke(DelegatingMethodAccessorImpl.java:43)
	at java.base/java.lang.reflect.Method.invoke(Method.java:564)
	at org.junit.runners.model.FrameworkMethod$1.runReflectiveCall(FrameworkMethod.java:44)
	at org.junit.internal.runners.model.ReflectiveCallable.run(ReflectiveCallable.java:15)
	at org.junit.runners.model.FrameworkMethod.invokeExplosively(FrameworkMethod.java:41)
	at org.junit.internal.runners.statements.RunBefores.evaluate(RunBefores.java:27)
	at org.junit.internal.runners.statements.RunAfters.evaluate(RunAfters.java:31)
	at org.junit.runners.ParentRunner.runLeaf(ParentRunner.java:263)
	at org.junit.runners.BlockJUnit4ClassRunner.runChild(BlockJUnit4ClassRunner.java:69)
	at org.junit.runners.BlockJUnit4ClassRunner.runChild(BlockJUnit4ClassRunner.java:48)
	at org.junit.runners.ParentRunner$3.run(ParentRunner.java:231)
	at org.junit.runners.ParentRunner$1.schedule(ParentRunner.java:60)
	at org.junit.runners.ParentRunner.runChildren(ParentRunner.java:229)
	at org.junit.runners.ParentRunner.access$000(ParentRunner.java:50)
	at org.junit.runners.ParentRunner$2.evaluate(ParentRunner.java:222)
	at org.junit.runners.ParentRunner.run(ParentRunner.java:292)
	at org.apache.maven.surefire.junit4.JUnit4Provider.execute(JUnit4Provider.java:252)
	at org.apache.maven.surefire.junit4.JUnit4Provider.executeTestSet(JUnit4Provider.java:141)
	at org.apache.maven.surefire.junit4.JUnit4Provider.invoke(JUnit4Provider.java:112)
	at java.base/jdk.internal.reflect.NativeMethodAccessorImpl.invoke0(Native Method)
	at java.base/jdk.internal.reflect.NativeMethodAccessorImpl.invoke(NativeMethodAccessorImpl.java:62)
	at java.base/jdk.internal.reflect.DelegatingMethodAccessorImpl.invoke(DelegatingMethodAccessorImpl.java:43)
	at java.base/java.lang.reflect.Method.invoke(Method.java:564)
	at org.apache.maven.surefire.util.ReflectionUtils.invokeMethodWithArray(ReflectionUtils.java:189)
	at org.apache.maven.surefire.booter.ProviderFactory$ProviderProxy.invoke(ProviderFactory.java:165)
	at org.apache.maven.surefire.booter.ProviderFactory.invokeProvider(ProviderFactory.java:85)
	at org.apache.maven.surefire.booter.ForkedBooter.runSuitesInProcess(ForkedBooter.java:115)
	at org.apache.maven.surefire.booter.ForkedBooter.main(ForkedBooter.java:75)

WARNING: HK2 service reification failed for [org.glassfish.jersey.jaxb.internal.XmlRootObjectJaxbProvider$General] with an exception:
MultiException stack 1 of 2
java.lang.NoClassDefFoundError: javax/xml/bind/PropertyException
	at java.base/java.lang.Class.getDeclaredConstructors0(Native Method)
	at java.base/java.lang.Class.privateGetDeclaredConstructors(Class.java:3090)
	at java.base/java.lang.Class.getDeclaredConstructors(Class.java:2316)
	at org.jvnet.hk2.internal.Utilities$3.run(Utilities.java:1308)
	at org.jvnet.hk2.internal.Utilities$3.run(Utilities.java:1304)
	at java.base/java.security.AccessController.doPrivileged(Native Method)
	at org.jvnet.hk2.internal.Utilities.getAllConstructors(Utilities.java:1304)
	at org.jvnet.hk2.internal.Utilities.findProducerConstructor(Utilities.java:1247)
	at org.jvnet.hk2.internal.DefaultClassAnalyzer.getConstructor(DefaultClassAnalyzer.java:83)
	at org.glassfish.jersey.internal.inject.JerseyClassAnalyzer.getConstructor(JerseyClassAnalyzer.java:144)
	at org.jvnet.hk2.internal.Utilities.getConstructor(Utilities.java:178)
	at org.jvnet.hk2.internal.ClazzCreator.initialize(ClazzCreator.java:129)
	at org.jvnet.hk2.internal.ClazzCreator.initialize(ClazzCreator.java:180)
	at org.jvnet.hk2.internal.SystemDescriptor.internalReify(SystemDescriptor.java:740)
	at org.jvnet.hk2.internal.SystemDescriptor.reify(SystemDescriptor.java:694)
	at org.jvnet.hk2.internal.ServiceLocatorImpl.reifyDescriptor(ServiceLocatorImpl.java:461)
	at org.jvnet.hk2.internal.ServiceLocatorImpl.narrow(ServiceLocatorImpl.java:2288)
	at org.jvnet.hk2.internal.ServiceLocatorImpl.access$1200(ServiceLocatorImpl.java:125)
	at org.jvnet.hk2.internal.ServiceLocatorImpl$9.compute(ServiceLocatorImpl.java:1373)
	at org.jvnet.hk2.internal.ServiceLocatorImpl$9.compute(ServiceLocatorImpl.java:1368)
	at org.glassfish.hk2.utilities.cache.internal.WeakCARCacheImpl.compute(WeakCARCacheImpl.java:116)
	at org.jvnet.hk2.internal.ServiceLocatorImpl.internalGetAllServiceHandles(ServiceLocatorImpl.java:1430)
	at org.jvnet.hk2.internal.ServiceLocatorImpl.getAllServiceHandles(ServiceLocatorImpl.java:1355)
	at org.jvnet.hk2.internal.ServiceLocatorImpl.getAllServiceHandles(ServiceLocatorImpl.java:1344)
	at org.glassfish.jersey.internal.inject.Providers.getServiceHandles(Providers.java:354)
	at org.glassfish.jersey.internal.inject.Providers.getProviders(Providers.java:187)
	at org.glassfish.jersey.message.internal.MessageBodyFactory.&lt;init&gt;(MessageBodyFactory.java:222)
	at java.base/jdk.internal.reflect.NativeConstructorAccessorImpl.newInstance0(Native Method)
	at java.base/jdk.internal.reflect.NativeConstructorAccessorImpl.newInstance(NativeConstructorAccessorImpl.java:62)
	at java.base/jdk.internal.reflect.DelegatingConstructorAccessorImpl.newInstance(DelegatingConstructorAccessorImpl.java:45)
	at java.base/java.lang.reflect.Constructor.newInstance(Constructor.java:488)
	at org.glassfish.hk2.utilities.reflection.ReflectionHelper.makeMe(ReflectionHelper.java:1375)
	at org.jvnet.hk2.internal.ClazzCreator.createMe(ClazzCreator.java:272)
	at org.jvnet.hk2.internal.ClazzCreator.create(ClazzCreator.java:366)
	at org.jvnet.hk2.internal.SystemDescriptor.create(SystemDescriptor.java:487)
	at org.jvnet.hk2.internal.SingletonContext$1.compute(SingletonContext.java:83)
	at org.jvnet.hk2.internal.SingletonContext$1.compute(SingletonContext.java:71)
	at org.glassfish.hk2.utilities.cache.Cache$OriginThreadAwareFuture$1.call(Cache.java:97)
	at java.base/java.util.concurrent.FutureTask.run(FutureTask.java:264)
	at org.glassfish.hk2.utilities.cache.Cache$OriginThreadAwareFuture.run(Cache.java:154)
	at org.glassfish.hk2.utilities.cache.Cache.compute(Cache.java:199)
	at org.jvnet.hk2.internal.SingletonContext.findOrCreate(SingletonContext.java:122)
	at org.jvnet.hk2.internal.Utilities.createService(Utilities.java:2022)
	at org.jvnet.hk2.internal.ServiceLocatorImpl.internalGetService(ServiceLocatorImpl.java:774)
	at org.jvnet.hk2.internal.ServiceLocatorImpl.internalGetService(ServiceLocatorImpl.java:737)
	at org.jvnet.hk2.internal.ServiceLocatorImpl.getService(ServiceLocatorImpl.java:707)
	at org.glassfish.jersey.server.model.ComponentModelValidator.&lt;init&gt;(ComponentModelValidator.java:97)
	at org.glassfish.jersey.server.ApplicationHandler.initialize(ApplicationHandler.java:549)
	at org.glassfish.jersey.server.ApplicationHandler.access$500(ApplicationHandler.java:184)
	at org.glassfish.jersey.server.ApplicationHandler$3.call(ApplicationHandler.java:350)
	at org.glassfish.jersey.server.ApplicationHandler$3.call(ApplicationHandler.java:347)
	at org.glassfish.jersey.internal.Errors.process(Errors.java:315)
	at org.glassfish.jersey.internal.Errors.process(Errors.java:297)
	at org.glassfish.jersey.internal.Errors.processWithException(Errors.java:255)
	at org.glassfish.jersey.server.ApplicationHandler.&lt;init&gt;(ApplicationHandler.java:347)
	at org.glassfish.jersey.server.ApplicationHandler.&lt;init&gt;(ApplicationHandler.java:311)
	at org.glassfish.jersey.grizzly2.httpserver.GrizzlyHttpContainer.&lt;init&gt;(GrizzlyHttpContainer.java:337)
	at org.glassfish.jersey.grizzly2.httpserver.GrizzlyHttpServerFactory.createHttpServer(GrizzlyHttpServerFactory.java:119)
	at com.example.Main.startServer(Main.java:30)
	at com.example.MyResourceTest.setUp(MyResourceTest.java:22)
	at java.base/jdk.internal.reflect.NativeMethodAccessorImpl.invoke0(Native Method)
	at java.base/jdk.internal.reflect.NativeMethodAccessorImpl.invoke(NativeMethodAccessorImpl.java:62)
	at java.base/jdk.internal.reflect.DelegatingMethodAccessorImpl.invoke(DelegatingMethodAccessorImpl.java:43)
	at java.base/java.lang.reflect.Method.invoke(Method.java:564)
	at org.junit.runners.model.FrameworkMethod$1.runReflectiveCall(FrameworkMethod.java:44)
	at org.junit.internal.runners.model.ReflectiveCallable.run(ReflectiveCallable.java:15)
	at org.junit.runners.model.FrameworkMethod.invokeExplosively(FrameworkMethod.java:41)
	at org.junit.internal.runners.statements.RunBefores.evaluate(RunBefores.java:27)
	at org.junit.internal.runners.statements.RunAfters.evaluate(RunAfters.java:31)
	at org.junit.runners.ParentRunner.runLeaf(ParentRunner.java:263)
	at org.junit.runners.BlockJUnit4ClassRunner.runChild(BlockJUnit4ClassRunner.java:69)
	at org.junit.runners.BlockJUnit4ClassRunner.runChild(BlockJUnit4ClassRunner.java:48)
	at org.junit.runners.ParentRunner$3.run(ParentRunner.java:231)
	at org.junit.runners.ParentRunner$1.schedule(ParentRunner.java:60)
	at org.junit.runners.ParentRunner.runChildren(ParentRunner.java:229)
	at org.junit.runners.ParentRunner.access$000(ParentRunner.java:50)
	at org.junit.runners.ParentRunner$2.evaluate(ParentRunner.java:222)
	at org.junit.runners.ParentRunner.run(ParentRunner.java:292)
	at org.apache.maven.surefire.junit4.JUnit4Provider.execute(JUnit4Provider.java:252)
	at org.apache.maven.surefire.junit4.JUnit4Provider.executeTestSet(JUnit4Provider.java:141)
	at org.apache.maven.surefire.junit4.JUnit4Provider.invoke(JUnit4Provider.java:112)
	at java.base/jdk.internal.reflect.NativeMethodAccessorImpl.invoke0(Native Method)
	at java.base/jdk.internal.reflect.NativeMethodAccessorImpl.invoke(NativeMethodAccessorImpl.java:62)
	at java.base/jdk.internal.reflect.DelegatingMethodAccessorImpl.invoke(DelegatingMethodAccessorImpl.java:43)
	at java.base/java.lang.reflect.Method.invoke(Method.java:564)
	at org.apache.maven.surefire.util.ReflectionUtils.invokeMethodWithArray(ReflectionUtils.java:189)
	at org.apache.maven.surefire.booter.ProviderFactory$ProviderProxy.invoke(ProviderFactory.java:165)
	at org.apache.maven.surefire.booter.ProviderFactory.invokeProvider(ProviderFactory.java:85)
	at org.apache.maven.surefire.booter.ForkedBooter.runSuitesInProcess(ForkedBooter.java:115)
	at org.apache.maven.surefire.booter.ForkedBooter.main(ForkedBooter.java:75)
Caused by: java.lang.ClassNotFoundException: javax.xml.bind.PropertyException
	at java.base/jdk.internal.loader.BuiltinClassLoader.loadClass(BuiltinClassLoader.java:582)
	at java.base/jdk.internal.loader.ClassLoaders$AppClassLoader.loadClass(ClassLoaders.java:190)
	at java.base/java.lang.ClassLoader.loadClass(ClassLoader.java:499)
	... 90 more
MultiException stack 2 of 2
java.lang.IllegalArgumentException: Errors were discovered while reifying SystemDescriptor(
	implementation=org.glassfish.jersey.jaxb.internal.XmlRootObjectJaxbProvider$General
	contracts={javax.ws.rs.ext.MessageBodyReader}
	scope=javax.inject.Singleton
	qualifiers={}
	descriptorType=CLASS
	descriptorVisibility=NORMAL
	metadata=
	rank=0
	loader=org.glassfish.hk2.utilities.binding.AbstractBinder$2@16fdec90
	proxiable=null
	proxyForSameScope=null
	analysisName=null
	id=112
	locatorId=0
	identityHashCode=1958402562
	reified=false)
	at org.jvnet.hk2.internal.SystemDescriptor.reify(SystemDescriptor.java:705)
	at org.jvnet.hk2.internal.ServiceLocatorImpl.reifyDescriptor(ServiceLocatorImpl.java:461)
	at org.jvnet.hk2.internal.ServiceLocatorImpl.narrow(ServiceLocatorImpl.java:2288)
	at org.jvnet.hk2.internal.ServiceLocatorImpl.access$1200(ServiceLocatorImpl.java:125)
	at org.jvnet.hk2.internal.ServiceLocatorImpl$9.compute(ServiceLocatorImpl.java:1373)
	at org.jvnet.hk2.internal.ServiceLocatorImpl$9.compute(ServiceLocatorImpl.java:1368)
	at org.glassfish.hk2.utilities.cache.internal.WeakCARCacheImpl.compute(WeakCARCacheImpl.java:116)
	at org.jvnet.hk2.internal.ServiceLocatorImpl.internalGetAllServiceHandles(ServiceLocatorImpl.java:1430)
	at org.jvnet.hk2.internal.ServiceLocatorImpl.getAllServiceHandles(ServiceLocatorImpl.java:1355)
	at org.jvnet.hk2.internal.ServiceLocatorImpl.getAllServiceHandles(ServiceLocatorImpl.java:1344)
	at org.glassfish.jersey.internal.inject.Providers.getServiceHandles(Providers.java:354)
	at org.glassfish.jersey.internal.inject.Providers.getProviders(Providers.java:187)
	at org.glassfish.jersey.message.internal.MessageBodyFactory.&lt;init&gt;(MessageBodyFactory.java:222)
	at java.base/jdk.internal.reflect.NativeConstructorAccessorImpl.newInstance0(Native Method)
	at java.base/jdk.internal.reflect.NativeConstructorAccessorImpl.newInstance(NativeConstructorAccessorImpl.java:62)
	at java.base/jdk.internal.reflect.DelegatingConstructorAccessorImpl.newInstance(DelegatingConstructorAccessorImpl.java:45)
	at java.base/java.lang.reflect.Constructor.newInstance(Constructor.java:488)
	at org.glassfish.hk2.utilities.reflection.ReflectionHelper.makeMe(ReflectionHelper.java:1375)
	at org.jvnet.hk2.internal.ClazzCreator.createMe(ClazzCreator.java:272)
	at org.jvnet.hk2.internal.ClazzCreator.create(ClazzCreator.java:366)
	at org.jvnet.hk2.internal.SystemDescriptor.create(SystemDescriptor.java:487)
	at org.jvnet.hk2.internal.SingletonContext$1.compute(SingletonContext.java:83)
	at org.jvnet.hk2.internal.SingletonContext$1.compute(SingletonContext.java:71)
	at org.glassfish.hk2.utilities.cache.Cache$OriginThreadAwareFuture$1.call(Cache.java:97)
	at java.base/java.util.concurrent.FutureTask.run(FutureTask.java:264)
	at org.glassfish.hk2.utilities.cache.Cache$OriginThreadAwareFuture.run(Cache.java:154)
	at org.glassfish.hk2.utilities.cache.Cache.compute(Cache.java:199)
	at org.jvnet.hk2.internal.SingletonContext.findOrCreate(SingletonContext.java:122)
	at org.jvnet.hk2.internal.Utilities.createService(Utilities.java:2022)
	at org.jvnet.hk2.internal.ServiceLocatorImpl.internalGetService(ServiceLocatorImpl.java:774)
	at org.jvnet.hk2.internal.ServiceLocatorImpl.internalGetService(ServiceLocatorImpl.java:737)
	at org.jvnet.hk2.internal.ServiceLocatorImpl.getService(ServiceLocatorImpl.java:707)
	at org.glassfish.jersey.server.model.ComponentModelValidator.&lt;init&gt;(ComponentModelValidator.java:97)
	at org.glassfish.jersey.server.ApplicationHandler.initialize(ApplicationHandler.java:549)
	at org.glassfish.jersey.server.ApplicationHandler.access$500(ApplicationHandler.java:184)
	at org.glassfish.jersey.server.ApplicationHandler$3.call(ApplicationHandler.java:350)
	at org.glassfish.jersey.server.ApplicationHandler$3.call(ApplicationHandler.java:347)
	at org.glassfish.jersey.internal.Errors.process(Errors.java:315)
	at org.glassfish.jersey.internal.Errors.process(Errors.java:297)
	at org.glassfish.jersey.internal.Errors.processWithException(Errors.java:255)
	at org.glassfish.jersey.server.ApplicationHandler.&lt;init&gt;(ApplicationHandler.java:347)
	at org.glassfish.jersey.server.ApplicationHandler.&lt;init&gt;(ApplicationHandler.java:311)
	at org.glassfish.jersey.grizzly2.httpserver.GrizzlyHttpContainer.&lt;init&gt;(GrizzlyHttpContainer.java:337)
	at org.glassfish.jersey.grizzly2.httpserver.GrizzlyHttpServerFactory.createHttpServer(GrizzlyHttpServerFactory.java:119)
	at com.example.Main.startServer(Main.java:30)
	at com.example.MyResourceTest.setUp(MyResourceTest.java:22)
	at java.base/jdk.internal.reflect.NativeMethodAccessorImpl.invoke0(Native Method)
	at java.base/jdk.internal.reflect.NativeMethodAccessorImpl.invoke(NativeMethodAccessorImpl.java:62)
	at java.base/jdk.internal.reflect.DelegatingMethodAccessorImpl.invoke(DelegatingMethodAccessorImpl.java:43)
	at java.base/java.lang.reflect.Method.invoke(Method.java:564)
	at org.junit.runners.model.FrameworkMethod$1.runReflectiveCall(FrameworkMethod.java:44)
	at org.junit.internal.runners.model.ReflectiveCallable.run(ReflectiveCallable.java:15)
	at org.junit.runners.model.FrameworkMethod.invokeExplosively(FrameworkMethod.java:41)
	at org.junit.internal.runners.statements.RunBefores.evaluate(RunBefores.java:27)
	at org.junit.internal.runners.statements.RunAfters.evaluate(RunAfters.java:31)
	at org.junit.runners.ParentRunner.runLeaf(ParentRunner.java:263)
	at org.junit.runners.BlockJUnit4ClassRunner.runChild(BlockJUnit4ClassRunner.java:69)
	at org.junit.runners.BlockJUnit4ClassRunner.runChild(BlockJUnit4ClassRunner.java:48)
	at org.junit.runners.ParentRunner$3.run(ParentRunner.java:231)
	at org.junit.runners.ParentRunner$1.schedule(ParentRunner.java:60)
	at org.junit.runners.ParentRunner.runChildren(ParentRunner.java:229)
	at org.junit.runners.ParentRunner.access$000(ParentRunner.java:50)
	at org.junit.runners.ParentRunner$2.evaluate(ParentRunner.java:222)
	at org.junit.runners.ParentRunner.run(ParentRunner.java:292)
	at org.apache.maven.surefire.junit4.JUnit4Provider.execute(JUnit4Provider.java:252)
	at org.apache.maven.surefire.junit4.JUnit4Provider.executeTestSet(JUnit4Provider.java:141)
	at org.apache.maven.surefire.junit4.JUnit4Provider.invoke(JUnit4Provider.java:112)
	at java.base/jdk.internal.reflect.NativeMethodAccessorImpl.invoke0(Native Method)
	at java.base/jdk.internal.reflect.NativeMethodAccessorImpl.invoke(NativeMethodAccessorImpl.java:62)
	at java.base/jdk.internal.reflect.DelegatingMethodAccessorImpl.invoke(DelegatingMethodAccessorImpl.java:43)
	at java.base/java.lang.reflect.Method.invoke(Method.java:564)
	at org.apache.maven.surefire.util.ReflectionUtils.invokeMethodWithArray(ReflectionUtils.java:189)
	at org.apache.maven.surefire.booter.ProviderFactory$ProviderProxy.invoke(ProviderFactory.java:165)
	at org.apache.maven.surefire.booter.ProviderFactory.invokeProvider(ProviderFactory.java:85)
	at org.apache.maven.surefire.booter.ForkedBooter.runSuitesInProcess(ForkedBooter.java:115)
	at org.apache.maven.surefire.booter.ForkedBooter.main(ForkedBooter.java:75)

WARNING: HK2 service reification failed for [org.glassfish.jersey.message.internal.DataSourceProvider] with an exception:
MultiException stack 1 of 2
java.lang.NoClassDefFoundError: javax/activation/DataSource
	at java.base/java.lang.Class.getDeclaredConstructors0(Native Method)
	at java.base/java.lang.Class.privateGetDeclaredConstructors(Class.java:3090)
	at java.base/java.lang.Class.getDeclaredConstructors(Class.java:2316)
	at org.jvnet.hk2.internal.Utilities$3.run(Utilities.java:1308)
	at org.jvnet.hk2.internal.Utilities$3.run(Utilities.java:1304)
	at java.base/java.security.AccessController.doPrivileged(Native Method)
	at org.jvnet.hk2.internal.Utilities.getAllConstructors(Utilities.java:1304)
	at org.jvnet.hk2.internal.Utilities.findProducerConstructor(Utilities.java:1247)
	at org.jvnet.hk2.internal.DefaultClassAnalyzer.getConstructor(DefaultClassAnalyzer.java:83)
	at org.glassfish.jersey.internal.inject.JerseyClassAnalyzer.getConstructor(JerseyClassAnalyzer.java:144)
	at org.jvnet.hk2.internal.Utilities.getConstructor(Utilities.java:178)
	at org.jvnet.hk2.internal.ClazzCreator.initialize(ClazzCreator.java:129)
	at org.jvnet.hk2.internal.ClazzCreator.initialize(ClazzCreator.java:180)
	at org.jvnet.hk2.internal.SystemDescriptor.internalReify(SystemDescriptor.java:740)
	at org.jvnet.hk2.internal.SystemDescriptor.reify(SystemDescriptor.java:694)
	at org.jvnet.hk2.internal.ServiceLocatorImpl.reifyDescriptor(ServiceLocatorImpl.java:461)
	at org.jvnet.hk2.internal.ServiceLocatorImpl.narrow(ServiceLocatorImpl.java:2288)
	at org.jvnet.hk2.internal.ServiceLocatorImpl.access$1200(ServiceLocatorImpl.java:125)
	at org.jvnet.hk2.internal.ServiceLocatorImpl$9.compute(ServiceLocatorImpl.java:1373)
	at org.jvnet.hk2.internal.ServiceLocatorImpl$9.compute(ServiceLocatorImpl.java:1368)
	at org.glassfish.hk2.utilities.cache.internal.WeakCARCacheImpl.compute(WeakCARCacheImpl.java:116)
	at org.jvnet.hk2.internal.ServiceLocatorImpl.internalGetAllServiceHandles(ServiceLocatorImpl.java:1430)
	at org.jvnet.hk2.internal.ServiceLocatorImpl.getAllServiceHandles(ServiceLocatorImpl.java:1355)
	at org.jvnet.hk2.internal.ServiceLocatorImpl.getAllServiceHandles(ServiceLocatorImpl.java:1344)
	at org.glassfish.jersey.internal.inject.Providers.getServiceHandles(Providers.java:354)
	at org.glassfish.jersey.internal.inject.Providers.getProviders(Providers.java:187)
	at org.glassfish.jersey.message.internal.MessageBodyFactory.&lt;init&gt;(MessageBodyFactory.java:222)
	at java.base/jdk.internal.reflect.NativeConstructorAccessorImpl.newInstance0(Native Method)
	at java.base/jdk.internal.reflect.NativeConstructorAccessorImpl.newInstance(NativeConstructorAccessorImpl.java:62)
	at java.base/jdk.internal.reflect.DelegatingConstructorAccessorImpl.newInstance(DelegatingConstructorAccessorImpl.java:45)
	at java.base/java.lang.reflect.Constructor.newInstance(Constructor.java:488)
	at org.glassfish.hk2.utilities.reflection.ReflectionHelper.makeMe(ReflectionHelper.java:1375)
	at org.jvnet.hk2.internal.ClazzCreator.createMe(ClazzCreator.java:272)
	at org.jvnet.hk2.internal.ClazzCreator.create(ClazzCreator.java:366)
	at org.jvnet.hk2.internal.SystemDescriptor.create(SystemDescriptor.java:487)
	at org.jvnet.hk2.internal.SingletonContext$1.compute(SingletonContext.java:83)
	at org.jvnet.hk2.internal.SingletonContext$1.compute(SingletonContext.java:71)
	at org.glassfish.hk2.utilities.cache.Cache$OriginThreadAwareFuture$1.call(Cache.java:97)
	at java.base/java.util.concurrent.FutureTask.run(FutureTask.java:264)
	at org.glassfish.hk2.utilities.cache.Cache$OriginThreadAwareFuture.run(Cache.java:154)
	at org.glassfish.hk2.utilities.cache.Cache.compute(Cache.java:199)
	at org.jvnet.hk2.internal.SingletonContext.findOrCreate(SingletonContext.java:122)
	at org.jvnet.hk2.internal.Utilities.createService(Utilities.java:2022)
	at org.jvnet.hk2.internal.ServiceLocatorImpl.internalGetService(ServiceLocatorImpl.java:774)
	at org.jvnet.hk2.internal.ServiceLocatorImpl.internalGetService(ServiceLocatorImpl.java:737)
	at org.jvnet.hk2.internal.ServiceLocatorImpl.getService(ServiceLocatorImpl.java:707)
	at org.glassfish.jersey.server.model.ComponentModelValidator.&lt;init&gt;(ComponentModelValidator.java:97)
	at org.glassfish.jersey.server.ApplicationHandler.initialize(ApplicationHandler.java:549)
	at org.glassfish.jersey.server.ApplicationHandler.access$500(ApplicationHandler.java:184)
	at org.glassfish.jersey.server.ApplicationHandler$3.call(ApplicationHandler.java:350)
	at org.glassfish.jersey.server.ApplicationHandler$3.call(ApplicationHandler.java:347)
	at org.glassfish.jersey.internal.Errors.process(Errors.java:315)
	at org.glassfish.jersey.internal.Errors.process(Errors.java:297)
	at org.glassfish.jersey.internal.Errors.processWithException(Errors.java:255)
	at org.glassfish.jersey.server.ApplicationHandler.&lt;init&gt;(ApplicationHandler.java:347)
	at org.glassfish.jersey.server.ApplicationHandler.&lt;init&gt;(ApplicationHandler.java:311)
	at org.glassfish.jersey.grizzly2.httpserver.GrizzlyHttpContainer.&lt;init&gt;(GrizzlyHttpContainer.java:337)
	at org.glassfish.jersey.grizzly2.httpserver.GrizzlyHttpServerFactory.createHttpServer(GrizzlyHttpServerFactory.java:119)
	at com.example.Main.startServer(Main.java:30)
	at com.example.MyResourceTest.setUp(MyResourceTest.java:22)
	at java.base/jdk.internal.reflect.NativeMethodAccessorImpl.invoke0(Native Method)
	at java.base/jdk.internal.reflect.NativeMethodAccessorImpl.invoke(NativeMethodAccessorImpl.java:62)
	at java.base/jdk.internal.reflect.DelegatingMethodAccessorImpl.invoke(DelegatingMethodAccessorImpl.java:43)
	at java.base/java.lang.reflect.Method.invoke(Method.java:564)
	at org.junit.runners.model.FrameworkMethod$1.runReflectiveCall(FrameworkMethod.java:44)
	at org.junit.internal.runners.model.ReflectiveCallable.run(ReflectiveCallable.java:15)
	at org.junit.runners.model.FrameworkMethod.invokeExplosively(FrameworkMethod.java:41)
	at org.junit.internal.runners.statements.RunBefores.evaluate(RunBefores.java:27)
	at org.junit.internal.runners.statements.RunAfters.evaluate(RunAfters.java:31)
	at org.junit.runners.ParentRunner.runLeaf(ParentRunner.java:263)
	at org.junit.runners.BlockJUnit4ClassRunner.runChild(BlockJUnit4ClassRunner.java:69)
	at org.junit.runners.BlockJUnit4ClassRunner.runChild(BlockJUnit4ClassRunner.java:48)
	at org.junit.runners.ParentRunner$3.run(ParentRunner.java:231)
	at org.junit.runners.ParentRunner$1.schedule(ParentRunner.java:60)
	at org.junit.runners.ParentRunner.runChildren(ParentRunner.java:229)
	at org.junit.runners.ParentRunner.access$000(ParentRunner.java:50)
	at org.junit.runners.ParentRunner$2.evaluate(ParentRunner.java:222)
	at org.junit.runners.ParentRunner.run(ParentRunner.java:292)
	at org.apache.maven.surefire.junit4.JUnit4Provider.execute(JUnit4Provider.java:252)
	at org.apache.maven.surefire.junit4.JUnit4Provider.executeTestSet(JUnit4Provider.java:141)
	at org.apache.maven.surefire.junit4.JUnit4Provider.invoke(JUnit4Provider.java:112)
	at java.base/jdk.internal.reflect.NativeMethodAccessorImpl.invoke0(Native Method)
	at java.base/jdk.internal.reflect.NativeMethodAccessorImpl.invoke(NativeMethodAccessorImpl.java:62)
	at java.base/jdk.internal.reflect.DelegatingMethodAccessorImpl.invoke(DelegatingMethodAccessorImpl.java:43)
	at java.base/java.lang.reflect.Method.invoke(Method.java:564)
	at org.apache.maven.surefire.util.ReflectionUtils.invokeMethodWithArray(ReflectionUtils.java:189)
	at org.apache.maven.surefire.booter.ProviderFactory$ProviderProxy.invoke(ProviderFactory.java:165)
	at org.apache.maven.surefire.booter.ProviderFactory.invokeProvider(ProviderFactory.java:85)
	at org.apache.maven.surefire.booter.ForkedBooter.runSuitesInProcess(ForkedBooter.java:115)
	at org.apache.maven.surefire.booter.ForkedBooter.main(ForkedBooter.java:75)
Caused by: java.lang.ClassNotFoundException: javax.activation.DataSource
	at java.base/jdk.internal.loader.BuiltinClassLoader.loadClass(BuiltinClassLoader.java:582)
	at java.base/jdk.internal.loader.ClassLoaders$AppClassLoader.loadClass(ClassLoaders.java:190)
	at java.base/java.lang.ClassLoader.loadClass(ClassLoader.java:499)
	... 90 more
MultiException stack 2 of 2
java.lang.IllegalArgumentException: Errors were discovered while reifying SystemDescriptor(
	implementation=org.glassfish.jersey.message.internal.DataSourceProvider
	contracts={javax.ws.rs.ext.MessageBodyWriter,javax.ws.rs.ext.MessageBodyReader}
	scope=javax.inject.Singleton
	qualifiers={}
	descriptorType=CLASS
	descriptorVisibility=NORMAL
	metadata=
	rank=0
	loader=org.glassfish.hk2.utilities.binding.AbstractBinder$2@2e1ef60
	proxiable=null
	proxyForSameScope=null
	analysisName=null
	id=51
	locatorId=0
	identityHashCode=573926093
	reified=false)
	at org.jvnet.hk2.internal.SystemDescriptor.reify(SystemDescriptor.java:705)
	at org.jvnet.hk2.internal.ServiceLocatorImpl.reifyDescriptor(ServiceLocatorImpl.java:461)
	at org.jvnet.hk2.internal.ServiceLocatorImpl.narrow(ServiceLocatorImpl.java:2288)
	at org.jvnet.hk2.internal.ServiceLocatorImpl.access$1200(ServiceLocatorImpl.java:125)
	at org.jvnet.hk2.internal.ServiceLocatorImpl$9.compute(ServiceLocatorImpl.java:1373)
	at org.jvnet.hk2.internal.ServiceLocatorImpl$9.compute(ServiceLocatorImpl.java:1368)
	at org.glassfish.hk2.utilities.cache.internal.WeakCARCacheImpl.compute(WeakCARCacheImpl.java:116)
	at org.jvnet.hk2.internal.ServiceLocatorImpl.internalGetAllServiceHandles(ServiceLocatorImpl.java:1430)
	at org.jvnet.hk2.internal.ServiceLocatorImpl.getAllServiceHandles(ServiceLocatorImpl.java:1355)
	at org.jvnet.hk2.internal.ServiceLocatorImpl.getAllServiceHandles(ServiceLocatorImpl.java:1344)
	at org.glassfish.jersey.internal.inject.Providers.getServiceHandles(Providers.java:354)
	at org.glassfish.jersey.internal.inject.Providers.getProviders(Providers.java:187)
	at org.glassfish.jersey.message.internal.MessageBodyFactory.&lt;init&gt;(MessageBodyFactory.java:222)
	at java.base/jdk.internal.reflect.NativeConstructorAccessorImpl.newInstance0(Native Method)
	at java.base/jdk.internal.reflect.NativeConstructorAccessorImpl.newInstance(NativeConstructorAccessorImpl.java:62)
	at java.base/jdk.internal.reflect.DelegatingConstructorAccessorImpl.newInstance(DelegatingConstructorAccessorImpl.java:45)
	at java.base/java.lang.reflect.Constructor.newInstance(Constructor.java:488)
	at org.glassfish.hk2.utilities.reflection.ReflectionHelper.makeMe(ReflectionHelper.java:1375)
	at org.jvnet.hk2.internal.ClazzCreator.createMe(ClazzCreator.java:272)
	at org.jvnet.hk2.internal.ClazzCreator.create(ClazzCreator.java:366)
	at org.jvnet.hk2.internal.SystemDescriptor.create(SystemDescriptor.java:487)
	at org.jvnet.hk2.internal.SingletonContext$1.compute(SingletonContext.java:83)
	at org.jvnet.hk2.internal.SingletonContext$1.compute(SingletonContext.java:71)
	at org.glassfish.hk2.utilities.cache.Cache$OriginThreadAwareFuture$1.call(Cache.java:97)
	at java.base/java.util.concurrent.FutureTask.run(FutureTask.java:264)
	at org.glassfish.hk2.utilities.cache.Cache$OriginThreadAwareFuture.run(Cache.java:154)
	at org.glassfish.hk2.utilities.cache.Cache.compute(Cache.java:199)
	at org.jvnet.hk2.internal.SingletonContext.findOrCreate(SingletonContext.java:122)
	at org.jvnet.hk2.internal.Utilities.createService(Utilities.java:2022)
	at org.jvnet.hk2.internal.ServiceLocatorImpl.internalGetService(ServiceLocatorImpl.java:774)
	at org.jvnet.hk2.internal.ServiceLocatorImpl.internalGetService(ServiceLocatorImpl.java:737)
	at org.jvnet.hk2.internal.ServiceLocatorImpl.getService(ServiceLocatorImpl.java:707)
	at org.glassfish.jersey.server.model.ComponentModelValidator.&lt;init&gt;(ComponentModelValidator.java:97)
	at org.glassfish.jersey.server.ApplicationHandler.initialize(ApplicationHandler.java:549)
	at org.glassfish.jersey.server.ApplicationHandler.access$500(ApplicationHandler.java:184)
	at org.glassfish.jersey.server.ApplicationHandler$3.call(ApplicationHandler.java:350)
	at org.glassfish.jersey.server.ApplicationHandler$3.call(ApplicationHandler.java:347)
	at org.glassfish.jersey.internal.Errors.process(Errors.java:315)
	at org.glassfish.jersey.internal.Errors.process(Errors.java:297)
	at org.glassfish.jersey.internal.Errors.processWithException(Errors.java:255)
	at org.glassfish.jersey.server.ApplicationHandler.&lt;init&gt;(ApplicationHandler.java:347)
	at org.glassfish.jersey.server.ApplicationHandler.&lt;init&gt;(ApplicationHandler.java:311)
	at org.glassfish.jersey.grizzly2.httpserver.GrizzlyHttpContainer.&lt;init&gt;(GrizzlyHttpContainer.java:337)
	at org.glassfish.jersey.grizzly2.httpserver.GrizzlyHttpServerFactory.createHttpServer(GrizzlyHttpServerFactory.java:119)
	at com.example.Main.startServer(Main.java:30)
	at com.example.MyResourceTest.setUp(MyResourceTest.java:22)
	at java.base/jdk.internal.reflect.NativeMethodAccessorImpl.invoke0(Native Method)
	at java.base/jdk.internal.reflect.NativeMethodAccessorImpl.invoke(NativeMethodAccessorImpl.java:62)
	at java.base/jdk.internal.reflect.DelegatingMethodAccessorImpl.invoke(DelegatingMethodAccessorImpl.java:43)
	at java.base/java.lang.reflect.Method.invoke(Method.java:564)
	at org.junit.runners.model.FrameworkMethod$1.runReflectiveCall(FrameworkMethod.java:44)
	at org.junit.internal.runners.model.ReflectiveCallable.run(ReflectiveCallable.java:15)
	at org.junit.runners.model.FrameworkMethod.invokeExplosively(FrameworkMethod.java:41)
	at org.junit.internal.runners.statements.RunBefores.evaluate(RunBefores.java:27)
	at org.junit.internal.runners.statements.RunAfters.evaluate(RunAfters.java:31)
	at org.junit.runners.ParentRunner.runLeaf(ParentRunner.java:263)
	at org.junit.runners.BlockJUnit4ClassRunner.runChild(BlockJUnit4ClassRunner.java:69)
	at org.junit.runners.BlockJUnit4ClassRunner.runChild(BlockJUnit4ClassRunner.java:48)
	at org.junit.runners.ParentRunner$3.run(ParentRunner.java:231)
	at org.junit.runners.ParentRunner$1.schedule(ParentRunner.java:60)
	at org.junit.runners.ParentRunner.runChildren(ParentRunner.java:229)
	at org.junit.runners.ParentRunner.access$000(ParentRunner.java:50)
	at org.junit.runners.ParentRunner$2.evaluate(ParentRunner.java:222)
	at org.junit.runners.ParentRunner.run(ParentRunner.java:292)
	at org.apache.maven.surefire.junit4.JUnit4Provider.execute(JUnit4Provider.java:252)
	at org.apache.maven.surefire.junit4.JUnit4Provider.executeTestSet(JUnit4Provider.java:141)
	at org.apache.maven.surefire.junit4.JUnit4Provider.invoke(JUnit4Provider.java:112)
	at java.base/jdk.internal.reflect.NativeMethodAccessorImpl.invoke0(Native Method)
	at java.base/jdk.internal.reflect.NativeMethodAccessorImpl.invoke(NativeMethodAccessorImpl.java:62)
	at java.base/jdk.internal.reflect.DelegatingMethodAccessorImpl.invoke(DelegatingMethodAccessorImpl.java:43)
	at java.base/java.lang.reflect.Method.invoke(Method.java:564)
	at org.apache.maven.surefire.util.ReflectionUtils.invokeMethodWithArray(ReflectionUtils.java:189)
	at org.apache.maven.surefire.booter.ProviderFactory$ProviderProxy.invoke(ProviderFactory.java:165)
	at org.apache.maven.surefire.booter.ProviderFactory.invokeProvider(ProviderFactory.java:85)
	at org.apache.maven.surefire.booter.ForkedBooter.runSuitesInProcess(ForkedBooter.java:115)
	at org.apache.maven.surefire.booter.ForkedBooter.main(ForkedBooter.java:75)

WARNING: HK2 service reification failed for [org.glassfish.jersey.jaxb.internal.XmlJaxbElementProvider$App] with an exception:
MultiException stack 1 of 2
java.lang.NoClassDefFoundError: javax/xml/bind/PropertyException
	at java.base/java.lang.Class.getDeclaredConstructors0(Native Method)
	at java.base/java.lang.Class.privateGetDeclaredConstructors(Class.java:3090)
	at java.base/java.lang.Class.getDeclaredConstructors(Class.java:2316)
	at org.jvnet.hk2.internal.Utilities$3.run(Utilities.java:1308)
	at org.jvnet.hk2.internal.Utilities$3.run(Utilities.java:1304)
	at java.base/java.security.AccessController.doPrivileged(Native Method)
	at org.jvnet.hk2.internal.Utilities.getAllConstructors(Utilities.java:1304)
	at org.jvnet.hk2.internal.Utilities.findProducerConstructor(Utilities.java:1247)
	at org.jvnet.hk2.internal.DefaultClassAnalyzer.getConstructor(DefaultClassAnalyzer.java:83)
	at org.glassfish.jersey.internal.inject.JerseyClassAnalyzer.getConstructor(JerseyClassAnalyzer.java:144)
	at org.jvnet.hk2.internal.Utilities.getConstructor(Utilities.java:178)
	at org.jvnet.hk2.internal.ClazzCreator.initialize(ClazzCreator.java:129)
	at org.jvnet.hk2.internal.ClazzCreator.initialize(ClazzCreator.java:180)
	at org.jvnet.hk2.internal.SystemDescriptor.internalReify(SystemDescriptor.java:740)
	at org.jvnet.hk2.internal.SystemDescriptor.reify(SystemDescriptor.java:694)
	at org.jvnet.hk2.internal.ServiceLocatorImpl.reifyDescriptor(ServiceLocatorImpl.java:461)
	at org.jvnet.hk2.internal.ServiceLocatorImpl.narrow(ServiceLocatorImpl.java:2288)
	at org.jvnet.hk2.internal.ServiceLocatorImpl.access$1200(ServiceLocatorImpl.java:125)
	at org.jvnet.hk2.internal.ServiceLocatorImpl$9.compute(ServiceLocatorImpl.java:1373)
	at org.jvnet.hk2.internal.ServiceLocatorImpl$9.compute(ServiceLocatorImpl.java:1368)
	at org.glassfish.hk2.utilities.cache.internal.WeakCARCacheImpl.compute(WeakCARCacheImpl.java:116)
	at org.jvnet.hk2.internal.ServiceLocatorImpl.internalGetAllServiceHandles(ServiceLocatorImpl.java:1430)
	at org.jvnet.hk2.internal.ServiceLocatorImpl.getAllServiceHandles(ServiceLocatorImpl.java:1355)
	at org.jvnet.hk2.internal.ServiceLocatorImpl.getAllServiceHandles(ServiceLocatorImpl.java:1344)
	at org.glassfish.jersey.internal.inject.Providers.getServiceHandles(Providers.java:354)
	at org.glassfish.jersey.internal.inject.Providers.getProviders(Providers.java:187)
	at org.glassfish.jersey.message.internal.MessageBodyFactory.&lt;init&gt;(MessageBodyFactory.java:222)
	at java.base/jdk.internal.reflect.NativeConstructorAccessorImpl.newInstance0(Native Method)
	at java.base/jdk.internal.reflect.NativeConstructorAccessorImpl.newInstance(NativeConstructorAccessorImpl.java:62)
	at java.base/jdk.internal.reflect.DelegatingConstructorAccessorImpl.newInstance(DelegatingConstructorAccessorImpl.java:45)
	at java.base/java.lang.reflect.Constructor.newInstance(Constructor.java:488)
	at org.glassfish.hk2.utilities.reflection.ReflectionHelper.makeMe(ReflectionHelper.java:1375)
	at org.jvnet.hk2.internal.ClazzCreator.createMe(ClazzCreator.java:272)
	at org.jvnet.hk2.internal.ClazzCreator.create(ClazzCreator.java:366)
	at org.jvnet.hk2.internal.SystemDescriptor.create(SystemDescriptor.java:487)
	at org.jvnet.hk2.internal.SingletonContext$1.compute(SingletonContext.java:83)
	at org.jvnet.hk2.internal.SingletonContext$1.compute(SingletonContext.java:71)
	at org.glassfish.hk2.utilities.cache.Cache$OriginThreadAwareFuture$1.call(Cache.java:97)
	at java.base/java.util.concurrent.FutureTask.run(FutureTask.java:264)
	at org.glassfish.hk2.utilities.cache.Cache$OriginThreadAwareFuture.run(Cache.java:154)
	at org.glassfish.hk2.utilities.cache.Cache.compute(Cache.java:199)
	at org.jvnet.hk2.internal.SingletonContext.findOrCreate(SingletonContext.java:122)
	at org.jvnet.hk2.internal.Utilities.createService(Utilities.java:2022)
	at org.jvnet.hk2.internal.ServiceLocatorImpl.internalGetService(ServiceLocatorImpl.java:774)
	at org.jvnet.hk2.internal.ServiceLocatorImpl.internalGetService(ServiceLocatorImpl.java:737)
	at org.jvnet.hk2.internal.ServiceLocatorImpl.getService(ServiceLocatorImpl.java:707)
	at org.glassfish.jersey.server.model.ComponentModelValidator.&lt;init&gt;(ComponentModelValidator.java:97)
	at org.glassfish.jersey.server.ApplicationHandler.initialize(ApplicationHandler.java:549)
	at org.glassfish.jersey.server.ApplicationHandler.access$500(ApplicationHandler.java:184)
	at org.glassfish.jersey.server.ApplicationHandler$3.call(ApplicationHandler.java:350)
	at org.glassfish.jersey.server.ApplicationHandler$3.call(ApplicationHandler.java:347)
	at org.glassfish.jersey.internal.Errors.process(Errors.java:315)
	at org.glassfish.jersey.internal.Errors.process(Errors.java:297)
	at org.glassfish.jersey.internal.Errors.processWithException(Errors.java:255)
	at org.glassfish.jersey.server.ApplicationHandler.&lt;init&gt;(ApplicationHandler.java:347)
	at org.glassfish.jersey.server.ApplicationHandler.&lt;init&gt;(ApplicationHandler.java:311)
	at org.glassfish.jersey.grizzly2.httpserver.GrizzlyHttpContainer.&lt;init&gt;(GrizzlyHttpContainer.java:337)
	at org.glassfish.jersey.grizzly2.httpserver.GrizzlyHttpServerFactory.createHttpServer(GrizzlyHttpServerFactory.java:119)
	at com.example.Main.startServer(Main.java:30)
	at com.example.MyResourceTest.setUp(MyResourceTest.java:22)
	at java.base/jdk.internal.reflect.NativeMethodAccessorImpl.invoke0(Native Method)
	at java.base/jdk.internal.reflect.NativeMethodAccessorImpl.invoke(NativeMethodAccessorImpl.java:62)
	at java.base/jdk.internal.reflect.DelegatingMethodAccessorImpl.invoke(DelegatingMethodAccessorImpl.java:43)
	at java.base/java.lang.reflect.Method.invoke(Method.java:564)
	at org.junit.runners.model.FrameworkMethod$1.runReflectiveCall(FrameworkMethod.java:44)
	at org.junit.internal.runners.model.ReflectiveCallable.run(ReflectiveCallable.java:15)
	at org.junit.runners.model.FrameworkMethod.invokeExplosively(FrameworkMethod.java:41)
	at org.junit.internal.runners.statements.RunBefores.evaluate(RunBefores.java:27)
	at org.junit.internal.runners.statements.RunAfters.evaluate(RunAfters.java:31)
	at org.junit.runners.ParentRunner.runLeaf(ParentRunner.java:263)
	at org.junit.runners.BlockJUnit4ClassRunner.runChild(BlockJUnit4ClassRunner.java:69)
	at org.junit.runners.BlockJUnit4ClassRunner.runChild(BlockJUnit4ClassRunner.java:48)
	at org.junit.runners.ParentRunner$3.run(ParentRunner.java:231)
	at org.junit.runners.ParentRunner$1.schedule(ParentRunner.java:60)
	at org.junit.runners.ParentRunner.runChildren(ParentRunner.java:229)
	at org.junit.runners.ParentRunner.access$000(ParentRunner.java:50)
	at org.junit.runners.ParentRunner$2.evaluate(ParentRunner.java:222)
	at org.junit.runners.ParentRunner.run(ParentRunner.java:292)
	at org.apache.maven.surefire.junit4.JUnit4Provider.execute(JUnit4Provider.java:252)
	at org.apache.maven.surefire.junit4.JUnit4Provider.executeTestSet(JUnit4Provider.java:141)
	at org.apache.maven.surefire.junit4.JUnit4Provider.invoke(JUnit4Provider.java:112)
	at java.base/jdk.internal.reflect.NativeMethodAccessorImpl.invoke0(Native Method)
	at java.base/jdk.internal.reflect.NativeMethodAccessorImpl.invoke(NativeMethodAccessorImpl.java:62)
	at java.base/jdk.internal.reflect.DelegatingMethodAccessorImpl.invoke(DelegatingMethodAccessorImpl.java:43)
	at java.base/java.lang.reflect.Method.invoke(Method.java:564)
	at org.apache.maven.surefire.util.ReflectionUtils.invokeMethodWithArray(ReflectionUtils.java:189)
	at org.apache.maven.surefire.booter.ProviderFactory$ProviderProxy.invoke(ProviderFactory.java:165)
	at org.apache.maven.surefire.booter.ProviderFactory.invokeProvider(ProviderFactory.java:85)
	at org.apache.maven.surefire.booter.ForkedBooter.runSuitesInProcess(ForkedBooter.java:115)
	at org.apache.maven.surefire.booter.ForkedBooter.main(ForkedBooter.java:75)
Caused by: java.lang.ClassNotFoundException: javax.xml.bind.PropertyException
	at java.base/jdk.internal.loader.BuiltinClassLoader.loadClass(BuiltinClassLoader.java:582)
	at java.base/jdk.internal.loader.ClassLoaders$AppClassLoader.loadClass(ClassLoaders.java:190)
	at java.base/java.lang.ClassLoader.loadClass(ClassLoader.java:499)
	... 90 more
MultiException stack 2 of 2
java.lang.IllegalArgumentException: Errors were discovered while reifying SystemDescriptor(
	implementation=org.glassfish.jersey.jaxb.internal.XmlJaxbElementProvider$App
	contracts={javax.ws.rs.ext.MessageBodyWriter,javax.ws.rs.ext.MessageBodyReader}
	scope=javax.inject.Singleton
	qualifiers={}
	descriptorType=CLASS
	descriptorVisibility=NORMAL
	metadata=
	rank=0
	loader=org.glassfish.hk2.utilities.binding.AbstractBinder$2@16fdec90
	proxiable=null
	proxyForSameScope=null
	analysisName=null
	id=101
	locatorId=0
	identityHashCode=452842611
	reified=false)
	at org.jvnet.hk2.internal.SystemDescriptor.reify(SystemDescriptor.java:705)
	at org.jvnet.hk2.internal.ServiceLocatorImpl.reifyDescriptor(ServiceLocatorImpl.java:461)
	at org.jvnet.hk2.internal.ServiceLocatorImpl.narrow(ServiceLocatorImpl.java:2288)
	at org.jvnet.hk2.internal.ServiceLocatorImpl.access$1200(ServiceLocatorImpl.java:125)
	at org.jvnet.hk2.internal.ServiceLocatorImpl$9.compute(ServiceLocatorImpl.java:1373)
	at org.jvnet.hk2.internal.ServiceLocatorImpl$9.compute(ServiceLocatorImpl.java:1368)
	at org.glassfish.hk2.utilities.cache.internal.WeakCARCacheImpl.compute(WeakCARCacheImpl.java:116)
	at org.jvnet.hk2.internal.ServiceLocatorImpl.internalGetAllServiceHandles(ServiceLocatorImpl.java:1430)
	at org.jvnet.hk2.internal.ServiceLocatorImpl.getAllServiceHandles(ServiceLocatorImpl.java:1355)
	at org.jvnet.hk2.internal.ServiceLocatorImpl.getAllServiceHandles(ServiceLocatorImpl.java:1344)
	at org.glassfish.jersey.internal.inject.Providers.getServiceHandles(Providers.java:354)
	at org.glassfish.jersey.internal.inject.Providers.getProviders(Providers.java:187)
	at org.glassfish.jersey.message.internal.MessageBodyFactory.&lt;init&gt;(MessageBodyFactory.java:222)
	at java.base/jdk.internal.reflect.NativeConstructorAccessorImpl.newInstance0(Native Method)
	at java.base/jdk.internal.reflect.NativeConstructorAccessorImpl.newInstance(NativeConstructorAccessorImpl.java:62)
	at java.base/jdk.internal.reflect.DelegatingConstructorAccessorImpl.newInstance(DelegatingConstructorAccessorImpl.java:45)
	at java.base/java.lang.reflect.Constructor.newInstance(Constructor.java:488)
	at org.glassfish.hk2.utilities.reflection.ReflectionHelper.makeMe(ReflectionHelper.java:1375)
	at org.jvnet.hk2.internal.ClazzCreator.createMe(ClazzCreator.java:272)
	at org.jvnet.hk2.internal.ClazzCreator.create(ClazzCreator.java:366)
	at org.jvnet.hk2.internal.SystemDescriptor.create(SystemDescriptor.java:487)
	at org.jvnet.hk2.internal.SingletonContext$1.compute(SingletonContext.java:83)
	at org.jvnet.hk2.internal.SingletonContext$1.compute(SingletonContext.java:71)
	at org.glassfish.hk2.utilities.cache.Cache$OriginThreadAwareFuture$1.call(Cache.java:97)
	at java.base/java.util.concurrent.FutureTask.run(FutureTask.java:264)
	at org.glassfish.hk2.utilities.cache.Cache$OriginThreadAwareFuture.run(Cache.java:154)
	at org.glassfish.hk2.utilities.cache.Cache.compute(Cache.java:199)
	at org.jvnet.hk2.internal.SingletonContext.findOrCreate(SingletonContext.java:122)
	at org.jvnet.hk2.internal.Utilities.createService(Utilities.java:2022)
	at org.jvnet.hk2.internal.ServiceLocatorImpl.internalGetService(ServiceLocatorImpl.java:774)
	at org.jvnet.hk2.internal.ServiceLocatorImpl.internalGetService(ServiceLocatorImpl.java:737)
	at org.jvnet.hk2.internal.ServiceLocatorImpl.getService(ServiceLocatorImpl.java:707)
	at org.glassfish.jersey.server.model.ComponentModelValidator.&lt;init&gt;(ComponentModelValidator.java:97)
	at org.glassfish.jersey.server.ApplicationHandler.initialize(ApplicationHandler.java:549)
	at org.glassfish.jersey.server.ApplicationHandler.access$500(ApplicationHandler.java:184)
	at org.glassfish.jersey.server.ApplicationHandler$3.call(ApplicationHandler.java:350)
	at org.glassfish.jersey.server.ApplicationHandler$3.call(ApplicationHandler.java:347)
	at org.glassfish.jersey.internal.Errors.process(Errors.java:315)
	at org.glassfish.jersey.internal.Errors.process(Errors.java:297)
	at org.glassfish.jersey.internal.Errors.processWithException(Errors.java:255)
	at org.glassfish.jersey.server.ApplicationHandler.&lt;init&gt;(ApplicationHandler.java:347)
	at org.glassfish.jersey.server.ApplicationHandler.&lt;init&gt;(ApplicationHandler.java:311)
	at org.glassfish.jersey.grizzly2.httpserver.GrizzlyHttpContainer.&lt;init&gt;(GrizzlyHttpContainer.java:337)
	at org.glassfish.jersey.grizzly2.httpserver.GrizzlyHttpServerFactory.createHttpServer(GrizzlyHttpServerFactory.java:119)
	at com.example.Main.startServer(Main.java:30)
	at com.example.MyResourceTest.setUp(MyResourceTest.java:22)
	at java.base/jdk.internal.reflect.NativeMethodAccessorImpl.invoke0(Native Method)
	at java.base/jdk.internal.reflect.NativeMethodAccessorImpl.invoke(NativeMethodAccessorImpl.java:62)
	at java.base/jdk.internal.reflect.DelegatingMethodAccessorImpl.invoke(DelegatingMethodAccessorImpl.java:43)
	at java.base/java.lang.reflect.Method.invoke(Method.java:564)
	at org.junit.runners.model.FrameworkMethod$1.runReflectiveCall(FrameworkMethod.java:44)
	at org.junit.internal.runners.model.ReflectiveCallable.run(ReflectiveCallable.java:15)
	at org.junit.runners.model.FrameworkMethod.invokeExplosively(FrameworkMethod.java:41)
	at org.junit.internal.runners.statements.RunBefores.evaluate(RunBefores.java:27)
	at org.junit.internal.runners.statements.RunAfters.evaluate(RunAfters.java:31)
	at org.junit.runners.ParentRunner.runLeaf(ParentRunner.java:263)
	at org.junit.runners.BlockJUnit4ClassRunner.runChild(BlockJUnit4ClassRunner.java:69)
	at org.junit.runners.BlockJUnit4ClassRunner.runChild(BlockJUnit4ClassRunner.java:48)
	at org.junit.runners.ParentRunner$3.run(ParentRunner.java:231)
	at org.junit.runners.ParentRunner$1.schedule(ParentRunner.java:60)
	at org.junit.runners.ParentRunner.runChildren(ParentRunner.java:229)
	at org.junit.runners.ParentRunner.access$000(ParentRunner.java:50)
	at org.junit.runners.ParentRunner$2.evaluate(ParentRunner.java:222)
	at org.junit.runners.ParentRunner.run(ParentRunner.java:292)
	at org.apache.maven.surefire.junit4.JUnit4Provider.execute(JUnit4Provider.java:252)
	at org.apache.maven.surefire.junit4.JUnit4Provider.executeTestSet(JUnit4Provider.java:141)
	at org.apache.maven.surefire.junit4.JUnit4Provider.invoke(JUnit4Provider.java:112)
	at java.base/jdk.internal.reflect.NativeMethodAccessorImpl.invoke0(Native Method)
	at java.base/jdk.internal.reflect.NativeMethodAccessorImpl.invoke(NativeMethodAccessorImpl.java:62)
	at java.base/jdk.internal.reflect.DelegatingMethodAccessorImpl.invoke(DelegatingMethodAccessorImpl.java:43)
	at java.base/java.lang.reflect.Method.invoke(Method.java:564)
	at org.apache.maven.surefire.util.ReflectionUtils.invokeMethodWithArray(ReflectionUtils.java:189)
	at org.apache.maven.surefire.booter.ProviderFactory$ProviderProxy.invoke(ProviderFactory.java:165)
	at org.apache.maven.surefire.booter.ProviderFactory.invokeProvider(ProviderFactory.java:85)
	at org.apache.maven.surefire.booter.ForkedBooter.runSuitesInProcess(ForkedBooter.java:115)
	at org.apache.maven.surefire.booter.ForkedBooter.main(ForkedBooter.java:75)

WARNING: HK2 service reification failed for [org.glassfish.jersey.jaxb.internal.XmlJaxbElementProvider$Text] with an exception:
MultiException stack 1 of 2
java.lang.NoClassDefFoundError: javax/xml/bind/PropertyException
	at java.base/java.lang.Class.getDeclaredConstructors0(Native Method)
	at java.base/java.lang.Class.privateGetDeclaredConstructors(Class.java:3090)
	at java.base/java.lang.Class.getDeclaredConstructors(Class.java:2316)
	at org.jvnet.hk2.internal.Utilities$3.run(Utilities.java:1308)
	at org.jvnet.hk2.internal.Utilities$3.run(Utilities.java:1304)
	at java.base/java.security.AccessController.doPrivileged(Native Method)
	at org.jvnet.hk2.internal.Utilities.getAllConstructors(Utilities.java:1304)
	at org.jvnet.hk2.internal.Utilities.findProducerConstructor(Utilities.java:1247)
	at org.jvnet.hk2.internal.DefaultClassAnalyzer.getConstructor(DefaultClassAnalyzer.java:83)
	at org.glassfish.jersey.internal.inject.JerseyClassAnalyzer.getConstructor(JerseyClassAnalyzer.java:144)
	at org.jvnet.hk2.internal.Utilities.getConstructor(Utilities.java:178)
	at org.jvnet.hk2.internal.ClazzCreator.initialize(ClazzCreator.java:129)
	at org.jvnet.hk2.internal.ClazzCreator.initialize(ClazzCreator.java:180)
	at org.jvnet.hk2.internal.SystemDescriptor.internalReify(SystemDescriptor.java:740)
	at org.jvnet.hk2.internal.SystemDescriptor.reify(SystemDescriptor.java:694)
	at org.jvnet.hk2.internal.ServiceLocatorImpl.reifyDescriptor(ServiceLocatorImpl.java:461)
	at org.jvnet.hk2.internal.ServiceLocatorImpl.narrow(ServiceLocatorImpl.java:2288)
	at org.jvnet.hk2.internal.ServiceLocatorImpl.access$1200(ServiceLocatorImpl.java:125)
	at org.jvnet.hk2.internal.ServiceLocatorImpl$9.compute(ServiceLocatorImpl.java:1373)
	at org.jvnet.hk2.internal.ServiceLocatorImpl$9.compute(ServiceLocatorImpl.java:1368)
	at org.glassfish.hk2.utilities.cache.internal.WeakCARCacheImpl.compute(WeakCARCacheImpl.java:116)
	at org.jvnet.hk2.internal.ServiceLocatorImpl.internalGetAllServiceHandles(ServiceLocatorImpl.java:1430)
	at org.jvnet.hk2.internal.ServiceLocatorImpl.getAllServiceHandles(ServiceLocatorImpl.java:1355)
	at org.jvnet.hk2.internal.ServiceLocatorImpl.getAllServiceHandles(ServiceLocatorImpl.java:1344)
	at org.glassfish.jersey.internal.inject.Providers.getServiceHandles(Providers.java:354)
	at org.glassfish.jersey.internal.inject.Providers.getProviders(Providers.java:187)
	at org.glassfish.jersey.message.internal.MessageBodyFactory.&lt;init&gt;(MessageBodyFactory.java:222)
	at java.base/jdk.internal.reflect.NativeConstructorAccessorImpl.newInstance0(Native Method)
	at java.base/jdk.internal.reflect.NativeConstructorAccessorImpl.newInstance(NativeConstructorAccessorImpl.java:62)
	at java.base/jdk.internal.reflect.DelegatingConstructorAccessorImpl.newInstance(DelegatingConstructorAccessorImpl.java:45)
	at java.base/java.lang.reflect.Constructor.newInstance(Constructor.java:488)
	at org.glassfish.hk2.utilities.reflection.ReflectionHelper.makeMe(ReflectionHelper.java:1375)
	at org.jvnet.hk2.internal.ClazzCreator.createMe(ClazzCreator.java:272)
	at org.jvnet.hk2.internal.ClazzCreator.create(ClazzCreator.java:366)
	at org.jvnet.hk2.internal.SystemDescriptor.create(SystemDescriptor.java:487)
	at org.jvnet.hk2.internal.SingletonContext$1.compute(SingletonContext.java:83)
	at org.jvnet.hk2.internal.SingletonContext$1.compute(SingletonContext.java:71)
	at org.glassfish.hk2.utilities.cache.Cache$OriginThreadAwareFuture$1.call(Cache.java:97)
	at java.base/java.util.concurrent.FutureTask.run(FutureTask.java:264)
	at org.glassfish.hk2.utilities.cache.Cache$OriginThreadAwareFuture.run(Cache.java:154)
	at org.glassfish.hk2.utilities.cache.Cache.compute(Cache.java:199)
	at org.jvnet.hk2.internal.SingletonContext.findOrCreate(SingletonContext.java:122)
	at org.jvnet.hk2.internal.Utilities.createService(Utilities.java:2022)
	at org.jvnet.hk2.internal.ServiceLocatorImpl.internalGetService(ServiceLocatorImpl.java:774)
	at org.jvnet.hk2.internal.ServiceLocatorImpl.internalGetService(ServiceLocatorImpl.java:737)
	at org.jvnet.hk2.internal.ServiceLocatorImpl.getService(ServiceLocatorImpl.java:707)
	at org.glassfish.jersey.server.model.ComponentModelValidator.&lt;init&gt;(ComponentModelValidator.java:97)
	at org.glassfish.jersey.server.ApplicationHandler.initialize(ApplicationHandler.java:549)
	at org.glassfish.jersey.server.ApplicationHandler.access$500(ApplicationHandler.java:184)
	at org.glassfish.jersey.server.ApplicationHandler$3.call(ApplicationHandler.java:350)
	at org.glassfish.jersey.server.ApplicationHandler$3.call(ApplicationHandler.java:347)
	at org.glassfish.jersey.internal.Errors.process(Errors.java:315)
	at org.glassfish.jersey.internal.Errors.process(Errors.java:297)
	at org.glassfish.jersey.internal.Errors.processWithException(Errors.java:255)
	at org.glassfish.jersey.server.ApplicationHandler.&lt;init&gt;(ApplicationHandler.java:347)
	at org.glassfish.jersey.server.ApplicationHandler.&lt;init&gt;(ApplicationHandler.java:311)
	at org.glassfish.jersey.grizzly2.httpserver.GrizzlyHttpContainer.&lt;init&gt;(GrizzlyHttpContainer.java:337)
	at org.glassfish.jersey.grizzly2.httpserver.GrizzlyHttpServerFactory.createHttpServer(GrizzlyHttpServerFactory.java:119)
	at com.example.Main.startServer(Main.java:30)
	at com.example.MyResourceTest.setUp(MyResourceTest.java:22)
	at java.base/jdk.internal.reflect.NativeMethodAccessorImpl.invoke0(Native Method)
	at java.base/jdk.internal.reflect.NativeMethodAccessorImpl.invoke(NativeMethodAccessorImpl.java:62)
	at java.base/jdk.internal.reflect.DelegatingMethodAccessorImpl.invoke(DelegatingMethodAccessorImpl.java:43)
	at java.base/java.lang.reflect.Method.invoke(Method.java:564)
	at org.junit.runners.model.FrameworkMethod$1.runReflectiveCall(FrameworkMethod.java:44)
	at org.junit.internal.runners.model.ReflectiveCallable.run(ReflectiveCallable.java:15)
	at org.junit.runners.model.FrameworkMethod.invokeExplosively(FrameworkMethod.java:41)
	at org.junit.internal.runners.statements.RunBefores.evaluate(RunBefores.java:27)
	at org.junit.internal.runners.statements.RunAfters.evaluate(RunAfters.java:31)
	at org.junit.runners.ParentRunner.runLeaf(ParentRunner.java:263)
	at org.junit.runners.BlockJUnit4ClassRunner.runChild(BlockJUnit4ClassRunner.java:69)
	at org.junit.runners.BlockJUnit4ClassRunner.runChild(BlockJUnit4ClassRunner.java:48)
	at org.junit.runners.ParentRunner$3.run(ParentRunner.java:231)
	at org.junit.runners.ParentRunner$1.schedule(ParentRunner.java:60)
	at org.junit.runners.ParentRunner.runChildren(ParentRunner.java:229)
	at org.junit.runners.ParentRunner.access$000(ParentRunner.java:50)
	at org.junit.runners.ParentRunner$2.evaluate(ParentRunner.java:222)
	at org.junit.runners.ParentRunner.run(ParentRunner.java:292)
	at org.apache.maven.surefire.junit4.JUnit4Provider.execute(JUnit4Provider.java:252)
	at org.apache.maven.surefire.junit4.JUnit4Provider.executeTestSet(JUnit4Provider.java:141)
	at org.apache.maven.surefire.junit4.JUnit4Provider.invoke(JUnit4Provider.java:112)
	at java.base/jdk.internal.reflect.NativeMethodAccessorImpl.invoke0(Native Method)
	at java.base/jdk.internal.reflect.NativeMethodAccessorImpl.invoke(NativeMethodAccessorImpl.java:62)
	at java.base/jdk.internal.reflect.DelegatingMethodAccessorImpl.invoke(DelegatingMethodAccessorImpl.java:43)
	at java.base/java.lang.reflect.Method.invoke(Method.java:564)
	at org.apache.maven.surefire.util.ReflectionUtils.invokeMethodWithArray(ReflectionUtils.java:189)
	at org.apache.maven.surefire.booter.ProviderFactory$ProviderProxy.invoke(ProviderFactory.java:165)
	at org.apache.maven.surefire.booter.ProviderFactory.invokeProvider(ProviderFactory.java:85)
	at org.apache.maven.surefire.booter.ForkedBooter.runSuitesInProcess(ForkedBooter.java:115)
	at org.apache.maven.surefire.booter.ForkedBooter.main(ForkedBooter.java:75)
Caused by: java.lang.ClassNotFoundException: javax.xml.bind.PropertyException
	at java.base/jdk.internal.loader.BuiltinClassLoader.loadClass(BuiltinClassLoader.java:582)
	at java.base/jdk.internal.loader.ClassLoaders$AppClassLoader.loadClass(ClassLoaders.java:190)
	at java.base/java.lang.ClassLoader.loadClass(ClassLoader.java:499)
	... 90 more
MultiException stack 2 of 2
java.lang.IllegalArgumentException: Errors were discovered while reifying SystemDescriptor(
	implementation=org.glassfish.jersey.jaxb.internal.XmlJaxbElementProvider$Text
	contracts={javax.ws.rs.ext.MessageBodyWriter,javax.ws.rs.ext.MessageBodyReader}
	scope=javax.inject.Singleton
	qualifiers={}
	descriptorType=CLASS
	descriptorVisibility=NORMAL
	metadata=
	rank=0
	loader=org.glassfish.hk2.utilities.binding.AbstractBinder$2@16fdec90
	proxiable=null
	proxyForSameScope=null
	analysisName=null
	id=102
	locatorId=0
	identityHashCode=2031588185
	reified=false)
	at org.jvnet.hk2.internal.SystemDescriptor.reify(SystemDescriptor.java:705)
	at org.jvnet.hk2.internal.ServiceLocatorImpl.reifyDescriptor(ServiceLocatorImpl.java:461)
	at org.jvnet.hk2.internal.ServiceLocatorImpl.narrow(ServiceLocatorImpl.java:2288)
	at org.jvnet.hk2.internal.ServiceLocatorImpl.access$1200(ServiceLocatorImpl.java:125)
	at org.jvnet.hk2.internal.ServiceLocatorImpl$9.compute(ServiceLocatorImpl.java:1373)
	at org.jvnet.hk2.internal.ServiceLocatorImpl$9.compute(ServiceLocatorImpl.java:1368)
	at org.glassfish.hk2.utilities.cache.internal.WeakCARCacheImpl.compute(WeakCARCacheImpl.java:116)
	at org.jvnet.hk2.internal.ServiceLocatorImpl.internalGetAllServiceHandles(ServiceLocatorImpl.java:1430)
	at org.jvnet.hk2.internal.ServiceLocatorImpl.getAllServiceHandles(ServiceLocatorImpl.java:1355)
	at org.jvnet.hk2.internal.ServiceLocatorImpl.getAllServiceHandles(ServiceLocatorImpl.java:1344)
	at org.glassfish.jersey.internal.inject.Providers.getServiceHandles(Providers.java:354)
	at org.glassfish.jersey.internal.inject.Providers.getProviders(Providers.java:187)
	at org.glassfish.jersey.message.internal.MessageBodyFactory.&lt;init&gt;(MessageBodyFactory.java:222)
	at java.base/jdk.internal.reflect.NativeConstructorAccessorImpl.newInstance0(Native Method)
	at java.base/jdk.internal.reflect.NativeConstructorAccessorImpl.newInstance(NativeConstructorAccessorImpl.java:62)
	at java.base/jdk.internal.reflect.DelegatingConstructorAccessorImpl.newInstance(DelegatingConstructorAccessorImpl.java:45)
	at java.base/java.lang.reflect.Constructor.newInstance(Constructor.java:488)
	at org.glassfish.hk2.utilities.reflection.ReflectionHelper.makeMe(ReflectionHelper.java:1375)
	at org.jvnet.hk2.internal.ClazzCreator.createMe(ClazzCreator.java:272)
	at org.jvnet.hk2.internal.ClazzCreator.create(ClazzCreator.java:366)
	at org.jvnet.hk2.internal.SystemDescriptor.create(SystemDescriptor.java:487)
	at org.jvnet.hk2.internal.SingletonContext$1.compute(SingletonContext.java:83)
	at org.jvnet.hk2.internal.SingletonContext$1.compute(SingletonContext.java:71)
	at org.glassfish.hk2.utilities.cache.Cache$OriginThreadAwareFuture$1.call(Cache.java:97)
	at java.base/java.util.concurrent.FutureTask.run(FutureTask.java:264)
	at org.glassfish.hk2.utilities.cache.Cache$OriginThreadAwareFuture.run(Cache.java:154)
	at org.glassfish.hk2.utilities.cache.Cache.compute(Cache.java:199)
	at org.jvnet.hk2.internal.SingletonContext.findOrCreate(SingletonContext.java:122)
	at org.jvnet.hk2.internal.Utilities.createService(Utilities.java:2022)
	at org.jvnet.hk2.internal.ServiceLocatorImpl.internalGetService(ServiceLocatorImpl.java:774)
	at org.jvnet.hk2.internal.ServiceLocatorImpl.internalGetService(ServiceLocatorImpl.java:737)
	at org.jvnet.hk2.internal.ServiceLocatorImpl.getService(ServiceLocatorImpl.java:707)
	at org.glassfish.jersey.server.model.ComponentModelValidator.&lt;init&gt;(ComponentModelValidator.java:97)
	at org.glassfish.jersey.server.ApplicationHandler.initialize(ApplicationHandler.java:549)
	at org.glassfish.jersey.server.ApplicationHandler.access$500(ApplicationHandler.java:184)
	at org.glassfish.jersey.server.ApplicationHandler$3.call(ApplicationHandler.java:350)
	at org.glassfish.jersey.server.ApplicationHandler$3.call(ApplicationHandler.java:347)
	at org.glassfish.jersey.internal.Errors.process(Errors.java:315)
	at org.glassfish.jersey.internal.Errors.process(Errors.java:297)
	at org.glassfish.jersey.internal.Errors.processWithException(Errors.java:255)
	at org.glassfish.jersey.server.ApplicationHandler.&lt;init&gt;(ApplicationHandler.java:347)
	at org.glassfish.jersey.server.ApplicationHandler.&lt;init&gt;(ApplicationHandler.java:311)
	at org.glassfish.jersey.grizzly2.httpserver.GrizzlyHttpContainer.&lt;init&gt;(GrizzlyHttpContainer.java:337)
	at org.glassfish.jersey.grizzly2.httpserver.GrizzlyHttpServerFactory.createHttpServer(GrizzlyHttpServerFactory.java:119)
	at com.example.Main.startServer(Main.java:30)
	at com.example.MyResourceTest.setUp(MyResourceTest.java:22)
	at java.base/jdk.internal.reflect.NativeMethodAccessorImpl.invoke0(Native Method)
	at java.base/jdk.internal.reflect.NativeMethodAccessorImpl.invoke(NativeMethodAccessorImpl.java:62)
	at java.base/jdk.internal.reflect.DelegatingMethodAccessorImpl.invoke(DelegatingMethodAccessorImpl.java:43)
	at java.base/java.lang.reflect.Method.invoke(Method.java:564)
	at org.junit.runners.model.FrameworkMethod$1.runReflectiveCall(FrameworkMethod.java:44)
	at org.junit.internal.runners.model.ReflectiveCallable.run(ReflectiveCallable.java:15)
	at org.junit.runners.model.FrameworkMethod.invokeExplosively(FrameworkMethod.java:41)
	at org.junit.internal.runners.statements.RunBefores.evaluate(RunBefores.java:27)
	at org.junit.internal.runners.statements.RunAfters.evaluate(RunAfters.java:31)
	at org.junit.runners.ParentRunner.runLeaf(ParentRunner.java:263)
	at org.junit.runners.BlockJUnit4ClassRunner.runChild(BlockJUnit4ClassRunner.java:69)
	at org.junit.runners.BlockJUnit4ClassRunner.runChild(BlockJUnit4ClassRunner.java:48)
	at org.junit.runners.ParentRunner$3.run(ParentRunner.java:231)
	at org.junit.runners.ParentRunner$1.schedule(ParentRunner.java:60)
	at org.junit.runners.ParentRunner.runChildren(ParentRunner.java:229)
	at org.junit.runners.ParentRunner.access$000(ParentRunner.java:50)
	at org.junit.runners.ParentRunner$2.evaluate(ParentRunner.java:222)
	at org.junit.runners.ParentRunner.run(ParentRunner.java:292)
	at org.apache.maven.surefire.junit4.JUnit4Provider.execute(JUnit4Provider.java:252)
	at org.apache.maven.surefire.junit4.JUnit4Provider.executeTestSet(JUnit4Provider.java:141)
	at org.apache.maven.surefire.junit4.JUnit4Provider.invoke(JUnit4Provider.java:112)
	at java.base/jdk.internal.reflect.NativeMethodAccessorImpl.invoke0(Native Method)
	at java.base/jdk.internal.reflect.NativeMethodAccessorImpl.invoke(NativeMethodAccessorImpl.java:62)
	at java.base/jdk.internal.reflect.DelegatingMethodAccessorImpl.invoke(DelegatingMethodAccessorImpl.java:43)
	at java.base/java.lang.reflect.Method.invoke(Method.java:564)
	at org.apache.maven.surefire.util.ReflectionUtils.invokeMethodWithArray(ReflectionUtils.java:189)
	at org.apache.maven.surefire.booter.ProviderFactory$ProviderProxy.invoke(ProviderFactory.java:165)
	at org.apache.maven.surefire.booter.ProviderFactory.invokeProvider(ProviderFactory.java:85)
	at org.apache.maven.surefire.booter.ForkedBooter.runSuitesInProcess(ForkedBooter.java:115)
	at org.apache.maven.surefire.booter.ForkedBooter.main(ForkedBooter.java:75)

WARNING: HK2 service reification failed for [org.glassfish.jersey.jaxb.internal.XmlJaxbElementProvider$General] with an exception:
MultiException stack 1 of 2
java.lang.NoClassDefFoundError: javax/xml/bind/PropertyException
	at java.base/java.lang.Class.getDeclaredConstructors0(Native Method)
	at java.base/java.lang.Class.privateGetDeclaredConstructors(Class.java:3090)
	at java.base/java.lang.Class.getDeclaredConstructors(Class.java:2316)
	at org.jvnet.hk2.internal.Utilities$3.run(Utilities.java:1308)
	at org.jvnet.hk2.internal.Utilities$3.run(Utilities.java:1304)
	at java.base/java.security.AccessController.doPrivileged(Native Method)
	at org.jvnet.hk2.internal.Utilities.getAllConstructors(Utilities.java:1304)
	at org.jvnet.hk2.internal.Utilities.findProducerConstructor(Utilities.java:1247)
	at org.jvnet.hk2.internal.DefaultClassAnalyzer.getConstructor(DefaultClassAnalyzer.java:83)
	at org.glassfish.jersey.internal.inject.JerseyClassAnalyzer.getConstructor(JerseyClassAnalyzer.java:144)
	at org.jvnet.hk2.internal.Utilities.getConstructor(Utilities.java:178)
	at org.jvnet.hk2.internal.ClazzCreator.initialize(ClazzCreator.java:129)
	at org.jvnet.hk2.internal.ClazzCreator.initialize(ClazzCreator.java:180)
	at org.jvnet.hk2.internal.SystemDescriptor.internalReify(SystemDescriptor.java:740)
	at org.jvnet.hk2.internal.SystemDescriptor.reify(SystemDescriptor.java:694)
	at org.jvnet.hk2.internal.ServiceLocatorImpl.reifyDescriptor(ServiceLocatorImpl.java:461)
	at org.jvnet.hk2.internal.ServiceLocatorImpl.narrow(ServiceLocatorImpl.java:2288)
	at org.jvnet.hk2.internal.ServiceLocatorImpl.access$1200(ServiceLocatorImpl.java:125)
	at org.jvnet.hk2.internal.ServiceLocatorImpl$9.compute(ServiceLocatorImpl.java:1373)
	at org.jvnet.hk2.internal.ServiceLocatorImpl$9.compute(ServiceLocatorImpl.java:1368)
	at org.glassfish.hk2.utilities.cache.internal.WeakCARCacheImpl.compute(WeakCARCacheImpl.java:116)
	at org.jvnet.hk2.internal.ServiceLocatorImpl.internalGetAllServiceHandles(ServiceLocatorImpl.java:1430)
	at org.jvnet.hk2.internal.ServiceLocatorImpl.getAllServiceHandles(ServiceLocatorImpl.java:1355)
	at org.jvnet.hk2.internal.ServiceLocatorImpl.getAllServiceHandles(ServiceLocatorImpl.java:1344)
	at org.glassfish.jersey.internal.inject.Providers.getServiceHandles(Providers.java:354)
	at org.glassfish.jersey.internal.inject.Providers.getProviders(Providers.java:187)
	at org.glassfish.jersey.message.internal.MessageBodyFactory.&lt;init&gt;(MessageBodyFactory.java:222)
	at java.base/jdk.internal.reflect.NativeConstructorAccessorImpl.newInstance0(Native Method)
	at java.base/jdk.internal.reflect.NativeConstructorAccessorImpl.newInstance(NativeConstructorAccessorImpl.java:62)
	at java.base/jdk.internal.reflect.DelegatingConstructorAccessorImpl.newInstance(DelegatingConstructorAccessorImpl.java:45)
	at java.base/java.lang.reflect.Constructor.newInstance(Constructor.java:488)
	at org.glassfish.hk2.utilities.reflection.ReflectionHelper.makeMe(ReflectionHelper.java:1375)
	at org.jvnet.hk2.internal.ClazzCreator.createMe(ClazzCreator.java:272)
	at org.jvnet.hk2.internal.ClazzCreator.create(ClazzCreator.java:366)
	at org.jvnet.hk2.internal.SystemDescriptor.create(SystemDescriptor.java:487)
	at org.jvnet.hk2.internal.SingletonContext$1.compute(SingletonContext.java:83)
	at org.jvnet.hk2.internal.SingletonContext$1.compute(SingletonContext.java:71)
	at org.glassfish.hk2.utilities.cache.Cache$OriginThreadAwareFuture$1.call(Cache.java:97)
	at java.base/java.util.concurrent.FutureTask.run(FutureTask.java:264)
	at org.glassfish.hk2.utilities.cache.Cache$OriginThreadAwareFuture.run(Cache.java:154)
	at org.glassfish.hk2.utilities.cache.Cache.compute(Cache.java:199)
	at org.jvnet.hk2.internal.SingletonContext.findOrCreate(SingletonContext.java:122)
	at org.jvnet.hk2.internal.Utilities.createService(Utilities.java:2022)
	at org.jvnet.hk2.internal.ServiceLocatorImpl.internalGetService(ServiceLocatorImpl.java:774)
	at org.jvnet.hk2.internal.ServiceLocatorImpl.internalGetService(ServiceLocatorImpl.java:737)
	at org.jvnet.hk2.internal.ServiceLocatorImpl.getService(ServiceLocatorImpl.java:707)
	at org.glassfish.jersey.server.model.ComponentModelValidator.&lt;init&gt;(ComponentModelValidator.java:97)
	at org.glassfish.jersey.server.ApplicationHandler.initialize(ApplicationHandler.java:549)
	at org.glassfish.jersey.server.ApplicationHandler.access$500(ApplicationHandler.java:184)
	at org.glassfish.jersey.server.ApplicationHandler$3.call(ApplicationHandler.java:350)
	at org.glassfish.jersey.server.ApplicationHandler$3.call(ApplicationHandler.java:347)
	at org.glassfish.jersey.internal.Errors.process(Errors.java:315)
	at org.glassfish.jersey.internal.Errors.process(Errors.java:297)
	at org.glassfish.jersey.internal.Errors.processWithException(Errors.java:255)
	at org.glassfish.jersey.server.ApplicationHandler.&lt;init&gt;(ApplicationHandler.java:347)
	at org.glassfish.jersey.server.ApplicationHandler.&lt;init&gt;(ApplicationHandler.java:311)
	at org.glassfish.jersey.grizzly2.httpserver.GrizzlyHttpContainer.&lt;init&gt;(GrizzlyHttpContainer.java:337)
	at org.glassfish.jersey.grizzly2.httpserver.GrizzlyHttpServerFactory.createHttpServer(GrizzlyHttpServerFactory.java:119)
	at com.example.Main.startServer(Main.java:30)
	at com.example.MyResourceTest.setUp(MyResourceTest.java:22)
	at java.base/jdk.internal.reflect.NativeMethodAccessorImpl.invoke0(Native Method)
	at java.base/jdk.internal.reflect.NativeMethodAccessorImpl.invoke(NativeMethodAccessorImpl.java:62)
	at java.base/jdk.internal.reflect.DelegatingMethodAccessorImpl.invoke(DelegatingMethodAccessorImpl.java:43)
	at java.base/java.lang.reflect.Method.invoke(Method.java:564)
	at org.junit.runners.model.FrameworkMethod$1.runReflectiveCall(FrameworkMethod.java:44)
	at org.junit.internal.runners.model.ReflectiveCallable.run(ReflectiveCallable.java:15)
	at org.junit.runners.model.FrameworkMethod.invokeExplosively(FrameworkMethod.java:41)
	at org.junit.internal.runners.statements.RunBefores.evaluate(RunBefores.java:27)
	at org.junit.internal.runners.statements.RunAfters.evaluate(RunAfters.java:31)
	at org.junit.runners.ParentRunner.runLeaf(ParentRunner.java:263)
	at org.junit.runners.BlockJUnit4ClassRunner.runChild(BlockJUnit4ClassRunner.java:69)
	at org.junit.runners.BlockJUnit4ClassRunner.runChild(BlockJUnit4ClassRunner.java:48)
	at org.junit.runners.ParentRunner$3.run(ParentRunner.java:231)
	at org.junit.runners.ParentRunner$1.schedule(ParentRunner.java:60)
	at org.junit.runners.ParentRunner.runChildren(ParentRunner.java:229)
	at org.junit.runners.ParentRunner.access$000(ParentRunner.java:50)
	at org.junit.runners.ParentRunner$2.evaluate(ParentRunner.java:222)
	at org.junit.runners.ParentRunner.run(ParentRunner.java:292)
	at org.apache.maven.surefire.junit4.JUnit4Provider.execute(JUnit4Provider.java:252)
	at org.apache.maven.surefire.junit4.JUnit4Provider.executeTestSet(JUnit4Provider.java:141)
	at org.apache.maven.surefire.junit4.JUnit4Provider.invoke(JUnit4Provider.java:112)
	at java.base/jdk.internal.reflect.NativeMethodAccessorImpl.invoke0(Native Method)
	at java.base/jdk.internal.reflect.NativeMethodAccessorImpl.invoke(NativeMethodAccessorImpl.java:62)
	at java.base/jdk.internal.reflect.DelegatingMethodAccessorImpl.invoke(DelegatingMethodAccessorImpl.java:43)
	at java.base/java.lang.reflect.Method.invoke(Method.java:564)
	at org.apache.maven.surefire.util.ReflectionUtils.invokeMethodWithArray(ReflectionUtils.java:189)
	at org.apache.maven.surefire.booter.ProviderFactory$ProviderProxy.invoke(ProviderFactory.java:165)
	at org.apache.maven.surefire.booter.ProviderFactory.invokeProvider(ProviderFactory.java:85)
	at org.apache.maven.surefire.booter.ForkedBooter.runSuitesInProcess(ForkedBooter.java:115)
	at org.apache.maven.surefire.booter.ForkedBooter.main(ForkedBooter.java:75)
Caused by: java.lang.ClassNotFoundException: javax.xml.bind.PropertyException
	at java.base/jdk.internal.loader.BuiltinClassLoader.loadClass(BuiltinClassLoader.java:582)
	at java.base/jdk.internal.loader.ClassLoaders$AppClassLoader.loadClass(ClassLoaders.java:190)
	at java.base/java.lang.ClassLoader.loadClass(ClassLoader.java:499)
	... 90 more
MultiException stack 2 of 2
java.lang.IllegalArgumentException: Errors were discovered while reifying SystemDescriptor(
	implementation=org.glassfish.jersey.jaxb.internal.XmlJaxbElementProvider$General
	contracts={javax.ws.rs.ext.MessageBodyWriter,javax.ws.rs.ext.MessageBodyReader}
	scope=javax.inject.Singleton
	qualifiers={}
	descriptorType=CLASS
	descriptorVisibility=NORMAL
	metadata=
	rank=0
	loader=org.glassfish.hk2.utilities.binding.AbstractBinder$2@16fdec90
	proxiable=null
	proxyForSameScope=null
	analysisName=null
	id=103
	locatorId=0
	identityHashCode=1783966110
	reified=false)
	at org.jvnet.hk2.internal.SystemDescriptor.reify(SystemDescriptor.java:705)
	at org.jvnet.hk2.internal.ServiceLocatorImpl.reifyDescriptor(ServiceLocatorImpl.java:461)
	at org.jvnet.hk2.internal.ServiceLocatorImpl.narrow(ServiceLocatorImpl.java:2288)
	at org.jvnet.hk2.internal.ServiceLocatorImpl.access$1200(ServiceLocatorImpl.java:125)
	at org.jvnet.hk2.internal.ServiceLocatorImpl$9.compute(ServiceLocatorImpl.java:1373)
	at org.jvnet.hk2.internal.ServiceLocatorImpl$9.compute(ServiceLocatorImpl.java:1368)
	at org.glassfish.hk2.utilities.cache.internal.WeakCARCacheImpl.compute(WeakCARCacheImpl.java:116)
	at org.jvnet.hk2.internal.ServiceLocatorImpl.internalGetAllServiceHandles(ServiceLocatorImpl.java:1430)
	at org.jvnet.hk2.internal.ServiceLocatorImpl.getAllServiceHandles(ServiceLocatorImpl.java:1355)
	at org.jvnet.hk2.internal.ServiceLocatorImpl.getAllServiceHandles(ServiceLocatorImpl.java:1344)
	at org.glassfish.jersey.internal.inject.Providers.getServiceHandles(Providers.java:354)
	at org.glassfish.jersey.internal.inject.Providers.getProviders(Providers.java:187)
	at org.glassfish.jersey.message.internal.MessageBodyFactory.&lt;init&gt;(MessageBodyFactory.java:222)
	at java.base/jdk.internal.reflect.NativeConstructorAccessorImpl.newInstance0(Native Method)
	at java.base/jdk.internal.reflect.NativeConstructorAccessorImpl.newInstance(NativeConstructorAccessorImpl.java:62)
	at java.base/jdk.internal.reflect.DelegatingConstructorAccessorImpl.newInstance(DelegatingConstructorAccessorImpl.java:45)
	at java.base/java.lang.reflect.Constructor.newInstance(Constructor.java:488)
	at org.glassfish.hk2.utilities.reflection.ReflectionHelper.makeMe(ReflectionHelper.java:1375)
	at org.jvnet.hk2.internal.ClazzCreator.createMe(ClazzCreator.java:272)
	at org.jvnet.hk2.internal.ClazzCreator.create(ClazzCreator.java:366)
	at org.jvnet.hk2.internal.SystemDescriptor.create(SystemDescriptor.java:487)
	at org.jvnet.hk2.internal.SingletonContext$1.compute(SingletonContext.java:83)
	at org.jvnet.hk2.internal.SingletonContext$1.compute(SingletonContext.java:71)
	at org.glassfish.hk2.utilities.cache.Cache$OriginThreadAwareFuture$1.call(Cache.java:97)
	at java.base/java.util.concurrent.FutureTask.run(FutureTask.java:264)
	at org.glassfish.hk2.utilities.cache.Cache$OriginThreadAwareFuture.run(Cache.java:154)
	at org.glassfish.hk2.utilities.cache.Cache.compute(Cache.java:199)
	at org.jvnet.hk2.internal.SingletonContext.findOrCreate(SingletonContext.java:122)
	at org.jvnet.hk2.internal.Utilities.createService(Utilities.java:2022)
	at org.jvnet.hk2.internal.ServiceLocatorImpl.internalGetService(ServiceLocatorImpl.java:774)
	at org.jvnet.hk2.internal.ServiceLocatorImpl.internalGetService(ServiceLocatorImpl.java:737)
	at org.jvnet.hk2.internal.ServiceLocatorImpl.getService(ServiceLocatorImpl.java:707)
	at org.glassfish.jersey.server.model.ComponentModelValidator.&lt;init&gt;(ComponentModelValidator.java:97)
	at org.glassfish.jersey.server.ApplicationHandler.initialize(ApplicationHandler.java:549)
	at org.glassfish.jersey.server.ApplicationHandler.access$500(ApplicationHandler.java:184)
	at org.glassfish.jersey.server.ApplicationHandler$3.call(ApplicationHandler.java:350)
	at org.glassfish.jersey.server.ApplicationHandler$3.call(ApplicationHandler.java:347)
	at org.glassfish.jersey.internal.Errors.process(Errors.java:315)
	at org.glassfish.jersey.internal.Errors.process(Errors.java:297)
	at org.glassfish.jersey.internal.Errors.processWithException(Errors.java:255)
	at org.glassfish.jersey.server.ApplicationHandler.&lt;init&gt;(ApplicationHandler.java:347)
	at org.glassfish.jersey.server.ApplicationHandler.&lt;init&gt;(ApplicationHandler.java:311)
	at org.glassfish.jersey.grizzly2.httpserver.GrizzlyHttpContainer.&lt;init&gt;(GrizzlyHttpContainer.java:337)
	at org.glassfish.jersey.grizzly2.httpserver.GrizzlyHttpServerFactory.createHttpServer(GrizzlyHttpServerFactory.java:119)
	at com.example.Main.startServer(Main.java:30)
	at com.example.MyResourceTest.setUp(MyResourceTest.java:22)
	at java.base/jdk.internal.reflect.NativeMethodAccessorImpl.invoke0(Native Method)
	at java.base/jdk.internal.reflect.NativeMethodAccessorImpl.invoke(NativeMethodAccessorImpl.java:62)
	at java.base/jdk.internal.reflect.DelegatingMethodAccessorImpl.invoke(DelegatingMethodAccessorImpl.java:43)
	at java.base/java.lang.reflect.Method.invoke(Method.java:564)
	at org.junit.runners.model.FrameworkMethod$1.runReflectiveCall(FrameworkMethod.java:44)
	at org.junit.internal.runners.model.ReflectiveCallable.run(ReflectiveCallable.java:15)
	at org.junit.runners.model.FrameworkMethod.invokeExplosively(FrameworkMethod.java:41)
	at org.junit.internal.runners.statements.RunBefores.evaluate(RunBefores.java:27)
	at org.junit.internal.runners.statements.RunAfters.evaluate(RunAfters.java:31)
	at org.junit.runners.ParentRunner.runLeaf(ParentRunner.java:263)
	at org.junit.runners.BlockJUnit4ClassRunner.runChild(BlockJUnit4ClassRunner.java:69)
	at org.junit.runners.BlockJUnit4ClassRunner.runChild(BlockJUnit4ClassRunner.java:48)
	at org.junit.runners.ParentRunner$3.run(ParentRunner.java:231)
	at org.junit.runners.ParentRunner$1.schedule(ParentRunner.java:60)
	at org.junit.runners.ParentRunner.runChildren(ParentRunner.java:229)
	at org.junit.runners.ParentRunner.access$000(ParentRunner.java:50)
	at org.junit.runners.ParentRunner$2.evaluate(ParentRunner.java:222)
	at org.junit.runners.ParentRunner.run(ParentRunner.java:292)
	at org.apache.maven.surefire.junit4.JUnit4Provider.execute(JUnit4Provider.java:252)
	at org.apache.maven.surefire.junit4.JUnit4Provider.executeTestSet(JUnit4Provider.java:141)
	at org.apache.maven.surefire.junit4.JUnit4Provider.invoke(JUnit4Provider.java:112)
	at java.base/jdk.internal.reflect.NativeMethodAccessorImpl.invoke0(Native Method)
	at java.base/jdk.internal.reflect.NativeMethodAccessorImpl.invoke(NativeMethodAccessorImpl.java:62)
	at java.base/jdk.internal.reflect.DelegatingMethodAccessorImpl.invoke(DelegatingMethodAccessorImpl.java:43)
	at java.base/java.lang.reflect.Method.invoke(Method.java:564)
	at org.apache.maven.surefire.util.ReflectionUtils.invokeMethodWithArray(ReflectionUtils.java:189)
	at org.apache.maven.surefire.booter.ProviderFactory$ProviderProxy.invoke(ProviderFactory.java:165)
	at org.apache.maven.surefire.booter.ProviderFactory.invokeProvider(ProviderFactory.java:85)
	at org.apache.maven.surefire.booter.ForkedBooter.runSuitesInProcess(ForkedBooter.java:115)
	at org.apache.maven.surefire.booter.ForkedBooter.main(ForkedBooter.java:75)

WARNING: HK2 service reification failed for [org.glassfish.jersey.jaxb.internal.XmlCollectionJaxbProvider$App] with an exception:
MultiException stack 1 of 2
java.lang.NoClassDefFoundError: javax/xml/bind/PropertyException
	at java.base/java.lang.Class.getDeclaredConstructors0(Native Method)
	at java.base/java.lang.Class.privateGetDeclaredConstructors(Class.java:3090)
	at java.base/java.lang.Class.getDeclaredConstructors(Class.java:2316)
	at org.jvnet.hk2.internal.Utilities$3.run(Utilities.java:1308)
	at org.jvnet.hk2.internal.Utilities$3.run(Utilities.java:1304)
	at java.base/java.security.AccessController.doPrivileged(Native Method)
	at org.jvnet.hk2.internal.Utilities.getAllConstructors(Utilities.java:1304)
	at org.jvnet.hk2.internal.Utilities.findProducerConstructor(Utilities.java:1247)
	at org.jvnet.hk2.internal.DefaultClassAnalyzer.getConstructor(DefaultClassAnalyzer.java:83)
	at org.glassfish.jersey.internal.inject.JerseyClassAnalyzer.getConstructor(JerseyClassAnalyzer.java:144)
	at org.jvnet.hk2.internal.Utilities.getConstructor(Utilities.java:178)
	at org.jvnet.hk2.internal.ClazzCreator.initialize(ClazzCreator.java:129)
	at org.jvnet.hk2.internal.ClazzCreator.initialize(ClazzCreator.java:180)
	at org.jvnet.hk2.internal.SystemDescriptor.internalReify(SystemDescriptor.java:740)
	at org.jvnet.hk2.internal.SystemDescriptor.reify(SystemDescriptor.java:694)
	at org.jvnet.hk2.internal.ServiceLocatorImpl.reifyDescriptor(ServiceLocatorImpl.java:461)
	at org.jvnet.hk2.internal.ServiceLocatorImpl.narrow(ServiceLocatorImpl.java:2288)
	at org.jvnet.hk2.internal.ServiceLocatorImpl.access$1200(ServiceLocatorImpl.java:125)
	at org.jvnet.hk2.internal.ServiceLocatorImpl$9.compute(ServiceLocatorImpl.java:1373)
	at org.jvnet.hk2.internal.ServiceLocatorImpl$9.compute(ServiceLocatorImpl.java:1368)
	at org.glassfish.hk2.utilities.cache.internal.WeakCARCacheImpl.compute(WeakCARCacheImpl.java:116)
	at org.jvnet.hk2.internal.ServiceLocatorImpl.internalGetAllServiceHandles(ServiceLocatorImpl.java:1430)
	at org.jvnet.hk2.internal.ServiceLocatorImpl.getAllServiceHandles(ServiceLocatorImpl.java:1355)
	at org.jvnet.hk2.internal.ServiceLocatorImpl.getAllServiceHandles(ServiceLocatorImpl.java:1344)
	at org.glassfish.jersey.internal.inject.Providers.getServiceHandles(Providers.java:354)
	at org.glassfish.jersey.internal.inject.Providers.getProviders(Providers.java:187)
	at org.glassfish.jersey.message.internal.MessageBodyFactory.&lt;init&gt;(MessageBodyFactory.java:222)
	at java.base/jdk.internal.reflect.NativeConstructorAccessorImpl.newInstance0(Native Method)
	at java.base/jdk.internal.reflect.NativeConstructorAccessorImpl.newInstance(NativeConstructorAccessorImpl.java:62)
	at java.base/jdk.internal.reflect.DelegatingConstructorAccessorImpl.newInstance(DelegatingConstructorAccessorImpl.java:45)
	at java.base/java.lang.reflect.Constructor.newInstance(Constructor.java:488)
	at org.glassfish.hk2.utilities.reflection.ReflectionHelper.makeMe(ReflectionHelper.java:1375)
	at org.jvnet.hk2.internal.ClazzCreator.createMe(ClazzCreator.java:272)
	at org.jvnet.hk2.internal.ClazzCreator.create(ClazzCreator.java:366)
	at org.jvnet.hk2.internal.SystemDescriptor.create(SystemDescriptor.java:487)
	at org.jvnet.hk2.internal.SingletonContext$1.compute(SingletonContext.java:83)
	at org.jvnet.hk2.internal.SingletonContext$1.compute(SingletonContext.java:71)
	at org.glassfish.hk2.utilities.cache.Cache$OriginThreadAwareFuture$1.call(Cache.java:97)
	at java.base/java.util.concurrent.FutureTask.run(FutureTask.java:264)
	at org.glassfish.hk2.utilities.cache.Cache$OriginThreadAwareFuture.run(Cache.java:154)
	at org.glassfish.hk2.utilities.cache.Cache.compute(Cache.java:199)
	at org.jvnet.hk2.internal.SingletonContext.findOrCreate(SingletonContext.java:122)
	at org.jvnet.hk2.internal.Utilities.createService(Utilities.java:2022)
	at org.jvnet.hk2.internal.ServiceLocatorImpl.internalGetService(ServiceLocatorImpl.java:774)
	at org.jvnet.hk2.internal.ServiceLocatorImpl.internalGetService(ServiceLocatorImpl.java:737)
	at org.jvnet.hk2.internal.ServiceLocatorImpl.getService(ServiceLocatorImpl.java:707)
	at org.glassfish.jersey.server.model.ComponentModelValidator.&lt;init&gt;(ComponentModelValidator.java:97)
	at org.glassfish.jersey.server.ApplicationHandler.initialize(ApplicationHandler.java:549)
	at org.glassfish.jersey.server.ApplicationHandler.access$500(ApplicationHandler.java:184)
	at org.glassfish.jersey.server.ApplicationHandler$3.call(ApplicationHandler.java:350)
	at org.glassfish.jersey.server.ApplicationHandler$3.call(ApplicationHandler.java:347)
	at org.glassfish.jersey.internal.Errors.process(Errors.java:315)
	at org.glassfish.jersey.internal.Errors.process(Errors.java:297)
	at org.glassfish.jersey.internal.Errors.processWithException(Errors.java:255)
	at org.glassfish.jersey.server.ApplicationHandler.&lt;init&gt;(ApplicationHandler.java:347)
	at org.glassfish.jersey.server.ApplicationHandler.&lt;init&gt;(ApplicationHandler.java:311)
	at org.glassfish.jersey.grizzly2.httpserver.GrizzlyHttpContainer.&lt;init&gt;(GrizzlyHttpContainer.java:337)
	at org.glassfish.jersey.grizzly2.httpserver.GrizzlyHttpServerFactory.createHttpServer(GrizzlyHttpServerFactory.java:119)
	at com.example.Main.startServer(Main.java:30)
	at com.example.MyResourceTest.setUp(MyResourceTest.java:22)
	at java.base/jdk.internal.reflect.NativeMethodAccessorImpl.invoke0(Native Method)
	at java.base/jdk.internal.reflect.NativeMethodAccessorImpl.invoke(NativeMethodAccessorImpl.java:62)
	at java.base/jdk.internal.reflect.DelegatingMethodAccessorImpl.invoke(DelegatingMethodAccessorImpl.java:43)
	at java.base/java.lang.reflect.Method.invoke(Method.java:564)
	at org.junit.runners.model.FrameworkMethod$1.runReflectiveCall(FrameworkMethod.java:44)
	at org.junit.internal.runners.model.ReflectiveCallable.run(ReflectiveCallable.java:15)
	at org.junit.runners.model.FrameworkMethod.invokeExplosively(FrameworkMethod.java:41)
	at org.junit.internal.runners.statements.RunBefores.evaluate(RunBefores.java:27)
	at org.junit.internal.runners.statements.RunAfters.evaluate(RunAfters.java:31)
	at org.junit.runners.ParentRunner.runLeaf(ParentRunner.java:263)
	at org.junit.runners.BlockJUnit4ClassRunner.runChild(BlockJUnit4ClassRunner.java:69)
	at org.junit.runners.BlockJUnit4ClassRunner.runChild(BlockJUnit4ClassRunner.java:48)
	at org.junit.runners.ParentRunner$3.run(ParentRunner.java:231)
	at org.junit.runners.ParentRunner$1.schedule(ParentRunner.java:60)
	at org.junit.runners.ParentRunner.runChildren(ParentRunner.java:229)
	at org.junit.runners.ParentRunner.access$000(ParentRunner.java:50)
	at org.junit.runners.ParentRunner$2.evaluate(ParentRunner.java:222)
	at org.junit.runners.ParentRunner.run(ParentRunner.java:292)
	at org.apache.maven.surefire.junit4.JUnit4Provider.execute(JUnit4Provider.java:252)
	at org.apache.maven.surefire.junit4.JUnit4Provider.executeTestSet(JUnit4Provider.java:141)
	at org.apache.maven.surefire.junit4.JUnit4Provider.invoke(JUnit4Provider.java:112)
	at java.base/jdk.internal.reflect.NativeMethodAccessorImpl.invoke0(Native Method)
	at java.base/jdk.internal.reflect.NativeMethodAccessorImpl.invoke(NativeMethodAccessorImpl.java:62)
	at java.base/jdk.internal.reflect.DelegatingMethodAccessorImpl.invoke(DelegatingMethodAccessorImpl.java:43)
	at java.base/java.lang.reflect.Method.invoke(Method.java:564)
	at org.apache.maven.surefire.util.ReflectionUtils.invokeMethodWithArray(ReflectionUtils.java:189)
	at org.apache.maven.surefire.booter.ProviderFactory$ProviderProxy.invoke(ProviderFactory.java:165)
	at org.apache.maven.surefire.booter.ProviderFactory.invokeProvider(ProviderFactory.java:85)
	at org.apache.maven.surefire.booter.ForkedBooter.runSuitesInProcess(ForkedBooter.java:115)
	at org.apache.maven.surefire.booter.ForkedBooter.main(ForkedBooter.java:75)
Caused by: java.lang.ClassNotFoundException: javax.xml.bind.PropertyException
	at java.base/jdk.internal.loader.BuiltinClassLoader.loadClass(BuiltinClassLoader.java:582)
	at java.base/jdk.internal.loader.ClassLoaders$AppClassLoader.loadClass(ClassLoaders.java:190)
	at java.base/java.lang.ClassLoader.loadClass(ClassLoader.java:499)
	... 90 more
MultiException stack 2 of 2
java.lang.IllegalArgumentException: Errors were discovered while reifying SystemDescriptor(
	implementation=org.glassfish.jersey.jaxb.internal.XmlCollectionJaxbProvider$App
	contracts={javax.ws.rs.ext.MessageBodyWriter,javax.ws.rs.ext.MessageBodyReader}
	scope=javax.inject.Singleton
	qualifiers={}
	descriptorType=CLASS
	descriptorVisibility=NORMAL
	metadata=
	rank=0
	loader=org.glassfish.hk2.utilities.binding.AbstractBinder$2@16fdec90
	proxiable=null
	proxyForSameScope=null
	analysisName=null
	id=104
	locatorId=0
	identityHashCode=2035381640
	reified=false)
	at org.jvnet.hk2.internal.SystemDescriptor.reify(SystemDescriptor.java:705)
	at org.jvnet.hk2.internal.ServiceLocatorImpl.reifyDescriptor(ServiceLocatorImpl.java:461)
	at org.jvnet.hk2.internal.ServiceLocatorImpl.narrow(ServiceLocatorImpl.java:2288)
	at org.jvnet.hk2.internal.ServiceLocatorImpl.access$1200(ServiceLocatorImpl.java:125)
	at org.jvnet.hk2.internal.ServiceLocatorImpl$9.compute(ServiceLocatorImpl.java:1373)
	at org.jvnet.hk2.internal.ServiceLocatorImpl$9.compute(ServiceLocatorImpl.java:1368)
	at org.glassfish.hk2.utilities.cache.internal.WeakCARCacheImpl.compute(WeakCARCacheImpl.java:116)
	at org.jvnet.hk2.internal.ServiceLocatorImpl.internalGetAllServiceHandles(ServiceLocatorImpl.java:1430)
	at org.jvnet.hk2.internal.ServiceLocatorImpl.getAllServiceHandles(ServiceLocatorImpl.java:1355)
	at org.jvnet.hk2.internal.ServiceLocatorImpl.getAllServiceHandles(ServiceLocatorImpl.java:1344)
	at org.glassfish.jersey.internal.inject.Providers.getServiceHandles(Providers.java:354)
	at org.glassfish.jersey.internal.inject.Providers.getProviders(Providers.java:187)
	at org.glassfish.jersey.message.internal.MessageBodyFactory.&lt;init&gt;(MessageBodyFactory.java:222)
	at java.base/jdk.internal.reflect.NativeConstructorAccessorImpl.newInstance0(Native Method)
	at java.base/jdk.internal.reflect.NativeConstructorAccessorImpl.newInstance(NativeConstructorAccessorImpl.java:62)
	at java.base/jdk.internal.reflect.DelegatingConstructorAccessorImpl.newInstance(DelegatingConstructorAccessorImpl.java:45)
	at java.base/java.lang.reflect.Constructor.newInstance(Constructor.java:488)
	at org.glassfish.hk2.utilities.reflection.ReflectionHelper.makeMe(ReflectionHelper.java:1375)
	at org.jvnet.hk2.internal.ClazzCreator.createMe(ClazzCreator.java:272)
	at org.jvnet.hk2.internal.ClazzCreator.create(ClazzCreator.java:366)
	at org.jvnet.hk2.internal.SystemDescriptor.create(SystemDescriptor.java:487)
	at org.jvnet.hk2.internal.SingletonContext$1.compute(SingletonContext.java:83)
	at org.jvnet.hk2.internal.SingletonContext$1.compute(SingletonContext.java:71)
	at org.glassfish.hk2.utilities.cache.Cache$OriginThreadAwareFuture$1.call(Cache.java:97)
	at java.base/java.util.concurrent.FutureTask.run(FutureTask.java:264)
	at org.glassfish.hk2.utilities.cache.Cache$OriginThreadAwareFuture.run(Cache.java:154)
	at org.glassfish.hk2.utilities.cache.Cache.compute(Cache.java:199)
	at org.jvnet.hk2.internal.SingletonContext.findOrCreate(SingletonContext.java:122)
	at org.jvnet.hk2.internal.Utilities.createService(Utilities.java:2022)
	at org.jvnet.hk2.internal.ServiceLocatorImpl.internalGetService(ServiceLocatorImpl.java:774)
	at org.jvnet.hk2.internal.ServiceLocatorImpl.internalGetService(ServiceLocatorImpl.java:737)
	at org.jvnet.hk2.internal.ServiceLocatorImpl.getService(ServiceLocatorImpl.java:707)
	at org.glassfish.jersey.server.model.ComponentModelValidator.&lt;init&gt;(ComponentModelValidator.java:97)
	at org.glassfish.jersey.server.ApplicationHandler.initialize(ApplicationHandler.java:549)
	at org.glassfish.jersey.server.ApplicationHandler.access$500(ApplicationHandler.java:184)
	at org.glassfish.jersey.server.ApplicationHandler$3.call(ApplicationHandler.java:350)
	at org.glassfish.jersey.server.ApplicationHandler$3.call(ApplicationHandler.java:347)
	at org.glassfish.jersey.internal.Errors.process(Errors.java:315)
	at org.glassfish.jersey.internal.Errors.process(Errors.java:297)
	at org.glassfish.jersey.internal.Errors.processWithException(Errors.java:255)
	at org.glassfish.jersey.server.ApplicationHandler.&lt;init&gt;(ApplicationHandler.java:347)
	at org.glassfish.jersey.server.ApplicationHandler.&lt;init&gt;(ApplicationHandler.java:311)
	at org.glassfish.jersey.grizzly2.httpserver.GrizzlyHttpContainer.&lt;init&gt;(GrizzlyHttpContainer.java:337)
	at org.glassfish.jersey.grizzly2.httpserver.GrizzlyHttpServerFactory.createHttpServer(GrizzlyHttpServerFactory.java:119)
	at com.example.Main.startServer(Main.java:30)
	at com.example.MyResourceTest.setUp(MyResourceTest.java:22)
	at java.base/jdk.internal.reflect.NativeMethodAccessorImpl.invoke0(Native Method)
	at java.base/jdk.internal.reflect.NativeMethodAccessorImpl.invoke(NativeMethodAccessorImpl.java:62)
	at java.base/jdk.internal.reflect.DelegatingMethodAccessorImpl.invoke(DelegatingMethodAccessorImpl.java:43)
	at java.base/java.lang.reflect.Method.invoke(Method.java:564)
	at org.junit.runners.model.FrameworkMethod$1.runReflectiveCall(FrameworkMethod.java:44)
	at org.junit.internal.runners.model.ReflectiveCallable.run(ReflectiveCallable.java:15)
	at org.junit.runners.model.FrameworkMethod.invokeExplosively(FrameworkMethod.java:41)
	at org.junit.internal.runners.statements.RunBefores.evaluate(RunBefores.java:27)
	at org.junit.internal.runners.statements.RunAfters.evaluate(RunAfters.java:31)
	at org.junit.runners.ParentRunner.runLeaf(ParentRunner.java:263)
	at org.junit.runners.BlockJUnit4ClassRunner.runChild(BlockJUnit4ClassRunner.java:69)
	at org.junit.runners.BlockJUnit4ClassRunner.runChild(BlockJUnit4ClassRunner.java:48)
	at org.junit.runners.ParentRunner$3.run(ParentRunner.java:231)
	at org.junit.runners.ParentRunner$1.schedule(ParentRunner.java:60)
	at org.junit.runners.ParentRunner.runChildren(ParentRunner.java:229)
	at org.junit.runners.ParentRunner.access$000(ParentRunner.java:50)
	at org.junit.runners.ParentRunner$2.evaluate(ParentRunner.java:222)
	at org.junit.runners.ParentRunner.run(ParentRunner.java:292)
	at org.apache.maven.surefire.junit4.JUnit4Provider.execute(JUnit4Provider.java:252)
	at org.apache.maven.surefire.junit4.JUnit4Provider.executeTestSet(JUnit4Provider.java:141)
	at org.apache.maven.surefire.junit4.JUnit4Provider.invoke(JUnit4Provider.java:112)
	at java.base/jdk.internal.reflect.NativeMethodAccessorImpl.invoke0(Native Method)
	at java.base/jdk.internal.reflect.NativeMethodAccessorImpl.invoke(NativeMethodAccessorImpl.java:62)
	at java.base/jdk.internal.reflect.DelegatingMethodAccessorImpl.invoke(DelegatingMethodAccessorImpl.java:43)
	at java.base/java.lang.reflect.Method.invoke(Method.java:564)
	at org.apache.maven.surefire.util.ReflectionUtils.invokeMethodWithArray(ReflectionUtils.java:189)
	at org.apache.maven.surefire.booter.ProviderFactory$ProviderProxy.invoke(ProviderFactory.java:165)
	at org.apache.maven.surefire.booter.ProviderFactory.invokeProvider(ProviderFactory.java:85)
	at org.apache.maven.surefire.booter.ForkedBooter.runSuitesInProcess(ForkedBooter.java:115)
	at org.apache.maven.surefire.booter.ForkedBooter.main(ForkedBooter.java:75)

WARNING: HK2 service reification failed for [org.glassfish.jersey.jaxb.internal.XmlCollectionJaxbProvider$Text] with an exception:
MultiException stack 1 of 2
java.lang.NoClassDefFoundError: javax/xml/bind/PropertyException
	at java.base/java.lang.Class.getDeclaredConstructors0(Native Method)
	at java.base/java.lang.Class.privateGetDeclaredConstructors(Class.java:3090)
	at java.base/java.lang.Class.getDeclaredConstructors(Class.java:2316)
	at org.jvnet.hk2.internal.Utilities$3.run(Utilities.java:1308)
	at org.jvnet.hk2.internal.Utilities$3.run(Utilities.java:1304)
	at java.base/java.security.AccessController.doPrivileged(Native Method)
	at org.jvnet.hk2.internal.Utilities.getAllConstructors(Utilities.java:1304)
	at org.jvnet.hk2.internal.Utilities.findProducerConstructor(Utilities.java:1247)
	at org.jvnet.hk2.internal.DefaultClassAnalyzer.getConstructor(DefaultClassAnalyzer.java:83)
	at org.glassfish.jersey.internal.inject.JerseyClassAnalyzer.getConstructor(JerseyClassAnalyzer.java:144)
	at org.jvnet.hk2.internal.Utilities.getConstructor(Utilities.java:178)
	at org.jvnet.hk2.internal.ClazzCreator.initialize(ClazzCreator.java:129)
	at org.jvnet.hk2.internal.ClazzCreator.initialize(ClazzCreator.java:180)
	at org.jvnet.hk2.internal.SystemDescriptor.internalReify(SystemDescriptor.java:740)
	at org.jvnet.hk2.internal.SystemDescriptor.reify(SystemDescriptor.java:694)
	at org.jvnet.hk2.internal.ServiceLocatorImpl.reifyDescriptor(ServiceLocatorImpl.java:461)
	at org.jvnet.hk2.internal.ServiceLocatorImpl.narrow(ServiceLocatorImpl.java:2288)
	at org.jvnet.hk2.internal.ServiceLocatorImpl.access$1200(ServiceLocatorImpl.java:125)
	at org.jvnet.hk2.internal.ServiceLocatorImpl$9.compute(ServiceLocatorImpl.java:1373)
	at org.jvnet.hk2.internal.ServiceLocatorImpl$9.compute(ServiceLocatorImpl.java:1368)
	at org.glassfish.hk2.utilities.cache.internal.WeakCARCacheImpl.compute(WeakCARCacheImpl.java:116)
	at org.jvnet.hk2.internal.ServiceLocatorImpl.internalGetAllServiceHandles(ServiceLocatorImpl.java:1430)
	at org.jvnet.hk2.internal.ServiceLocatorImpl.getAllServiceHandles(ServiceLocatorImpl.java:1355)
	at org.jvnet.hk2.internal.ServiceLocatorImpl.getAllServiceHandles(ServiceLocatorImpl.java:1344)
	at org.glassfish.jersey.internal.inject.Providers.getServiceHandles(Providers.java:354)
	at org.glassfish.jersey.internal.inject.Providers.getProviders(Providers.java:187)
	at org.glassfish.jersey.message.internal.MessageBodyFactory.&lt;init&gt;(MessageBodyFactory.java:222)
	at java.base/jdk.internal.reflect.NativeConstructorAccessorImpl.newInstance0(Native Method)
	at java.base/jdk.internal.reflect.NativeConstructorAccessorImpl.newInstance(NativeConstructorAccessorImpl.java:62)
	at java.base/jdk.internal.reflect.DelegatingConstructorAccessorImpl.newInstance(DelegatingConstructorAccessorImpl.java:45)
	at java.base/java.lang.reflect.Constructor.newInstance(Constructor.java:488)
	at org.glassfish.hk2.utilities.reflection.ReflectionHelper.makeMe(ReflectionHelper.java:1375)
	at org.jvnet.hk2.internal.ClazzCreator.createMe(ClazzCreator.java:272)
	at org.jvnet.hk2.internal.ClazzCreator.create(ClazzCreator.java:366)
	at org.jvnet.hk2.internal.SystemDescriptor.create(SystemDescriptor.java:487)
	at org.jvnet.hk2.internal.SingletonContext$1.compute(SingletonContext.java:83)
	at org.jvnet.hk2.internal.SingletonContext$1.compute(SingletonContext.java:71)
	at org.glassfish.hk2.utilities.cache.Cache$OriginThreadAwareFuture$1.call(Cache.java:97)
	at java.base/java.util.concurrent.FutureTask.run(FutureTask.java:264)
	at org.glassfish.hk2.utilities.cache.Cache$OriginThreadAwareFuture.run(Cache.java:154)
	at org.glassfish.hk2.utilities.cache.Cache.compute(Cache.java:199)
	at org.jvnet.hk2.internal.SingletonContext.findOrCreate(SingletonContext.java:122)
	at org.jvnet.hk2.internal.Utilities.createService(Utilities.java:2022)
	at org.jvnet.hk2.internal.ServiceLocatorImpl.internalGetService(ServiceLocatorImpl.java:774)
	at org.jvnet.hk2.internal.ServiceLocatorImpl.internalGetService(ServiceLocatorImpl.java:737)
	at org.jvnet.hk2.internal.ServiceLocatorImpl.getService(ServiceLocatorImpl.java:707)
	at org.glassfish.jersey.server.model.ComponentModelValidator.&lt;init&gt;(ComponentModelValidator.java:97)
	at org.glassfish.jersey.server.ApplicationHandler.initialize(ApplicationHandler.java:549)
	at org.glassfish.jersey.server.ApplicationHandler.access$500(ApplicationHandler.java:184)
	at org.glassfish.jersey.server.ApplicationHandler$3.call(ApplicationHandler.java:350)
	at org.glassfish.jersey.server.ApplicationHandler$3.call(ApplicationHandler.java:347)
	at org.glassfish.jersey.internal.Errors.process(Errors.java:315)
	at org.glassfish.jersey.internal.Errors.process(Errors.java:297)
	at org.glassfish.jersey.internal.Errors.processWithException(Errors.java:255)
	at org.glassfish.jersey.server.ApplicationHandler.&lt;init&gt;(ApplicationHandler.java:347)
	at org.glassfish.jersey.server.ApplicationHandler.&lt;init&gt;(ApplicationHandler.java:311)
	at org.glassfish.jersey.grizzly2.httpserver.GrizzlyHttpContainer.&lt;init&gt;(GrizzlyHttpContainer.java:337)
	at org.glassfish.jersey.grizzly2.httpserver.GrizzlyHttpServerFactory.createHttpServer(GrizzlyHttpServerFactory.java:119)
	at com.example.Main.startServer(Main.java:30)
	at com.example.MyResourceTest.setUp(MyResourceTest.java:22)
	at java.base/jdk.internal.reflect.NativeMethodAccessorImpl.invoke0(Native Method)
	at java.base/jdk.internal.reflect.NativeMethodAccessorImpl.invoke(NativeMethodAccessorImpl.java:62)
	at java.base/jdk.internal.reflect.DelegatingMethodAccessorImpl.invoke(DelegatingMethodAccessorImpl.java:43)
	at java.base/java.lang.reflect.Method.invoke(Method.java:564)
	at org.junit.runners.model.FrameworkMethod$1.runReflectiveCall(FrameworkMethod.java:44)
	at org.junit.internal.runners.model.ReflectiveCallable.run(ReflectiveCallable.java:15)
	at org.junit.runners.model.FrameworkMethod.invokeExplosively(FrameworkMethod.java:41)
	at org.junit.internal.runners.statements.RunBefores.evaluate(RunBefores.java:27)
	at org.junit.internal.runners.statements.RunAfters.evaluate(RunAfters.java:31)
	at org.junit.runners.ParentRunner.runLeaf(ParentRunner.java:263)
	at org.junit.runners.BlockJUnit4ClassRunner.runChild(BlockJUnit4ClassRunner.java:69)
	at org.junit.runners.BlockJUnit4ClassRunner.runChild(BlockJUnit4ClassRunner.java:48)
	at org.junit.runners.ParentRunner$3.run(ParentRunner.java:231)
	at org.junit.runners.ParentRunner$1.schedule(ParentRunner.java:60)
	at org.junit.runners.ParentRunner.runChildren(ParentRunner.java:229)
	at org.junit.runners.ParentRunner.access$000(ParentRunner.java:50)
	at org.junit.runners.ParentRunner$2.evaluate(ParentRunner.java:222)
	at org.junit.runners.ParentRunner.run(ParentRunner.java:292)
	at org.apache.maven.surefire.junit4.JUnit4Provider.execute(JUnit4Provider.java:252)
	at org.apache.maven.surefire.junit4.JUnit4Provider.executeTestSet(JUnit4Provider.java:141)
	at org.apache.maven.surefire.junit4.JUnit4Provider.invoke(JUnit4Provider.java:112)
	at java.base/jdk.internal.reflect.NativeMethodAccessorImpl.invoke0(Native Method)
	at java.base/jdk.internal.reflect.NativeMethodAccessorImpl.invoke(NativeMethodAccessorImpl.java:62)
	at java.base/jdk.internal.reflect.DelegatingMethodAccessorImpl.invoke(DelegatingMethodAccessorImpl.java:43)
	at java.base/java.lang.reflect.Method.invoke(Method.java:564)
	at org.apache.maven.surefire.util.ReflectionUtils.invokeMethodWithArray(ReflectionUtils.java:189)
	at org.apache.maven.surefire.booter.ProviderFactory$ProviderProxy.invoke(ProviderFactory.java:165)
	at org.apache.maven.surefire.booter.ProviderFactory.invokeProvider(ProviderFactory.java:85)
	at org.apache.maven.surefire.booter.ForkedBooter.runSuitesInProcess(ForkedBooter.java:115)
	at org.apache.maven.surefire.booter.ForkedBooter.main(ForkedBooter.java:75)
Caused by: java.lang.ClassNotFoundException: javax.xml.bind.PropertyException
	at java.base/jdk.internal.loader.BuiltinClassLoader.loadClass(BuiltinClassLoader.java:582)
	at java.base/jdk.internal.loader.ClassLoaders$AppClassLoader.loadClass(ClassLoaders.java:190)
	at java.base/java.lang.ClassLoader.loadClass(ClassLoader.java:499)
	... 90 more
MultiException stack 2 of 2
java.lang.IllegalArgumentException: Errors were discovered while reifying SystemDescriptor(
	implementation=org.glassfish.jersey.jaxb.internal.XmlCollectionJaxbProvider$Text
	contracts={javax.ws.rs.ext.MessageBodyWriter,javax.ws.rs.ext.MessageBodyReader}
	scope=javax.inject.Singleton
	qualifiers={}
	descriptorType=CLASS
	descriptorVisibility=NORMAL
	metadata=
	rank=0
	loader=org.glassfish.hk2.utilities.binding.AbstractBinder$2@16fdec90
	proxiable=null
	proxyForSameScope=null
	analysisName=null
	id=105
	locatorId=0
	identityHashCode=680988889
	reified=false)
	at org.jvnet.hk2.internal.SystemDescriptor.reify(SystemDescriptor.java:705)
	at org.jvnet.hk2.internal.ServiceLocatorImpl.reifyDescriptor(ServiceLocatorImpl.java:461)
	at org.jvnet.hk2.internal.ServiceLocatorImpl.narrow(ServiceLocatorImpl.java:2288)
	at org.jvnet.hk2.internal.ServiceLocatorImpl.access$1200(ServiceLocatorImpl.java:125)
	at org.jvnet.hk2.internal.ServiceLocatorImpl$9.compute(ServiceLocatorImpl.java:1373)
	at org.jvnet.hk2.internal.ServiceLocatorImpl$9.compute(ServiceLocatorImpl.java:1368)
	at org.glassfish.hk2.utilities.cache.internal.WeakCARCacheImpl.compute(WeakCARCacheImpl.java:116)
	at org.jvnet.hk2.internal.ServiceLocatorImpl.internalGetAllServiceHandles(ServiceLocatorImpl.java:1430)
	at org.jvnet.hk2.internal.ServiceLocatorImpl.getAllServiceHandles(ServiceLocatorImpl.java:1355)
	at org.jvnet.hk2.internal.ServiceLocatorImpl.getAllServiceHandles(ServiceLocatorImpl.java:1344)
	at org.glassfish.jersey.internal.inject.Providers.getServiceHandles(Providers.java:354)
	at org.glassfish.jersey.internal.inject.Providers.getProviders(Providers.java:187)
	at org.glassfish.jersey.message.internal.MessageBodyFactory.&lt;init&gt;(MessageBodyFactory.java:222)
	at java.base/jdk.internal.reflect.NativeConstructorAccessorImpl.newInstance0(Native Method)
	at java.base/jdk.internal.reflect.NativeConstructorAccessorImpl.newInstance(NativeConstructorAccessorImpl.java:62)
	at java.base/jdk.internal.reflect.DelegatingConstructorAccessorImpl.newInstance(DelegatingConstructorAccessorImpl.java:45)
	at java.base/java.lang.reflect.Constructor.newInstance(Constructor.java:488)
	at org.glassfish.hk2.utilities.reflection.ReflectionHelper.makeMe(ReflectionHelper.java:1375)
	at org.jvnet.hk2.internal.ClazzCreator.createMe(ClazzCreator.java:272)
	at org.jvnet.hk2.internal.ClazzCreator.create(ClazzCreator.java:366)
	at org.jvnet.hk2.internal.SystemDescriptor.create(SystemDescriptor.java:487)
	at org.jvnet.hk2.internal.SingletonContext$1.compute(SingletonContext.java:83)
	at org.jvnet.hk2.internal.SingletonContext$1.compute(SingletonContext.java:71)
	at org.glassfish.hk2.utilities.cache.Cache$OriginThreadAwareFuture$1.call(Cache.java:97)
	at java.base/java.util.concurrent.FutureTask.run(FutureTask.java:264)
	at org.glassfish.hk2.utilities.cache.Cache$OriginThreadAwareFuture.run(Cache.java:154)
	at org.glassfish.hk2.utilities.cache.Cache.compute(Cache.java:199)
	at org.jvnet.hk2.internal.SingletonContext.findOrCreate(SingletonContext.java:122)
	at org.jvnet.hk2.internal.Utilities.createService(Utilities.java:2022)
	at org.jvnet.hk2.internal.ServiceLocatorImpl.internalGetService(ServiceLocatorImpl.java:774)
	at org.jvnet.hk2.internal.ServiceLocatorImpl.internalGetService(ServiceLocatorImpl.java:737)
	at org.jvnet.hk2.internal.ServiceLocatorImpl.getService(ServiceLocatorImpl.java:707)
	at org.glassfish.jersey.server.model.ComponentModelValidator.&lt;init&gt;(ComponentModelValidator.java:97)
	at org.glassfish.jersey.server.ApplicationHandler.initialize(ApplicationHandler.java:549)
	at org.glassfish.jersey.server.ApplicationHandler.access$500(ApplicationHandler.java:184)
	at org.glassfish.jersey.server.ApplicationHandler$3.call(ApplicationHandler.java:350)
	at org.glassfish.jersey.server.ApplicationHandler$3.call(ApplicationHandler.java:347)
	at org.glassfish.jersey.internal.Errors.process(Errors.java:315)
	at org.glassfish.jersey.internal.Errors.process(Errors.java:297)
	at org.glassfish.jersey.internal.Errors.processWithException(Errors.java:255)
	at org.glassfish.jersey.server.ApplicationHandler.&lt;init&gt;(ApplicationHandler.java:347)
	at org.glassfish.jersey.server.ApplicationHandler.&lt;init&gt;(ApplicationHandler.java:311)
	at org.glassfish.jersey.grizzly2.httpserver.GrizzlyHttpContainer.&lt;init&gt;(GrizzlyHttpContainer.java:337)
	at org.glassfish.jersey.grizzly2.httpserver.GrizzlyHttpServerFactory.createHttpServer(GrizzlyHttpServerFactory.java:119)
	at com.example.Main.startServer(Main.java:30)
	at com.example.MyResourceTest.setUp(MyResourceTest.java:22)
	at java.base/jdk.internal.reflect.NativeMethodAccessorImpl.invoke0(Native Method)
	at java.base/jdk.internal.reflect.NativeMethodAccessorImpl.invoke(NativeMethodAccessorImpl.java:62)
	at java.base/jdk.internal.reflect.DelegatingMethodAccessorImpl.invoke(DelegatingMethodAccessorImpl.java:43)
	at java.base/java.lang.reflect.Method.invoke(Method.java:564)
	at org.junit.runners.model.FrameworkMethod$1.runReflectiveCall(FrameworkMethod.java:44)
	at org.junit.internal.runners.model.ReflectiveCallable.run(ReflectiveCallable.java:15)
	at org.junit.runners.model.FrameworkMethod.invokeExplosively(FrameworkMethod.java:41)
	at org.junit.internal.runners.statements.RunBefores.evaluate(RunBefores.java:27)
	at org.junit.internal.runners.statements.RunAfters.evaluate(RunAfters.java:31)
	at org.junit.runners.ParentRunner.runLeaf(ParentRunner.java:263)
	at org.junit.runners.BlockJUnit4ClassRunner.runChild(BlockJUnit4ClassRunner.java:69)
	at org.junit.runners.BlockJUnit4ClassRunner.runChild(BlockJUnit4ClassRunner.java:48)
	at org.junit.runners.ParentRunner$3.run(ParentRunner.java:231)
	at org.junit.runners.ParentRunner$1.schedule(ParentRunner.java:60)
	at org.junit.runners.ParentRunner.runChildren(ParentRunner.java:229)
	at org.junit.runners.ParentRunner.access$000(ParentRunner.java:50)
	at org.junit.runners.ParentRunner$2.evaluate(ParentRunner.java:222)
	at org.junit.runners.ParentRunner.run(ParentRunner.java:292)
	at org.apache.maven.surefire.junit4.JUnit4Provider.execute(JUnit4Provider.java:252)
	at org.apache.maven.surefire.junit4.JUnit4Provider.executeTestSet(JUnit4Provider.java:141)
	at org.apache.maven.surefire.junit4.JUnit4Provider.invoke(JUnit4Provider.java:112)
	at java.base/jdk.internal.reflect.NativeMethodAccessorImpl.invoke0(Native Method)
	at java.base/jdk.internal.reflect.NativeMethodAccessorImpl.invoke(NativeMethodAccessorImpl.java:62)
	at java.base/jdk.internal.reflect.DelegatingMethodAccessorImpl.invoke(DelegatingMethodAccessorImpl.java:43)
	at java.base/java.lang.reflect.Method.invoke(Method.java:564)
	at org.apache.maven.surefire.util.ReflectionUtils.invokeMethodWithArray(ReflectionUtils.java:189)
	at org.apache.maven.surefire.booter.ProviderFactory$ProviderProxy.invoke(ProviderFactory.java:165)
	at org.apache.maven.surefire.booter.ProviderFactory.invokeProvider(ProviderFactory.java:85)
	at org.apache.maven.surefire.booter.ForkedBooter.runSuitesInProcess(ForkedBooter.java:115)
	at org.apache.maven.surefire.booter.ForkedBooter.main(ForkedBooter.java:75)

WARNING: HK2 service reification failed for [org.glassfish.jersey.jaxb.internal.XmlCollectionJaxbProvider$General] with an exception:
MultiException stack 1 of 2
java.lang.NoClassDefFoundError: javax/xml/bind/PropertyException
	at java.base/java.lang.Class.getDeclaredConstructors0(Native Method)
	at java.base/java.lang.Class.privateGetDeclaredConstructors(Class.java:3090)
	at java.base/java.lang.Class.getDeclaredConstructors(Class.java:2316)
	at org.jvnet.hk2.internal.Utilities$3.run(Utilities.java:1308)
	at org.jvnet.hk2.internal.Utilities$3.run(Utilities.java:1304)
	at java.base/java.security.AccessController.doPrivileged(Native Method)
	at org.jvnet.hk2.internal.Utilities.getAllConstructors(Utilities.java:1304)
	at org.jvnet.hk2.internal.Utilities.findProducerConstructor(Utilities.java:1247)
	at org.jvnet.hk2.internal.DefaultClassAnalyzer.getConstructor(DefaultClassAnalyzer.java:83)
	at org.glassfish.jersey.internal.inject.JerseyClassAnalyzer.getConstructor(JerseyClassAnalyzer.java:144)
	at org.jvnet.hk2.internal.Utilities.getConstructor(Utilities.java:178)
	at org.jvnet.hk2.internal.ClazzCreator.initialize(ClazzCreator.java:129)
	at org.jvnet.hk2.internal.ClazzCreator.initialize(ClazzCreator.java:180)
	at org.jvnet.hk2.internal.SystemDescriptor.internalReify(SystemDescriptor.java:740)
	at org.jvnet.hk2.internal.SystemDescriptor.reify(SystemDescriptor.java:694)
	at org.jvnet.hk2.internal.ServiceLocatorImpl.reifyDescriptor(ServiceLocatorImpl.java:461)
	at org.jvnet.hk2.internal.ServiceLocatorImpl.narrow(ServiceLocatorImpl.java:2288)
	at org.jvnet.hk2.internal.ServiceLocatorImpl.access$1200(ServiceLocatorImpl.java:125)
	at org.jvnet.hk2.internal.ServiceLocatorImpl$9.compute(ServiceLocatorImpl.java:1373)
	at org.jvnet.hk2.internal.ServiceLocatorImpl$9.compute(ServiceLocatorImpl.java:1368)
	at org.glassfish.hk2.utilities.cache.internal.WeakCARCacheImpl.compute(WeakCARCacheImpl.java:116)
	at org.jvnet.hk2.internal.ServiceLocatorImpl.internalGetAllServiceHandles(ServiceLocatorImpl.java:1430)
	at org.jvnet.hk2.internal.ServiceLocatorImpl.getAllServiceHandles(ServiceLocatorImpl.java:1355)
	at org.jvnet.hk2.internal.ServiceLocatorImpl.getAllServiceHandles(ServiceLocatorImpl.java:1344)
	at org.glassfish.jersey.internal.inject.Providers.getServiceHandles(Providers.java:354)
	at org.glassfish.jersey.internal.inject.Providers.getProviders(Providers.java:187)
	at org.glassfish.jersey.message.internal.MessageBodyFactory.&lt;init&gt;(MessageBodyFactory.java:222)
	at java.base/jdk.internal.reflect.NativeConstructorAccessorImpl.newInstance0(Native Method)
	at java.base/jdk.internal.reflect.NativeConstructorAccessorImpl.newInstance(NativeConstructorAccessorImpl.java:62)
	at java.base/jdk.internal.reflect.DelegatingConstructorAccessorImpl.newInstance(DelegatingConstructorAccessorImpl.java:45)
	at java.base/java.lang.reflect.Constructor.newInstance(Constructor.java:488)
	at org.glassfish.hk2.utilities.reflection.ReflectionHelper.makeMe(ReflectionHelper.java:1375)
	at org.jvnet.hk2.internal.ClazzCreator.createMe(ClazzCreator.java:272)
	at org.jvnet.hk2.internal.ClazzCreator.create(ClazzCreator.java:366)
	at org.jvnet.hk2.internal.SystemDescriptor.create(SystemDescriptor.java:487)
	at org.jvnet.hk2.internal.SingletonContext$1.compute(SingletonContext.java:83)
	at org.jvnet.hk2.internal.SingletonContext$1.compute(SingletonContext.java:71)
	at org.glassfish.hk2.utilities.cache.Cache$OriginThreadAwareFuture$1.call(Cache.java:97)
	at java.base/java.util.concurrent.FutureTask.run(FutureTask.java:264)
	at org.glassfish.hk2.utilities.cache.Cache$OriginThreadAwareFuture.run(Cache.java:154)
	at org.glassfish.hk2.utilities.cache.Cache.compute(Cache.java:199)
	at org.jvnet.hk2.internal.SingletonContext.findOrCreate(SingletonContext.java:122)
	at org.jvnet.hk2.internal.Utilities.createService(Utilities.java:2022)
	at org.jvnet.hk2.internal.ServiceLocatorImpl.internalGetService(ServiceLocatorImpl.java:774)
	at org.jvnet.hk2.internal.ServiceLocatorImpl.internalGetService(ServiceLocatorImpl.java:737)
	at org.jvnet.hk2.internal.ServiceLocatorImpl.getService(ServiceLocatorImpl.java:707)
	at org.glassfish.jersey.server.model.ComponentModelValidator.&lt;init&gt;(ComponentModelValidator.java:97)
	at org.glassfish.jersey.server.ApplicationHandler.initialize(ApplicationHandler.java:549)
	at org.glassfish.jersey.server.ApplicationHandler.access$500(ApplicationHandler.java:184)
	at org.glassfish.jersey.server.ApplicationHandler$3.call(ApplicationHandler.java:350)
	at org.glassfish.jersey.server.ApplicationHandler$3.call(ApplicationHandler.java:347)
	at org.glassfish.jersey.internal.Errors.process(Errors.java:315)
	at org.glassfish.jersey.internal.Errors.process(Errors.java:297)
	at org.glassfish.jersey.internal.Errors.processWithException(Errors.java:255)
	at org.glassfish.jersey.server.ApplicationHandler.&lt;init&gt;(ApplicationHandler.java:347)
	at org.glassfish.jersey.server.ApplicationHandler.&lt;init&gt;(ApplicationHandler.java:311)
	at org.glassfish.jersey.grizzly2.httpserver.GrizzlyHttpContainer.&lt;init&gt;(GrizzlyHttpContainer.java:337)
	at org.glassfish.jersey.grizzly2.httpserver.GrizzlyHttpServerFactory.createHttpServer(GrizzlyHttpServerFactory.java:119)
	at com.example.Main.startServer(Main.java:30)
	at com.example.MyResourceTest.setUp(MyResourceTest.java:22)
	at java.base/jdk.internal.reflect.NativeMethodAccessorImpl.invoke0(Native Method)
	at java.base/jdk.internal.reflect.NativeMethodAccessorImpl.invoke(NativeMethodAccessorImpl.java:62)
	at java.base/jdk.internal.reflect.DelegatingMethodAccessorImpl.invoke(DelegatingMethodAccessorImpl.java:43)
	at java.base/java.lang.reflect.Method.invoke(Method.java:564)
	at org.junit.runners.model.FrameworkMethod$1.runReflectiveCall(FrameworkMethod.java:44)
	at org.junit.internal.runners.model.ReflectiveCallable.run(ReflectiveCallable.java:15)
	at org.junit.runners.model.FrameworkMethod.invokeExplosively(FrameworkMethod.java:41)
	at org.junit.internal.runners.statements.RunBefores.evaluate(RunBefores.java:27)
	at org.junit.internal.runners.statements.RunAfters.evaluate(RunAfters.java:31)
	at org.junit.runners.ParentRunner.runLeaf(ParentRunner.java:263)
	at org.junit.runners.BlockJUnit4ClassRunner.runChild(BlockJUnit4ClassRunner.java:69)
	at org.junit.runners.BlockJUnit4ClassRunner.runChild(BlockJUnit4ClassRunner.java:48)
	at org.junit.runners.ParentRunner$3.run(ParentRunner.java:231)
	at org.junit.runners.ParentRunner$1.schedule(ParentRunner.java:60)
	at org.junit.runners.ParentRunner.runChildren(ParentRunner.java:229)
	at org.junit.runners.ParentRunner.access$000(ParentRunner.java:50)
	at org.junit.runners.ParentRunner$2.evaluate(ParentRunner.java:222)
	at org.junit.runners.ParentRunner.run(ParentRunner.java:292)
	at org.apache.maven.surefire.junit4.JUnit4Provider.execute(JUnit4Provider.java:252)
	at org.apache.maven.surefire.junit4.JUnit4Provider.executeTestSet(JUnit4Provider.java:141)
	at org.apache.maven.surefire.junit4.JUnit4Provider.invoke(JUnit4Provider.java:112)
	at java.base/jdk.internal.reflect.NativeMethodAccessorImpl.invoke0(Native Method)
	at java.base/jdk.internal.reflect.NativeMethodAccessorImpl.invoke(NativeMethodAccessorImpl.java:62)
	at java.base/jdk.internal.reflect.DelegatingMethodAccessorImpl.invoke(DelegatingMethodAccessorImpl.java:43)
	at java.base/java.lang.reflect.Method.invoke(Method.java:564)
	at org.apache.maven.surefire.util.ReflectionUtils.invokeMethodWithArray(ReflectionUtils.java:189)
	at org.apache.maven.surefire.booter.ProviderFactory$ProviderProxy.invoke(ProviderFactory.java:165)
	at org.apache.maven.surefire.booter.ProviderFactory.invokeProvider(ProviderFactory.java:85)
	at org.apache.maven.surefire.booter.ForkedBooter.runSuitesInProcess(ForkedBooter.java:115)
	at org.apache.maven.surefire.booter.ForkedBooter.main(ForkedBooter.java:75)
Caused by: java.lang.ClassNotFoundException: javax.xml.bind.PropertyException
	at java.base/jdk.internal.loader.BuiltinClassLoader.loadClass(BuiltinClassLoader.java:582)
	at java.base/jdk.internal.loader.ClassLoaders$AppClassLoader.loadClass(ClassLoaders.java:190)
	at java.base/java.lang.ClassLoader.loadClass(ClassLoader.java:499)
	... 90 more
MultiException stack 2 of 2
java.lang.IllegalArgumentException: Errors were discovered while reifying SystemDescriptor(
	implementation=org.glassfish.jersey.jaxb.internal.XmlCollectionJaxbProvider$General
	contracts={javax.ws.rs.ext.MessageBodyWriter,javax.ws.rs.ext.MessageBodyReader}
	scope=javax.inject.Singleton
	qualifiers={}
	descriptorType=CLASS
	descriptorVisibility=NORMAL
	metadata=
	rank=0
	loader=org.glassfish.hk2.utilities.binding.AbstractBinder$2@16fdec90
	proxiable=null
	proxyForSameScope=null
	analysisName=null
	id=106
	locatorId=0
	identityHashCode=1077873186
	reified=false)
	at org.jvnet.hk2.internal.SystemDescriptor.reify(SystemDescriptor.java:705)
	at org.jvnet.hk2.internal.ServiceLocatorImpl.reifyDescriptor(ServiceLocatorImpl.java:461)
	at org.jvnet.hk2.internal.ServiceLocatorImpl.narrow(ServiceLocatorImpl.java:2288)
	at org.jvnet.hk2.internal.ServiceLocatorImpl.access$1200(ServiceLocatorImpl.java:125)
	at org.jvnet.hk2.internal.ServiceLocatorImpl$9.compute(ServiceLocatorImpl.java:1373)
	at org.jvnet.hk2.internal.ServiceLocatorImpl$9.compute(ServiceLocatorImpl.java:1368)
	at org.glassfish.hk2.utilities.cache.internal.WeakCARCacheImpl.compute(WeakCARCacheImpl.java:116)
	at org.jvnet.hk2.internal.ServiceLocatorImpl.internalGetAllServiceHandles(ServiceLocatorImpl.java:1430)
	at org.jvnet.hk2.internal.ServiceLocatorImpl.getAllServiceHandles(ServiceLocatorImpl.java:1355)
	at org.jvnet.hk2.internal.ServiceLocatorImpl.getAllServiceHandles(ServiceLocatorImpl.java:1344)
	at org.glassfish.jersey.internal.inject.Providers.getServiceHandles(Providers.java:354)
	at org.glassfish.jersey.internal.inject.Providers.getProviders(Providers.java:187)
	at org.glassfish.jersey.message.internal.MessageBodyFactory.&lt;init&gt;(MessageBodyFactory.java:222)
	at java.base/jdk.internal.reflect.NativeConstructorAccessorImpl.newInstance0(Native Method)
	at java.base/jdk.internal.reflect.NativeConstructorAccessorImpl.newInstance(NativeConstructorAccessorImpl.java:62)
	at java.base/jdk.internal.reflect.DelegatingConstructorAccessorImpl.newInstance(DelegatingConstructorAccessorImpl.java:45)
	at java.base/java.lang.reflect.Constructor.newInstance(Constructor.java:488)
	at org.glassfish.hk2.utilities.reflection.ReflectionHelper.makeMe(ReflectionHelper.java:1375)
	at org.jvnet.hk2.internal.ClazzCreator.createMe(ClazzCreator.java:272)
	at org.jvnet.hk2.internal.ClazzCreator.create(ClazzCreator.java:366)
	at org.jvnet.hk2.internal.SystemDescriptor.create(SystemDescriptor.java:487)
	at org.jvnet.hk2.internal.SingletonContext$1.compute(SingletonContext.java:83)
	at org.jvnet.hk2.internal.SingletonContext$1.compute(SingletonContext.java:71)
	at org.glassfish.hk2.utilities.cache.Cache$OriginThreadAwareFuture$1.call(Cache.java:97)
	at java.base/java.util.concurrent.FutureTask.run(FutureTask.java:264)
	at org.glassfish.hk2.utilities.cache.Cache$OriginThreadAwareFuture.run(Cache.java:154)
	at org.glassfish.hk2.utilities.cache.Cache.compute(Cache.java:199)
	at org.jvnet.hk2.internal.SingletonContext.findOrCreate(SingletonContext.java:122)
	at org.jvnet.hk2.internal.Utilities.createService(Utilities.java:2022)
	at org.jvnet.hk2.internal.ServiceLocatorImpl.internalGetService(ServiceLocatorImpl.java:774)
	at org.jvnet.hk2.internal.ServiceLocatorImpl.internalGetService(ServiceLocatorImpl.java:737)
	at org.jvnet.hk2.internal.ServiceLocatorImpl.getService(ServiceLocatorImpl.java:707)
	at org.glassfish.jersey.server.model.ComponentModelValidator.&lt;init&gt;(ComponentModelValidator.java:97)
	at org.glassfish.jersey.server.ApplicationHandler.initialize(ApplicationHandler.java:549)
	at org.glassfish.jersey.server.ApplicationHandler.access$500(ApplicationHandler.java:184)
	at org.glassfish.jersey.server.ApplicationHandler$3.call(ApplicationHandler.java:350)
	at org.glassfish.jersey.server.ApplicationHandler$3.call(ApplicationHandler.java:347)
	at org.glassfish.jersey.internal.Errors.process(Errors.java:315)
	at org.glassfish.jersey.internal.Errors.process(Errors.java:297)
	at org.glassfish.jersey.internal.Errors.processWithException(Errors.java:255)
	at org.glassfish.jersey.server.ApplicationHandler.&lt;init&gt;(ApplicationHandler.java:347)
	at org.glassfish.jersey.server.ApplicationHandler.&lt;init&gt;(ApplicationHandler.java:311)
	at org.glassfish.jersey.grizzly2.httpserver.GrizzlyHttpContainer.&lt;init&gt;(GrizzlyHttpContainer.java:337)
	at org.glassfish.jersey.grizzly2.httpserver.GrizzlyHttpServerFactory.createHttpServer(GrizzlyHttpServerFactory.java:119)
	at com.example.Main.startServer(Main.java:30)
	at com.example.MyResourceTest.setUp(MyResourceTest.java:22)
	at java.base/jdk.internal.reflect.NativeMethodAccessorImpl.invoke0(Native Method)
	at java.base/jdk.internal.reflect.NativeMethodAccessorImpl.invoke(NativeMethodAccessorImpl.java:62)
	at java.base/jdk.internal.reflect.DelegatingMethodAccessorImpl.invoke(DelegatingMethodAccessorImpl.java:43)
	at java.base/java.lang.reflect.Method.invoke(Method.java:564)
	at org.junit.runners.model.FrameworkMethod$1.runReflectiveCall(FrameworkMethod.java:44)
	at org.junit.internal.runners.model.ReflectiveCallable.run(ReflectiveCallable.java:15)
	at org.junit.runners.model.FrameworkMethod.invokeExplosively(FrameworkMethod.java:41)
	at org.junit.internal.runners.statements.RunBefores.evaluate(RunBefores.java:27)
	at org.junit.internal.runners.statements.RunAfters.evaluate(RunAfters.java:31)
	at org.junit.runners.ParentRunner.runLeaf(ParentRunner.java:263)
	at org.junit.runners.BlockJUnit4ClassRunner.runChild(BlockJUnit4ClassRunner.java:69)
	at org.junit.runners.BlockJUnit4ClassRunner.runChild(BlockJUnit4ClassRunner.java:48)
	at org.junit.runners.ParentRunner$3.run(ParentRunner.java:231)
	at org.junit.runners.ParentRunner$1.schedule(ParentRunner.java:60)
	at org.junit.runners.ParentRunner.runChildren(ParentRunner.java:229)
	at org.junit.runners.ParentRunner.access$000(ParentRunner.java:50)
	at org.junit.runners.ParentRunner$2.evaluate(ParentRunner.java:222)
	at org.junit.runners.ParentRunner.run(ParentRunner.java:292)
	at org.apache.maven.surefire.junit4.JUnit4Provider.execute(JUnit4Provider.java:252)
	at org.apache.maven.surefire.junit4.JUnit4Provider.executeTestSet(JUnit4Provider.java:141)
	at org.apache.maven.surefire.junit4.JUnit4Provider.invoke(JUnit4Provider.java:112)
	at java.base/jdk.internal.reflect.NativeMethodAccessorImpl.invoke0(Native Method)
	at java.base/jdk.internal.reflect.NativeMethodAccessorImpl.invoke(NativeMethodAccessorImpl.java:62)
	at java.base/jdk.internal.reflect.DelegatingMethodAccessorImpl.invoke(DelegatingMethodAccessorImpl.java:43)
	at java.base/java.lang.reflect.Method.invoke(Method.java:564)
	at org.apache.maven.surefire.util.ReflectionUtils.invokeMethodWithArray(ReflectionUtils.java:189)
	at org.apache.maven.surefire.booter.ProviderFactory$ProviderProxy.invoke(ProviderFactory.java:165)
	at org.apache.maven.surefire.booter.ProviderFactory.invokeProvider(ProviderFactory.java:85)
	at org.apache.maven.surefire.booter.ForkedBooter.runSuitesInProcess(ForkedBooter.java:115)
	at org.apache.maven.surefire.booter.ForkedBooter.main(ForkedBooter.java:75)

WARNING: HK2 service reification failed for [org.glassfish.jersey.jaxb.internal.XmlRootElementJaxbProvider$App] with an exception:
MultiException stack 1 of 2
java.lang.NoClassDefFoundError: javax/xml/bind/PropertyException
	at java.base/java.lang.Class.getDeclaredConstructors0(Native Method)
	at java.base/java.lang.Class.privateGetDeclaredConstructors(Class.java:3090)
	at java.base/java.lang.Class.getDeclaredConstructors(Class.java:2316)
	at org.jvnet.hk2.internal.Utilities$3.run(Utilities.java:1308)
	at org.jvnet.hk2.internal.Utilities$3.run(Utilities.java:1304)
	at java.base/java.security.AccessController.doPrivileged(Native Method)
	at org.jvnet.hk2.internal.Utilities.getAllConstructors(Utilities.java:1304)
	at org.jvnet.hk2.internal.Utilities.findProducerConstructor(Utilities.java:1247)
	at org.jvnet.hk2.internal.DefaultClassAnalyzer.getConstructor(DefaultClassAnalyzer.java:83)
	at org.glassfish.jersey.internal.inject.JerseyClassAnalyzer.getConstructor(JerseyClassAnalyzer.java:144)
	at org.jvnet.hk2.internal.Utilities.getConstructor(Utilities.java:178)
	at org.jvnet.hk2.internal.ClazzCreator.initialize(ClazzCreator.java:129)
	at org.jvnet.hk2.internal.ClazzCreator.initialize(ClazzCreator.java:180)
	at org.jvnet.hk2.internal.SystemDescriptor.internalReify(SystemDescriptor.java:740)
	at org.jvnet.hk2.internal.SystemDescriptor.reify(SystemDescriptor.java:694)
	at org.jvnet.hk2.internal.ServiceLocatorImpl.reifyDescriptor(ServiceLocatorImpl.java:461)
	at org.jvnet.hk2.internal.ServiceLocatorImpl.narrow(ServiceLocatorImpl.java:2288)
	at org.jvnet.hk2.internal.ServiceLocatorImpl.access$1200(ServiceLocatorImpl.java:125)
	at org.jvnet.hk2.internal.ServiceLocatorImpl$9.compute(ServiceLocatorImpl.java:1373)
	at org.jvnet.hk2.internal.ServiceLocatorImpl$9.compute(ServiceLocatorImpl.java:1368)
	at org.glassfish.hk2.utilities.cache.internal.WeakCARCacheImpl.compute(WeakCARCacheImpl.java:116)
	at org.jvnet.hk2.internal.ServiceLocatorImpl.internalGetAllServiceHandles(ServiceLocatorImpl.java:1430)
	at org.jvnet.hk2.internal.ServiceLocatorImpl.getAllServiceHandles(ServiceLocatorImpl.java:1355)
	at org.jvnet.hk2.internal.ServiceLocatorImpl.getAllServiceHandles(ServiceLocatorImpl.java:1344)
	at org.glassfish.jersey.internal.inject.Providers.getServiceHandles(Providers.java:354)
	at org.glassfish.jersey.internal.inject.Providers.getProviders(Providers.java:187)
	at org.glassfish.jersey.message.internal.MessageBodyFactory.&lt;init&gt;(MessageBodyFactory.java:222)
	at java.base/jdk.internal.reflect.NativeConstructorAccessorImpl.newInstance0(Native Method)
	at java.base/jdk.internal.reflect.NativeConstructorAccessorImpl.newInstance(NativeConstructorAccessorImpl.java:62)
	at java.base/jdk.internal.reflect.DelegatingConstructorAccessorImpl.newInstance(DelegatingConstructorAccessorImpl.java:45)
	at java.base/java.lang.reflect.Constructor.newInstance(Constructor.java:488)
	at org.glassfish.hk2.utilities.reflection.ReflectionHelper.makeMe(ReflectionHelper.java:1375)
	at org.jvnet.hk2.internal.ClazzCreator.createMe(ClazzCreator.java:272)
	at org.jvnet.hk2.internal.ClazzCreator.create(ClazzCreator.java:366)
	at org.jvnet.hk2.internal.SystemDescriptor.create(SystemDescriptor.java:487)
	at org.jvnet.hk2.internal.SingletonContext$1.compute(SingletonContext.java:83)
	at org.jvnet.hk2.internal.SingletonContext$1.compute(SingletonContext.java:71)
	at org.glassfish.hk2.utilities.cache.Cache$OriginThreadAwareFuture$1.call(Cache.java:97)
	at java.base/java.util.concurrent.FutureTask.run(FutureTask.java:264)
	at org.glassfish.hk2.utilities.cache.Cache$OriginThreadAwareFuture.run(Cache.java:154)
	at org.glassfish.hk2.utilities.cache.Cache.compute(Cache.java:199)
	at org.jvnet.hk2.internal.SingletonContext.findOrCreate(SingletonContext.java:122)
	at org.jvnet.hk2.internal.Utilities.createService(Utilities.java:2022)
	at org.jvnet.hk2.internal.ServiceLocatorImpl.internalGetService(ServiceLocatorImpl.java:774)
	at org.jvnet.hk2.internal.ServiceLocatorImpl.internalGetService(ServiceLocatorImpl.java:737)
	at org.jvnet.hk2.internal.ServiceLocatorImpl.getService(ServiceLocatorImpl.java:707)
	at org.glassfish.jersey.server.model.ComponentModelValidator.&lt;init&gt;(ComponentModelValidator.java:97)
	at org.glassfish.jersey.server.ApplicationHandler.initialize(ApplicationHandler.java:549)
	at org.glassfish.jersey.server.ApplicationHandler.access$500(ApplicationHandler.java:184)
	at org.glassfish.jersey.server.ApplicationHandler$3.call(ApplicationHandler.java:350)
	at org.glassfish.jersey.server.ApplicationHandler$3.call(ApplicationHandler.java:347)
	at org.glassfish.jersey.internal.Errors.process(Errors.java:315)
	at org.glassfish.jersey.internal.Errors.process(Errors.java:297)
	at org.glassfish.jersey.internal.Errors.processWithException(Errors.java:255)
	at org.glassfish.jersey.server.ApplicationHandler.&lt;init&gt;(ApplicationHandler.java:347)
	at org.glassfish.jersey.server.ApplicationHandler.&lt;init&gt;(ApplicationHandler.java:311)
	at org.glassfish.jersey.grizzly2.httpserver.GrizzlyHttpContainer.&lt;init&gt;(GrizzlyHttpContainer.java:337)
	at org.glassfish.jersey.grizzly2.httpserver.GrizzlyHttpServerFactory.createHttpServer(GrizzlyHttpServerFactory.java:119)
	at com.example.Main.startServer(Main.java:30)
	at com.example.MyResourceTest.setUp(MyResourceTest.java:22)
	at java.base/jdk.internal.reflect.NativeMethodAccessorImpl.invoke0(Native Method)
	at java.base/jdk.internal.reflect.NativeMethodAccessorImpl.invoke(NativeMethodAccessorImpl.java:62)
	at java.base/jdk.internal.reflect.DelegatingMethodAccessorImpl.invoke(DelegatingMethodAccessorImpl.java:43)
	at java.base/java.lang.reflect.Method.invoke(Method.java:564)
	at org.junit.runners.model.FrameworkMethod$1.runReflectiveCall(FrameworkMethod.java:44)
	at org.junit.internal.runners.model.ReflectiveCallable.run(ReflectiveCallable.java:15)
	at org.junit.runners.model.FrameworkMethod.invokeExplosively(FrameworkMethod.java:41)
	at org.junit.internal.runners.statements.RunBefores.evaluate(RunBefores.java:27)
	at org.junit.internal.runners.statements.RunAfters.evaluate(RunAfters.java:31)
	at org.junit.runners.ParentRunner.runLeaf(ParentRunner.java:263)
	at org.junit.runners.BlockJUnit4ClassRunner.runChild(BlockJUnit4ClassRunner.java:69)
	at org.junit.runners.BlockJUnit4ClassRunner.runChild(BlockJUnit4ClassRunner.java:48)
	at org.junit.runners.ParentRunner$3.run(ParentRunner.java:231)
	at org.junit.runners.ParentRunner$1.schedule(ParentRunner.java:60)
	at org.junit.runners.ParentRunner.runChildren(ParentRunner.java:229)
	at org.junit.runners.ParentRunner.access$000(ParentRunner.java:50)
	at org.junit.runners.ParentRunner$2.evaluate(ParentRunner.java:222)
	at org.junit.runners.ParentRunner.run(ParentRunner.java:292)
	at org.apache.maven.surefire.junit4.JUnit4Provider.execute(JUnit4Provider.java:252)
	at org.apache.maven.surefire.junit4.JUnit4Provider.executeTestSet(JUnit4Provider.java:141)
	at org.apache.maven.surefire.junit4.JUnit4Provider.invoke(JUnit4Provider.java:112)
	at java.base/jdk.internal.reflect.NativeMethodAccessorImpl.invoke0(Native Method)
	at java.base/jdk.internal.reflect.NativeMethodAccessorImpl.invoke(NativeMethodAccessorImpl.java:62)
	at java.base/jdk.internal.reflect.DelegatingMethodAccessorImpl.invoke(DelegatingMethodAccessorImpl.java:43)
	at java.base/java.lang.reflect.Method.invoke(Method.java:564)
	at org.apache.maven.surefire.util.ReflectionUtils.invokeMethodWithArray(ReflectionUtils.java:189)
	at org.apache.maven.surefire.booter.ProviderFactory$ProviderProxy.invoke(ProviderFactory.java:165)
	at org.apache.maven.surefire.booter.ProviderFactory.invokeProvider(ProviderFactory.java:85)
	at org.apache.maven.surefire.booter.ForkedBooter.runSuitesInProcess(ForkedBooter.java:115)
	at org.apache.maven.surefire.booter.ForkedBooter.main(ForkedBooter.java:75)
Caused by: java.lang.ClassNotFoundException: javax.xml.bind.PropertyException
	at java.base/jdk.internal.loader.BuiltinClassLoader.loadClass(BuiltinClassLoader.java:582)
	at java.base/jdk.internal.loader.ClassLoaders$AppClassLoader.loadClass(ClassLoaders.java:190)
	at java.base/java.lang.ClassLoader.loadClass(ClassLoader.java:499)
	... 90 more
MultiException stack 2 of 2
java.lang.IllegalArgumentException: Errors were discovered while reifying SystemDescriptor(
	implementation=org.glassfish.jersey.jaxb.internal.XmlRootElementJaxbProvider$App
	contracts={javax.ws.rs.ext.MessageBodyWriter,javax.ws.rs.ext.MessageBodyReader}
	scope=javax.inject.Singleton
	qualifiers={}
	descriptorType=CLASS
	descriptorVisibility=NORMAL
	metadata=
	rank=0
	loader=org.glassfish.hk2.utilities.binding.AbstractBinder$2@16fdec90
	proxiable=null
	proxyForSameScope=null
	analysisName=null
	id=107
	locatorId=0
	identityHashCode=1771421544
	reified=false)
	at org.jvnet.hk2.internal.SystemDescriptor.reify(SystemDescriptor.java:705)
	at org.jvnet.hk2.internal.ServiceLocatorImpl.reifyDescriptor(ServiceLocatorImpl.java:461)
	at org.jvnet.hk2.internal.ServiceLocatorImpl.narrow(ServiceLocatorImpl.java:2288)
	at org.jvnet.hk2.internal.ServiceLocatorImpl.access$1200(ServiceLocatorImpl.java:125)
	at org.jvnet.hk2.internal.ServiceLocatorImpl$9.compute(ServiceLocatorImpl.java:1373)
	at org.jvnet.hk2.internal.ServiceLocatorImpl$9.compute(ServiceLocatorImpl.java:1368)
	at org.glassfish.hk2.utilities.cache.internal.WeakCARCacheImpl.compute(WeakCARCacheImpl.java:116)
	at org.jvnet.hk2.internal.ServiceLocatorImpl.internalGetAllServiceHandles(ServiceLocatorImpl.java:1430)
	at org.jvnet.hk2.internal.ServiceLocatorImpl.getAllServiceHandles(ServiceLocatorImpl.java:1355)
	at org.jvnet.hk2.internal.ServiceLocatorImpl.getAllServiceHandles(ServiceLocatorImpl.java:1344)
	at org.glassfish.jersey.internal.inject.Providers.getServiceHandles(Providers.java:354)
	at org.glassfish.jersey.internal.inject.Providers.getProviders(Providers.java:187)
	at org.glassfish.jersey.message.internal.MessageBodyFactory.&lt;init&gt;(MessageBodyFactory.java:222)
	at java.base/jdk.internal.reflect.NativeConstructorAccessorImpl.newInstance0(Native Method)
	at java.base/jdk.internal.reflect.NativeConstructorAccessorImpl.newInstance(NativeConstructorAccessorImpl.java:62)
	at java.base/jdk.internal.reflect.DelegatingConstructorAccessorImpl.newInstance(DelegatingConstructorAccessorImpl.java:45)
	at java.base/java.lang.reflect.Constructor.newInstance(Constructor.java:488)
	at org.glassfish.hk2.utilities.reflection.ReflectionHelper.makeMe(ReflectionHelper.java:1375)
	at org.jvnet.hk2.internal.ClazzCreator.createMe(ClazzCreator.java:272)
	at org.jvnet.hk2.internal.ClazzCreator.create(ClazzCreator.java:366)
	at org.jvnet.hk2.internal.SystemDescriptor.create(SystemDescriptor.java:487)
	at org.jvnet.hk2.internal.SingletonContext$1.compute(SingletonContext.java:83)
	at org.jvnet.hk2.internal.SingletonContext$1.compute(SingletonContext.java:71)
	at org.glassfish.hk2.utilities.cache.Cache$OriginThreadAwareFuture$1.call(Cache.java:97)
	at java.base/java.util.concurrent.FutureTask.run(FutureTask.java:264)
	at org.glassfish.hk2.utilities.cache.Cache$OriginThreadAwareFuture.run(Cache.java:154)
	at org.glassfish.hk2.utilities.cache.Cache.compute(Cache.java:199)
	at org.jvnet.hk2.internal.SingletonContext.findOrCreate(SingletonContext.java:122)
	at org.jvnet.hk2.internal.Utilities.createService(Utilities.java:2022)
	at org.jvnet.hk2.internal.ServiceLocatorImpl.internalGetService(ServiceLocatorImpl.java:774)
	at org.jvnet.hk2.internal.ServiceLocatorImpl.internalGetService(ServiceLocatorImpl.java:737)
	at org.jvnet.hk2.internal.ServiceLocatorImpl.getService(ServiceLocatorImpl.java:707)
	at org.glassfish.jersey.server.model.ComponentModelValidator.&lt;init&gt;(ComponentModelValidator.java:97)
	at org.glassfish.jersey.server.ApplicationHandler.initialize(ApplicationHandler.java:549)
	at org.glassfish.jersey.server.ApplicationHandler.access$500(ApplicationHandler.java:184)
	at org.glassfish.jersey.server.ApplicationHandler$3.call(ApplicationHandler.java:350)
	at org.glassfish.jersey.server.ApplicationHandler$3.call(ApplicationHandler.java:347)
	at org.glassfish.jersey.internal.Errors.process(Errors.java:315)
	at org.glassfish.jersey.internal.Errors.process(Errors.java:297)
	at org.glassfish.jersey.internal.Errors.processWithException(Errors.java:255)
	at org.glassfish.jersey.server.ApplicationHandler.&lt;init&gt;(ApplicationHandler.java:347)
	at org.glassfish.jersey.server.ApplicationHandler.&lt;init&gt;(ApplicationHandler.java:311)
	at org.glassfish.jersey.grizzly2.httpserver.GrizzlyHttpContainer.&lt;init&gt;(GrizzlyHttpContainer.java:337)
	at org.glassfish.jersey.grizzly2.httpserver.GrizzlyHttpServerFactory.createHttpServer(GrizzlyHttpServerFactory.java:119)
	at com.example.Main.startServer(Main.java:30)
	at com.example.MyResourceTest.setUp(MyResourceTest.java:22)
	at java.base/jdk.internal.reflect.NativeMethodAccessorImpl.invoke0(Native Method)
	at java.base/jdk.internal.reflect.NativeMethodAccessorImpl.invoke(NativeMethodAccessorImpl.java:62)
	at java.base/jdk.internal.reflect.DelegatingMethodAccessorImpl.invoke(DelegatingMethodAccessorImpl.java:43)
	at java.base/java.lang.reflect.Method.invoke(Method.java:564)
	at org.junit.runners.model.FrameworkMethod$1.runReflectiveCall(FrameworkMethod.java:44)
	at org.junit.internal.runners.model.ReflectiveCallable.run(ReflectiveCallable.java:15)
	at org.junit.runners.model.FrameworkMethod.invokeExplosively(FrameworkMethod.java:41)
	at org.junit.internal.runners.statements.RunBefores.evaluate(RunBefores.java:27)
	at org.junit.internal.runners.statements.RunAfters.evaluate(RunAfters.java:31)
	at org.junit.runners.ParentRunner.runLeaf(ParentRunner.java:263)
	at org.junit.runners.BlockJUnit4ClassRunner.runChild(BlockJUnit4ClassRunner.java:69)
	at org.junit.runners.BlockJUnit4ClassRunner.runChild(BlockJUnit4ClassRunner.java:48)
	at org.junit.runners.ParentRunner$3.run(ParentRunner.java:231)
	at org.junit.runners.ParentRunner$1.schedule(ParentRunner.java:60)
	at org.junit.runners.ParentRunner.runChildren(ParentRunner.java:229)
	at org.junit.runners.ParentRunner.access$000(ParentRunner.java:50)
	at org.junit.runners.ParentRunner$2.evaluate(ParentRunner.java:222)
	at org.junit.runners.ParentRunner.run(ParentRunner.java:292)
	at org.apache.maven.surefire.junit4.JUnit4Provider.execute(JUnit4Provider.java:252)
	at org.apache.maven.surefire.junit4.JUnit4Provider.executeTestSet(JUnit4Provider.java:141)
	at org.apache.maven.surefire.junit4.JUnit4Provider.invoke(JUnit4Provider.java:112)
	at java.base/jdk.internal.reflect.NativeMethodAccessorImpl.invoke0(Native Method)
	at java.base/jdk.internal.reflect.NativeMethodAccessorImpl.invoke(NativeMethodAccessorImpl.java:62)
	at java.base/jdk.internal.reflect.DelegatingMethodAccessorImpl.invoke(DelegatingMethodAccessorImpl.java:43)
	at java.base/java.lang.reflect.Method.invoke(Method.java:564)
	at org.apache.maven.surefire.util.ReflectionUtils.invokeMethodWithArray(ReflectionUtils.java:189)
	at org.apache.maven.surefire.booter.ProviderFactory$ProviderProxy.invoke(ProviderFactory.java:165)
	at org.apache.maven.surefire.booter.ProviderFactory.invokeProvider(ProviderFactory.java:85)
	at org.apache.maven.surefire.booter.ForkedBooter.runSuitesInProcess(ForkedBooter.java:115)
	at org.apache.maven.surefire.booter.ForkedBooter.main(ForkedBooter.java:75)

WARNING: HK2 service reification failed for [org.glassfish.jersey.jaxb.internal.XmlRootElementJaxbProvider$Text] with an exception:
MultiException stack 1 of 2
java.lang.NoClassDefFoundError: javax/xml/bind/PropertyException
	at java.base/java.lang.Class.getDeclaredConstructors0(Native Method)
	at java.base/java.lang.Class.privateGetDeclaredConstructors(Class.java:3090)
	at java.base/java.lang.Class.getDeclaredConstructors(Class.java:2316)
	at org.jvnet.hk2.internal.Utilities$3.run(Utilities.java:1308)
	at org.jvnet.hk2.internal.Utilities$3.run(Utilities.java:1304)
	at java.base/java.security.AccessController.doPrivileged(Native Method)
	at org.jvnet.hk2.internal.Utilities.getAllConstructors(Utilities.java:1304)
	at org.jvnet.hk2.internal.Utilities.findProducerConstructor(Utilities.java:1247)
	at org.jvnet.hk2.internal.DefaultClassAnalyzer.getConstructor(DefaultClassAnalyzer.java:83)
	at org.glassfish.jersey.internal.inject.JerseyClassAnalyzer.getConstructor(JerseyClassAnalyzer.java:144)
	at org.jvnet.hk2.internal.Utilities.getConstructor(Utilities.java:178)
	at org.jvnet.hk2.internal.ClazzCreator.initialize(ClazzCreator.java:129)
	at org.jvnet.hk2.internal.ClazzCreator.initialize(ClazzCreator.java:180)
	at org.jvnet.hk2.internal.SystemDescriptor.internalReify(SystemDescriptor.java:740)
	at org.jvnet.hk2.internal.SystemDescriptor.reify(SystemDescriptor.java:694)
	at org.jvnet.hk2.internal.ServiceLocatorImpl.reifyDescriptor(ServiceLocatorImpl.java:461)
	at org.jvnet.hk2.internal.ServiceLocatorImpl.narrow(ServiceLocatorImpl.java:2288)
	at org.jvnet.hk2.internal.ServiceLocatorImpl.access$1200(ServiceLocatorImpl.java:125)
	at org.jvnet.hk2.internal.ServiceLocatorImpl$9.compute(ServiceLocatorImpl.java:1373)
	at org.jvnet.hk2.internal.ServiceLocatorImpl$9.compute(ServiceLocatorImpl.java:1368)
	at org.glassfish.hk2.utilities.cache.internal.WeakCARCacheImpl.compute(WeakCARCacheImpl.java:116)
	at org.jvnet.hk2.internal.ServiceLocatorImpl.internalGetAllServiceHandles(ServiceLocatorImpl.java:1430)
	at org.jvnet.hk2.internal.ServiceLocatorImpl.getAllServiceHandles(ServiceLocatorImpl.java:1355)
	at org.jvnet.hk2.internal.ServiceLocatorImpl.getAllServiceHandles(ServiceLocatorImpl.java:1344)
	at org.glassfish.jersey.internal.inject.Providers.getServiceHandles(Providers.java:354)
	at org.glassfish.jersey.internal.inject.Providers.getProviders(Providers.java:187)
	at org.glassfish.jersey.message.internal.MessageBodyFactory.&lt;init&gt;(MessageBodyFactory.java:222)
	at java.base/jdk.internal.reflect.NativeConstructorAccessorImpl.newInstance0(Native Method)
	at java.base/jdk.internal.reflect.NativeConstructorAccessorImpl.newInstance(NativeConstructorAccessorImpl.java:62)
	at java.base/jdk.internal.reflect.DelegatingConstructorAccessorImpl.newInstance(DelegatingConstructorAccessorImpl.java:45)
	at java.base/java.lang.reflect.Constructor.newInstance(Constructor.java:488)
	at org.glassfish.hk2.utilities.reflection.ReflectionHelper.makeMe(ReflectionHelper.java:1375)
	at org.jvnet.hk2.internal.ClazzCreator.createMe(ClazzCreator.java:272)
	at org.jvnet.hk2.internal.ClazzCreator.create(ClazzCreator.java:366)
	at org.jvnet.hk2.internal.SystemDescriptor.create(SystemDescriptor.java:487)
	at org.jvnet.hk2.internal.SingletonContext$1.compute(SingletonContext.java:83)
	at org.jvnet.hk2.internal.SingletonContext$1.compute(SingletonContext.java:71)
	at org.glassfish.hk2.utilities.cache.Cache$OriginThreadAwareFuture$1.call(Cache.java:97)
	at java.base/java.util.concurrent.FutureTask.run(FutureTask.java:264)
	at org.glassfish.hk2.utilities.cache.Cache$OriginThreadAwareFuture.run(Cache.java:154)
	at org.glassfish.hk2.utilities.cache.Cache.compute(Cache.java:199)
	at org.jvnet.hk2.internal.SingletonContext.findOrCreate(SingletonContext.java:122)
	at org.jvnet.hk2.internal.Utilities.createService(Utilities.java:2022)
	at org.jvnet.hk2.internal.ServiceLocatorImpl.internalGetService(ServiceLocatorImpl.java:774)
	at org.jvnet.hk2.internal.ServiceLocatorImpl.internalGetService(ServiceLocatorImpl.java:737)
	at org.jvnet.hk2.internal.ServiceLocatorImpl.getService(ServiceLocatorImpl.java:707)
	at org.glassfish.jersey.server.model.ComponentModelValidator.&lt;init&gt;(ComponentModelValidator.java:97)
	at org.glassfish.jersey.server.ApplicationHandler.initialize(ApplicationHandler.java:549)
	at org.glassfish.jersey.server.ApplicationHandler.access$500(ApplicationHandler.java:184)
	at org.glassfish.jersey.server.ApplicationHandler$3.call(ApplicationHandler.java:350)
	at org.glassfish.jersey.server.ApplicationHandler$3.call(ApplicationHandler.java:347)
	at org.glassfish.jersey.internal.Errors.process(Errors.java:315)
	at org.glassfish.jersey.internal.Errors.process(Errors.java:297)
	at org.glassfish.jersey.internal.Errors.processWithException(Errors.java:255)
	at org.glassfish.jersey.server.ApplicationHandler.&lt;init&gt;(ApplicationHandler.java:347)
	at org.glassfish.jersey.server.ApplicationHandler.&lt;init&gt;(ApplicationHandler.java:311)
	at org.glassfish.jersey.grizzly2.httpserver.GrizzlyHttpContainer.&lt;init&gt;(GrizzlyHttpContainer.java:337)
	at org.glassfish.jersey.grizzly2.httpserver.GrizzlyHttpServerFactory.createHttpServer(GrizzlyHttpServerFactory.java:119)
	at com.example.Main.startServer(Main.java:30)
	at com.example.MyResourceTest.setUp(MyResourceTest.java:22)
	at java.base/jdk.internal.reflect.NativeMethodAccessorImpl.invoke0(Native Method)
	at java.base/jdk.internal.reflect.NativeMethodAccessorImpl.invoke(NativeMethodAccessorImpl.java:62)
	at java.base/jdk.internal.reflect.DelegatingMethodAccessorImpl.invoke(DelegatingMethodAccessorImpl.java:43)
	at java.base/java.lang.reflect.Method.invoke(Method.java:564)
	at org.junit.runners.model.FrameworkMethod$1.runReflectiveCall(FrameworkMethod.java:44)
	at org.junit.internal.runners.model.ReflectiveCallable.run(ReflectiveCallable.java:15)
	at org.junit.runners.model.FrameworkMethod.invokeExplosively(FrameworkMethod.java:41)
	at org.junit.internal.runners.statements.RunBefores.evaluate(RunBefores.java:27)
	at org.junit.internal.runners.statements.RunAfters.evaluate(RunAfters.java:31)
	at org.junit.runners.ParentRunner.runLeaf(ParentRunner.java:263)
	at org.junit.runners.BlockJUnit4ClassRunner.runChild(BlockJUnit4ClassRunner.java:69)
	at org.junit.runners.BlockJUnit4ClassRunner.runChild(BlockJUnit4ClassRunner.java:48)
	at org.junit.runners.ParentRunner$3.run(ParentRunner.java:231)
	at org.junit.runners.ParentRunner$1.schedule(ParentRunner.java:60)
	at org.junit.runners.ParentRunner.runChildren(ParentRunner.java:229)
	at org.junit.runners.ParentRunner.access$000(ParentRunner.java:50)
	at org.junit.runners.ParentRunner$2.evaluate(ParentRunner.java:222)
	at org.junit.runners.ParentRunner.run(ParentRunner.java:292)
	at org.apache.maven.surefire.junit4.JUnit4Provider.execute(JUnit4Provider.java:252)
	at org.apache.maven.surefire.junit4.JUnit4Provider.executeTestSet(JUnit4Provider.java:141)
	at org.apache.maven.surefire.junit4.JUnit4Provider.invoke(JUnit4Provider.java:112)
	at java.base/jdk.internal.reflect.NativeMethodAccessorImpl.invoke0(Native Method)
	at java.base/jdk.internal.reflect.NativeMethodAccessorImpl.invoke(NativeMethodAccessorImpl.java:62)
	at java.base/jdk.internal.reflect.DelegatingMethodAccessorImpl.invoke(DelegatingMethodAccessorImpl.java:43)
	at java.base/java.lang.reflect.Method.invoke(Method.java:564)
	at org.apache.maven.surefire.util.ReflectionUtils.invokeMethodWithArray(ReflectionUtils.java:189)
	at org.apache.maven.surefire.booter.ProviderFactory$ProviderProxy.invoke(ProviderFactory.java:165)
	at org.apache.maven.surefire.booter.ProviderFactory.invokeProvider(ProviderFactory.java:85)
	at org.apache.maven.surefire.booter.ForkedBooter.runSuitesInProcess(ForkedBooter.java:115)
	at org.apache.maven.surefire.booter.ForkedBooter.main(ForkedBooter.java:75)
Caused by: java.lang.ClassNotFoundException: javax.xml.bind.PropertyException
	at java.base/jdk.internal.loader.BuiltinClassLoader.loadClass(BuiltinClassLoader.java:582)
	at java.base/jdk.internal.loader.ClassLoaders$AppClassLoader.loadClass(ClassLoaders.java:190)
	at java.base/java.lang.ClassLoader.loadClass(ClassLoader.java:499)
	... 90 more
MultiException stack 2 of 2
java.lang.IllegalArgumentException: Errors were discovered while reifying SystemDescriptor(
	implementation=org.glassfish.jersey.jaxb.internal.XmlRootElementJaxbProvider$Text
	contracts={javax.ws.rs.ext.MessageBodyWriter,javax.ws.rs.ext.MessageBodyReader}
	scope=javax.inject.Singleton
	qualifiers={}
	descriptorType=CLASS
	descriptorVisibility=NORMAL
	metadata=
	rank=0
	loader=org.glassfish.hk2.utilities.binding.AbstractBinder$2@16fdec90
	proxiable=null
	proxyForSameScope=null
	analysisName=null
	id=108
	locatorId=0
	identityHashCode=896072146
	reified=false)
	at org.jvnet.hk2.internal.SystemDescriptor.reify(SystemDescriptor.java:705)
	at org.jvnet.hk2.internal.ServiceLocatorImpl.reifyDescriptor(ServiceLocatorImpl.java:461)
	at org.jvnet.hk2.internal.ServiceLocatorImpl.narrow(ServiceLocatorImpl.java:2288)
	at org.jvnet.hk2.internal.ServiceLocatorImpl.access$1200(ServiceLocatorImpl.java:125)
	at org.jvnet.hk2.internal.ServiceLocatorImpl$9.compute(ServiceLocatorImpl.java:1373)
	at org.jvnet.hk2.internal.ServiceLocatorImpl$9.compute(ServiceLocatorImpl.java:1368)
	at org.glassfish.hk2.utilities.cache.internal.WeakCARCacheImpl.compute(WeakCARCacheImpl.java:116)
	at org.jvnet.hk2.internal.ServiceLocatorImpl.internalGetAllServiceHandles(ServiceLocatorImpl.java:1430)
	at org.jvnet.hk2.internal.ServiceLocatorImpl.getAllServiceHandles(ServiceLocatorImpl.java:1355)
	at org.jvnet.hk2.internal.ServiceLocatorImpl.getAllServiceHandles(ServiceLocatorImpl.java:1344)
	at org.glassfish.jersey.internal.inject.Providers.getServiceHandles(Providers.java:354)
	at org.glassfish.jersey.internal.inject.Providers.getProviders(Providers.java:187)
	at org.glassfish.jersey.message.internal.MessageBodyFactory.&lt;init&gt;(MessageBodyFactory.java:222)
	at java.base/jdk.internal.reflect.NativeConstructorAccessorImpl.newInstance0(Native Method)
	at java.base/jdk.internal.reflect.NativeConstructorAccessorImpl.newInstance(NativeConstructorAccessorImpl.java:62)
	at java.base/jdk.internal.reflect.DelegatingConstructorAccessorImpl.newInstance(DelegatingConstructorAccessorImpl.java:45)
	at java.base/java.lang.reflect.Constructor.newInstance(Constructor.java:488)
	at org.glassfish.hk2.utilities.reflection.ReflectionHelper.makeMe(ReflectionHelper.java:1375)
	at org.jvnet.hk2.internal.ClazzCreator.createMe(ClazzCreator.java:272)
	at org.jvnet.hk2.internal.ClazzCreator.create(ClazzCreator.java:366)
	at org.jvnet.hk2.internal.SystemDescriptor.create(SystemDescriptor.java:487)
	at org.jvnet.hk2.internal.SingletonContext$1.compute(SingletonContext.java:83)
	at org.jvnet.hk2.internal.SingletonContext$1.compute(SingletonContext.java:71)
	at org.glassfish.hk2.utilities.cache.Cache$OriginThreadAwareFuture$1.call(Cache.java:97)
	at java.base/java.util.concurrent.FutureTask.run(FutureTask.java:264)
	at org.glassfish.hk2.utilities.cache.Cache$OriginThreadAwareFuture.run(Cache.java:154)
	at org.glassfish.hk2.utilities.cache.Cache.compute(Cache.java:199)
	at org.jvnet.hk2.internal.SingletonContext.findOrCreate(SingletonContext.java:122)
	at org.jvnet.hk2.internal.Utilities.createService(Utilities.java:2022)
	at org.jvnet.hk2.internal.ServiceLocatorImpl.internalGetService(ServiceLocatorImpl.java:774)
	at org.jvnet.hk2.internal.ServiceLocatorImpl.internalGetService(ServiceLocatorImpl.java:737)
	at org.jvnet.hk2.internal.ServiceLocatorImpl.getService(ServiceLocatorImpl.java:707)
	at org.glassfish.jersey.server.model.ComponentModelValidator.&lt;init&gt;(ComponentModelValidator.java:97)
	at org.glassfish.jersey.server.ApplicationHandler.initialize(ApplicationHandler.java:549)
	at org.glassfish.jersey.server.ApplicationHandler.access$500(ApplicationHandler.java:184)
	at org.glassfish.jersey.server.ApplicationHandler$3.call(ApplicationHandler.java:350)
	at org.glassfish.jersey.server.ApplicationHandler$3.call(ApplicationHandler.java:347)
	at org.glassfish.jersey.internal.Errors.process(Errors.java:315)
	at org.glassfish.jersey.internal.Errors.process(Errors.java:297)
	at org.glassfish.jersey.internal.Errors.processWithException(Errors.java:255)
	at org.glassfish.jersey.server.ApplicationHandler.&lt;init&gt;(ApplicationHandler.java:347)
	at org.glassfish.jersey.server.ApplicationHandler.&lt;init&gt;(ApplicationHandler.java:311)
	at org.glassfish.jersey.grizzly2.httpserver.GrizzlyHttpContainer.&lt;init&gt;(GrizzlyHttpContainer.java:337)
	at org.glassfish.jersey.grizzly2.httpserver.GrizzlyHttpServerFactory.createHttpServer(GrizzlyHttpServerFactory.java:119)
	at com.example.Main.startServer(Main.java:30)
	at com.example.MyResourceTest.setUp(MyResourceTest.java:22)
	at java.base/jdk.internal.reflect.NativeMethodAccessorImpl.invoke0(Native Method)
	at java.base/jdk.internal.reflect.NativeMethodAccessorImpl.invoke(NativeMethodAccessorImpl.java:62)
	at java.base/jdk.internal.reflect.DelegatingMethodAccessorImpl.invoke(DelegatingMethodAccessorImpl.java:43)
	at java.base/java.lang.reflect.Method.invoke(Method.java:564)
	at org.junit.runners.model.FrameworkMethod$1.runReflectiveCall(FrameworkMethod.java:44)
	at org.junit.internal.runners.model.ReflectiveCallable.run(ReflectiveCallable.java:15)
	at org.junit.runners.model.FrameworkMethod.invokeExplosively(FrameworkMethod.java:41)
	at org.junit.internal.runners.statements.RunBefores.evaluate(RunBefores.java:27)
	at org.junit.internal.runners.statements.RunAfters.evaluate(RunAfters.java:31)
	at org.junit.runners.ParentRunner.runLeaf(ParentRunner.java:263)
	at org.junit.runners.BlockJUnit4ClassRunner.runChild(BlockJUnit4ClassRunner.java:69)
	at org.junit.runners.BlockJUnit4ClassRunner.runChild(BlockJUnit4ClassRunner.java:48)
	at org.junit.runners.ParentRunner$3.run(ParentRunner.java:231)
	at org.junit.runners.ParentRunner$1.schedule(ParentRunner.java:60)
	at org.junit.runners.ParentRunner.runChildren(ParentRunner.java:229)
	at org.junit.runners.ParentRunner.access$000(ParentRunner.java:50)
	at org.junit.runners.ParentRunner$2.evaluate(ParentRunner.java:222)
	at org.junit.runners.ParentRunner.run(ParentRunner.java:292)
	at org.apache.maven.surefire.junit4.JUnit4Provider.execute(JUnit4Provider.java:252)
	at org.apache.maven.surefire.junit4.JUnit4Provider.executeTestSet(JUnit4Provider.java:141)
	at org.apache.maven.surefire.junit4.JUnit4Provider.invoke(JUnit4Provider.java:112)
	at java.base/jdk.internal.reflect.NativeMethodAccessorImpl.invoke0(Native Method)
	at java.base/jdk.internal.reflect.NativeMethodAccessorImpl.invoke(NativeMethodAccessorImpl.java:62)
	at java.base/jdk.internal.reflect.DelegatingMethodAccessorImpl.invoke(DelegatingMethodAccessorImpl.java:43)
	at java.base/java.lang.reflect.Method.invoke(Method.java:564)
	at org.apache.maven.surefire.util.ReflectionUtils.invokeMethodWithArray(ReflectionUtils.java:189)
	at org.apache.maven.surefire.booter.ProviderFactory$ProviderProxy.invoke(ProviderFactory.java:165)
	at org.apache.maven.surefire.booter.ProviderFactory.invokeProvider(ProviderFactory.java:85)
	at org.apache.maven.surefire.booter.ForkedBooter.runSuitesInProcess(ForkedBooter.java:115)
	at org.apache.maven.surefire.booter.ForkedBooter.main(ForkedBooter.java:75)

WARNING: HK2 service reification failed for [org.glassfish.jersey.jaxb.internal.XmlRootElementJaxbProvider$General] with an exception:
MultiException stack 1 of 2
java.lang.NoClassDefFoundError: javax/xml/bind/PropertyException
	at java.base/java.lang.Class.getDeclaredConstructors0(Native Method)
	at java.base/java.lang.Class.privateGetDeclaredConstructors(Class.java:3090)
	at java.base/java.lang.Class.getDeclaredConstructors(Class.java:2316)
	at org.jvnet.hk2.internal.Utilities$3.run(Utilities.java:1308)
	at org.jvnet.hk2.internal.Utilities$3.run(Utilities.java:1304)
	at java.base/java.security.AccessController.doPrivileged(Native Method)
	at org.jvnet.hk2.internal.Utilities.getAllConstructors(Utilities.java:1304)
	at org.jvnet.hk2.internal.Utilities.findProducerConstructor(Utilities.java:1247)
	at org.jvnet.hk2.internal.DefaultClassAnalyzer.getConstructor(DefaultClassAnalyzer.java:83)
	at org.glassfish.jersey.internal.inject.JerseyClassAnalyzer.getConstructor(JerseyClassAnalyzer.java:144)
	at org.jvnet.hk2.internal.Utilities.getConstructor(Utilities.java:178)
	at org.jvnet.hk2.internal.ClazzCreator.initialize(ClazzCreator.java:129)
	at org.jvnet.hk2.internal.ClazzCreator.initialize(ClazzCreator.java:180)
	at org.jvnet.hk2.internal.SystemDescriptor.internalReify(SystemDescriptor.java:740)
	at org.jvnet.hk2.internal.SystemDescriptor.reify(SystemDescriptor.java:694)
	at org.jvnet.hk2.internal.ServiceLocatorImpl.reifyDescriptor(ServiceLocatorImpl.java:461)
	at org.jvnet.hk2.internal.ServiceLocatorImpl.narrow(ServiceLocatorImpl.java:2288)
	at org.jvnet.hk2.internal.ServiceLocatorImpl.access$1200(ServiceLocatorImpl.java:125)
	at org.jvnet.hk2.internal.ServiceLocatorImpl$9.compute(ServiceLocatorImpl.java:1373)
	at org.jvnet.hk2.internal.ServiceLocatorImpl$9.compute(ServiceLocatorImpl.java:1368)
	at org.glassfish.hk2.utilities.cache.internal.WeakCARCacheImpl.compute(WeakCARCacheImpl.java:116)
	at org.jvnet.hk2.internal.ServiceLocatorImpl.internalGetAllServiceHandles(ServiceLocatorImpl.java:1430)
	at org.jvnet.hk2.internal.ServiceLocatorImpl.getAllServiceHandles(ServiceLocatorImpl.java:1355)
	at org.jvnet.hk2.internal.ServiceLocatorImpl.getAllServiceHandles(ServiceLocatorImpl.java:1344)
	at org.glassfish.jersey.internal.inject.Providers.getServiceHandles(Providers.java:354)
	at org.glassfish.jersey.internal.inject.Providers.getProviders(Providers.java:187)
	at org.glassfish.jersey.message.internal.MessageBodyFactory.&lt;init&gt;(MessageBodyFactory.java:222)
	at java.base/jdk.internal.reflect.NativeConstructorAccessorImpl.newInstance0(Native Method)
	at java.base/jdk.internal.reflect.NativeConstructorAccessorImpl.newInstance(NativeConstructorAccessorImpl.java:62)
	at java.base/jdk.internal.reflect.DelegatingConstructorAccessorImpl.newInstance(DelegatingConstructorAccessorImpl.java:45)
	at java.base/java.lang.reflect.Constructor.newInstance(Constructor.java:488)
	at org.glassfish.hk2.utilities.reflection.ReflectionHelper.makeMe(ReflectionHelper.java:1375)
	at org.jvnet.hk2.internal.ClazzCreator.createMe(ClazzCreator.java:272)
	at org.jvnet.hk2.internal.ClazzCreator.create(ClazzCreator.java:366)
	at org.jvnet.hk2.internal.SystemDescriptor.create(SystemDescriptor.java:487)
	at org.jvnet.hk2.internal.SingletonContext$1.compute(SingletonContext.java:83)
	at org.jvnet.hk2.internal.SingletonContext$1.compute(SingletonContext.java:71)
	at org.glassfish.hk2.utilities.cache.Cache$OriginThreadAwareFuture$1.call(Cache.java:97)
	at java.base/java.util.concurrent.FutureTask.run(FutureTask.java:264)
	at org.glassfish.hk2.utilities.cache.Cache$OriginThreadAwareFuture.run(Cache.java:154)
	at org.glassfish.hk2.utilities.cache.Cache.compute(Cache.java:199)
	at org.jvnet.hk2.internal.SingletonContext.findOrCreate(SingletonContext.java:122)
	at org.jvnet.hk2.internal.Utilities.createService(Utilities.java:2022)
	at org.jvnet.hk2.internal.ServiceLocatorImpl.internalGetService(ServiceLocatorImpl.java:774)
	at org.jvnet.hk2.internal.ServiceLocatorImpl.internalGetService(ServiceLocatorImpl.java:737)
	at org.jvnet.hk2.internal.ServiceLocatorImpl.getService(ServiceLocatorImpl.java:707)
	at org.glassfish.jersey.server.model.ComponentModelValidator.&lt;init&gt;(ComponentModelValidator.java:97)
	at org.glassfish.jersey.server.ApplicationHandler.initialize(ApplicationHandler.java:549)
	at org.glassfish.jersey.server.ApplicationHandler.access$500(ApplicationHandler.java:184)
	at org.glassfish.jersey.server.ApplicationHandler$3.call(ApplicationHandler.java:350)
	at org.glassfish.jersey.server.ApplicationHandler$3.call(ApplicationHandler.java:347)
	at org.glassfish.jersey.internal.Errors.process(Errors.java:315)
	at org.glassfish.jersey.internal.Errors.process(Errors.java:297)
	at org.glassfish.jersey.internal.Errors.processWithException(Errors.java:255)
	at org.glassfish.jersey.server.ApplicationHandler.&lt;init&gt;(ApplicationHandler.java:347)
	at org.glassfish.jersey.server.ApplicationHandler.&lt;init&gt;(ApplicationHandler.java:311)
	at org.glassfish.jersey.grizzly2.httpserver.GrizzlyHttpContainer.&lt;init&gt;(GrizzlyHttpContainer.java:337)
	at org.glassfish.jersey.grizzly2.httpserver.GrizzlyHttpServerFactory.createHttpServer(GrizzlyHttpServerFactory.java:119)
	at com.example.Main.startServer(Main.java:30)
	at com.example.MyResourceTest.setUp(MyResourceTest.java:22)
	at java.base/jdk.internal.reflect.NativeMethodAccessorImpl.invoke0(Native Method)
	at java.base/jdk.internal.reflect.NativeMethodAccessorImpl.invoke(NativeMethodAccessorImpl.java:62)
	at java.base/jdk.internal.reflect.DelegatingMethodAccessorImpl.invoke(DelegatingMethodAccessorImpl.java:43)
	at java.base/java.lang.reflect.Method.invoke(Method.java:564)
	at org.junit.runners.model.FrameworkMethod$1.runReflectiveCall(FrameworkMethod.java:44)
	at org.junit.internal.runners.model.ReflectiveCallable.run(ReflectiveCallable.java:15)
	at org.junit.runners.model.FrameworkMethod.invokeExplosively(FrameworkMethod.java:41)
	at org.junit.internal.runners.statements.RunBefores.evaluate(RunBefores.java:27)
	at org.junit.internal.runners.statements.RunAfters.evaluate(RunAfters.java:31)
	at org.junit.runners.ParentRunner.runLeaf(ParentRunner.java:263)
	at org.junit.runners.BlockJUnit4ClassRunner.runChild(BlockJUnit4ClassRunner.java:69)
	at org.junit.runners.BlockJUnit4ClassRunner.runChild(BlockJUnit4ClassRunner.java:48)
	at org.junit.runners.ParentRunner$3.run(ParentRunner.java:231)
	at org.junit.runners.ParentRunner$1.schedule(ParentRunner.java:60)
	at org.junit.runners.ParentRunner.runChildren(ParentRunner.java:229)
	at org.junit.runners.ParentRunner.access$000(ParentRunner.java:50)
	at org.junit.runners.ParentRunner$2.evaluate(ParentRunner.java:222)
	at org.junit.runners.ParentRunner.run(ParentRunner.java:292)
	at org.apache.maven.surefire.junit4.JUnit4Provider.execute(JUnit4Provider.java:252)
	at org.apache.maven.surefire.junit4.JUnit4Provider.executeTestSet(JUnit4Provider.java:141)
	at org.apache.maven.surefire.junit4.JUnit4Provider.invoke(JUnit4Provider.java:112)
	at java.base/jdk.internal.reflect.NativeMethodAccessorImpl.invoke0(Native Method)
	at java.base/jdk.internal.reflect.NativeMethodAccessorImpl.invoke(NativeMethodAccessorImpl.java:62)
	at java.base/jdk.internal.reflect.DelegatingMethodAccessorImpl.invoke(DelegatingMethodAccessorImpl.java:43)
	at java.base/java.lang.reflect.Method.invoke(Method.java:564)
	at org.apache.maven.surefire.util.ReflectionUtils.invokeMethodWithArray(ReflectionUtils.java:189)
	at org.apache.maven.surefire.booter.ProviderFactory$ProviderProxy.invoke(ProviderFactory.java:165)
	at org.apache.maven.surefire.booter.ProviderFactory.invokeProvider(ProviderFactory.java:85)
	at org.apache.maven.surefire.booter.ForkedBooter.runSuitesInProcess(ForkedBooter.java:115)
	at org.apache.maven.surefire.booter.ForkedBooter.main(ForkedBooter.java:75)
Caused by: java.lang.ClassNotFoundException: javax.xml.bind.PropertyException
	at java.base/jdk.internal.loader.BuiltinClassLoader.loadClass(BuiltinClassLoader.java:582)
	at java.base/jdk.internal.loader.ClassLoaders$AppClassLoader.loadClass(ClassLoaders.java:190)
	at java.base/java.lang.ClassLoader.loadClass(ClassLoader.java:499)
	... 90 more
MultiException stack 2 of 2
java.lang.IllegalArgumentException: Errors were discovered while reifying SystemDescriptor(
	implementation=org.glassfish.jersey.jaxb.internal.XmlRootElementJaxbProvider$General
	contracts={javax.ws.rs.ext.MessageBodyWriter,javax.ws.rs.ext.MessageBodyReader}
	scope=javax.inject.Singleton
	qualifiers={}
	descriptorType=CLASS
	descriptorVisibility=NORMAL
	metadata=
	rank=0
	loader=org.glassfish.hk2.utilities.binding.AbstractBinder$2@16fdec90
	proxiable=null
	proxyForSameScope=null
	analysisName=null
	id=109
	locatorId=0
	identityHashCode=1528741718
	reified=false)
	at org.jvnet.hk2.internal.SystemDescriptor.reify(SystemDescriptor.java:705)
	at org.jvnet.hk2.internal.ServiceLocatorImpl.reifyDescriptor(ServiceLocatorImpl.java:461)
	at org.jvnet.hk2.internal.ServiceLocatorImpl.narrow(ServiceLocatorImpl.java:2288)
	at org.jvnet.hk2.internal.ServiceLocatorImpl.access$1200(ServiceLocatorImpl.java:125)
	at org.jvnet.hk2.internal.ServiceLocatorImpl$9.compute(ServiceLocatorImpl.java:1373)
	at org.jvnet.hk2.internal.ServiceLocatorImpl$9.compute(ServiceLocatorImpl.java:1368)
	at org.glassfish.hk2.utilities.cache.internal.WeakCARCacheImpl.compute(WeakCARCacheImpl.java:116)
	at org.jvnet.hk2.internal.ServiceLocatorImpl.internalGetAllServiceHandles(ServiceLocatorImpl.java:1430)
	at org.jvnet.hk2.internal.ServiceLocatorImpl.getAllServiceHandles(ServiceLocatorImpl.java:1355)
	at org.jvnet.hk2.internal.ServiceLocatorImpl.getAllServiceHandles(ServiceLocatorImpl.java:1344)
	at org.glassfish.jersey.internal.inject.Providers.getServiceHandles(Providers.java:354)
	at org.glassfish.jersey.internal.inject.Providers.getProviders(Providers.java:187)
	at org.glassfish.jersey.message.internal.MessageBodyFactory.&lt;init&gt;(MessageBodyFactory.java:222)
	at java.base/jdk.internal.reflect.NativeConstructorAccessorImpl.newInstance0(Native Method)
	at java.base/jdk.internal.reflect.NativeConstructorAccessorImpl.newInstance(NativeConstructorAccessorImpl.java:62)
	at java.base/jdk.internal.reflect.DelegatingConstructorAccessorImpl.newInstance(DelegatingConstructorAccessorImpl.java:45)
	at java.base/java.lang.reflect.Constructor.newInstance(Constructor.java:488)
	at org.glassfish.hk2.utilities.reflection.ReflectionHelper.makeMe(ReflectionHelper.java:1375)
	at org.jvnet.hk2.internal.ClazzCreator.createMe(ClazzCreator.java:272)
	at org.jvnet.hk2.internal.ClazzCreator.create(ClazzCreator.java:366)
	at org.jvnet.hk2.internal.SystemDescriptor.create(SystemDescriptor.java:487)
	at org.jvnet.hk2.internal.SingletonContext$1.compute(SingletonContext.java:83)
	at org.jvnet.hk2.internal.SingletonContext$1.compute(SingletonContext.java:71)
	at org.glassfish.hk2.utilities.cache.Cache$OriginThreadAwareFuture$1.call(Cache.java:97)
	at java.base/java.util.concurrent.FutureTask.run(FutureTask.java:264)
	at org.glassfish.hk2.utilities.cache.Cache$OriginThreadAwareFuture.run(Cache.java:154)
	at org.glassfish.hk2.utilities.cache.Cache.compute(Cache.java:199)
	at org.jvnet.hk2.internal.SingletonContext.findOrCreate(SingletonContext.java:122)
	at org.jvnet.hk2.internal.Utilities.createService(Utilities.java:2022)
	at org.jvnet.hk2.internal.ServiceLocatorImpl.internalGetService(ServiceLocatorImpl.java:774)
	at org.jvnet.hk2.internal.ServiceLocatorImpl.internalGetService(ServiceLocatorImpl.java:737)
	at org.jvnet.hk2.internal.ServiceLocatorImpl.getService(ServiceLocatorImpl.java:707)
	at org.glassfish.jersey.server.model.ComponentModelValidator.&lt;init&gt;(ComponentModelValidator.java:97)
	at org.glassfish.jersey.server.ApplicationHandler.initialize(ApplicationHandler.java:549)
	at org.glassfish.jersey.server.ApplicationHandler.access$500(ApplicationHandler.java:184)
	at org.glassfish.jersey.server.ApplicationHandler$3.call(ApplicationHandler.java:350)
	at org.glassfish.jersey.server.ApplicationHandler$3.call(ApplicationHandler.java:347)
	at org.glassfish.jersey.internal.Errors.process(Errors.java:315)
	at org.glassfish.jersey.internal.Errors.process(Errors.java:297)
	at org.glassfish.jersey.internal.Errors.processWithException(Errors.java:255)
	at org.glassfish.jersey.server.ApplicationHandler.&lt;init&gt;(ApplicationHandler.java:347)
	at org.glassfish.jersey.server.ApplicationHandler.&lt;init&gt;(ApplicationHandler.java:311)
	at org.glassfish.jersey.grizzly2.httpserver.GrizzlyHttpContainer.&lt;init&gt;(GrizzlyHttpContainer.java:337)
	at org.glassfish.jersey.grizzly2.httpserver.GrizzlyHttpServerFactory.createHttpServer(GrizzlyHttpServerFactory.java:119)
	at com.example.Main.startServer(Main.java:30)
	at com.example.MyResourceTest.setUp(MyResourceTest.java:22)
	at java.base/jdk.internal.reflect.NativeMethodAccessorImpl.invoke0(Native Method)
	at java.base/jdk.internal.reflect.NativeMethodAccessorImpl.invoke(NativeMethodAccessorImpl.java:62)
	at java.base/jdk.internal.reflect.DelegatingMethodAccessorImpl.invoke(DelegatingMethodAccessorImpl.java:43)
	at java.base/java.lang.reflect.Method.invoke(Method.java:564)
	at org.junit.runners.model.FrameworkMethod$1.runReflectiveCall(FrameworkMethod.java:44)
	at org.junit.internal.runners.model.ReflectiveCallable.run(ReflectiveCallable.java:15)
	at org.junit.runners.model.FrameworkMethod.invokeExplosively(FrameworkMethod.java:41)
	at org.junit.internal.runners.statements.RunBefores.evaluate(RunBefores.java:27)
	at org.junit.internal.runners.statements.RunAfters.evaluate(RunAfters.java:31)
	at org.junit.runners.ParentRunner.runLeaf(ParentRunner.java:263)
	at org.junit.runners.BlockJUnit4ClassRunner.runChild(BlockJUnit4ClassRunner.java:69)
	at org.junit.runners.BlockJUnit4ClassRunner.runChild(BlockJUnit4ClassRunner.java:48)
	at org.junit.runners.ParentRunner$3.run(ParentRunner.java:231)
	at org.junit.runners.ParentRunner$1.schedule(ParentRunner.java:60)
	at org.junit.runners.ParentRunner.runChildren(ParentRunner.java:229)
	at org.junit.runners.ParentRunner.access$000(ParentRunner.java:50)
	at org.junit.runners.ParentRunner$2.evaluate(ParentRunner.java:222)
	at org.junit.runners.ParentRunner.run(ParentRunner.java:292)
	at org.apache.maven.surefire.junit4.JUnit4Provider.execute(JUnit4Provider.java:252)
	at org.apache.maven.surefire.junit4.JUnit4Provider.executeTestSet(JUnit4Provider.java:141)
	at org.apache.maven.surefire.junit4.JUnit4Provider.invoke(JUnit4Provider.java:112)
	at java.base/jdk.internal.reflect.NativeMethodAccessorImpl.invoke0(Native Method)
	at java.base/jdk.internal.reflect.NativeMethodAccessorImpl.invoke(NativeMethodAccessorImpl.java:62)
	at java.base/jdk.internal.reflect.DelegatingMethodAccessorImpl.invoke(DelegatingMethodAccessorImpl.java:43)
	at java.base/java.lang.reflect.Method.invoke(Method.java:564)
	at org.apache.maven.surefire.util.ReflectionUtils.invokeMethodWithArray(ReflectionUtils.java:189)
	at org.apache.maven.surefire.booter.ProviderFactory$ProviderProxy.invoke(ProviderFactory.java:165)
	at org.apache.maven.surefire.booter.ProviderFactory.invokeProvider(ProviderFactory.java:85)
	at org.apache.maven.surefire.booter.ForkedBooter.runSuitesInProcess(ForkedBooter.java:115)
	at org.apache.maven.surefire.booter.ForkedBooter.main(ForkedBooter.java:75)

WARNING: HK2 service reification failed for [org.glassfish.jersey.jaxb.internal.XmlRootObjectJaxbProvider$App] with an exception:
MultiException stack 1 of 2
java.lang.NoClassDefFoundError: javax/xml/bind/PropertyException
	at java.base/java.lang.Class.getDeclaredConstructors0(Native Method)
	at java.base/java.lang.Class.privateGetDeclaredConstructors(Class.java:3090)
	at java.base/java.lang.Class.getDeclaredConstructors(Class.java:2316)
	at org.jvnet.hk2.internal.Utilities$3.run(Utilities.java:1308)
	at org.jvnet.hk2.internal.Utilities$3.run(Utilities.java:1304)
	at java.base/java.security.AccessController.doPrivileged(Native Method)
	at org.jvnet.hk2.internal.Utilities.getAllConstructors(Utilities.java:1304)
	at org.jvnet.hk2.internal.Utilities.findProducerConstructor(Utilities.java:1247)
	at org.jvnet.hk2.internal.DefaultClassAnalyzer.getConstructor(DefaultClassAnalyzer.java:83)
	at org.glassfish.jersey.internal.inject.JerseyClassAnalyzer.getConstructor(JerseyClassAnalyzer.java:144)
	at org.jvnet.hk2.internal.Utilities.getConstructor(Utilities.java:178)
	at org.jvnet.hk2.internal.ClazzCreator.initialize(ClazzCreator.java:129)
	at org.jvnet.hk2.internal.ClazzCreator.initialize(ClazzCreator.java:180)
	at org.jvnet.hk2.internal.SystemDescriptor.internalReify(SystemDescriptor.java:740)
	at org.jvnet.hk2.internal.SystemDescriptor.reify(SystemDescriptor.java:694)
	at org.jvnet.hk2.internal.ServiceLocatorImpl.reifyDescriptor(ServiceLocatorImpl.java:461)
	at org.jvnet.hk2.internal.ServiceLocatorImpl.narrow(ServiceLocatorImpl.java:2288)
	at org.jvnet.hk2.internal.ServiceLocatorImpl.access$1200(ServiceLocatorImpl.java:125)
	at org.jvnet.hk2.internal.ServiceLocatorImpl$9.compute(ServiceLocatorImpl.java:1373)
	at org.jvnet.hk2.internal.ServiceLocatorImpl$9.compute(ServiceLocatorImpl.java:1368)
	at org.glassfish.hk2.utilities.cache.internal.WeakCARCacheImpl.compute(WeakCARCacheImpl.java:116)
	at org.jvnet.hk2.internal.ServiceLocatorImpl.internalGetAllServiceHandles(ServiceLocatorImpl.java:1430)
	at org.jvnet.hk2.internal.ServiceLocatorImpl.getAllServiceHandles(ServiceLocatorImpl.java:1355)
	at org.jvnet.hk2.internal.ServiceLocatorImpl.getAllServiceHandles(ServiceLocatorImpl.java:1344)
	at org.glassfish.jersey.internal.inject.Providers.getServiceHandles(Providers.java:354)
	at org.glassfish.jersey.internal.inject.Providers.getProviders(Providers.java:187)
	at org.glassfish.jersey.message.internal.MessageBodyFactory.&lt;init&gt;(MessageBodyFactory.java:222)
	at java.base/jdk.internal.reflect.NativeConstructorAccessorImpl.newInstance0(Native Method)
	at java.base/jdk.internal.reflect.NativeConstructorAccessorImpl.newInstance(NativeConstructorAccessorImpl.java:62)
	at java.base/jdk.internal.reflect.DelegatingConstructorAccessorImpl.newInstance(DelegatingConstructorAccessorImpl.java:45)
	at java.base/java.lang.reflect.Constructor.newInstance(Constructor.java:488)
	at org.glassfish.hk2.utilities.reflection.ReflectionHelper.makeMe(ReflectionHelper.java:1375)
	at org.jvnet.hk2.internal.ClazzCreator.createMe(ClazzCreator.java:272)
	at org.jvnet.hk2.internal.ClazzCreator.create(ClazzCreator.java:366)
	at org.jvnet.hk2.internal.SystemDescriptor.create(SystemDescriptor.java:487)
	at org.jvnet.hk2.internal.SingletonContext$1.compute(SingletonContext.java:83)
	at org.jvnet.hk2.internal.SingletonContext$1.compute(SingletonContext.java:71)
	at org.glassfish.hk2.utilities.cache.Cache$OriginThreadAwareFuture$1.call(Cache.java:97)
	at java.base/java.util.concurrent.FutureTask.run(FutureTask.java:264)
	at org.glassfish.hk2.utilities.cache.Cache$OriginThreadAwareFuture.run(Cache.java:154)
	at org.glassfish.hk2.utilities.cache.Cache.compute(Cache.java:199)
	at org.jvnet.hk2.internal.SingletonContext.findOrCreate(SingletonContext.java:122)
	at org.jvnet.hk2.internal.Utilities.createService(Utilities.java:2022)
	at org.jvnet.hk2.internal.ServiceLocatorImpl.internalGetService(ServiceLocatorImpl.java:774)
	at org.jvnet.hk2.internal.ServiceLocatorImpl.internalGetService(ServiceLocatorImpl.java:737)
	at org.jvnet.hk2.internal.ServiceLocatorImpl.getService(ServiceLocatorImpl.java:707)
	at org.glassfish.jersey.server.model.ComponentModelValidator.&lt;init&gt;(ComponentModelValidator.java:97)
	at org.glassfish.jersey.server.ApplicationHandler.initialize(ApplicationHandler.java:549)
	at org.glassfish.jersey.server.ApplicationHandler.access$500(ApplicationHandler.java:184)
	at org.glassfish.jersey.server.ApplicationHandler$3.call(ApplicationHandler.java:350)
	at org.glassfish.jersey.server.ApplicationHandler$3.call(ApplicationHandler.java:347)
	at org.glassfish.jersey.internal.Errors.process(Errors.java:315)
	at org.glassfish.jersey.internal.Errors.process(Errors.java:297)
	at org.glassfish.jersey.internal.Errors.processWithException(Errors.java:255)
	at org.glassfish.jersey.server.ApplicationHandler.&lt;init&gt;(ApplicationHandler.java:347)
	at org.glassfish.jersey.server.ApplicationHandler.&lt;init&gt;(ApplicationHandler.java:311)
	at org.glassfish.jersey.grizzly2.httpserver.GrizzlyHttpContainer.&lt;init&gt;(GrizzlyHttpContainer.java:337)
	at org.glassfish.jersey.grizzly2.httpserver.GrizzlyHttpServerFactory.createHttpServer(GrizzlyHttpServerFactory.java:119)
	at com.example.Main.startServer(Main.java:30)
	at com.example.MyResourceTest.setUp(MyResourceTest.java:22)
	at java.base/jdk.internal.reflect.NativeMethodAccessorImpl.invoke0(Native Method)
	at java.base/jdk.internal.reflect.NativeMethodAccessorImpl.invoke(NativeMethodAccessorImpl.java:62)
	at java.base/jdk.internal.reflect.DelegatingMethodAccessorImpl.invoke(DelegatingMethodAccessorImpl.java:43)
	at java.base/java.lang.reflect.Method.invoke(Method.java:564)
	at org.junit.runners.model.FrameworkMethod$1.runReflectiveCall(FrameworkMethod.java:44)
	at org.junit.internal.runners.model.ReflectiveCallable.run(ReflectiveCallable.java:15)
	at org.junit.runners.model.FrameworkMethod.invokeExplosively(FrameworkMethod.java:41)
	at org.junit.internal.runners.statements.RunBefores.evaluate(RunBefores.java:27)
	at org.junit.internal.runners.statements.RunAfters.evaluate(RunAfters.java:31)
	at org.junit.runners.ParentRunner.runLeaf(ParentRunner.java:263)
	at org.junit.runners.BlockJUnit4ClassRunner.runChild(BlockJUnit4ClassRunner.java:69)
	at org.junit.runners.BlockJUnit4ClassRunner.runChild(BlockJUnit4ClassRunner.java:48)
	at org.junit.runners.ParentRunner$3.run(ParentRunner.java:231)
	at org.junit.runners.ParentRunner$1.schedule(ParentRunner.java:60)
	at org.junit.runners.ParentRunner.runChildren(ParentRunner.java:229)
	at org.junit.runners.ParentRunner.access$000(ParentRunner.java:50)
	at org.junit.runners.ParentRunner$2.evaluate(ParentRunner.java:222)
	at org.junit.runners.ParentRunner.run(ParentRunner.java:292)
	at org.apache.maven.surefire.junit4.JUnit4Provider.execute(JUnit4Provider.java:252)
	at org.apache.maven.surefire.junit4.JUnit4Provider.executeTestSet(JUnit4Provider.java:141)
	at org.apache.maven.surefire.junit4.JUnit4Provider.invoke(JUnit4Provider.java:112)
	at java.base/jdk.internal.reflect.NativeMethodAccessorImpl.invoke0(Native Method)
	at java.base/jdk.internal.reflect.NativeMethodAccessorImpl.invoke(NativeMethodAccessorImpl.java:62)
	at java.base/jdk.internal.reflect.DelegatingMethodAccessorImpl.invoke(DelegatingMethodAccessorImpl.java:43)
	at java.base/java.lang.reflect.Method.invoke(Method.java:564)
	at org.apache.maven.surefire.util.ReflectionUtils.invokeMethodWithArray(ReflectionUtils.java:189)
	at org.apache.maven.surefire.booter.ProviderFactory$ProviderProxy.invoke(ProviderFactory.java:165)
	at org.apache.maven.surefire.booter.ProviderFactory.invokeProvider(ProviderFactory.java:85)
	at org.apache.maven.surefire.booter.ForkedBooter.runSuitesInProcess(ForkedBooter.java:115)
	at org.apache.maven.surefire.booter.ForkedBooter.main(ForkedBooter.java:75)
Caused by: java.lang.ClassNotFoundException: javax.xml.bind.PropertyException
	at java.base/jdk.internal.loader.BuiltinClassLoader.loadClass(BuiltinClassLoader.java:582)
	at java.base/jdk.internal.loader.ClassLoaders$AppClassLoader.loadClass(ClassLoaders.java:190)
	at java.base/java.lang.ClassLoader.loadClass(ClassLoader.java:499)
	... 90 more
MultiException stack 2 of 2
java.lang.IllegalArgumentException: Errors were discovered while reifying SystemDescriptor(
	implementation=org.glassfish.jersey.jaxb.internal.XmlRootObjectJaxbProvider$App
	contracts={javax.ws.rs.ext.MessageBodyReader}
	scope=javax.inject.Singleton
	qualifiers={}
	descriptorType=CLASS
	descriptorVisibility=NORMAL
	metadata=
	rank=0
	loader=org.glassfish.hk2.utilities.binding.AbstractBinder$2@16fdec90
	proxiable=null
	proxyForSameScope=null
	analysisName=null
	id=110
	locatorId=0
	identityHashCode=461591680
	reified=false)
	at org.jvnet.hk2.internal.SystemDescriptor.reify(SystemDescriptor.java:705)
	at org.jvnet.hk2.internal.ServiceLocatorImpl.reifyDescriptor(ServiceLocatorImpl.java:461)
	at org.jvnet.hk2.internal.ServiceLocatorImpl.narrow(ServiceLocatorImpl.java:2288)
	at org.jvnet.hk2.internal.ServiceLocatorImpl.access$1200(ServiceLocatorImpl.java:125)
	at org.jvnet.hk2.internal.ServiceLocatorImpl$9.compute(ServiceLocatorImpl.java:1373)
	at org.jvnet.hk2.internal.ServiceLocatorImpl$9.compute(ServiceLocatorImpl.java:1368)
	at org.glassfish.hk2.utilities.cache.internal.WeakCARCacheImpl.compute(WeakCARCacheImpl.java:116)
	at org.jvnet.hk2.internal.ServiceLocatorImpl.internalGetAllServiceHandles(ServiceLocatorImpl.java:1430)
	at org.jvnet.hk2.internal.ServiceLocatorImpl.getAllServiceHandles(ServiceLocatorImpl.java:1355)
	at org.jvnet.hk2.internal.ServiceLocatorImpl.getAllServiceHandles(ServiceLocatorImpl.java:1344)
	at org.glassfish.jersey.internal.inject.Providers.getServiceHandles(Providers.java:354)
	at org.glassfish.jersey.internal.inject.Providers.getProviders(Providers.java:187)
	at org.glassfish.jersey.message.internal.MessageBodyFactory.&lt;init&gt;(MessageBodyFactory.java:222)
	at java.base/jdk.internal.reflect.NativeConstructorAccessorImpl.newInstance0(Native Method)
	at java.base/jdk.internal.reflect.NativeConstructorAccessorImpl.newInstance(NativeConstructorAccessorImpl.java:62)
	at java.base/jdk.internal.reflect.DelegatingConstructorAccessorImpl.newInstance(DelegatingConstructorAccessorImpl.java:45)
	at java.base/java.lang.reflect.Constructor.newInstance(Constructor.java:488)
	at org.glassfish.hk2.utilities.reflection.ReflectionHelper.makeMe(ReflectionHelper.java:1375)
	at org.jvnet.hk2.internal.ClazzCreator.createMe(ClazzCreator.java:272)
	at org.jvnet.hk2.internal.ClazzCreator.create(ClazzCreator.java:366)
	at org.jvnet.hk2.internal.SystemDescriptor.create(SystemDescriptor.java:487)
	at org.jvnet.hk2.internal.SingletonContext$1.compute(SingletonContext.java:83)
	at org.jvnet.hk2.internal.SingletonContext$1.compute(SingletonContext.java:71)
	at org.glassfish.hk2.utilities.cache.Cache$OriginThreadAwareFuture$1.call(Cache.java:97)
	at java.base/java.util.concurrent.FutureTask.run(FutureTask.java:264)
	at org.glassfish.hk2.utilities.cache.Cache$OriginThreadAwareFuture.run(Cache.java:154)
	at org.glassfish.hk2.utilities.cache.Cache.compute(Cache.java:199)
	at org.jvnet.hk2.internal.SingletonContext.findOrCreate(SingletonContext.java:122)
	at org.jvnet.hk2.internal.Utilities.createService(Utilities.java:2022)
	at org.jvnet.hk2.internal.ServiceLocatorImpl.internalGetService(ServiceLocatorImpl.java:774)
	at org.jvnet.hk2.internal.ServiceLocatorImpl.internalGetService(ServiceLocatorImpl.java:737)
	at org.jvnet.hk2.internal.ServiceLocatorImpl.getService(ServiceLocatorImpl.java:707)
	at org.glassfish.jersey.server.model.ComponentModelValidator.&lt;init&gt;(ComponentModelValidator.java:97)
	at org.glassfish.jersey.server.ApplicationHandler.initialize(ApplicationHandler.java:549)
	at org.glassfish.jersey.server.ApplicationHandler.access$500(ApplicationHandler.java:184)
	at org.glassfish.jersey.server.ApplicationHandler$3.call(ApplicationHandler.java:350)
	at org.glassfish.jersey.server.ApplicationHandler$3.call(ApplicationHandler.java:347)
	at org.glassfish.jersey.internal.Errors.process(Errors.java:315)
	at org.glassfish.jersey.internal.Errors.process(Errors.java:297)
	at org.glassfish.jersey.internal.Errors.processWithException(Errors.java:255)
	at org.glassfish.jersey.server.ApplicationHandler.&lt;init&gt;(ApplicationHandler.java:347)
	at org.glassfish.jersey.server.ApplicationHandler.&lt;init&gt;(ApplicationHandler.java:311)
	at org.glassfish.jersey.grizzly2.httpserver.GrizzlyHttpContainer.&lt;init&gt;(GrizzlyHttpContainer.java:337)
	at org.glassfish.jersey.grizzly2.httpserver.GrizzlyHttpServerFactory.createHttpServer(GrizzlyHttpServerFactory.java:119)
	at com.example.Main.startServer(Main.java:30)
	at com.example.MyResourceTest.setUp(MyResourceTest.java:22)
	at java.base/jdk.internal.reflect.NativeMethodAccessorImpl.invoke0(Native Method)
	at java.base/jdk.internal.reflect.NativeMethodAccessorImpl.invoke(NativeMethodAccessorImpl.java:62)
	at java.base/jdk.internal.reflect.DelegatingMethodAccessorImpl.invoke(DelegatingMethodAccessorImpl.java:43)
	at java.base/java.lang.reflect.Method.invoke(Method.java:564)
	at org.junit.runners.model.FrameworkMethod$1.runReflectiveCall(FrameworkMethod.java:44)
	at org.junit.internal.runners.model.ReflectiveCallable.run(ReflectiveCallable.java:15)
	at org.junit.runners.model.FrameworkMethod.invokeExplosively(FrameworkMethod.java:41)
	at org.junit.internal.runners.statements.RunBefores.evaluate(RunBefores.java:27)
	at org.junit.internal.runners.statements.RunAfters.evaluate(RunAfters.java:31)
	at org.junit.runners.ParentRunner.runLeaf(ParentRunner.java:263)
	at org.junit.runners.BlockJUnit4ClassRunner.runChild(BlockJUnit4ClassRunner.java:69)
	at org.junit.runners.BlockJUnit4ClassRunner.runChild(BlockJUnit4ClassRunner.java:48)
	at org.junit.runners.ParentRunner$3.run(ParentRunner.java:231)
	at org.junit.runners.ParentRunner$1.schedule(ParentRunner.java:60)
	at org.junit.runners.ParentRunner.runChildren(ParentRunner.java:229)
	at org.junit.runners.ParentRunner.access$000(ParentRunner.java:50)
	at org.junit.runners.ParentRunner$2.evaluate(ParentRunner.java:222)
	at org.junit.runners.ParentRunner.run(ParentRunner.java:292)
	at org.apache.maven.surefire.junit4.JUnit4Provider.execute(JUnit4Provider.java:252)
	at org.apache.maven.surefire.junit4.JUnit4Provider.executeTestSet(JUnit4Provider.java:141)
	at org.apache.maven.surefire.junit4.JUnit4Provider.invoke(JUnit4Provider.java:112)
	at java.base/jdk.internal.reflect.NativeMethodAccessorImpl.invoke0(Native Method)
	at java.base/jdk.internal.reflect.NativeMethodAccessorImpl.invoke(NativeMethodAccessorImpl.java:62)
	at java.base/jdk.internal.reflect.DelegatingMethodAccessorImpl.invoke(DelegatingMethodAccessorImpl.java:43)
	at java.base/java.lang.reflect.Method.invoke(Method.java:564)
	at org.apache.maven.surefire.util.ReflectionUtils.invokeMethodWithArray(ReflectionUtils.java:189)
	at org.apache.maven.surefire.booter.ProviderFactory$ProviderProxy.invoke(ProviderFactory.java:165)
	at org.apache.maven.surefire.booter.ProviderFactory.invokeProvider(ProviderFactory.java:85)
	at org.apache.maven.surefire.booter.ForkedBooter.runSuitesInProcess(ForkedBooter.java:115)
	at org.apache.maven.surefire.booter.ForkedBooter.main(ForkedBooter.java:75)

WARNING: HK2 service reification failed for [org.glassfish.jersey.jaxb.internal.XmlRootObjectJaxbProvider$Text] with an exception:
MultiException stack 1 of 2
java.lang.NoClassDefFoundError: javax/xml/bind/PropertyException
	at java.base/java.lang.Class.getDeclaredConstructors0(Native Method)
	at java.base/java.lang.Class.privateGetDeclaredConstructors(Class.java:3090)
	at java.base/java.lang.Class.getDeclaredConstructors(Class.java:2316)
	at org.jvnet.hk2.internal.Utilities$3.run(Utilities.java:1308)
	at org.jvnet.hk2.internal.Utilities$3.run(Utilities.java:1304)
	at java.base/java.security.AccessController.doPrivileged(Native Method)
	at org.jvnet.hk2.internal.Utilities.getAllConstructors(Utilities.java:1304)
	at org.jvnet.hk2.internal.Utilities.findProducerConstructor(Utilities.java:1247)
	at org.jvnet.hk2.internal.DefaultClassAnalyzer.getConstructor(DefaultClassAnalyzer.java:83)
	at org.glassfish.jersey.internal.inject.JerseyClassAnalyzer.getConstructor(JerseyClassAnalyzer.java:144)
	at org.jvnet.hk2.internal.Utilities.getConstructor(Utilities.java:178)
	at org.jvnet.hk2.internal.ClazzCreator.initialize(ClazzCreator.java:129)
	at org.jvnet.hk2.internal.ClazzCreator.initialize(ClazzCreator.java:180)
	at org.jvnet.hk2.internal.SystemDescriptor.internalReify(SystemDescriptor.java:740)
	at org.jvnet.hk2.internal.SystemDescriptor.reify(SystemDescriptor.java:694)
	at org.jvnet.hk2.internal.ServiceLocatorImpl.reifyDescriptor(ServiceLocatorImpl.java:461)
	at org.jvnet.hk2.internal.ServiceLocatorImpl.narrow(ServiceLocatorImpl.java:2288)
	at org.jvnet.hk2.internal.ServiceLocatorImpl.access$1200(ServiceLocatorImpl.java:125)
	at org.jvnet.hk2.internal.ServiceLocatorImpl$9.compute(ServiceLocatorImpl.java:1373)
	at org.jvnet.hk2.internal.ServiceLocatorImpl$9.compute(ServiceLocatorImpl.java:1368)
	at org.glassfish.hk2.utilities.cache.internal.WeakCARCacheImpl.compute(WeakCARCacheImpl.java:116)
	at org.jvnet.hk2.internal.ServiceLocatorImpl.internalGetAllServiceHandles(ServiceLocatorImpl.java:1430)
	at org.jvnet.hk2.internal.ServiceLocatorImpl.getAllServiceHandles(ServiceLocatorImpl.java:1355)
	at org.jvnet.hk2.internal.ServiceLocatorImpl.getAllServiceHandles(ServiceLocatorImpl.java:1344)
	at org.glassfish.jersey.internal.inject.Providers.getServiceHandles(Providers.java:354)
	at org.glassfish.jersey.internal.inject.Providers.getProviders(Providers.java:187)
	at org.glassfish.jersey.message.internal.MessageBodyFactory.&lt;init&gt;(MessageBodyFactory.java:222)
	at java.base/jdk.internal.reflect.NativeConstructorAccessorImpl.newInstance0(Native Method)
	at java.base/jdk.internal.reflect.NativeConstructorAccessorImpl.newInstance(NativeConstructorAccessorImpl.java:62)
	at java.base/jdk.internal.reflect.DelegatingConstructorAccessorImpl.newInstance(DelegatingConstructorAccessorImpl.java:45)
	at java.base/java.lang.reflect.Constructor.newInstance(Constructor.java:488)
	at org.glassfish.hk2.utilities.reflection.ReflectionHelper.makeMe(ReflectionHelper.java:1375)
	at org.jvnet.hk2.internal.ClazzCreator.createMe(ClazzCreator.java:272)
	at org.jvnet.hk2.internal.ClazzCreator.create(ClazzCreator.java:366)
	at org.jvnet.hk2.internal.SystemDescriptor.create(SystemDescriptor.java:487)
	at org.jvnet.hk2.internal.SingletonContext$1.compute(SingletonContext.java:83)
	at org.jvnet.hk2.internal.SingletonContext$1.compute(SingletonContext.java:71)
	at org.glassfish.hk2.utilities.cache.Cache$OriginThreadAwareFuture$1.call(Cache.java:97)
	at java.base/java.util.concurrent.FutureTask.run(FutureTask.java:264)
	at org.glassfish.hk2.utilities.cache.Cache$OriginThreadAwareFuture.run(Cache.java:154)
	at org.glassfish.hk2.utilities.cache.Cache.compute(Cache.java:199)
	at org.jvnet.hk2.internal.SingletonContext.findOrCreate(SingletonContext.java:122)
	at org.jvnet.hk2.internal.Utilities.createService(Utilities.java:2022)
	at org.jvnet.hk2.internal.ServiceLocatorImpl.internalGetService(ServiceLocatorImpl.java:774)
	at org.jvnet.hk2.internal.ServiceLocatorImpl.internalGetService(ServiceLocatorImpl.java:737)
	at org.jvnet.hk2.internal.ServiceLocatorImpl.getService(ServiceLocatorImpl.java:707)
	at org.glassfish.jersey.server.model.ComponentModelValidator.&lt;init&gt;(ComponentModelValidator.java:97)
	at org.glassfish.jersey.server.ApplicationHandler.initialize(ApplicationHandler.java:549)
	at org.glassfish.jersey.server.ApplicationHandler.access$500(ApplicationHandler.java:184)
	at org.glassfish.jersey.server.ApplicationHandler$3.call(ApplicationHandler.java:350)
	at org.glassfish.jersey.server.ApplicationHandler$3.call(ApplicationHandler.java:347)
	at org.glassfish.jersey.internal.Errors.process(Errors.java:315)
	at org.glassfish.jersey.internal.Errors.process(Errors.java:297)
	at org.glassfish.jersey.internal.Errors.processWithException(Errors.java:255)
	at org.glassfish.jersey.server.ApplicationHandler.&lt;init&gt;(ApplicationHandler.java:347)
	at org.glassfish.jersey.server.ApplicationHandler.&lt;init&gt;(ApplicationHandler.java:311)
	at org.glassfish.jersey.grizzly2.httpserver.GrizzlyHttpContainer.&lt;init&gt;(GrizzlyHttpContainer.java:337)
	at org.glassfish.jersey.grizzly2.httpserver.GrizzlyHttpServerFactory.createHttpServer(GrizzlyHttpServerFactory.java:119)
	at com.example.Main.startServer(Main.java:30)
	at com.example.MyResourceTest.setUp(MyResourceTest.java:22)
	at java.base/jdk.internal.reflect.NativeMethodAccessorImpl.invoke0(Native Method)
	at java.base/jdk.internal.reflect.NativeMethodAccessorImpl.invoke(NativeMethodAccessorImpl.java:62)
	at java.base/jdk.internal.reflect.DelegatingMethodAccessorImpl.invoke(DelegatingMethodAccessorImpl.java:43)
	at java.base/java.lang.reflect.Method.invoke(Method.java:564)
	at org.junit.runners.model.FrameworkMethod$1.runReflectiveCall(FrameworkMethod.java:44)
	at org.junit.internal.runners.model.ReflectiveCallable.run(ReflectiveCallable.java:15)
	at org.junit.runners.model.FrameworkMethod.invokeExplosively(FrameworkMethod.java:41)
	at org.junit.internal.runners.statements.RunBefores.evaluate(RunBefores.java:27)
	at org.junit.internal.runners.statements.RunAfters.evaluate(RunAfters.java:31)
	at org.junit.runners.ParentRunner.runLeaf(ParentRunner.java:263)
	at org.junit.runners.BlockJUnit4ClassRunner.runChild(BlockJUnit4ClassRunner.java:69)
	at org.junit.runners.BlockJUnit4ClassRunner.runChild(BlockJUnit4ClassRunner.java:48)
	at org.junit.runners.ParentRunner$3.run(ParentRunner.java:231)
	at org.junit.runners.ParentRunner$1.schedule(ParentRunner.java:60)
	at org.junit.runners.ParentRunner.runChildren(ParentRunner.java:229)
	at org.junit.runners.ParentRunner.access$000(ParentRunner.java:50)
	at org.junit.runners.ParentRunner$2.evaluate(ParentRunner.java:222)
	at org.junit.runners.ParentRunner.run(ParentRunner.java:292)
	at org.apache.maven.surefire.junit4.JUnit4Provider.execute(JUnit4Provider.java:252)
	at org.apache.maven.surefire.junit4.JUnit4Provider.executeTestSet(JUnit4Provider.java:141)
	at org.apache.maven.surefire.junit4.JUnit4Provider.invoke(JUnit4Provider.java:112)
	at java.base/jdk.internal.reflect.NativeMethodAccessorImpl.invoke0(Native Method)
	at java.base/jdk.internal.reflect.NativeMethodAccessorImpl.invoke(NativeMethodAccessorImpl.java:62)
	at java.base/jdk.internal.reflect.DelegatingMethodAccessorImpl.invoke(DelegatingMethodAccessorImpl.java:43)
	at java.base/java.lang.reflect.Method.invoke(Method.java:564)
	at org.apache.maven.surefire.util.ReflectionUtils.invokeMethodWithArray(ReflectionUtils.java:189)
	at org.apache.maven.surefire.booter.ProviderFactory$ProviderProxy.invoke(ProviderFactory.java:165)
	at org.apache.maven.surefire.booter.ProviderFactory.invokeProvider(ProviderFactory.java:85)
	at org.apache.maven.surefire.booter.ForkedBooter.runSuitesInProcess(ForkedBooter.java:115)
	at org.apache.maven.surefire.booter.ForkedBooter.main(ForkedBooter.java:75)
Caused by: java.lang.ClassNotFoundException: javax.xml.bind.PropertyException
	at java.base/jdk.internal.loader.BuiltinClassLoader.loadClass(BuiltinClassLoader.java:582)
	at java.base/jdk.internal.loader.ClassLoaders$AppClassLoader.loadClass(ClassLoaders.java:190)
	at java.base/java.lang.ClassLoader.loadClass(ClassLoader.java:499)
	... 90 more
MultiException stack 2 of 2
java.lang.IllegalArgumentException: Errors were discovered while reifying SystemDescriptor(
	implementation=org.glassfish.jersey.jaxb.internal.XmlRootObjectJaxbProvider$Text
	contracts={javax.ws.rs.ext.MessageBodyReader}
	scope=javax.inject.Singleton
	qualifiers={}
	descriptorType=CLASS
	descriptorVisibility=NORMAL
	metadata=
	rank=0
	loader=org.glassfish.hk2.utilities.binding.AbstractBinder$2@16fdec90
	proxiable=null
	proxyForSameScope=null
	analysisName=null
	id=111
	locatorId=0
	identityHashCode=1874028013
	reified=false)
	at org.jvnet.hk2.internal.SystemDescriptor.reify(SystemDescriptor.java:705)
	at org.jvnet.hk2.internal.ServiceLocatorImpl.reifyDescriptor(ServiceLocatorImpl.java:461)
	at org.jvnet.hk2.internal.ServiceLocatorImpl.narrow(ServiceLocatorImpl.java:2288)
	at org.jvnet.hk2.internal.ServiceLocatorImpl.access$1200(ServiceLocatorImpl.java:125)
	at org.jvnet.hk2.internal.ServiceLocatorImpl$9.compute(ServiceLocatorImpl.java:1373)
	at org.jvnet.hk2.internal.ServiceLocatorImpl$9.compute(ServiceLocatorImpl.java:1368)
	at org.glassfish.hk2.utilities.cache.internal.WeakCARCacheImpl.compute(WeakCARCacheImpl.java:116)
	at org.jvnet.hk2.internal.ServiceLocatorImpl.internalGetAllServiceHandles(ServiceLocatorImpl.java:1430)
	at org.jvnet.hk2.internal.ServiceLocatorImpl.getAllServiceHandles(ServiceLocatorImpl.java:1355)
	at org.jvnet.hk2.internal.ServiceLocatorImpl.getAllServiceHandles(ServiceLocatorImpl.java:1344)
	at org.glassfish.jersey.internal.inject.Providers.getServiceHandles(Providers.java:354)
	at org.glassfish.jersey.internal.inject.Providers.getProviders(Providers.java:187)
	at org.glassfish.jersey.message.internal.MessageBodyFactory.&lt;init&gt;(MessageBodyFactory.java:222)
	at java.base/jdk.internal.reflect.NativeConstructorAccessorImpl.newInstance0(Native Method)
	at java.base/jdk.internal.reflect.NativeConstructorAccessorImpl.newInstance(NativeConstructorAccessorImpl.java:62)
	at java.base/jdk.internal.reflect.DelegatingConstructorAccessorImpl.newInstance(DelegatingConstructorAccessorImpl.java:45)
	at java.base/java.lang.reflect.Constructor.newInstance(Constructor.java:488)
	at org.glassfish.hk2.utilities.reflection.ReflectionHelper.makeMe(ReflectionHelper.java:1375)
	at org.jvnet.hk2.internal.ClazzCreator.createMe(ClazzCreator.java:272)
	at org.jvnet.hk2.internal.ClazzCreator.create(ClazzCreator.java:366)
	at org.jvnet.hk2.internal.SystemDescriptor.create(SystemDescriptor.java:487)
	at org.jvnet.hk2.internal.SingletonContext$1.compute(SingletonContext.java:83)
	at org.jvnet.hk2.internal.SingletonContext$1.compute(SingletonContext.java:71)
	at org.glassfish.hk2.utilities.cache.Cache$OriginThreadAwareFuture$1.call(Cache.java:97)
	at java.base/java.util.concurrent.FutureTask.run(FutureTask.java:264)
	at org.glassfish.hk2.utilities.cache.Cache$OriginThreadAwareFuture.run(Cache.java:154)
	at org.glassfish.hk2.utilities.cache.Cache.compute(Cache.java:199)
	at org.jvnet.hk2.internal.SingletonContext.findOrCreate(SingletonContext.java:122)
	at org.jvnet.hk2.internal.Utilities.createService(Utilities.java:2022)
	at org.jvnet.hk2.internal.ServiceLocatorImpl.internalGetService(ServiceLocatorImpl.java:774)
	at org.jvnet.hk2.internal.ServiceLocatorImpl.internalGetService(ServiceLocatorImpl.java:737)
	at org.jvnet.hk2.internal.ServiceLocatorImpl.getService(ServiceLocatorImpl.java:707)
	at org.glassfish.jersey.server.model.ComponentModelValidator.&lt;init&gt;(ComponentModelValidator.java:97)
	at org.glassfish.jersey.server.ApplicationHandler.initialize(ApplicationHandler.java:549)
	at org.glassfish.jersey.server.ApplicationHandler.access$500(ApplicationHandler.java:184)
	at org.glassfish.jersey.server.ApplicationHandler$3.call(ApplicationHandler.java:350)
	at org.glassfish.jersey.server.ApplicationHandler$3.call(ApplicationHandler.java:347)
	at org.glassfish.jersey.internal.Errors.process(Errors.java:315)
	at org.glassfish.jersey.internal.Errors.process(Errors.java:297)
	at org.glassfish.jersey.internal.Errors.processWithException(Errors.java:255)
	at org.glassfish.jersey.server.ApplicationHandler.&lt;init&gt;(ApplicationHandler.java:347)
	at org.glassfish.jersey.server.ApplicationHandler.&lt;init&gt;(ApplicationHandler.java:311)
	at org.glassfish.jersey.grizzly2.httpserver.GrizzlyHttpContainer.&lt;init&gt;(GrizzlyHttpContainer.java:337)
	at org.glassfish.jersey.grizzly2.httpserver.GrizzlyHttpServerFactory.createHttpServer(GrizzlyHttpServerFactory.java:119)
	at com.example.Main.startServer(Main.java:30)
	at com.example.MyResourceTest.setUp(MyResourceTest.java:22)
	at java.base/jdk.internal.reflect.NativeMethodAccessorImpl.invoke0(Native Method)
	at java.base/jdk.internal.reflect.NativeMethodAccessorImpl.invoke(NativeMethodAccessorImpl.java:62)
	at java.base/jdk.internal.reflect.DelegatingMethodAccessorImpl.invoke(DelegatingMethodAccessorImpl.java:43)
	at java.base/java.lang.reflect.Method.invoke(Method.java:564)
	at org.junit.runners.model.FrameworkMethod$1.runReflectiveCall(FrameworkMethod.java:44)
	at org.junit.internal.runners.model.ReflectiveCallable.run(ReflectiveCallable.java:15)
	at org.junit.runners.model.FrameworkMethod.invokeExplosively(FrameworkMethod.java:41)
	at org.junit.internal.runners.statements.RunBefores.evaluate(RunBefores.java:27)
	at org.junit.internal.runners.statements.RunAfters.evaluate(RunAfters.java:31)
	at org.junit.runners.ParentRunner.runLeaf(ParentRunner.java:263)
	at org.junit.runners.BlockJUnit4ClassRunner.runChild(BlockJUnit4ClassRunner.java:69)
	at org.junit.runners.BlockJUnit4ClassRunner.runChild(BlockJUnit4ClassRunner.java:48)
	at org.junit.runners.ParentRunner$3.run(ParentRunner.java:231)
	at org.junit.runners.ParentRunner$1.schedule(ParentRunner.java:60)
	at org.junit.runners.ParentRunner.runChildren(ParentRunner.java:229)
	at org.junit.runners.ParentRunner.access$000(ParentRunner.java:50)
	at org.junit.runners.ParentRunner$2.evaluate(ParentRunner.java:222)
	at org.junit.runners.ParentRunner.run(ParentRunner.java:292)
	at org.apache.maven.surefire.junit4.JUnit4Provider.execute(JUnit4Provider.java:252)
	at org.apache.maven.surefire.junit4.JUnit4Provider.executeTestSet(JUnit4Provider.java:141)
	at org.apache.maven.surefire.junit4.JUnit4Provider.invoke(JUnit4Provider.java:112)
	at java.base/jdk.internal.reflect.NativeMethodAccessorImpl.invoke0(Native Method)
	at java.base/jdk.internal.reflect.NativeMethodAccessorImpl.invoke(NativeMethodAccessorImpl.java:62)
	at java.base/jdk.internal.reflect.DelegatingMethodAccessorImpl.invoke(DelegatingMethodAccessorImpl.java:43)
	at java.base/java.lang.reflect.Method.invoke(Method.java:564)
	at org.apache.maven.surefire.util.ReflectionUtils.invokeMethodWithArray(ReflectionUtils.java:189)
	at org.apache.maven.surefire.booter.ProviderFactory$ProviderProxy.invoke(ProviderFactory.java:165)
	at org.apache.maven.surefire.booter.ProviderFactory.invokeProvider(ProviderFactory.java:85)
	at org.apache.maven.surefire.booter.ForkedBooter.runSuitesInProcess(ForkedBooter.java:115)
	at org.apache.maven.surefire.booter.ForkedBooter.main(ForkedBooter.java:75)

WARNING: HK2 service reification failed for [org.glassfish.jersey.jaxb.internal.XmlRootObjectJaxbProvider$General] with an exception:
MultiException stack 1 of 2
java.lang.NoClassDefFoundError: javax/xml/bind/PropertyException
	at java.base/java.lang.Class.getDeclaredConstructors0(Native Method)
	at java.base/java.lang.Class.privateGetDeclaredConstructors(Class.java:3090)
	at java.base/java.lang.Class.getDeclaredConstructors(Class.java:2316)
	at org.jvnet.hk2.internal.Utilities$3.run(Utilities.java:1308)
	at org.jvnet.hk2.internal.Utilities$3.run(Utilities.java:1304)
	at java.base/java.security.AccessController.doPrivileged(Native Method)
	at org.jvnet.hk2.internal.Utilities.getAllConstructors(Utilities.java:1304)
	at org.jvnet.hk2.internal.Utilities.findProducerConstructor(Utilities.java:1247)
	at org.jvnet.hk2.internal.DefaultClassAnalyzer.getConstructor(DefaultClassAnalyzer.java:83)
	at org.glassfish.jersey.internal.inject.JerseyClassAnalyzer.getConstructor(JerseyClassAnalyzer.java:144)
	at org.jvnet.hk2.internal.Utilities.getConstructor(Utilities.java:178)
	at org.jvnet.hk2.internal.ClazzCreator.initialize(ClazzCreator.java:129)
	at org.jvnet.hk2.internal.ClazzCreator.initialize(ClazzCreator.java:180)
	at org.jvnet.hk2.internal.SystemDescriptor.internalReify(SystemDescriptor.java:740)
	at org.jvnet.hk2.internal.SystemDescriptor.reify(SystemDescriptor.java:694)
	at org.jvnet.hk2.internal.ServiceLocatorImpl.reifyDescriptor(ServiceLocatorImpl.java:461)
	at org.jvnet.hk2.internal.ServiceLocatorImpl.narrow(ServiceLocatorImpl.java:2288)
	at org.jvnet.hk2.internal.ServiceLocatorImpl.access$1200(ServiceLocatorImpl.java:125)
	at org.jvnet.hk2.internal.ServiceLocatorImpl$9.compute(ServiceLocatorImpl.java:1373)
	at org.jvnet.hk2.internal.ServiceLocatorImpl$9.compute(ServiceLocatorImpl.java:1368)
	at org.glassfish.hk2.utilities.cache.internal.WeakCARCacheImpl.compute(WeakCARCacheImpl.java:116)
	at org.jvnet.hk2.internal.ServiceLocatorImpl.internalGetAllServiceHandles(ServiceLocatorImpl.java:1430)
	at org.jvnet.hk2.internal.ServiceLocatorImpl.getAllServiceHandles(ServiceLocatorImpl.java:1355)
	at org.jvnet.hk2.internal.ServiceLocatorImpl.getAllServiceHandles(ServiceLocatorImpl.java:1344)
	at org.glassfish.jersey.internal.inject.Providers.getServiceHandles(Providers.java:354)
	at org.glassfish.jersey.internal.inject.Providers.getProviders(Providers.java:187)
	at org.glassfish.jersey.message.internal.MessageBodyFactory.&lt;init&gt;(MessageBodyFactory.java:222)
	at java.base/jdk.internal.reflect.NativeConstructorAccessorImpl.newInstance0(Native Method)
	at java.base/jdk.internal.reflect.NativeConstructorAccessorImpl.newInstance(NativeConstructorAccessorImpl.java:62)
	at java.base/jdk.internal.reflect.DelegatingConstructorAccessorImpl.newInstance(DelegatingConstructorAccessorImpl.java:45)
	at java.base/java.lang.reflect.Constructor.newInstance(Constructor.java:488)
	at org.glassfish.hk2.utilities.reflection.ReflectionHelper.makeMe(ReflectionHelper.java:1375)
	at org.jvnet.hk2.internal.ClazzCreator.createMe(ClazzCreator.java:272)
	at org.jvnet.hk2.internal.ClazzCreator.create(ClazzCreator.java:366)
	at org.jvnet.hk2.internal.SystemDescriptor.create(SystemDescriptor.java:487)
	at org.jvnet.hk2.internal.SingletonContext$1.compute(SingletonContext.java:83)
	at org.jvnet.hk2.internal.SingletonContext$1.compute(SingletonContext.java:71)
	at org.glassfish.hk2.utilities.cache.Cache$OriginThreadAwareFuture$1.call(Cache.java:97)
	at java.base/java.util.concurrent.FutureTask.run(FutureTask.java:264)
	at org.glassfish.hk2.utilities.cache.Cache$OriginThreadAwareFuture.run(Cache.java:154)
	at org.glassfish.hk2.utilities.cache.Cache.compute(Cache.java:199)
	at org.jvnet.hk2.internal.SingletonContext.findOrCreate(SingletonContext.java:122)
	at org.jvnet.hk2.internal.Utilities.createService(Utilities.java:2022)
	at org.jvnet.hk2.internal.ServiceLocatorImpl.internalGetService(ServiceLocatorImpl.java:774)
	at org.jvnet.hk2.internal.ServiceLocatorImpl.internalGetService(ServiceLocatorImpl.java:737)
	at org.jvnet.hk2.internal.ServiceLocatorImpl.getService(ServiceLocatorImpl.java:707)
	at org.glassfish.jersey.server.model.ComponentModelValidator.&lt;init&gt;(ComponentModelValidator.java:97)
	at org.glassfish.jersey.server.ApplicationHandler.initialize(ApplicationHandler.java:549)
	at org.glassfish.jersey.server.ApplicationHandler.access$500(ApplicationHandler.java:184)
	at org.glassfish.jersey.server.ApplicationHandler$3.call(ApplicationHandler.java:350)
	at org.glassfish.jersey.server.ApplicationHandler$3.call(ApplicationHandler.java:347)
	at org.glassfish.jersey.internal.Errors.process(Errors.java:315)
	at org.glassfish.jersey.internal.Errors.process(Errors.java:297)
	at org.glassfish.jersey.internal.Errors.processWithException(Errors.java:255)
	at org.glassfish.jersey.server.ApplicationHandler.&lt;init&gt;(ApplicationHandler.java:347)
	at org.glassfish.jersey.server.ApplicationHandler.&lt;init&gt;(ApplicationHandler.java:311)
	at org.glassfish.jersey.grizzly2.httpserver.GrizzlyHttpContainer.&lt;init&gt;(GrizzlyHttpContainer.java:337)
	at org.glassfish.jersey.grizzly2.httpserver.GrizzlyHttpServerFactory.createHttpServer(GrizzlyHttpServerFactory.java:119)
	at com.example.Main.startServer(Main.java:30)
	at com.example.MyResourceTest.setUp(MyResourceTest.java:22)
	at java.base/jdk.internal.reflect.NativeMethodAccessorImpl.invoke0(Native Method)
	at java.base/jdk.internal.reflect.NativeMethodAccessorImpl.invoke(NativeMethodAccessorImpl.java:62)
	at java.base/jdk.internal.reflect.DelegatingMethodAccessorImpl.invoke(DelegatingMethodAccessorImpl.java:43)
	at java.base/java.lang.reflect.Method.invoke(Method.java:564)
	at org.junit.runners.model.FrameworkMethod$1.runReflectiveCall(FrameworkMethod.java:44)
	at org.junit.internal.runners.model.ReflectiveCallable.run(ReflectiveCallable.java:15)
	at org.junit.runners.model.FrameworkMethod.invokeExplosively(FrameworkMethod.java:41)
	at org.junit.internal.runners.statements.RunBefores.evaluate(RunBefores.java:27)
	at org.junit.internal.runners.statements.RunAfters.evaluate(RunAfters.java:31)
	at org.junit.runners.ParentRunner.runLeaf(ParentRunner.java:263)
	at org.junit.runners.BlockJUnit4ClassRunner.runChild(BlockJUnit4ClassRunner.java:69)
	at org.junit.runners.BlockJUnit4ClassRunner.runChild(BlockJUnit4ClassRunner.java:48)
	at org.junit.runners.ParentRunner$3.run(ParentRunner.java:231)
	at org.junit.runners.ParentRunner$1.schedule(ParentRunner.java:60)
	at org.junit.runners.ParentRunner.runChildren(ParentRunner.java:229)
	at org.junit.runners.ParentRunner.access$000(ParentRunner.java:50)
	at org.junit.runners.ParentRunner$2.evaluate(ParentRunner.java:222)
	at org.junit.runners.ParentRunner.run(ParentRunner.java:292)
	at org.apache.maven.surefire.junit4.JUnit4Provider.execute(JUnit4Provider.java:252)
	at org.apache.maven.surefire.junit4.JUnit4Provider.executeTestSet(JUnit4Provider.java:141)
	at org.apache.maven.surefire.junit4.JUnit4Provider.invoke(JUnit4Provider.java:112)
	at java.base/jdk.internal.reflect.NativeMethodAccessorImpl.invoke0(Native Method)
	at java.base/jdk.internal.reflect.NativeMethodAccessorImpl.invoke(NativeMethodAccessorImpl.java:62)
	at java.base/jdk.internal.reflect.DelegatingMethodAccessorImpl.invoke(DelegatingMethodAccessorImpl.java:43)
	at java.base/java.lang.reflect.Method.invoke(Method.java:564)
	at org.apache.maven.surefire.util.ReflectionUtils.invokeMethodWithArray(ReflectionUtils.java:189)
	at org.apache.maven.surefire.booter.ProviderFactory$ProviderProxy.invoke(ProviderFactory.java:165)
	at org.apache.maven.surefire.booter.ProviderFactory.invokeProvider(ProviderFactory.java:85)
	at org.apache.maven.surefire.booter.ForkedBooter.runSuitesInProcess(ForkedBooter.java:115)
	at org.apache.maven.surefire.booter.ForkedBooter.main(ForkedBooter.java:75)
Caused by: java.lang.ClassNotFoundException: javax.xml.bind.PropertyException
	at java.base/jdk.internal.loader.BuiltinClassLoader.loadClass(BuiltinClassLoader.java:582)
	at java.base/jdk.internal.loader.ClassLoaders$AppClassLoader.loadClass(ClassLoaders.java:190)
	at java.base/java.lang.ClassLoader.loadClass(ClassLoader.java:499)
	... 90 more
MultiException stack 2 of 2
java.lang.IllegalArgumentException: Errors were discovered while reifying SystemDescriptor(
	implementation=org.glassfish.jersey.jaxb.internal.XmlRootObjectJaxbProvider$General
	contracts={javax.ws.rs.ext.MessageBodyReader}
	scope=javax.inject.Singleton
	qualifiers={}
	descriptorType=CLASS
	descriptorVisibility=NORMAL
	metadata=
	rank=0
	loader=org.glassfish.hk2.utilities.binding.AbstractBinder$2@16fdec90
	proxiable=null
	proxyForSameScope=null
	analysisName=null
	id=112
	locatorId=0
	identityHashCode=1958402562
	reified=false)
	at org.jvnet.hk2.internal.SystemDescriptor.reify(SystemDescriptor.java:705)
	at org.jvnet.hk2.internal.ServiceLocatorImpl.reifyDescriptor(ServiceLocatorImpl.java:461)
	at org.jvnet.hk2.internal.ServiceLocatorImpl.narrow(ServiceLocatorImpl.java:2288)
	at org.jvnet.hk2.internal.ServiceLocatorImpl.access$1200(ServiceLocatorImpl.java:125)
	at org.jvnet.hk2.internal.ServiceLocatorImpl$9.compute(ServiceLocatorImpl.java:1373)
	at org.jvnet.hk2.internal.ServiceLocatorImpl$9.compute(ServiceLocatorImpl.java:1368)
	at org.glassfish.hk2.utilities.cache.internal.WeakCARCacheImpl.compute(WeakCARCacheImpl.java:116)
	at org.jvnet.hk2.internal.ServiceLocatorImpl.internalGetAllServiceHandles(ServiceLocatorImpl.java:1430)
	at org.jvnet.hk2.internal.ServiceLocatorImpl.getAllServiceHandles(ServiceLocatorImpl.java:1355)
	at org.jvnet.hk2.internal.ServiceLocatorImpl.getAllServiceHandles(ServiceLocatorImpl.java:1344)
	at org.glassfish.jersey.internal.inject.Providers.getServiceHandles(Providers.java:354)
	at org.glassfish.jersey.internal.inject.Providers.getProviders(Providers.java:187)
	at org.glassfish.jersey.message.internal.MessageBodyFactory.&lt;init&gt;(MessageBodyFactory.java:222)
	at java.base/jdk.internal.reflect.NativeConstructorAccessorImpl.newInstance0(Native Method)
	at java.base/jdk.internal.reflect.NativeConstructorAccessorImpl.newInstance(NativeConstructorAccessorImpl.java:62)
	at java.base/jdk.internal.reflect.DelegatingConstructorAccessorImpl.newInstance(DelegatingConstructorAccessorImpl.java:45)
	at java.base/java.lang.reflect.Constructor.newInstance(Constructor.java:488)
	at org.glassfish.hk2.utilities.reflection.ReflectionHelper.makeMe(ReflectionHelper.java:1375)
	at org.jvnet.hk2.internal.ClazzCreator.createMe(ClazzCreator.java:272)
	at org.jvnet.hk2.internal.ClazzCreator.create(ClazzCreator.java:366)
	at org.jvnet.hk2.internal.SystemDescriptor.create(SystemDescriptor.java:487)
	at org.jvnet.hk2.internal.SingletonContext$1.compute(SingletonContext.java:83)
	at org.jvnet.hk2.internal.SingletonContext$1.compute(SingletonContext.java:71)
	at org.glassfish.hk2.utilities.cache.Cache$OriginThreadAwareFuture$1.call(Cache.java:97)
	at java.base/java.util.concurrent.FutureTask.run(FutureTask.java:264)
	at org.glassfish.hk2.utilities.cache.Cache$OriginThreadAwareFuture.run(Cache.java:154)
	at org.glassfish.hk2.utilities.cache.Cache.compute(Cache.java:199)
	at org.jvnet.hk2.internal.SingletonContext.findOrCreate(SingletonContext.java:122)
	at org.jvnet.hk2.internal.Utilities.createService(Utilities.java:2022)
	at org.jvnet.hk2.internal.ServiceLocatorImpl.internalGetService(ServiceLocatorImpl.java:774)
	at org.jvnet.hk2.internal.ServiceLocatorImpl.internalGetService(ServiceLocatorImpl.java:737)
	at org.jvnet.hk2.internal.ServiceLocatorImpl.getService(ServiceLocatorImpl.java:707)
	at org.glassfish.jersey.server.model.ComponentModelValidator.&lt;init&gt;(ComponentModelValidator.java:97)
	at org.glassfish.jersey.server.ApplicationHandler.initialize(ApplicationHandler.java:549)
	at org.glassfish.jersey.server.ApplicationHandler.access$500(ApplicationHandler.java:184)
	at org.glassfish.jersey.server.ApplicationHandler$3.call(ApplicationHandler.java:350)
	at org.glassfish.jersey.server.ApplicationHandler$3.call(ApplicationHandler.java:347)
	at org.glassfish.jersey.internal.Errors.process(Errors.java:315)
	at org.glassfish.jersey.internal.Errors.process(Errors.java:297)
	at org.glassfish.jersey.internal.Errors.processWithException(Errors.java:255)
	at org.glassfish.jersey.server.ApplicationHandler.&lt;init&gt;(ApplicationHandler.java:347)
	at org.glassfish.jersey.server.ApplicationHandler.&lt;init&gt;(ApplicationHandler.java:311)
	at org.glassfish.jersey.grizzly2.httpserver.GrizzlyHttpContainer.&lt;init&gt;(GrizzlyHttpContainer.java:337)
	at org.glassfish.jersey.grizzly2.httpserver.GrizzlyHttpServerFactory.createHttpServer(GrizzlyHttpServerFactory.java:119)
	at com.example.Main.startServer(Main.java:30)
	at com.example.MyResourceTest.setUp(MyResourceTest.java:22)
	at java.base/jdk.internal.reflect.NativeMethodAccessorImpl.invoke0(Native Method)
	at java.base/jdk.internal.reflect.NativeMethodAccessorImpl.invoke(NativeMethodAccessorImpl.java:62)
	at java.base/jdk.internal.reflect.DelegatingMethodAccessorImpl.invoke(DelegatingMethodAccessorImpl.java:43)
	at java.base/java.lang.reflect.Method.invoke(Method.java:564)
	at org.junit.runners.model.FrameworkMethod$1.runReflectiveCall(FrameworkMethod.java:44)
	at org.junit.internal.runners.model.ReflectiveCallable.run(ReflectiveCallable.java:15)
	at org.junit.runners.model.FrameworkMethod.invokeExplosively(FrameworkMethod.java:41)
	at org.junit.internal.runners.statements.RunBefores.evaluate(RunBefores.java:27)
	at org.junit.internal.runners.statements.RunAfters.evaluate(RunAfters.java:31)
	at org.junit.runners.ParentRunner.runLeaf(ParentRunner.java:263)
	at org.junit.runners.BlockJUnit4ClassRunner.runChild(BlockJUnit4ClassRunner.java:69)
	at org.junit.runners.BlockJUnit4ClassRunner.runChild(BlockJUnit4ClassRunner.java:48)
	at org.junit.runners.ParentRunner$3.run(ParentRunner.java:231)
	at org.junit.runners.ParentRunner$1.schedule(ParentRunner.java:60)
	at org.junit.runners.ParentRunner.runChildren(ParentRunner.java:229)
	at org.junit.runners.ParentRunner.access$000(ParentRunner.java:50)
	at org.junit.runners.ParentRunner$2.evaluate(ParentRunner.java:222)
	at org.junit.runners.ParentRunner.run(ParentRunner.java:292)
	at org.apache.maven.surefire.junit4.JUnit4Provider.execute(JUnit4Provider.java:252)
	at org.apache.maven.surefire.junit4.JUnit4Provider.executeTestSet(JUnit4Provider.java:141)
	at org.apache.maven.surefire.junit4.JUnit4Provider.invoke(JUnit4Provider.java:112)
	at java.base/jdk.internal.reflect.NativeMethodAccessorImpl.invoke0(Native Method)
	at java.base/jdk.internal.reflect.NativeMethodAccessorImpl.invoke(NativeMethodAccessorImpl.java:62)
	at java.base/jdk.internal.reflect.DelegatingMethodAccessorImpl.invoke(DelegatingMethodAccessorImpl.java:43)
	at java.base/java.lang.reflect.Method.invoke(Method.java:564)
	at org.apache.maven.surefire.util.ReflectionUtils.invokeMethodWithArray(ReflectionUtils.java:189)
	at org.apache.maven.surefire.booter.ProviderFactory$ProviderProxy.invoke(ProviderFactory.java:165)
	at org.apache.maven.surefire.booter.ProviderFactory.invokeProvider(ProviderFactory.java:85)
	at org.apache.maven.surefire.booter.ForkedBooter.runSuitesInProcess(ForkedBooter.java:115)
	at org.apache.maven.surefire.booter.ForkedBooter.main(ForkedBooter.java:75)

WARNING: HK2 service reification failed for [org.glassfish.jersey.message.internal.DataSourceProvider] with an exception:
MultiException stack 1 of 2
java.lang.NoClassDefFoundError: javax/activation/DataSource
	at java.base/java.lang.Class.getDeclaredConstructors0(Native Method)
	at java.base/java.lang.Class.privateGetDeclaredConstructors(Class.java:3090)
	at java.base/java.lang.Class.getDeclaredConstructors(Class.java:2316)
	at org.jvnet.hk2.internal.Utilities$3.run(Utilities.java:1308)
	at org.jvnet.hk2.internal.Utilities$3.run(Utilities.java:1304)
	at java.base/java.security.AccessController.doPrivileged(Native Method)
	at org.jvnet.hk2.internal.Utilities.getAllConstructors(Utilities.java:1304)
	at org.jvnet.hk2.internal.Utilities.findProducerConstructor(Utilities.java:1247)
	at org.jvnet.hk2.internal.DefaultClassAnalyzer.getConstructor(DefaultClassAnalyzer.java:83)
	at org.glassfish.jersey.internal.inject.JerseyClassAnalyzer.getConstructor(JerseyClassAnalyzer.java:144)
	at org.jvnet.hk2.internal.Utilities.getConstructor(Utilities.java:178)
	at org.jvnet.hk2.internal.ClazzCreator.initialize(ClazzCreator.java:129)
	at org.jvnet.hk2.internal.ClazzCreator.initialize(ClazzCreator.java:180)
	at org.jvnet.hk2.internal.SystemDescriptor.internalReify(SystemDescriptor.java:740)
	at org.jvnet.hk2.internal.SystemDescriptor.reify(SystemDescriptor.java:694)
	at org.jvnet.hk2.internal.ServiceLocatorImpl.reifyDescriptor(ServiceLocatorImpl.java:461)
	at org.jvnet.hk2.internal.ServiceLocatorImpl.narrow(ServiceLocatorImpl.java:2288)
	at org.jvnet.hk2.internal.ServiceLocatorImpl.access$1200(ServiceLocatorImpl.java:125)
	at org.jvnet.hk2.internal.ServiceLocatorImpl$9.compute(ServiceLocatorImpl.java:1373)
	at org.jvnet.hk2.internal.ServiceLocatorImpl$9.compute(ServiceLocatorImpl.java:1368)
	at org.glassfish.hk2.utilities.cache.internal.WeakCARCacheImpl.compute(WeakCARCacheImpl.java:116)
	at org.jvnet.hk2.internal.ServiceLocatorImpl.internalGetAllServiceHandles(ServiceLocatorImpl.java:1430)
	at org.jvnet.hk2.internal.ServiceLocatorImpl.getAllServiceHandles(ServiceLocatorImpl.java:1355)
	at org.jvnet.hk2.internal.ServiceLocatorImpl.getAllServiceHandles(ServiceLocatorImpl.java:1344)
	at org.glassfish.jersey.internal.inject.Providers.getServiceHandles(Providers.java:354)
	at org.glassfish.jersey.internal.inject.Providers.getCustomProviders(Providers.java:201)
	at org.glassfish.jersey.message.internal.MessageBodyFactory.&lt;init&gt;(MessageBodyFactory.java:247)
	at java.base/jdk.internal.reflect.NativeConstructorAccessorImpl.newInstance0(Native Method)
	at java.base/jdk.internal.reflect.NativeConstructorAccessorImpl.newInstance(NativeConstructorAccessorImpl.java:62)
	at java.base/jdk.internal.reflect.DelegatingConstructorAccessorImpl.newInstance(DelegatingConstructorAccessorImpl.java:45)
	at java.base/java.lang.reflect.Constructor.newInstance(Constructor.java:488)
	at org.glassfish.hk2.utilities.reflection.ReflectionHelper.makeMe(ReflectionHelper.java:1375)
	at org.jvnet.hk2.internal.ClazzCreator.createMe(ClazzCreator.java:272)
	at org.jvnet.hk2.internal.ClazzCreator.create(ClazzCreator.java:366)
	at org.jvnet.hk2.internal.SystemDescriptor.create(SystemDescriptor.java:487)
	at org.jvnet.hk2.internal.SingletonContext$1.compute(SingletonContext.java:83)
	at org.jvnet.hk2.internal.SingletonContext$1.compute(SingletonContext.java:71)
	at org.glassfish.hk2.utilities.cache.Cache$OriginThreadAwareFuture$1.call(Cache.java:97)
	at java.base/java.util.concurrent.FutureTask.run(FutureTask.java:264)
	at org.glassfish.hk2.utilities.cache.Cache$OriginThreadAwareFuture.run(Cache.java:154)
	at org.glassfish.hk2.utilities.cache.Cache.compute(Cache.java:199)
	at org.jvnet.hk2.internal.SingletonContext.findOrCreate(SingletonContext.java:122)
	at org.jvnet.hk2.internal.Utilities.createService(Utilities.java:2022)
	at org.jvnet.hk2.internal.ServiceLocatorImpl.internalGetService(ServiceLocatorImpl.java:774)
	at org.jvnet.hk2.internal.ServiceLocatorImpl.internalGetService(ServiceLocatorImpl.java:737)
	at org.jvnet.hk2.internal.ServiceLocatorImpl.getService(ServiceLocatorImpl.java:707)
	at org.glassfish.jersey.server.model.ComponentModelValidator.&lt;init&gt;(ComponentModelValidator.java:97)
	at org.glassfish.jersey.server.ApplicationHandler.initialize(ApplicationHandler.java:549)
	at org.glassfish.jersey.server.ApplicationHandler.access$500(ApplicationHandler.java:184)
	at org.glassfish.jersey.server.ApplicationHandler$3.call(ApplicationHandler.java:350)
	at org.glassfish.jersey.server.ApplicationHandler$3.call(ApplicationHandler.java:347)
	at org.glassfish.jersey.internal.Errors.process(Errors.java:315)
	at org.glassfish.jersey.internal.Errors.process(Errors.java:297)
	at org.glassfish.jersey.internal.Errors.processWithException(Errors.java:255)
	at org.glassfish.jersey.server.ApplicationHandler.&lt;init&gt;(ApplicationHandler.java:347)
	at org.glassfish.jersey.server.ApplicationHandler.&lt;init&gt;(ApplicationHandler.java:311)
	at org.glassfish.jersey.grizzly2.httpserver.GrizzlyHttpContainer.&lt;init&gt;(GrizzlyHttpContainer.java:337)
	at org.glassfish.jersey.grizzly2.httpserver.GrizzlyHttpServerFactory.createHttpServer(GrizzlyHttpServerFactory.java:119)
	at com.example.Main.startServer(Main.java:30)
	at com.example.MyResourceTest.setUp(MyResourceTest.java:22)
	at java.base/jdk.internal.reflect.NativeMethodAccessorImpl.invoke0(Native Method)
	at java.base/jdk.internal.reflect.NativeMethodAccessorImpl.invoke(NativeMethodAccessorImpl.java:62)
	at java.base/jdk.internal.reflect.DelegatingMethodAccessorImpl.invoke(DelegatingMethodAccessorImpl.java:43)
	at java.base/java.lang.reflect.Method.invoke(Method.java:564)
	at org.junit.runners.model.FrameworkMethod$1.runReflectiveCall(FrameworkMethod.java:44)
	at org.junit.internal.runners.model.ReflectiveCallable.run(ReflectiveCallable.java:15)
	at org.junit.runners.model.FrameworkMethod.invokeExplosively(FrameworkMethod.java:41)
	at org.junit.internal.runners.statements.RunBefores.evaluate(RunBefores.java:27)
	at org.junit.internal.runners.statements.RunAfters.evaluate(RunAfters.java:31)
	at org.junit.runners.ParentRunner.runLeaf(ParentRunner.java:263)
	at org.junit.runners.BlockJUnit4ClassRunner.runChild(BlockJUnit4ClassRunner.java:69)
	at org.junit.runners.BlockJUnit4ClassRunner.runChild(BlockJUnit4ClassRunner.java:48)
	at org.junit.runners.ParentRunner$3.run(ParentRunner.java:231)
	at org.junit.runners.ParentRunner$1.schedule(ParentRunner.java:60)
	at org.junit.runners.ParentRunner.runChildren(ParentRunner.java:229)
	at org.junit.runners.ParentRunner.access$000(ParentRunner.java:50)
	at org.junit.runners.ParentRunner$2.evaluate(ParentRunner.java:222)
	at org.junit.runners.ParentRunner.run(ParentRunner.java:292)
	at org.apache.maven.surefire.junit4.JUnit4Provider.execute(JUnit4Provider.java:252)
	at org.apache.maven.surefire.junit4.JUnit4Provider.executeTestSet(JUnit4Provider.java:141)
	at org.apache.maven.surefire.junit4.JUnit4Provider.invoke(JUnit4Provider.java:112)
	at java.base/jdk.internal.reflect.NativeMethodAccessorImpl.invoke0(Native Method)
	at java.base/jdk.internal.reflect.NativeMethodAccessorImpl.invoke(NativeMethodAccessorImpl.java:62)
	at java.base/jdk.internal.reflect.DelegatingMethodAccessorImpl.invoke(DelegatingMethodAccessorImpl.java:43)
	at java.base/java.lang.reflect.Method.invoke(Method.java:564)
	at org.apache.maven.surefire.util.ReflectionUtils.invokeMethodWithArray(ReflectionUtils.java:189)
	at org.apache.maven.surefire.booter.ProviderFactory$ProviderProxy.invoke(ProviderFactory.java:165)
	at org.apache.maven.surefire.booter.ProviderFactory.invokeProvider(ProviderFactory.java:85)
	at org.apache.maven.surefire.booter.ForkedBooter.runSuitesInProcess(ForkedBooter.java:115)
	at org.apache.maven.surefire.booter.ForkedBooter.main(ForkedBooter.java:75)
Caused by: java.lang.ClassNotFoundException: javax.activation.DataSource
	at java.base/jdk.internal.loader.BuiltinClassLoader.loadClass(BuiltinClassLoader.java:582)
	at java.base/jdk.internal.loader.ClassLoaders$AppClassLoader.loadClass(ClassLoaders.java:190)
	at java.base/java.lang.ClassLoader.loadClass(ClassLoader.java:499)
	... 90 more
MultiException stack 2 of 2
java.lang.IllegalArgumentException: Errors were discovered while reifying SystemDescriptor(
	implementation=org.glassfish.jersey.message.internal.DataSourceProvider
	contracts={javax.ws.rs.ext.MessageBodyWriter,javax.ws.rs.ext.MessageBodyReader}
	scope=javax.inject.Singleton
	qualifiers={}
	descriptorType=CLASS
	descriptorVisibility=NORMAL
	metadata=
	rank=0
	loader=org.glassfish.hk2.utilities.binding.AbstractBinder$2@2e1ef60
	proxiable=null
	proxyForSameScope=null
	analysisName=null
	id=51
	locatorId=0
	identityHashCode=573926093
	reified=false)
	at org.jvnet.hk2.internal.SystemDescriptor.reify(SystemDescriptor.java:705)
	at org.jvnet.hk2.internal.ServiceLocatorImpl.reifyDescriptor(ServiceLocatorImpl.java:461)
	at org.jvnet.hk2.internal.ServiceLocatorImpl.narrow(ServiceLocatorImpl.java:2288)
	at org.jvnet.hk2.internal.ServiceLocatorImpl.access$1200(ServiceLocatorImpl.java:125)
	at org.jvnet.hk2.internal.ServiceLocatorImpl$9.compute(ServiceLocatorImpl.java:1373)
	at org.jvnet.hk2.internal.ServiceLocatorImpl$9.compute(ServiceLocatorImpl.java:1368)
	at org.glassfish.hk2.utilities.cache.internal.WeakCARCacheImpl.compute(WeakCARCacheImpl.java:116)
	at org.jvnet.hk2.internal.ServiceLocatorImpl.internalGetAllServiceHandles(ServiceLocatorImpl.java:1430)
	at org.jvnet.hk2.internal.ServiceLocatorImpl.getAllServiceHandles(ServiceLocatorImpl.java:1355)
	at org.jvnet.hk2.internal.ServiceLocatorImpl.getAllServiceHandles(ServiceLocatorImpl.java:1344)
	at org.glassfish.jersey.internal.inject.Providers.getServiceHandles(Providers.java:354)
	at org.glassfish.jersey.internal.inject.Providers.getCustomProviders(Providers.java:201)
	at org.glassfish.jersey.message.internal.MessageBodyFactory.&lt;init&gt;(MessageBodyFactory.java:247)
	at java.base/jdk.internal.reflect.NativeConstructorAccessorImpl.newInstance0(Native Method)
	at java.base/jdk.internal.reflect.NativeConstructorAccessorImpl.newInstance(NativeConstructorAccessorImpl.java:62)
	at java.base/jdk.internal.reflect.DelegatingConstructorAccessorImpl.newInstance(DelegatingConstructorAccessorImpl.java:45)
	at java.base/java.lang.reflect.Constructor.newInstance(Constructor.java:488)
	at org.glassfish.hk2.utilities.reflection.ReflectionHelper.makeMe(ReflectionHelper.java:1375)
	at org.jvnet.hk2.internal.ClazzCreator.createMe(ClazzCreator.java:272)
	at org.jvnet.hk2.internal.ClazzCreator.create(ClazzCreator.java:366)
	at org.jvnet.hk2.internal.SystemDescriptor.create(SystemDescriptor.java:487)
	at org.jvnet.hk2.internal.SingletonContext$1.compute(SingletonContext.java:83)
	at org.jvnet.hk2.internal.SingletonContext$1.compute(SingletonContext.java:71)
	at org.glassfish.hk2.utilities.cache.Cache$OriginThreadAwareFuture$1.call(Cache.java:97)
	at java.base/java.util.concurrent.FutureTask.run(FutureTask.java:264)
	at org.glassfish.hk2.utilities.cache.Cache$OriginThreadAwareFuture.run(Cache.java:154)
	at org.glassfish.hk2.utilities.cache.Cache.compute(Cache.java:199)
	at org.jvnet.hk2.internal.SingletonContext.findOrCreate(SingletonContext.java:122)
	at org.jvnet.hk2.internal.Utilities.createService(Utilities.java:2022)
	at org.jvnet.hk2.internal.ServiceLocatorImpl.internalGetService(ServiceLocatorImpl.java:774)
	at org.jvnet.hk2.internal.ServiceLocatorImpl.internalGetService(ServiceLocatorImpl.java:737)
	at org.jvnet.hk2.internal.ServiceLocatorImpl.getService(ServiceLocatorImpl.java:707)
	at org.glassfish.jersey.server.model.ComponentModelValidator.&lt;init&gt;(ComponentModelValidator.java:97)
	at org.glassfish.jersey.server.ApplicationHandler.initialize(ApplicationHandler.java:549)
	at org.glassfish.jersey.server.ApplicationHandler.access$500(ApplicationHandler.java:184)
	at org.glassfish.jersey.server.ApplicationHandler$3.call(ApplicationHandler.java:350)
	at org.glassfish.jersey.server.ApplicationHandler$3.call(ApplicationHandler.java:347)
	at org.glassfish.jersey.internal.Errors.process(Errors.java:315)
	at org.glassfish.jersey.internal.Errors.process(Errors.java:297)
	at org.glassfish.jersey.internal.Errors.processWithException(Errors.java:255)
	at org.glassfish.jersey.server.ApplicationHandler.&lt;init&gt;(ApplicationHandler.java:347)
	at org.glassfish.jersey.server.ApplicationHandler.&lt;init&gt;(ApplicationHandler.java:311)
	at org.glassfish.jersey.grizzly2.httpserver.GrizzlyHttpContainer.&lt;init&gt;(GrizzlyHttpContainer.java:337)
	at org.glassfish.jersey.grizzly2.httpserver.GrizzlyHttpServerFactory.createHttpServer(GrizzlyHttpServerFactory.java:119)
	at com.example.Main.startServer(Main.java:30)
	at com.example.MyResourceTest.setUp(MyResourceTest.java:22)
	at java.base/jdk.internal.reflect.NativeMethodAccessorImpl.invoke0(Native Method)
	at java.base/jdk.internal.reflect.NativeMethodAccessorImpl.invoke(NativeMethodAccessorImpl.java:62)
	at java.base/jdk.internal.reflect.DelegatingMethodAccessorImpl.invoke(DelegatingMethodAccessorImpl.java:43)
	at java.base/java.lang.reflect.Method.invoke(Method.java:564)
	at org.junit.runners.model.FrameworkMethod$1.runReflectiveCall(FrameworkMethod.java:44)
	at org.junit.internal.runners.model.ReflectiveCallable.run(ReflectiveCallable.java:15)
	at org.junit.runners.model.FrameworkMethod.invokeExplosively(FrameworkMethod.java:41)
	at org.junit.internal.runners.statements.RunBefores.evaluate(RunBefores.java:27)
	at org.junit.internal.runners.statements.RunAfters.evaluate(RunAfters.java:31)
	at org.junit.runners.ParentRunner.runLeaf(ParentRunner.java:263)
	at org.junit.runners.BlockJUnit4ClassRunner.runChild(BlockJUnit4ClassRunner.java:69)
	at org.junit.runners.BlockJUnit4ClassRunner.runChild(BlockJUnit4ClassRunner.java:48)
	at org.junit.runners.ParentRunner$3.run(ParentRunner.java:231)
	at org.junit.runners.ParentRunner$1.schedule(ParentRunner.java:60)
	at org.junit.runners.ParentRunner.runChildren(ParentRunner.java:229)
	at org.junit.runners.ParentRunner.access$000(ParentRunner.java:50)
	at org.junit.runners.ParentRunner$2.evaluate(ParentRunner.java:222)
	at org.junit.runners.ParentRunner.run(ParentRunner.java:292)
	at org.apache.maven.surefire.junit4.JUnit4Provider.execute(JUnit4Provider.java:252)
	at org.apache.maven.surefire.junit4.JUnit4Provider.executeTestSet(JUnit4Provider.java:141)
	at org.apache.maven.surefire.junit4.JUnit4Provider.invoke(JUnit4Provider.java:112)
	at java.base/jdk.internal.reflect.NativeMethodAccessorImpl.invoke0(Native Method)
	at java.base/jdk.internal.reflect.NativeMethodAccessorImpl.invoke(NativeMethodAccessorImpl.java:62)
	at java.base/jdk.internal.reflect.DelegatingMethodAccessorImpl.invoke(DelegatingMethodAccessorImpl.java:43)
	at java.base/java.lang.reflect.Method.invoke(Method.java:564)
	at org.apache.maven.surefire.util.ReflectionUtils.invokeMethodWithArray(ReflectionUtils.java:189)
	at org.apache.maven.surefire.booter.ProviderFactory$ProviderProxy.invoke(ProviderFactory.java:165)
	at org.apache.maven.surefire.booter.ProviderFactory.invokeProvider(ProviderFactory.java:85)
	at org.apache.maven.surefire.booter.ForkedBooter.runSuitesInProcess(ForkedBooter.java:115)
	at org.apache.maven.surefire.booter.ForkedBooter.main(ForkedBooter.java:75)

WARNING: HK2 service reification failed for [org.glassfish.jersey.jaxb.internal.XmlJaxbElementProvider$App] with an exception:
MultiException stack 1 of 2
java.lang.NoClassDefFoundError: javax/xml/bind/PropertyException
	at java.base/java.lang.Class.getDeclaredConstructors0(Native Method)
	at java.base/java.lang.Class.privateGetDeclaredConstructors(Class.java:3090)
	at java.base/java.lang.Class.getDeclaredConstructors(Class.java:2316)
	at org.jvnet.hk2.internal.Utilities$3.run(Utilities.java:1308)
	at org.jvnet.hk2.internal.Utilities$3.run(Utilities.java:1304)
	at java.base/java.security.AccessController.doPrivileged(Native Method)
	at org.jvnet.hk2.internal.Utilities.getAllConstructors(Utilities.java:1304)
	at org.jvnet.hk2.internal.Utilities.findProducerConstructor(Utilities.java:1247)
	at org.jvnet.hk2.internal.DefaultClassAnalyzer.getConstructor(DefaultClassAnalyzer.java:83)
	at org.glassfish.jersey.internal.inject.JerseyClassAnalyzer.getConstructor(JerseyClassAnalyzer.java:144)
	at org.jvnet.hk2.internal.Utilities.getConstructor(Utilities.java:178)
	at org.jvnet.hk2.internal.ClazzCreator.initialize(ClazzCreator.java:129)
	at org.jvnet.hk2.internal.ClazzCreator.initialize(ClazzCreator.java:180)
	at org.jvnet.hk2.internal.SystemDescriptor.internalReify(SystemDescriptor.java:740)
	at org.jvnet.hk2.internal.SystemDescriptor.reify(SystemDescriptor.java:694)
	at org.jvnet.hk2.internal.ServiceLocatorImpl.reifyDescriptor(ServiceLocatorImpl.java:461)
	at org.jvnet.hk2.internal.ServiceLocatorImpl.narrow(ServiceLocatorImpl.java:2288)
	at org.jvnet.hk2.internal.ServiceLocatorImpl.access$1200(ServiceLocatorImpl.java:125)
	at org.jvnet.hk2.internal.ServiceLocatorImpl$9.compute(ServiceLocatorImpl.java:1373)
	at org.jvnet.hk2.internal.ServiceLocatorImpl$9.compute(ServiceLocatorImpl.java:1368)
	at org.glassfish.hk2.utilities.cache.internal.WeakCARCacheImpl.compute(WeakCARCacheImpl.java:116)
	at org.jvnet.hk2.internal.ServiceLocatorImpl.internalGetAllServiceHandles(ServiceLocatorImpl.java:1430)
	at org.jvnet.hk2.internal.ServiceLocatorImpl.getAllServiceHandles(ServiceLocatorImpl.java:1355)
	at org.jvnet.hk2.internal.ServiceLocatorImpl.getAllServiceHandles(ServiceLocatorImpl.java:1344)
	at org.glassfish.jersey.internal.inject.Providers.getServiceHandles(Providers.java:354)
	at org.glassfish.jersey.internal.inject.Providers.getCustomProviders(Providers.java:201)
	at org.glassfish.jersey.message.internal.MessageBodyFactory.&lt;init&gt;(MessageBodyFactory.java:247)
	at java.base/jdk.internal.reflect.NativeConstructorAccessorImpl.newInstance0(Native Method)
	at java.base/jdk.internal.reflect.NativeConstructorAccessorImpl.newInstance(NativeConstructorAccessorImpl.java:62)
	at java.base/jdk.internal.reflect.DelegatingConstructorAccessorImpl.newInstance(DelegatingConstructorAccessorImpl.java:45)
	at java.base/java.lang.reflect.Constructor.newInstance(Constructor.java:488)
	at org.glassfish.hk2.utilities.reflection.ReflectionHelper.makeMe(ReflectionHelper.java:1375)
	at org.jvnet.hk2.internal.ClazzCreator.createMe(ClazzCreator.java:272)
	at org.jvnet.hk2.internal.ClazzCreator.create(ClazzCreator.java:366)
	at org.jvnet.hk2.internal.SystemDescriptor.create(SystemDescriptor.java:487)
	at org.jvnet.hk2.internal.SingletonContext$1.compute(SingletonContext.java:83)
	at org.jvnet.hk2.internal.SingletonContext$1.compute(SingletonContext.java:71)
	at org.glassfish.hk2.utilities.cache.Cache$OriginThreadAwareFuture$1.call(Cache.java:97)
	at java.base/java.util.concurrent.FutureTask.run(FutureTask.java:264)
	at org.glassfish.hk2.utilities.cache.Cache$OriginThreadAwareFuture.run(Cache.java:154)
	at org.glassfish.hk2.utilities.cache.Cache.compute(Cache.java:199)
	at org.jvnet.hk2.internal.SingletonContext.findOrCreate(SingletonContext.java:122)
	at org.jvnet.hk2.internal.Utilities.createService(Utilities.java:2022)
	at org.jvnet.hk2.internal.ServiceLocatorImpl.internalGetService(ServiceLocatorImpl.java:774)
	at org.jvnet.hk2.internal.ServiceLocatorImpl.internalGetService(ServiceLocatorImpl.java:737)
	at org.jvnet.hk2.internal.ServiceLocatorImpl.getService(ServiceLocatorImpl.java:707)
	at org.glassfish.jersey.server.model.ComponentModelValidator.&lt;init&gt;(ComponentModelValidator.java:97)
	at org.glassfish.jersey.server.ApplicationHandler.initialize(ApplicationHandler.java:549)
	at org.glassfish.jersey.server.ApplicationHandler.access$500(ApplicationHandler.java:184)
	at org.glassfish.jersey.server.ApplicationHandler$3.call(ApplicationHandler.java:350)
	at org.glassfish.jersey.server.ApplicationHandler$3.call(ApplicationHandler.java:347)
	at org.glassfish.jersey.internal.Errors.process(Errors.java:315)
	at org.glassfish.jersey.internal.Errors.process(Errors.java:297)
	at org.glassfish.jersey.internal.Errors.processWithException(Errors.java:255)
	at org.glassfish.jersey.server.ApplicationHandler.&lt;init&gt;(ApplicationHandler.java:347)
	at org.glassfish.jersey.server.ApplicationHandler.&lt;init&gt;(ApplicationHandler.java:311)
	at org.glassfish.jersey.grizzly2.httpserver.GrizzlyHttpContainer.&lt;init&gt;(GrizzlyHttpContainer.java:337)
	at org.glassfish.jersey.grizzly2.httpserver.GrizzlyHttpServerFactory.createHttpServer(GrizzlyHttpServerFactory.java:119)
	at com.example.Main.startServer(Main.java:30)
	at com.example.MyResourceTest.setUp(MyResourceTest.java:22)
	at java.base/jdk.internal.reflect.NativeMethodAccessorImpl.invoke0(Native Method)
	at java.base/jdk.internal.reflect.NativeMethodAccessorImpl.invoke(NativeMethodAccessorImpl.java:62)
	at java.base/jdk.internal.reflect.DelegatingMethodAccessorImpl.invoke(DelegatingMethodAccessorImpl.java:43)
	at java.base/java.lang.reflect.Method.invoke(Method.java:564)
	at org.junit.runners.model.FrameworkMethod$1.runReflectiveCall(FrameworkMethod.java:44)
	at org.junit.internal.runners.model.ReflectiveCallable.run(ReflectiveCallable.java:15)
	at org.junit.runners.model.FrameworkMethod.invokeExplosively(FrameworkMethod.java:41)
	at org.junit.internal.runners.statements.RunBefores.evaluate(RunBefores.java:27)
	at org.junit.internal.runners.statements.RunAfters.evaluate(RunAfters.java:31)
	at org.junit.runners.ParentRunner.runLeaf(ParentRunner.java:263)
	at org.junit.runners.BlockJUnit4ClassRunner.runChild(BlockJUnit4ClassRunner.java:69)
	at org.junit.runners.BlockJUnit4ClassRunner.runChild(BlockJUnit4ClassRunner.java:48)
	at org.junit.runners.ParentRunner$3.run(ParentRunner.java:231)
	at org.junit.runners.ParentRunner$1.schedule(ParentRunner.java:60)
	at org.junit.runners.ParentRunner.runChildren(ParentRunner.java:229)
	at org.junit.runners.ParentRunner.access$000(ParentRunner.java:50)
	at org.junit.runners.ParentRunner$2.evaluate(ParentRunner.java:222)
	at org.junit.runners.ParentRunner.run(ParentRunner.java:292)
	at org.apache.maven.surefire.junit4.JUnit4Provider.execute(JUnit4Provider.java:252)
	at org.apache.maven.surefire.junit4.JUnit4Provider.executeTestSet(JUnit4Provider.java:141)
	at org.apache.maven.surefire.junit4.JUnit4Provider.invoke(JUnit4Provider.java:112)
	at java.base/jdk.internal.reflect.NativeMethodAccessorImpl.invoke0(Native Method)
	at java.base/jdk.internal.reflect.NativeMethodAccessorImpl.invoke(NativeMethodAccessorImpl.java:62)
	at java.base/jdk.internal.reflect.DelegatingMethodAccessorImpl.invoke(DelegatingMethodAccessorImpl.java:43)
	at java.base/java.lang.reflect.Method.invoke(Method.java:564)
	at org.apache.maven.surefire.util.ReflectionUtils.invokeMethodWithArray(ReflectionUtils.java:189)
	at org.apache.maven.surefire.booter.ProviderFactory$ProviderProxy.invoke(ProviderFactory.java:165)
	at org.apache.maven.surefire.booter.ProviderFactory.invokeProvider(ProviderFactory.java:85)
	at org.apache.maven.surefire.booter.ForkedBooter.runSuitesInProcess(ForkedBooter.java:115)
	at org.apache.maven.surefire.booter.ForkedBooter.main(ForkedBooter.java:75)
Caused by: java.lang.ClassNotFoundException: javax.xml.bind.PropertyException
	at java.base/jdk.internal.loader.BuiltinClassLoader.loadClass(BuiltinClassLoader.java:582)
	at java.base/jdk.internal.loader.ClassLoaders$AppClassLoader.loadClass(ClassLoaders.java:190)
	at java.base/java.lang.ClassLoader.loadClass(ClassLoader.java:499)
	... 90 more
MultiException stack 2 of 2
java.lang.IllegalArgumentException: Errors were discovered while reifying SystemDescriptor(
	implementation=org.glassfish.jersey.jaxb.internal.XmlJaxbElementProvider$App
	contracts={javax.ws.rs.ext.MessageBodyWriter,javax.ws.rs.ext.MessageBodyReader}
	scope=javax.inject.Singleton
	qualifiers={}
	descriptorType=CLASS
	descriptorVisibility=NORMAL
	metadata=
	rank=0
	loader=org.glassfish.hk2.utilities.binding.AbstractBinder$2@16fdec90
	proxiable=null
	proxyForSameScope=null
	analysisName=null
	id=101
	locatorId=0
	identityHashCode=452842611
	reified=false)
	at org.jvnet.hk2.internal.SystemDescriptor.reify(SystemDescriptor.java:705)
	at org.jvnet.hk2.internal.ServiceLocatorImpl.reifyDescriptor(ServiceLocatorImpl.java:461)
	at org.jvnet.hk2.internal.ServiceLocatorImpl.narrow(ServiceLocatorImpl.java:2288)
	at org.jvnet.hk2.internal.ServiceLocatorImpl.access$1200(ServiceLocatorImpl.java:125)
	at org.jvnet.hk2.internal.ServiceLocatorImpl$9.compute(ServiceLocatorImpl.java:1373)
	at org.jvnet.hk2.internal.ServiceLocatorImpl$9.compute(ServiceLocatorImpl.java:1368)
	at org.glassfish.hk2.utilities.cache.internal.WeakCARCacheImpl.compute(WeakCARCacheImpl.java:116)
	at org.jvnet.hk2.internal.ServiceLocatorImpl.internalGetAllServiceHandles(ServiceLocatorImpl.java:1430)
	at org.jvnet.hk2.internal.ServiceLocatorImpl.getAllServiceHandles(ServiceLocatorImpl.java:1355)
	at org.jvnet.hk2.internal.ServiceLocatorImpl.getAllServiceHandles(ServiceLocatorImpl.java:1344)
	at org.glassfish.jersey.internal.inject.Providers.getServiceHandles(Providers.java:354)
	at org.glassfish.jersey.internal.inject.Providers.getCustomProviders(Providers.java:201)
	at org.glassfish.jersey.message.internal.MessageBodyFactory.&lt;init&gt;(MessageBodyFactory.java:247)
	at java.base/jdk.internal.reflect.NativeConstructorAccessorImpl.newInstance0(Native Method)
	at java.base/jdk.internal.reflect.NativeConstructorAccessorImpl.newInstance(NativeConstructorAccessorImpl.java:62)
	at java.base/jdk.internal.reflect.DelegatingConstructorAccessorImpl.newInstance(DelegatingConstructorAccessorImpl.java:45)
	at java.base/java.lang.reflect.Constructor.newInstance(Constructor.java:488)
	at org.glassfish.hk2.utilities.reflection.ReflectionHelper.makeMe(ReflectionHelper.java:1375)
	at org.jvnet.hk2.internal.ClazzCreator.createMe(ClazzCreator.java:272)
	at org.jvnet.hk2.internal.ClazzCreator.create(ClazzCreator.java:366)
	at org.jvnet.hk2.internal.SystemDescriptor.create(SystemDescriptor.java:487)
	at org.jvnet.hk2.internal.SingletonContext$1.compute(SingletonContext.java:83)
	at org.jvnet.hk2.internal.SingletonContext$1.compute(SingletonContext.java:71)
	at org.glassfish.hk2.utilities.cache.Cache$OriginThreadAwareFuture$1.call(Cache.java:97)
	at java.base/java.util.concurrent.FutureTask.run(FutureTask.java:264)
	at org.glassfish.hk2.utilities.cache.Cache$OriginThreadAwareFuture.run(Cache.java:154)
	at org.glassfish.hk2.utilities.cache.Cache.compute(Cache.java:199)
	at org.jvnet.hk2.internal.SingletonContext.findOrCreate(SingletonContext.java:122)
	at org.jvnet.hk2.internal.Utilities.createService(Utilities.java:2022)
	at org.jvnet.hk2.internal.ServiceLocatorImpl.internalGetService(ServiceLocatorImpl.java:774)
	at org.jvnet.hk2.internal.ServiceLocatorImpl.internalGetService(ServiceLocatorImpl.java:737)
	at org.jvnet.hk2.internal.ServiceLocatorImpl.getService(ServiceLocatorImpl.java:707)
	at org.glassfish.jersey.server.model.ComponentModelValidator.&lt;init&gt;(ComponentModelValidator.java:97)
	at org.glassfish.jersey.server.ApplicationHandler.initialize(ApplicationHandler.java:549)
	at org.glassfish.jersey.server.ApplicationHandler.access$500(ApplicationHandler.java:184)
	at org.glassfish.jersey.server.ApplicationHandler$3.call(ApplicationHandler.java:350)
	at org.glassfish.jersey.server.ApplicationHandler$3.call(ApplicationHandler.java:347)
	at org.glassfish.jersey.internal.Errors.process(Errors.java:315)
	at org.glassfish.jersey.internal.Errors.process(Errors.java:297)
	at org.glassfish.jersey.internal.Errors.processWithException(Errors.java:255)
	at org.glassfish.jersey.server.ApplicationHandler.&lt;init&gt;(ApplicationHandler.java:347)
	at org.glassfish.jersey.server.ApplicationHandler.&lt;init&gt;(ApplicationHandler.java:311)
	at org.glassfish.jersey.grizzly2.httpserver.GrizzlyHttpContainer.&lt;init&gt;(GrizzlyHttpContainer.java:337)
	at org.glassfish.jersey.grizzly2.httpserver.GrizzlyHttpServerFactory.createHttpServer(GrizzlyHttpServerFactory.java:119)
	at com.example.Main.startServer(Main.java:30)
	at com.example.MyResourceTest.setUp(MyResourceTest.java:22)
	at java.base/jdk.internal.reflect.NativeMethodAccessorImpl.invoke0(Native Method)
	at java.base/jdk.internal.reflect.NativeMethodAccessorImpl.invoke(NativeMethodAccessorImpl.java:62)
	at java.base/jdk.internal.reflect.DelegatingMethodAccessorImpl.invoke(DelegatingMethodAccessorImpl.java:43)
	at java.base/java.lang.reflect.Method.invoke(Method.java:564)
	at org.junit.runners.model.FrameworkMethod$1.runReflectiveCall(FrameworkMethod.java:44)
	at org.junit.internal.runners.model.ReflectiveCallable.run(ReflectiveCallable.java:15)
	at org.junit.runners.model.FrameworkMethod.invokeExplosively(FrameworkMethod.java:41)
	at org.junit.internal.runners.statements.RunBefores.evaluate(RunBefores.java:27)
	at org.junit.internal.runners.statements.RunAfters.evaluate(RunAfters.java:31)
	at org.junit.runners.ParentRunner.runLeaf(ParentRunner.java:263)
	at org.junit.runners.BlockJUnit4ClassRunner.runChild(BlockJUnit4ClassRunner.java:69)
	at org.junit.runners.BlockJUnit4ClassRunner.runChild(BlockJUnit4ClassRunner.java:48)
	at org.junit.runners.ParentRunner$3.run(ParentRunner.java:231)
	at org.junit.runners.ParentRunner$1.schedule(ParentRunner.java:60)
	at org.junit.runners.ParentRunner.runChildren(ParentRunner.java:229)
	at org.junit.runners.ParentRunner.access$000(ParentRunner.java:50)
	at org.junit.runners.ParentRunner$2.evaluate(ParentRunner.java:222)
	at org.junit.runners.ParentRunner.run(ParentRunner.java:292)
	at org.apache.maven.surefire.junit4.JUnit4Provider.execute(JUnit4Provider.java:252)
	at org.apache.maven.surefire.junit4.JUnit4Provider.executeTestSet(JUnit4Provider.java:141)
	at org.apache.maven.surefire.junit4.JUnit4Provider.invoke(JUnit4Provider.java:112)
	at java.base/jdk.internal.reflect.NativeMethodAccessorImpl.invoke0(Native Method)
	at java.base/jdk.internal.reflect.NativeMethodAccessorImpl.invoke(NativeMethodAccessorImpl.java:62)
	at java.base/jdk.internal.reflect.DelegatingMethodAccessorImpl.invoke(DelegatingMethodAccessorImpl.java:43)
	at java.base/java.lang.reflect.Method.invoke(Method.java:564)
	at org.apache.maven.surefire.util.ReflectionUtils.invokeMethodWithArray(ReflectionUtils.java:189)
	at org.apache.maven.surefire.booter.ProviderFactory$ProviderProxy.invoke(ProviderFactory.java:165)
	at org.apache.maven.surefire.booter.ProviderFactory.invokeProvider(ProviderFactory.java:85)
	at org.apache.maven.surefire.booter.ForkedBooter.runSuitesInProcess(ForkedBooter.java:115)
	at org.apache.maven.surefire.booter.ForkedBooter.main(ForkedBooter.java:75)

WARNING: HK2 service reification failed for [org.glassfish.jersey.jaxb.internal.XmlJaxbElementProvider$Text] with an exception:
MultiException stack 1 of 2
java.lang.NoClassDefFoundError: javax/xml/bind/PropertyException
	at java.base/java.lang.Class.getDeclaredConstructors0(Native Method)
	at java.base/java.lang.Class.privateGetDeclaredConstructors(Class.java:3090)
	at java.base/java.lang.Class.getDeclaredConstructors(Class.java:2316)
	at org.jvnet.hk2.internal.Utilities$3.run(Utilities.java:1308)
	at org.jvnet.hk2.internal.Utilities$3.run(Utilities.java:1304)
	at java.base/java.security.AccessController.doPrivileged(Native Method)
	at org.jvnet.hk2.internal.Utilities.getAllConstructors(Utilities.java:1304)
	at org.jvnet.hk2.internal.Utilities.findProducerConstructor(Utilities.java:1247)
	at org.jvnet.hk2.internal.DefaultClassAnalyzer.getConstructor(DefaultClassAnalyzer.java:83)
	at org.glassfish.jersey.internal.inject.JerseyClassAnalyzer.getConstructor(JerseyClassAnalyzer.java:144)
	at org.jvnet.hk2.internal.Utilities.getConstructor(Utilities.java:178)
	at org.jvnet.hk2.internal.ClazzCreator.initialize(ClazzCreator.java:129)
	at org.jvnet.hk2.internal.ClazzCreator.initialize(ClazzCreator.java:180)
	at org.jvnet.hk2.internal.SystemDescriptor.internalReify(SystemDescriptor.java:740)
	at org.jvnet.hk2.internal.SystemDescriptor.reify(SystemDescriptor.java:694)
	at org.jvnet.hk2.internal.ServiceLocatorImpl.reifyDescriptor(ServiceLocatorImpl.java:461)
	at org.jvnet.hk2.internal.ServiceLocatorImpl.narrow(ServiceLocatorImpl.java:2288)
	at org.jvnet.hk2.internal.ServiceLocatorImpl.access$1200(ServiceLocatorImpl.java:125)
	at org.jvnet.hk2.internal.ServiceLocatorImpl$9.compute(ServiceLocatorImpl.java:1373)
	at org.jvnet.hk2.internal.ServiceLocatorImpl$9.compute(ServiceLocatorImpl.java:1368)
	at org.glassfish.hk2.utilities.cache.internal.WeakCARCacheImpl.compute(WeakCARCacheImpl.java:116)
	at org.jvnet.hk2.internal.ServiceLocatorImpl.internalGetAllServiceHandles(ServiceLocatorImpl.java:1430)
	at org.jvnet.hk2.internal.ServiceLocatorImpl.getAllServiceHandles(ServiceLocatorImpl.java:1355)
	at org.jvnet.hk2.internal.ServiceLocatorImpl.getAllServiceHandles(ServiceLocatorImpl.java:1344)
	at org.glassfish.jersey.internal.inject.Providers.getServiceHandles(Providers.java:354)
	at org.glassfish.jersey.internal.inject.Providers.getCustomProviders(Providers.java:201)
	at org.glassfish.jersey.message.internal.MessageBodyFactory.&lt;init&gt;(MessageBodyFactory.java:247)
	at java.base/jdk.internal.reflect.NativeConstructorAccessorImpl.newInstance0(Native Method)
	at java.base/jdk.internal.reflect.NativeConstructorAccessorImpl.newInstance(NativeConstructorAccessorImpl.java:62)
	at java.base/jdk.internal.reflect.DelegatingConstructorAccessorImpl.newInstance(DelegatingConstructorAccessorImpl.java:45)
	at java.base/java.lang.reflect.Constructor.newInstance(Constructor.java:488)
	at org.glassfish.hk2.utilities.reflection.ReflectionHelper.makeMe(ReflectionHelper.java:1375)
	at org.jvnet.hk2.internal.ClazzCreator.createMe(ClazzCreator.java:272)
	at org.jvnet.hk2.internal.ClazzCreator.create(ClazzCreator.java:366)
	at org.jvnet.hk2.internal.SystemDescriptor.create(SystemDescriptor.java:487)
	at org.jvnet.hk2.internal.SingletonContext$1.compute(SingletonContext.java:83)
	at org.jvnet.hk2.internal.SingletonContext$1.compute(SingletonContext.java:71)
	at org.glassfish.hk2.utilities.cache.Cache$OriginThreadAwareFuture$1.call(Cache.java:97)
	at java.base/java.util.concurrent.FutureTask.run(FutureTask.java:264)
	at org.glassfish.hk2.utilities.cache.Cache$OriginThreadAwareFuture.run(Cache.java:154)
	at org.glassfish.hk2.utilities.cache.Cache.compute(Cache.java:199)
	at org.jvnet.hk2.internal.SingletonContext.findOrCreate(SingletonContext.java:122)
	at org.jvnet.hk2.internal.Utilities.createService(Utilities.java:2022)
	at org.jvnet.hk2.internal.ServiceLocatorImpl.internalGetService(ServiceLocatorImpl.java:774)
	at org.jvnet.hk2.internal.ServiceLocatorImpl.internalGetService(ServiceLocatorImpl.java:737)
	at org.jvnet.hk2.internal.ServiceLocatorImpl.getService(ServiceLocatorImpl.java:707)
	at org.glassfish.jersey.server.model.ComponentModelValidator.&lt;init&gt;(ComponentModelValidator.java:97)
	at org.glassfish.jersey.server.ApplicationHandler.initialize(ApplicationHandler.java:549)
	at org.glassfish.jersey.server.ApplicationHandler.access$500(ApplicationHandler.java:184)
	at org.glassfish.jersey.server.ApplicationHandler$3.call(ApplicationHandler.java:350)
	at org.glassfish.jersey.server.ApplicationHandler$3.call(ApplicationHandler.java:347)
	at org.glassfish.jersey.internal.Errors.process(Errors.java:315)
	at org.glassfish.jersey.internal.Errors.process(Errors.java:297)
	at org.glassfish.jersey.internal.Errors.processWithException(Errors.java:255)
	at org.glassfish.jersey.server.ApplicationHandler.&lt;init&gt;(ApplicationHandler.java:347)
	at org.glassfish.jersey.server.ApplicationHandler.&lt;init&gt;(ApplicationHandler.java:311)
	at org.glassfish.jersey.grizzly2.httpserver.GrizzlyHttpContainer.&lt;init&gt;(GrizzlyHttpContainer.java:337)
	at org.glassfish.jersey.grizzly2.httpserver.GrizzlyHttpServerFactory.createHttpServer(GrizzlyHttpServerFactory.java:119)
	at com.example.Main.startServer(Main.java:30)
	at com.example.MyResourceTest.setUp(MyResourceTest.java:22)
	at java.base/jdk.internal.reflect.NativeMethodAccessorImpl.invoke0(Native Method)
	at java.base/jdk.internal.reflect.NativeMethodAccessorImpl.invoke(NativeMethodAccessorImpl.java:62)
	at java.base/jdk.internal.reflect.DelegatingMethodAccessorImpl.invoke(DelegatingMethodAccessorImpl.java:43)
	at java.base/java.lang.reflect.Method.invoke(Method.java:564)
	at org.junit.runners.model.FrameworkMethod$1.runReflectiveCall(FrameworkMethod.java:44)
	at org.junit.internal.runners.model.ReflectiveCallable.run(ReflectiveCallable.java:15)
	at org.junit.runners.model.FrameworkMethod.invokeExplosively(FrameworkMethod.java:41)
	at org.junit.internal.runners.statements.RunBefores.evaluate(RunBefores.java:27)
	at org.junit.internal.runners.statements.RunAfters.evaluate(RunAfters.java:31)
	at org.junit.runners.ParentRunner.runLeaf(ParentRunner.java:263)
	at org.junit.runners.BlockJUnit4ClassRunner.runChild(BlockJUnit4ClassRunner.java:69)
	at org.junit.runners.BlockJUnit4ClassRunner.runChild(BlockJUnit4ClassRunner.java:48)
	at org.junit.runners.ParentRunner$3.run(ParentRunner.java:231)
	at org.junit.runners.ParentRunner$1.schedule(ParentRunner.java:60)
	at org.junit.runners.ParentRunner.runChildren(ParentRunner.java:229)
	at org.junit.runners.ParentRunner.access$000(ParentRunner.java:50)
	at org.junit.runners.ParentRunner$2.evaluate(ParentRunner.java:222)
	at org.junit.runners.ParentRunner.run(ParentRunner.java:292)
	at org.apache.maven.surefire.junit4.JUnit4Provider.execute(JUnit4Provider.java:252)
	at org.apache.maven.surefire.junit4.JUnit4Provider.executeTestSet(JUnit4Provider.java:141)
	at org.apache.maven.surefire.junit4.JUnit4Provider.invoke(JUnit4Provider.java:112)
	at java.base/jdk.internal.reflect.NativeMethodAccessorImpl.invoke0(Native Method)
	at java.base/jdk.internal.reflect.NativeMethodAccessorImpl.invoke(NativeMethodAccessorImpl.java:62)
	at java.base/jdk.internal.reflect.DelegatingMethodAccessorImpl.invoke(DelegatingMethodAccessorImpl.java:43)
	at java.base/java.lang.reflect.Method.invoke(Method.java:564)
	at org.apache.maven.surefire.util.ReflectionUtils.invokeMethodWithArray(ReflectionUtils.java:189)
	at org.apache.maven.surefire.booter.ProviderFactory$ProviderProxy.invoke(ProviderFactory.java:165)
	at org.apache.maven.surefire.booter.ProviderFactory.invokeProvider(ProviderFactory.java:85)
	at org.apache.maven.surefire.booter.ForkedBooter.runSuitesInProcess(ForkedBooter.java:115)
	at org.apache.maven.surefire.booter.ForkedBooter.main(ForkedBooter.java:75)
Caused by: java.lang.ClassNotFoundException: javax.xml.bind.PropertyException
	at java.base/jdk.internal.loader.BuiltinClassLoader.loadClass(BuiltinClassLoader.java:582)
	at java.base/jdk.internal.loader.ClassLoaders$AppClassLoader.loadClass(ClassLoaders.java:190)
	at java.base/java.lang.ClassLoader.loadClass(ClassLoader.java:499)
	... 90 more
MultiException stack 2 of 2
java.lang.IllegalArgumentException: Errors were discovered while reifying SystemDescriptor(
	implementation=org.glassfish.jersey.jaxb.internal.XmlJaxbElementProvider$Text
	contracts={javax.ws.rs.ext.MessageBodyWriter,javax.ws.rs.ext.MessageBodyReader}
	scope=javax.inject.Singleton
	qualifiers={}
	descriptorType=CLASS
	descriptorVisibility=NORMAL
	metadata=
	rank=0
	loader=org.glassfish.hk2.utilities.binding.AbstractBinder$2@16fdec90
	proxiable=null
	proxyForSameScope=null
	analysisName=null
	id=102
	locatorId=0
	identityHashCode=2031588185
	reified=false)
	at org.jvnet.hk2.internal.SystemDescriptor.reify(SystemDescriptor.java:705)
	at org.jvnet.hk2.internal.ServiceLocatorImpl.reifyDescriptor(ServiceLocatorImpl.java:461)
	at org.jvnet.hk2.internal.ServiceLocatorImpl.narrow(ServiceLocatorImpl.java:2288)
	at org.jvnet.hk2.internal.ServiceLocatorImpl.access$1200(ServiceLocatorImpl.java:125)
	at org.jvnet.hk2.internal.ServiceLocatorImpl$9.compute(ServiceLocatorImpl.java:1373)
	at org.jvnet.hk2.internal.ServiceLocatorImpl$9.compute(ServiceLocatorImpl.java:1368)
	at org.glassfish.hk2.utilities.cache.internal.WeakCARCacheImpl.compute(WeakCARCacheImpl.java:116)
	at org.jvnet.hk2.internal.ServiceLocatorImpl.internalGetAllServiceHandles(ServiceLocatorImpl.java:1430)
	at org.jvnet.hk2.internal.ServiceLocatorImpl.getAllServiceHandles(ServiceLocatorImpl.java:1355)
	at org.jvnet.hk2.internal.ServiceLocatorImpl.getAllServiceHandles(ServiceLocatorImpl.java:1344)
	at org.glassfish.jersey.internal.inject.Providers.getServiceHandles(Providers.java:354)
	at org.glassfish.jersey.internal.inject.Providers.getCustomProviders(Providers.java:201)
	at org.glassfish.jersey.message.internal.MessageBodyFactory.&lt;init&gt;(MessageBodyFactory.java:247)
	at java.base/jdk.internal.reflect.NativeConstructorAccessorImpl.newInstance0(Native Method)
	at java.base/jdk.internal.reflect.NativeConstructorAccessorImpl.newInstance(NativeConstructorAccessorImpl.java:62)
	at java.base/jdk.internal.reflect.DelegatingConstructorAccessorImpl.newInstance(DelegatingConstructorAccessorImpl.java:45)
	at java.base/java.lang.reflect.Constructor.newInstance(Constructor.java:488)
	at org.glassfish.hk2.utilities.reflection.ReflectionHelper.makeMe(ReflectionHelper.java:1375)
	at org.jvnet.hk2.internal.ClazzCreator.createMe(ClazzCreator.java:272)
	at org.jvnet.hk2.internal.ClazzCreator.create(ClazzCreator.java:366)
	at org.jvnet.hk2.internal.SystemDescriptor.create(SystemDescriptor.java:487)
	at org.jvnet.hk2.internal.SingletonContext$1.compute(SingletonContext.java:83)
	at org.jvnet.hk2.internal.SingletonContext$1.compute(SingletonContext.java:71)
	at org.glassfish.hk2.utilities.cache.Cache$OriginThreadAwareFuture$1.call(Cache.java:97)
	at java.base/java.util.concurrent.FutureTask.run(FutureTask.java:264)
	at org.glassfish.hk2.utilities.cache.Cache$OriginThreadAwareFuture.run(Cache.java:154)
	at org.glassfish.hk2.utilities.cache.Cache.compute(Cache.java:199)
	at org.jvnet.hk2.internal.SingletonContext.findOrCreate(SingletonContext.java:122)
	at org.jvnet.hk2.internal.Utilities.createService(Utilities.java:2022)
	at org.jvnet.hk2.internal.ServiceLocatorImpl.internalGetService(ServiceLocatorImpl.java:774)
	at org.jvnet.hk2.internal.ServiceLocatorImpl.internalGetService(ServiceLocatorImpl.java:737)
	at org.jvnet.hk2.internal.ServiceLocatorImpl.getService(ServiceLocatorImpl.java:707)
	at org.glassfish.jersey.server.model.ComponentModelValidator.&lt;init&gt;(ComponentModelValidator.java:97)
	at org.glassfish.jersey.server.ApplicationHandler.initialize(ApplicationHandler.java:549)
	at org.glassfish.jersey.server.ApplicationHandler.access$500(ApplicationHandler.java:184)
	at org.glassfish.jersey.server.ApplicationHandler$3.call(ApplicationHandler.java:350)
	at org.glassfish.jersey.server.ApplicationHandler$3.call(ApplicationHandler.java:347)
	at org.glassfish.jersey.internal.Errors.process(Errors.java:315)
	at org.glassfish.jersey.internal.Errors.process(Errors.java:297)
	at org.glassfish.jersey.internal.Errors.processWithException(Errors.java:255)
	at org.glassfish.jersey.server.ApplicationHandler.&lt;init&gt;(ApplicationHandler.java:347)
	at org.glassfish.jersey.server.ApplicationHandler.&lt;init&gt;(ApplicationHandler.java:311)
	at org.glassfish.jersey.grizzly2.httpserver.GrizzlyHttpContainer.&lt;init&gt;(GrizzlyHttpContainer.java:337)
	at org.glassfish.jersey.grizzly2.httpserver.GrizzlyHttpServerFactory.createHttpServer(GrizzlyHttpServerFactory.java:119)
	at com.example.Main.startServer(Main.java:30)
	at com.example.MyResourceTest.setUp(MyResourceTest.java:22)
	at java.base/jdk.internal.reflect.NativeMethodAccessorImpl.invoke0(Native Method)
	at java.base/jdk.internal.reflect.NativeMethodAccessorImpl.invoke(NativeMethodAccessorImpl.java:62)
	at java.base/jdk.internal.reflect.DelegatingMethodAccessorImpl.invoke(DelegatingMethodAccessorImpl.java:43)
	at java.base/java.lang.reflect.Method.invoke(Method.java:564)
	at org.junit.runners.model.FrameworkMethod$1.runReflectiveCall(FrameworkMethod.java:44)
	at org.junit.internal.runners.model.ReflectiveCallable.run(ReflectiveCallable.java:15)
	at org.junit.runners.model.FrameworkMethod.invokeExplosively(FrameworkMethod.java:41)
	at org.junit.internal.runners.statements.RunBefores.evaluate(RunBefores.java:27)
	at org.junit.internal.runners.statements.RunAfters.evaluate(RunAfters.java:31)
	at org.junit.runners.ParentRunner.runLeaf(ParentRunner.java:263)
	at org.junit.runners.BlockJUnit4ClassRunner.runChild(BlockJUnit4ClassRunner.java:69)
	at org.junit.runners.BlockJUnit4ClassRunner.runChild(BlockJUnit4ClassRunner.java:48)
	at org.junit.runners.ParentRunner$3.run(ParentRunner.java:231)
	at org.junit.runners.ParentRunner$1.schedule(ParentRunner.java:60)
	at org.junit.runners.ParentRunner.runChildren(ParentRunner.java:229)
	at org.junit.runners.ParentRunner.access$000(ParentRunner.java:50)
	at org.junit.runners.ParentRunner$2.evaluate(ParentRunner.java:222)
	at org.junit.runners.ParentRunner.run(ParentRunner.java:292)
	at org.apache.maven.surefire.junit4.JUnit4Provider.execute(JUnit4Provider.java:252)
	at org.apache.maven.surefire.junit4.JUnit4Provider.executeTestSet(JUnit4Provider.java:141)
	at org.apache.maven.surefire.junit4.JUnit4Provider.invoke(JUnit4Provider.java:112)
	at java.base/jdk.internal.reflect.NativeMethodAccessorImpl.invoke0(Native Method)
	at java.base/jdk.internal.reflect.NativeMethodAccessorImpl.invoke(NativeMethodAccessorImpl.java:62)
	at java.base/jdk.internal.reflect.DelegatingMethodAccessorImpl.invoke(DelegatingMethodAccessorImpl.java:43)
	at java.base/java.lang.reflect.Method.invoke(Method.java:564)
	at org.apache.maven.surefire.util.ReflectionUtils.invokeMethodWithArray(ReflectionUtils.java:189)
	at org.apache.maven.surefire.booter.ProviderFactory$ProviderProxy.invoke(ProviderFactory.java:165)
	at org.apache.maven.surefire.booter.ProviderFactory.invokeProvider(ProviderFactory.java:85)
	at org.apache.maven.surefire.booter.ForkedBooter.runSuitesInProcess(ForkedBooter.java:115)
	at org.apache.maven.surefire.booter.ForkedBooter.main(ForkedBooter.java:75)

WARNING: HK2 service reification failed for [org.glassfish.jersey.jaxb.internal.XmlJaxbElementProvider$General] with an exception:
MultiException stack 1 of 2
java.lang.NoClassDefFoundError: javax/xml/bind/PropertyException
	at java.base/java.lang.Class.getDeclaredConstructors0(Native Method)
	at java.base/java.lang.Class.privateGetDeclaredConstructors(Class.java:3090)
	at java.base/java.lang.Class.getDeclaredConstructors(Class.java:2316)
	at org.jvnet.hk2.internal.Utilities$3.run(Utilities.java:1308)
	at org.jvnet.hk2.internal.Utilities$3.run(Utilities.java:1304)
	at java.base/java.security.AccessController.doPrivileged(Native Method)
	at org.jvnet.hk2.internal.Utilities.getAllConstructors(Utilities.java:1304)
	at org.jvnet.hk2.internal.Utilities.findProducerConstructor(Utilities.java:1247)
	at org.jvnet.hk2.internal.DefaultClassAnalyzer.getConstructor(DefaultClassAnalyzer.java:83)
	at org.glassfish.jersey.internal.inject.JerseyClassAnalyzer.getConstructor(JerseyClassAnalyzer.java:144)
	at org.jvnet.hk2.internal.Utilities.getConstructor(Utilities.java:178)
	at org.jvnet.hk2.internal.ClazzCreator.initialize(ClazzCreator.java:129)
	at org.jvnet.hk2.internal.ClazzCreator.initialize(ClazzCreator.java:180)
	at org.jvnet.hk2.internal.SystemDescriptor.internalReify(SystemDescriptor.java:740)
	at org.jvnet.hk2.internal.SystemDescriptor.reify(SystemDescriptor.java:694)
	at org.jvnet.hk2.internal.ServiceLocatorImpl.reifyDescriptor(ServiceLocatorImpl.java:461)
	at org.jvnet.hk2.internal.ServiceLocatorImpl.narrow(ServiceLocatorImpl.java:2288)
	at org.jvnet.hk2.internal.ServiceLocatorImpl.access$1200(ServiceLocatorImpl.java:125)
	at org.jvnet.hk2.internal.ServiceLocatorImpl$9.compute(ServiceLocatorImpl.java:1373)
	at org.jvnet.hk2.internal.ServiceLocatorImpl$9.compute(ServiceLocatorImpl.java:1368)
	at org.glassfish.hk2.utilities.cache.internal.WeakCARCacheImpl.compute(WeakCARCacheImpl.java:116)
	at org.jvnet.hk2.internal.ServiceLocatorImpl.internalGetAllServiceHandles(ServiceLocatorImpl.java:1430)
	at org.jvnet.hk2.internal.ServiceLocatorImpl.getAllServiceHandles(ServiceLocatorImpl.java:1355)
	at org.jvnet.hk2.internal.ServiceLocatorImpl.getAllServiceHandles(ServiceLocatorImpl.java:1344)
	at org.glassfish.jersey.internal.inject.Providers.getServiceHandles(Providers.java:354)
	at org.glassfish.jersey.internal.inject.Providers.getCustomProviders(Providers.java:201)
	at org.glassfish.jersey.message.internal.MessageBodyFactory.&lt;init&gt;(MessageBodyFactory.java:247)
	at java.base/jdk.internal.reflect.NativeConstructorAccessorImpl.newInstance0(Native Method)
	at java.base/jdk.internal.reflect.NativeConstructorAccessorImpl.newInstance(NativeConstructorAccessorImpl.java:62)
	at java.base/jdk.internal.reflect.DelegatingConstructorAccessorImpl.newInstance(DelegatingConstructorAccessorImpl.java:45)
	at java.base/java.lang.reflect.Constructor.newInstance(Constructor.java:488)
	at org.glassfish.hk2.utilities.reflection.ReflectionHelper.makeMe(ReflectionHelper.java:1375)
	at org.jvnet.hk2.internal.ClazzCreator.createMe(ClazzCreator.java:272)
	at org.jvnet.hk2.internal.ClazzCreator.create(ClazzCreator.java:366)
	at org.jvnet.hk2.internal.SystemDescriptor.create(SystemDescriptor.java:487)
	at org.jvnet.hk2.internal.SingletonContext$1.compute(SingletonContext.java:83)
	at org.jvnet.hk2.internal.SingletonContext$1.compute(SingletonContext.java:71)
	at org.glassfish.hk2.utilities.cache.Cache$OriginThreadAwareFuture$1.call(Cache.java:97)
	at java.base/java.util.concurrent.FutureTask.run(FutureTask.java:264)
	at org.glassfish.hk2.utilities.cache.Cache$OriginThreadAwareFuture.run(Cache.java:154)
	at org.glassfish.hk2.utilities.cache.Cache.compute(Cache.java:199)
	at org.jvnet.hk2.internal.SingletonContext.findOrCreate(SingletonContext.java:122)
	at org.jvnet.hk2.internal.Utilities.createService(Utilities.java:2022)
	at org.jvnet.hk2.internal.ServiceLocatorImpl.internalGetService(ServiceLocatorImpl.java:774)
	at org.jvnet.hk2.internal.ServiceLocatorImpl.internalGetService(ServiceLocatorImpl.java:737)
	at org.jvnet.hk2.internal.ServiceLocatorImpl.getService(ServiceLocatorImpl.java:707)
	at org.glassfish.jersey.server.model.ComponentModelValidator.&lt;init&gt;(ComponentModelValidator.java:97)
	at org.glassfish.jersey.server.ApplicationHandler.initialize(ApplicationHandler.java:549)
	at org.glassfish.jersey.server.ApplicationHandler.access$500(ApplicationHandler.java:184)
	at org.glassfish.jersey.server.ApplicationHandler$3.call(ApplicationHandler.java:350)
	at org.glassfish.jersey.server.ApplicationHandler$3.call(ApplicationHandler.java:347)
	at org.glassfish.jersey.internal.Errors.process(Errors.java:315)
	at org.glassfish.jersey.internal.Errors.process(Errors.java:297)
	at org.glassfish.jersey.internal.Errors.processWithException(Errors.java:255)
	at org.glassfish.jersey.server.ApplicationHandler.&lt;init&gt;(ApplicationHandler.java:347)
	at org.glassfish.jersey.server.ApplicationHandler.&lt;init&gt;(ApplicationHandler.java:311)
	at org.glassfish.jersey.grizzly2.httpserver.GrizzlyHttpContainer.&lt;init&gt;(GrizzlyHttpContainer.java:337)
	at org.glassfish.jersey.grizzly2.httpserver.GrizzlyHttpServerFactory.createHttpServer(GrizzlyHttpServerFactory.java:119)
	at com.example.Main.startServer(Main.java:30)
	at com.example.MyResourceTest.setUp(MyResourceTest.java:22)
	at java.base/jdk.internal.reflect.NativeMethodAccessorImpl.invoke0(Native Method)
	at java.base/jdk.internal.reflect.NativeMethodAccessorImpl.invoke(NativeMethodAccessorImpl.java:62)
	at java.base/jdk.internal.reflect.DelegatingMethodAccessorImpl.invoke(DelegatingMethodAccessorImpl.java:43)
	at java.base/java.lang.reflect.Method.invoke(Method.java:564)
	at org.junit.runners.model.FrameworkMethod$1.runReflectiveCall(FrameworkMethod.java:44)
	at org.junit.internal.runners.model.ReflectiveCallable.run(ReflectiveCallable.java:15)
	at org.junit.runners.model.FrameworkMethod.invokeExplosively(FrameworkMethod.java:41)
	at org.junit.internal.runners.statements.RunBefores.evaluate(RunBefores.java:27)
	at org.junit.internal.runners.statements.RunAfters.evaluate(RunAfters.java:31)
	at org.junit.runners.ParentRunner.runLeaf(ParentRunner.java:263)
	at org.junit.runners.BlockJUnit4ClassRunner.runChild(BlockJUnit4ClassRunner.java:69)
	at org.junit.runners.BlockJUnit4ClassRunner.runChild(BlockJUnit4ClassRunner.java:48)
	at org.junit.runners.ParentRunner$3.run(ParentRunner.java:231)
	at org.junit.runners.ParentRunner$1.schedule(ParentRunner.java:60)
	at org.junit.runners.ParentRunner.runChildren(ParentRunner.java:229)
	at org.junit.runners.ParentRunner.access$000(ParentRunner.java:50)
	at org.junit.runners.ParentRunner$2.evaluate(ParentRunner.java:222)
	at org.junit.runners.ParentRunner.run(ParentRunner.java:292)
	at org.apache.maven.surefire.junit4.JUnit4Provider.execute(JUnit4Provider.java:252)
	at org.apache.maven.surefire.junit4.JUnit4Provider.executeTestSet(JUnit4Provider.java:141)
	at org.apache.maven.surefire.junit4.JUnit4Provider.invoke(JUnit4Provider.java:112)
	at java.base/jdk.internal.reflect.NativeMethodAccessorImpl.invoke0(Native Method)
	at java.base/jdk.internal.reflect.NativeMethodAccessorImpl.invoke(NativeMethodAccessorImpl.java:62)
	at java.base/jdk.internal.reflect.DelegatingMethodAccessorImpl.invoke(DelegatingMethodAccessorImpl.java:43)
	at java.base/java.lang.reflect.Method.invoke(Method.java:564)
	at org.apache.maven.surefire.util.ReflectionUtils.invokeMethodWithArray(ReflectionUtils.java:189)
	at org.apache.maven.surefire.booter.ProviderFactory$ProviderProxy.invoke(ProviderFactory.java:165)
	at org.apache.maven.surefire.booter.ProviderFactory.invokeProvider(ProviderFactory.java:85)
	at org.apache.maven.surefire.booter.ForkedBooter.runSuitesInProcess(ForkedBooter.java:115)
	at org.apache.maven.surefire.booter.ForkedBooter.main(ForkedBooter.java:75)
Caused by: java.lang.ClassNotFoundException: javax.xml.bind.PropertyException
	at java.base/jdk.internal.loader.BuiltinClassLoader.loadClass(BuiltinClassLoader.java:582)
	at java.base/jdk.internal.loader.ClassLoaders$AppClassLoader.loadClass(ClassLoaders.java:190)
	at java.base/java.lang.ClassLoader.loadClass(ClassLoader.java:499)
	... 90 more
MultiException stack 2 of 2
java.lang.IllegalArgumentException: Errors were discovered while reifying SystemDescriptor(
	implementation=org.glassfish.jersey.jaxb.internal.XmlJaxbElementProvider$General
	contracts={javax.ws.rs.ext.MessageBodyWriter,javax.ws.rs.ext.MessageBodyReader}
	scope=javax.inject.Singleton
	qualifiers={}
	descriptorType=CLASS
	descriptorVisibility=NORMAL
	metadata=
	rank=0
	loader=org.glassfish.hk2.utilities.binding.AbstractBinder$2@16fdec90
	proxiable=null
	proxyForSameScope=null
	analysisName=null
	id=103
	locatorId=0
	identityHashCode=1783966110
	reified=false)
	at org.jvnet.hk2.internal.SystemDescriptor.reify(SystemDescriptor.java:705)
	at org.jvnet.hk2.internal.ServiceLocatorImpl.reifyDescriptor(ServiceLocatorImpl.java:461)
	at org.jvnet.hk2.internal.ServiceLocatorImpl.narrow(ServiceLocatorImpl.java:2288)
	at org.jvnet.hk2.internal.ServiceLocatorImpl.access$1200(ServiceLocatorImpl.java:125)
	at org.jvnet.hk2.internal.ServiceLocatorImpl$9.compute(ServiceLocatorImpl.java:1373)
	at org.jvnet.hk2.internal.ServiceLocatorImpl$9.compute(ServiceLocatorImpl.java:1368)
	at org.glassfish.hk2.utilities.cache.internal.WeakCARCacheImpl.compute(WeakCARCacheImpl.java:116)
	at org.jvnet.hk2.internal.ServiceLocatorImpl.internalGetAllServiceHandles(ServiceLocatorImpl.java:1430)
	at org.jvnet.hk2.internal.ServiceLocatorImpl.getAllServiceHandles(ServiceLocatorImpl.java:1355)
	at org.jvnet.hk2.internal.ServiceLocatorImpl.getAllServiceHandles(ServiceLocatorImpl.java:1344)
	at org.glassfish.jersey.internal.inject.Providers.getServiceHandles(Providers.java:354)
	at org.glassfish.jersey.internal.inject.Providers.getCustomProviders(Providers.java:201)
	at org.glassfish.jersey.message.internal.MessageBodyFactory.&lt;init&gt;(MessageBodyFactory.java:247)
	at java.base/jdk.internal.reflect.NativeConstructorAccessorImpl.newInstance0(Native Method)
	at java.base/jdk.internal.reflect.NativeConstructorAccessorImpl.newInstance(NativeConstructorAccessorImpl.java:62)
	at java.base/jdk.internal.reflect.DelegatingConstructorAccessorImpl.newInstance(DelegatingConstructorAccessorImpl.java:45)
	at java.base/java.lang.reflect.Constructor.newInstance(Constructor.java:488)
	at org.glassfish.hk2.utilities.reflection.ReflectionHelper.makeMe(ReflectionHelper.java:1375)
	at org.jvnet.hk2.internal.ClazzCreator.createMe(ClazzCreator.java:272)
	at org.jvnet.hk2.internal.ClazzCreator.create(ClazzCreator.java:366)
	at org.jvnet.hk2.internal.SystemDescriptor.create(SystemDescriptor.java:487)
	at org.jvnet.hk2.internal.SingletonContext$1.compute(SingletonContext.java:83)
	at org.jvnet.hk2.internal.SingletonContext$1.compute(SingletonContext.java:71)
	at org.glassfish.hk2.utilities.cache.Cache$OriginThreadAwareFuture$1.call(Cache.java:97)
	at java.base/java.util.concurrent.FutureTask.run(FutureTask.java:264)
	at org.glassfish.hk2.utilities.cache.Cache$OriginThreadAwareFuture.run(Cache.java:154)
	at org.glassfish.hk2.utilities.cache.Cache.compute(Cache.java:199)
	at org.jvnet.hk2.internal.SingletonContext.findOrCreate(SingletonContext.java:122)
	at org.jvnet.hk2.internal.Utilities.createService(Utilities.java:2022)
	at org.jvnet.hk2.internal.ServiceLocatorImpl.internalGetService(ServiceLocatorImpl.java:774)
	at org.jvnet.hk2.internal.ServiceLocatorImpl.internalGetService(ServiceLocatorImpl.java:737)
	at org.jvnet.hk2.internal.ServiceLocatorImpl.getService(ServiceLocatorImpl.java:707)
	at org.glassfish.jersey.server.model.ComponentModelValidator.&lt;init&gt;(ComponentModelValidator.java:97)
	at org.glassfish.jersey.server.ApplicationHandler.initialize(ApplicationHandler.java:549)
	at org.glassfish.jersey.server.ApplicationHandler.access$500(ApplicationHandler.java:184)
	at org.glassfish.jersey.server.ApplicationHandler$3.call(ApplicationHandler.java:350)
	at org.glassfish.jersey.server.ApplicationHandler$3.call(ApplicationHandler.java:347)
	at org.glassfish.jersey.internal.Errors.process(Errors.java:315)
	at org.glassfish.jersey.internal.Errors.process(Errors.java:297)
	at org.glassfish.jersey.internal.Errors.processWithException(Errors.java:255)
	at org.glassfish.jersey.server.ApplicationHandler.&lt;init&gt;(ApplicationHandler.java:347)
	at org.glassfish.jersey.server.ApplicationHandler.&lt;init&gt;(ApplicationHandler.java:311)
	at org.glassfish.jersey.grizzly2.httpserver.GrizzlyHttpContainer.&lt;init&gt;(GrizzlyHttpContainer.java:337)
	at org.glassfish.jersey.grizzly2.httpserver.GrizzlyHttpServerFactory.createHttpServer(GrizzlyHttpServerFactory.java:119)
	at com.example.Main.startServer(Main.java:30)
	at com.example.MyResourceTest.setUp(MyResourceTest.java:22)
	at java.base/jdk.internal.reflect.NativeMethodAccessorImpl.invoke0(Native Method)
	at java.base/jdk.internal.reflect.NativeMethodAccessorImpl.invoke(NativeMethodAccessorImpl.java:62)
	at java.base/jdk.internal.reflect.DelegatingMethodAccessorImpl.invoke(DelegatingMethodAccessorImpl.java:43)
	at java.base/java.lang.reflect.Method.invoke(Method.java:564)
	at org.junit.runners.model.FrameworkMethod$1.runReflectiveCall(FrameworkMethod.java:44)
	at org.junit.internal.runners.model.ReflectiveCallable.run(ReflectiveCallable.java:15)
	at org.junit.runners.model.FrameworkMethod.invokeExplosively(FrameworkMethod.java:41)
	at org.junit.internal.runners.statements.RunBefores.evaluate(RunBefores.java:27)
	at org.junit.internal.runners.statements.RunAfters.evaluate(RunAfters.java:31)
	at org.junit.runners.ParentRunner.runLeaf(ParentRunner.java:263)
	at org.junit.runners.BlockJUnit4ClassRunner.runChild(BlockJUnit4ClassRunner.java:69)
	at org.junit.runners.BlockJUnit4ClassRunner.runChild(BlockJUnit4ClassRunner.java:48)
	at org.junit.runners.ParentRunner$3.run(ParentRunner.java:231)
	at org.junit.runners.ParentRunner$1.schedule(ParentRunner.java:60)
	at org.junit.runners.ParentRunner.runChildren(ParentRunner.java:229)
	at org.junit.runners.ParentRunner.access$000(ParentRunner.java:50)
	at org.junit.runners.ParentRunner$2.evaluate(ParentRunner.java:222)
	at org.junit.runners.ParentRunner.run(ParentRunner.java:292)
	at org.apache.maven.surefire.junit4.JUnit4Provider.execute(JUnit4Provider.java:252)
	at org.apache.maven.surefire.junit4.JUnit4Provider.executeTestSet(JUnit4Provider.java:141)
	at org.apache.maven.surefire.junit4.JUnit4Provider.invoke(JUnit4Provider.java:112)
	at java.base/jdk.internal.reflect.NativeMethodAccessorImpl.invoke0(Native Method)
	at java.base/jdk.internal.reflect.NativeMethodAccessorImpl.invoke(NativeMethodAccessorImpl.java:62)
	at java.base/jdk.internal.reflect.DelegatingMethodAccessorImpl.invoke(DelegatingMethodAccessorImpl.java:43)
	at java.base/java.lang.reflect.Method.invoke(Method.java:564)
	at org.apache.maven.surefire.util.ReflectionUtils.invokeMethodWithArray(ReflectionUtils.java:189)
	at org.apache.maven.surefire.booter.ProviderFactory$ProviderProxy.invoke(ProviderFactory.java:165)
	at org.apache.maven.surefire.booter.ProviderFactory.invokeProvider(ProviderFactory.java:85)
	at org.apache.maven.surefire.booter.ForkedBooter.runSuitesInProcess(ForkedBooter.java:115)
	at org.apache.maven.surefire.booter.ForkedBooter.main(ForkedBooter.java:75)

WARNING: HK2 service reification failed for [org.glassfish.jersey.jaxb.internal.XmlCollectionJaxbProvider$App] with an exception:
MultiException stack 1 of 2
java.lang.NoClassDefFoundError: javax/xml/bind/PropertyException
	at java.base/java.lang.Class.getDeclaredConstructors0(Native Method)
	at java.base/java.lang.Class.privateGetDeclaredConstructors(Class.java:3090)
	at java.base/java.lang.Class.getDeclaredConstructors(Class.java:2316)
	at org.jvnet.hk2.internal.Utilities$3.run(Utilities.java:1308)
	at org.jvnet.hk2.internal.Utilities$3.run(Utilities.java:1304)
	at java.base/java.security.AccessController.doPrivileged(Native Method)
	at org.jvnet.hk2.internal.Utilities.getAllConstructors(Utilities.java:1304)
	at org.jvnet.hk2.internal.Utilities.findProducerConstructor(Utilities.java:1247)
	at org.jvnet.hk2.internal.DefaultClassAnalyzer.getConstructor(DefaultClassAnalyzer.java:83)
	at org.glassfish.jersey.internal.inject.JerseyClassAnalyzer.getConstructor(JerseyClassAnalyzer.java:144)
	at org.jvnet.hk2.internal.Utilities.getConstructor(Utilities.java:178)
	at org.jvnet.hk2.internal.ClazzCreator.initialize(ClazzCreator.java:129)
	at org.jvnet.hk2.internal.ClazzCreator.initialize(ClazzCreator.java:180)
	at org.jvnet.hk2.internal.SystemDescriptor.internalReify(SystemDescriptor.java:740)
	at org.jvnet.hk2.internal.SystemDescriptor.reify(SystemDescriptor.java:694)
	at org.jvnet.hk2.internal.ServiceLocatorImpl.reifyDescriptor(ServiceLocatorImpl.java:461)
	at org.jvnet.hk2.internal.ServiceLocatorImpl.narrow(ServiceLocatorImpl.java:2288)
	at org.jvnet.hk2.internal.ServiceLocatorImpl.access$1200(ServiceLocatorImpl.java:125)
	at org.jvnet.hk2.internal.ServiceLocatorImpl$9.compute(ServiceLocatorImpl.java:1373)
	at org.jvnet.hk2.internal.ServiceLocatorImpl$9.compute(ServiceLocatorImpl.java:1368)
	at org.glassfish.hk2.utilities.cache.internal.WeakCARCacheImpl.compute(WeakCARCacheImpl.java:116)
	at org.jvnet.hk2.internal.ServiceLocatorImpl.internalGetAllServiceHandles(ServiceLocatorImpl.java:1430)
	at org.jvnet.hk2.internal.ServiceLocatorImpl.getAllServiceHandles(ServiceLocatorImpl.java:1355)
	at org.jvnet.hk2.internal.ServiceLocatorImpl.getAllServiceHandles(ServiceLocatorImpl.java:1344)
	at org.glassfish.jersey.internal.inject.Providers.getServiceHandles(Providers.java:354)
	at org.glassfish.jersey.internal.inject.Providers.getCustomProviders(Providers.java:201)
	at org.glassfish.jersey.message.internal.MessageBodyFactory.&lt;init&gt;(MessageBodyFactory.java:247)
	at java.base/jdk.internal.reflect.NativeConstructorAccessorImpl.newInstance0(Native Method)
	at java.base/jdk.internal.reflect.NativeConstructorAccessorImpl.newInstance(NativeConstructorAccessorImpl.java:62)
	at java.base/jdk.internal.reflect.DelegatingConstructorAccessorImpl.newInstance(DelegatingConstructorAccessorImpl.java:45)
	at java.base/java.lang.reflect.Constructor.newInstance(Constructor.java:488)
	at org.glassfish.hk2.utilities.reflection.ReflectionHelper.makeMe(ReflectionHelper.java:1375)
	at org.jvnet.hk2.internal.ClazzCreator.createMe(ClazzCreator.java:272)
	at org.jvnet.hk2.internal.ClazzCreator.create(ClazzCreator.java:366)
	at org.jvnet.hk2.internal.SystemDescriptor.create(SystemDescriptor.java:487)
	at org.jvnet.hk2.internal.SingletonContext$1.compute(SingletonContext.java:83)
	at org.jvnet.hk2.internal.SingletonContext$1.compute(SingletonContext.java:71)
	at org.glassfish.hk2.utilities.cache.Cache$OriginThreadAwareFuture$1.call(Cache.java:97)
	at java.base/java.util.concurrent.FutureTask.run(FutureTask.java:264)
	at org.glassfish.hk2.utilities.cache.Cache$OriginThreadAwareFuture.run(Cache.java:154)
	at org.glassfish.hk2.utilities.cache.Cache.compute(Cache.java:199)
	at org.jvnet.hk2.internal.SingletonContext.findOrCreate(SingletonContext.java:122)
	at org.jvnet.hk2.internal.Utilities.createService(Utilities.java:2022)
	at org.jvnet.hk2.internal.ServiceLocatorImpl.internalGetService(ServiceLocatorImpl.java:774)
	at org.jvnet.hk2.internal.ServiceLocatorImpl.internalGetService(ServiceLocatorImpl.java:737)
	at org.jvnet.hk2.internal.ServiceLocatorImpl.getService(ServiceLocatorImpl.java:707)
	at org.glassfish.jersey.server.model.ComponentModelValidator.&lt;init&gt;(ComponentModelValidator.java:97)
	at org.glassfish.jersey.server.ApplicationHandler.initialize(ApplicationHandler.java:549)
	at org.glassfish.jersey.server.ApplicationHandler.access$500(ApplicationHandler.java:184)
	at org.glassfish.jersey.server.ApplicationHandler$3.call(ApplicationHandler.java:350)
	at org.glassfish.jersey.server.ApplicationHandler$3.call(ApplicationHandler.java:347)
	at org.glassfish.jersey.internal.Errors.process(Errors.java:315)
	at org.glassfish.jersey.internal.Errors.process(Errors.java:297)
	at org.glassfish.jersey.internal.Errors.processWithException(Errors.java:255)
	at org.glassfish.jersey.server.ApplicationHandler.&lt;init&gt;(ApplicationHandler.java:347)
	at org.glassfish.jersey.server.ApplicationHandler.&lt;init&gt;(ApplicationHandler.java:311)
	at org.glassfish.jersey.grizzly2.httpserver.GrizzlyHttpContainer.&lt;init&gt;(GrizzlyHttpContainer.java:337)
	at org.glassfish.jersey.grizzly2.httpserver.GrizzlyHttpServerFactory.createHttpServer(GrizzlyHttpServerFactory.java:119)
	at com.example.Main.startServer(Main.java:30)
	at com.example.MyResourceTest.setUp(MyResourceTest.java:22)
	at java.base/jdk.internal.reflect.NativeMethodAccessorImpl.invoke0(Native Method)
	at java.base/jdk.internal.reflect.NativeMethodAccessorImpl.invoke(NativeMethodAccessorImpl.java:62)
	at java.base/jdk.internal.reflect.DelegatingMethodAccessorImpl.invoke(DelegatingMethodAccessorImpl.java:43)
	at java.base/java.lang.reflect.Method.invoke(Method.java:564)
	at org.junit.runners.model.FrameworkMethod$1.runReflectiveCall(FrameworkMethod.java:44)
	at org.junit.internal.runners.model.ReflectiveCallable.run(ReflectiveCallable.java:15)
	at org.junit.runners.model.FrameworkMethod.invokeExplosively(FrameworkMethod.java:41)
	at org.junit.internal.runners.statements.RunBefores.evaluate(RunBefores.java:27)
	at org.junit.internal.runners.statements.RunAfters.evaluate(RunAfters.java:31)
	at org.junit.runners.ParentRunner.runLeaf(ParentRunner.java:263)
	at org.junit.runners.BlockJUnit4ClassRunner.runChild(BlockJUnit4ClassRunner.java:69)
	at org.junit.runners.BlockJUnit4ClassRunner.runChild(BlockJUnit4ClassRunner.java:48)
	at org.junit.runners.ParentRunner$3.run(ParentRunner.java:231)
	at org.junit.runners.ParentRunner$1.schedule(ParentRunner.java:60)
	at org.junit.runners.ParentRunner.runChildren(ParentRunner.java:229)
	at org.junit.runners.ParentRunner.access$000(ParentRunner.java:50)
	at org.junit.runners.ParentRunner$2.evaluate(ParentRunner.java:222)
	at org.junit.runners.ParentRunner.run(ParentRunner.java:292)
	at org.apache.maven.surefire.junit4.JUnit4Provider.execute(JUnit4Provider.java:252)
	at org.apache.maven.surefire.junit4.JUnit4Provider.executeTestSet(JUnit4Provider.java:141)
	at org.apache.maven.surefire.junit4.JUnit4Provider.invoke(JUnit4Provider.java:112)
	at java.base/jdk.internal.reflect.NativeMethodAccessorImpl.invoke0(Native Method)
	at java.base/jdk.internal.reflect.NativeMethodAccessorImpl.invoke(NativeMethodAccessorImpl.java:62)
	at java.base/jdk.internal.reflect.DelegatingMethodAccessorImpl.invoke(DelegatingMethodAccessorImpl.java:43)
	at java.base/java.lang.reflect.Method.invoke(Method.java:564)
	at org.apache.maven.surefire.util.ReflectionUtils.invokeMethodWithArray(ReflectionUtils.java:189)
	at org.apache.maven.surefire.booter.ProviderFactory$ProviderProxy.invoke(ProviderFactory.java:165)
	at org.apache.maven.surefire.booter.ProviderFactory.invokeProvider(ProviderFactory.java:85)
	at org.apache.maven.surefire.booter.ForkedBooter.runSuitesInProcess(ForkedBooter.java:115)
	at org.apache.maven.surefire.booter.ForkedBooter.main(ForkedBooter.java:75)
Caused by: java.lang.ClassNotFoundException: javax.xml.bind.PropertyException
	at java.base/jdk.internal.loader.BuiltinClassLoader.loadClass(BuiltinClassLoader.java:582)
	at java.base/jdk.internal.loader.ClassLoaders$AppClassLoader.loadClass(ClassLoaders.java:190)
	at java.base/java.lang.ClassLoader.loadClass(ClassLoader.java:499)
	... 90 more
MultiException stack 2 of 2
java.lang.IllegalArgumentException: Errors were discovered while reifying SystemDescriptor(
	implementation=org.glassfish.jersey.jaxb.internal.XmlCollectionJaxbProvider$App
	contracts={javax.ws.rs.ext.MessageBodyWriter,javax.ws.rs.ext.MessageBodyReader}
	scope=javax.inject.Singleton
	qualifiers={}
	descriptorType=CLASS
	descriptorVisibility=NORMAL
	metadata=
	rank=0
	loader=org.glassfish.hk2.utilities.binding.AbstractBinder$2@16fdec90
	proxiable=null
	proxyForSameScope=null
	analysisName=null
	id=104
	locatorId=0
	identityHashCode=2035381640
	reified=false)
	at org.jvnet.hk2.internal.SystemDescriptor.reify(SystemDescriptor.java:705)
	at org.jvnet.hk2.internal.ServiceLocatorImpl.reifyDescriptor(ServiceLocatorImpl.java:461)
	at org.jvnet.hk2.internal.ServiceLocatorImpl.narrow(ServiceLocatorImpl.java:2288)
	at org.jvnet.hk2.internal.ServiceLocatorImpl.access$1200(ServiceLocatorImpl.java:125)
	at org.jvnet.hk2.internal.ServiceLocatorImpl$9.compute(ServiceLocatorImpl.java:1373)
	at org.jvnet.hk2.internal.ServiceLocatorImpl$9.compute(ServiceLocatorImpl.java:1368)
	at org.glassfish.hk2.utilities.cache.internal.WeakCARCacheImpl.compute(WeakCARCacheImpl.java:116)
	at org.jvnet.hk2.internal.ServiceLocatorImpl.internalGetAllServiceHandles(ServiceLocatorImpl.java:1430)
	at org.jvnet.hk2.internal.ServiceLocatorImpl.getAllServiceHandles(ServiceLocatorImpl.java:1355)
	at org.jvnet.hk2.internal.ServiceLocatorImpl.getAllServiceHandles(ServiceLocatorImpl.java:1344)
	at org.glassfish.jersey.internal.inject.Providers.getServiceHandles(Providers.java:354)
	at org.glassfish.jersey.internal.inject.Providers.getCustomProviders(Providers.java:201)
	at org.glassfish.jersey.message.internal.MessageBodyFactory.&lt;init&gt;(MessageBodyFactory.java:247)
	at java.base/jdk.internal.reflect.NativeConstructorAccessorImpl.newInstance0(Native Method)
	at java.base/jdk.internal.reflect.NativeConstructorAccessorImpl.newInstance(NativeConstructorAccessorImpl.java:62)
	at java.base/jdk.internal.reflect.DelegatingConstructorAccessorImpl.newInstance(DelegatingConstructorAccessorImpl.java:45)
	at java.base/java.lang.reflect.Constructor.newInstance(Constructor.java:488)
	at org.glassfish.hk2.utilities.reflection.ReflectionHelper.makeMe(ReflectionHelper.java:1375)
	at org.jvnet.hk2.internal.ClazzCreator.createMe(ClazzCreator.java:272)
	at org.jvnet.hk2.internal.ClazzCreator.create(ClazzCreator.java:366)
	at org.jvnet.hk2.internal.SystemDescriptor.create(SystemDescriptor.java:487)
	at org.jvnet.hk2.internal.SingletonContext$1.compute(SingletonContext.java:83)
	at org.jvnet.hk2.internal.SingletonContext$1.compute(SingletonContext.java:71)
	at org.glassfish.hk2.utilities.cache.Cache$OriginThreadAwareFuture$1.call(Cache.java:97)
	at java.base/java.util.concurrent.FutureTask.run(FutureTask.java:264)
	at org.glassfish.hk2.utilities.cache.Cache$OriginThreadAwareFuture.run(Cache.java:154)
	at org.glassfish.hk2.utilities.cache.Cache.compute(Cache.java:199)
	at org.jvnet.hk2.internal.SingletonContext.findOrCreate(SingletonContext.java:122)
	at org.jvnet.hk2.internal.Utilities.createService(Utilities.java:2022)
	at org.jvnet.hk2.internal.ServiceLocatorImpl.internalGetService(ServiceLocatorImpl.java:774)
	at org.jvnet.hk2.internal.ServiceLocatorImpl.internalGetService(ServiceLocatorImpl.java:737)
	at org.jvnet.hk2.internal.ServiceLocatorImpl.getService(ServiceLocatorImpl.java:707)
	at org.glassfish.jersey.server.model.ComponentModelValidator.&lt;init&gt;(ComponentModelValidator.java:97)
	at org.glassfish.jersey.server.ApplicationHandler.initialize(ApplicationHandler.java:549)
	at org.glassfish.jersey.server.ApplicationHandler.access$500(ApplicationHandler.java:184)
	at org.glassfish.jersey.server.ApplicationHandler$3.call(ApplicationHandler.java:350)
	at org.glassfish.jersey.server.ApplicationHandler$3.call(ApplicationHandler.java:347)
	at org.glassfish.jersey.internal.Errors.process(Errors.java:315)
	at org.glassfish.jersey.internal.Errors.process(Errors.java:297)
	at org.glassfish.jersey.internal.Errors.processWithException(Errors.java:255)
	at org.glassfish.jersey.server.ApplicationHandler.&lt;init&gt;(ApplicationHandler.java:347)
	at org.glassfish.jersey.server.ApplicationHandler.&lt;init&gt;(ApplicationHandler.java:311)
	at org.glassfish.jersey.grizzly2.httpserver.GrizzlyHttpContainer.&lt;init&gt;(GrizzlyHttpContainer.java:337)
	at org.glassfish.jersey.grizzly2.httpserver.GrizzlyHttpServerFactory.createHttpServer(GrizzlyHttpServerFactory.java:119)
	at com.example.Main.startServer(Main.java:30)
	at com.example.MyResourceTest.setUp(MyResourceTest.java:22)
	at java.base/jdk.internal.reflect.NativeMethodAccessorImpl.invoke0(Native Method)
	at java.base/jdk.internal.reflect.NativeMethodAccessorImpl.invoke(NativeMethodAccessorImpl.java:62)
	at java.base/jdk.internal.reflect.DelegatingMethodAccessorImpl.invoke(DelegatingMethodAccessorImpl.java:43)
	at java.base/java.lang.reflect.Method.invoke(Method.java:564)
	at org.junit.runners.model.FrameworkMethod$1.runReflectiveCall(FrameworkMethod.java:44)
	at org.junit.internal.runners.model.ReflectiveCallable.run(ReflectiveCallable.java:15)
	at org.junit.runners.model.FrameworkMethod.invokeExplosively(FrameworkMethod.java:41)
	at org.junit.internal.runners.statements.RunBefores.evaluate(RunBefores.java:27)
	at org.junit.internal.runners.statements.RunAfters.evaluate(RunAfters.java:31)
	at org.junit.runners.ParentRunner.runLeaf(ParentRunner.java:263)
	at org.junit.runners.BlockJUnit4ClassRunner.runChild(BlockJUnit4ClassRunner.java:69)
	at org.junit.runners.BlockJUnit4ClassRunner.runChild(BlockJUnit4ClassRunner.java:48)
	at org.junit.runners.ParentRunner$3.run(ParentRunner.java:231)
	at org.junit.runners.ParentRunner$1.schedule(ParentRunner.java:60)
	at org.junit.runners.ParentRunner.runChildren(ParentRunner.java:229)
	at org.junit.runners.ParentRunner.access$000(ParentRunner.java:50)
	at org.junit.runners.ParentRunner$2.evaluate(ParentRunner.java:222)
	at org.junit.runners.ParentRunner.run(ParentRunner.java:292)
	at org.apache.maven.surefire.junit4.JUnit4Provider.execute(JUnit4Provider.java:252)
	at org.apache.maven.surefire.junit4.JUnit4Provider.executeTestSet(JUnit4Provider.java:141)
	at org.apache.maven.surefire.junit4.JUnit4Provider.invoke(JUnit4Provider.java:112)
	at java.base/jdk.internal.reflect.NativeMethodAccessorImpl.invoke0(Native Method)
	at java.base/jdk.internal.reflect.NativeMethodAccessorImpl.invoke(NativeMethodAccessorImpl.java:62)
	at java.base/jdk.internal.reflect.DelegatingMethodAccessorImpl.invoke(DelegatingMethodAccessorImpl.java:43)
	at java.base/java.lang.reflect.Method.invoke(Method.java:564)
	at org.apache.maven.surefire.util.ReflectionUtils.invokeMethodWithArray(ReflectionUtils.java:189)
	at org.apache.maven.surefire.booter.ProviderFactory$ProviderProxy.invoke(ProviderFactory.java:165)
	at org.apache.maven.surefire.booter.ProviderFactory.invokeProvider(ProviderFactory.java:85)
	at org.apache.maven.surefire.booter.ForkedBooter.runSuitesInProcess(ForkedBooter.java:115)
	at org.apache.maven.surefire.booter.ForkedBooter.main(ForkedBooter.java:75)

WARNING: HK2 service reification failed for [org.glassfish.jersey.jaxb.internal.XmlCollectionJaxbProvider$Text] with an exception:
MultiException stack 1 of 2
java.lang.NoClassDefFoundError: javax/xml/bind/PropertyException
	at java.base/java.lang.Class.getDeclaredConstructors0(Native Method)
	at java.base/java.lang.Class.privateGetDeclaredConstructors(Class.java:3090)
	at java.base/java.lang.Class.getDeclaredConstructors(Class.java:2316)
	at org.jvnet.hk2.internal.Utilities$3.run(Utilities.java:1308)
	at org.jvnet.hk2.internal.Utilities$3.run(Utilities.java:1304)
	at java.base/java.security.AccessController.doPrivileged(Native Method)
	at org.jvnet.hk2.internal.Utilities.getAllConstructors(Utilities.java:1304)
	at org.jvnet.hk2.internal.Utilities.findProducerConstructor(Utilities.java:1247)
	at org.jvnet.hk2.internal.DefaultClassAnalyzer.getConstructor(DefaultClassAnalyzer.java:83)
	at org.glassfish.jersey.internal.inject.JerseyClassAnalyzer.getConstructor(JerseyClassAnalyzer.java:144)
	at org.jvnet.hk2.internal.Utilities.getConstructor(Utilities.java:178)
	at org.jvnet.hk2.internal.ClazzCreator.initialize(ClazzCreator.java:129)
	at org.jvnet.hk2.internal.ClazzCreator.initialize(ClazzCreator.java:180)
	at org.jvnet.hk2.internal.SystemDescriptor.internalReify(SystemDescriptor.java:740)
	at org.jvnet.hk2.internal.SystemDescriptor.reify(SystemDescriptor.java:694)
	at org.jvnet.hk2.internal.ServiceLocatorImpl.reifyDescriptor(ServiceLocatorImpl.java:461)
	at org.jvnet.hk2.internal.ServiceLocatorImpl.narrow(ServiceLocatorImpl.java:2288)
	at org.jvnet.hk2.internal.ServiceLocatorImpl.access$1200(ServiceLocatorImpl.java:125)
	at org.jvnet.hk2.internal.ServiceLocatorImpl$9.compute(ServiceLocatorImpl.java:1373)
	at org.jvnet.hk2.internal.ServiceLocatorImpl$9.compute(ServiceLocatorImpl.java:1368)
	at org.glassfish.hk2.utilities.cache.internal.WeakCARCacheImpl.compute(WeakCARCacheImpl.java:116)
	at org.jvnet.hk2.internal.ServiceLocatorImpl.internalGetAllServiceHandles(ServiceLocatorImpl.java:1430)
	at org.jvnet.hk2.internal.ServiceLocatorImpl.getAllServiceHandles(ServiceLocatorImpl.java:1355)
	at org.jvnet.hk2.internal.ServiceLocatorImpl.getAllServiceHandles(ServiceLocatorImpl.java:1344)
	at org.glassfish.jersey.internal.inject.Providers.getServiceHandles(Providers.java:354)
	at org.glassfish.jersey.internal.inject.Providers.getCustomProviders(Providers.java:201)
	at org.glassfish.jersey.message.internal.MessageBodyFactory.&lt;init&gt;(MessageBodyFactory.java:247)
	at java.base/jdk.internal.reflect.NativeConstructorAccessorImpl.newInstance0(Native Method)
	at java.base/jdk.internal.reflect.NativeConstructorAccessorImpl.newInstance(NativeConstructorAccessorImpl.java:62)
	at java.base/jdk.internal.reflect.DelegatingConstructorAccessorImpl.newInstance(DelegatingConstructorAccessorImpl.java:45)
	at java.base/java.lang.reflect.Constructor.newInstance(Constructor.java:488)
	at org.glassfish.hk2.utilities.reflection.ReflectionHelper.makeMe(ReflectionHelper.java:1375)
	at org.jvnet.hk2.internal.ClazzCreator.createMe(ClazzCreator.java:272)
	at org.jvnet.hk2.internal.ClazzCreator.create(ClazzCreator.java:366)
	at org.jvnet.hk2.internal.SystemDescriptor.create(SystemDescriptor.java:487)
	at org.jvnet.hk2.internal.SingletonContext$1.compute(SingletonContext.java:83)
	at org.jvnet.hk2.internal.SingletonContext$1.compute(SingletonContext.java:71)
	at org.glassfish.hk2.utilities.cache.Cache$OriginThreadAwareFuture$1.call(Cache.java:97)
	at java.base/java.util.concurrent.FutureTask.run(FutureTask.java:264)
	at org.glassfish.hk2.utilities.cache.Cache$OriginThreadAwareFuture.run(Cache.java:154)
	at org.glassfish.hk2.utilities.cache.Cache.compute(Cache.java:199)
	at org.jvnet.hk2.internal.SingletonContext.findOrCreate(SingletonContext.java:122)
	at org.jvnet.hk2.internal.Utilities.createService(Utilities.java:2022)
	at org.jvnet.hk2.internal.ServiceLocatorImpl.internalGetService(ServiceLocatorImpl.java:774)
	at org.jvnet.hk2.internal.ServiceLocatorImpl.internalGetService(ServiceLocatorImpl.java:737)
	at org.jvnet.hk2.internal.ServiceLocatorImpl.getService(ServiceLocatorImpl.java:707)
	at org.glassfish.jersey.server.model.ComponentModelValidator.&lt;init&gt;(ComponentModelValidator.java:97)
	at org.glassfish.jersey.server.ApplicationHandler.initialize(ApplicationHandler.java:549)
	at org.glassfish.jersey.server.ApplicationHandler.access$500(ApplicationHandler.java:184)
	at org.glassfish.jersey.server.ApplicationHandler$3.call(ApplicationHandler.java:350)
	at org.glassfish.jersey.server.ApplicationHandler$3.call(ApplicationHandler.java:347)
	at org.glassfish.jersey.internal.Errors.process(Errors.java:315)
	at org.glassfish.jersey.internal.Errors.process(Errors.java:297)
	at org.glassfish.jersey.internal.Errors.processWithException(Errors.java:255)
	at org.glassfish.jersey.server.ApplicationHandler.&lt;init&gt;(ApplicationHandler.java:347)
	at org.glassfish.jersey.server.ApplicationHandler.&lt;init&gt;(ApplicationHandler.java:311)
	at org.glassfish.jersey.grizzly2.httpserver.GrizzlyHttpContainer.&lt;init&gt;(GrizzlyHttpContainer.java:337)
	at org.glassfish.jersey.grizzly2.httpserver.GrizzlyHttpServerFactory.createHttpServer(GrizzlyHttpServerFactory.java:119)
	at com.example.Main.startServer(Main.java:30)
	at com.example.MyResourceTest.setUp(MyResourceTest.java:22)
	at java.base/jdk.internal.reflect.NativeMethodAccessorImpl.invoke0(Native Method)
	at java.base/jdk.internal.reflect.NativeMethodAccessorImpl.invoke(NativeMethodAccessorImpl.java:62)
	at java.base/jdk.internal.reflect.DelegatingMethodAccessorImpl.invoke(DelegatingMethodAccessorImpl.java:43)
	at java.base/java.lang.reflect.Method.invoke(Method.java:564)
	at org.junit.runners.model.FrameworkMethod$1.runReflectiveCall(FrameworkMethod.java:44)
	at org.junit.internal.runners.model.ReflectiveCallable.run(ReflectiveCallable.java:15)
	at org.junit.runners.model.FrameworkMethod.invokeExplosively(FrameworkMethod.java:41)
	at org.junit.internal.runners.statements.RunBefores.evaluate(RunBefores.java:27)
	at org.junit.internal.runners.statements.RunAfters.evaluate(RunAfters.java:31)
	at org.junit.runners.ParentRunner.runLeaf(ParentRunner.java:263)
	at org.junit.runners.BlockJUnit4ClassRunner.runChild(BlockJUnit4ClassRunner.java:69)
	at org.junit.runners.BlockJUnit4ClassRunner.runChild(BlockJUnit4ClassRunner.java:48)
	at org.junit.runners.ParentRunner$3.run(ParentRunner.java:231)
	at org.junit.runners.ParentRunner$1.schedule(ParentRunner.java:60)
	at org.junit.runners.ParentRunner.runChildren(ParentRunner.java:229)
	at org.junit.runners.ParentRunner.access$000(ParentRunner.java:50)
	at org.junit.runners.ParentRunner$2.evaluate(ParentRunner.java:222)
	at org.junit.runners.ParentRunner.run(ParentRunner.java:292)
	at org.apache.maven.surefire.junit4.JUnit4Provider.execute(JUnit4Provider.java:252)
	at org.apache.maven.surefire.junit4.JUnit4Provider.executeTestSet(JUnit4Provider.java:141)
	at org.apache.maven.surefire.junit4.JUnit4Provider.invoke(JUnit4Provider.java:112)
	at java.base/jdk.internal.reflect.NativeMethodAccessorImpl.invoke0(Native Method)
	at java.base/jdk.internal.reflect.NativeMethodAccessorImpl.invoke(NativeMethodAccessorImpl.java:62)
	at java.base/jdk.internal.reflect.DelegatingMethodAccessorImpl.invoke(DelegatingMethodAccessorImpl.java:43)
	at java.base/java.lang.reflect.Method.invoke(Method.java:564)
	at org.apache.maven.surefire.util.ReflectionUtils.invokeMethodWithArray(ReflectionUtils.java:189)
	at org.apache.maven.surefire.booter.ProviderFactory$ProviderProxy.invoke(ProviderFactory.java:165)
	at org.apache.maven.surefire.booter.ProviderFactory.invokeProvider(ProviderFactory.java:85)
	at org.apache.maven.surefire.booter.ForkedBooter.runSuitesInProcess(ForkedBooter.java:115)
	at org.apache.maven.surefire.booter.ForkedBooter.main(ForkedBooter.java:75)
Caused by: java.lang.ClassNotFoundException: javax.xml.bind.PropertyException
	at java.base/jdk.internal.loader.BuiltinClassLoader.loadClass(BuiltinClassLoader.java:582)
	at java.base/jdk.internal.loader.ClassLoaders$AppClassLoader.loadClass(ClassLoaders.java:190)
	at java.base/java.lang.ClassLoader.loadClass(ClassLoader.java:499)
	... 90 more
MultiException stack 2 of 2
java.lang.IllegalArgumentException: Errors were discovered while reifying SystemDescriptor(
	implementation=org.glassfish.jersey.jaxb.internal.XmlCollectionJaxbProvider$Text
	contracts={javax.ws.rs.ext.MessageBodyWriter,javax.ws.rs.ext.MessageBodyReader}
	scope=javax.inject.Singleton
	qualifiers={}
	descriptorType=CLASS
	descriptorVisibility=NORMAL
	metadata=
	rank=0
	loader=org.glassfish.hk2.utilities.binding.AbstractBinder$2@16fdec90
	proxiable=null
	proxyForSameScope=null
	analysisName=null
	id=105
	locatorId=0
	identityHashCode=680988889
	reified=false)
	at org.jvnet.hk2.internal.SystemDescriptor.reify(SystemDescriptor.java:705)
	at org.jvnet.hk2.internal.ServiceLocatorImpl.reifyDescriptor(ServiceLocatorImpl.java:461)
	at org.jvnet.hk2.internal.ServiceLocatorImpl.narrow(ServiceLocatorImpl.java:2288)
	at org.jvnet.hk2.internal.ServiceLocatorImpl.access$1200(ServiceLocatorImpl.java:125)
	at org.jvnet.hk2.internal.ServiceLocatorImpl$9.compute(ServiceLocatorImpl.java:1373)
	at org.jvnet.hk2.internal.ServiceLocatorImpl$9.compute(ServiceLocatorImpl.java:1368)
	at org.glassfish.hk2.utilities.cache.internal.WeakCARCacheImpl.compute(WeakCARCacheImpl.java:116)
	at org.jvnet.hk2.internal.ServiceLocatorImpl.internalGetAllServiceHandles(ServiceLocatorImpl.java:1430)
	at org.jvnet.hk2.internal.ServiceLocatorImpl.getAllServiceHandles(ServiceLocatorImpl.java:1355)
	at org.jvnet.hk2.internal.ServiceLocatorImpl.getAllServiceHandles(ServiceLocatorImpl.java:1344)
	at org.glassfish.jersey.internal.inject.Providers.getServiceHandles(Providers.java:354)
	at org.glassfish.jersey.internal.inject.Providers.getCustomProviders(Providers.java:201)
	at org.glassfish.jersey.message.internal.MessageBodyFactory.&lt;init&gt;(MessageBodyFactory.java:247)
	at java.base/jdk.internal.reflect.NativeConstructorAccessorImpl.newInstance0(Native Method)
	at java.base/jdk.internal.reflect.NativeConstructorAccessorImpl.newInstance(NativeConstructorAccessorImpl.java:62)
	at java.base/jdk.internal.reflect.DelegatingConstructorAccessorImpl.newInstance(DelegatingConstructorAccessorImpl.java:45)
	at java.base/java.lang.reflect.Constructor.newInstance(Constructor.java:488)
	at org.glassfish.hk2.utilities.reflection.ReflectionHelper.makeMe(ReflectionHelper.java:1375)
	at org.jvnet.hk2.internal.ClazzCreator.createMe(ClazzCreator.java:272)
	at org.jvnet.hk2.internal.ClazzCreator.create(ClazzCreator.java:366)
	at org.jvnet.hk2.internal.SystemDescriptor.create(SystemDescriptor.java:487)
	at org.jvnet.hk2.internal.SingletonContext$1.compute(SingletonContext.java:83)
	at org.jvnet.hk2.internal.SingletonContext$1.compute(SingletonContext.java:71)
	at org.glassfish.hk2.utilities.cache.Cache$OriginThreadAwareFuture$1.call(Cache.java:97)
	at java.base/java.util.concurrent.FutureTask.run(FutureTask.java:264)
	at org.glassfish.hk2.utilities.cache.Cache$OriginThreadAwareFuture.run(Cache.java:154)
	at org.glassfish.hk2.utilities.cache.Cache.compute(Cache.java:199)
	at org.jvnet.hk2.internal.SingletonContext.findOrCreate(SingletonContext.java:122)
	at org.jvnet.hk2.internal.Utilities.createService(Utilities.java:2022)
	at org.jvnet.hk2.internal.ServiceLocatorImpl.internalGetService(ServiceLocatorImpl.java:774)
	at org.jvnet.hk2.internal.ServiceLocatorImpl.internalGetService(ServiceLocatorImpl.java:737)
	at org.jvnet.hk2.internal.ServiceLocatorImpl.getService(ServiceLocatorImpl.java:707)
	at org.glassfish.jersey.server.model.ComponentModelValidator.&lt;init&gt;(ComponentModelValidator.java:97)
	at org.glassfish.jersey.server.ApplicationHandler.initialize(ApplicationHandler.java:549)
	at org.glassfish.jersey.server.ApplicationHandler.access$500(ApplicationHandler.java:184)
	at org.glassfish.jersey.server.ApplicationHandler$3.call(ApplicationHandler.java:350)
	at org.glassfish.jersey.server.ApplicationHandler$3.call(ApplicationHandler.java:347)
	at org.glassfish.jersey.internal.Errors.process(Errors.java:315)
	at org.glassfish.jersey.internal.Errors.process(Errors.java:297)
	at org.glassfish.jersey.internal.Errors.processWithException(Errors.java:255)
	at org.glassfish.jersey.server.ApplicationHandler.&lt;init&gt;(ApplicationHandler.java:347)
	at org.glassfish.jersey.server.ApplicationHandler.&lt;init&gt;(ApplicationHandler.java:311)
	at org.glassfish.jersey.grizzly2.httpserver.GrizzlyHttpContainer.&lt;init&gt;(GrizzlyHttpContainer.java:337)
	at org.glassfish.jersey.grizzly2.httpserver.GrizzlyHttpServerFactory.createHttpServer(GrizzlyHttpServerFactory.java:119)
	at com.example.Main.startServer(Main.java:30)
	at com.example.MyResourceTest.setUp(MyResourceTest.java:22)
	at java.base/jdk.internal.reflect.NativeMethodAccessorImpl.invoke0(Native Method)
	at java.base/jdk.internal.reflect.NativeMethodAccessorImpl.invoke(NativeMethodAccessorImpl.java:62)
	at java.base/jdk.internal.reflect.DelegatingMethodAccessorImpl.invoke(DelegatingMethodAccessorImpl.java:43)
	at java.base/java.lang.reflect.Method.invoke(Method.java:564)
	at org.junit.runners.model.FrameworkMethod$1.runReflectiveCall(FrameworkMethod.java:44)
	at org.junit.internal.runners.model.ReflectiveCallable.run(ReflectiveCallable.java:15)
	at org.junit.runners.model.FrameworkMethod.invokeExplosively(FrameworkMethod.java:41)
	at org.junit.internal.runners.statements.RunBefores.evaluate(RunBefores.java:27)
	at org.junit.internal.runners.statements.RunAfters.evaluate(RunAfters.java:31)
	at org.junit.runners.ParentRunner.runLeaf(ParentRunner.java:263)
	at org.junit.runners.BlockJUnit4ClassRunner.runChild(BlockJUnit4ClassRunner.java:69)
	at org.junit.runners.BlockJUnit4ClassRunner.runChild(BlockJUnit4ClassRunner.java:48)
	at org.junit.runners.ParentRunner$3.run(ParentRunner.java:231)
	at org.junit.runners.ParentRunner$1.schedule(ParentRunner.java:60)
	at org.junit.runners.ParentRunner.runChildren(ParentRunner.java:229)
	at org.junit.runners.ParentRunner.access$000(ParentRunner.java:50)
	at org.junit.runners.ParentRunner$2.evaluate(ParentRunner.java:222)
	at org.junit.runners.ParentRunner.run(ParentRunner.java:292)
	at org.apache.maven.surefire.junit4.JUnit4Provider.execute(JUnit4Provider.java:252)
	at org.apache.maven.surefire.junit4.JUnit4Provider.executeTestSet(JUnit4Provider.java:141)
	at org.apache.maven.surefire.junit4.JUnit4Provider.invoke(JUnit4Provider.java:112)
	at java.base/jdk.internal.reflect.NativeMethodAccessorImpl.invoke0(Native Method)
	at java.base/jdk.internal.reflect.NativeMethodAccessorImpl.invoke(NativeMethodAccessorImpl.java:62)
	at java.base/jdk.internal.reflect.DelegatingMethodAccessorImpl.invoke(DelegatingMethodAccessorImpl.java:43)
	at java.base/java.lang.reflect.Method.invoke(Method.java:564)
	at org.apache.maven.surefire.util.ReflectionUtils.invokeMethodWithArray(ReflectionUtils.java:189)
	at org.apache.maven.surefire.booter.ProviderFactory$ProviderProxy.invoke(ProviderFactory.java:165)
	at org.apache.maven.surefire.booter.ProviderFactory.invokeProvider(ProviderFactory.java:85)
	at org.apache.maven.surefire.booter.ForkedBooter.runSuitesInProcess(ForkedBooter.java:115)
	at org.apache.maven.surefire.booter.ForkedBooter.main(ForkedBooter.java:75)

WARNING: HK2 service reification failed for [org.glassfish.jersey.jaxb.internal.XmlCollectionJaxbProvider$General] with an exception:
MultiException stack 1 of 2
java.lang.NoClassDefFoundError: javax/xml/bind/PropertyException
	at java.base/java.lang.Class.getDeclaredConstructors0(Native Method)
	at java.base/java.lang.Class.privateGetDeclaredConstructors(Class.java:3090)
	at java.base/java.lang.Class.getDeclaredConstructors(Class.java:2316)
	at org.jvnet.hk2.internal.Utilities$3.run(Utilities.java:1308)
	at org.jvnet.hk2.internal.Utilities$3.run(Utilities.java:1304)
	at java.base/java.security.AccessController.doPrivileged(Native Method)
	at org.jvnet.hk2.internal.Utilities.getAllConstructors(Utilities.java:1304)
	at org.jvnet.hk2.internal.Utilities.findProducerConstructor(Utilities.java:1247)
	at org.jvnet.hk2.internal.DefaultClassAnalyzer.getConstructor(DefaultClassAnalyzer.java:83)
	at org.glassfish.jersey.internal.inject.JerseyClassAnalyzer.getConstructor(JerseyClassAnalyzer.java:144)
	at org.jvnet.hk2.internal.Utilities.getConstructor(Utilities.java:178)
	at org.jvnet.hk2.internal.ClazzCreator.initialize(ClazzCreator.java:129)
	at org.jvnet.hk2.internal.ClazzCreator.initialize(ClazzCreator.java:180)
	at org.jvnet.hk2.internal.SystemDescriptor.internalReify(SystemDescriptor.java:740)
	at org.jvnet.hk2.internal.SystemDescriptor.reify(SystemDescriptor.java:694)
	at org.jvnet.hk2.internal.ServiceLocatorImpl.reifyDescriptor(ServiceLocatorImpl.java:461)
	at org.jvnet.hk2.internal.ServiceLocatorImpl.narrow(ServiceLocatorImpl.java:2288)
	at org.jvnet.hk2.internal.ServiceLocatorImpl.access$1200(ServiceLocatorImpl.java:125)
	at org.jvnet.hk2.internal.ServiceLocatorImpl$9.compute(ServiceLocatorImpl.java:1373)
	at org.jvnet.hk2.internal.ServiceLocatorImpl$9.compute(ServiceLocatorImpl.java:1368)
	at org.glassfish.hk2.utilities.cache.internal.WeakCARCacheImpl.compute(WeakCARCacheImpl.java:116)
	at org.jvnet.hk2.internal.ServiceLocatorImpl.internalGetAllServiceHandles(ServiceLocatorImpl.java:1430)
	at org.jvnet.hk2.internal.ServiceLocatorImpl.getAllServiceHandles(ServiceLocatorImpl.java:1355)
	at org.jvnet.hk2.internal.ServiceLocatorImpl.getAllServiceHandles(ServiceLocatorImpl.java:1344)
	at org.glassfish.jersey.internal.inject.Providers.getServiceHandles(Providers.java:354)
	at org.glassfish.jersey.internal.inject.Providers.getCustomProviders(Providers.java:201)
	at org.glassfish.jersey.message.internal.MessageBodyFactory.&lt;init&gt;(MessageBodyFactory.java:247)
	at java.base/jdk.internal.reflect.NativeConstructorAccessorImpl.newInstance0(Native Method)
	at java.base/jdk.internal.reflect.NativeConstructorAccessorImpl.newInstance(NativeConstructorAccessorImpl.java:62)
	at java.base/jdk.internal.reflect.DelegatingConstructorAccessorImpl.newInstance(DelegatingConstructorAccessorImpl.java:45)
	at java.base/java.lang.reflect.Constructor.newInstance(Constructor.java:488)
	at org.glassfish.hk2.utilities.reflection.ReflectionHelper.makeMe(ReflectionHelper.java:1375)
	at org.jvnet.hk2.internal.ClazzCreator.createMe(ClazzCreator.java:272)
	at org.jvnet.hk2.internal.ClazzCreator.create(ClazzCreator.java:366)
	at org.jvnet.hk2.internal.SystemDescriptor.create(SystemDescriptor.java:487)
	at org.jvnet.hk2.internal.SingletonContext$1.compute(SingletonContext.java:83)
	at org.jvnet.hk2.internal.SingletonContext$1.compute(SingletonContext.java:71)
	at org.glassfish.hk2.utilities.cache.Cache$OriginThreadAwareFuture$1.call(Cache.java:97)
	at java.base/java.util.concurrent.FutureTask.run(FutureTask.java:264)
	at org.glassfish.hk2.utilities.cache.Cache$OriginThreadAwareFuture.run(Cache.java:154)
	at org.glassfish.hk2.utilities.cache.Cache.compute(Cache.java:199)
	at org.jvnet.hk2.internal.SingletonContext.findOrCreate(SingletonContext.java:122)
	at org.jvnet.hk2.internal.Utilities.createService(Utilities.java:2022)
	at org.jvnet.hk2.internal.ServiceLocatorImpl.internalGetService(ServiceLocatorImpl.java:774)
	at org.jvnet.hk2.internal.ServiceLocatorImpl.internalGetService(ServiceLocatorImpl.java:737)
	at org.jvnet.hk2.internal.ServiceLocatorImpl.getService(ServiceLocatorImpl.java:707)
	at org.glassfish.jersey.server.model.ComponentModelValidator.&lt;init&gt;(ComponentModelValidator.java:97)
	at org.glassfish.jersey.server.ApplicationHandler.initialize(ApplicationHandler.java:549)
	at org.glassfish.jersey.server.ApplicationHandler.access$500(ApplicationHandler.java:184)
	at org.glassfish.jersey.server.ApplicationHandler$3.call(ApplicationHandler.java:350)
	at org.glassfish.jersey.server.ApplicationHandler$3.call(ApplicationHandler.java:347)
	at org.glassfish.jersey.internal.Errors.process(Errors.java:315)
	at org.glassfish.jersey.internal.Errors.process(Errors.java:297)
	at org.glassfish.jersey.internal.Errors.processWithException(Errors.java:255)
	at org.glassfish.jersey.server.ApplicationHandler.&lt;init&gt;(ApplicationHandler.java:347)
	at org.glassfish.jersey.server.ApplicationHandler.&lt;init&gt;(ApplicationHandler.java:311)
	at org.glassfish.jersey.grizzly2.httpserver.GrizzlyHttpContainer.&lt;init&gt;(GrizzlyHttpContainer.java:337)
	at org.glassfish.jersey.grizzly2.httpserver.GrizzlyHttpServerFactory.createHttpServer(GrizzlyHttpServerFactory.java:119)
	at com.example.Main.startServer(Main.java:30)
	at com.example.MyResourceTest.setUp(MyResourceTest.java:22)
	at java.base/jdk.internal.reflect.NativeMethodAccessorImpl.invoke0(Native Method)
	at java.base/jdk.internal.reflect.NativeMethodAccessorImpl.invoke(NativeMethodAccessorImpl.java:62)
	at java.base/jdk.internal.reflect.DelegatingMethodAccessorImpl.invoke(DelegatingMethodAccessorImpl.java:43)
	at java.base/java.lang.reflect.Method.invoke(Method.java:564)
	at org.junit.runners.model.FrameworkMethod$1.runReflectiveCall(FrameworkMethod.java:44)
	at org.junit.internal.runners.model.ReflectiveCallable.run(ReflectiveCallable.java:15)
	at org.junit.runners.model.FrameworkMethod.invokeExplosively(FrameworkMethod.java:41)
	at org.junit.internal.runners.statements.RunBefores.evaluate(RunBefores.java:27)
	at org.junit.internal.runners.statements.RunAfters.evaluate(RunAfters.java:31)
	at org.junit.runners.ParentRunner.runLeaf(ParentRunner.java:263)
	at org.junit.runners.BlockJUnit4ClassRunner.runChild(BlockJUnit4ClassRunner.java:69)
	at org.junit.runners.BlockJUnit4ClassRunner.runChild(BlockJUnit4ClassRunner.java:48)
	at org.junit.runners.ParentRunner$3.run(ParentRunner.java:231)
	at org.junit.runners.ParentRunner$1.schedule(ParentRunner.java:60)
	at org.junit.runners.ParentRunner.runChildren(ParentRunner.java:229)
	at org.junit.runners.ParentRunner.access$000(ParentRunner.java:50)
	at org.junit.runners.ParentRunner$2.evaluate(ParentRunner.java:222)
	at org.junit.runners.ParentRunner.run(ParentRunner.java:292)
	at org.apache.maven.surefire.junit4.JUnit4Provider.execute(JUnit4Provider.java:252)
	at org.apache.maven.surefire.junit4.JUnit4Provider.executeTestSet(JUnit4Provider.java:141)
	at org.apache.maven.surefire.junit4.JUnit4Provider.invoke(JUnit4Provider.java:112)
	at java.base/jdk.internal.reflect.NativeMethodAccessorImpl.invoke0(Native Method)
	at java.base/jdk.internal.reflect.NativeMethodAccessorImpl.invoke(NativeMethodAccessorImpl.java:62)
	at java.base/jdk.internal.reflect.DelegatingMethodAccessorImpl.invoke(DelegatingMethodAccessorImpl.java:43)
	at java.base/java.lang.reflect.Method.invoke(Method.java:564)
	at org.apache.maven.surefire.util.ReflectionUtils.invokeMethodWithArray(ReflectionUtils.java:189)
	at org.apache.maven.surefire.booter.ProviderFactory$ProviderProxy.invoke(ProviderFactory.java:165)
	at org.apache.maven.surefire.booter.ProviderFactory.invokeProvider(ProviderFactory.java:85)
	at org.apache.maven.surefire.booter.ForkedBooter.runSuitesInProcess(ForkedBooter.java:115)
	at org.apache.maven.surefire.booter.ForkedBooter.main(ForkedBooter.java:75)
Caused by: java.lang.ClassNotFoundException: javax.xml.bind.PropertyException
	at java.base/jdk.internal.loader.BuiltinClassLoader.loadClass(BuiltinClassLoader.java:582)
	at java.base/jdk.internal.loader.ClassLoaders$AppClassLoader.loadClass(ClassLoaders.java:190)
	at java.base/java.lang.ClassLoader.loadClass(ClassLoader.java:499)
	... 90 more
MultiException stack 2 of 2
java.lang.IllegalArgumentException: Errors were discovered while reifying SystemDescriptor(
	implementation=org.glassfish.jersey.jaxb.internal.XmlCollectionJaxbProvider$General
	contracts={javax.ws.rs.ext.MessageBodyWriter,javax.ws.rs.ext.MessageBodyReader}
	scope=javax.inject.Singleton
	qualifiers={}
	descriptorType=CLASS
	descriptorVisibility=NORMAL
	metadata=
	rank=0
	loader=org.glassfish.hk2.utilities.binding.AbstractBinder$2@16fdec90
	proxiable=null
	proxyForSameScope=null
	analysisName=null
	id=106
	locatorId=0
	identityHashCode=1077873186
	reified=false)
	at org.jvnet.hk2.internal.SystemDescriptor.reify(SystemDescriptor.java:705)
	at org.jvnet.hk2.internal.ServiceLocatorImpl.reifyDescriptor(ServiceLocatorImpl.java:461)
	at org.jvnet.hk2.internal.ServiceLocatorImpl.narrow(ServiceLocatorImpl.java:2288)
	at org.jvnet.hk2.internal.ServiceLocatorImpl.access$1200(ServiceLocatorImpl.java:125)
	at org.jvnet.hk2.internal.ServiceLocatorImpl$9.compute(ServiceLocatorImpl.java:1373)
	at org.jvnet.hk2.internal.ServiceLocatorImpl$9.compute(ServiceLocatorImpl.java:1368)
	at org.glassfish.hk2.utilities.cache.internal.WeakCARCacheImpl.compute(WeakCARCacheImpl.java:116)
	at org.jvnet.hk2.internal.ServiceLocatorImpl.internalGetAllServiceHandles(ServiceLocatorImpl.java:1430)
	at org.jvnet.hk2.internal.ServiceLocatorImpl.getAllServiceHandles(ServiceLocatorImpl.java:1355)
	at org.jvnet.hk2.internal.ServiceLocatorImpl.getAllServiceHandles(ServiceLocatorImpl.java:1344)
	at org.glassfish.jersey.internal.inject.Providers.getServiceHandles(Providers.java:354)
	at org.glassfish.jersey.internal.inject.Providers.getCustomProviders(Providers.java:201)
	at org.glassfish.jersey.message.internal.MessageBodyFactory.&lt;init&gt;(MessageBodyFactory.java:247)
	at java.base/jdk.internal.reflect.NativeConstructorAccessorImpl.newInstance0(Native Method)
	at java.base/jdk.internal.reflect.NativeConstructorAccessorImpl.newInstance(NativeConstructorAccessorImpl.java:62)
	at java.base/jdk.internal.reflect.DelegatingConstructorAccessorImpl.newInstance(DelegatingConstructorAccessorImpl.java:45)
	at java.base/java.lang.reflect.Constructor.newInstance(Constructor.java:488)
	at org.glassfish.hk2.utilities.reflection.ReflectionHelper.makeMe(ReflectionHelper.java:1375)
	at org.jvnet.hk2.internal.ClazzCreator.createMe(ClazzCreator.java:272)
	at org.jvnet.hk2.internal.ClazzCreator.create(ClazzCreator.java:366)
	at org.jvnet.hk2.internal.SystemDescriptor.create(SystemDescriptor.java:487)
	at org.jvnet.hk2.internal.SingletonContext$1.compute(SingletonContext.java:83)
	at org.jvnet.hk2.internal.SingletonContext$1.compute(SingletonContext.java:71)
	at org.glassfish.hk2.utilities.cache.Cache$OriginThreadAwareFuture$1.call(Cache.java:97)
	at java.base/java.util.concurrent.FutureTask.run(FutureTask.java:264)
	at org.glassfish.hk2.utilities.cache.Cache$OriginThreadAwareFuture.run(Cache.java:154)
	at org.glassfish.hk2.utilities.cache.Cache.compute(Cache.java:199)
	at org.jvnet.hk2.internal.SingletonContext.findOrCreate(SingletonContext.java:122)
	at org.jvnet.hk2.internal.Utilities.createService(Utilities.java:2022)
	at org.jvnet.hk2.internal.ServiceLocatorImpl.internalGetService(ServiceLocatorImpl.java:774)
	at org.jvnet.hk2.internal.ServiceLocatorImpl.internalGetService(ServiceLocatorImpl.java:737)
	at org.jvnet.hk2.internal.ServiceLocatorImpl.getService(ServiceLocatorImpl.java:707)
	at org.glassfish.jersey.server.model.ComponentModelValidator.&lt;init&gt;(ComponentModelValidator.java:97)
	at org.glassfish.jersey.server.ApplicationHandler.initialize(ApplicationHandler.java:549)
	at org.glassfish.jersey.server.ApplicationHandler.access$500(ApplicationHandler.java:184)
	at org.glassfish.jersey.server.ApplicationHandler$3.call(ApplicationHandler.java:350)
	at org.glassfish.jersey.server.ApplicationHandler$3.call(ApplicationHandler.java:347)
	at org.glassfish.jersey.internal.Errors.process(Errors.java:315)
	at org.glassfish.jersey.internal.Errors.process(Errors.java:297)
	at org.glassfish.jersey.internal.Errors.processWithException(Errors.java:255)
	at org.glassfish.jersey.server.ApplicationHandler.&lt;init&gt;(ApplicationHandler.java:347)
	at org.glassfish.jersey.server.ApplicationHandler.&lt;init&gt;(ApplicationHandler.java:311)
	at org.glassfish.jersey.grizzly2.httpserver.GrizzlyHttpContainer.&lt;init&gt;(GrizzlyHttpContainer.java:337)
	at org.glassfish.jersey.grizzly2.httpserver.GrizzlyHttpServerFactory.createHttpServer(GrizzlyHttpServerFactory.java:119)
	at com.example.Main.startServer(Main.java:30)
	at com.example.MyResourceTest.setUp(MyResourceTest.java:22)
	at java.base/jdk.internal.reflect.NativeMethodAccessorImpl.invoke0(Native Method)
	at java.base/jdk.internal.reflect.NativeMethodAccessorImpl.invoke(NativeMethodAccessorImpl.java:62)
	at java.base/jdk.internal.reflect.DelegatingMethodAccessorImpl.invoke(DelegatingMethodAccessorImpl.java:43)
	at java.base/java.lang.reflect.Method.invoke(Method.java:564)
	at org.junit.runners.model.FrameworkMethod$1.runReflectiveCall(FrameworkMethod.java:44)
	at org.junit.internal.runners.model.ReflectiveCallable.run(ReflectiveCallable.java:15)
	at org.junit.runners.model.FrameworkMethod.invokeExplosively(FrameworkMethod.java:41)
	at org.junit.internal.runners.statements.RunBefores.evaluate(RunBefores.java:27)
	at org.junit.internal.runners.statements.RunAfters.evaluate(RunAfters.java:31)
	at org.junit.runners.ParentRunner.runLeaf(ParentRunner.java:263)
	at org.junit.runners.BlockJUnit4ClassRunner.runChild(BlockJUnit4ClassRunner.java:69)
	at org.junit.runners.BlockJUnit4ClassRunner.runChild(BlockJUnit4ClassRunner.java:48)
	at org.junit.runners.ParentRunner$3.run(ParentRunner.java:231)
	at org.junit.runners.ParentRunner$1.schedule(ParentRunner.java:60)
	at org.junit.runners.ParentRunner.runChildren(ParentRunner.java:229)
	at org.junit.runners.ParentRunner.access$000(ParentRunner.java:50)
	at org.junit.runners.ParentRunner$2.evaluate(ParentRunner.java:222)
	at org.junit.runners.ParentRunner.run(ParentRunner.java:292)
	at org.apache.maven.surefire.junit4.JUnit4Provider.execute(JUnit4Provider.java:252)
	at org.apache.maven.surefire.junit4.JUnit4Provider.executeTestSet(JUnit4Provider.java:141)
	at org.apache.maven.surefire.junit4.JUnit4Provider.invoke(JUnit4Provider.java:112)
	at java.base/jdk.internal.reflect.NativeMethodAccessorImpl.invoke0(Native Method)
	at java.base/jdk.internal.reflect.NativeMethodAccessorImpl.invoke(NativeMethodAccessorImpl.java:62)
	at java.base/jdk.internal.reflect.DelegatingMethodAccessorImpl.invoke(DelegatingMethodAccessorImpl.java:43)
	at java.base/java.lang.reflect.Method.invoke(Method.java:564)
	at org.apache.maven.surefire.util.ReflectionUtils.invokeMethodWithArray(ReflectionUtils.java:189)
	at org.apache.maven.surefire.booter.ProviderFactory$ProviderProxy.invoke(ProviderFactory.java:165)
	at org.apache.maven.surefire.booter.ProviderFactory.invokeProvider(ProviderFactory.java:85)
	at org.apache.maven.surefire.booter.ForkedBooter.runSuitesInProcess(ForkedBooter.java:115)
	at org.apache.maven.surefire.booter.ForkedBooter.main(ForkedBooter.java:75)

WARNING: HK2 service reification failed for [org.glassfish.jersey.jaxb.internal.XmlRootElementJaxbProvider$App] with an exception:
MultiException stack 1 of 2
java.lang.NoClassDefFoundError: javax/xml/bind/PropertyException
	at java.base/java.lang.Class.getDeclaredConstructors0(Native Method)
	at java.base/java.lang.Class.privateGetDeclaredConstructors(Class.java:3090)
	at java.base/java.lang.Class.getDeclaredConstructors(Class.java:2316)
	at org.jvnet.hk2.internal.Utilities$3.run(Utilities.java:1308)
	at org.jvnet.hk2.internal.Utilities$3.run(Utilities.java:1304)
	at java.base/java.security.AccessController.doPrivileged(Native Method)
	at org.jvnet.hk2.internal.Utilities.getAllConstructors(Utilities.java:1304)
	at org.jvnet.hk2.internal.Utilities.findProducerConstructor(Utilities.java:1247)
	at org.jvnet.hk2.internal.DefaultClassAnalyzer.getConstructor(DefaultClassAnalyzer.java:83)
	at org.glassfish.jersey.internal.inject.JerseyClassAnalyzer.getConstructor(JerseyClassAnalyzer.java:144)
	at org.jvnet.hk2.internal.Utilities.getConstructor(Utilities.java:178)
	at org.jvnet.hk2.internal.ClazzCreator.initialize(ClazzCreator.java:129)
	at org.jvnet.hk2.internal.ClazzCreator.initialize(ClazzCreator.java:180)
	at org.jvnet.hk2.internal.SystemDescriptor.internalReify(SystemDescriptor.java:740)
	at org.jvnet.hk2.internal.SystemDescriptor.reify(SystemDescriptor.java:694)
	at org.jvnet.hk2.internal.ServiceLocatorImpl.reifyDescriptor(ServiceLocatorImpl.java:461)
	at org.jvnet.hk2.internal.ServiceLocatorImpl.narrow(ServiceLocatorImpl.java:2288)
	at org.jvnet.hk2.internal.ServiceLocatorImpl.access$1200(ServiceLocatorImpl.java:125)
	at org.jvnet.hk2.internal.ServiceLocatorImpl$9.compute(ServiceLocatorImpl.java:1373)
	at org.jvnet.hk2.internal.ServiceLocatorImpl$9.compute(ServiceLocatorImpl.java:1368)
	at org.glassfish.hk2.utilities.cache.internal.WeakCARCacheImpl.compute(WeakCARCacheImpl.java:116)
	at org.jvnet.hk2.internal.ServiceLocatorImpl.internalGetAllServiceHandles(ServiceLocatorImpl.java:1430)
	at org.jvnet.hk2.internal.ServiceLocatorImpl.getAllServiceHandles(ServiceLocatorImpl.java:1355)
	at org.jvnet.hk2.internal.ServiceLocatorImpl.getAllServiceHandles(ServiceLocatorImpl.java:1344)
	at org.glassfish.jersey.internal.inject.Providers.getServiceHandles(Providers.java:354)
	at org.glassfish.jersey.internal.inject.Providers.getCustomProviders(Providers.java:201)
	at org.glassfish.jersey.message.internal.MessageBodyFactory.&lt;init&gt;(MessageBodyFactory.java:247)
	at java.base/jdk.internal.reflect.NativeConstructorAccessorImpl.newInstance0(Native Method)
	at java.base/jdk.internal.reflect.NativeConstructorAccessorImpl.newInstance(NativeConstructorAccessorImpl.java:62)
	at java.base/jdk.internal.reflect.DelegatingConstructorAccessorImpl.newInstance(DelegatingConstructorAccessorImpl.java:45)
	at java.base/java.lang.reflect.Constructor.newInstance(Constructor.java:488)
	at org.glassfish.hk2.utilities.reflection.ReflectionHelper.makeMe(ReflectionHelper.java:1375)
	at org.jvnet.hk2.internal.ClazzCreator.createMe(ClazzCreator.java:272)
	at org.jvnet.hk2.internal.ClazzCreator.create(ClazzCreator.java:366)
	at org.jvnet.hk2.internal.SystemDescriptor.create(SystemDescriptor.java:487)
	at org.jvnet.hk2.internal.SingletonContext$1.compute(SingletonContext.java:83)
	at org.jvnet.hk2.internal.SingletonContext$1.compute(SingletonContext.java:71)
	at org.glassfish.hk2.utilities.cache.Cache$OriginThreadAwareFuture$1.call(Cache.java:97)
	at java.base/java.util.concurrent.FutureTask.run(FutureTask.java:264)
	at org.glassfish.hk2.utilities.cache.Cache$OriginThreadAwareFuture.run(Cache.java:154)
	at org.glassfish.hk2.utilities.cache.Cache.compute(Cache.java:199)
	at org.jvnet.hk2.internal.SingletonContext.findOrCreate(SingletonContext.java:122)
	at org.jvnet.hk2.internal.Utilities.createService(Utilities.java:2022)
	at org.jvnet.hk2.internal.ServiceLocatorImpl.internalGetService(ServiceLocatorImpl.java:774)
	at org.jvnet.hk2.internal.ServiceLocatorImpl.internalGetService(ServiceLocatorImpl.java:737)
	at org.jvnet.hk2.internal.ServiceLocatorImpl.getService(ServiceLocatorImpl.java:707)
	at org.glassfish.jersey.server.model.ComponentModelValidator.&lt;init&gt;(ComponentModelValidator.java:97)
	at org.glassfish.jersey.server.ApplicationHandler.initialize(ApplicationHandler.java:549)
	at org.glassfish.jersey.server.ApplicationHandler.access$500(ApplicationHandler.java:184)
	at org.glassfish.jersey.server.ApplicationHandler$3.call(ApplicationHandler.java:350)
	at org.glassfish.jersey.server.ApplicationHandler$3.call(ApplicationHandler.java:347)
	at org.glassfish.jersey.internal.Errors.process(Errors.java:315)
	at org.glassfish.jersey.internal.Errors.process(Errors.java:297)
	at org.glassfish.jersey.internal.Errors.processWithException(Errors.java:255)
	at org.glassfish.jersey.server.ApplicationHandler.&lt;init&gt;(ApplicationHandler.java:347)
	at org.glassfish.jersey.server.ApplicationHandler.&lt;init&gt;(ApplicationHandler.java:311)
	at org.glassfish.jersey.grizzly2.httpserver.GrizzlyHttpContainer.&lt;init&gt;(GrizzlyHttpContainer.java:337)
	at org.glassfish.jersey.grizzly2.httpserver.GrizzlyHttpServerFactory.createHttpServer(GrizzlyHttpServerFactory.java:119)
	at com.example.Main.startServer(Main.java:30)
	at com.example.MyResourceTest.setUp(MyResourceTest.java:22)
	at java.base/jdk.internal.reflect.NativeMethodAccessorImpl.invoke0(Native Method)
	at java.base/jdk.internal.reflect.NativeMethodAccessorImpl.invoke(NativeMethodAccessorImpl.java:62)
	at java.base/jdk.internal.reflect.DelegatingMethodAccessorImpl.invoke(DelegatingMethodAccessorImpl.java:43)
	at java.base/java.lang.reflect.Method.invoke(Method.java:564)
	at org.junit.runners.model.FrameworkMethod$1.runReflectiveCall(FrameworkMethod.java:44)
	at org.junit.internal.runners.model.ReflectiveCallable.run(ReflectiveCallable.java:15)
	at org.junit.runners.model.FrameworkMethod.invokeExplosively(FrameworkMethod.java:41)
	at org.junit.internal.runners.statements.RunBefores.evaluate(RunBefores.java:27)
	at org.junit.internal.runners.statements.RunAfters.evaluate(RunAfters.java:31)
	at org.junit.runners.ParentRunner.runLeaf(ParentRunner.java:263)
	at org.junit.runners.BlockJUnit4ClassRunner.runChild(BlockJUnit4ClassRunner.java:69)
	at org.junit.runners.BlockJUnit4ClassRunner.runChild(BlockJUnit4ClassRunner.java:48)
	at org.junit.runners.ParentRunner$3.run(ParentRunner.java:231)
	at org.junit.runners.ParentRunner$1.schedule(ParentRunner.java:60)
	at org.junit.runners.ParentRunner.runChildren(ParentRunner.java:229)
	at org.junit.runners.ParentRunner.access$000(ParentRunner.java:50)
	at org.junit.runners.ParentRunner$2.evaluate(ParentRunner.java:222)
	at org.junit.runners.ParentRunner.run(ParentRunner.java:292)
	at org.apache.maven.surefire.junit4.JUnit4Provider.execute(JUnit4Provider.java:252)
	at org.apache.maven.surefire.junit4.JUnit4Provider.executeTestSet(JUnit4Provider.java:141)
	at org.apache.maven.surefire.junit4.JUnit4Provider.invoke(JUnit4Provider.java:112)
	at java.base/jdk.internal.reflect.NativeMethodAccessorImpl.invoke0(Native Method)
	at java.base/jdk.internal.reflect.NativeMethodAccessorImpl.invoke(NativeMethodAccessorImpl.java:62)
	at java.base/jdk.internal.reflect.DelegatingMethodAccessorImpl.invoke(DelegatingMethodAccessorImpl.java:43)
	at java.base/java.lang.reflect.Method.invoke(Method.java:564)
	at org.apache.maven.surefire.util.ReflectionUtils.invokeMethodWithArray(ReflectionUtils.java:189)
	at org.apache.maven.surefire.booter.ProviderFactory$ProviderProxy.invoke(ProviderFactory.java:165)
	at org.apache.maven.surefire.booter.ProviderFactory.invokeProvider(ProviderFactory.java:85)
	at org.apache.maven.surefire.booter.ForkedBooter.runSuitesInProcess(ForkedBooter.java:115)
	at org.apache.maven.surefire.booter.ForkedBooter.main(ForkedBooter.java:75)
Caused by: java.lang.ClassNotFoundException: javax.xml.bind.PropertyException
	at java.base/jdk.internal.loader.BuiltinClassLoader.loadClass(BuiltinClassLoader.java:582)
	at java.base/jdk.internal.loader.ClassLoaders$AppClassLoader.loadClass(ClassLoaders.java:190)
	at java.base/java.lang.ClassLoader.loadClass(ClassLoader.java:499)
	... 90 more
MultiException stack 2 of 2
java.lang.IllegalArgumentException: Errors were discovered while reifying SystemDescriptor(
	implementation=org.glassfish.jersey.jaxb.internal.XmlRootElementJaxbProvider$App
	contracts={javax.ws.rs.ext.MessageBodyWriter,javax.ws.rs.ext.MessageBodyReader}
	scope=javax.inject.Singleton
	qualifiers={}
	descriptorType=CLASS
	descriptorVisibility=NORMAL
	metadata=
	rank=0
	loader=org.glassfish.hk2.utilities.binding.AbstractBinder$2@16fdec90
	proxiable=null
	proxyForSameScope=null
	analysisName=null
	id=107
	locatorId=0
	identityHashCode=1771421544
	reified=false)
	at org.jvnet.hk2.internal.SystemDescriptor.reify(SystemDescriptor.java:705)
	at org.jvnet.hk2.internal.ServiceLocatorImpl.reifyDescriptor(ServiceLocatorImpl.java:461)
	at org.jvnet.hk2.internal.ServiceLocatorImpl.narrow(ServiceLocatorImpl.java:2288)
	at org.jvnet.hk2.internal.ServiceLocatorImpl.access$1200(ServiceLocatorImpl.java:125)
	at org.jvnet.hk2.internal.ServiceLocatorImpl$9.compute(ServiceLocatorImpl.java:1373)
	at org.jvnet.hk2.internal.ServiceLocatorImpl$9.compute(ServiceLocatorImpl.java:1368)
	at org.glassfish.hk2.utilities.cache.internal.WeakCARCacheImpl.compute(WeakCARCacheImpl.java:116)
	at org.jvnet.hk2.internal.ServiceLocatorImpl.internalGetAllServiceHandles(ServiceLocatorImpl.java:1430)
	at org.jvnet.hk2.internal.ServiceLocatorImpl.getAllServiceHandles(ServiceLocatorImpl.java:1355)
	at org.jvnet.hk2.internal.ServiceLocatorImpl.getAllServiceHandles(ServiceLocatorImpl.java:1344)
	at org.glassfish.jersey.internal.inject.Providers.getServiceHandles(Providers.java:354)
	at org.glassfish.jersey.internal.inject.Providers.getCustomProviders(Providers.java:201)
	at org.glassfish.jersey.message.internal.MessageBodyFactory.&lt;init&gt;(MessageBodyFactory.java:247)
	at java.base/jdk.internal.reflect.NativeConstructorAccessorImpl.newInstance0(Native Method)
	at java.base/jdk.internal.reflect.NativeConstructorAccessorImpl.newInstance(NativeConstructorAccessorImpl.java:62)
	at java.base/jdk.internal.reflect.DelegatingConstructorAccessorImpl.newInstance(DelegatingConstructorAccessorImpl.java:45)
	at java.base/java.lang.reflect.Constructor.newInstance(Constructor.java:488)
	at org.glassfish.hk2.utilities.reflection.ReflectionHelper.makeMe(ReflectionHelper.java:1375)
	at org.jvnet.hk2.internal.ClazzCreator.createMe(ClazzCreator.java:272)
	at org.jvnet.hk2.internal.ClazzCreator.create(ClazzCreator.java:366)
	at org.jvnet.hk2.internal.SystemDescriptor.create(SystemDescriptor.java:487)
	at org.jvnet.hk2.internal.SingletonContext$1.compute(SingletonContext.java:83)
	at org.jvnet.hk2.internal.SingletonContext$1.compute(SingletonContext.java:71)
	at org.glassfish.hk2.utilities.cache.Cache$OriginThreadAwareFuture$1.call(Cache.java:97)
	at java.base/java.util.concurrent.FutureTask.run(FutureTask.java:264)
	at org.glassfish.hk2.utilities.cache.Cache$OriginThreadAwareFuture.run(Cache.java:154)
	at org.glassfish.hk2.utilities.cache.Cache.compute(Cache.java:199)
	at org.jvnet.hk2.internal.SingletonContext.findOrCreate(SingletonContext.java:122)
	at org.jvnet.hk2.internal.Utilities.createService(Utilities.java:2022)
	at org.jvnet.hk2.internal.ServiceLocatorImpl.internalGetService(ServiceLocatorImpl.java:774)
	at org.jvnet.hk2.internal.ServiceLocatorImpl.internalGetService(ServiceLocatorImpl.java:737)
	at org.jvnet.hk2.internal.ServiceLocatorImpl.getService(ServiceLocatorImpl.java:707)
	at org.glassfish.jersey.server.model.ComponentModelValidator.&lt;init&gt;(ComponentModelValidator.java:97)
	at org.glassfish.jersey.server.ApplicationHandler.initialize(ApplicationHandler.java:549)
	at org.glassfish.jersey.server.ApplicationHandler.access$500(ApplicationHandler.java:184)
	at org.glassfish.jersey.server.ApplicationHandler$3.call(ApplicationHandler.java:350)
	at org.glassfish.jersey.server.ApplicationHandler$3.call(ApplicationHandler.java:347)
	at org.glassfish.jersey.internal.Errors.process(Errors.java:315)
	at org.glassfish.jersey.internal.Errors.process(Errors.java:297)
	at org.glassfish.jersey.internal.Errors.processWithException(Errors.java:255)
	at org.glassfish.jersey.server.ApplicationHandler.&lt;init&gt;(ApplicationHandler.java:347)
	at org.glassfish.jersey.server.ApplicationHandler.&lt;init&gt;(ApplicationHandler.java:311)
	at org.glassfish.jersey.grizzly2.httpserver.GrizzlyHttpContainer.&lt;init&gt;(GrizzlyHttpContainer.java:337)
	at org.glassfish.jersey.grizzly2.httpserver.GrizzlyHttpServerFactory.createHttpServer(GrizzlyHttpServerFactory.java:119)
	at com.example.Main.startServer(Main.java:30)
	at com.example.MyResourceTest.setUp(MyResourceTest.java:22)
	at java.base/jdk.internal.reflect.NativeMethodAccessorImpl.invoke0(Native Method)
	at java.base/jdk.internal.reflect.NativeMethodAccessorImpl.invoke(NativeMethodAccessorImpl.java:62)
	at java.base/jdk.internal.reflect.DelegatingMethodAccessorImpl.invoke(DelegatingMethodAccessorImpl.java:43)
	at java.base/java.lang.reflect.Method.invoke(Method.java:564)
	at org.junit.runners.model.FrameworkMethod$1.runReflectiveCall(FrameworkMethod.java:44)
	at org.junit.internal.runners.model.ReflectiveCallable.run(ReflectiveCallable.java:15)
	at org.junit.runners.model.FrameworkMethod.invokeExplosively(FrameworkMethod.java:41)
	at org.junit.internal.runners.statements.RunBefores.evaluate(RunBefores.java:27)
	at org.junit.internal.runners.statements.RunAfters.evaluate(RunAfters.java:31)
	at org.junit.runners.ParentRunner.runLeaf(ParentRunner.java:263)
	at org.junit.runners.BlockJUnit4ClassRunner.runChild(BlockJUnit4ClassRunner.java:69)
	at org.junit.runners.BlockJUnit4ClassRunner.runChild(BlockJUnit4ClassRunner.java:48)
	at org.junit.runners.ParentRunner$3.run(ParentRunner.java:231)
	at org.junit.runners.ParentRunner$1.schedule(ParentRunner.java:60)
	at org.junit.runners.ParentRunner.runChildren(ParentRunner.java:229)
	at org.junit.runners.ParentRunner.access$000(ParentRunner.java:50)
	at org.junit.runners.ParentRunner$2.evaluate(ParentRunner.java:222)
	at org.junit.runners.ParentRunner.run(ParentRunner.java:292)
	at org.apache.maven.surefire.junit4.JUnit4Provider.execute(JUnit4Provider.java:252)
	at org.apache.maven.surefire.junit4.JUnit4Provider.executeTestSet(JUnit4Provider.java:141)
	at org.apache.maven.surefire.junit4.JUnit4Provider.invoke(JUnit4Provider.java:112)
	at java.base/jdk.internal.reflect.NativeMethodAccessorImpl.invoke0(Native Method)
	at java.base/jdk.internal.reflect.NativeMethodAccessorImpl.invoke(NativeMethodAccessorImpl.java:62)
	at java.base/jdk.internal.reflect.DelegatingMethodAccessorImpl.invoke(DelegatingMethodAccessorImpl.java:43)
	at java.base/java.lang.reflect.Method.invoke(Method.java:564)
	at org.apache.maven.surefire.util.ReflectionUtils.invokeMethodWithArray(ReflectionUtils.java:189)
	at org.apache.maven.surefire.booter.ProviderFactory$ProviderProxy.invoke(ProviderFactory.java:165)
	at org.apache.maven.surefire.booter.ProviderFactory.invokeProvider(ProviderFactory.java:85)
	at org.apache.maven.surefire.booter.ForkedBooter.runSuitesInProcess(ForkedBooter.java:115)
	at org.apache.maven.surefire.booter.ForkedBooter.main(ForkedBooter.java:75)

WARNING: HK2 service reification failed for [org.glassfish.jersey.jaxb.internal.XmlRootElementJaxbProvider$Text] with an exception:
MultiException stack 1 of 2
java.lang.NoClassDefFoundError: javax/xml/bind/PropertyException
	at java.base/java.lang.Class.getDeclaredConstructors0(Native Method)
	at java.base/java.lang.Class.privateGetDeclaredConstructors(Class.java:3090)
	at java.base/java.lang.Class.getDeclaredConstructors(Class.java:2316)
	at org.jvnet.hk2.internal.Utilities$3.run(Utilities.java:1308)
	at org.jvnet.hk2.internal.Utilities$3.run(Utilities.java:1304)
	at java.base/java.security.AccessController.doPrivileged(Native Method)
	at org.jvnet.hk2.internal.Utilities.getAllConstructors(Utilities.java:1304)
	at org.jvnet.hk2.internal.Utilities.findProducerConstructor(Utilities.java:1247)
	at org.jvnet.hk2.internal.DefaultClassAnalyzer.getConstructor(DefaultClassAnalyzer.java:83)
	at org.glassfish.jersey.internal.inject.JerseyClassAnalyzer.getConstructor(JerseyClassAnalyzer.java:144)
	at org.jvnet.hk2.internal.Utilities.getConstructor(Utilities.java:178)
	at org.jvnet.hk2.internal.ClazzCreator.initialize(ClazzCreator.java:129)
	at org.jvnet.hk2.internal.ClazzCreator.initialize(ClazzCreator.java:180)
	at org.jvnet.hk2.internal.SystemDescriptor.internalReify(SystemDescriptor.java:740)
	at org.jvnet.hk2.internal.SystemDescriptor.reify(SystemDescriptor.java:694)
	at org.jvnet.hk2.internal.ServiceLocatorImpl.reifyDescriptor(ServiceLocatorImpl.java:461)
	at org.jvnet.hk2.internal.ServiceLocatorImpl.narrow(ServiceLocatorImpl.java:2288)
	at org.jvnet.hk2.internal.ServiceLocatorImpl.access$1200(ServiceLocatorImpl.java:125)
	at org.jvnet.hk2.internal.ServiceLocatorImpl$9.compute(ServiceLocatorImpl.java:1373)
	at org.jvnet.hk2.internal.ServiceLocatorImpl$9.compute(ServiceLocatorImpl.java:1368)
	at org.glassfish.hk2.utilities.cache.internal.WeakCARCacheImpl.compute(WeakCARCacheImpl.java:116)
	at org.jvnet.hk2.internal.ServiceLocatorImpl.internalGetAllServiceHandles(ServiceLocatorImpl.java:1430)
	at org.jvnet.hk2.internal.ServiceLocatorImpl.getAllServiceHandles(ServiceLocatorImpl.java:1355)
	at org.jvnet.hk2.internal.ServiceLocatorImpl.getAllServiceHandles(ServiceLocatorImpl.java:1344)
	at org.glassfish.jersey.internal.inject.Providers.getServiceHandles(Providers.java:354)
	at org.glassfish.jersey.internal.inject.Providers.getCustomProviders(Providers.java:201)
	at org.glassfish.jersey.message.internal.MessageBodyFactory.&lt;init&gt;(MessageBodyFactory.java:247)
	at java.base/jdk.internal.reflect.NativeConstructorAccessorImpl.newInstance0(Native Method)
	at java.base/jdk.internal.reflect.NativeConstructorAccessorImpl.newInstance(NativeConstructorAccessorImpl.java:62)
	at java.base/jdk.internal.reflect.DelegatingConstructorAccessorImpl.newInstance(DelegatingConstructorAccessorImpl.java:45)
	at java.base/java.lang.reflect.Constructor.newInstance(Constructor.java:488)
	at org.glassfish.hk2.utilities.reflection.ReflectionHelper.makeMe(ReflectionHelper.java:1375)
	at org.jvnet.hk2.internal.ClazzCreator.createMe(ClazzCreator.java:272)
	at org.jvnet.hk2.internal.ClazzCreator.create(ClazzCreator.java:366)
	at org.jvnet.hk2.internal.SystemDescriptor.create(SystemDescriptor.java:487)
	at org.jvnet.hk2.internal.SingletonContext$1.compute(SingletonContext.java:83)
	at org.jvnet.hk2.internal.SingletonContext$1.compute(SingletonContext.java:71)
	at org.glassfish.hk2.utilities.cache.Cache$OriginThreadAwareFuture$1.call(Cache.java:97)
	at java.base/java.util.concurrent.FutureTask.run(FutureTask.java:264)
	at org.glassfish.hk2.utilities.cache.Cache$OriginThreadAwareFuture.run(Cache.java:154)
	at org.glassfish.hk2.utilities.cache.Cache.compute(Cache.java:199)
	at org.jvnet.hk2.internal.SingletonContext.findOrCreate(SingletonContext.java:122)
	at org.jvnet.hk2.internal.Utilities.createService(Utilities.java:2022)
	at org.jvnet.hk2.internal.ServiceLocatorImpl.internalGetService(ServiceLocatorImpl.java:774)
	at org.jvnet.hk2.internal.ServiceLocatorImpl.internalGetService(ServiceLocatorImpl.java:737)
	at org.jvnet.hk2.internal.ServiceLocatorImpl.getService(ServiceLocatorImpl.java:707)
	at org.glassfish.jersey.server.model.ComponentModelValidator.&lt;init&gt;(ComponentModelValidator.java:97)
	at org.glassfish.jersey.server.ApplicationHandler.initialize(ApplicationHandler.java:549)
	at org.glassfish.jersey.server.ApplicationHandler.access$500(ApplicationHandler.java:184)
	at org.glassfish.jersey.server.ApplicationHandler$3.call(ApplicationHandler.java:350)
	at org.glassfish.jersey.server.ApplicationHandler$3.call(ApplicationHandler.java:347)
	at org.glassfish.jersey.internal.Errors.process(Errors.java:315)
	at org.glassfish.jersey.internal.Errors.process(Errors.java:297)
	at org.glassfish.jersey.internal.Errors.processWithException(Errors.java:255)
	at org.glassfish.jersey.server.ApplicationHandler.&lt;init&gt;(ApplicationHandler.java:347)
	at org.glassfish.jersey.server.ApplicationHandler.&lt;init&gt;(ApplicationHandler.java:311)
	at org.glassfish.jersey.grizzly2.httpserver.GrizzlyHttpContainer.&lt;init&gt;(GrizzlyHttpContainer.java:337)
	at org.glassfish.jersey.grizzly2.httpserver.GrizzlyHttpServerFactory.createHttpServer(GrizzlyHttpServerFactory.java:119)
	at com.example.Main.startServer(Main.java:30)
	at com.example.MyResourceTest.setUp(MyResourceTest.java:22)
	at java.base/jdk.internal.reflect.NativeMethodAccessorImpl.invoke0(Native Method)
	at java.base/jdk.internal.reflect.NativeMethodAccessorImpl.invoke(NativeMethodAccessorImpl.java:62)
	at java.base/jdk.internal.reflect.DelegatingMethodAccessorImpl.invoke(DelegatingMethodAccessorImpl.java:43)
	at java.base/java.lang.reflect.Method.invoke(Method.java:564)
	at org.junit.runners.model.FrameworkMethod$1.runReflectiveCall(FrameworkMethod.java:44)
	at org.junit.internal.runners.model.ReflectiveCallable.run(ReflectiveCallable.java:15)
	at org.junit.runners.model.FrameworkMethod.invokeExplosively(FrameworkMethod.java:41)
	at org.junit.internal.runners.statements.RunBefores.evaluate(RunBefores.java:27)
	at org.junit.internal.runners.statements.RunAfters.evaluate(RunAfters.java:31)
	at org.junit.runners.ParentRunner.runLeaf(ParentRunner.java:263)
	at org.junit.runners.BlockJUnit4ClassRunner.runChild(BlockJUnit4ClassRunner.java:69)
	at org.junit.runners.BlockJUnit4ClassRunner.runChild(BlockJUnit4ClassRunner.java:48)
	at org.junit.runners.ParentRunner$3.run(ParentRunner.java:231)
	at org.junit.runners.ParentRunner$1.schedule(ParentRunner.java:60)
	at org.junit.runners.ParentRunner.runChildren(ParentRunner.java:229)
	at org.junit.runners.ParentRunner.access$000(ParentRunner.java:50)
	at org.junit.runners.ParentRunner$2.evaluate(ParentRunner.java:222)
	at org.junit.runners.ParentRunner.run(ParentRunner.java:292)
	at org.apache.maven.surefire.junit4.JUnit4Provider.execute(JUnit4Provider.java:252)
	at org.apache.maven.surefire.junit4.JUnit4Provider.executeTestSet(JUnit4Provider.java:141)
	at org.apache.maven.surefire.junit4.JUnit4Provider.invoke(JUnit4Provider.java:112)
	at java.base/jdk.internal.reflect.NativeMethodAccessorImpl.invoke0(Native Method)
	at java.base/jdk.internal.reflect.NativeMethodAccessorImpl.invoke(NativeMethodAccessorImpl.java:62)
	at java.base/jdk.internal.reflect.DelegatingMethodAccessorImpl.invoke(DelegatingMethodAccessorImpl.java:43)
	at java.base/java.lang.reflect.Method.invoke(Method.java:564)
	at org.apache.maven.surefire.util.ReflectionUtils.invokeMethodWithArray(ReflectionUtils.java:189)
	at org.apache.maven.surefire.booter.ProviderFactory$ProviderProxy.invoke(ProviderFactory.java:165)
	at org.apache.maven.surefire.booter.ProviderFactory.invokeProvider(ProviderFactory.java:85)
	at org.apache.maven.surefire.booter.ForkedBooter.runSuitesInProcess(ForkedBooter.java:115)
	at org.apache.maven.surefire.booter.ForkedBooter.main(ForkedBooter.java:75)
Caused by: java.lang.ClassNotFoundException: javax.xml.bind.PropertyException
	at java.base/jdk.internal.loader.BuiltinClassLoader.loadClass(BuiltinClassLoader.java:582)
	at java.base/jdk.internal.loader.ClassLoaders$AppClassLoader.loadClass(ClassLoaders.java:190)
	at java.base/java.lang.ClassLoader.loadClass(ClassLoader.java:499)
	... 90 more
MultiException stack 2 of 2
java.lang.IllegalArgumentException: Errors were discovered while reifying SystemDescriptor(
	implementation=org.glassfish.jersey.jaxb.internal.XmlRootElementJaxbProvider$Text
	contracts={javax.ws.rs.ext.MessageBodyWriter,javax.ws.rs.ext.MessageBodyReader}
	scope=javax.inject.Singleton
	qualifiers={}
	descriptorType=CLASS
	descriptorVisibility=NORMAL
	metadata=
	rank=0
	loader=org.glassfish.hk2.utilities.binding.AbstractBinder$2@16fdec90
	proxiable=null
	proxyForSameScope=null
	analysisName=null
	id=108
	locatorId=0
	identityHashCode=896072146
	reified=false)
	at org.jvnet.hk2.internal.SystemDescriptor.reify(SystemDescriptor.java:705)
	at org.jvnet.hk2.internal.ServiceLocatorImpl.reifyDescriptor(ServiceLocatorImpl.java:461)
	at org.jvnet.hk2.internal.ServiceLocatorImpl.narrow(ServiceLocatorImpl.java:2288)
	at org.jvnet.hk2.internal.ServiceLocatorImpl.access$1200(ServiceLocatorImpl.java:125)
	at org.jvnet.hk2.internal.ServiceLocatorImpl$9.compute(ServiceLocatorImpl.java:1373)
	at org.jvnet.hk2.internal.ServiceLocatorImpl$9.compute(ServiceLocatorImpl.java:1368)
	at org.glassfish.hk2.utilities.cache.internal.WeakCARCacheImpl.compute(WeakCARCacheImpl.java:116)
	at org.jvnet.hk2.internal.ServiceLocatorImpl.internalGetAllServiceHandles(ServiceLocatorImpl.java:1430)
	at org.jvnet.hk2.internal.ServiceLocatorImpl.getAllServiceHandles(ServiceLocatorImpl.java:1355)
	at org.jvnet.hk2.internal.ServiceLocatorImpl.getAllServiceHandles(ServiceLocatorImpl.java:1344)
	at org.glassfish.jersey.internal.inject.Providers.getServiceHandles(Providers.java:354)
	at org.glassfish.jersey.internal.inject.Providers.getCustomProviders(Providers.java:201)
	at org.glassfish.jersey.message.internal.MessageBodyFactory.&lt;init&gt;(MessageBodyFactory.java:247)
	at java.base/jdk.internal.reflect.NativeConstructorAccessorImpl.newInstance0(Native Method)
	at java.base/jdk.internal.reflect.NativeConstructorAccessorImpl.newInstance(NativeConstructorAccessorImpl.java:62)
	at java.base/jdk.internal.reflect.DelegatingConstructorAccessorImpl.newInstance(DelegatingConstructorAccessorImpl.java:45)
	at java.base/java.lang.reflect.Constructor.newInstance(Constructor.java:488)
	at org.glassfish.hk2.utilities.reflection.ReflectionHelper.makeMe(ReflectionHelper.java:1375)
	at org.jvnet.hk2.internal.ClazzCreator.createMe(ClazzCreator.java:272)
	at org.jvnet.hk2.internal.ClazzCreator.create(ClazzCreator.java:366)
	at org.jvnet.hk2.internal.SystemDescriptor.create(SystemDescriptor.java:487)
	at org.jvnet.hk2.internal.SingletonContext$1.compute(SingletonContext.java:83)
	at org.jvnet.hk2.internal.SingletonContext$1.compute(SingletonContext.java:71)
	at org.glassfish.hk2.utilities.cache.Cache$OriginThreadAwareFuture$1.call(Cache.java:97)
	at java.base/java.util.concurrent.FutureTask.run(FutureTask.java:264)
	at org.glassfish.hk2.utilities.cache.Cache$OriginThreadAwareFuture.run(Cache.java:154)
	at org.glassfish.hk2.utilities.cache.Cache.compute(Cache.java:199)
	at org.jvnet.hk2.internal.SingletonContext.findOrCreate(SingletonContext.java:122)
	at org.jvnet.hk2.internal.Utilities.createService(Utilities.java:2022)
	at org.jvnet.hk2.internal.ServiceLocatorImpl.internalGetService(ServiceLocatorImpl.java:774)
	at org.jvnet.hk2.internal.ServiceLocatorImpl.internalGetService(ServiceLocatorImpl.java:737)
	at org.jvnet.hk2.internal.ServiceLocatorImpl.getService(ServiceLocatorImpl.java:707)
	at org.glassfish.jersey.server.model.ComponentModelValidator.&lt;init&gt;(ComponentModelValidator.java:97)
	at org.glassfish.jersey.server.ApplicationHandler.initialize(ApplicationHandler.java:549)
	at org.glassfish.jersey.server.ApplicationHandler.access$500(ApplicationHandler.java:184)
	at org.glassfish.jersey.server.ApplicationHandler$3.call(ApplicationHandler.java:350)
	at org.glassfish.jersey.server.ApplicationHandler$3.call(ApplicationHandler.java:347)
	at org.glassfish.jersey.internal.Errors.process(Errors.java:315)
	at org.glassfish.jersey.internal.Errors.process(Errors.java:297)
	at org.glassfish.jersey.internal.Errors.processWithException(Errors.java:255)
	at org.glassfish.jersey.server.ApplicationHandler.&lt;init&gt;(ApplicationHandler.java:347)
	at org.glassfish.jersey.server.ApplicationHandler.&lt;init&gt;(ApplicationHandler.java:311)
	at org.glassfish.jersey.grizzly2.httpserver.GrizzlyHttpContainer.&lt;init&gt;(GrizzlyHttpContainer.java:337)
	at org.glassfish.jersey.grizzly2.httpserver.GrizzlyHttpServerFactory.createHttpServer(GrizzlyHttpServerFactory.java:119)
	at com.example.Main.startServer(Main.java:30)
	at com.example.MyResourceTest.setUp(MyResourceTest.java:22)
	at java.base/jdk.internal.reflect.NativeMethodAccessorImpl.invoke0(Native Method)
	at java.base/jdk.internal.reflect.NativeMethodAccessorImpl.invoke(NativeMethodAccessorImpl.java:62)
	at java.base/jdk.internal.reflect.DelegatingMethodAccessorImpl.invoke(DelegatingMethodAccessorImpl.java:43)
	at java.base/java.lang.reflect.Method.invoke(Method.java:564)
	at org.junit.runners.model.FrameworkMethod$1.runReflectiveCall(FrameworkMethod.java:44)
	at org.junit.internal.runners.model.ReflectiveCallable.run(ReflectiveCallable.java:15)
	at org.junit.runners.model.FrameworkMethod.invokeExplosively(FrameworkMethod.java:41)
	at org.junit.internal.runners.statements.RunBefores.evaluate(RunBefores.java:27)
	at org.junit.internal.runners.statements.RunAfters.evaluate(RunAfters.java:31)
	at org.junit.runners.ParentRunner.runLeaf(ParentRunner.java:263)
	at org.junit.runners.BlockJUnit4ClassRunner.runChild(BlockJUnit4ClassRunner.java:69)
	at org.junit.runners.BlockJUnit4ClassRunner.runChild(BlockJUnit4ClassRunner.java:48)
	at org.junit.runners.ParentRunner$3.run(ParentRunner.java:231)
	at org.junit.runners.ParentRunner$1.schedule(ParentRunner.java:60)
	at org.junit.runners.ParentRunner.runChildren(ParentRunner.java:229)
	at org.junit.runners.ParentRunner.access$000(ParentRunner.java:50)
	at org.junit.runners.ParentRunner$2.evaluate(ParentRunner.java:222)
	at org.junit.runners.ParentRunner.run(ParentRunner.java:292)
	at org.apache.maven.surefire.junit4.JUnit4Provider.execute(JUnit4Provider.java:252)
	at org.apache.maven.surefire.junit4.JUnit4Provider.executeTestSet(JUnit4Provider.java:141)
	at org.apache.maven.surefire.junit4.JUnit4Provider.invoke(JUnit4Provider.java:112)
	at java.base/jdk.internal.reflect.NativeMethodAccessorImpl.invoke0(Native Method)
	at java.base/jdk.internal.reflect.NativeMethodAccessorImpl.invoke(NativeMethodAccessorImpl.java:62)
	at java.base/jdk.internal.reflect.DelegatingMethodAccessorImpl.invoke(DelegatingMethodAccessorImpl.java:43)
	at java.base/java.lang.reflect.Method.invoke(Method.java:564)
	at org.apache.maven.surefire.util.ReflectionUtils.invokeMethodWithArray(ReflectionUtils.java:189)
	at org.apache.maven.surefire.booter.ProviderFactory$ProviderProxy.invoke(ProviderFactory.java:165)
	at org.apache.maven.surefire.booter.ProviderFactory.invokeProvider(ProviderFactory.java:85)
	at org.apache.maven.surefire.booter.ForkedBooter.runSuitesInProcess(ForkedBooter.java:115)
	at org.apache.maven.surefire.booter.ForkedBooter.main(ForkedBooter.java:75)

WARNING: HK2 service reification failed for [org.glassfish.jersey.jaxb.internal.XmlRootElementJaxbProvider$General] with an exception:
MultiException stack 1 of 2
java.lang.NoClassDefFoundError: javax/xml/bind/PropertyException
	at java.base/java.lang.Class.getDeclaredConstructors0(Native Method)
	at java.base/java.lang.Class.privateGetDeclaredConstructors(Class.java:3090)
	at java.base/java.lang.Class.getDeclaredConstructors(Class.java:2316)
	at org.jvnet.hk2.internal.Utilities$3.run(Utilities.java:1308)
	at org.jvnet.hk2.internal.Utilities$3.run(Utilities.java:1304)
	at java.base/java.security.AccessController.doPrivileged(Native Method)
	at org.jvnet.hk2.internal.Utilities.getAllConstructors(Utilities.java:1304)
	at org.jvnet.hk2.internal.Utilities.findProducerConstructor(Utilities.java:1247)
	at org.jvnet.hk2.internal.DefaultClassAnalyzer.getConstructor(DefaultClassAnalyzer.java:83)
	at org.glassfish.jersey.internal.inject.JerseyClassAnalyzer.getConstructor(JerseyClassAnalyzer.java:144)
	at org.jvnet.hk2.internal.Utilities.getConstructor(Utilities.java:178)
	at org.jvnet.hk2.internal.ClazzCreator.initialize(ClazzCreator.java:129)
	at org.jvnet.hk2.internal.ClazzCreator.initialize(ClazzCreator.java:180)
	at org.jvnet.hk2.internal.SystemDescriptor.internalReify(SystemDescriptor.java:740)
	at org.jvnet.hk2.internal.SystemDescriptor.reify(SystemDescriptor.java:694)
	at org.jvnet.hk2.internal.ServiceLocatorImpl.reifyDescriptor(ServiceLocatorImpl.java:461)
	at org.jvnet.hk2.internal.ServiceLocatorImpl.narrow(ServiceLocatorImpl.java:2288)
	at org.jvnet.hk2.internal.ServiceLocatorImpl.access$1200(ServiceLocatorImpl.java:125)
	at org.jvnet.hk2.internal.ServiceLocatorImpl$9.compute(ServiceLocatorImpl.java:1373)
	at org.jvnet.hk2.internal.ServiceLocatorImpl$9.compute(ServiceLocatorImpl.java:1368)
	at org.glassfish.hk2.utilities.cache.internal.WeakCARCacheImpl.compute(WeakCARCacheImpl.java:116)
	at org.jvnet.hk2.internal.ServiceLocatorImpl.internalGetAllServiceHandles(ServiceLocatorImpl.java:1430)
	at org.jvnet.hk2.internal.ServiceLocatorImpl.getAllServiceHandles(ServiceLocatorImpl.java:1355)
	at org.jvnet.hk2.internal.ServiceLocatorImpl.getAllServiceHandles(ServiceLocatorImpl.java:1344)
	at org.glassfish.jersey.internal.inject.Providers.getServiceHandles(Providers.java:354)
	at org.glassfish.jersey.internal.inject.Providers.getCustomProviders(Providers.java:201)
	at org.glassfish.jersey.message.internal.MessageBodyFactory.&lt;init&gt;(MessageBodyFactory.java:247)
	at java.base/jdk.internal.reflect.NativeConstructorAccessorImpl.newInstance0(Native Method)
	at java.base/jdk.internal.reflect.NativeConstructorAccessorImpl.newInstance(NativeConstructorAccessorImpl.java:62)
	at java.base/jdk.internal.reflect.DelegatingConstructorAccessorImpl.newInstance(DelegatingConstructorAccessorImpl.java:45)
	at java.base/java.lang.reflect.Constructor.newInstance(Constructor.java:488)
	at org.glassfish.hk2.utilities.reflection.ReflectionHelper.makeMe(ReflectionHelper.java:1375)
	at org.jvnet.hk2.internal.ClazzCreator.createMe(ClazzCreator.java:272)
	at org.jvnet.hk2.internal.ClazzCreator.create(ClazzCreator.java:366)
	at org.jvnet.hk2.internal.SystemDescriptor.create(SystemDescriptor.java:487)
	at org.jvnet.hk2.internal.SingletonContext$1.compute(SingletonContext.java:83)
	at org.jvnet.hk2.internal.SingletonContext$1.compute(SingletonContext.java:71)
	at org.glassfish.hk2.utilities.cache.Cache$OriginThreadAwareFuture$1.call(Cache.java:97)
	at java.base/java.util.concurrent.FutureTask.run(FutureTask.java:264)
	at org.glassfish.hk2.utilities.cache.Cache$OriginThreadAwareFuture.run(Cache.java:154)
	at org.glassfish.hk2.utilities.cache.Cache.compute(Cache.java:199)
	at org.jvnet.hk2.internal.SingletonContext.findOrCreate(SingletonContext.java:122)
	at org.jvnet.hk2.internal.Utilities.createService(Utilities.java:2022)
	at org.jvnet.hk2.internal.ServiceLocatorImpl.internalGetService(ServiceLocatorImpl.java:774)
	at org.jvnet.hk2.internal.ServiceLocatorImpl.internalGetService(ServiceLocatorImpl.java:737)
	at org.jvnet.hk2.internal.ServiceLocatorImpl.getService(ServiceLocatorImpl.java:707)
	at org.glassfish.jersey.server.model.ComponentModelValidator.&lt;init&gt;(ComponentModelValidator.java:97)
	at org.glassfish.jersey.server.ApplicationHandler.initialize(ApplicationHandler.java:549)
	at org.glassfish.jersey.server.ApplicationHandler.access$500(ApplicationHandler.java:184)
	at org.glassfish.jersey.server.ApplicationHandler$3.call(ApplicationHandler.java:350)
	at org.glassfish.jersey.server.ApplicationHandler$3.call(ApplicationHandler.java:347)
	at org.glassfish.jersey.internal.Errors.process(Errors.java:315)
	at org.glassfish.jersey.internal.Errors.process(Errors.java:297)
	at org.glassfish.jersey.internal.Errors.processWithException(Errors.java:255)
	at org.glassfish.jersey.server.ApplicationHandler.&lt;init&gt;(ApplicationHandler.java:347)
	at org.glassfish.jersey.server.ApplicationHandler.&lt;init&gt;(ApplicationHandler.java:311)
	at org.glassfish.jersey.grizzly2.httpserver.GrizzlyHttpContainer.&lt;init&gt;(GrizzlyHttpContainer.java:337)
	at org.glassfish.jersey.grizzly2.httpserver.GrizzlyHttpServerFactory.createHttpServer(GrizzlyHttpServerFactory.java:119)
	at com.example.Main.startServer(Main.java:30)
	at com.example.MyResourceTest.setUp(MyResourceTest.java:22)
	at java.base/jdk.internal.reflect.NativeMethodAccessorImpl.invoke0(Native Method)
	at java.base/jdk.internal.reflect.NativeMethodAccessorImpl.invoke(NativeMethodAccessorImpl.java:62)
	at java.base/jdk.internal.reflect.DelegatingMethodAccessorImpl.invoke(DelegatingMethodAccessorImpl.java:43)
	at java.base/java.lang.reflect.Method.invoke(Method.java:564)
	at org.junit.runners.model.FrameworkMethod$1.runReflectiveCall(FrameworkMethod.java:44)
	at org.junit.internal.runners.model.ReflectiveCallable.run(ReflectiveCallable.java:15)
	at org.junit.runners.model.FrameworkMethod.invokeExplosively(FrameworkMethod.java:41)
	at org.junit.internal.runners.statements.RunBefores.evaluate(RunBefores.java:27)
	at org.junit.internal.runners.statements.RunAfters.evaluate(RunAfters.java:31)
	at org.junit.runners.ParentRunner.runLeaf(ParentRunner.java:263)
	at org.junit.runners.BlockJUnit4ClassRunner.runChild(BlockJUnit4ClassRunner.java:69)
	at org.junit.runners.BlockJUnit4ClassRunner.runChild(BlockJUnit4ClassRunner.java:48)
	at org.junit.runners.ParentRunner$3.run(ParentRunner.java:231)
	at org.junit.runners.ParentRunner$1.schedule(ParentRunner.java:60)
	at org.junit.runners.ParentRunner.runChildren(ParentRunner.java:229)
	at org.junit.runners.ParentRunner.access$000(ParentRunner.java:50)
	at org.junit.runners.ParentRunner$2.evaluate(ParentRunner.java:222)
	at org.junit.runners.ParentRunner.run(ParentRunner.java:292)
	at org.apache.maven.surefire.junit4.JUnit4Provider.execute(JUnit4Provider.java:252)
	at org.apache.maven.surefire.junit4.JUnit4Provider.executeTestSet(JUnit4Provider.java:141)
	at org.apache.maven.surefire.junit4.JUnit4Provider.invoke(JUnit4Provider.java:112)
	at java.base/jdk.internal.reflect.NativeMethodAccessorImpl.invoke0(Native Method)
	at java.base/jdk.internal.reflect.NativeMethodAccessorImpl.invoke(NativeMethodAccessorImpl.java:62)
	at java.base/jdk.internal.reflect.DelegatingMethodAccessorImpl.invoke(DelegatingMethodAccessorImpl.java:43)
	at java.base/java.lang.reflect.Method.invoke(Method.java:564)
	at org.apache.maven.surefire.util.ReflectionUtils.invokeMethodWithArray(ReflectionUtils.java:189)
	at org.apache.maven.surefire.booter.ProviderFactory$ProviderProxy.invoke(ProviderFactory.java:165)
	at org.apache.maven.surefire.booter.ProviderFactory.invokeProvider(ProviderFactory.java:85)
	at org.apache.maven.surefire.booter.ForkedBooter.runSuitesInProcess(ForkedBooter.java:115)
	at org.apache.maven.surefire.booter.ForkedBooter.main(ForkedBooter.java:75)
Caused by: java.lang.ClassNotFoundException: javax.xml.bind.PropertyException
	at java.base/jdk.internal.loader.BuiltinClassLoader.loadClass(BuiltinClassLoader.java:582)
	at java.base/jdk.internal.loader.ClassLoaders$AppClassLoader.loadClass(ClassLoaders.java:190)
	at java.base/java.lang.ClassLoader.loadClass(ClassLoader.java:499)
	... 90 more
MultiException stack 2 of 2
java.lang.IllegalArgumentException: Errors were discovered while reifying SystemDescriptor(
	implementation=org.glassfish.jersey.jaxb.internal.XmlRootElementJaxbProvider$General
	contracts={javax.ws.rs.ext.MessageBodyWriter,javax.ws.rs.ext.MessageBodyReader}
	scope=javax.inject.Singleton
	qualifiers={}
	descriptorType=CLASS
	descriptorVisibility=NORMAL
	metadata=
	rank=0
	loader=org.glassfish.hk2.utilities.binding.AbstractBinder$2@16fdec90
	proxiable=null
	proxyForSameScope=null
	analysisName=null
	id=109
	locatorId=0
	identityHashCode=1528741718
	reified=false)
	at org.jvnet.hk2.internal.SystemDescriptor.reify(SystemDescriptor.java:705)
	at org.jvnet.hk2.internal.ServiceLocatorImpl.reifyDescriptor(ServiceLocatorImpl.java:461)
	at org.jvnet.hk2.internal.ServiceLocatorImpl.narrow(ServiceLocatorImpl.java:2288)
	at org.jvnet.hk2.internal.ServiceLocatorImpl.access$1200(ServiceLocatorImpl.java:125)
	at org.jvnet.hk2.internal.ServiceLocatorImpl$9.compute(ServiceLocatorImpl.java:1373)
	at org.jvnet.hk2.internal.ServiceLocatorImpl$9.compute(ServiceLocatorImpl.java:1368)
	at org.glassfish.hk2.utilities.cache.internal.WeakCARCacheImpl.compute(WeakCARCacheImpl.java:116)
	at org.jvnet.hk2.internal.ServiceLocatorImpl.internalGetAllServiceHandles(ServiceLocatorImpl.java:1430)
	at org.jvnet.hk2.internal.ServiceLocatorImpl.getAllServiceHandles(ServiceLocatorImpl.java:1355)
	at org.jvnet.hk2.internal.ServiceLocatorImpl.getAllServiceHandles(ServiceLocatorImpl.java:1344)
	at org.glassfish.jersey.internal.inject.Providers.getServiceHandles(Providers.java:354)
	at org.glassfish.jersey.internal.inject.Providers.getCustomProviders(Providers.java:201)
	at org.glassfish.jersey.message.internal.MessageBodyFactory.&lt;init&gt;(MessageBodyFactory.java:247)
	at java.base/jdk.internal.reflect.NativeConstructorAccessorImpl.newInstance0(Native Method)
	at java.base/jdk.internal.reflect.NativeConstructorAccessorImpl.newInstance(NativeConstructorAccessorImpl.java:62)
	at java.base/jdk.internal.reflect.DelegatingConstructorAccessorImpl.newInstance(DelegatingConstructorAccessorImpl.java:45)
	at java.base/java.lang.reflect.Constructor.newInstance(Constructor.java:488)
	at org.glassfish.hk2.utilities.reflection.ReflectionHelper.makeMe(ReflectionHelper.java:1375)
	at org.jvnet.hk2.internal.ClazzCreator.createMe(ClazzCreator.java:272)
	at org.jvnet.hk2.internal.ClazzCreator.create(ClazzCreator.java:366)
	at org.jvnet.hk2.internal.SystemDescriptor.create(SystemDescriptor.java:487)
	at org.jvnet.hk2.internal.SingletonContext$1.compute(SingletonContext.java:83)
	at org.jvnet.hk2.internal.SingletonContext$1.compute(SingletonContext.java:71)
	at org.glassfish.hk2.utilities.cache.Cache$OriginThreadAwareFuture$1.call(Cache.java:97)
	at java.base/java.util.concurrent.FutureTask.run(FutureTask.java:264)
	at org.glassfish.hk2.utilities.cache.Cache$OriginThreadAwareFuture.run(Cache.java:154)
	at org.glassfish.hk2.utilities.cache.Cache.compute(Cache.java:199)
	at org.jvnet.hk2.internal.SingletonContext.findOrCreate(SingletonContext.java:122)
	at org.jvnet.hk2.internal.Utilities.createService(Utilities.java:2022)
	at org.jvnet.hk2.internal.ServiceLocatorImpl.internalGetService(ServiceLocatorImpl.java:774)
	at org.jvnet.hk2.internal.ServiceLocatorImpl.internalGetService(ServiceLocatorImpl.java:737)
	at org.jvnet.hk2.internal.ServiceLocatorImpl.getService(ServiceLocatorImpl.java:707)
	at org.glassfish.jersey.server.model.ComponentModelValidator.&lt;init&gt;(ComponentModelValidator.java:97)
	at org.glassfish.jersey.server.ApplicationHandler.initialize(ApplicationHandler.java:549)
	at org.glassfish.jersey.server.ApplicationHandler.access$500(ApplicationHandler.java:184)
	at org.glassfish.jersey.server.ApplicationHandler$3.call(ApplicationHandler.java:350)
	at org.glassfish.jersey.server.ApplicationHandler$3.call(ApplicationHandler.java:347)
	at org.glassfish.jersey.internal.Errors.process(Errors.java:315)
	at org.glassfish.jersey.internal.Errors.process(Errors.java:297)
	at org.glassfish.jersey.internal.Errors.processWithException(Errors.java:255)
	at org.glassfish.jersey.server.ApplicationHandler.&lt;init&gt;(ApplicationHandler.java:347)
	at org.glassfish.jersey.server.ApplicationHandler.&lt;init&gt;(ApplicationHandler.java:311)
	at org.glassfish.jersey.grizzly2.httpserver.GrizzlyHttpContainer.&lt;init&gt;(GrizzlyHttpContainer.java:337)
	at org.glassfish.jersey.grizzly2.httpserver.GrizzlyHttpServerFactory.createHttpServer(GrizzlyHttpServerFactory.java:119)
	at com.example.Main.startServer(Main.java:30)
	at com.example.MyResourceTest.setUp(MyResourceTest.java:22)
	at java.base/jdk.internal.reflect.NativeMethodAccessorImpl.invoke0(Native Method)
	at java.base/jdk.internal.reflect.NativeMethodAccessorImpl.invoke(NativeMethodAccessorImpl.java:62)
	at java.base/jdk.internal.reflect.DelegatingMethodAccessorImpl.invoke(DelegatingMethodAccessorImpl.java:43)
	at java.base/java.lang.reflect.Method.invoke(Method.java:564)
	at org.junit.runners.model.FrameworkMethod$1.runReflectiveCall(FrameworkMethod.java:44)
	at org.junit.internal.runners.model.ReflectiveCallable.run(ReflectiveCallable.java:15)
	at org.junit.runners.model.FrameworkMethod.invokeExplosively(FrameworkMethod.java:41)
	at org.junit.internal.runners.statements.RunBefores.evaluate(RunBefores.java:27)
	at org.junit.internal.runners.statements.RunAfters.evaluate(RunAfters.java:31)
	at org.junit.runners.ParentRunner.runLeaf(ParentRunner.java:263)
	at org.junit.runners.BlockJUnit4ClassRunner.runChild(BlockJUnit4ClassRunner.java:69)
	at org.junit.runners.BlockJUnit4ClassRunner.runChild(BlockJUnit4ClassRunner.java:48)
	at org.junit.runners.ParentRunner$3.run(ParentRunner.java:231)
	at org.junit.runners.ParentRunner$1.schedule(ParentRunner.java:60)
	at org.junit.runners.ParentRunner.runChildren(ParentRunner.java:229)
	at org.junit.runners.ParentRunner.access$000(ParentRunner.java:50)
	at org.junit.runners.ParentRunner$2.evaluate(ParentRunner.java:222)
	at org.junit.runners.ParentRunner.run(ParentRunner.java:292)
	at org.apache.maven.surefire.junit4.JUnit4Provider.execute(JUnit4Provider.java:252)
	at org.apache.maven.surefire.junit4.JUnit4Provider.executeTestSet(JUnit4Provider.java:141)
	at org.apache.maven.surefire.junit4.JUnit4Provider.invoke(JUnit4Provider.java:112)
	at java.base/jdk.internal.reflect.NativeMethodAccessorImpl.invoke0(Native Method)
	at java.base/jdk.internal.reflect.NativeMethodAccessorImpl.invoke(NativeMethodAccessorImpl.java:62)
	at java.base/jdk.internal.reflect.DelegatingMethodAccessorImpl.invoke(DelegatingMethodAccessorImpl.java:43)
	at java.base/java.lang.reflect.Method.invoke(Method.java:564)
	at org.apache.maven.surefire.util.ReflectionUtils.invokeMethodWithArray(ReflectionUtils.java:189)
	at org.apache.maven.surefire.booter.ProviderFactory$ProviderProxy.invoke(ProviderFactory.java:165)
	at org.apache.maven.surefire.booter.ProviderFactory.invokeProvider(ProviderFactory.java:85)
	at org.apache.maven.surefire.booter.ForkedBooter.runSuitesInProcess(ForkedBooter.java:115)
	at org.apache.maven.surefire.booter.ForkedBooter.main(ForkedBooter.java:75)

WARNING: HK2 service reification failed for [org.glassfish.jersey.message.internal.DataSourceProvider] with an exception:
MultiException stack 1 of 2
java.lang.NoClassDefFoundError: javax/activation/DataSource
	at java.base/java.lang.Class.getDeclaredConstructors0(Native Method)
	at java.base/java.lang.Class.privateGetDeclaredConstructors(Class.java:3090)
	at java.base/java.lang.Class.getDeclaredConstructors(Class.java:2316)
	at org.jvnet.hk2.internal.Utilities$3.run(Utilities.java:1308)
	at org.jvnet.hk2.internal.Utilities$3.run(Utilities.java:1304)
	at java.base/java.security.AccessController.doPrivileged(Native Method)
	at org.jvnet.hk2.internal.Utilities.getAllConstructors(Utilities.java:1304)
	at org.jvnet.hk2.internal.Utilities.findProducerConstructor(Utilities.java:1247)
	at org.jvnet.hk2.internal.DefaultClassAnalyzer.getConstructor(DefaultClassAnalyzer.java:83)
	at org.glassfish.jersey.internal.inject.JerseyClassAnalyzer.getConstructor(JerseyClassAnalyzer.java:144)
	at org.jvnet.hk2.internal.Utilities.getConstructor(Utilities.java:178)
	at org.jvnet.hk2.internal.ClazzCreator.initialize(ClazzCreator.java:129)
	at org.jvnet.hk2.internal.ClazzCreator.initialize(ClazzCreator.java:180)
	at org.jvnet.hk2.internal.SystemDescriptor.internalReify(SystemDescriptor.java:740)
	at org.jvnet.hk2.internal.SystemDescriptor.reify(SystemDescriptor.java:694)
	at org.jvnet.hk2.internal.ServiceLocatorImpl.reifyDescriptor(ServiceLocatorImpl.java:461)
	at org.jvnet.hk2.internal.ServiceLocatorImpl.narrow(ServiceLocatorImpl.java:2288)
	at org.jvnet.hk2.internal.ServiceLocatorImpl.access$1200(ServiceLocatorImpl.java:125)
	at org.jvnet.hk2.internal.ServiceLocatorImpl$9.compute(ServiceLocatorImpl.java:1373)
	at org.jvnet.hk2.internal.ServiceLocatorImpl$9.compute(ServiceLocatorImpl.java:1368)
	at org.glassfish.hk2.utilities.cache.internal.WeakCARCacheImpl.compute(WeakCARCacheImpl.java:116)
	at org.jvnet.hk2.internal.ServiceLocatorImpl.internalGetAllServiceHandles(ServiceLocatorImpl.java:1430)
	at org.jvnet.hk2.internal.ServiceLocatorImpl.getAllServiceHandles(ServiceLocatorImpl.java:1355)
	at org.jvnet.hk2.internal.ServiceLocatorImpl.getAllServiceHandles(ServiceLocatorImpl.java:1344)
	at org.glassfish.jersey.internal.inject.Providers.getServiceHandles(Providers.java:354)
	at org.glassfish.jersey.internal.inject.Providers.getCustomProviders(Providers.java:201)
	at org.glassfish.jersey.message.internal.MessageBodyFactory.&lt;init&gt;(MessageBodyFactory.java:247)
	at java.base/jdk.internal.reflect.NativeConstructorAccessorImpl.newInstance0(Native Method)
	at java.base/jdk.internal.reflect.NativeConstructorAccessorImpl.newInstance(NativeConstructorAccessorImpl.java:62)
	at java.base/jdk.internal.reflect.DelegatingConstructorAccessorImpl.newInstance(DelegatingConstructorAccessorImpl.java:45)
	at java.base/java.lang.reflect.Constructor.newInstance(Constructor.java:488)
	at org.glassfish.hk2.utilities.reflection.ReflectionHelper.makeMe(ReflectionHelper.java:1375)
	at org.jvnet.hk2.internal.ClazzCreator.createMe(ClazzCreator.java:272)
	at org.jvnet.hk2.internal.ClazzCreator.create(ClazzCreator.java:366)
	at org.jvnet.hk2.internal.SystemDescriptor.create(SystemDescriptor.java:487)
	at org.jvnet.hk2.internal.SingletonContext$1.compute(SingletonContext.java:83)
	at org.jvnet.hk2.internal.SingletonContext$1.compute(SingletonContext.java:71)
	at org.glassfish.hk2.utilities.cache.Cache$OriginThreadAwareFuture$1.call(Cache.java:97)
	at java.base/java.util.concurrent.FutureTask.run(FutureTask.java:264)
	at org.glassfish.hk2.utilities.cache.Cache$OriginThreadAwareFuture.run(Cache.java:154)
	at org.glassfish.hk2.utilities.cache.Cache.compute(Cache.java:199)
	at org.jvnet.hk2.internal.SingletonContext.findOrCreate(SingletonContext.java:122)
	at org.jvnet.hk2.internal.Utilities.createService(Utilities.java:2022)
	at org.jvnet.hk2.internal.ServiceLocatorImpl.internalGetService(ServiceLocatorImpl.java:774)
	at org.jvnet.hk2.internal.ServiceLocatorImpl.internalGetService(ServiceLocatorImpl.java:737)
	at org.jvnet.hk2.internal.ServiceLocatorImpl.getService(ServiceLocatorImpl.java:707)
	at org.glassfish.jersey.server.model.ComponentModelValidator.&lt;init&gt;(ComponentModelValidator.java:97)
	at org.glassfish.jersey.server.ApplicationHandler.initialize(ApplicationHandler.java:549)
	at org.glassfish.jersey.server.ApplicationHandler.access$500(ApplicationHandler.java:184)
	at org.glassfish.jersey.server.ApplicationHandler$3.call(ApplicationHandler.java:350)
	at org.glassfish.jersey.server.ApplicationHandler$3.call(ApplicationHandler.java:347)
	at org.glassfish.jersey.internal.Errors.process(Errors.java:315)
	at org.glassfish.jersey.internal.Errors.process(Errors.java:297)
	at org.glassfish.jersey.internal.Errors.processWithException(Errors.java:255)
	at org.glassfish.jersey.server.ApplicationHandler.&lt;init&gt;(ApplicationHandler.java:347)
	at org.glassfish.jersey.server.ApplicationHandler.&lt;init&gt;(ApplicationHandler.java:311)
	at org.glassfish.jersey.grizzly2.httpserver.GrizzlyHttpContainer.&lt;init&gt;(GrizzlyHttpContainer.java:337)
	at org.glassfish.jersey.grizzly2.httpserver.GrizzlyHttpServerFactory.createHttpServer(GrizzlyHttpServerFactory.java:119)
	at com.example.Main.startServer(Main.java:30)
	at com.example.MyResourceTest.setUp(MyResourceTest.java:22)
	at java.base/jdk.internal.reflect.NativeMethodAccessorImpl.invoke0(Native Method)
	at java.base/jdk.internal.reflect.NativeMethodAccessorImpl.invoke(NativeMethodAccessorImpl.java:62)
	at java.base/jdk.internal.reflect.DelegatingMethodAccessorImpl.invoke(DelegatingMethodAccessorImpl.java:43)
	at java.base/java.lang.reflect.Method.invoke(Method.java:564)
	at org.junit.runners.model.FrameworkMethod$1.runReflectiveCall(FrameworkMethod.java:44)
	at org.junit.internal.runners.model.ReflectiveCallable.run(ReflectiveCallable.java:15)
	at org.junit.runners.model.FrameworkMethod.invokeExplosively(FrameworkMethod.java:41)
	at org.junit.internal.runners.statements.RunBefores.evaluate(RunBefores.java:27)
	at org.junit.internal.runners.statements.RunAfters.evaluate(RunAfters.java:31)
	at org.junit.runners.ParentRunner.runLeaf(ParentRunner.java:263)
	at org.junit.runners.BlockJUnit4ClassRunner.runChild(BlockJUnit4ClassRunner.java:69)
	at org.junit.runners.BlockJUnit4ClassRunner.runChild(BlockJUnit4ClassRunner.java:48)
	at org.junit.runners.ParentRunner$3.run(ParentRunner.java:231)
	at org.junit.runners.ParentRunner$1.schedule(ParentRunner.java:60)
	at org.junit.runners.ParentRunner.runChildren(ParentRunner.java:229)
	at org.junit.runners.ParentRunner.access$000(ParentRunner.java:50)
	at org.junit.runners.ParentRunner$2.evaluate(ParentRunner.java:222)
	at org.junit.runners.ParentRunner.run(ParentRunner.java:292)
	at org.apache.maven.surefire.junit4.JUnit4Provider.execute(JUnit4Provider.java:252)
	at org.apache.maven.surefire.junit4.JUnit4Provider.executeTestSet(JUnit4Provider.java:141)
	at org.apache.maven.surefire.junit4.JUnit4Provider.invoke(JUnit4Provider.java:112)
	at java.base/jdk.internal.reflect.NativeMethodAccessorImpl.invoke0(Native Method)
	at java.base/jdk.internal.reflect.NativeMethodAccessorImpl.invoke(NativeMethodAccessorImpl.java:62)
	at java.base/jdk.internal.reflect.DelegatingMethodAccessorImpl.invoke(DelegatingMethodAccessorImpl.java:43)
	at java.base/java.lang.reflect.Method.invoke(Method.java:564)
	at org.apache.maven.surefire.util.ReflectionUtils.invokeMethodWithArray(ReflectionUtils.java:189)
	at org.apache.maven.surefire.booter.ProviderFactory$ProviderProxy.invoke(ProviderFactory.java:165)
	at org.apache.maven.surefire.booter.ProviderFactory.invokeProvider(ProviderFactory.java:85)
	at org.apache.maven.surefire.booter.ForkedBooter.runSuitesInProcess(ForkedBooter.java:115)
	at org.apache.maven.surefire.booter.ForkedBooter.main(ForkedBooter.java:75)
Caused by: java.lang.ClassNotFoundException: javax.activation.DataSource
	at java.base/jdk.internal.loader.BuiltinClassLoader.loadClass(BuiltinClassLoader.java:582)
	at java.base/jdk.internal.loader.ClassLoaders$AppClassLoader.loadClass(ClassLoaders.java:190)
	at java.base/java.lang.ClassLoader.loadClass(ClassLoader.java:499)
	... 90 more
MultiException stack 2 of 2
java.lang.IllegalArgumentException: Errors were discovered while reifying SystemDescriptor(
	implementation=org.glassfish.jersey.message.internal.DataSourceProvider
	contracts={javax.ws.rs.ext.MessageBodyWriter,javax.ws.rs.ext.MessageBodyReader}
	scope=javax.inject.Singleton
	qualifiers={}
	descriptorType=CLASS
	descriptorVisibility=NORMAL
	metadata=
	rank=0
	loader=org.glassfish.hk2.utilities.binding.AbstractBinder$2@2e1ef60
	proxiable=null
	proxyForSameScope=null
	analysisName=null
	id=51
	locatorId=0
	identityHashCode=573926093
	reified=false)
	at org.jvnet.hk2.internal.SystemDescriptor.reify(SystemDescriptor.java:705)
	at org.jvnet.hk2.internal.ServiceLocatorImpl.reifyDescriptor(ServiceLocatorImpl.java:461)
	at org.jvnet.hk2.internal.ServiceLocatorImpl.narrow(ServiceLocatorImpl.java:2288)
	at org.jvnet.hk2.internal.ServiceLocatorImpl.access$1200(ServiceLocatorImpl.java:125)
	at org.jvnet.hk2.internal.ServiceLocatorImpl$9.compute(ServiceLocatorImpl.java:1373)
	at org.jvnet.hk2.internal.ServiceLocatorImpl$9.compute(ServiceLocatorImpl.java:1368)
	at org.glassfish.hk2.utilities.cache.internal.WeakCARCacheImpl.compute(WeakCARCacheImpl.java:116)
	at org.jvnet.hk2.internal.ServiceLocatorImpl.internalGetAllServiceHandles(ServiceLocatorImpl.java:1430)
	at org.jvnet.hk2.internal.ServiceLocatorImpl.getAllServiceHandles(ServiceLocatorImpl.java:1355)
	at org.jvnet.hk2.internal.ServiceLocatorImpl.getAllServiceHandles(ServiceLocatorImpl.java:1344)
	at org.glassfish.jersey.internal.inject.Providers.getServiceHandles(Providers.java:354)
	at org.glassfish.jersey.internal.inject.Providers.getCustomProviders(Providers.java:201)
	at org.glassfish.jersey.message.internal.MessageBodyFactory.&lt;init&gt;(MessageBodyFactory.java:247)
	at java.base/jdk.internal.reflect.NativeConstructorAccessorImpl.newInstance0(Native Method)
	at java.base/jdk.internal.reflect.NativeConstructorAccessorImpl.newInstance(NativeConstructorAccessorImpl.java:62)
	at java.base/jdk.internal.reflect.DelegatingConstructorAccessorImpl.newInstance(DelegatingConstructorAccessorImpl.java:45)
	at java.base/java.lang.reflect.Constructor.newInstance(Constructor.java:488)
	at org.glassfish.hk2.utilities.reflection.ReflectionHelper.makeMe(ReflectionHelper.java:1375)
	at org.jvnet.hk2.internal.ClazzCreator.createMe(ClazzCreator.java:272)
	at org.jvnet.hk2.internal.ClazzCreator.create(ClazzCreator.java:366)
	at org.jvnet.hk2.internal.SystemDescriptor.create(SystemDescriptor.java:487)
	at org.jvnet.hk2.internal.SingletonContext$1.compute(SingletonContext.java:83)
	at org.jvnet.hk2.internal.SingletonContext$1.compute(SingletonContext.java:71)
	at org.glassfish.hk2.utilities.cache.Cache$OriginThreadAwareFuture$1.call(Cache.java:97)
	at java.base/java.util.concurrent.FutureTask.run(FutureTask.java:264)
	at org.glassfish.hk2.utilities.cache.Cache$OriginThreadAwareFuture.run(Cache.java:154)
	at org.glassfish.hk2.utilities.cache.Cache.compute(Cache.java:199)
	at org.jvnet.hk2.internal.SingletonContext.findOrCreate(SingletonContext.java:122)
	at org.jvnet.hk2.internal.Utilities.createService(Utilities.java:2022)
	at org.jvnet.hk2.internal.ServiceLocatorImpl.internalGetService(ServiceLocatorImpl.java:774)
	at org.jvnet.hk2.internal.ServiceLocatorImpl.internalGetService(ServiceLocatorImpl.java:737)
	at org.jvnet.hk2.internal.ServiceLocatorImpl.getService(ServiceLocatorImpl.java:707)
	at org.glassfish.jersey.server.model.ComponentModelValidator.&lt;init&gt;(ComponentModelValidator.java:97)
	at org.glassfish.jersey.server.ApplicationHandler.initialize(ApplicationHandler.java:549)
	at org.glassfish.jersey.server.ApplicationHandler.access$500(ApplicationHandler.java:184)
	at org.glassfish.jersey.server.ApplicationHandler$3.call(ApplicationHandler.java:350)
	at org.glassfish.jersey.server.ApplicationHandler$3.call(ApplicationHandler.java:347)
	at org.glassfish.jersey.internal.Errors.process(Errors.java:315)
	at org.glassfish.jersey.internal.Errors.process(Errors.java:297)
	at org.glassfish.jersey.internal.Errors.processWithException(Errors.java:255)
	at org.glassfish.jersey.server.ApplicationHandler.&lt;init&gt;(ApplicationHandler.java:347)
	at org.glassfish.jersey.server.ApplicationHandler.&lt;init&gt;(ApplicationHandler.java:311)
	at org.glassfish.jersey.grizzly2.httpserver.GrizzlyHttpContainer.&lt;init&gt;(GrizzlyHttpContainer.java:337)
	at org.glassfish.jersey.grizzly2.httpserver.GrizzlyHttpServerFactory.createHttpServer(GrizzlyHttpServerFactory.java:119)
	at com.example.Main.startServer(Main.java:30)
	at com.example.MyResourceTest.setUp(MyResourceTest.java:22)
	at java.base/jdk.internal.reflect.NativeMethodAccessorImpl.invoke0(Native Method)
	at java.base/jdk.internal.reflect.NativeMethodAccessorImpl.invoke(NativeMethodAccessorImpl.java:62)
	at java.base/jdk.internal.reflect.DelegatingMethodAccessorImpl.invoke(DelegatingMethodAccessorImpl.java:43)
	at java.base/java.lang.reflect.Method.invoke(Method.java:564)
	at org.junit.runners.model.FrameworkMethod$1.runReflectiveCall(FrameworkMethod.java:44)
	at org.junit.internal.runners.model.ReflectiveCallable.run(ReflectiveCallable.java:15)
	at org.junit.runners.model.FrameworkMethod.invokeExplosively(FrameworkMethod.java:41)
	at org.junit.internal.runners.statements.RunBefores.evaluate(RunBefores.java:27)
	at org.junit.internal.runners.statements.RunAfters.evaluate(RunAfters.java:31)
	at org.junit.runners.ParentRunner.runLeaf(ParentRunner.java:263)
	at org.junit.runners.BlockJUnit4ClassRunner.runChild(BlockJUnit4ClassRunner.java:69)
	at org.junit.runners.BlockJUnit4ClassRunner.runChild(BlockJUnit4ClassRunner.java:48)
	at org.junit.runners.ParentRunner$3.run(ParentRunner.java:231)
	at org.junit.runners.ParentRunner$1.schedule(ParentRunner.java:60)
	at org.junit.runners.ParentRunner.runChildren(ParentRunner.java:229)
	at org.junit.runners.ParentRunner.access$000(ParentRunner.java:50)
	at org.junit.runners.ParentRunner$2.evaluate(ParentRunner.java:222)
	at org.junit.runners.ParentRunner.run(ParentRunner.java:292)
	at org.apache.maven.surefire.junit4.JUnit4Provider.execute(JUnit4Provider.java:252)
	at org.apache.maven.surefire.junit4.JUnit4Provider.executeTestSet(JUnit4Provider.java:141)
	at org.apache.maven.surefire.junit4.JUnit4Provider.invoke(JUnit4Provider.java:112)
	at java.base/jdk.internal.reflect.NativeMethodAccessorImpl.invoke0(Native Method)
	at java.base/jdk.internal.reflect.NativeMethodAccessorImpl.invoke(NativeMethodAccessorImpl.java:62)
	at java.base/jdk.internal.reflect.DelegatingMethodAccessorImpl.invoke(DelegatingMethodAccessorImpl.java:43)
	at java.base/java.lang.reflect.Method.invoke(Method.java:564)
	at org.apache.maven.surefire.util.ReflectionUtils.invokeMethodWithArray(ReflectionUtils.java:189)
	at org.apache.maven.surefire.booter.ProviderFactory$ProviderProxy.invoke(ProviderFactory.java:165)
	at org.apache.maven.surefire.booter.ProviderFactory.invokeProvider(ProviderFactory.java:85)
	at org.apache.maven.surefire.booter.ForkedBooter.runSuitesInProcess(ForkedBooter.java:115)
	at org.apache.maven.surefire.booter.ForkedBooter.main(ForkedBooter.java:75)

WARNING: HK2 service reification failed for [org.glassfish.jersey.jaxb.internal.XmlJaxbElementProvider$App] with an exception:
MultiException stack 1 of 2
java.lang.NoClassDefFoundError: javax/xml/bind/PropertyException
	at java.base/java.lang.Class.getDeclaredConstructors0(Native Method)
	at java.base/java.lang.Class.privateGetDeclaredConstructors(Class.java:3090)
	at java.base/java.lang.Class.getDeclaredConstructors(Class.java:2316)
	at org.jvnet.hk2.internal.Utilities$3.run(Utilities.java:1308)
	at org.jvnet.hk2.internal.Utilities$3.run(Utilities.java:1304)
	at java.base/java.security.AccessController.doPrivileged(Native Method)
	at org.jvnet.hk2.internal.Utilities.getAllConstructors(Utilities.java:1304)
	at org.jvnet.hk2.internal.Utilities.findProducerConstructor(Utilities.java:1247)
	at org.jvnet.hk2.internal.DefaultClassAnalyzer.getConstructor(DefaultClassAnalyzer.java:83)
	at org.glassfish.jersey.internal.inject.JerseyClassAnalyzer.getConstructor(JerseyClassAnalyzer.java:144)
	at org.jvnet.hk2.internal.Utilities.getConstructor(Utilities.java:178)
	at org.jvnet.hk2.internal.ClazzCreator.initialize(ClazzCreator.java:129)
	at org.jvnet.hk2.internal.ClazzCreator.initialize(ClazzCreator.java:180)
	at org.jvnet.hk2.internal.SystemDescriptor.internalReify(SystemDescriptor.java:740)
	at org.jvnet.hk2.internal.SystemDescriptor.reify(SystemDescriptor.java:694)
	at org.jvnet.hk2.internal.ServiceLocatorImpl.reifyDescriptor(ServiceLocatorImpl.java:461)
	at org.jvnet.hk2.internal.ServiceLocatorImpl.narrow(ServiceLocatorImpl.java:2288)
	at org.jvnet.hk2.internal.ServiceLocatorImpl.access$1200(ServiceLocatorImpl.java:125)
	at org.jvnet.hk2.internal.ServiceLocatorImpl$9.compute(ServiceLocatorImpl.java:1373)
	at org.jvnet.hk2.internal.ServiceLocatorImpl$9.compute(ServiceLocatorImpl.java:1368)
	at org.glassfish.hk2.utilities.cache.internal.WeakCARCacheImpl.compute(WeakCARCacheImpl.java:116)
	at org.jvnet.hk2.internal.ServiceLocatorImpl.internalGetAllServiceHandles(ServiceLocatorImpl.java:1430)
	at org.jvnet.hk2.internal.ServiceLocatorImpl.getAllServiceHandles(ServiceLocatorImpl.java:1355)
	at org.jvnet.hk2.internal.ServiceLocatorImpl.getAllServiceHandles(ServiceLocatorImpl.java:1344)
	at org.glassfish.jersey.internal.inject.Providers.getServiceHandles(Providers.java:354)
	at org.glassfish.jersey.internal.inject.Providers.getCustomProviders(Providers.java:201)
	at org.glassfish.jersey.message.internal.MessageBodyFactory.&lt;init&gt;(MessageBodyFactory.java:247)
	at java.base/jdk.internal.reflect.NativeConstructorAccessorImpl.newInstance0(Native Method)
	at java.base/jdk.internal.reflect.NativeConstructorAccessorImpl.newInstance(NativeConstructorAccessorImpl.java:62)
	at java.base/jdk.internal.reflect.DelegatingConstructorAccessorImpl.newInstance(DelegatingConstructorAccessorImpl.java:45)
	at java.base/java.lang.reflect.Constructor.newInstance(Constructor.java:488)
	at org.glassfish.hk2.utilities.reflection.ReflectionHelper.makeMe(ReflectionHelper.java:1375)
	at org.jvnet.hk2.internal.ClazzCreator.createMe(ClazzCreator.java:272)
	at org.jvnet.hk2.internal.ClazzCreator.create(ClazzCreator.java:366)
	at org.jvnet.hk2.internal.SystemDescriptor.create(SystemDescriptor.java:487)
	at org.jvnet.hk2.internal.SingletonContext$1.compute(SingletonContext.java:83)
	at org.jvnet.hk2.internal.SingletonContext$1.compute(SingletonContext.java:71)
	at org.glassfish.hk2.utilities.cache.Cache$OriginThreadAwareFuture$1.call(Cache.java:97)
	at java.base/java.util.concurrent.FutureTask.run(FutureTask.java:264)
	at org.glassfish.hk2.utilities.cache.Cache$OriginThreadAwareFuture.run(Cache.java:154)
	at org.glassfish.hk2.utilities.cache.Cache.compute(Cache.java:199)
	at org.jvnet.hk2.internal.SingletonContext.findOrCreate(SingletonContext.java:122)
	at org.jvnet.hk2.internal.Utilities.createService(Utilities.java:2022)
	at org.jvnet.hk2.internal.ServiceLocatorImpl.internalGetService(ServiceLocatorImpl.java:774)
	at org.jvnet.hk2.internal.ServiceLocatorImpl.internalGetService(ServiceLocatorImpl.java:737)
	at org.jvnet.hk2.internal.ServiceLocatorImpl.getService(ServiceLocatorImpl.java:707)
	at org.glassfish.jersey.server.model.ComponentModelValidator.&lt;init&gt;(ComponentModelValidator.java:97)
	at org.glassfish.jersey.server.ApplicationHandler.initialize(ApplicationHandler.java:549)
	at org.glassfish.jersey.server.ApplicationHandler.access$500(ApplicationHandler.java:184)
	at org.glassfish.jersey.server.ApplicationHandler$3.call(ApplicationHandler.java:350)
	at org.glassfish.jersey.server.ApplicationHandler$3.call(ApplicationHandler.java:347)
	at org.glassfish.jersey.internal.Errors.process(Errors.java:315)
	at org.glassfish.jersey.internal.Errors.process(Errors.java:297)
	at org.glassfish.jersey.internal.Errors.processWithException(Errors.java:255)
	at org.glassfish.jersey.server.ApplicationHandler.&lt;init&gt;(ApplicationHandler.java:347)
	at org.glassfish.jersey.server.ApplicationHandler.&lt;init&gt;(ApplicationHandler.java:311)
	at org.glassfish.jersey.grizzly2.httpserver.GrizzlyHttpContainer.&lt;init&gt;(GrizzlyHttpContainer.java:337)
	at org.glassfish.jersey.grizzly2.httpserver.GrizzlyHttpServerFactory.createHttpServer(GrizzlyHttpServerFactory.java:119)
	at com.example.Main.startServer(Main.java:30)
	at com.example.MyResourceTest.setUp(MyResourceTest.java:22)
	at java.base/jdk.internal.reflect.NativeMethodAccessorImpl.invoke0(Native Method)
	at java.base/jdk.internal.reflect.NativeMethodAccessorImpl.invoke(NativeMethodAccessorImpl.java:62)
	at java.base/jdk.internal.reflect.DelegatingMethodAccessorImpl.invoke(DelegatingMethodAccessorImpl.java:43)
	at java.base/java.lang.reflect.Method.invoke(Method.java:564)
	at org.junit.runners.model.FrameworkMethod$1.runReflectiveCall(FrameworkMethod.java:44)
	at org.junit.internal.runners.model.ReflectiveCallable.run(ReflectiveCallable.java:15)
	at org.junit.runners.model.FrameworkMethod.invokeExplosively(FrameworkMethod.java:41)
	at org.junit.internal.runners.statements.RunBefores.evaluate(RunBefores.java:27)
	at org.junit.internal.runners.statements.RunAfters.evaluate(RunAfters.java:31)
	at org.junit.runners.ParentRunner.runLeaf(ParentRunner.java:263)
	at org.junit.runners.BlockJUnit4ClassRunner.runChild(BlockJUnit4ClassRunner.java:69)
	at org.junit.runners.BlockJUnit4ClassRunner.runChild(BlockJUnit4ClassRunner.java:48)
	at org.junit.runners.ParentRunner$3.run(ParentRunner.java:231)
	at org.junit.runners.ParentRunner$1.schedule(ParentRunner.java:60)
	at org.junit.runners.ParentRunner.runChildren(ParentRunner.java:229)
	at org.junit.runners.ParentRunner.access$000(ParentRunner.java:50)
	at org.junit.runners.ParentRunner$2.evaluate(ParentRunner.java:222)
	at org.junit.runners.ParentRunner.run(ParentRunner.java:292)
	at org.apache.maven.surefire.junit4.JUnit4Provider.execute(JUnit4Provider.java:252)
	at org.apache.maven.surefire.junit4.JUnit4Provider.executeTestSet(JUnit4Provider.java:141)
	at org.apache.maven.surefire.junit4.JUnit4Provider.invoke(JUnit4Provider.java:112)
	at java.base/jdk.internal.reflect.NativeMethodAccessorImpl.invoke0(Native Method)
	at java.base/jdk.internal.reflect.NativeMethodAccessorImpl.invoke(NativeMethodAccessorImpl.java:62)
	at java.base/jdk.internal.reflect.DelegatingMethodAccessorImpl.invoke(DelegatingMethodAccessorImpl.java:43)
	at java.base/java.lang.reflect.Method.invoke(Method.java:564)
	at org.apache.maven.surefire.util.ReflectionUtils.invokeMethodWithArray(ReflectionUtils.java:189)
	at org.apache.maven.surefire.booter.ProviderFactory$ProviderProxy.invoke(ProviderFactory.java:165)
	at org.apache.maven.surefire.booter.ProviderFactory.invokeProvider(ProviderFactory.java:85)
	at org.apache.maven.surefire.booter.ForkedBooter.runSuitesInProcess(ForkedBooter.java:115)
	at org.apache.maven.surefire.booter.ForkedBooter.main(ForkedBooter.java:75)
Caused by: java.lang.ClassNotFoundException: javax.xml.bind.PropertyException
	at java.base/jdk.internal.loader.BuiltinClassLoader.loadClass(BuiltinClassLoader.java:582)
	at java.base/jdk.internal.loader.ClassLoaders$AppClassLoader.loadClass(ClassLoaders.java:190)
	at java.base/java.lang.ClassLoader.loadClass(ClassLoader.java:499)
	... 90 more
MultiException stack 2 of 2
java.lang.IllegalArgumentException: Errors were discovered while reifying SystemDescriptor(
	implementation=org.glassfish.jersey.jaxb.internal.XmlJaxbElementProvider$App
	contracts={javax.ws.rs.ext.MessageBodyWriter,javax.ws.rs.ext.MessageBodyReader}
	scope=javax.inject.Singleton
	qualifiers={}
	descriptorType=CLASS
	descriptorVisibility=NORMAL
	metadata=
	rank=0
	loader=org.glassfish.hk2.utilities.binding.AbstractBinder$2@16fdec90
	proxiable=null
	proxyForSameScope=null
	analysisName=null
	id=101
	locatorId=0
	identityHashCode=452842611
	reified=false)
	at org.jvnet.hk2.internal.SystemDescriptor.reify(SystemDescriptor.java:705)
	at org.jvnet.hk2.internal.ServiceLocatorImpl.reifyDescriptor(ServiceLocatorImpl.java:461)
	at org.jvnet.hk2.internal.ServiceLocatorImpl.narrow(ServiceLocatorImpl.java:2288)
	at org.jvnet.hk2.internal.ServiceLocatorImpl.access$1200(ServiceLocatorImpl.java:125)
	at org.jvnet.hk2.internal.ServiceLocatorImpl$9.compute(ServiceLocatorImpl.java:1373)
	at org.jvnet.hk2.internal.ServiceLocatorImpl$9.compute(ServiceLocatorImpl.java:1368)
	at org.glassfish.hk2.utilities.cache.internal.WeakCARCacheImpl.compute(WeakCARCacheImpl.java:116)
	at org.jvnet.hk2.internal.ServiceLocatorImpl.internalGetAllServiceHandles(ServiceLocatorImpl.java:1430)
	at org.jvnet.hk2.internal.ServiceLocatorImpl.getAllServiceHandles(ServiceLocatorImpl.java:1355)
	at org.jvnet.hk2.internal.ServiceLocatorImpl.getAllServiceHandles(ServiceLocatorImpl.java:1344)
	at org.glassfish.jersey.internal.inject.Providers.getServiceHandles(Providers.java:354)
	at org.glassfish.jersey.internal.inject.Providers.getCustomProviders(Providers.java:201)
	at org.glassfish.jersey.message.internal.MessageBodyFactory.&lt;init&gt;(MessageBodyFactory.java:247)
	at java.base/jdk.internal.reflect.NativeConstructorAccessorImpl.newInstance0(Native Method)
	at java.base/jdk.internal.reflect.NativeConstructorAccessorImpl.newInstance(NativeConstructorAccessorImpl.java:62)
	at java.base/jdk.internal.reflect.DelegatingConstructorAccessorImpl.newInstance(DelegatingConstructorAccessorImpl.java:45)
	at java.base/java.lang.reflect.Constructor.newInstance(Constructor.java:488)
	at org.glassfish.hk2.utilities.reflection.ReflectionHelper.makeMe(ReflectionHelper.java:1375)
	at org.jvnet.hk2.internal.ClazzCreator.createMe(ClazzCreator.java:272)
	at org.jvnet.hk2.internal.ClazzCreator.create(ClazzCreator.java:366)
	at org.jvnet.hk2.internal.SystemDescriptor.create(SystemDescriptor.java:487)
	at org.jvnet.hk2.internal.SingletonContext$1.compute(SingletonContext.java:83)
	at org.jvnet.hk2.internal.SingletonContext$1.compute(SingletonContext.java:71)
	at org.glassfish.hk2.utilities.cache.Cache$OriginThreadAwareFuture$1.call(Cache.java:97)
	at java.base/java.util.concurrent.FutureTask.run(FutureTask.java:264)
	at org.glassfish.hk2.utilities.cache.Cache$OriginThreadAwareFuture.run(Cache.java:154)
	at org.glassfish.hk2.utilities.cache.Cache.compute(Cache.java:199)
	at org.jvnet.hk2.internal.SingletonContext.findOrCreate(SingletonContext.java:122)
	at org.jvnet.hk2.internal.Utilities.createService(Utilities.java:2022)
	at org.jvnet.hk2.internal.ServiceLocatorImpl.internalGetService(ServiceLocatorImpl.java:774)
	at org.jvnet.hk2.internal.ServiceLocatorImpl.internalGetService(ServiceLocatorImpl.java:737)
	at org.jvnet.hk2.internal.ServiceLocatorImpl.getService(ServiceLocatorImpl.java:707)
	at org.glassfish.jersey.server.model.ComponentModelValidator.&lt;init&gt;(ComponentModelValidator.java:97)
	at org.glassfish.jersey.server.ApplicationHandler.initialize(ApplicationHandler.java:549)
	at org.glassfish.jersey.server.ApplicationHandler.access$500(ApplicationHandler.java:184)
	at org.glassfish.jersey.server.ApplicationHandler$3.call(ApplicationHandler.java:350)
	at org.glassfish.jersey.server.ApplicationHandler$3.call(ApplicationHandler.java:347)
	at org.glassfish.jersey.internal.Errors.process(Errors.java:315)
	at org.glassfish.jersey.internal.Errors.process(Errors.java:297)
	at org.glassfish.jersey.internal.Errors.processWithException(Errors.java:255)
	at org.glassfish.jersey.server.ApplicationHandler.&lt;init&gt;(ApplicationHandler.java:347)
	at org.glassfish.jersey.server.ApplicationHandler.&lt;init&gt;(ApplicationHandler.java:311)
	at org.glassfish.jersey.grizzly2.httpserver.GrizzlyHttpContainer.&lt;init&gt;(GrizzlyHttpContainer.java:337)
	at org.glassfish.jersey.grizzly2.httpserver.GrizzlyHttpServerFactory.createHttpServer(GrizzlyHttpServerFactory.java:119)
	at com.example.Main.startServer(Main.java:30)
	at com.example.MyResourceTest.setUp(MyResourceTest.java:22)
	at java.base/jdk.internal.reflect.NativeMethodAccessorImpl.invoke0(Native Method)
	at java.base/jdk.internal.reflect.NativeMethodAccessorImpl.invoke(NativeMethodAccessorImpl.java:62)
	at java.base/jdk.internal.reflect.DelegatingMethodAccessorImpl.invoke(DelegatingMethodAccessorImpl.java:43)
	at java.base/java.lang.reflect.Method.invoke(Method.java:564)
	at org.junit.runners.model.FrameworkMethod$1.runReflectiveCall(FrameworkMethod.java:44)
	at org.junit.internal.runners.model.ReflectiveCallable.run(ReflectiveCallable.java:15)
	at org.junit.runners.model.FrameworkMethod.invokeExplosively(FrameworkMethod.java:41)
	at org.junit.internal.runners.statements.RunBefores.evaluate(RunBefores.java:27)
	at org.junit.internal.runners.statements.RunAfters.evaluate(RunAfters.java:31)
	at org.junit.runners.ParentRunner.runLeaf(ParentRunner.java:263)
	at org.junit.runners.BlockJUnit4ClassRunner.runChild(BlockJUnit4ClassRunner.java:69)
	at org.junit.runners.BlockJUnit4ClassRunner.runChild(BlockJUnit4ClassRunner.java:48)
	at org.junit.runners.ParentRunner$3.run(ParentRunner.java:231)
	at org.junit.runners.ParentRunner$1.schedule(ParentRunner.java:60)
	at org.junit.runners.ParentRunner.runChildren(ParentRunner.java:229)
	at org.junit.runners.ParentRunner.access$000(ParentRunner.java:50)
	at org.junit.runners.ParentRunner$2.evaluate(ParentRunner.java:222)
	at org.junit.runners.ParentRunner.run(ParentRunner.java:292)
	at org.apache.maven.surefire.junit4.JUnit4Provider.execute(JUnit4Provider.java:252)
	at org.apache.maven.surefire.junit4.JUnit4Provider.executeTestSet(JUnit4Provider.java:141)
	at org.apache.maven.surefire.junit4.JUnit4Provider.invoke(JUnit4Provider.java:112)
	at java.base/jdk.internal.reflect.NativeMethodAccessorImpl.invoke0(Native Method)
	at java.base/jdk.internal.reflect.NativeMethodAccessorImpl.invoke(NativeMethodAccessorImpl.java:62)
	at java.base/jdk.internal.reflect.DelegatingMethodAccessorImpl.invoke(DelegatingMethodAccessorImpl.java:43)
	at java.base/java.lang.reflect.Method.invoke(Method.java:564)
	at org.apache.maven.surefire.util.ReflectionUtils.invokeMethodWithArray(ReflectionUtils.java:189)
	at org.apache.maven.surefire.booter.ProviderFactory$ProviderProxy.invoke(ProviderFactory.java:165)
	at org.apache.maven.surefire.booter.ProviderFactory.invokeProvider(ProviderFactory.java:85)
	at org.apache.maven.surefire.booter.ForkedBooter.runSuitesInProcess(ForkedBooter.java:115)
	at org.apache.maven.surefire.booter.ForkedBooter.main(ForkedBooter.java:75)

WARNING: HK2 service reification failed for [org.glassfish.jersey.jaxb.internal.XmlJaxbElementProvider$Text] with an exception:
MultiException stack 1 of 2
java.lang.NoClassDefFoundError: javax/xml/bind/PropertyException
	at java.base/java.lang.Class.getDeclaredConstructors0(Native Method)
	at java.base/java.lang.Class.privateGetDeclaredConstructors(Class.java:3090)
	at java.base/java.lang.Class.getDeclaredConstructors(Class.java:2316)
	at org.jvnet.hk2.internal.Utilities$3.run(Utilities.java:1308)
	at org.jvnet.hk2.internal.Utilities$3.run(Utilities.java:1304)
	at java.base/java.security.AccessController.doPrivileged(Native Method)
	at org.jvnet.hk2.internal.Utilities.getAllConstructors(Utilities.java:1304)
	at org.jvnet.hk2.internal.Utilities.findProducerConstructor(Utilities.java:1247)
	at org.jvnet.hk2.internal.DefaultClassAnalyzer.getConstructor(DefaultClassAnalyzer.java:83)
	at org.glassfish.jersey.internal.inject.JerseyClassAnalyzer.getConstructor(JerseyClassAnalyzer.java:144)
	at org.jvnet.hk2.internal.Utilities.getConstructor(Utilities.java:178)
	at org.jvnet.hk2.internal.ClazzCreator.initialize(ClazzCreator.java:129)
	at org.jvnet.hk2.internal.ClazzCreator.initialize(ClazzCreator.java:180)
	at org.jvnet.hk2.internal.SystemDescriptor.internalReify(SystemDescriptor.java:740)
	at org.jvnet.hk2.internal.SystemDescriptor.reify(SystemDescriptor.java:694)
	at org.jvnet.hk2.internal.ServiceLocatorImpl.reifyDescriptor(ServiceLocatorImpl.java:461)
	at org.jvnet.hk2.internal.ServiceLocatorImpl.narrow(ServiceLocatorImpl.java:2288)
	at org.jvnet.hk2.internal.ServiceLocatorImpl.access$1200(ServiceLocatorImpl.java:125)
	at org.jvnet.hk2.internal.ServiceLocatorImpl$9.compute(ServiceLocatorImpl.java:1373)
	at org.jvnet.hk2.internal.ServiceLocatorImpl$9.compute(ServiceLocatorImpl.java:1368)
	at org.glassfish.hk2.utilities.cache.internal.WeakCARCacheImpl.compute(WeakCARCacheImpl.java:116)
	at org.jvnet.hk2.internal.ServiceLocatorImpl.internalGetAllServiceHandles(ServiceLocatorImpl.java:1430)
	at org.jvnet.hk2.internal.ServiceLocatorImpl.getAllServiceHandles(ServiceLocatorImpl.java:1355)
	at org.jvnet.hk2.internal.ServiceLocatorImpl.getAllServiceHandles(ServiceLocatorImpl.java:1344)
	at org.glassfish.jersey.internal.inject.Providers.getServiceHandles(Providers.java:354)
	at org.glassfish.jersey.internal.inject.Providers.getCustomProviders(Providers.java:201)
	at org.glassfish.jersey.message.internal.MessageBodyFactory.&lt;init&gt;(MessageBodyFactory.java:247)
	at java.base/jdk.internal.reflect.NativeConstructorAccessorImpl.newInstance0(Native Method)
	at java.base/jdk.internal.reflect.NativeConstructorAccessorImpl.newInstance(NativeConstructorAccessorImpl.java:62)
	at java.base/jdk.internal.reflect.DelegatingConstructorAccessorImpl.newInstance(DelegatingConstructorAccessorImpl.java:45)
	at java.base/java.lang.reflect.Constructor.newInstance(Constructor.java:488)
	at org.glassfish.hk2.utilities.reflection.ReflectionHelper.makeMe(ReflectionHelper.java:1375)
	at org.jvnet.hk2.internal.ClazzCreator.createMe(ClazzCreator.java:272)
	at org.jvnet.hk2.internal.ClazzCreator.create(ClazzCreator.java:366)
	at org.jvnet.hk2.internal.SystemDescriptor.create(SystemDescriptor.java:487)
	at org.jvnet.hk2.internal.SingletonContext$1.compute(SingletonContext.java:83)
	at org.jvnet.hk2.internal.SingletonContext$1.compute(SingletonContext.java:71)
	at org.glassfish.hk2.utilities.cache.Cache$OriginThreadAwareFuture$1.call(Cache.java:97)
	at java.base/java.util.concurrent.FutureTask.run(FutureTask.java:264)
	at org.glassfish.hk2.utilities.cache.Cache$OriginThreadAwareFuture.run(Cache.java:154)
	at org.glassfish.hk2.utilities.cache.Cache.compute(Cache.java:199)
	at org.jvnet.hk2.internal.SingletonContext.findOrCreate(SingletonContext.java:122)
	at org.jvnet.hk2.internal.Utilities.createService(Utilities.java:2022)
	at org.jvnet.hk2.internal.ServiceLocatorImpl.internalGetService(ServiceLocatorImpl.java:774)
	at org.jvnet.hk2.internal.ServiceLocatorImpl.internalGetService(ServiceLocatorImpl.java:737)
	at org.jvnet.hk2.internal.ServiceLocatorImpl.getService(ServiceLocatorImpl.java:707)
	at org.glassfish.jersey.server.model.ComponentModelValidator.&lt;init&gt;(ComponentModelValidator.java:97)
	at org.glassfish.jersey.server.ApplicationHandler.initialize(ApplicationHandler.java:549)
	at org.glassfish.jersey.server.ApplicationHandler.access$500(ApplicationHandler.java:184)
	at org.glassfish.jersey.server.ApplicationHandler$3.call(ApplicationHandler.java:350)
	at org.glassfish.jersey.server.ApplicationHandler$3.call(ApplicationHandler.java:347)
	at org.glassfish.jersey.internal.Errors.process(Errors.java:315)
	at org.glassfish.jersey.internal.Errors.process(Errors.java:297)
	at org.glassfish.jersey.internal.Errors.processWithException(Errors.java:255)
	at org.glassfish.jersey.server.ApplicationHandler.&lt;init&gt;(ApplicationHandler.java:347)
	at org.glassfish.jersey.server.ApplicationHandler.&lt;init&gt;(ApplicationHandler.java:311)
	at org.glassfish.jersey.grizzly2.httpserver.GrizzlyHttpContainer.&lt;init&gt;(GrizzlyHttpContainer.java:337)
	at org.glassfish.jersey.grizzly2.httpserver.GrizzlyHttpServerFactory.createHttpServer(GrizzlyHttpServerFactory.java:119)
	at com.example.Main.startServer(Main.java:30)
	at com.example.MyResourceTest.setUp(MyResourceTest.java:22)
	at java.base/jdk.internal.reflect.NativeMethodAccessorImpl.invoke0(Native Method)
	at java.base/jdk.internal.reflect.NativeMethodAccessorImpl.invoke(NativeMethodAccessorImpl.java:62)
	at java.base/jdk.internal.reflect.DelegatingMethodAccessorImpl.invoke(DelegatingMethodAccessorImpl.java:43)
	at java.base/java.lang.reflect.Method.invoke(Method.java:564)
	at org.junit.runners.model.FrameworkMethod$1.runReflectiveCall(FrameworkMethod.java:44)
	at org.junit.internal.runners.model.ReflectiveCallable.run(ReflectiveCallable.java:15)
	at org.junit.runners.model.FrameworkMethod.invokeExplosively(FrameworkMethod.java:41)
	at org.junit.internal.runners.statements.RunBefores.evaluate(RunBefores.java:27)
	at org.junit.internal.runners.statements.RunAfters.evaluate(RunAfters.java:31)
	at org.junit.runners.ParentRunner.runLeaf(ParentRunner.java:263)
	at org.junit.runners.BlockJUnit4ClassRunner.runChild(BlockJUnit4ClassRunner.java:69)
	at org.junit.runners.BlockJUnit4ClassRunner.runChild(BlockJUnit4ClassRunner.java:48)
	at org.junit.runners.ParentRunner$3.run(ParentRunner.java:231)
	at org.junit.runners.ParentRunner$1.schedule(ParentRunner.java:60)
	at org.junit.runners.ParentRunner.runChildren(ParentRunner.java:229)
	at org.junit.runners.ParentRunner.access$000(ParentRunner.java:50)
	at org.junit.runners.ParentRunner$2.evaluate(ParentRunner.java:222)
	at org.junit.runners.ParentRunner.run(ParentRunner.java:292)
	at org.apache.maven.surefire.junit4.JUnit4Provider.execute(JUnit4Provider.java:252)
	at org.apache.maven.surefire.junit4.JUnit4Provider.executeTestSet(JUnit4Provider.java:141)
	at org.apache.maven.surefire.junit4.JUnit4Provider.invoke(JUnit4Provider.java:112)
	at java.base/jdk.internal.reflect.NativeMethodAccessorImpl.invoke0(Native Method)
	at java.base/jdk.internal.reflect.NativeMethodAccessorImpl.invoke(NativeMethodAccessorImpl.java:62)
	at java.base/jdk.internal.reflect.DelegatingMethodAccessorImpl.invoke(DelegatingMethodAccessorImpl.java:43)
	at java.base/java.lang.reflect.Method.invoke(Method.java:564)
	at org.apache.maven.surefire.util.ReflectionUtils.invokeMethodWithArray(ReflectionUtils.java:189)
	at org.apache.maven.surefire.booter.ProviderFactory$ProviderProxy.invoke(ProviderFactory.java:165)
	at org.apache.maven.surefire.booter.ProviderFactory.invokeProvider(ProviderFactory.java:85)
	at org.apache.maven.surefire.booter.ForkedBooter.runSuitesInProcess(ForkedBooter.java:115)
	at org.apache.maven.surefire.booter.ForkedBooter.main(ForkedBooter.java:75)
Caused by: java.lang.ClassNotFoundException: javax.xml.bind.PropertyException
	at java.base/jdk.internal.loader.BuiltinClassLoader.loadClass(BuiltinClassLoader.java:582)
	at java.base/jdk.internal.loader.ClassLoaders$AppClassLoader.loadClass(ClassLoaders.java:190)
	at java.base/java.lang.ClassLoader.loadClass(ClassLoader.java:499)
	... 90 more
MultiException stack 2 of 2
java.lang.IllegalArgumentException: Errors were discovered while reifying SystemDescriptor(
	implementation=org.glassfish.jersey.jaxb.internal.XmlJaxbElementProvider$Text
	contracts={javax.ws.rs.ext.MessageBodyWriter,javax.ws.rs.ext.MessageBodyReader}
	scope=javax.inject.Singleton
	qualifiers={}
	descriptorType=CLASS
	descriptorVisibility=NORMAL
	metadata=
	rank=0
	loader=org.glassfish.hk2.utilities.binding.AbstractBinder$2@16fdec90
	proxiable=null
	proxyForSameScope=null
	analysisName=null
	id=102
	locatorId=0
	identityHashCode=2031588185
	reified=false)
	at org.jvnet.hk2.internal.SystemDescriptor.reify(SystemDescriptor.java:705)
	at org.jvnet.hk2.internal.ServiceLocatorImpl.reifyDescriptor(ServiceLocatorImpl.java:461)
	at org.jvnet.hk2.internal.ServiceLocatorImpl.narrow(ServiceLocatorImpl.java:2288)
	at org.jvnet.hk2.internal.ServiceLocatorImpl.access$1200(ServiceLocatorImpl.java:125)
	at org.jvnet.hk2.internal.ServiceLocatorImpl$9.compute(ServiceLocatorImpl.java:1373)
	at org.jvnet.hk2.internal.ServiceLocatorImpl$9.compute(ServiceLocatorImpl.java:1368)
	at org.glassfish.hk2.utilities.cache.internal.WeakCARCacheImpl.compute(WeakCARCacheImpl.java:116)
	at org.jvnet.hk2.internal.ServiceLocatorImpl.internalGetAllServiceHandles(ServiceLocatorImpl.java:1430)
	at org.jvnet.hk2.internal.ServiceLocatorImpl.getAllServiceHandles(ServiceLocatorImpl.java:1355)
	at org.jvnet.hk2.internal.ServiceLocatorImpl.getAllServiceHandles(ServiceLocatorImpl.java:1344)
	at org.glassfish.jersey.internal.inject.Providers.getServiceHandles(Providers.java:354)
	at org.glassfish.jersey.internal.inject.Providers.getCustomProviders(Providers.java:201)
	at org.glassfish.jersey.message.internal.MessageBodyFactory.&lt;init&gt;(MessageBodyFactory.java:247)
	at java.base/jdk.internal.reflect.NativeConstructorAccessorImpl.newInstance0(Native Method)
	at java.base/jdk.internal.reflect.NativeConstructorAccessorImpl.newInstance(NativeConstructorAccessorImpl.java:62)
	at java.base/jdk.internal.reflect.DelegatingConstructorAccessorImpl.newInstance(DelegatingConstructorAccessorImpl.java:45)
	at java.base/java.lang.reflect.Constructor.newInstance(Constructor.java:488)
	at org.glassfish.hk2.utilities.reflection.ReflectionHelper.makeMe(ReflectionHelper.java:1375)
	at org.jvnet.hk2.internal.ClazzCreator.createMe(ClazzCreator.java:272)
	at org.jvnet.hk2.internal.ClazzCreator.create(ClazzCreator.java:366)
	at org.jvnet.hk2.internal.SystemDescriptor.create(SystemDescriptor.java:487)
	at org.jvnet.hk2.internal.SingletonContext$1.compute(SingletonContext.java:83)
	at org.jvnet.hk2.internal.SingletonContext$1.compute(SingletonContext.java:71)
	at org.glassfish.hk2.utilities.cache.Cache$OriginThreadAwareFuture$1.call(Cache.java:97)
	at java.base/java.util.concurrent.FutureTask.run(FutureTask.java:264)
	at org.glassfish.hk2.utilities.cache.Cache$OriginThreadAwareFuture.run(Cache.java:154)
	at org.glassfish.hk2.utilities.cache.Cache.compute(Cache.java:199)
	at org.jvnet.hk2.internal.SingletonContext.findOrCreate(SingletonContext.java:122)
	at org.jvnet.hk2.internal.Utilities.createService(Utilities.java:2022)
	at org.jvnet.hk2.internal.ServiceLocatorImpl.internalGetService(ServiceLocatorImpl.java:774)
	at org.jvnet.hk2.internal.ServiceLocatorImpl.internalGetService(ServiceLocatorImpl.java:737)
	at org.jvnet.hk2.internal.ServiceLocatorImpl.getService(ServiceLocatorImpl.java:707)
	at org.glassfish.jersey.server.model.ComponentModelValidator.&lt;init&gt;(ComponentModelValidator.java:97)
	at org.glassfish.jersey.server.ApplicationHandler.initialize(ApplicationHandler.java:549)
	at org.glassfish.jersey.server.ApplicationHandler.access$500(ApplicationHandler.java:184)
	at org.glassfish.jersey.server.ApplicationHandler$3.call(ApplicationHandler.java:350)
	at org.glassfish.jersey.server.ApplicationHandler$3.call(ApplicationHandler.java:347)
	at org.glassfish.jersey.internal.Errors.process(Errors.java:315)
	at org.glassfish.jersey.internal.Errors.process(Errors.java:297)
	at org.glassfish.jersey.internal.Errors.processWithException(Errors.java:255)
	at org.glassfish.jersey.server.ApplicationHandler.&lt;init&gt;(ApplicationHandler.java:347)
	at org.glassfish.jersey.server.ApplicationHandler.&lt;init&gt;(ApplicationHandler.java:311)
	at org.glassfish.jersey.grizzly2.httpserver.GrizzlyHttpContainer.&lt;init&gt;(GrizzlyHttpContainer.java:337)
	at org.glassfish.jersey.grizzly2.httpserver.GrizzlyHttpServerFactory.createHttpServer(GrizzlyHttpServerFactory.java:119)
	at com.example.Main.startServer(Main.java:30)
	at com.example.MyResourceTest.setUp(MyResourceTest.java:22)
	at java.base/jdk.internal.reflect.NativeMethodAccessorImpl.invoke0(Native Method)
	at java.base/jdk.internal.reflect.NativeMethodAccessorImpl.invoke(NativeMethodAccessorImpl.java:62)
	at java.base/jdk.internal.reflect.DelegatingMethodAccessorImpl.invoke(DelegatingMethodAccessorImpl.java:43)
	at java.base/java.lang.reflect.Method.invoke(Method.java:564)
	at org.junit.runners.model.FrameworkMethod$1.runReflectiveCall(FrameworkMethod.java:44)
	at org.junit.internal.runners.model.ReflectiveCallable.run(ReflectiveCallable.java:15)
	at org.junit.runners.model.FrameworkMethod.invokeExplosively(FrameworkMethod.java:41)
	at org.junit.internal.runners.statements.RunBefores.evaluate(RunBefores.java:27)
	at org.junit.internal.runners.statements.RunAfters.evaluate(RunAfters.java:31)
	at org.junit.runners.ParentRunner.runLeaf(ParentRunner.java:263)
	at org.junit.runners.BlockJUnit4ClassRunner.runChild(BlockJUnit4ClassRunner.java:69)
	at org.junit.runners.BlockJUnit4ClassRunner.runChild(BlockJUnit4ClassRunner.java:48)
	at org.junit.runners.ParentRunner$3.run(ParentRunner.java:231)
	at org.junit.runners.ParentRunner$1.schedule(ParentRunner.java:60)
	at org.junit.runners.ParentRunner.runChildren(ParentRunner.java:229)
	at org.junit.runners.ParentRunner.access$000(ParentRunner.java:50)
	at org.junit.runners.ParentRunner$2.evaluate(ParentRunner.java:222)
	at org.junit.runners.ParentRunner.run(ParentRunner.java:292)
	at org.apache.maven.surefire.junit4.JUnit4Provider.execute(JUnit4Provider.java:252)
	at org.apache.maven.surefire.junit4.JUnit4Provider.executeTestSet(JUnit4Provider.java:141)
	at org.apache.maven.surefire.junit4.JUnit4Provider.invoke(JUnit4Provider.java:112)
	at java.base/jdk.internal.reflect.NativeMethodAccessorImpl.invoke0(Native Method)
	at java.base/jdk.internal.reflect.NativeMethodAccessorImpl.invoke(NativeMethodAccessorImpl.java:62)
	at java.base/jdk.internal.reflect.DelegatingMethodAccessorImpl.invoke(DelegatingMethodAccessorImpl.java:43)
	at java.base/java.lang.reflect.Method.invoke(Method.java:564)
	at org.apache.maven.surefire.util.ReflectionUtils.invokeMethodWithArray(ReflectionUtils.java:189)
	at org.apache.maven.surefire.booter.ProviderFactory$ProviderProxy.invoke(ProviderFactory.java:165)
	at org.apache.maven.surefire.booter.ProviderFactory.invokeProvider(ProviderFactory.java:85)
	at org.apache.maven.surefire.booter.ForkedBooter.runSuitesInProcess(ForkedBooter.java:115)
	at org.apache.maven.surefire.booter.ForkedBooter.main(ForkedBooter.java:75)

WARNING: HK2 service reification failed for [org.glassfish.jersey.jaxb.internal.XmlJaxbElementProvider$General] with an exception:
MultiException stack 1 of 2
java.lang.NoClassDefFoundError: javax/xml/bind/PropertyException
	at java.base/java.lang.Class.getDeclaredConstructors0(Native Method)
	at java.base/java.lang.Class.privateGetDeclaredConstructors(Class.java:3090)
	at java.base/java.lang.Class.getDeclaredConstructors(Class.java:2316)
	at org.jvnet.hk2.internal.Utilities$3.run(Utilities.java:1308)
	at org.jvnet.hk2.internal.Utilities$3.run(Utilities.java:1304)
	at java.base/java.security.AccessController.doPrivileged(Native Method)
	at org.jvnet.hk2.internal.Utilities.getAllConstructors(Utilities.java:1304)
	at org.jvnet.hk2.internal.Utilities.findProducerConstructor(Utilities.java:1247)
	at org.jvnet.hk2.internal.DefaultClassAnalyzer.getConstructor(DefaultClassAnalyzer.java:83)
	at org.glassfish.jersey.internal.inject.JerseyClassAnalyzer.getConstructor(JerseyClassAnalyzer.java:144)
	at org.jvnet.hk2.internal.Utilities.getConstructor(Utilities.java:178)
	at org.jvnet.hk2.internal.ClazzCreator.initialize(ClazzCreator.java:129)
	at org.jvnet.hk2.internal.ClazzCreator.initialize(ClazzCreator.java:180)
	at org.jvnet.hk2.internal.SystemDescriptor.internalReify(SystemDescriptor.java:740)
	at org.jvnet.hk2.internal.SystemDescriptor.reify(SystemDescriptor.java:694)
	at org.jvnet.hk2.internal.ServiceLocatorImpl.reifyDescriptor(ServiceLocatorImpl.java:461)
	at org.jvnet.hk2.internal.ServiceLocatorImpl.narrow(ServiceLocatorImpl.java:2288)
	at org.jvnet.hk2.internal.ServiceLocatorImpl.access$1200(ServiceLocatorImpl.java:125)
	at org.jvnet.hk2.internal.ServiceLocatorImpl$9.compute(ServiceLocatorImpl.java:1373)
	at org.jvnet.hk2.internal.ServiceLocatorImpl$9.compute(ServiceLocatorImpl.java:1368)
	at org.glassfish.hk2.utilities.cache.internal.WeakCARCacheImpl.compute(WeakCARCacheImpl.java:116)
	at org.jvnet.hk2.internal.ServiceLocatorImpl.internalGetAllServiceHandles(ServiceLocatorImpl.java:1430)
	at org.jvnet.hk2.internal.ServiceLocatorImpl.getAllServiceHandles(ServiceLocatorImpl.java:1355)
	at org.jvnet.hk2.internal.ServiceLocatorImpl.getAllServiceHandles(ServiceLocatorImpl.java:1344)
	at org.glassfish.jersey.internal.inject.Providers.getServiceHandles(Providers.java:354)
	at org.glassfish.jersey.internal.inject.Providers.getCustomProviders(Providers.java:201)
	at org.glassfish.jersey.message.internal.MessageBodyFactory.&lt;init&gt;(MessageBodyFactory.java:247)
	at java.base/jdk.internal.reflect.NativeConstructorAccessorImpl.newInstance0(Native Method)
	at java.base/jdk.internal.reflect.NativeConstructorAccessorImpl.newInstance(NativeConstructorAccessorImpl.java:62)
	at java.base/jdk.internal.reflect.DelegatingConstructorAccessorImpl.newInstance(DelegatingConstructorAccessorImpl.java:45)
	at java.base/java.lang.reflect.Constructor.newInstance(Constructor.java:488)
	at org.glassfish.hk2.utilities.reflection.ReflectionHelper.makeMe(ReflectionHelper.java:1375)
	at org.jvnet.hk2.internal.ClazzCreator.createMe(ClazzCreator.java:272)
	at org.jvnet.hk2.internal.ClazzCreator.create(ClazzCreator.java:366)
	at org.jvnet.hk2.internal.SystemDescriptor.create(SystemDescriptor.java:487)
	at org.jvnet.hk2.internal.SingletonContext$1.compute(SingletonContext.java:83)
	at org.jvnet.hk2.internal.SingletonContext$1.compute(SingletonContext.java:71)
	at org.glassfish.hk2.utilities.cache.Cache$OriginThreadAwareFuture$1.call(Cache.java:97)
	at java.base/java.util.concurrent.FutureTask.run(FutureTask.java:264)
	at org.glassfish.hk2.utilities.cache.Cache$OriginThreadAwareFuture.run(Cache.java:154)
	at org.glassfish.hk2.utilities.cache.Cache.compute(Cache.java:199)
	at org.jvnet.hk2.internal.SingletonContext.findOrCreate(SingletonContext.java:122)
	at org.jvnet.hk2.internal.Utilities.createService(Utilities.java:2022)
	at org.jvnet.hk2.internal.ServiceLocatorImpl.internalGetService(ServiceLocatorImpl.java:774)
	at org.jvnet.hk2.internal.ServiceLocatorImpl.internalGetService(ServiceLocatorImpl.java:737)
	at org.jvnet.hk2.internal.ServiceLocatorImpl.getService(ServiceLocatorImpl.java:707)
	at org.glassfish.jersey.server.model.ComponentModelValidator.&lt;init&gt;(ComponentModelValidator.java:97)
	at org.glassfish.jersey.server.ApplicationHandler.initialize(ApplicationHandler.java:549)
	at org.glassfish.jersey.server.ApplicationHandler.access$500(ApplicationHandler.java:184)
	at org.glassfish.jersey.server.ApplicationHandler$3.call(ApplicationHandler.java:350)
	at org.glassfish.jersey.server.ApplicationHandler$3.call(ApplicationHandler.java:347)
	at org.glassfish.jersey.internal.Errors.process(Errors.java:315)
	at org.glassfish.jersey.internal.Errors.process(Errors.java:297)
	at org.glassfish.jersey.internal.Errors.processWithException(Errors.java:255)
	at org.glassfish.jersey.server.ApplicationHandler.&lt;init&gt;(ApplicationHandler.java:347)
	at org.glassfish.jersey.server.ApplicationHandler.&lt;init&gt;(ApplicationHandler.java:311)
	at org.glassfish.jersey.grizzly2.httpserver.GrizzlyHttpContainer.&lt;init&gt;(GrizzlyHttpContainer.java:337)
	at org.glassfish.jersey.grizzly2.httpserver.GrizzlyHttpServerFactory.createHttpServer(GrizzlyHttpServerFactory.java:119)
	at com.example.Main.startServer(Main.java:30)
	at com.example.MyResourceTest.setUp(MyResourceTest.java:22)
	at java.base/jdk.internal.reflect.NativeMethodAccessorImpl.invoke0(Native Method)
	at java.base/jdk.internal.reflect.NativeMethodAccessorImpl.invoke(NativeMethodAccessorImpl.java:62)
	at java.base/jdk.internal.reflect.DelegatingMethodAccessorImpl.invoke(DelegatingMethodAccessorImpl.java:43)
	at java.base/java.lang.reflect.Method.invoke(Method.java:564)
	at org.junit.runners.model.FrameworkMethod$1.runReflectiveCall(FrameworkMethod.java:44)
	at org.junit.internal.runners.model.ReflectiveCallable.run(ReflectiveCallable.java:15)
	at org.junit.runners.model.FrameworkMethod.invokeExplosively(FrameworkMethod.java:41)
	at org.junit.internal.runners.statements.RunBefores.evaluate(RunBefores.java:27)
	at org.junit.internal.runners.statements.RunAfters.evaluate(RunAfters.java:31)
	at org.junit.runners.ParentRunner.runLeaf(ParentRunner.java:263)
	at org.junit.runners.BlockJUnit4ClassRunner.runChild(BlockJUnit4ClassRunner.java:69)
	at org.junit.runners.BlockJUnit4ClassRunner.runChild(BlockJUnit4ClassRunner.java:48)
	at org.junit.runners.ParentRunner$3.run(ParentRunner.java:231)
	at org.junit.runners.ParentRunner$1.schedule(ParentRunner.java:60)
	at org.junit.runners.ParentRunner.runChildren(ParentRunner.java:229)
	at org.junit.runners.ParentRunner.access$000(ParentRunner.java:50)
	at org.junit.runners.ParentRunner$2.evaluate(ParentRunner.java:222)
	at org.junit.runners.ParentRunner.run(ParentRunner.java:292)
	at org.apache.maven.surefire.junit4.JUnit4Provider.execute(JUnit4Provider.java:252)
	at org.apache.maven.surefire.junit4.JUnit4Provider.executeTestSet(JUnit4Provider.java:141)
	at org.apache.maven.surefire.junit4.JUnit4Provider.invoke(JUnit4Provider.java:112)
	at java.base/jdk.internal.reflect.NativeMethodAccessorImpl.invoke0(Native Method)
	at java.base/jdk.internal.reflect.NativeMethodAccessorImpl.invoke(NativeMethodAccessorImpl.java:62)
	at java.base/jdk.internal.reflect.DelegatingMethodAccessorImpl.invoke(DelegatingMethodAccessorImpl.java:43)
	at java.base/java.lang.reflect.Method.invoke(Method.java:564)
	at org.apache.maven.surefire.util.ReflectionUtils.invokeMethodWithArray(ReflectionUtils.java:189)
	at org.apache.maven.surefire.booter.ProviderFactory$ProviderProxy.invoke(ProviderFactory.java:165)
	at org.apache.maven.surefire.booter.ProviderFactory.invokeProvider(ProviderFactory.java:85)
	at org.apache.maven.surefire.booter.ForkedBooter.runSuitesInProcess(ForkedBooter.java:115)
	at org.apache.maven.surefire.booter.ForkedBooter.main(ForkedBooter.java:75)
Caused by: java.lang.ClassNotFoundException: javax.xml.bind.PropertyException
	at java.base/jdk.internal.loader.BuiltinClassLoader.loadClass(BuiltinClassLoader.java:582)
	at java.base/jdk.internal.loader.ClassLoaders$AppClassLoader.loadClass(ClassLoaders.java:190)
	at java.base/java.lang.ClassLoader.loadClass(ClassLoader.java:499)
	... 90 more
MultiException stack 2 of 2
java.lang.IllegalArgumentException: Errors were discovered while reifying SystemDescriptor(
	implementation=org.glassfish.jersey.jaxb.internal.XmlJaxbElementProvider$General
	contracts={javax.ws.rs.ext.MessageBodyWriter,javax.ws.rs.ext.MessageBodyReader}
	scope=javax.inject.Singleton
	qualifiers={}
	descriptorType=CLASS
	descriptorVisibility=NORMAL
	metadata=
	rank=0
	loader=org.glassfish.hk2.utilities.binding.AbstractBinder$2@16fdec90
	proxiable=null
	proxyForSameScope=null
	analysisName=null
	id=103
	locatorId=0
	identityHashCode=1783966110
	reified=false)
	at org.jvnet.hk2.internal.SystemDescriptor.reify(SystemDescriptor.java:705)
	at org.jvnet.hk2.internal.ServiceLocatorImpl.reifyDescriptor(ServiceLocatorImpl.java:461)
	at org.jvnet.hk2.internal.ServiceLocatorImpl.narrow(ServiceLocatorImpl.java:2288)
	at org.jvnet.hk2.internal.ServiceLocatorImpl.access$1200(ServiceLocatorImpl.java:125)
	at org.jvnet.hk2.internal.ServiceLocatorImpl$9.compute(ServiceLocatorImpl.java:1373)
	at org.jvnet.hk2.internal.ServiceLocatorImpl$9.compute(ServiceLocatorImpl.java:1368)
	at org.glassfish.hk2.utilities.cache.internal.WeakCARCacheImpl.compute(WeakCARCacheImpl.java:116)
	at org.jvnet.hk2.internal.ServiceLocatorImpl.internalGetAllServiceHandles(ServiceLocatorImpl.java:1430)
	at org.jvnet.hk2.internal.ServiceLocatorImpl.getAllServiceHandles(ServiceLocatorImpl.java:1355)
	at org.jvnet.hk2.internal.ServiceLocatorImpl.getAllServiceHandles(ServiceLocatorImpl.java:1344)
	at org.glassfish.jersey.internal.inject.Providers.getServiceHandles(Providers.java:354)
	at org.glassfish.jersey.internal.inject.Providers.getCustomProviders(Providers.java:201)
	at org.glassfish.jersey.message.internal.MessageBodyFactory.&lt;init&gt;(MessageBodyFactory.java:247)
	at java.base/jdk.internal.reflect.NativeConstructorAccessorImpl.newInstance0(Native Method)
	at java.base/jdk.internal.reflect.NativeConstructorAccessorImpl.newInstance(NativeConstructorAccessorImpl.java:62)
	at java.base/jdk.internal.reflect.DelegatingConstructorAccessorImpl.newInstance(DelegatingConstructorAccessorImpl.java:45)
	at java.base/java.lang.reflect.Constructor.newInstance(Constructor.java:488)
	at org.glassfish.hk2.utilities.reflection.ReflectionHelper.makeMe(ReflectionHelper.java:1375)
	at org.jvnet.hk2.internal.ClazzCreator.createMe(ClazzCreator.java:272)
	at org.jvnet.hk2.internal.ClazzCreator.create(ClazzCreator.java:366)
	at org.jvnet.hk2.internal.SystemDescriptor.create(SystemDescriptor.java:487)
	at org.jvnet.hk2.internal.SingletonContext$1.compute(SingletonContext.java:83)
	at org.jvnet.hk2.internal.SingletonContext$1.compute(SingletonContext.java:71)
	at org.glassfish.hk2.utilities.cache.Cache$OriginThreadAwareFuture$1.call(Cache.java:97)
	at java.base/java.util.concurrent.FutureTask.run(FutureTask.java:264)
	at org.glassfish.hk2.utilities.cache.Cache$OriginThreadAwareFuture.run(Cache.java:154)
	at org.glassfish.hk2.utilities.cache.Cache.compute(Cache.java:199)
	at org.jvnet.hk2.internal.SingletonContext.findOrCreate(SingletonContext.java:122)
	at org.jvnet.hk2.internal.Utilities.createService(Utilities.java:2022)
	at org.jvnet.hk2.internal.ServiceLocatorImpl.internalGetService(ServiceLocatorImpl.java:774)
	at org.jvnet.hk2.internal.ServiceLocatorImpl.internalGetService(ServiceLocatorImpl.java:737)
	at org.jvnet.hk2.internal.ServiceLocatorImpl.getService(ServiceLocatorImpl.java:707)
	at org.glassfish.jersey.server.model.ComponentModelValidator.&lt;init&gt;(ComponentModelValidator.java:97)
	at org.glassfish.jersey.server.ApplicationHandler.initialize(ApplicationHandler.java:549)
	at org.glassfish.jersey.server.ApplicationHandler.access$500(ApplicationHandler.java:184)
	at org.glassfish.jersey.server.ApplicationHandler$3.call(ApplicationHandler.java:350)
	at org.glassfish.jersey.server.ApplicationHandler$3.call(ApplicationHandler.java:347)
	at org.glassfish.jersey.internal.Errors.process(Errors.java:315)
	at org.glassfish.jersey.internal.Errors.process(Errors.java:297)
	at org.glassfish.jersey.internal.Errors.processWithException(Errors.java:255)
	at org.glassfish.jersey.server.ApplicationHandler.&lt;init&gt;(ApplicationHandler.java:347)
	at org.glassfish.jersey.server.ApplicationHandler.&lt;init&gt;(ApplicationHandler.java:311)
	at org.glassfish.jersey.grizzly2.httpserver.GrizzlyHttpContainer.&lt;init&gt;(GrizzlyHttpContainer.java:337)
	at org.glassfish.jersey.grizzly2.httpserver.GrizzlyHttpServerFactory.createHttpServer(GrizzlyHttpServerFactory.java:119)
	at com.example.Main.startServer(Main.java:30)
	at com.example.MyResourceTest.setUp(MyResourceTest.java:22)
	at java.base/jdk.internal.reflect.NativeMethodAccessorImpl.invoke0(Native Method)
	at java.base/jdk.internal.reflect.NativeMethodAccessorImpl.invoke(NativeMethodAccessorImpl.java:62)
	at java.base/jdk.internal.reflect.DelegatingMethodAccessorImpl.invoke(DelegatingMethodAccessorImpl.java:43)
	at java.base/java.lang.reflect.Method.invoke(Method.java:564)
	at org.junit.runners.model.FrameworkMethod$1.runReflectiveCall(FrameworkMethod.java:44)
	at org.junit.internal.runners.model.ReflectiveCallable.run(ReflectiveCallable.java:15)
	at org.junit.runners.model.FrameworkMethod.invokeExplosively(FrameworkMethod.java:41)
	at org.junit.internal.runners.statements.RunBefores.evaluate(RunBefores.java:27)
	at org.junit.internal.runners.statements.RunAfters.evaluate(RunAfters.java:31)
	at org.junit.runners.ParentRunner.runLeaf(ParentRunner.java:263)
	at org.junit.runners.BlockJUnit4ClassRunner.runChild(BlockJUnit4ClassRunner.java:69)
	at org.junit.runners.BlockJUnit4ClassRunner.runChild(BlockJUnit4ClassRunner.java:48)
	at org.junit.runners.ParentRunner$3.run(ParentRunner.java:231)
	at org.junit.runners.ParentRunner$1.schedule(ParentRunner.java:60)
	at org.junit.runners.ParentRunner.runChildren(ParentRunner.java:229)
	at org.junit.runners.ParentRunner.access$000(ParentRunner.java:50)
	at org.junit.runners.ParentRunner$2.evaluate(ParentRunner.java:222)
	at org.junit.runners.ParentRunner.run(ParentRunner.java:292)
	at org.apache.maven.surefire.junit4.JUnit4Provider.execute(JUnit4Provider.java:252)
	at org.apache.maven.surefire.junit4.JUnit4Provider.executeTestSet(JUnit4Provider.java:141)
	at org.apache.maven.surefire.junit4.JUnit4Provider.invoke(JUnit4Provider.java:112)
	at java.base/jdk.internal.reflect.NativeMethodAccessorImpl.invoke0(Native Method)
	at java.base/jdk.internal.reflect.NativeMethodAccessorImpl.invoke(NativeMethodAccessorImpl.java:62)
	at java.base/jdk.internal.reflect.DelegatingMethodAccessorImpl.invoke(DelegatingMethodAccessorImpl.java:43)
	at java.base/java.lang.reflect.Method.invoke(Method.java:564)
	at org.apache.maven.surefire.util.ReflectionUtils.invokeMethodWithArray(ReflectionUtils.java:189)
	at org.apache.maven.surefire.booter.ProviderFactory$ProviderProxy.invoke(ProviderFactory.java:165)
	at org.apache.maven.surefire.booter.ProviderFactory.invokeProvider(ProviderFactory.java:85)
	at org.apache.maven.surefire.booter.ForkedBooter.runSuitesInProcess(ForkedBooter.java:115)
	at org.apache.maven.surefire.booter.ForkedBooter.main(ForkedBooter.java:75)

WARNING: HK2 service reification failed for [org.glassfish.jersey.jaxb.internal.XmlCollectionJaxbProvider$App] with an exception:
MultiException stack 1 of 2
java.lang.NoClassDefFoundError: javax/xml/bind/PropertyException
	at java.base/java.lang.Class.getDeclaredConstructors0(Native Method)
	at java.base/java.lang.Class.privateGetDeclaredConstructors(Class.java:3090)
	at java.base/java.lang.Class.getDeclaredConstructors(Class.java:2316)
	at org.jvnet.hk2.internal.Utilities$3.run(Utilities.java:1308)
	at org.jvnet.hk2.internal.Utilities$3.run(Utilities.java:1304)
	at java.base/java.security.AccessController.doPrivileged(Native Method)
	at org.jvnet.hk2.internal.Utilities.getAllConstructors(Utilities.java:1304)
	at org.jvnet.hk2.internal.Utilities.findProducerConstructor(Utilities.java:1247)
	at org.jvnet.hk2.internal.DefaultClassAnalyzer.getConstructor(DefaultClassAnalyzer.java:83)
	at org.glassfish.jersey.internal.inject.JerseyClassAnalyzer.getConstructor(JerseyClassAnalyzer.java:144)
	at org.jvnet.hk2.internal.Utilities.getConstructor(Utilities.java:178)
	at org.jvnet.hk2.internal.ClazzCreator.initialize(ClazzCreator.java:129)
	at org.jvnet.hk2.internal.ClazzCreator.initialize(ClazzCreator.java:180)
	at org.jvnet.hk2.internal.SystemDescriptor.internalReify(SystemDescriptor.java:740)
	at org.jvnet.hk2.internal.SystemDescriptor.reify(SystemDescriptor.java:694)
	at org.jvnet.hk2.internal.ServiceLocatorImpl.reifyDescriptor(ServiceLocatorImpl.java:461)
	at org.jvnet.hk2.internal.ServiceLocatorImpl.narrow(ServiceLocatorImpl.java:2288)
	at org.jvnet.hk2.internal.ServiceLocatorImpl.access$1200(ServiceLocatorImpl.java:125)
	at org.jvnet.hk2.internal.ServiceLocatorImpl$9.compute(ServiceLocatorImpl.java:1373)
	at org.jvnet.hk2.internal.ServiceLocatorImpl$9.compute(ServiceLocatorImpl.java:1368)
	at org.glassfish.hk2.utilities.cache.internal.WeakCARCacheImpl.compute(WeakCARCacheImpl.java:116)
	at org.jvnet.hk2.internal.ServiceLocatorImpl.internalGetAllServiceHandles(ServiceLocatorImpl.java:1430)
	at org.jvnet.hk2.internal.ServiceLocatorImpl.getAllServiceHandles(ServiceLocatorImpl.java:1355)
	at org.jvnet.hk2.internal.ServiceLocatorImpl.getAllServiceHandles(ServiceLocatorImpl.java:1344)
	at org.glassfish.jersey.internal.inject.Providers.getServiceHandles(Providers.java:354)
	at org.glassfish.jersey.internal.inject.Providers.getCustomProviders(Providers.java:201)
	at org.glassfish.jersey.message.internal.MessageBodyFactory.&lt;init&gt;(MessageBodyFactory.java:247)
	at java.base/jdk.internal.reflect.NativeConstructorAccessorImpl.newInstance0(Native Method)
	at java.base/jdk.internal.reflect.NativeConstructorAccessorImpl.newInstance(NativeConstructorAccessorImpl.java:62)
	at java.base/jdk.internal.reflect.DelegatingConstructorAccessorImpl.newInstance(DelegatingConstructorAccessorImpl.java:45)
	at java.base/java.lang.reflect.Constructor.newInstance(Constructor.java:488)
	at org.glassfish.hk2.utilities.reflection.ReflectionHelper.makeMe(ReflectionHelper.java:1375)
	at org.jvnet.hk2.internal.ClazzCreator.createMe(ClazzCreator.java:272)
	at org.jvnet.hk2.internal.ClazzCreator.create(ClazzCreator.java:366)
	at org.jvnet.hk2.internal.SystemDescriptor.create(SystemDescriptor.java:487)
	at org.jvnet.hk2.internal.SingletonContext$1.compute(SingletonContext.java:83)
	at org.jvnet.hk2.internal.SingletonContext$1.compute(SingletonContext.java:71)
	at org.glassfish.hk2.utilities.cache.Cache$OriginThreadAwareFuture$1.call(Cache.java:97)
	at java.base/java.util.concurrent.FutureTask.run(FutureTask.java:264)
	at org.glassfish.hk2.utilities.cache.Cache$OriginThreadAwareFuture.run(Cache.java:154)
	at org.glassfish.hk2.utilities.cache.Cache.compute(Cache.java:199)
	at org.jvnet.hk2.internal.SingletonContext.findOrCreate(SingletonContext.java:122)
	at org.jvnet.hk2.internal.Utilities.createService(Utilities.java:2022)
	at org.jvnet.hk2.internal.ServiceLocatorImpl.internalGetService(ServiceLocatorImpl.java:774)
	at org.jvnet.hk2.internal.ServiceLocatorImpl.internalGetService(ServiceLocatorImpl.java:737)
	at org.jvnet.hk2.internal.ServiceLocatorImpl.getService(ServiceLocatorImpl.java:707)
	at org.glassfish.jersey.server.model.ComponentModelValidator.&lt;init&gt;(ComponentModelValidator.java:97)
	at org.glassfish.jersey.server.ApplicationHandler.initialize(ApplicationHandler.java:549)
	at org.glassfish.jersey.server.ApplicationHandler.access$500(ApplicationHandler.java:184)
	at org.glassfish.jersey.server.ApplicationHandler$3.call(ApplicationHandler.java:350)
	at org.glassfish.jersey.server.ApplicationHandler$3.call(ApplicationHandler.java:347)
	at org.glassfish.jersey.internal.Errors.process(Errors.java:315)
	at org.glassfish.jersey.internal.Errors.process(Errors.java:297)
	at org.glassfish.jersey.internal.Errors.processWithException(Errors.java:255)
	at org.glassfish.jersey.server.ApplicationHandler.&lt;init&gt;(ApplicationHandler.java:347)
	at org.glassfish.jersey.server.ApplicationHandler.&lt;init&gt;(ApplicationHandler.java:311)
	at org.glassfish.jersey.grizzly2.httpserver.GrizzlyHttpContainer.&lt;init&gt;(GrizzlyHttpContainer.java:337)
	at org.glassfish.jersey.grizzly2.httpserver.GrizzlyHttpServerFactory.createHttpServer(GrizzlyHttpServerFactory.java:119)
	at com.example.Main.startServer(Main.java:30)
	at com.example.MyResourceTest.setUp(MyResourceTest.java:22)
	at java.base/jdk.internal.reflect.NativeMethodAccessorImpl.invoke0(Native Method)
	at java.base/jdk.internal.reflect.NativeMethodAccessorImpl.invoke(NativeMethodAccessorImpl.java:62)
	at java.base/jdk.internal.reflect.DelegatingMethodAccessorImpl.invoke(DelegatingMethodAccessorImpl.java:43)
	at java.base/java.lang.reflect.Method.invoke(Method.java:564)
	at org.junit.runners.model.FrameworkMethod$1.runReflectiveCall(FrameworkMethod.java:44)
	at org.junit.internal.runners.model.ReflectiveCallable.run(ReflectiveCallable.java:15)
	at org.junit.runners.model.FrameworkMethod.invokeExplosively(FrameworkMethod.java:41)
	at org.junit.internal.runners.statements.RunBefores.evaluate(RunBefores.java:27)
	at org.junit.internal.runners.statements.RunAfters.evaluate(RunAfters.java:31)
	at org.junit.runners.ParentRunner.runLeaf(ParentRunner.java:263)
	at org.junit.runners.BlockJUnit4ClassRunner.runChild(BlockJUnit4ClassRunner.java:69)
	at org.junit.runners.BlockJUnit4ClassRunner.runChild(BlockJUnit4ClassRunner.java:48)
	at org.junit.runners.ParentRunner$3.run(ParentRunner.java:231)
	at org.junit.runners.ParentRunner$1.schedule(ParentRunner.java:60)
	at org.junit.runners.ParentRunner.runChildren(ParentRunner.java:229)
	at org.junit.runners.ParentRunner.access$000(ParentRunner.java:50)
	at org.junit.runners.ParentRunner$2.evaluate(ParentRunner.java:222)
	at org.junit.runners.ParentRunner.run(ParentRunner.java:292)
	at org.apache.maven.surefire.junit4.JUnit4Provider.execute(JUnit4Provider.java:252)
	at org.apache.maven.surefire.junit4.JUnit4Provider.executeTestSet(JUnit4Provider.java:141)
	at org.apache.maven.surefire.junit4.JUnit4Provider.invoke(JUnit4Provider.java:112)
	at java.base/jdk.internal.reflect.NativeMethodAccessorImpl.invoke0(Native Method)
	at java.base/jdk.internal.reflect.NativeMethodAccessorImpl.invoke(NativeMethodAccessorImpl.java:62)
	at java.base/jdk.internal.reflect.DelegatingMethodAccessorImpl.invoke(DelegatingMethodAccessorImpl.java:43)
	at java.base/java.lang.reflect.Method.invoke(Method.java:564)
	at org.apache.maven.surefire.util.ReflectionUtils.invokeMethodWithArray(ReflectionUtils.java:189)
	at org.apache.maven.surefire.booter.ProviderFactory$ProviderProxy.invoke(ProviderFactory.java:165)
	at org.apache.maven.surefire.booter.ProviderFactory.invokeProvider(ProviderFactory.java:85)
	at org.apache.maven.surefire.booter.ForkedBooter.runSuitesInProcess(ForkedBooter.java:115)
	at org.apache.maven.surefire.booter.ForkedBooter.main(ForkedBooter.java:75)
Caused by: java.lang.ClassNotFoundException: javax.xml.bind.PropertyException
	at java.base/jdk.internal.loader.BuiltinClassLoader.loadClass(BuiltinClassLoader.java:582)
	at java.base/jdk.internal.loader.ClassLoaders$AppClassLoader.loadClass(ClassLoaders.java:190)
	at java.base/java.lang.ClassLoader.loadClass(ClassLoader.java:499)
	... 90 more
MultiException stack 2 of 2
java.lang.IllegalArgumentException: Errors were discovered while reifying SystemDescriptor(
	implementation=org.glassfish.jersey.jaxb.internal.XmlCollectionJaxbProvider$App
	contracts={javax.ws.rs.ext.MessageBodyWriter,javax.ws.rs.ext.MessageBodyReader}
	scope=javax.inject.Singleton
	qualifiers={}
	descriptorType=CLASS
	descriptorVisibility=NORMAL
	metadata=
	rank=0
	loader=org.glassfish.hk2.utilities.binding.AbstractBinder$2@16fdec90
	proxiable=null
	proxyForSameScope=null
	analysisName=null
	id=104
	locatorId=0
	identityHashCode=2035381640
	reified=false)
	at org.jvnet.hk2.internal.SystemDescriptor.reify(SystemDescriptor.java:705)
	at org.jvnet.hk2.internal.ServiceLocatorImpl.reifyDescriptor(ServiceLocatorImpl.java:461)
	at org.jvnet.hk2.internal.ServiceLocatorImpl.narrow(ServiceLocatorImpl.java:2288)
	at org.jvnet.hk2.internal.ServiceLocatorImpl.access$1200(ServiceLocatorImpl.java:125)
	at org.jvnet.hk2.internal.ServiceLocatorImpl$9.compute(ServiceLocatorImpl.java:1373)
	at org.jvnet.hk2.internal.ServiceLocatorImpl$9.compute(ServiceLocatorImpl.java:1368)
	at org.glassfish.hk2.utilities.cache.internal.WeakCARCacheImpl.compute(WeakCARCacheImpl.java:116)
	at org.jvnet.hk2.internal.ServiceLocatorImpl.internalGetAllServiceHandles(ServiceLocatorImpl.java:1430)
	at org.jvnet.hk2.internal.ServiceLocatorImpl.getAllServiceHandles(ServiceLocatorImpl.java:1355)
	at org.jvnet.hk2.internal.ServiceLocatorImpl.getAllServiceHandles(ServiceLocatorImpl.java:1344)
	at org.glassfish.jersey.internal.inject.Providers.getServiceHandles(Providers.java:354)
	at org.glassfish.jersey.internal.inject.Providers.getCustomProviders(Providers.java:201)
	at org.glassfish.jersey.message.internal.MessageBodyFactory.&lt;init&gt;(MessageBodyFactory.java:247)
	at java.base/jdk.internal.reflect.NativeConstructorAccessorImpl.newInstance0(Native Method)
	at java.base/jdk.internal.reflect.NativeConstructorAccessorImpl.newInstance(NativeConstructorAccessorImpl.java:62)
	at java.base/jdk.internal.reflect.DelegatingConstructorAccessorImpl.newInstance(DelegatingConstructorAccessorImpl.java:45)
	at java.base/java.lang.reflect.Constructor.newInstance(Constructor.java:488)
	at org.glassfish.hk2.utilities.reflection.ReflectionHelper.makeMe(ReflectionHelper.java:1375)
	at org.jvnet.hk2.internal.ClazzCreator.createMe(ClazzCreator.java:272)
	at org.jvnet.hk2.internal.ClazzCreator.create(ClazzCreator.java:366)
	at org.jvnet.hk2.internal.SystemDescriptor.create(SystemDescriptor.java:487)
	at org.jvnet.hk2.internal.SingletonContext$1.compute(SingletonContext.java:83)
	at org.jvnet.hk2.internal.SingletonContext$1.compute(SingletonContext.java:71)
	at org.glassfish.hk2.utilities.cache.Cache$OriginThreadAwareFuture$1.call(Cache.java:97)
	at java.base/java.util.concurrent.FutureTask.run(FutureTask.java:264)
	at org.glassfish.hk2.utilities.cache.Cache$OriginThreadAwareFuture.run(Cache.java:154)
	at org.glassfish.hk2.utilities.cache.Cache.compute(Cache.java:199)
	at org.jvnet.hk2.internal.SingletonContext.findOrCreate(SingletonContext.java:122)
	at org.jvnet.hk2.internal.Utilities.createService(Utilities.java:2022)
	at org.jvnet.hk2.internal.ServiceLocatorImpl.internalGetService(ServiceLocatorImpl.java:774)
	at org.jvnet.hk2.internal.ServiceLocatorImpl.internalGetService(ServiceLocatorImpl.java:737)
	at org.jvnet.hk2.internal.ServiceLocatorImpl.getService(ServiceLocatorImpl.java:707)
	at org.glassfish.jersey.server.model.ComponentModelValidator.&lt;init&gt;(ComponentModelValidator.java:97)
	at org.glassfish.jersey.server.ApplicationHandler.initialize(ApplicationHandler.java:549)
	at org.glassfish.jersey.server.ApplicationHandler.access$500(ApplicationHandler.java:184)
	at org.glassfish.jersey.server.ApplicationHandler$3.call(ApplicationHandler.java:350)
	at org.glassfish.jersey.server.ApplicationHandler$3.call(ApplicationHandler.java:347)
	at org.glassfish.jersey.internal.Errors.process(Errors.java:315)
	at org.glassfish.jersey.internal.Errors.process(Errors.java:297)
	at org.glassfish.jersey.internal.Errors.processWithException(Errors.java:255)
	at org.glassfish.jersey.server.ApplicationHandler.&lt;init&gt;(ApplicationHandler.java:347)
	at org.glassfish.jersey.server.ApplicationHandler.&lt;init&gt;(ApplicationHandler.java:311)
	at org.glassfish.jersey.grizzly2.httpserver.GrizzlyHttpContainer.&lt;init&gt;(GrizzlyHttpContainer.java:337)
	at org.glassfish.jersey.grizzly2.httpserver.GrizzlyHttpServerFactory.createHttpServer(GrizzlyHttpServerFactory.java:119)
	at com.example.Main.startServer(Main.java:30)
	at com.example.MyResourceTest.setUp(MyResourceTest.java:22)
	at java.base/jdk.internal.reflect.NativeMethodAccessorImpl.invoke0(Native Method)
	at java.base/jdk.internal.reflect.NativeMethodAccessorImpl.invoke(NativeMethodAccessorImpl.java:62)
	at java.base/jdk.internal.reflect.DelegatingMethodAccessorImpl.invoke(DelegatingMethodAccessorImpl.java:43)
	at java.base/java.lang.reflect.Method.invoke(Method.java:564)
	at org.junit.runners.model.FrameworkMethod$1.runReflectiveCall(FrameworkMethod.java:44)
	at org.junit.internal.runners.model.ReflectiveCallable.run(ReflectiveCallable.java:15)
	at org.junit.runners.model.FrameworkMethod.invokeExplosively(FrameworkMethod.java:41)
	at org.junit.internal.runners.statements.RunBefores.evaluate(RunBefores.java:27)
	at org.junit.internal.runners.statements.RunAfters.evaluate(RunAfters.java:31)
	at org.junit.runners.ParentRunner.runLeaf(ParentRunner.java:263)
	at org.junit.runners.BlockJUnit4ClassRunner.runChild(BlockJUnit4ClassRunner.java:69)
	at org.junit.runners.BlockJUnit4ClassRunner.runChild(BlockJUnit4ClassRunner.java:48)
	at org.junit.runners.ParentRunner$3.run(ParentRunner.java:231)
	at org.junit.runners.ParentRunner$1.schedule(ParentRunner.java:60)
	at org.junit.runners.ParentRunner.runChildren(ParentRunner.java:229)
	at org.junit.runners.ParentRunner.access$000(ParentRunner.java:50)
	at org.junit.runners.ParentRunner$2.evaluate(ParentRunner.java:222)
	at org.junit.runners.ParentRunner.run(ParentRunner.java:292)
	at org.apache.maven.surefire.junit4.JUnit4Provider.execute(JUnit4Provider.java:252)
	at org.apache.maven.surefire.junit4.JUnit4Provider.executeTestSet(JUnit4Provider.java:141)
	at org.apache.maven.surefire.junit4.JUnit4Provider.invoke(JUnit4Provider.java:112)
	at java.base/jdk.internal.reflect.NativeMethodAccessorImpl.invoke0(Native Method)
	at java.base/jdk.internal.reflect.NativeMethodAccessorImpl.invoke(NativeMethodAccessorImpl.java:62)
	at java.base/jdk.internal.reflect.DelegatingMethodAccessorImpl.invoke(DelegatingMethodAccessorImpl.java:43)
	at java.base/java.lang.reflect.Method.invoke(Method.java:564)
	at org.apache.maven.surefire.util.ReflectionUtils.invokeMethodWithArray(ReflectionUtils.java:189)
	at org.apache.maven.surefire.booter.ProviderFactory$ProviderProxy.invoke(ProviderFactory.java:165)
	at org.apache.maven.surefire.booter.ProviderFactory.invokeProvider(ProviderFactory.java:85)
	at org.apache.maven.surefire.booter.ForkedBooter.runSuitesInProcess(ForkedBooter.java:115)
	at org.apache.maven.surefire.booter.ForkedBooter.main(ForkedBooter.java:75)

WARNING: HK2 service reification failed for [org.glassfish.jersey.jaxb.internal.XmlCollectionJaxbProvider$Text] with an exception:
MultiException stack 1 of 2
java.lang.NoClassDefFoundError: javax/xml/bind/PropertyException
	at java.base/java.lang.Class.getDeclaredConstructors0(Native Method)
	at java.base/java.lang.Class.privateGetDeclaredConstructors(Class.java:3090)
	at java.base/java.lang.Class.getDeclaredConstructors(Class.java:2316)
	at org.jvnet.hk2.internal.Utilities$3.run(Utilities.java:1308)
	at org.jvnet.hk2.internal.Utilities$3.run(Utilities.java:1304)
	at java.base/java.security.AccessController.doPrivileged(Native Method)
	at org.jvnet.hk2.internal.Utilities.getAllConstructors(Utilities.java:1304)
	at org.jvnet.hk2.internal.Utilities.findProducerConstructor(Utilities.java:1247)
	at org.jvnet.hk2.internal.DefaultClassAnalyzer.getConstructor(DefaultClassAnalyzer.java:83)
	at org.glassfish.jersey.internal.inject.JerseyClassAnalyzer.getConstructor(JerseyClassAnalyzer.java:144)
	at org.jvnet.hk2.internal.Utilities.getConstructor(Utilities.java:178)
	at org.jvnet.hk2.internal.ClazzCreator.initialize(ClazzCreator.java:129)
	at org.jvnet.hk2.internal.ClazzCreator.initialize(ClazzCreator.java:180)
	at org.jvnet.hk2.internal.SystemDescriptor.internalReify(SystemDescriptor.java:740)
	at org.jvnet.hk2.internal.SystemDescriptor.reify(SystemDescriptor.java:694)
	at org.jvnet.hk2.internal.ServiceLocatorImpl.reifyDescriptor(ServiceLocatorImpl.java:461)
	at org.jvnet.hk2.internal.ServiceLocatorImpl.narrow(ServiceLocatorImpl.java:2288)
	at org.jvnet.hk2.internal.ServiceLocatorImpl.access$1200(ServiceLocatorImpl.java:125)
	at org.jvnet.hk2.internal.ServiceLocatorImpl$9.compute(ServiceLocatorImpl.java:1373)
	at org.jvnet.hk2.internal.ServiceLocatorImpl$9.compute(ServiceLocatorImpl.java:1368)
	at org.glassfish.hk2.utilities.cache.internal.WeakCARCacheImpl.compute(WeakCARCacheImpl.java:116)
	at org.jvnet.hk2.internal.ServiceLocatorImpl.internalGetAllServiceHandles(ServiceLocatorImpl.java:1430)
	at org.jvnet.hk2.internal.ServiceLocatorImpl.getAllServiceHandles(ServiceLocatorImpl.java:1355)
	at org.jvnet.hk2.internal.ServiceLocatorImpl.getAllServiceHandles(ServiceLocatorImpl.java:1344)
	at org.glassfish.jersey.internal.inject.Providers.getServiceHandles(Providers.java:354)
	at org.glassfish.jersey.internal.inject.Providers.getCustomProviders(Providers.java:201)
	at org.glassfish.jersey.message.internal.MessageBodyFactory.&lt;init&gt;(MessageBodyFactory.java:247)
	at java.base/jdk.internal.reflect.NativeConstructorAccessorImpl.newInstance0(Native Method)
	at java.base/jdk.internal.reflect.NativeConstructorAccessorImpl.newInstance(NativeConstructorAccessorImpl.java:62)
	at java.base/jdk.internal.reflect.DelegatingConstructorAccessorImpl.newInstance(DelegatingConstructorAccessorImpl.java:45)
	at java.base/java.lang.reflect.Constructor.newInstance(Constructor.java:488)
	at org.glassfish.hk2.utilities.reflection.ReflectionHelper.makeMe(ReflectionHelper.java:1375)
	at org.jvnet.hk2.internal.ClazzCreator.createMe(ClazzCreator.java:272)
	at org.jvnet.hk2.internal.ClazzCreator.create(ClazzCreator.java:366)
	at org.jvnet.hk2.internal.SystemDescriptor.create(SystemDescriptor.java:487)
	at org.jvnet.hk2.internal.SingletonContext$1.compute(SingletonContext.java:83)
	at org.jvnet.hk2.internal.SingletonContext$1.compute(SingletonContext.java:71)
	at org.glassfish.hk2.utilities.cache.Cache$OriginThreadAwareFuture$1.call(Cache.java:97)
	at java.base/java.util.concurrent.FutureTask.run(FutureTask.java:264)
	at org.glassfish.hk2.utilities.cache.Cache$OriginThreadAwareFuture.run(Cache.java:154)
	at org.glassfish.hk2.utilities.cache.Cache.compute(Cache.java:199)
	at org.jvnet.hk2.internal.SingletonContext.findOrCreate(SingletonContext.java:122)
	at org.jvnet.hk2.internal.Utilities.createService(Utilities.java:2022)
	at org.jvnet.hk2.internal.ServiceLocatorImpl.internalGetService(ServiceLocatorImpl.java:774)
	at org.jvnet.hk2.internal.ServiceLocatorImpl.internalGetService(ServiceLocatorImpl.java:737)
	at org.jvnet.hk2.internal.ServiceLocatorImpl.getService(ServiceLocatorImpl.java:707)
	at org.glassfish.jersey.server.model.ComponentModelValidator.&lt;init&gt;(ComponentModelValidator.java:97)
	at org.glassfish.jersey.server.ApplicationHandler.initialize(ApplicationHandler.java:549)
	at org.glassfish.jersey.server.ApplicationHandler.access$500(ApplicationHandler.java:184)
	at org.glassfish.jersey.server.ApplicationHandler$3.call(ApplicationHandler.java:350)
	at org.glassfish.jersey.server.ApplicationHandler$3.call(ApplicationHandler.java:347)
	at org.glassfish.jersey.internal.Errors.process(Errors.java:315)
	at org.glassfish.jersey.internal.Errors.process(Errors.java:297)
	at org.glassfish.jersey.internal.Errors.processWithException(Errors.java:255)
	at org.glassfish.jersey.server.ApplicationHandler.&lt;init&gt;(ApplicationHandler.java:347)
	at org.glassfish.jersey.server.ApplicationHandler.&lt;init&gt;(ApplicationHandler.java:311)
	at org.glassfish.jersey.grizzly2.httpserver.GrizzlyHttpContainer.&lt;init&gt;(GrizzlyHttpContainer.java:337)
	at org.glassfish.jersey.grizzly2.httpserver.GrizzlyHttpServerFactory.createHttpServer(GrizzlyHttpServerFactory.java:119)
	at com.example.Main.startServer(Main.java:30)
	at com.example.MyResourceTest.setUp(MyResourceTest.java:22)
	at java.base/jdk.internal.reflect.NativeMethodAccessorImpl.invoke0(Native Method)
	at java.base/jdk.internal.reflect.NativeMethodAccessorImpl.invoke(NativeMethodAccessorImpl.java:62)
	at java.base/jdk.internal.reflect.DelegatingMethodAccessorImpl.invoke(DelegatingMethodAccessorImpl.java:43)
	at java.base/java.lang.reflect.Method.invoke(Method.java:564)
	at org.junit.runners.model.FrameworkMethod$1.runReflectiveCall(FrameworkMethod.java:44)
	at org.junit.internal.runners.model.ReflectiveCallable.run(ReflectiveCallable.java:15)
	at org.junit.runners.model.FrameworkMethod.invokeExplosively(FrameworkMethod.java:41)
	at org.junit.internal.runners.statements.RunBefores.evaluate(RunBefores.java:27)
	at org.junit.internal.runners.statements.RunAfters.evaluate(RunAfters.java:31)
	at org.junit.runners.ParentRunner.runLeaf(ParentRunner.java:263)
	at org.junit.runners.BlockJUnit4ClassRunner.runChild(BlockJUnit4ClassRunner.java:69)
	at org.junit.runners.BlockJUnit4ClassRunner.runChild(BlockJUnit4ClassRunner.java:48)
	at org.junit.runners.ParentRunner$3.run(ParentRunner.java:231)
	at org.junit.runners.ParentRunner$1.schedule(ParentRunner.java:60)
	at org.junit.runners.ParentRunner.runChildren(ParentRunner.java:229)
	at org.junit.runners.ParentRunner.access$000(ParentRunner.java:50)
	at org.junit.runners.ParentRunner$2.evaluate(ParentRunner.java:222)
	at org.junit.runners.ParentRunner.run(ParentRunner.java:292)
	at org.apache.maven.surefire.junit4.JUnit4Provider.execute(JUnit4Provider.java:252)
	at org.apache.maven.surefire.junit4.JUnit4Provider.executeTestSet(JUnit4Provider.java:141)
	at org.apache.maven.surefire.junit4.JUnit4Provider.invoke(JUnit4Provider.java:112)
	at java.base/jdk.internal.reflect.NativeMethodAccessorImpl.invoke0(Native Method)
	at java.base/jdk.internal.reflect.NativeMethodAccessorImpl.invoke(NativeMethodAccessorImpl.java:62)
	at java.base/jdk.internal.reflect.DelegatingMethodAccessorImpl.invoke(DelegatingMethodAccessorImpl.java:43)
	at java.base/java.lang.reflect.Method.invoke(Method.java:564)
	at org.apache.maven.surefire.util.ReflectionUtils.invokeMethodWithArray(ReflectionUtils.java:189)
	at org.apache.maven.surefire.booter.ProviderFactory$ProviderProxy.invoke(ProviderFactory.java:165)
	at org.apache.maven.surefire.booter.ProviderFactory.invokeProvider(ProviderFactory.java:85)
	at org.apache.maven.surefire.booter.ForkedBooter.runSuitesInProcess(ForkedBooter.java:115)
	at org.apache.maven.surefire.booter.ForkedBooter.main(ForkedBooter.java:75)
Caused by: java.lang.ClassNotFoundException: javax.xml.bind.PropertyException
	at java.base/jdk.internal.loader.BuiltinClassLoader.loadClass(BuiltinClassLoader.java:582)
	at java.base/jdk.internal.loader.ClassLoaders$AppClassLoader.loadClass(ClassLoaders.java:190)
	at java.base/java.lang.ClassLoader.loadClass(ClassLoader.java:499)
	... 90 more
MultiException stack 2 of 2
java.lang.IllegalArgumentException: Errors were discovered while reifying SystemDescriptor(
	implementation=org.glassfish.jersey.jaxb.internal.XmlCollectionJaxbProvider$Text
	contracts={javax.ws.rs.ext.MessageBodyWriter,javax.ws.rs.ext.MessageBodyReader}
	scope=javax.inject.Singleton
	qualifiers={}
	descriptorType=CLASS
	descriptorVisibility=NORMAL
	metadata=
	rank=0
	loader=org.glassfish.hk2.utilities.binding.AbstractBinder$2@16fdec90
	proxiable=null
	proxyForSameScope=null
	analysisName=null
	id=105
	locatorId=0
	identityHashCode=680988889
	reified=false)
	at org.jvnet.hk2.internal.SystemDescriptor.reify(SystemDescriptor.java:705)
	at org.jvnet.hk2.internal.ServiceLocatorImpl.reifyDescriptor(ServiceLocatorImpl.java:461)
	at org.jvnet.hk2.internal.ServiceLocatorImpl.narrow(ServiceLocatorImpl.java:2288)
	at org.jvnet.hk2.internal.ServiceLocatorImpl.access$1200(ServiceLocatorImpl.java:125)
	at org.jvnet.hk2.internal.ServiceLocatorImpl$9.compute(ServiceLocatorImpl.java:1373)
	at org.jvnet.hk2.internal.ServiceLocatorImpl$9.compute(ServiceLocatorImpl.java:1368)
	at org.glassfish.hk2.utilities.cache.internal.WeakCARCacheImpl.compute(WeakCARCacheImpl.java:116)
	at org.jvnet.hk2.internal.ServiceLocatorImpl.internalGetAllServiceHandles(ServiceLocatorImpl.java:1430)
	at org.jvnet.hk2.internal.ServiceLocatorImpl.getAllServiceHandles(ServiceLocatorImpl.java:1355)
	at org.jvnet.hk2.internal.ServiceLocatorImpl.getAllServiceHandles(ServiceLocatorImpl.java:1344)
	at org.glassfish.jersey.internal.inject.Providers.getServiceHandles(Providers.java:354)
	at org.glassfish.jersey.internal.inject.Providers.getCustomProviders(Providers.java:201)
	at org.glassfish.jersey.message.internal.MessageBodyFactory.&lt;init&gt;(MessageBodyFactory.java:247)
	at java.base/jdk.internal.reflect.NativeConstructorAccessorImpl.newInstance0(Native Method)
	at java.base/jdk.internal.reflect.NativeConstructorAccessorImpl.newInstance(NativeConstructorAccessorImpl.java:62)
	at java.base/jdk.internal.reflect.DelegatingConstructorAccessorImpl.newInstance(DelegatingConstructorAccessorImpl.java:45)
	at java.base/java.lang.reflect.Constructor.newInstance(Constructor.java:488)
	at org.glassfish.hk2.utilities.reflection.ReflectionHelper.makeMe(ReflectionHelper.java:1375)
	at org.jvnet.hk2.internal.ClazzCreator.createMe(ClazzCreator.java:272)
	at org.jvnet.hk2.internal.ClazzCreator.create(ClazzCreator.java:366)
	at org.jvnet.hk2.internal.SystemDescriptor.create(SystemDescriptor.java:487)
	at org.jvnet.hk2.internal.SingletonContext$1.compute(SingletonContext.java:83)
	at org.jvnet.hk2.internal.SingletonContext$1.compute(SingletonContext.java:71)
	at org.glassfish.hk2.utilities.cache.Cache$OriginThreadAwareFuture$1.call(Cache.java:97)
	at java.base/java.util.concurrent.FutureTask.run(FutureTask.java:264)
	at org.glassfish.hk2.utilities.cache.Cache$OriginThreadAwareFuture.run(Cache.java:154)
	at org.glassfish.hk2.utilities.cache.Cache.compute(Cache.java:199)
	at org.jvnet.hk2.internal.SingletonContext.findOrCreate(SingletonContext.java:122)
	at org.jvnet.hk2.internal.Utilities.createService(Utilities.java:2022)
	at org.jvnet.hk2.internal.ServiceLocatorImpl.internalGetService(ServiceLocatorImpl.java:774)
	at org.jvnet.hk2.internal.ServiceLocatorImpl.internalGetService(ServiceLocatorImpl.java:737)
	at org.jvnet.hk2.internal.ServiceLocatorImpl.getService(ServiceLocatorImpl.java:707)
	at org.glassfish.jersey.server.model.ComponentModelValidator.&lt;init&gt;(ComponentModelValidator.java:97)
	at org.glassfish.jersey.server.ApplicationHandler.initialize(ApplicationHandler.java:549)
	at org.glassfish.jersey.server.ApplicationHandler.access$500(ApplicationHandler.java:184)
	at org.glassfish.jersey.server.ApplicationHandler$3.call(ApplicationHandler.java:350)
	at org.glassfish.jersey.server.ApplicationHandler$3.call(ApplicationHandler.java:347)
	at org.glassfish.jersey.internal.Errors.process(Errors.java:315)
	at org.glassfish.jersey.internal.Errors.process(Errors.java:297)
	at org.glassfish.jersey.internal.Errors.processWithException(Errors.java:255)
	at org.glassfish.jersey.server.ApplicationHandler.&lt;init&gt;(ApplicationHandler.java:347)
	at org.glassfish.jersey.server.ApplicationHandler.&lt;init&gt;(ApplicationHandler.java:311)
	at org.glassfish.jersey.grizzly2.httpserver.GrizzlyHttpContainer.&lt;init&gt;(GrizzlyHttpContainer.java:337)
	at org.glassfish.jersey.grizzly2.httpserver.GrizzlyHttpServerFactory.createHttpServer(GrizzlyHttpServerFactory.java:119)
	at com.example.Main.startServer(Main.java:30)
	at com.example.MyResourceTest.setUp(MyResourceTest.java:22)
	at java.base/jdk.internal.reflect.NativeMethodAccessorImpl.invoke0(Native Method)
	at java.base/jdk.internal.reflect.NativeMethodAccessorImpl.invoke(NativeMethodAccessorImpl.java:62)
	at java.base/jdk.internal.reflect.DelegatingMethodAccessorImpl.invoke(DelegatingMethodAccessorImpl.java:43)
	at java.base/java.lang.reflect.Method.invoke(Method.java:564)
	at org.junit.runners.model.FrameworkMethod$1.runReflectiveCall(FrameworkMethod.java:44)
	at org.junit.internal.runners.model.ReflectiveCallable.run(ReflectiveCallable.java:15)
	at org.junit.runners.model.FrameworkMethod.invokeExplosively(FrameworkMethod.java:41)
	at org.junit.internal.runners.statements.RunBefores.evaluate(RunBefores.java:27)
	at org.junit.internal.runners.statements.RunAfters.evaluate(RunAfters.java:31)
	at org.junit.runners.ParentRunner.runLeaf(ParentRunner.java:263)
	at org.junit.runners.BlockJUnit4ClassRunner.runChild(BlockJUnit4ClassRunner.java:69)
	at org.junit.runners.BlockJUnit4ClassRunner.runChild(BlockJUnit4ClassRunner.java:48)
	at org.junit.runners.ParentRunner$3.run(ParentRunner.java:231)
	at org.junit.runners.ParentRunner$1.schedule(ParentRunner.java:60)
	at org.junit.runners.ParentRunner.runChildren(ParentRunner.java:229)
	at org.junit.runners.ParentRunner.access$000(ParentRunner.java:50)
	at org.junit.runners.ParentRunner$2.evaluate(ParentRunner.java:222)
	at org.junit.runners.ParentRunner.run(ParentRunner.java:292)
	at org.apache.maven.surefire.junit4.JUnit4Provider.execute(JUnit4Provider.java:252)
	at org.apache.maven.surefire.junit4.JUnit4Provider.executeTestSet(JUnit4Provider.java:141)
	at org.apache.maven.surefire.junit4.JUnit4Provider.invoke(JUnit4Provider.java:112)
	at java.base/jdk.internal.reflect.NativeMethodAccessorImpl.invoke0(Native Method)
	at java.base/jdk.internal.reflect.NativeMethodAccessorImpl.invoke(NativeMethodAccessorImpl.java:62)
	at java.base/jdk.internal.reflect.DelegatingMethodAccessorImpl.invoke(DelegatingMethodAccessorImpl.java:43)
	at java.base/java.lang.reflect.Method.invoke(Method.java:564)
	at org.apache.maven.surefire.util.ReflectionUtils.invokeMethodWithArray(ReflectionUtils.java:189)
	at org.apache.maven.surefire.booter.ProviderFactory$ProviderProxy.invoke(ProviderFactory.java:165)
	at org.apache.maven.surefire.booter.ProviderFactory.invokeProvider(ProviderFactory.java:85)
	at org.apache.maven.surefire.booter.ForkedBooter.runSuitesInProcess(ForkedBooter.java:115)
	at org.apache.maven.surefire.booter.ForkedBooter.main(ForkedBooter.java:75)

WARNING: HK2 service reification failed for [org.glassfish.jersey.jaxb.internal.XmlCollectionJaxbProvider$General] with an exception:
MultiException stack 1 of 2
java.lang.NoClassDefFoundError: javax/xml/bind/PropertyException
	at java.base/java.lang.Class.getDeclaredConstructors0(Native Method)
	at java.base/java.lang.Class.privateGetDeclaredConstructors(Class.java:3090)
	at java.base/java.lang.Class.getDeclaredConstructors(Class.java:2316)
	at org.jvnet.hk2.internal.Utilities$3.run(Utilities.java:1308)
	at org.jvnet.hk2.internal.Utilities$3.run(Utilities.java:1304)
	at java.base/java.security.AccessController.doPrivileged(Native Method)
	at org.jvnet.hk2.internal.Utilities.getAllConstructors(Utilities.java:1304)
	at org.jvnet.hk2.internal.Utilities.findProducerConstructor(Utilities.java:1247)
	at org.jvnet.hk2.internal.DefaultClassAnalyzer.getConstructor(DefaultClassAnalyzer.java:83)
	at org.glassfish.jersey.internal.inject.JerseyClassAnalyzer.getConstructor(JerseyClassAnalyzer.java:144)
	at org.jvnet.hk2.internal.Utilities.getConstructor(Utilities.java:178)
	at org.jvnet.hk2.internal.ClazzCreator.initialize(ClazzCreator.java:129)
	at org.jvnet.hk2.internal.ClazzCreator.initialize(ClazzCreator.java:180)
	at org.jvnet.hk2.internal.SystemDescriptor.internalReify(SystemDescriptor.java:740)
	at org.jvnet.hk2.internal.SystemDescriptor.reify(SystemDescriptor.java:694)
	at org.jvnet.hk2.internal.ServiceLocatorImpl.reifyDescriptor(ServiceLocatorImpl.java:461)
	at org.jvnet.hk2.internal.ServiceLocatorImpl.narrow(ServiceLocatorImpl.java:2288)
	at org.jvnet.hk2.internal.ServiceLocatorImpl.access$1200(ServiceLocatorImpl.java:125)
	at org.jvnet.hk2.internal.ServiceLocatorImpl$9.compute(ServiceLocatorImpl.java:1373)
	at org.jvnet.hk2.internal.ServiceLocatorImpl$9.compute(ServiceLocatorImpl.java:1368)
	at org.glassfish.hk2.utilities.cache.internal.WeakCARCacheImpl.compute(WeakCARCacheImpl.java:116)
	at org.jvnet.hk2.internal.ServiceLocatorImpl.internalGetAllServiceHandles(ServiceLocatorImpl.java:1430)
	at org.jvnet.hk2.internal.ServiceLocatorImpl.getAllServiceHandles(ServiceLocatorImpl.java:1355)
	at org.jvnet.hk2.internal.ServiceLocatorImpl.getAllServiceHandles(ServiceLocatorImpl.java:1344)
	at org.glassfish.jersey.internal.inject.Providers.getServiceHandles(Providers.java:354)
	at org.glassfish.jersey.internal.inject.Providers.getCustomProviders(Providers.java:201)
	at org.glassfish.jersey.message.internal.MessageBodyFactory.&lt;init&gt;(MessageBodyFactory.java:247)
	at java.base/jdk.internal.reflect.NativeConstructorAccessorImpl.newInstance0(Native Method)
	at java.base/jdk.internal.reflect.NativeConstructorAccessorImpl.newInstance(NativeConstructorAccessorImpl.java:62)
	at java.base/jdk.internal.reflect.DelegatingConstructorAccessorImpl.newInstance(DelegatingConstructorAccessorImpl.java:45)
	at java.base/java.lang.reflect.Constructor.newInstance(Constructor.java:488)
	at org.glassfish.hk2.utilities.reflection.ReflectionHelper.makeMe(ReflectionHelper.java:1375)
	at org.jvnet.hk2.internal.ClazzCreator.createMe(ClazzCreator.java:272)
	at org.jvnet.hk2.internal.ClazzCreator.create(ClazzCreator.java:366)
	at org.jvnet.hk2.internal.SystemDescriptor.create(SystemDescriptor.java:487)
	at org.jvnet.hk2.internal.SingletonContext$1.compute(SingletonContext.java:83)
	at org.jvnet.hk2.internal.SingletonContext$1.compute(SingletonContext.java:71)
	at org.glassfish.hk2.utilities.cache.Cache$OriginThreadAwareFuture$1.call(Cache.java:97)
	at java.base/java.util.concurrent.FutureTask.run(FutureTask.java:264)
	at org.glassfish.hk2.utilities.cache.Cache$OriginThreadAwareFuture.run(Cache.java:154)
	at org.glassfish.hk2.utilities.cache.Cache.compute(Cache.java:199)
	at org.jvnet.hk2.internal.SingletonContext.findOrCreate(SingletonContext.java:122)
	at org.jvnet.hk2.internal.Utilities.createService(Utilities.java:2022)
	at org.jvnet.hk2.internal.ServiceLocatorImpl.internalGetService(ServiceLocatorImpl.java:774)
	at org.jvnet.hk2.internal.ServiceLocatorImpl.internalGetService(ServiceLocatorImpl.java:737)
	at org.jvnet.hk2.internal.ServiceLocatorImpl.getService(ServiceLocatorImpl.java:707)
	at org.glassfish.jersey.server.model.ComponentModelValidator.&lt;init&gt;(ComponentModelValidator.java:97)
	at org.glassfish.jersey.server.ApplicationHandler.initialize(ApplicationHandler.java:549)
	at org.glassfish.jersey.server.ApplicationHandler.access$500(ApplicationHandler.java:184)
	at org.glassfish.jersey.server.ApplicationHandler$3.call(ApplicationHandler.java:350)
	at org.glassfish.jersey.server.ApplicationHandler$3.call(ApplicationHandler.java:347)
	at org.glassfish.jersey.internal.Errors.process(Errors.java:315)
	at org.glassfish.jersey.internal.Errors.process(Errors.java:297)
	at org.glassfish.jersey.internal.Errors.processWithException(Errors.java:255)
	at org.glassfish.jersey.server.ApplicationHandler.&lt;init&gt;(ApplicationHandler.java:347)
	at org.glassfish.jersey.server.ApplicationHandler.&lt;init&gt;(ApplicationHandler.java:311)
	at org.glassfish.jersey.grizzly2.httpserver.GrizzlyHttpContainer.&lt;init&gt;(GrizzlyHttpContainer.java:337)
	at org.glassfish.jersey.grizzly2.httpserver.GrizzlyHttpServerFactory.createHttpServer(GrizzlyHttpServerFactory.java:119)
	at com.example.Main.startServer(Main.java:30)
	at com.example.MyResourceTest.setUp(MyResourceTest.java:22)
	at java.base/jdk.internal.reflect.NativeMethodAccessorImpl.invoke0(Native Method)
	at java.base/jdk.internal.reflect.NativeMethodAccessorImpl.invoke(NativeMethodAccessorImpl.java:62)
	at java.base/jdk.internal.reflect.DelegatingMethodAccessorImpl.invoke(DelegatingMethodAccessorImpl.java:43)
	at java.base/java.lang.reflect.Method.invoke(Method.java:564)
	at org.junit.runners.model.FrameworkMethod$1.runReflectiveCall(FrameworkMethod.java:44)
	at org.junit.internal.runners.model.ReflectiveCallable.run(ReflectiveCallable.java:15)
	at org.junit.runners.model.FrameworkMethod.invokeExplosively(FrameworkMethod.java:41)
	at org.junit.internal.runners.statements.RunBefores.evaluate(RunBefores.java:27)
	at org.junit.internal.runners.statements.RunAfters.evaluate(RunAfters.java:31)
	at org.junit.runners.ParentRunner.runLeaf(ParentRunner.java:263)
	at org.junit.runners.BlockJUnit4ClassRunner.runChild(BlockJUnit4ClassRunner.java:69)
	at org.junit.runners.BlockJUnit4ClassRunner.runChild(BlockJUnit4ClassRunner.java:48)
	at org.junit.runners.ParentRunner$3.run(ParentRunner.java:231)
	at org.junit.runners.ParentRunner$1.schedule(ParentRunner.java:60)
	at org.junit.runners.ParentRunner.runChildren(ParentRunner.java:229)
	at org.junit.runners.ParentRunner.access$000(ParentRunner.java:50)
	at org.junit.runners.ParentRunner$2.evaluate(ParentRunner.java:222)
	at org.junit.runners.ParentRunner.run(ParentRunner.java:292)
	at org.apache.maven.surefire.junit4.JUnit4Provider.execute(JUnit4Provider.java:252)
	at org.apache.maven.surefire.junit4.JUnit4Provider.executeTestSet(JUnit4Provider.java:141)
	at org.apache.maven.surefire.junit4.JUnit4Provider.invoke(JUnit4Provider.java:112)
	at java.base/jdk.internal.reflect.NativeMethodAccessorImpl.invoke0(Native Method)
	at java.base/jdk.internal.reflect.NativeMethodAccessorImpl.invoke(NativeMethodAccessorImpl.java:62)
	at java.base/jdk.internal.reflect.DelegatingMethodAccessorImpl.invoke(DelegatingMethodAccessorImpl.java:43)
	at java.base/java.lang.reflect.Method.invoke(Method.java:564)
	at org.apache.maven.surefire.util.ReflectionUtils.invokeMethodWithArray(ReflectionUtils.java:189)
	at org.apache.maven.surefire.booter.ProviderFactory$ProviderProxy.invoke(ProviderFactory.java:165)
	at org.apache.maven.surefire.booter.ProviderFactory.invokeProvider(ProviderFactory.java:85)
	at org.apache.maven.surefire.booter.ForkedBooter.runSuitesInProcess(ForkedBooter.java:115)
	at org.apache.maven.surefire.booter.ForkedBooter.main(ForkedBooter.java:75)
Caused by: java.lang.ClassNotFoundException: javax.xml.bind.PropertyException
	at java.base/jdk.internal.loader.BuiltinClassLoader.loadClass(BuiltinClassLoader.java:582)
	at java.base/jdk.internal.loader.ClassLoaders$AppClassLoader.loadClass(ClassLoaders.java:190)
	at java.base/java.lang.ClassLoader.loadClass(ClassLoader.java:499)
	... 90 more
MultiException stack 2 of 2
java.lang.IllegalArgumentException: Errors were discovered while reifying SystemDescriptor(
	implementation=org.glassfish.jersey.jaxb.internal.XmlCollectionJaxbProvider$General
	contracts={javax.ws.rs.ext.MessageBodyWriter,javax.ws.rs.ext.MessageBodyReader}
	scope=javax.inject.Singleton
	qualifiers={}
	descriptorType=CLASS
	descriptorVisibility=NORMAL
	metadata=
	rank=0
	loader=org.glassfish.hk2.utilities.binding.AbstractBinder$2@16fdec90
	proxiable=null
	proxyForSameScope=null
	analysisName=null
	id=106
	locatorId=0
	identityHashCode=1077873186
	reified=false)
	at org.jvnet.hk2.internal.SystemDescriptor.reify(SystemDescriptor.java:705)
	at org.jvnet.hk2.internal.ServiceLocatorImpl.reifyDescriptor(ServiceLocatorImpl.java:461)
	at org.jvnet.hk2.internal.ServiceLocatorImpl.narrow(ServiceLocatorImpl.java:2288)
	at org.jvnet.hk2.internal.ServiceLocatorImpl.access$1200(ServiceLocatorImpl.java:125)
	at org.jvnet.hk2.internal.ServiceLocatorImpl$9.compute(ServiceLocatorImpl.java:1373)
	at org.jvnet.hk2.internal.ServiceLocatorImpl$9.compute(ServiceLocatorImpl.java:1368)
	at org.glassfish.hk2.utilities.cache.internal.WeakCARCacheImpl.compute(WeakCARCacheImpl.java:116)
	at org.jvnet.hk2.internal.ServiceLocatorImpl.internalGetAllServiceHandles(ServiceLocatorImpl.java:1430)
	at org.jvnet.hk2.internal.ServiceLocatorImpl.getAllServiceHandles(ServiceLocatorImpl.java:1355)
	at org.jvnet.hk2.internal.ServiceLocatorImpl.getAllServiceHandles(ServiceLocatorImpl.java:1344)
	at org.glassfish.jersey.internal.inject.Providers.getServiceHandles(Providers.java:354)
	at org.glassfish.jersey.internal.inject.Providers.getCustomProviders(Providers.java:201)
	at org.glassfish.jersey.message.internal.MessageBodyFactory.&lt;init&gt;(MessageBodyFactory.java:247)
	at java.base/jdk.internal.reflect.NativeConstructorAccessorImpl.newInstance0(Native Method)
	at java.base/jdk.internal.reflect.NativeConstructorAccessorImpl.newInstance(NativeConstructorAccessorImpl.java:62)
	at java.base/jdk.internal.reflect.DelegatingConstructorAccessorImpl.newInstance(DelegatingConstructorAccessorImpl.java:45)
	at java.base/java.lang.reflect.Constructor.newInstance(Constructor.java:488)
	at org.glassfish.hk2.utilities.reflection.ReflectionHelper.makeMe(ReflectionHelper.java:1375)
	at org.jvnet.hk2.internal.ClazzCreator.createMe(ClazzCreator.java:272)
	at org.jvnet.hk2.internal.ClazzCreator.create(ClazzCreator.java:366)
	at org.jvnet.hk2.internal.SystemDescriptor.create(SystemDescriptor.java:487)
	at org.jvnet.hk2.internal.SingletonContext$1.compute(SingletonContext.java:83)
	at org.jvnet.hk2.internal.SingletonContext$1.compute(SingletonContext.java:71)
	at org.glassfish.hk2.utilities.cache.Cache$OriginThreadAwareFuture$1.call(Cache.java:97)
	at java.base/java.util.concurrent.FutureTask.run(FutureTask.java:264)
	at org.glassfish.hk2.utilities.cache.Cache$OriginThreadAwareFuture.run(Cache.java:154)
	at org.glassfish.hk2.utilities.cache.Cache.compute(Cache.java:199)
	at org.jvnet.hk2.internal.SingletonContext.findOrCreate(SingletonContext.java:122)
	at org.jvnet.hk2.internal.Utilities.createService(Utilities.java:2022)
	at org.jvnet.hk2.internal.ServiceLocatorImpl.internalGetService(ServiceLocatorImpl.java:774)
	at org.jvnet.hk2.internal.ServiceLocatorImpl.internalGetService(ServiceLocatorImpl.java:737)
	at org.jvnet.hk2.internal.ServiceLocatorImpl.getService(ServiceLocatorImpl.java:707)
	at org.glassfish.jersey.server.model.ComponentModelValidator.&lt;init&gt;(ComponentModelValidator.java:97)
	at org.glassfish.jersey.server.ApplicationHandler.initialize(ApplicationHandler.java:549)
	at org.glassfish.jersey.server.ApplicationHandler.access$500(ApplicationHandler.java:184)
	at org.glassfish.jersey.server.ApplicationHandler$3.call(ApplicationHandler.java:350)
	at org.glassfish.jersey.server.ApplicationHandler$3.call(ApplicationHandler.java:347)
	at org.glassfish.jersey.internal.Errors.process(Errors.java:315)
	at org.glassfish.jersey.internal.Errors.process(Errors.java:297)
	at org.glassfish.jersey.internal.Errors.processWithException(Errors.java:255)
	at org.glassfish.jersey.server.ApplicationHandler.&lt;init&gt;(ApplicationHandler.java:347)
	at org.glassfish.jersey.server.ApplicationHandler.&lt;init&gt;(ApplicationHandler.java:311)
	at org.glassfish.jersey.grizzly2.httpserver.GrizzlyHttpContainer.&lt;init&gt;(GrizzlyHttpContainer.java:337)
	at org.glassfish.jersey.grizzly2.httpserver.GrizzlyHttpServerFactory.createHttpServer(GrizzlyHttpServerFactory.java:119)
	at com.example.Main.startServer(Main.java:30)
	at com.example.MyResourceTest.setUp(MyResourceTest.java:22)
	at java.base/jdk.internal.reflect.NativeMethodAccessorImpl.invoke0(Native Method)
	at java.base/jdk.internal.reflect.NativeMethodAccessorImpl.invoke(NativeMethodAccessorImpl.java:62)
	at java.base/jdk.internal.reflect.DelegatingMethodAccessorImpl.invoke(DelegatingMethodAccessorImpl.java:43)
	at java.base/java.lang.reflect.Method.invoke(Method.java:564)
	at org.junit.runners.model.FrameworkMethod$1.runReflectiveCall(FrameworkMethod.java:44)
	at org.junit.internal.runners.model.ReflectiveCallable.run(ReflectiveCallable.java:15)
	at org.junit.runners.model.FrameworkMethod.invokeExplosively(FrameworkMethod.java:41)
	at org.junit.internal.runners.statements.RunBefores.evaluate(RunBefores.java:27)
	at org.junit.internal.runners.statements.RunAfters.evaluate(RunAfters.java:31)
	at org.junit.runners.ParentRunner.runLeaf(ParentRunner.java:263)
	at org.junit.runners.BlockJUnit4ClassRunner.runChild(BlockJUnit4ClassRunner.java:69)
	at org.junit.runners.BlockJUnit4ClassRunner.runChild(BlockJUnit4ClassRunner.java:48)
	at org.junit.runners.ParentRunner$3.run(ParentRunner.java:231)
	at org.junit.runners.ParentRunner$1.schedule(ParentRunner.java:60)
	at org.junit.runners.ParentRunner.runChildren(ParentRunner.java:229)
	at org.junit.runners.ParentRunner.access$000(ParentRunner.java:50)
	at org.junit.runners.ParentRunner$2.evaluate(ParentRunner.java:222)
	at org.junit.runners.ParentRunner.run(ParentRunner.java:292)
	at org.apache.maven.surefire.junit4.JUnit4Provider.execute(JUnit4Provider.java:252)
	at org.apache.maven.surefire.junit4.JUnit4Provider.executeTestSet(JUnit4Provider.java:141)
	at org.apache.maven.surefire.junit4.JUnit4Provider.invoke(JUnit4Provider.java:112)
	at java.base/jdk.internal.reflect.NativeMethodAccessorImpl.invoke0(Native Method)
	at java.base/jdk.internal.reflect.NativeMethodAccessorImpl.invoke(NativeMethodAccessorImpl.java:62)
	at java.base/jdk.internal.reflect.DelegatingMethodAccessorImpl.invoke(DelegatingMethodAccessorImpl.java:43)
	at java.base/java.lang.reflect.Method.invoke(Method.java:564)
	at org.apache.maven.surefire.util.ReflectionUtils.invokeMethodWithArray(ReflectionUtils.java:189)
	at org.apache.maven.surefire.booter.ProviderFactory$ProviderProxy.invoke(ProviderFactory.java:165)
	at org.apache.maven.surefire.booter.ProviderFactory.invokeProvider(ProviderFactory.java:85)
	at org.apache.maven.surefire.booter.ForkedBooter.runSuitesInProcess(ForkedBooter.java:115)
	at org.apache.maven.surefire.booter.ForkedBooter.main(ForkedBooter.java:75)

WARNING: HK2 service reification failed for [org.glassfish.jersey.jaxb.internal.XmlRootElementJaxbProvider$App] with an exception:
MultiException stack 1 of 2
java.lang.NoClassDefFoundError: javax/xml/bind/PropertyException
	at java.base/java.lang.Class.getDeclaredConstructors0(Native Method)
	at java.base/java.lang.Class.privateGetDeclaredConstructors(Class.java:3090)
	at java.base/java.lang.Class.getDeclaredConstructors(Class.java:2316)
	at org.jvnet.hk2.internal.Utilities$3.run(Utilities.java:1308)
	at org.jvnet.hk2.internal.Utilities$3.run(Utilities.java:1304)
	at java.base/java.security.AccessController.doPrivileged(Native Method)
	at org.jvnet.hk2.internal.Utilities.getAllConstructors(Utilities.java:1304)
	at org.jvnet.hk2.internal.Utilities.findProducerConstructor(Utilities.java:1247)
	at org.jvnet.hk2.internal.DefaultClassAnalyzer.getConstructor(DefaultClassAnalyzer.java:83)
	at org.glassfish.jersey.internal.inject.JerseyClassAnalyzer.getConstructor(JerseyClassAnalyzer.java:144)
	at org.jvnet.hk2.internal.Utilities.getConstructor(Utilities.java:178)
	at org.jvnet.hk2.internal.ClazzCreator.initialize(ClazzCreator.java:129)
	at org.jvnet.hk2.internal.ClazzCreator.initialize(ClazzCreator.java:180)
	at org.jvnet.hk2.internal.SystemDescriptor.internalReify(SystemDescriptor.java:740)
	at org.jvnet.hk2.internal.SystemDescriptor.reify(SystemDescriptor.java:694)
	at org.jvnet.hk2.internal.ServiceLocatorImpl.reifyDescriptor(ServiceLocatorImpl.java:461)
	at org.jvnet.hk2.internal.ServiceLocatorImpl.narrow(ServiceLocatorImpl.java:2288)
	at org.jvnet.hk2.internal.ServiceLocatorImpl.access$1200(ServiceLocatorImpl.java:125)
	at org.jvnet.hk2.internal.ServiceLocatorImpl$9.compute(ServiceLocatorImpl.java:1373)
	at org.jvnet.hk2.internal.ServiceLocatorImpl$9.compute(ServiceLocatorImpl.java:1368)
	at org.glassfish.hk2.utilities.cache.internal.WeakCARCacheImpl.compute(WeakCARCacheImpl.java:116)
	at org.jvnet.hk2.internal.ServiceLocatorImpl.internalGetAllServiceHandles(ServiceLocatorImpl.java:1430)
	at org.jvnet.hk2.internal.ServiceLocatorImpl.getAllServiceHandles(ServiceLocatorImpl.java:1355)
	at org.jvnet.hk2.internal.ServiceLocatorImpl.getAllServiceHandles(ServiceLocatorImpl.java:1344)
	at org.glassfish.jersey.internal.inject.Providers.getServiceHandles(Providers.java:354)
	at org.glassfish.jersey.internal.inject.Providers.getCustomProviders(Providers.java:201)
	at org.glassfish.jersey.message.internal.MessageBodyFactory.&lt;init&gt;(MessageBodyFactory.java:247)
	at java.base/jdk.internal.reflect.NativeConstructorAccessorImpl.newInstance0(Native Method)
	at java.base/jdk.internal.reflect.NativeConstructorAccessorImpl.newInstance(NativeConstructorAccessorImpl.java:62)
	at java.base/jdk.internal.reflect.DelegatingConstructorAccessorImpl.newInstance(DelegatingConstructorAccessorImpl.java:45)
	at java.base/java.lang.reflect.Constructor.newInstance(Constructor.java:488)
	at org.glassfish.hk2.utilities.reflection.ReflectionHelper.makeMe(ReflectionHelper.java:1375)
	at org.jvnet.hk2.internal.ClazzCreator.createMe(ClazzCreator.java:272)
	at org.jvnet.hk2.internal.ClazzCreator.create(ClazzCreator.java:366)
	at org.jvnet.hk2.internal.SystemDescriptor.create(SystemDescriptor.java:487)
	at org.jvnet.hk2.internal.SingletonContext$1.compute(SingletonContext.java:83)
	at org.jvnet.hk2.internal.SingletonContext$1.compute(SingletonContext.java:71)
	at org.glassfish.hk2.utilities.cache.Cache$OriginThreadAwareFuture$1.call(Cache.java:97)
	at java.base/java.util.concurrent.FutureTask.run(FutureTask.java:264)
	at org.glassfish.hk2.utilities.cache.Cache$OriginThreadAwareFuture.run(Cache.java:154)
	at org.glassfish.hk2.utilities.cache.Cache.compute(Cache.java:199)
	at org.jvnet.hk2.internal.SingletonContext.findOrCreate(SingletonContext.java:122)
	at org.jvnet.hk2.internal.Utilities.createService(Utilities.java:2022)
	at org.jvnet.hk2.internal.ServiceLocatorImpl.internalGetService(ServiceLocatorImpl.java:774)
	at org.jvnet.hk2.internal.ServiceLocatorImpl.internalGetService(ServiceLocatorImpl.java:737)
	at org.jvnet.hk2.internal.ServiceLocatorImpl.getService(ServiceLocatorImpl.java:707)
	at org.glassfish.jersey.server.model.ComponentModelValidator.&lt;init&gt;(ComponentModelValidator.java:97)
	at org.glassfish.jersey.server.ApplicationHandler.initialize(ApplicationHandler.java:549)
	at org.glassfish.jersey.server.ApplicationHandler.access$500(ApplicationHandler.java:184)
	at org.glassfish.jersey.server.ApplicationHandler$3.call(ApplicationHandler.java:350)
	at org.glassfish.jersey.server.ApplicationHandler$3.call(ApplicationHandler.java:347)
	at org.glassfish.jersey.internal.Errors.process(Errors.java:315)
	at org.glassfish.jersey.internal.Errors.process(Errors.java:297)
	at org.glassfish.jersey.internal.Errors.processWithException(Errors.java:255)
	at org.glassfish.jersey.server.ApplicationHandler.&lt;init&gt;(ApplicationHandler.java:347)
	at org.glassfish.jersey.server.ApplicationHandler.&lt;init&gt;(ApplicationHandler.java:311)
	at org.glassfish.jersey.grizzly2.httpserver.GrizzlyHttpContainer.&lt;init&gt;(GrizzlyHttpContainer.java:337)
	at org.glassfish.jersey.grizzly2.httpserver.GrizzlyHttpServerFactory.createHttpServer(GrizzlyHttpServerFactory.java:119)
	at com.example.Main.startServer(Main.java:30)
	at com.example.MyResourceTest.setUp(MyResourceTest.java:22)
	at java.base/jdk.internal.reflect.NativeMethodAccessorImpl.invoke0(Native Method)
	at java.base/jdk.internal.reflect.NativeMethodAccessorImpl.invoke(NativeMethodAccessorImpl.java:62)
	at java.base/jdk.internal.reflect.DelegatingMethodAccessorImpl.invoke(DelegatingMethodAccessorImpl.java:43)
	at java.base/java.lang.reflect.Method.invoke(Method.java:564)
	at org.junit.runners.model.FrameworkMethod$1.runReflectiveCall(FrameworkMethod.java:44)
	at org.junit.internal.runners.model.ReflectiveCallable.run(ReflectiveCallable.java:15)
	at org.junit.runners.model.FrameworkMethod.invokeExplosively(FrameworkMethod.java:41)
	at org.junit.internal.runners.statements.RunBefores.evaluate(RunBefores.java:27)
	at org.junit.internal.runners.statements.RunAfters.evaluate(RunAfters.java:31)
	at org.junit.runners.ParentRunner.runLeaf(ParentRunner.java:263)
	at org.junit.runners.BlockJUnit4ClassRunner.runChild(BlockJUnit4ClassRunner.java:69)
	at org.junit.runners.BlockJUnit4ClassRunner.runChild(BlockJUnit4ClassRunner.java:48)
	at org.junit.runners.ParentRunner$3.run(ParentRunner.java:231)
	at org.junit.runners.ParentRunner$1.schedule(ParentRunner.java:60)
	at org.junit.runners.ParentRunner.runChildren(ParentRunner.java:229)
	at org.junit.runners.ParentRunner.access$000(ParentRunner.java:50)
	at org.junit.runners.ParentRunner$2.evaluate(ParentRunner.java:222)
	at org.junit.runners.ParentRunner.run(ParentRunner.java:292)
	at org.apache.maven.surefire.junit4.JUnit4Provider.execute(JUnit4Provider.java:252)
	at org.apache.maven.surefire.junit4.JUnit4Provider.executeTestSet(JUnit4Provider.java:141)
	at org.apache.maven.surefire.junit4.JUnit4Provider.invoke(JUnit4Provider.java:112)
	at java.base/jdk.internal.reflect.NativeMethodAccessorImpl.invoke0(Native Method)
	at java.base/jdk.internal.reflect.NativeMethodAccessorImpl.invoke(NativeMethodAccessorImpl.java:62)
	at java.base/jdk.internal.reflect.DelegatingMethodAccessorImpl.invoke(DelegatingMethodAccessorImpl.java:43)
	at java.base/java.lang.reflect.Method.invoke(Method.java:564)
	at org.apache.maven.surefire.util.ReflectionUtils.invokeMethodWithArray(ReflectionUtils.java:189)
	at org.apache.maven.surefire.booter.ProviderFactory$ProviderProxy.invoke(ProviderFactory.java:165)
	at org.apache.maven.surefire.booter.ProviderFactory.invokeProvider(ProviderFactory.java:85)
	at org.apache.maven.surefire.booter.ForkedBooter.runSuitesInProcess(ForkedBooter.java:115)
	at org.apache.maven.surefire.booter.ForkedBooter.main(ForkedBooter.java:75)
Caused by: java.lang.ClassNotFoundException: javax.xml.bind.PropertyException
	at java.base/jdk.internal.loader.BuiltinClassLoader.loadClass(BuiltinClassLoader.java:582)
	at java.base/jdk.internal.loader.ClassLoaders$AppClassLoader.loadClass(ClassLoaders.java:190)
	at java.base/java.lang.ClassLoader.loadClass(ClassLoader.java:499)
	... 90 more
MultiException stack 2 of 2
java.lang.IllegalArgumentException: Errors were discovered while reifying SystemDescriptor(
	implementation=org.glassfish.jersey.jaxb.internal.XmlRootElementJaxbProvider$App
	contracts={javax.ws.rs.ext.MessageBodyWriter,javax.ws.rs.ext.MessageBodyReader}
	scope=javax.inject.Singleton
	qualifiers={}
	descriptorType=CLASS
	descriptorVisibility=NORMAL
	metadata=
	rank=0
	loader=org.glassfish.hk2.utilities.binding.AbstractBinder$2@16fdec90
	proxiable=null
	proxyForSameScope=null
	analysisName=null
	id=107
	locatorId=0
	identityHashCode=1771421544
	reified=false)
	at org.jvnet.hk2.internal.SystemDescriptor.reify(SystemDescriptor.java:705)
	at org.jvnet.hk2.internal.ServiceLocatorImpl.reifyDescriptor(ServiceLocatorImpl.java:461)
	at org.jvnet.hk2.internal.ServiceLocatorImpl.narrow(ServiceLocatorImpl.java:2288)
	at org.jvnet.hk2.internal.ServiceLocatorImpl.access$1200(ServiceLocatorImpl.java:125)
	at org.jvnet.hk2.internal.ServiceLocatorImpl$9.compute(ServiceLocatorImpl.java:1373)
	at org.jvnet.hk2.internal.ServiceLocatorImpl$9.compute(ServiceLocatorImpl.java:1368)
	at org.glassfish.hk2.utilities.cache.internal.WeakCARCacheImpl.compute(WeakCARCacheImpl.java:116)
	at org.jvnet.hk2.internal.ServiceLocatorImpl.internalGetAllServiceHandles(ServiceLocatorImpl.java:1430)
	at org.jvnet.hk2.internal.ServiceLocatorImpl.getAllServiceHandles(ServiceLocatorImpl.java:1355)
	at org.jvnet.hk2.internal.ServiceLocatorImpl.getAllServiceHandles(ServiceLocatorImpl.java:1344)
	at org.glassfish.jersey.internal.inject.Providers.getServiceHandles(Providers.java:354)
	at org.glassfish.jersey.internal.inject.Providers.getCustomProviders(Providers.java:201)
	at org.glassfish.jersey.message.internal.MessageBodyFactory.&lt;init&gt;(MessageBodyFactory.java:247)
	at java.base/jdk.internal.reflect.NativeConstructorAccessorImpl.newInstance0(Native Method)
	at java.base/jdk.internal.reflect.NativeConstructorAccessorImpl.newInstance(NativeConstructorAccessorImpl.java:62)
	at java.base/jdk.internal.reflect.DelegatingConstructorAccessorImpl.newInstance(DelegatingConstructorAccessorImpl.java:45)
	at java.base/java.lang.reflect.Constructor.newInstance(Constructor.java:488)
	at org.glassfish.hk2.utilities.reflection.ReflectionHelper.makeMe(ReflectionHelper.java:1375)
	at org.jvnet.hk2.internal.ClazzCreator.createMe(ClazzCreator.java:272)
	at org.jvnet.hk2.internal.ClazzCreator.create(ClazzCreator.java:366)
	at org.jvnet.hk2.internal.SystemDescriptor.create(SystemDescriptor.java:487)
	at org.jvnet.hk2.internal.SingletonContext$1.compute(SingletonContext.java:83)
	at org.jvnet.hk2.internal.SingletonContext$1.compute(SingletonContext.java:71)
	at org.glassfish.hk2.utilities.cache.Cache$OriginThreadAwareFuture$1.call(Cache.java:97)
	at java.base/java.util.concurrent.FutureTask.run(FutureTask.java:264)
	at org.glassfish.hk2.utilities.cache.Cache$OriginThreadAwareFuture.run(Cache.java:154)
	at org.glassfish.hk2.utilities.cache.Cache.compute(Cache.java:199)
	at org.jvnet.hk2.internal.SingletonContext.findOrCreate(SingletonContext.java:122)
	at org.jvnet.hk2.internal.Utilities.createService(Utilities.java:2022)
	at org.jvnet.hk2.internal.ServiceLocatorImpl.internalGetService(ServiceLocatorImpl.java:774)
	at org.jvnet.hk2.internal.ServiceLocatorImpl.internalGetService(ServiceLocatorImpl.java:737)
	at org.jvnet.hk2.internal.ServiceLocatorImpl.getService(ServiceLocatorImpl.java:707)
	at org.glassfish.jersey.server.model.ComponentModelValidator.&lt;init&gt;(ComponentModelValidator.java:97)
	at org.glassfish.jersey.server.ApplicationHandler.initialize(ApplicationHandler.java:549)
	at org.glassfish.jersey.server.ApplicationHandler.access$500(ApplicationHandler.java:184)
	at org.glassfish.jersey.server.ApplicationHandler$3.call(ApplicationHandler.java:350)
	at org.glassfish.jersey.server.ApplicationHandler$3.call(ApplicationHandler.java:347)
	at org.glassfish.jersey.internal.Errors.process(Errors.java:315)
	at org.glassfish.jersey.internal.Errors.process(Errors.java:297)
	at org.glassfish.jersey.internal.Errors.processWithException(Errors.java:255)
	at org.glassfish.jersey.server.ApplicationHandler.&lt;init&gt;(ApplicationHandler.java:347)
	at org.glassfish.jersey.server.ApplicationHandler.&lt;init&gt;(ApplicationHandler.java:311)
	at org.glassfish.jersey.grizzly2.httpserver.GrizzlyHttpContainer.&lt;init&gt;(GrizzlyHttpContainer.java:337)
	at org.glassfish.jersey.grizzly2.httpserver.GrizzlyHttpServerFactory.createHttpServer(GrizzlyHttpServerFactory.java:119)
	at com.example.Main.startServer(Main.java:30)
	at com.example.MyResourceTest.setUp(MyResourceTest.java:22)
	at java.base/jdk.internal.reflect.NativeMethodAccessorImpl.invoke0(Native Method)
	at java.base/jdk.internal.reflect.NativeMethodAccessorImpl.invoke(NativeMethodAccessorImpl.java:62)
	at java.base/jdk.internal.reflect.DelegatingMethodAccessorImpl.invoke(DelegatingMethodAccessorImpl.java:43)
	at java.base/java.lang.reflect.Method.invoke(Method.java:564)
	at org.junit.runners.model.FrameworkMethod$1.runReflectiveCall(FrameworkMethod.java:44)
	at org.junit.internal.runners.model.ReflectiveCallable.run(ReflectiveCallable.java:15)
	at org.junit.runners.model.FrameworkMethod.invokeExplosively(FrameworkMethod.java:41)
	at org.junit.internal.runners.statements.RunBefores.evaluate(RunBefores.java:27)
	at org.junit.internal.runners.statements.RunAfters.evaluate(RunAfters.java:31)
	at org.junit.runners.ParentRunner.runLeaf(ParentRunner.java:263)
	at org.junit.runners.BlockJUnit4ClassRunner.runChild(BlockJUnit4ClassRunner.java:69)
	at org.junit.runners.BlockJUnit4ClassRunner.runChild(BlockJUnit4ClassRunner.java:48)
	at org.junit.runners.ParentRunner$3.run(ParentRunner.java:231)
	at org.junit.runners.ParentRunner$1.schedule(ParentRunner.java:60)
	at org.junit.runners.ParentRunner.runChildren(ParentRunner.java:229)
	at org.junit.runners.ParentRunner.access$000(ParentRunner.java:50)
	at org.junit.runners.ParentRunner$2.evaluate(ParentRunner.java:222)
	at org.junit.runners.ParentRunner.run(ParentRunner.java:292)
	at org.apache.maven.surefire.junit4.JUnit4Provider.execute(JUnit4Provider.java:252)
	at org.apache.maven.surefire.junit4.JUnit4Provider.executeTestSet(JUnit4Provider.java:141)
	at org.apache.maven.surefire.junit4.JUnit4Provider.invoke(JUnit4Provider.java:112)
	at java.base/jdk.internal.reflect.NativeMethodAccessorImpl.invoke0(Native Method)
	at java.base/jdk.internal.reflect.NativeMethodAccessorImpl.invoke(NativeMethodAccessorImpl.java:62)
	at java.base/jdk.internal.reflect.DelegatingMethodAccessorImpl.invoke(DelegatingMethodAccessorImpl.java:43)
	at java.base/java.lang.reflect.Method.invoke(Method.java:564)
	at org.apache.maven.surefire.util.ReflectionUtils.invokeMethodWithArray(ReflectionUtils.java:189)
	at org.apache.maven.surefire.booter.ProviderFactory$ProviderProxy.invoke(ProviderFactory.java:165)
	at org.apache.maven.surefire.booter.ProviderFactory.invokeProvider(ProviderFactory.java:85)
	at org.apache.maven.surefire.booter.ForkedBooter.runSuitesInProcess(ForkedBooter.java:115)
	at org.apache.maven.surefire.booter.ForkedBooter.main(ForkedBooter.java:75)

WARNING: HK2 service reification failed for [org.glassfish.jersey.jaxb.internal.XmlRootElementJaxbProvider$Text] with an exception:
MultiException stack 1 of 2
java.lang.NoClassDefFoundError: javax/xml/bind/PropertyException
	at java.base/java.lang.Class.getDeclaredConstructors0(Native Method)
	at java.base/java.lang.Class.privateGetDeclaredConstructors(Class.java:3090)
	at java.base/java.lang.Class.getDeclaredConstructors(Class.java:2316)
	at org.jvnet.hk2.internal.Utilities$3.run(Utilities.java:1308)
	at org.jvnet.hk2.internal.Utilities$3.run(Utilities.java:1304)
	at java.base/java.security.AccessController.doPrivileged(Native Method)
	at org.jvnet.hk2.internal.Utilities.getAllConstructors(Utilities.java:1304)
	at org.jvnet.hk2.internal.Utilities.findProducerConstructor(Utilities.java:1247)
	at org.jvnet.hk2.internal.DefaultClassAnalyzer.getConstructor(DefaultClassAnalyzer.java:83)
	at org.glassfish.jersey.internal.inject.JerseyClassAnalyzer.getConstructor(JerseyClassAnalyzer.java:144)
	at org.jvnet.hk2.internal.Utilities.getConstructor(Utilities.java:178)
	at org.jvnet.hk2.internal.ClazzCreator.initialize(ClazzCreator.java:129)
	at org.jvnet.hk2.internal.ClazzCreator.initialize(ClazzCreator.java:180)
	at org.jvnet.hk2.internal.SystemDescriptor.internalReify(SystemDescriptor.java:740)
	at org.jvnet.hk2.internal.SystemDescriptor.reify(SystemDescriptor.java:694)
	at org.jvnet.hk2.internal.ServiceLocatorImpl.reifyDescriptor(ServiceLocatorImpl.java:461)
	at org.jvnet.hk2.internal.ServiceLocatorImpl.narrow(ServiceLocatorImpl.java:2288)
	at org.jvnet.hk2.internal.ServiceLocatorImpl.access$1200(ServiceLocatorImpl.java:125)
	at org.jvnet.hk2.internal.ServiceLocatorImpl$9.compute(ServiceLocatorImpl.java:1373)
	at org.jvnet.hk2.internal.ServiceLocatorImpl$9.compute(ServiceLocatorImpl.java:1368)
	at org.glassfish.hk2.utilities.cache.internal.WeakCARCacheImpl.compute(WeakCARCacheImpl.java:116)
	at org.jvnet.hk2.internal.ServiceLocatorImpl.internalGetAllServiceHandles(ServiceLocatorImpl.java:1430)
	at org.jvnet.hk2.internal.ServiceLocatorImpl.getAllServiceHandles(ServiceLocatorImpl.java:1355)
	at org.jvnet.hk2.internal.ServiceLocatorImpl.getAllServiceHandles(ServiceLocatorImpl.java:1344)
	at org.glassfish.jersey.internal.inject.Providers.getServiceHandles(Providers.java:354)
	at org.glassfish.jersey.internal.inject.Providers.getCustomProviders(Providers.java:201)
	at org.glassfish.jersey.message.internal.MessageBodyFactory.&lt;init&gt;(MessageBodyFactory.java:247)
	at java.base/jdk.internal.reflect.NativeConstructorAccessorImpl.newInstance0(Native Method)
	at java.base/jdk.internal.reflect.NativeConstructorAccessorImpl.newInstance(NativeConstructorAccessorImpl.java:62)
	at java.base/jdk.internal.reflect.DelegatingConstructorAccessorImpl.newInstance(DelegatingConstructorAccessorImpl.java:45)
	at java.base/java.lang.reflect.Constructor.newInstance(Constructor.java:488)
	at org.glassfish.hk2.utilities.reflection.ReflectionHelper.makeMe(ReflectionHelper.java:1375)
	at org.jvnet.hk2.internal.ClazzCreator.createMe(ClazzCreator.java:272)
	at org.jvnet.hk2.internal.ClazzCreator.create(ClazzCreator.java:366)
	at org.jvnet.hk2.internal.SystemDescriptor.create(SystemDescriptor.java:487)
	at org.jvnet.hk2.internal.SingletonContext$1.compute(SingletonContext.java:83)
	at org.jvnet.hk2.internal.SingletonContext$1.compute(SingletonContext.java:71)
	at org.glassfish.hk2.utilities.cache.Cache$OriginThreadAwareFuture$1.call(Cache.java:97)
	at java.base/java.util.concurrent.FutureTask.run(FutureTask.java:264)
	at org.glassfish.hk2.utilities.cache.Cache$OriginThreadAwareFuture.run(Cache.java:154)
	at org.glassfish.hk2.utilities.cache.Cache.compute(Cache.java:199)
	at org.jvnet.hk2.internal.SingletonContext.findOrCreate(SingletonContext.java:122)
	at org.jvnet.hk2.internal.Utilities.createService(Utilities.java:2022)
	at org.jvnet.hk2.internal.ServiceLocatorImpl.internalGetService(ServiceLocatorImpl.java:774)
	at org.jvnet.hk2.internal.ServiceLocatorImpl.internalGetService(ServiceLocatorImpl.java:737)
	at org.jvnet.hk2.internal.ServiceLocatorImpl.getService(ServiceLocatorImpl.java:707)
	at org.glassfish.jersey.server.model.ComponentModelValidator.&lt;init&gt;(ComponentModelValidator.java:97)
	at org.glassfish.jersey.server.ApplicationHandler.initialize(ApplicationHandler.java:549)
	at org.glassfish.jersey.server.ApplicationHandler.access$500(ApplicationHandler.java:184)
	at org.glassfish.jersey.server.ApplicationHandler$3.call(ApplicationHandler.java:350)
	at org.glassfish.jersey.server.ApplicationHandler$3.call(ApplicationHandler.java:347)
	at org.glassfish.jersey.internal.Errors.process(Errors.java:315)
	at org.glassfish.jersey.internal.Errors.process(Errors.java:297)
	at org.glassfish.jersey.internal.Errors.processWithException(Errors.java:255)
	at org.glassfish.jersey.server.ApplicationHandler.&lt;init&gt;(ApplicationHandler.java:347)
	at org.glassfish.jersey.server.ApplicationHandler.&lt;init&gt;(ApplicationHandler.java:311)
	at org.glassfish.jersey.grizzly2.httpserver.GrizzlyHttpContainer.&lt;init&gt;(GrizzlyHttpContainer.java:337)
	at org.glassfish.jersey.grizzly2.httpserver.GrizzlyHttpServerFactory.createHttpServer(GrizzlyHttpServerFactory.java:119)
	at com.example.Main.startServer(Main.java:30)
	at com.example.MyResourceTest.setUp(MyResourceTest.java:22)
	at java.base/jdk.internal.reflect.NativeMethodAccessorImpl.invoke0(Native Method)
	at java.base/jdk.internal.reflect.NativeMethodAccessorImpl.invoke(NativeMethodAccessorImpl.java:62)
	at java.base/jdk.internal.reflect.DelegatingMethodAccessorImpl.invoke(DelegatingMethodAccessorImpl.java:43)
	at java.base/java.lang.reflect.Method.invoke(Method.java:564)
	at org.junit.runners.model.FrameworkMethod$1.runReflectiveCall(FrameworkMethod.java:44)
	at org.junit.internal.runners.model.ReflectiveCallable.run(ReflectiveCallable.java:15)
	at org.junit.runners.model.FrameworkMethod.invokeExplosively(FrameworkMethod.java:41)
	at org.junit.internal.runners.statements.RunBefores.evaluate(RunBefores.java:27)
	at org.junit.internal.runners.statements.RunAfters.evaluate(RunAfters.java:31)
	at org.junit.runners.ParentRunner.runLeaf(ParentRunner.java:263)
	at org.junit.runners.BlockJUnit4ClassRunner.runChild(BlockJUnit4ClassRunner.java:69)
	at org.junit.runners.BlockJUnit4ClassRunner.runChild(BlockJUnit4ClassRunner.java:48)
	at org.junit.runners.ParentRunner$3.run(ParentRunner.java:231)
	at org.junit.runners.ParentRunner$1.schedule(ParentRunner.java:60)
	at org.junit.runners.ParentRunner.runChildren(ParentRunner.java:229)
	at org.junit.runners.ParentRunner.access$000(ParentRunner.java:50)
	at org.junit.runners.ParentRunner$2.evaluate(ParentRunner.java:222)
	at org.junit.runners.ParentRunner.run(ParentRunner.java:292)
	at org.apache.maven.surefire.junit4.JUnit4Provider.execute(JUnit4Provider.java:252)
	at org.apache.maven.surefire.junit4.JUnit4Provider.executeTestSet(JUnit4Provider.java:141)
	at org.apache.maven.surefire.junit4.JUnit4Provider.invoke(JUnit4Provider.java:112)
	at java.base/jdk.internal.reflect.NativeMethodAccessorImpl.invoke0(Native Method)
	at java.base/jdk.internal.reflect.NativeMethodAccessorImpl.invoke(NativeMethodAccessorImpl.java:62)
	at java.base/jdk.internal.reflect.DelegatingMethodAccessorImpl.invoke(DelegatingMethodAccessorImpl.java:43)
	at java.base/java.lang.reflect.Method.invoke(Method.java:564)
	at org.apache.maven.surefire.util.ReflectionUtils.invokeMethodWithArray(ReflectionUtils.java:189)
	at org.apache.maven.surefire.booter.ProviderFactory$ProviderProxy.invoke(ProviderFactory.java:165)
	at org.apache.maven.surefire.booter.ProviderFactory.invokeProvider(ProviderFactory.java:85)
	at org.apache.maven.surefire.booter.ForkedBooter.runSuitesInProcess(ForkedBooter.java:115)
	at org.apache.maven.surefire.booter.ForkedBooter.main(ForkedBooter.java:75)
Caused by: java.lang.ClassNotFoundException: javax.xml.bind.PropertyException
	at java.base/jdk.internal.loader.BuiltinClassLoader.loadClass(BuiltinClassLoader.java:582)
	at java.base/jdk.internal.loader.ClassLoaders$AppClassLoader.loadClass(ClassLoaders.java:190)
	at java.base/java.lang.ClassLoader.loadClass(ClassLoader.java:499)
	... 90 more
MultiException stack 2 of 2
java.lang.IllegalArgumentException: Errors were discovered while reifying SystemDescriptor(
	implementation=org.glassfish.jersey.jaxb.internal.XmlRootElementJaxbProvider$Text
	contracts={javax.ws.rs.ext.MessageBodyWriter,javax.ws.rs.ext.MessageBodyReader}
	scope=javax.inject.Singleton
	qualifiers={}
	descriptorType=CLASS
	descriptorVisibility=NORMAL
	metadata=
	rank=0
	loader=org.glassfish.hk2.utilities.binding.AbstractBinder$2@16fdec90
	proxiable=null
	proxyForSameScope=null
	analysisName=null
	id=108
	locatorId=0
	identityHashCode=896072146
	reified=false)
	at org.jvnet.hk2.internal.SystemDescriptor.reify(SystemDescriptor.java:705)
	at org.jvnet.hk2.internal.ServiceLocatorImpl.reifyDescriptor(ServiceLocatorImpl.java:461)
	at org.jvnet.hk2.internal.ServiceLocatorImpl.narrow(ServiceLocatorImpl.java:2288)
	at org.jvnet.hk2.internal.ServiceLocatorImpl.access$1200(ServiceLocatorImpl.java:125)
	at org.jvnet.hk2.internal.ServiceLocatorImpl$9.compute(ServiceLocatorImpl.java:1373)
	at org.jvnet.hk2.internal.ServiceLocatorImpl$9.compute(ServiceLocatorImpl.java:1368)
	at org.glassfish.hk2.utilities.cache.internal.WeakCARCacheImpl.compute(WeakCARCacheImpl.java:116)
	at org.jvnet.hk2.internal.ServiceLocatorImpl.internalGetAllServiceHandles(ServiceLocatorImpl.java:1430)
	at org.jvnet.hk2.internal.ServiceLocatorImpl.getAllServiceHandles(ServiceLocatorImpl.java:1355)
	at org.jvnet.hk2.internal.ServiceLocatorImpl.getAllServiceHandles(ServiceLocatorImpl.java:1344)
	at org.glassfish.jersey.internal.inject.Providers.getServiceHandles(Providers.java:354)
	at org.glassfish.jersey.internal.inject.Providers.getCustomProviders(Providers.java:201)
	at org.glassfish.jersey.message.internal.MessageBodyFactory.&lt;init&gt;(MessageBodyFactory.java:247)
	at java.base/jdk.internal.reflect.NativeConstructorAccessorImpl.newInstance0(Native Method)
	at java.base/jdk.internal.reflect.NativeConstructorAccessorImpl.newInstance(NativeConstructorAccessorImpl.java:62)
	at java.base/jdk.internal.reflect.DelegatingConstructorAccessorImpl.newInstance(DelegatingConstructorAccessorImpl.java:45)
	at java.base/java.lang.reflect.Constructor.newInstance(Constructor.java:488)
	at org.glassfish.hk2.utilities.reflection.ReflectionHelper.makeMe(ReflectionHelper.java:1375)
	at org.jvnet.hk2.internal.ClazzCreator.createMe(ClazzCreator.java:272)
	at org.jvnet.hk2.internal.ClazzCreator.create(ClazzCreator.java:366)
	at org.jvnet.hk2.internal.SystemDescriptor.create(SystemDescriptor.java:487)
	at org.jvnet.hk2.internal.SingletonContext$1.compute(SingletonContext.java:83)
	at org.jvnet.hk2.internal.SingletonContext$1.compute(SingletonContext.java:71)
	at org.glassfish.hk2.utilities.cache.Cache$OriginThreadAwareFuture$1.call(Cache.java:97)
	at java.base/java.util.concurrent.FutureTask.run(FutureTask.java:264)
	at org.glassfish.hk2.utilities.cache.Cache$OriginThreadAwareFuture.run(Cache.java:154)
	at org.glassfish.hk2.utilities.cache.Cache.compute(Cache.java:199)
	at org.jvnet.hk2.internal.SingletonContext.findOrCreate(SingletonContext.java:122)
	at org.jvnet.hk2.internal.Utilities.createService(Utilities.java:2022)
	at org.jvnet.hk2.internal.ServiceLocatorImpl.internalGetService(ServiceLocatorImpl.java:774)
	at org.jvnet.hk2.internal.ServiceLocatorImpl.internalGetService(ServiceLocatorImpl.java:737)
	at org.jvnet.hk2.internal.ServiceLocatorImpl.getService(ServiceLocatorImpl.java:707)
	at org.glassfish.jersey.server.model.ComponentModelValidator.&lt;init&gt;(ComponentModelValidator.java:97)
	at org.glassfish.jersey.server.ApplicationHandler.initialize(ApplicationHandler.java:549)
	at org.glassfish.jersey.server.ApplicationHandler.access$500(ApplicationHandler.java:184)
	at org.glassfish.jersey.server.ApplicationHandler$3.call(ApplicationHandler.java:350)
	at org.glassfish.jersey.server.ApplicationHandler$3.call(ApplicationHandler.java:347)
	at org.glassfish.jersey.internal.Errors.process(Errors.java:315)
	at org.glassfish.jersey.internal.Errors.process(Errors.java:297)
	at org.glassfish.jersey.internal.Errors.processWithException(Errors.java:255)
	at org.glassfish.jersey.server.ApplicationHandler.&lt;init&gt;(ApplicationHandler.java:347)
	at org.glassfish.jersey.server.ApplicationHandler.&lt;init&gt;(ApplicationHandler.java:311)
	at org.glassfish.jersey.grizzly2.httpserver.GrizzlyHttpContainer.&lt;init&gt;(GrizzlyHttpContainer.java:337)
	at org.glassfish.jersey.grizzly2.httpserver.GrizzlyHttpServerFactory.createHttpServer(GrizzlyHttpServerFactory.java:119)
	at com.example.Main.startServer(Main.java:30)
	at com.example.MyResourceTest.setUp(MyResourceTest.java:22)
	at java.base/jdk.internal.reflect.NativeMethodAccessorImpl.invoke0(Native Method)
	at java.base/jdk.internal.reflect.NativeMethodAccessorImpl.invoke(NativeMethodAccessorImpl.java:62)
	at java.base/jdk.internal.reflect.DelegatingMethodAccessorImpl.invoke(DelegatingMethodAccessorImpl.java:43)
	at java.base/java.lang.reflect.Method.invoke(Method.java:564)
	at org.junit.runners.model.FrameworkMethod$1.runReflectiveCall(FrameworkMethod.java:44)
	at org.junit.internal.runners.model.ReflectiveCallable.run(ReflectiveCallable.java:15)
	at org.junit.runners.model.FrameworkMethod.invokeExplosively(FrameworkMethod.java:41)
	at org.junit.internal.runners.statements.RunBefores.evaluate(RunBefores.java:27)
	at org.junit.internal.runners.statements.RunAfters.evaluate(RunAfters.java:31)
	at org.junit.runners.ParentRunner.runLeaf(ParentRunner.java:263)
	at org.junit.runners.BlockJUnit4ClassRunner.runChild(BlockJUnit4ClassRunner.java:69)
	at org.junit.runners.BlockJUnit4ClassRunner.runChild(BlockJUnit4ClassRunner.java:48)
	at org.junit.runners.ParentRunner$3.run(ParentRunner.java:231)
	at org.junit.runners.ParentRunner$1.schedule(ParentRunner.java:60)
	at org.junit.runners.ParentRunner.runChildren(ParentRunner.java:229)
	at org.junit.runners.ParentRunner.access$000(ParentRunner.java:50)
	at org.junit.runners.ParentRunner$2.evaluate(ParentRunner.java:222)
	at org.junit.runners.ParentRunner.run(ParentRunner.java:292)
	at org.apache.maven.surefire.junit4.JUnit4Provider.execute(JUnit4Provider.java:252)
	at org.apache.maven.surefire.junit4.JUnit4Provider.executeTestSet(JUnit4Provider.java:141)
	at org.apache.maven.surefire.junit4.JUnit4Provider.invoke(JUnit4Provider.java:112)
	at java.base/jdk.internal.reflect.NativeMethodAccessorImpl.invoke0(Native Method)
	at java.base/jdk.internal.reflect.NativeMethodAccessorImpl.invoke(NativeMethodAccessorImpl.java:62)
	at java.base/jdk.internal.reflect.DelegatingMethodAccessorImpl.invoke(DelegatingMethodAccessorImpl.java:43)
	at java.base/java.lang.reflect.Method.invoke(Method.java:564)
	at org.apache.maven.surefire.util.ReflectionUtils.invokeMethodWithArray(ReflectionUtils.java:189)
	at org.apache.maven.surefire.booter.ProviderFactory$ProviderProxy.invoke(ProviderFactory.java:165)
	at org.apache.maven.surefire.booter.ProviderFactory.invokeProvider(ProviderFactory.java:85)
	at org.apache.maven.surefire.booter.ForkedBooter.runSuitesInProcess(ForkedBooter.java:115)
	at org.apache.maven.surefire.booter.ForkedBooter.main(ForkedBooter.java:75)

WARNING: HK2 service reification failed for [org.glassfish.jersey.jaxb.internal.XmlRootElementJaxbProvider$General] with an exception:
MultiException stack 1 of 2
java.lang.NoClassDefFoundError: javax/xml/bind/PropertyException
	at java.base/java.lang.Class.getDeclaredConstructors0(Native Method)
	at java.base/java.lang.Class.privateGetDeclaredConstructors(Class.java:3090)
	at java.base/java.lang.Class.getDeclaredConstructors(Class.java:2316)
	at org.jvnet.hk2.internal.Utilities$3.run(Utilities.java:1308)
	at org.jvnet.hk2.internal.Utilities$3.run(Utilities.java:1304)
	at java.base/java.security.AccessController.doPrivileged(Native Method)
	at org.jvnet.hk2.internal.Utilities.getAllConstructors(Utilities.java:1304)
	at org.jvnet.hk2.internal.Utilities.findProducerConstructor(Utilities.java:1247)
	at org.jvnet.hk2.internal.DefaultClassAnalyzer.getConstructor(DefaultClassAnalyzer.java:83)
	at org.glassfish.jersey.internal.inject.JerseyClassAnalyzer.getConstructor(JerseyClassAnalyzer.java:144)
	at org.jvnet.hk2.internal.Utilities.getConstructor(Utilities.java:178)
	at org.jvnet.hk2.internal.ClazzCreator.initialize(ClazzCreator.java:129)
	at org.jvnet.hk2.internal.ClazzCreator.initialize(ClazzCreator.java:180)
	at org.jvnet.hk2.internal.SystemDescriptor.internalReify(SystemDescriptor.java:740)
	at org.jvnet.hk2.internal.SystemDescriptor.reify(SystemDescriptor.java:694)
	at org.jvnet.hk2.internal.ServiceLocatorImpl.reifyDescriptor(ServiceLocatorImpl.java:461)
	at org.jvnet.hk2.internal.ServiceLocatorImpl.narrow(ServiceLocatorImpl.java:2288)
	at org.jvnet.hk2.internal.ServiceLocatorImpl.access$1200(ServiceLocatorImpl.java:125)
	at org.jvnet.hk2.internal.ServiceLocatorImpl$9.compute(ServiceLocatorImpl.java:1373)
	at org.jvnet.hk2.internal.ServiceLocatorImpl$9.compute(ServiceLocatorImpl.java:1368)
	at org.glassfish.hk2.utilities.cache.internal.WeakCARCacheImpl.compute(WeakCARCacheImpl.java:116)
	at org.jvnet.hk2.internal.ServiceLocatorImpl.internalGetAllServiceHandles(ServiceLocatorImpl.java:1430)
	at org.jvnet.hk2.internal.ServiceLocatorImpl.getAllServiceHandles(ServiceLocatorImpl.java:1355)
	at org.jvnet.hk2.internal.ServiceLocatorImpl.getAllServiceHandles(ServiceLocatorImpl.java:1344)
	at org.glassfish.jersey.internal.inject.Providers.getServiceHandles(Providers.java:354)
	at org.glassfish.jersey.internal.inject.Providers.getCustomProviders(Providers.java:201)
	at org.glassfish.jersey.message.internal.MessageBodyFactory.&lt;init&gt;(MessageBodyFactory.java:247)
	at java.base/jdk.internal.reflect.NativeConstructorAccessorImpl.newInstance0(Native Method)
	at java.base/jdk.internal.reflect.NativeConstructorAccessorImpl.newInstance(NativeConstructorAccessorImpl.java:62)
	at java.base/jdk.internal.reflect.DelegatingConstructorAccessorImpl.newInstance(DelegatingConstructorAccessorImpl.java:45)
	at java.base/java.lang.reflect.Constructor.newInstance(Constructor.java:488)
	at org.glassfish.hk2.utilities.reflection.ReflectionHelper.makeMe(ReflectionHelper.java:1375)
	at org.jvnet.hk2.internal.ClazzCreator.createMe(ClazzCreator.java:272)
	at org.jvnet.hk2.internal.ClazzCreator.create(ClazzCreator.java:366)
	at org.jvnet.hk2.internal.SystemDescriptor.create(SystemDescriptor.java:487)
	at org.jvnet.hk2.internal.SingletonContext$1.compute(SingletonContext.java:83)
	at org.jvnet.hk2.internal.SingletonContext$1.compute(SingletonContext.java:71)
	at org.glassfish.hk2.utilities.cache.Cache$OriginThreadAwareFuture$1.call(Cache.java:97)
	at java.base/java.util.concurrent.FutureTask.run(FutureTask.java:264)
	at org.glassfish.hk2.utilities.cache.Cache$OriginThreadAwareFuture.run(Cache.java:154)
	at org.glassfish.hk2.utilities.cache.Cache.compute(Cache.java:199)
	at org.jvnet.hk2.internal.SingletonContext.findOrCreate(SingletonContext.java:122)
	at org.jvnet.hk2.internal.Utilities.createService(Utilities.java:2022)
	at org.jvnet.hk2.internal.ServiceLocatorImpl.internalGetService(ServiceLocatorImpl.java:774)
	at org.jvnet.hk2.internal.ServiceLocatorImpl.internalGetService(ServiceLocatorImpl.java:737)
	at org.jvnet.hk2.internal.ServiceLocatorImpl.getService(ServiceLocatorImpl.java:707)
	at org.glassfish.jersey.server.model.ComponentModelValidator.&lt;init&gt;(ComponentModelValidator.java:97)
	at org.glassfish.jersey.server.ApplicationHandler.initialize(ApplicationHandler.java:549)
	at org.glassfish.jersey.server.ApplicationHandler.access$500(ApplicationHandler.java:184)
	at org.glassfish.jersey.server.ApplicationHandler$3.call(ApplicationHandler.java:350)
	at org.glassfish.jersey.server.ApplicationHandler$3.call(ApplicationHandler.java:347)
	at org.glassfish.jersey.internal.Errors.process(Errors.java:315)
	at org.glassfish.jersey.internal.Errors.process(Errors.java:297)
	at org.glassfish.jersey.internal.Errors.processWithException(Errors.java:255)
	at org.glassfish.jersey.server.ApplicationHandler.&lt;init&gt;(ApplicationHandler.java:347)
	at org.glassfish.jersey.server.ApplicationHandler.&lt;init&gt;(ApplicationHandler.java:311)
	at org.glassfish.jersey.grizzly2.httpserver.GrizzlyHttpContainer.&lt;init&gt;(GrizzlyHttpContainer.java:337)
	at org.glassfish.jersey.grizzly2.httpserver.GrizzlyHttpServerFactory.createHttpServer(GrizzlyHttpServerFactory.java:119)
	at com.example.Main.startServer(Main.java:30)
	at com.example.MyResourceTest.setUp(MyResourceTest.java:22)
	at java.base/jdk.internal.reflect.NativeMethodAccessorImpl.invoke0(Native Method)
	at java.base/jdk.internal.reflect.NativeMethodAccessorImpl.invoke(NativeMethodAccessorImpl.java:62)
	at java.base/jdk.internal.reflect.DelegatingMethodAccessorImpl.invoke(DelegatingMethodAccessorImpl.java:43)
	at java.base/java.lang.reflect.Method.invoke(Method.java:564)
	at org.junit.runners.model.FrameworkMethod$1.runReflectiveCall(FrameworkMethod.java:44)
	at org.junit.internal.runners.model.ReflectiveCallable.run(ReflectiveCallable.java:15)
	at org.junit.runners.model.FrameworkMethod.invokeExplosively(FrameworkMethod.java:41)
	at org.junit.internal.runners.statements.RunBefores.evaluate(RunBefores.java:27)
	at org.junit.internal.runners.statements.RunAfters.evaluate(RunAfters.java:31)
	at org.junit.runners.ParentRunner.runLeaf(ParentRunner.java:263)
	at org.junit.runners.BlockJUnit4ClassRunner.runChild(BlockJUnit4ClassRunner.java:69)
	at org.junit.runners.BlockJUnit4ClassRunner.runChild(BlockJUnit4ClassRunner.java:48)
	at org.junit.runners.ParentRunner$3.run(ParentRunner.java:231)
	at org.junit.runners.ParentRunner$1.schedule(ParentRunner.java:60)
	at org.junit.runners.ParentRunner.runChildren(ParentRunner.java:229)
	at org.junit.runners.ParentRunner.access$000(ParentRunner.java:50)
	at org.junit.runners.ParentRunner$2.evaluate(ParentRunner.java:222)
	at org.junit.runners.ParentRunner.run(ParentRunner.java:292)
	at org.apache.maven.surefire.junit4.JUnit4Provider.execute(JUnit4Provider.java:252)
	at org.apache.maven.surefire.junit4.JUnit4Provider.executeTestSet(JUnit4Provider.java:141)
	at org.apache.maven.surefire.junit4.JUnit4Provider.invoke(JUnit4Provider.java:112)
	at java.base/jdk.internal.reflect.NativeMethodAccessorImpl.invoke0(Native Method)
	at java.base/jdk.internal.reflect.NativeMethodAccessorImpl.invoke(NativeMethodAccessorImpl.java:62)
	at java.base/jdk.internal.reflect.DelegatingMethodAccessorImpl.invoke(DelegatingMethodAccessorImpl.java:43)
	at java.base/java.lang.reflect.Method.invoke(Method.java:564)
	at org.apache.maven.surefire.util.ReflectionUtils.invokeMethodWithArray(ReflectionUtils.java:189)
	at org.apache.maven.surefire.booter.ProviderFactory$ProviderProxy.invoke(ProviderFactory.java:165)
	at org.apache.maven.surefire.booter.ProviderFactory.invokeProvider(ProviderFactory.java:85)
	at org.apache.maven.surefire.booter.ForkedBooter.runSuitesInProcess(ForkedBooter.java:115)
	at org.apache.maven.surefire.booter.ForkedBooter.main(ForkedBooter.java:75)
Caused by: java.lang.ClassNotFoundException: javax.xml.bind.PropertyException
	at java.base/jdk.internal.loader.BuiltinClassLoader.loadClass(BuiltinClassLoader.java:582)
	at java.base/jdk.internal.loader.ClassLoaders$AppClassLoader.loadClass(ClassLoaders.java:190)
	at java.base/java.lang.ClassLoader.loadClass(ClassLoader.java:499)
	... 90 more
MultiException stack 2 of 2
java.lang.IllegalArgumentException: Errors were discovered while reifying SystemDescriptor(
	implementation=org.glassfish.jersey.jaxb.internal.XmlRootElementJaxbProvider$General
	contracts={javax.ws.rs.ext.MessageBodyWriter,javax.ws.rs.ext.MessageBodyReader}
	scope=javax.inject.Singleton
	qualifiers={}
	descriptorType=CLASS
	descriptorVisibility=NORMAL
	metadata=
	rank=0
	loader=org.glassfish.hk2.utilities.binding.AbstractBinder$2@16fdec90
	proxiable=null
	proxyForSameScope=null
	analysisName=null
	id=109
	locatorId=0
	identityHashCode=1528741718
	reified=false)
	at org.jvnet.hk2.internal.SystemDescriptor.reify(SystemDescriptor.java:705)
	at org.jvnet.hk2.internal.ServiceLocatorImpl.reifyDescriptor(ServiceLocatorImpl.java:461)
	at org.jvnet.hk2.internal.ServiceLocatorImpl.narrow(ServiceLocatorImpl.java:2288)
	at org.jvnet.hk2.internal.ServiceLocatorImpl.access$1200(ServiceLocatorImpl.java:125)
	at org.jvnet.hk2.internal.ServiceLocatorImpl$9.compute(ServiceLocatorImpl.java:1373)
	at org.jvnet.hk2.internal.ServiceLocatorImpl$9.compute(ServiceLocatorImpl.java:1368)
	at org.glassfish.hk2.utilities.cache.internal.WeakCARCacheImpl.compute(WeakCARCacheImpl.java:116)
	at org.jvnet.hk2.internal.ServiceLocatorImpl.internalGetAllServiceHandles(ServiceLocatorImpl.java:1430)
	at org.jvnet.hk2.internal.ServiceLocatorImpl.getAllServiceHandles(ServiceLocatorImpl.java:1355)
	at org.jvnet.hk2.internal.ServiceLocatorImpl.getAllServiceHandles(ServiceLocatorImpl.java:1344)
	at org.glassfish.jersey.internal.inject.Providers.getServiceHandles(Providers.java:354)
	at org.glassfish.jersey.internal.inject.Providers.getCustomProviders(Providers.java:201)
	at org.glassfish.jersey.message.internal.MessageBodyFactory.&lt;init&gt;(MessageBodyFactory.java:247)
	at java.base/jdk.internal.reflect.NativeConstructorAccessorImpl.newInstance0(Native Method)
	at java.base/jdk.internal.reflect.NativeConstructorAccessorImpl.newInstance(NativeConstructorAccessorImpl.java:62)
	at java.base/jdk.internal.reflect.DelegatingConstructorAccessorImpl.newInstance(DelegatingConstructorAccessorImpl.java:45)
	at java.base/java.lang.reflect.Constructor.newInstance(Constructor.java:488)
	at org.glassfish.hk2.utilities.reflection.ReflectionHelper.makeMe(ReflectionHelper.java:1375)
	at org.jvnet.hk2.internal.ClazzCreator.createMe(ClazzCreator.java:272)
	at org.jvnet.hk2.internal.ClazzCreator.create(ClazzCreator.java:366)
	at org.jvnet.hk2.internal.SystemDescriptor.create(SystemDescriptor.java:487)
	at org.jvnet.hk2.internal.SingletonContext$1.compute(SingletonContext.java:83)
	at org.jvnet.hk2.internal.SingletonContext$1.compute(SingletonContext.java:71)
	at org.glassfish.hk2.utilities.cache.Cache$OriginThreadAwareFuture$1.call(Cache.java:97)
	at java.base/java.util.concurrent.FutureTask.run(FutureTask.java:264)
	at org.glassfish.hk2.utilities.cache.Cache$OriginThreadAwareFuture.run(Cache.java:154)
	at org.glassfish.hk2.utilities.cache.Cache.compute(Cache.java:199)
	at org.jvnet.hk2.internal.SingletonContext.findOrCreate(SingletonContext.java:122)
	at org.jvnet.hk2.internal.Utilities.createService(Utilities.java:2022)
	at org.jvnet.hk2.internal.ServiceLocatorImpl.internalGetService(ServiceLocatorImpl.java:774)
	at org.jvnet.hk2.internal.ServiceLocatorImpl.internalGetService(ServiceLocatorImpl.java:737)
	at org.jvnet.hk2.internal.ServiceLocatorImpl.getService(ServiceLocatorImpl.java:707)
	at org.glassfish.jersey.server.model.ComponentModelValidator.&lt;init&gt;(ComponentModelValidator.java:97)
	at org.glassfish.jersey.server.ApplicationHandler.initialize(ApplicationHandler.java:549)
	at org.glassfish.jersey.server.ApplicationHandler.access$500(ApplicationHandler.java:184)
	at org.glassfish.jersey.server.ApplicationHandler$3.call(ApplicationHandler.java:350)
	at org.glassfish.jersey.server.ApplicationHandler$3.call(ApplicationHandler.java:347)
	at org.glassfish.jersey.internal.Errors.process(Errors.java:315)
	at org.glassfish.jersey.internal.Errors.process(Errors.java:297)
	at org.glassfish.jersey.internal.Errors.processWithException(Errors.java:255)
	at org.glassfish.jersey.server.ApplicationHandler.&lt;init&gt;(ApplicationHandler.java:347)
	at org.glassfish.jersey.server.ApplicationHandler.&lt;init&gt;(ApplicationHandler.java:311)
	at org.glassfish.jersey.grizzly2.httpserver.GrizzlyHttpContainer.&lt;init&gt;(GrizzlyHttpContainer.java:337)
	at org.glassfish.jersey.grizzly2.httpserver.GrizzlyHttpServerFactory.createHttpServer(GrizzlyHttpServerFactory.java:119)
	at com.example.Main.startServer(Main.java:30)
	at com.example.MyResourceTest.setUp(MyResourceTest.java:22)
	at java.base/jdk.internal.reflect.NativeMethodAccessorImpl.invoke0(Native Method)
	at java.base/jdk.internal.reflect.NativeMethodAccessorImpl.invoke(NativeMethodAccessorImpl.java:62)
	at java.base/jdk.internal.reflect.DelegatingMethodAccessorImpl.invoke(DelegatingMethodAccessorImpl.java:43)
	at java.base/java.lang.reflect.Method.invoke(Method.java:564)
	at org.junit.runners.model.FrameworkMethod$1.runReflectiveCall(FrameworkMethod.java:44)
	at org.junit.internal.runners.model.ReflectiveCallable.run(ReflectiveCallable.java:15)
	at org.junit.runners.model.FrameworkMethod.invokeExplosively(FrameworkMethod.java:41)
	at org.junit.internal.runners.statements.RunBefores.evaluate(RunBefores.java:27)
	at org.junit.internal.runners.statements.RunAfters.evaluate(RunAfters.java:31)
	at org.junit.runners.ParentRunner.runLeaf(ParentRunner.java:263)
	at org.junit.runners.BlockJUnit4ClassRunner.runChild(BlockJUnit4ClassRunner.java:69)
	at org.junit.runners.BlockJUnit4ClassRunner.runChild(BlockJUnit4ClassRunner.java:48)
	at org.junit.runners.ParentRunner$3.run(ParentRunner.java:231)
	at org.junit.runners.ParentRunner$1.schedule(ParentRunner.java:60)
	at org.junit.runners.ParentRunner.runChildren(ParentRunner.java:229)
	at org.junit.runners.ParentRunner.access$000(ParentRunner.java:50)
	at org.junit.runners.ParentRunner$2.evaluate(ParentRunner.java:222)
	at org.junit.runners.ParentRunner.run(ParentRunner.java:292)
	at org.apache.maven.surefire.junit4.JUnit4Provider.execute(JUnit4Provider.java:252)
	at org.apache.maven.surefire.junit4.JUnit4Provider.executeTestSet(JUnit4Provider.java:141)
	at org.apache.maven.surefire.junit4.JUnit4Provider.invoke(JUnit4Provider.java:112)
	at java.base/jdk.internal.reflect.NativeMethodAccessorImpl.invoke0(Native Method)
	at java.base/jdk.internal.reflect.NativeMethodAccessorImpl.invoke(NativeMethodAccessorImpl.java:62)
	at java.base/jdk.internal.reflect.DelegatingMethodAccessorImpl.invoke(DelegatingMethodAccessorImpl.java:43)
	at java.base/java.lang.reflect.Method.invoke(Method.java:564)
	at org.apache.maven.surefire.util.ReflectionUtils.invokeMethodWithArray(ReflectionUtils.java:189)
	at org.apache.maven.surefire.booter.ProviderFactory$ProviderProxy.invoke(ProviderFactory.java:165)
	at org.apache.maven.surefire.booter.ProviderFactory.invokeProvider(ProviderFactory.java:85)
	at org.apache.maven.surefire.booter.ForkedBooter.runSuitesInProcess(ForkedBooter.java:115)
	at org.apache.maven.surefire.booter.ForkedBooter.main(ForkedBooter.java:75)

WARNING: HK2 service reification failed for [org.glassfish.jersey.message.internal.DataSourceProvider] with an exception:
MultiException stack 1 of 2
java.lang.NoClassDefFoundError: javax/activation/DataSource
	at java.base/java.lang.Class.getDeclaredConstructors0(Native Method)
	at java.base/java.lang.Class.privateGetDeclaredConstructors(Class.java:3090)
	at java.base/java.lang.Class.getDeclaredConstructors(Class.java:2316)
	at org.jvnet.hk2.internal.Utilities$3.run(Utilities.java:1308)
	at org.jvnet.hk2.internal.Utilities$3.run(Utilities.java:1304)
	at java.base/java.security.AccessController.doPrivileged(Native Method)
	at org.jvnet.hk2.internal.Utilities.getAllConstructors(Utilities.java:1304)
	at org.jvnet.hk2.internal.Utilities.findProducerConstructor(Utilities.java:1247)
	at org.jvnet.hk2.internal.DefaultClassAnalyzer.getConstructor(DefaultClassAnalyzer.java:83)
	at org.glassfish.jersey.internal.inject.JerseyClassAnalyzer.getConstructor(JerseyClassAnalyzer.java:144)
	at org.jvnet.hk2.internal.Utilities.getConstructor(Utilities.java:178)
	at org.jvnet.hk2.internal.ClazzCreator.initialize(ClazzCreator.java:129)
	at org.jvnet.hk2.internal.ClazzCreator.initialize(ClazzCreator.java:180)
	at org.jvnet.hk2.internal.SystemDescriptor.internalReify(SystemDescriptor.java:740)
	at org.jvnet.hk2.internal.SystemDescriptor.reify(SystemDescriptor.java:694)
	at org.jvnet.hk2.internal.ServiceLocatorImpl.reifyDescriptor(ServiceLocatorImpl.java:461)
	at org.jvnet.hk2.internal.ServiceLocatorImpl.narrow(ServiceLocatorImpl.java:2288)
	at org.jvnet.hk2.internal.ServiceLocatorImpl.access$1200(ServiceLocatorImpl.java:125)
	at org.jvnet.hk2.internal.ServiceLocatorImpl$9.compute(ServiceLocatorImpl.java:1373)
	at org.jvnet.hk2.internal.ServiceLocatorImpl$9.compute(ServiceLocatorImpl.java:1368)
	at org.glassfish.hk2.utilities.cache.internal.WeakCARCacheImpl.compute(WeakCARCacheImpl.java:116)
	at org.jvnet.hk2.internal.ServiceLocatorImpl.internalGetAllServiceHandles(ServiceLocatorImpl.java:1430)
	at org.jvnet.hk2.internal.ServiceLocatorImpl.getAllServiceHandles(ServiceLocatorImpl.java:1355)
	at org.jvnet.hk2.internal.ServiceLocatorImpl.getAllServiceHandles(ServiceLocatorImpl.java:1344)
	at org.glassfish.jersey.internal.inject.Providers.getServiceHandles(Providers.java:354)
	at org.glassfish.jersey.internal.inject.Providers.getProviders(Providers.java:187)
	at org.glassfish.jersey.message.internal.MessageBodyFactory.&lt;init&gt;(MessageBodyFactory.java:248)
	at java.base/jdk.internal.reflect.NativeConstructorAccessorImpl.newInstance0(Native Method)
	at java.base/jdk.internal.reflect.NativeConstructorAccessorImpl.newInstance(NativeConstructorAccessorImpl.java:62)
	at java.base/jdk.internal.reflect.DelegatingConstructorAccessorImpl.newInstance(DelegatingConstructorAccessorImpl.java:45)
	at java.base/java.lang.reflect.Constructor.newInstance(Constructor.java:488)
	at org.glassfish.hk2.utilities.reflection.ReflectionHelper.makeMe(ReflectionHelper.java:1375)
	at org.jvnet.hk2.internal.ClazzCreator.createMe(ClazzCreator.java:272)
	at org.jvnet.hk2.internal.ClazzCreator.create(ClazzCreator.java:366)
	at org.jvnet.hk2.internal.SystemDescriptor.create(SystemDescriptor.java:487)
	at org.jvnet.hk2.internal.SingletonContext$1.compute(SingletonContext.java:83)
	at org.jvnet.hk2.internal.SingletonContext$1.compute(SingletonContext.java:71)
	at org.glassfish.hk2.utilities.cache.Cache$OriginThreadAwareFuture$1.call(Cache.java:97)
	at java.base/java.util.concurrent.FutureTask.run(FutureTask.java:264)
	at org.glassfish.hk2.utilities.cache.Cache$OriginThreadAwareFuture.run(Cache.java:154)
	at org.glassfish.hk2.utilities.cache.Cache.compute(Cache.java:199)
	at org.jvnet.hk2.internal.SingletonContext.findOrCreate(SingletonContext.java:122)
	at org.jvnet.hk2.internal.Utilities.createService(Utilities.java:2022)
	at org.jvnet.hk2.internal.ServiceLocatorImpl.internalGetService(ServiceLocatorImpl.java:774)
	at org.jvnet.hk2.internal.ServiceLocatorImpl.internalGetService(ServiceLocatorImpl.java:737)
	at org.jvnet.hk2.internal.ServiceLocatorImpl.getService(ServiceLocatorImpl.java:707)
	at org.glassfish.jersey.server.model.ComponentModelValidator.&lt;init&gt;(ComponentModelValidator.java:97)
	at org.glassfish.jersey.server.ApplicationHandler.initialize(ApplicationHandler.java:549)
	at org.glassfish.jersey.server.ApplicationHandler.access$500(ApplicationHandler.java:184)
	at org.glassfish.jersey.server.ApplicationHandler$3.call(ApplicationHandler.java:350)
	at org.glassfish.jersey.server.ApplicationHandler$3.call(ApplicationHandler.java:347)
	at org.glassfish.jersey.internal.Errors.process(Errors.java:315)
	at org.glassfish.jersey.internal.Errors.process(Errors.java:297)
	at org.glassfish.jersey.internal.Errors.processWithException(Errors.java:255)
	at org.glassfish.jersey.server.ApplicationHandler.&lt;init&gt;(ApplicationHandler.java:347)
	at org.glassfish.jersey.server.ApplicationHandler.&lt;init&gt;(ApplicationHandler.java:311)
	at org.glassfish.jersey.grizzly2.httpserver.GrizzlyHttpContainer.&lt;init&gt;(GrizzlyHttpContainer.java:337)
	at org.glassfish.jersey.grizzly2.httpserver.GrizzlyHttpServerFactory.createHttpServer(GrizzlyHttpServerFactory.java:119)
	at com.example.Main.startServer(Main.java:30)
	at com.example.MyResourceTest.setUp(MyResourceTest.java:22)
	at java.base/jdk.internal.reflect.NativeMethodAccessorImpl.invoke0(Native Method)
	at java.base/jdk.internal.reflect.NativeMethodAccessorImpl.invoke(NativeMethodAccessorImpl.java:62)
	at java.base/jdk.internal.reflect.DelegatingMethodAccessorImpl.invoke(DelegatingMethodAccessorImpl.java:43)
	at java.base/java.lang.reflect.Method.invoke(Method.java:564)
	at org.junit.runners.model.FrameworkMethod$1.runReflectiveCall(FrameworkMethod.java:44)
	at org.junit.internal.runners.model.ReflectiveCallable.run(ReflectiveCallable.java:15)
	at org.junit.runners.model.FrameworkMethod.invokeExplosively(FrameworkMethod.java:41)
	at org.junit.internal.runners.statements.RunBefores.evaluate(RunBefores.java:27)
	at org.junit.internal.runners.statements.RunAfters.evaluate(RunAfters.java:31)
	at org.junit.runners.ParentRunner.runLeaf(ParentRunner.java:263)
	at org.junit.runners.BlockJUnit4ClassRunner.runChild(BlockJUnit4ClassRunner.java:69)
	at org.junit.runners.BlockJUnit4ClassRunner.runChild(BlockJUnit4ClassRunner.java:48)
	at org.junit.runners.ParentRunner$3.run(ParentRunner.java:231)
	at org.junit.runners.ParentRunner$1.schedule(ParentRunner.java:60)
	at org.junit.runners.ParentRunner.runChildren(ParentRunner.java:229)
	at org.junit.runners.ParentRunner.access$000(ParentRunner.java:50)
	at org.junit.runners.ParentRunner$2.evaluate(ParentRunner.java:222)
	at org.junit.runners.ParentRunner.run(ParentRunner.java:292)
	at org.apache.maven.surefire.junit4.JUnit4Provider.execute(JUnit4Provider.java:252)
	at org.apache.maven.surefire.junit4.JUnit4Provider.executeTestSet(JUnit4Provider.java:141)
	at org.apache.maven.surefire.junit4.JUnit4Provider.invoke(JUnit4Provider.java:112)
	at java.base/jdk.internal.reflect.NativeMethodAccessorImpl.invoke0(Native Method)
	at java.base/jdk.internal.reflect.NativeMethodAccessorImpl.invoke(NativeMethodAccessorImpl.java:62)
	at java.base/jdk.internal.reflect.DelegatingMethodAccessorImpl.invoke(DelegatingMethodAccessorImpl.java:43)
	at java.base/java.lang.reflect.Method.invoke(Method.java:564)
	at org.apache.maven.surefire.util.ReflectionUtils.invokeMethodWithArray(ReflectionUtils.java:189)
	at org.apache.maven.surefire.booter.ProviderFactory$ProviderProxy.invoke(ProviderFactory.java:165)
	at org.apache.maven.surefire.booter.ProviderFactory.invokeProvider(ProviderFactory.java:85)
	at org.apache.maven.surefire.booter.ForkedBooter.runSuitesInProcess(ForkedBooter.java:115)
	at org.apache.maven.surefire.booter.ForkedBooter.main(ForkedBooter.java:75)
Caused by: java.lang.ClassNotFoundException: javax.activation.DataSource
	at java.base/jdk.internal.loader.BuiltinClassLoader.loadClass(BuiltinClassLoader.java:582)
	at java.base/jdk.internal.loader.ClassLoaders$AppClassLoader.loadClass(ClassLoaders.java:190)
	at java.base/java.lang.ClassLoader.loadClass(ClassLoader.java:499)
	... 90 more
MultiException stack 2 of 2
java.lang.IllegalArgumentException: Errors were discovered while reifying SystemDescriptor(
	implementation=org.glassfish.jersey.message.internal.DataSourceProvider
	contracts={javax.ws.rs.ext.MessageBodyWriter,javax.ws.rs.ext.MessageBodyReader}
	scope=javax.inject.Singleton
	qualifiers={}
	descriptorType=CLASS
	descriptorVisibility=NORMAL
	metadata=
	rank=0
	loader=org.glassfish.hk2.utilities.binding.AbstractBinder$2@2e1ef60
	proxiable=null
	proxyForSameScope=null
	analysisName=null
	id=51
	locatorId=0
	identityHashCode=573926093
	reified=false)
	at org.jvnet.hk2.internal.SystemDescriptor.reify(SystemDescriptor.java:705)
	at org.jvnet.hk2.internal.ServiceLocatorImpl.reifyDescriptor(ServiceLocatorImpl.java:461)
	at org.jvnet.hk2.internal.ServiceLocatorImpl.narrow(ServiceLocatorImpl.java:2288)
	at org.jvnet.hk2.internal.ServiceLocatorImpl.access$1200(ServiceLocatorImpl.java:125)
	at org.jvnet.hk2.internal.ServiceLocatorImpl$9.compute(ServiceLocatorImpl.java:1373)
	at org.jvnet.hk2.internal.ServiceLocatorImpl$9.compute(ServiceLocatorImpl.java:1368)
	at org.glassfish.hk2.utilities.cache.internal.WeakCARCacheImpl.compute(WeakCARCacheImpl.java:116)
	at org.jvnet.hk2.internal.ServiceLocatorImpl.internalGetAllServiceHandles(ServiceLocatorImpl.java:1430)
	at org.jvnet.hk2.internal.ServiceLocatorImpl.getAllServiceHandles(ServiceLocatorImpl.java:1355)
	at org.jvnet.hk2.internal.ServiceLocatorImpl.getAllServiceHandles(ServiceLocatorImpl.java:1344)
	at org.glassfish.jersey.internal.inject.Providers.getServiceHandles(Providers.java:354)
	at org.glassfish.jersey.internal.inject.Providers.getProviders(Providers.java:187)
	at org.glassfish.jersey.message.internal.MessageBodyFactory.&lt;init&gt;(MessageBodyFactory.java:248)
	at java.base/jdk.internal.reflect.NativeConstructorAccessorImpl.newInstance0(Native Method)
	at java.base/jdk.internal.reflect.NativeConstructorAccessorImpl.newInstance(NativeConstructorAccessorImpl.java:62)
	at java.base/jdk.internal.reflect.DelegatingConstructorAccessorImpl.newInstance(DelegatingConstructorAccessorImpl.java:45)
	at java.base/java.lang.reflect.Constructor.newInstance(Constructor.java:488)
	at org.glassfish.hk2.utilities.reflection.ReflectionHelper.makeMe(ReflectionHelper.java:1375)
	at org.jvnet.hk2.internal.ClazzCreator.createMe(ClazzCreator.java:272)
	at org.jvnet.hk2.internal.ClazzCreator.create(ClazzCreator.java:366)
	at org.jvnet.hk2.internal.SystemDescriptor.create(SystemDescriptor.java:487)
	at org.jvnet.hk2.internal.SingletonContext$1.compute(SingletonContext.java:83)
	at org.jvnet.hk2.internal.SingletonContext$1.compute(SingletonContext.java:71)
	at org.glassfish.hk2.utilities.cache.Cache$OriginThreadAwareFuture$1.call(Cache.java:97)
	at java.base/java.util.concurrent.FutureTask.run(FutureTask.java:264)
	at org.glassfish.hk2.utilities.cache.Cache$OriginThreadAwareFuture.run(Cache.java:154)
	at org.glassfish.hk2.utilities.cache.Cache.compute(Cache.java:199)
	at org.jvnet.hk2.internal.SingletonContext.findOrCreate(SingletonContext.java:122)
	at org.jvnet.hk2.internal.Utilities.createService(Utilities.java:2022)
	at org.jvnet.hk2.internal.ServiceLocatorImpl.internalGetService(ServiceLocatorImpl.java:774)
	at org.jvnet.hk2.internal.ServiceLocatorImpl.internalGetService(ServiceLocatorImpl.java:737)
	at org.jvnet.hk2.internal.ServiceLocatorImpl.getService(ServiceLocatorImpl.java:707)
	at org.glassfish.jersey.server.model.ComponentModelValidator.&lt;init&gt;(ComponentModelValidator.java:97)
	at org.glassfish.jersey.server.ApplicationHandler.initialize(ApplicationHandler.java:549)
	at org.glassfish.jersey.server.ApplicationHandler.access$500(ApplicationHandler.java:184)
	at org.glassfish.jersey.server.ApplicationHandler$3.call(ApplicationHandler.java:350)
	at org.glassfish.jersey.server.ApplicationHandler$3.call(ApplicationHandler.java:347)
	at org.glassfish.jersey.internal.Errors.process(Errors.java:315)
	at org.glassfish.jersey.internal.Errors.process(Errors.java:297)
	at org.glassfish.jersey.internal.Errors.processWithException(Errors.java:255)
	at org.glassfish.jersey.server.ApplicationHandler.&lt;init&gt;(ApplicationHandler.java:347)
	at org.glassfish.jersey.server.ApplicationHandler.&lt;init&gt;(ApplicationHandler.java:311)
	at org.glassfish.jersey.grizzly2.httpserver.GrizzlyHttpContainer.&lt;init&gt;(GrizzlyHttpContainer.java:337)
	at org.glassfish.jersey.grizzly2.httpserver.GrizzlyHttpServerFactory.createHttpServer(GrizzlyHttpServerFactory.java:119)
	at com.example.Main.startServer(Main.java:30)
	at com.example.MyResourceTest.setUp(MyResourceTest.java:22)
	at java.base/jdk.internal.reflect.NativeMethodAccessorImpl.invoke0(Native Method)
	at java.base/jdk.internal.reflect.NativeMethodAccessorImpl.invoke(NativeMethodAccessorImpl.java:62)
	at java.base/jdk.internal.reflect.DelegatingMethodAccessorImpl.invoke(DelegatingMethodAccessorImpl.java:43)
	at java.base/java.lang.reflect.Method.invoke(Method.java:564)
	at org.junit.runners.model.FrameworkMethod$1.runReflectiveCall(FrameworkMethod.java:44)
	at org.junit.internal.runners.model.ReflectiveCallable.run(ReflectiveCallable.java:15)
	at org.junit.runners.model.FrameworkMethod.invokeExplosively(FrameworkMethod.java:41)
	at org.junit.internal.runners.statements.RunBefores.evaluate(RunBefores.java:27)
	at org.junit.internal.runners.statements.RunAfters.evaluate(RunAfters.java:31)
	at org.junit.runners.ParentRunner.runLeaf(ParentRunner.java:263)
	at org.junit.runners.BlockJUnit4ClassRunner.runChild(BlockJUnit4ClassRunner.java:69)
	at org.junit.runners.BlockJUnit4ClassRunner.runChild(BlockJUnit4ClassRunner.java:48)
	at org.junit.runners.ParentRunner$3.run(ParentRunner.java:231)
	at org.junit.runners.ParentRunner$1.schedule(ParentRunner.java:60)
	at org.junit.runners.ParentRunner.runChildren(ParentRunner.java:229)
	at org.junit.runners.ParentRunner.access$000(ParentRunner.java:50)
	at org.junit.runners.ParentRunner$2.evaluate(ParentRunner.java:222)
	at org.junit.runners.ParentRunner.run(ParentRunner.java:292)
	at org.apache.maven.surefire.junit4.JUnit4Provider.execute(JUnit4Provider.java:252)
	at org.apache.maven.surefire.junit4.JUnit4Provider.executeTestSet(JUnit4Provider.java:141)
	at org.apache.maven.surefire.junit4.JUnit4Provider.invoke(JUnit4Provider.java:112)
	at java.base/jdk.internal.reflect.NativeMethodAccessorImpl.invoke0(Native Method)
	at java.base/jdk.internal.reflect.NativeMethodAccessorImpl.invoke(NativeMethodAccessorImpl.java:62)
	at java.base/jdk.internal.reflect.DelegatingMethodAccessorImpl.invoke(DelegatingMethodAccessorImpl.java:43)
	at java.base/java.lang.reflect.Method.invoke(Method.java:564)
	at org.apache.maven.surefire.util.ReflectionUtils.invokeMethodWithArray(ReflectionUtils.java:189)
	at org.apache.maven.surefire.booter.ProviderFactory$ProviderProxy.invoke(ProviderFactory.java:165)
	at org.apache.maven.surefire.booter.ProviderFactory.invokeProvider(ProviderFactory.java:85)
	at org.apache.maven.surefire.booter.ForkedBooter.runSuitesInProcess(ForkedBooter.java:115)
	at org.apache.maven.surefire.booter.ForkedBooter.main(ForkedBooter.java:75)

WARNING: HK2 service reification failed for [org.glassfish.jersey.jaxb.internal.XmlJaxbElementProvider$App] with an exception:
MultiException stack 1 of 2
java.lang.NoClassDefFoundError: javax/xml/bind/PropertyException
	at java.base/java.lang.Class.getDeclaredConstructors0(Native Method)
	at java.base/java.lang.Class.privateGetDeclaredConstructors(Class.java:3090)
	at java.base/java.lang.Class.getDeclaredConstructors(Class.java:2316)
	at org.jvnet.hk2.internal.Utilities$3.run(Utilities.java:1308)
	at org.jvnet.hk2.internal.Utilities$3.run(Utilities.java:1304)
	at java.base/java.security.AccessController.doPrivileged(Native Method)
	at org.jvnet.hk2.internal.Utilities.getAllConstructors(Utilities.java:1304)
	at org.jvnet.hk2.internal.Utilities.findProducerConstructor(Utilities.java:1247)
	at org.jvnet.hk2.internal.DefaultClassAnalyzer.getConstructor(DefaultClassAnalyzer.java:83)
	at org.glassfish.jersey.internal.inject.JerseyClassAnalyzer.getConstructor(JerseyClassAnalyzer.java:144)
	at org.jvnet.hk2.internal.Utilities.getConstructor(Utilities.java:178)
	at org.jvnet.hk2.internal.ClazzCreator.initialize(ClazzCreator.java:129)
	at org.jvnet.hk2.internal.ClazzCreator.initialize(ClazzCreator.java:180)
	at org.jvnet.hk2.internal.SystemDescriptor.internalReify(SystemDescriptor.java:740)
	at org.jvnet.hk2.internal.SystemDescriptor.reify(SystemDescriptor.java:694)
	at org.jvnet.hk2.internal.ServiceLocatorImpl.reifyDescriptor(ServiceLocatorImpl.java:461)
	at org.jvnet.hk2.internal.ServiceLocatorImpl.narrow(ServiceLocatorImpl.java:2288)
	at org.jvnet.hk2.internal.ServiceLocatorImpl.access$1200(ServiceLocatorImpl.java:125)
	at org.jvnet.hk2.internal.ServiceLocatorImpl$9.compute(ServiceLocatorImpl.java:1373)
	at org.jvnet.hk2.internal.ServiceLocatorImpl$9.compute(ServiceLocatorImpl.java:1368)
	at org.glassfish.hk2.utilities.cache.internal.WeakCARCacheImpl.compute(WeakCARCacheImpl.java:116)
	at org.jvnet.hk2.internal.ServiceLocatorImpl.internalGetAllServiceHandles(ServiceLocatorImpl.java:1430)
	at org.jvnet.hk2.internal.ServiceLocatorImpl.getAllServiceHandles(ServiceLocatorImpl.java:1355)
	at org.jvnet.hk2.internal.ServiceLocatorImpl.getAllServiceHandles(ServiceLocatorImpl.java:1344)
	at org.glassfish.jersey.internal.inject.Providers.getServiceHandles(Providers.java:354)
	at org.glassfish.jersey.internal.inject.Providers.getProviders(Providers.java:187)
	at org.glassfish.jersey.message.internal.MessageBodyFactory.&lt;init&gt;(MessageBodyFactory.java:248)
	at java.base/jdk.internal.reflect.NativeConstructorAccessorImpl.newInstance0(Native Method)
	at java.base/jdk.internal.reflect.NativeConstructorAccessorImpl.newInstance(NativeConstructorAccessorImpl.java:62)
	at java.base/jdk.internal.reflect.DelegatingConstructorAccessorImpl.newInstance(DelegatingConstructorAccessorImpl.java:45)
	at java.base/java.lang.reflect.Constructor.newInstance(Constructor.java:488)
	at org.glassfish.hk2.utilities.reflection.ReflectionHelper.makeMe(ReflectionHelper.java:1375)
	at org.jvnet.hk2.internal.ClazzCreator.createMe(ClazzCreator.java:272)
	at org.jvnet.hk2.internal.ClazzCreator.create(ClazzCreator.java:366)
	at org.jvnet.hk2.internal.SystemDescriptor.create(SystemDescriptor.java:487)
	at org.jvnet.hk2.internal.SingletonContext$1.compute(SingletonContext.java:83)
	at org.jvnet.hk2.internal.SingletonContext$1.compute(SingletonContext.java:71)
	at org.glassfish.hk2.utilities.cache.Cache$OriginThreadAwareFuture$1.call(Cache.java:97)
	at java.base/java.util.concurrent.FutureTask.run(FutureTask.java:264)
	at org.glassfish.hk2.utilities.cache.Cache$OriginThreadAwareFuture.run(Cache.java:154)
	at org.glassfish.hk2.utilities.cache.Cache.compute(Cache.java:199)
	at org.jvnet.hk2.internal.SingletonContext.findOrCreate(SingletonContext.java:122)
	at org.jvnet.hk2.internal.Utilities.createService(Utilities.java:2022)
	at org.jvnet.hk2.internal.ServiceLocatorImpl.internalGetService(ServiceLocatorImpl.java:774)
	at org.jvnet.hk2.internal.ServiceLocatorImpl.internalGetService(ServiceLocatorImpl.java:737)
	at org.jvnet.hk2.internal.ServiceLocatorImpl.getService(ServiceLocatorImpl.java:707)
	at org.glassfish.jersey.server.model.ComponentModelValidator.&lt;init&gt;(ComponentModelValidator.java:97)
	at org.glassfish.jersey.server.ApplicationHandler.initialize(ApplicationHandler.java:549)
	at org.glassfish.jersey.server.ApplicationHandler.access$500(ApplicationHandler.java:184)
	at org.glassfish.jersey.server.ApplicationHandler$3.call(ApplicationHandler.java:350)
	at org.glassfish.jersey.server.ApplicationHandler$3.call(ApplicationHandler.java:347)
	at org.glassfish.jersey.internal.Errors.process(Errors.java:315)
	at org.glassfish.jersey.internal.Errors.process(Errors.java:297)
	at org.glassfish.jersey.internal.Errors.processWithException(Errors.java:255)
	at org.glassfish.jersey.server.ApplicationHandler.&lt;init&gt;(ApplicationHandler.java:347)
	at org.glassfish.jersey.server.ApplicationHandler.&lt;init&gt;(ApplicationHandler.java:311)
	at org.glassfish.jersey.grizzly2.httpserver.GrizzlyHttpContainer.&lt;init&gt;(GrizzlyHttpContainer.java:337)
	at org.glassfish.jersey.grizzly2.httpserver.GrizzlyHttpServerFactory.createHttpServer(GrizzlyHttpServerFactory.java:119)
	at com.example.Main.startServer(Main.java:30)
	at com.example.MyResourceTest.setUp(MyResourceTest.java:22)
	at java.base/jdk.internal.reflect.NativeMethodAccessorImpl.invoke0(Native Method)
	at java.base/jdk.internal.reflect.NativeMethodAccessorImpl.invoke(NativeMethodAccessorImpl.java:62)
	at java.base/jdk.internal.reflect.DelegatingMethodAccessorImpl.invoke(DelegatingMethodAccessorImpl.java:43)
	at java.base/java.lang.reflect.Method.invoke(Method.java:564)
	at org.junit.runners.model.FrameworkMethod$1.runReflectiveCall(FrameworkMethod.java:44)
	at org.junit.internal.runners.model.ReflectiveCallable.run(ReflectiveCallable.java:15)
	at org.junit.runners.model.FrameworkMethod.invokeExplosively(FrameworkMethod.java:41)
	at org.junit.internal.runners.statements.RunBefores.evaluate(RunBefores.java:27)
	at org.junit.internal.runners.statements.RunAfters.evaluate(RunAfters.java:31)
	at org.junit.runners.ParentRunner.runLeaf(ParentRunner.java:263)
	at org.junit.runners.BlockJUnit4ClassRunner.runChild(BlockJUnit4ClassRunner.java:69)
	at org.junit.runners.BlockJUnit4ClassRunner.runChild(BlockJUnit4ClassRunner.java:48)
	at org.junit.runners.ParentRunner$3.run(ParentRunner.java:231)
	at org.junit.runners.ParentRunner$1.schedule(ParentRunner.java:60)
	at org.junit.runners.ParentRunner.runChildren(ParentRunner.java:229)
	at org.junit.runners.ParentRunner.access$000(ParentRunner.java:50)
	at org.junit.runners.ParentRunner$2.evaluate(ParentRunner.java:222)
	at org.junit.runners.ParentRunner.run(ParentRunner.java:292)
	at org.apache.maven.surefire.junit4.JUnit4Provider.execute(JUnit4Provider.java:252)
	at org.apache.maven.surefire.junit4.JUnit4Provider.executeTestSet(JUnit4Provider.java:141)
	at org.apache.maven.surefire.junit4.JUnit4Provider.invoke(JUnit4Provider.java:112)
	at java.base/jdk.internal.reflect.NativeMethodAccessorImpl.invoke0(Native Method)
	at java.base/jdk.internal.reflect.NativeMethodAccessorImpl.invoke(NativeMethodAccessorImpl.java:62)
	at java.base/jdk.internal.reflect.DelegatingMethodAccessorImpl.invoke(DelegatingMethodAccessorImpl.java:43)
	at java.base/java.lang.reflect.Method.invoke(Method.java:564)
	at org.apache.maven.surefire.util.ReflectionUtils.invokeMethodWithArray(ReflectionUtils.java:189)
	at org.apache.maven.surefire.booter.ProviderFactory$ProviderProxy.invoke(ProviderFactory.java:165)
	at org.apache.maven.surefire.booter.ProviderFactory.invokeProvider(ProviderFactory.java:85)
	at org.apache.maven.surefire.booter.ForkedBooter.runSuitesInProcess(ForkedBooter.java:115)
	at org.apache.maven.surefire.booter.ForkedBooter.main(ForkedBooter.java:75)
Caused by: java.lang.ClassNotFoundException: javax.xml.bind.PropertyException
	at java.base/jdk.internal.loader.BuiltinClassLoader.loadClass(BuiltinClassLoader.java:582)
	at java.base/jdk.internal.loader.ClassLoaders$AppClassLoader.loadClass(ClassLoaders.java:190)
	at java.base/java.lang.ClassLoader.loadClass(ClassLoader.java:499)
	... 90 more
MultiException stack 2 of 2
java.lang.IllegalArgumentException: Errors were discovered while reifying SystemDescriptor(
	implementation=org.glassfish.jersey.jaxb.internal.XmlJaxbElementProvider$App
	contracts={javax.ws.rs.ext.MessageBodyWriter,javax.ws.rs.ext.MessageBodyReader}
	scope=javax.inject.Singleton
	qualifiers={}
	descriptorType=CLASS
	descriptorVisibility=NORMAL
	metadata=
	rank=0
	loader=org.glassfish.hk2.utilities.binding.AbstractBinder$2@16fdec90
	proxiable=null
	proxyForSameScope=null
	analysisName=null
	id=101
	locatorId=0
	identityHashCode=452842611
	reified=false)
	at org.jvnet.hk2.internal.SystemDescriptor.reify(SystemDescriptor.java:705)
	at org.jvnet.hk2.internal.ServiceLocatorImpl.reifyDescriptor(ServiceLocatorImpl.java:461)
	at org.jvnet.hk2.internal.ServiceLocatorImpl.narrow(ServiceLocatorImpl.java:2288)
	at org.jvnet.hk2.internal.ServiceLocatorImpl.access$1200(ServiceLocatorImpl.java:125)
	at org.jvnet.hk2.internal.ServiceLocatorImpl$9.compute(ServiceLocatorImpl.java:1373)
	at org.jvnet.hk2.internal.ServiceLocatorImpl$9.compute(ServiceLocatorImpl.java:1368)
	at org.glassfish.hk2.utilities.cache.internal.WeakCARCacheImpl.compute(WeakCARCacheImpl.java:116)
	at org.jvnet.hk2.internal.ServiceLocatorImpl.internalGetAllServiceHandles(ServiceLocatorImpl.java:1430)
	at org.jvnet.hk2.internal.ServiceLocatorImpl.getAllServiceHandles(ServiceLocatorImpl.java:1355)
	at org.jvnet.hk2.internal.ServiceLocatorImpl.getAllServiceHandles(ServiceLocatorImpl.java:1344)
	at org.glassfish.jersey.internal.inject.Providers.getServiceHandles(Providers.java:354)
	at org.glassfish.jersey.internal.inject.Providers.getProviders(Providers.java:187)
	at org.glassfish.jersey.message.internal.MessageBodyFactory.&lt;init&gt;(MessageBodyFactory.java:248)
	at java.base/jdk.internal.reflect.NativeConstructorAccessorImpl.newInstance0(Native Method)
	at java.base/jdk.internal.reflect.NativeConstructorAccessorImpl.newInstance(NativeConstructorAccessorImpl.java:62)
	at java.base/jdk.internal.reflect.DelegatingConstructorAccessorImpl.newInstance(DelegatingConstructorAccessorImpl.java:45)
	at java.base/java.lang.reflect.Constructor.newInstance(Constructor.java:488)
	at org.glassfish.hk2.utilities.reflection.ReflectionHelper.makeMe(ReflectionHelper.java:1375)
	at org.jvnet.hk2.internal.ClazzCreator.createMe(ClazzCreator.java:272)
	at org.jvnet.hk2.internal.ClazzCreator.create(ClazzCreator.java:366)
	at org.jvnet.hk2.internal.SystemDescriptor.create(SystemDescriptor.java:487)
	at org.jvnet.hk2.internal.SingletonContext$1.compute(SingletonContext.java:83)
	at org.jvnet.hk2.internal.SingletonContext$1.compute(SingletonContext.java:71)
	at org.glassfish.hk2.utilities.cache.Cache$OriginThreadAwareFuture$1.call(Cache.java:97)
	at java.base/java.util.concurrent.FutureTask.run(FutureTask.java:264)
	at org.glassfish.hk2.utilities.cache.Cache$OriginThreadAwareFuture.run(Cache.java:154)
	at org.glassfish.hk2.utilities.cache.Cache.compute(Cache.java:199)
	at org.jvnet.hk2.internal.SingletonContext.findOrCreate(SingletonContext.java:122)
	at org.jvnet.hk2.internal.Utilities.createService(Utilities.java:2022)
	at org.jvnet.hk2.internal.ServiceLocatorImpl.internalGetService(ServiceLocatorImpl.java:774)
	at org.jvnet.hk2.internal.ServiceLocatorImpl.internalGetService(ServiceLocatorImpl.java:737)
	at org.jvnet.hk2.internal.ServiceLocatorImpl.getService(ServiceLocatorImpl.java:707)
	at org.glassfish.jersey.server.model.ComponentModelValidator.&lt;init&gt;(ComponentModelValidator.java:97)
	at org.glassfish.jersey.server.ApplicationHandler.initialize(ApplicationHandler.java:549)
	at org.glassfish.jersey.server.ApplicationHandler.access$500(ApplicationHandler.java:184)
	at org.glassfish.jersey.server.ApplicationHandler$3.call(ApplicationHandler.java:350)
	at org.glassfish.jersey.server.ApplicationHandler$3.call(ApplicationHandler.java:347)
	at org.glassfish.jersey.internal.Errors.process(Errors.java:315)
	at org.glassfish.jersey.internal.Errors.process(Errors.java:297)
	at org.glassfish.jersey.internal.Errors.processWithException(Errors.java:255)
	at org.glassfish.jersey.server.ApplicationHandler.&lt;init&gt;(ApplicationHandler.java:347)
	at org.glassfish.jersey.server.ApplicationHandler.&lt;init&gt;(ApplicationHandler.java:311)
	at org.glassfish.jersey.grizzly2.httpserver.GrizzlyHttpContainer.&lt;init&gt;(GrizzlyHttpContainer.java:337)
	at org.glassfish.jersey.grizzly2.httpserver.GrizzlyHttpServerFactory.createHttpServer(GrizzlyHttpServerFactory.java:119)
	at com.example.Main.startServer(Main.java:30)
	at com.example.MyResourceTest.setUp(MyResourceTest.java:22)
	at java.base/jdk.internal.reflect.NativeMethodAccessorImpl.invoke0(Native Method)
	at java.base/jdk.internal.reflect.NativeMethodAccessorImpl.invoke(NativeMethodAccessorImpl.java:62)
	at java.base/jdk.internal.reflect.DelegatingMethodAccessorImpl.invoke(DelegatingMethodAccessorImpl.java:43)
	at java.base/java.lang.reflect.Method.invoke(Method.java:564)
	at org.junit.runners.model.FrameworkMethod$1.runReflectiveCall(FrameworkMethod.java:44)
	at org.junit.internal.runners.model.ReflectiveCallable.run(ReflectiveCallable.java:15)
	at org.junit.runners.model.FrameworkMethod.invokeExplosively(FrameworkMethod.java:41)
	at org.junit.internal.runners.statements.RunBefores.evaluate(RunBefores.java:27)
	at org.junit.internal.runners.statements.RunAfters.evaluate(RunAfters.java:31)
	at org.junit.runners.ParentRunner.runLeaf(ParentRunner.java:263)
	at org.junit.runners.BlockJUnit4ClassRunner.runChild(BlockJUnit4ClassRunner.java:69)
	at org.junit.runners.BlockJUnit4ClassRunner.runChild(BlockJUnit4ClassRunner.java:48)
	at org.junit.runners.ParentRunner$3.run(ParentRunner.java:231)
	at org.junit.runners.ParentRunner$1.schedule(ParentRunner.java:60)
	at org.junit.runners.ParentRunner.runChildren(ParentRunner.java:229)
	at org.junit.runners.ParentRunner.access$000(ParentRunner.java:50)
	at org.junit.runners.ParentRunner$2.evaluate(ParentRunner.java:222)
	at org.junit.runners.ParentRunner.run(ParentRunner.java:292)
	at org.apache.maven.surefire.junit4.JUnit4Provider.execute(JUnit4Provider.java:252)
	at org.apache.maven.surefire.junit4.JUnit4Provider.executeTestSet(JUnit4Provider.java:141)
	at org.apache.maven.surefire.junit4.JUnit4Provider.invoke(JUnit4Provider.java:112)
	at java.base/jdk.internal.reflect.NativeMethodAccessorImpl.invoke0(Native Method)
	at java.base/jdk.internal.reflect.NativeMethodAccessorImpl.invoke(NativeMethodAccessorImpl.java:62)
	at java.base/jdk.internal.reflect.DelegatingMethodAccessorImpl.invoke(DelegatingMethodAccessorImpl.java:43)
	at java.base/java.lang.reflect.Method.invoke(Method.java:564)
	at org.apache.maven.surefire.util.ReflectionUtils.invokeMethodWithArray(ReflectionUtils.java:189)
	at org.apache.maven.surefire.booter.ProviderFactory$ProviderProxy.invoke(ProviderFactory.java:165)
	at org.apache.maven.surefire.booter.ProviderFactory.invokeProvider(ProviderFactory.java:85)
	at org.apache.maven.surefire.booter.ForkedBooter.runSuitesInProcess(ForkedBooter.java:115)
	at org.apache.maven.surefire.booter.ForkedBooter.main(ForkedBooter.java:75)

WARNING: HK2 service reification failed for [org.glassfish.jersey.jaxb.internal.XmlJaxbElementProvider$Text] with an exception:
MultiException stack 1 of 2
java.lang.NoClassDefFoundError: javax/xml/bind/PropertyException
	at java.base/java.lang.Class.getDeclaredConstructors0(Native Method)
	at java.base/java.lang.Class.privateGetDeclaredConstructors(Class.java:3090)
	at java.base/java.lang.Class.getDeclaredConstructors(Class.java:2316)
	at org.jvnet.hk2.internal.Utilities$3.run(Utilities.java:1308)
	at org.jvnet.hk2.internal.Utilities$3.run(Utilities.java:1304)
	at java.base/java.security.AccessController.doPrivileged(Native Method)
	at org.jvnet.hk2.internal.Utilities.getAllConstructors(Utilities.java:1304)
	at org.jvnet.hk2.internal.Utilities.findProducerConstructor(Utilities.java:1247)
	at org.jvnet.hk2.internal.DefaultClassAnalyzer.getConstructor(DefaultClassAnalyzer.java:83)
	at org.glassfish.jersey.internal.inject.JerseyClassAnalyzer.getConstructor(JerseyClassAnalyzer.java:144)
	at org.jvnet.hk2.internal.Utilities.getConstructor(Utilities.java:178)
	at org.jvnet.hk2.internal.ClazzCreator.initialize(ClazzCreator.java:129)
	at org.jvnet.hk2.internal.ClazzCreator.initialize(ClazzCreator.java:180)
	at org.jvnet.hk2.internal.SystemDescriptor.internalReify(SystemDescriptor.java:740)
	at org.jvnet.hk2.internal.SystemDescriptor.reify(SystemDescriptor.java:694)
	at org.jvnet.hk2.internal.ServiceLocatorImpl.reifyDescriptor(ServiceLocatorImpl.java:461)
	at org.jvnet.hk2.internal.ServiceLocatorImpl.narrow(ServiceLocatorImpl.java:2288)
	at org.jvnet.hk2.internal.ServiceLocatorImpl.access$1200(ServiceLocatorImpl.java:125)
	at org.jvnet.hk2.internal.ServiceLocatorImpl$9.compute(ServiceLocatorImpl.java:1373)
	at org.jvnet.hk2.internal.ServiceLocatorImpl$9.compute(ServiceLocatorImpl.java:1368)
	at org.glassfish.hk2.utilities.cache.internal.WeakCARCacheImpl.compute(WeakCARCacheImpl.java:116)
	at org.jvnet.hk2.internal.ServiceLocatorImpl.internalGetAllServiceHandles(ServiceLocatorImpl.java:1430)
	at org.jvnet.hk2.internal.ServiceLocatorImpl.getAllServiceHandles(ServiceLocatorImpl.java:1355)
	at org.jvnet.hk2.internal.ServiceLocatorImpl.getAllServiceHandles(ServiceLocatorImpl.java:1344)
	at org.glassfish.jersey.internal.inject.Providers.getServiceHandles(Providers.java:354)
	at org.glassfish.jersey.internal.inject.Providers.getProviders(Providers.java:187)
	at org.glassfish.jersey.message.internal.MessageBodyFactory.&lt;init&gt;(MessageBodyFactory.java:248)
	at java.base/jdk.internal.reflect.NativeConstructorAccessorImpl.newInstance0(Native Method)
	at java.base/jdk.internal.reflect.NativeConstructorAccessorImpl.newInstance(NativeConstructorAccessorImpl.java:62)
	at java.base/jdk.internal.reflect.DelegatingConstructorAccessorImpl.newInstance(DelegatingConstructorAccessorImpl.java:45)
	at java.base/java.lang.reflect.Constructor.newInstance(Constructor.java:488)
	at org.glassfish.hk2.utilities.reflection.ReflectionHelper.makeMe(ReflectionHelper.java:1375)
	at org.jvnet.hk2.internal.ClazzCreator.createMe(ClazzCreator.java:272)
	at org.jvnet.hk2.internal.ClazzCreator.create(ClazzCreator.java:366)
	at org.jvnet.hk2.internal.SystemDescriptor.create(SystemDescriptor.java:487)
	at org.jvnet.hk2.internal.SingletonContext$1.compute(SingletonContext.java:83)
	at org.jvnet.hk2.internal.SingletonContext$1.compute(SingletonContext.java:71)
	at org.glassfish.hk2.utilities.cache.Cache$OriginThreadAwareFuture$1.call(Cache.java:97)
	at java.base/java.util.concurrent.FutureTask.run(FutureTask.java:264)
	at org.glassfish.hk2.utilities.cache.Cache$OriginThreadAwareFuture.run(Cache.java:154)
	at org.glassfish.hk2.utilities.cache.Cache.compute(Cache.java:199)
	at org.jvnet.hk2.internal.SingletonContext.findOrCreate(SingletonContext.java:122)
	at org.jvnet.hk2.internal.Utilities.createService(Utilities.java:2022)
	at org.jvnet.hk2.internal.ServiceLocatorImpl.internalGetService(ServiceLocatorImpl.java:774)
	at org.jvnet.hk2.internal.ServiceLocatorImpl.internalGetService(ServiceLocatorImpl.java:737)
	at org.jvnet.hk2.internal.ServiceLocatorImpl.getService(ServiceLocatorImpl.java:707)
	at org.glassfish.jersey.server.model.ComponentModelValidator.&lt;init&gt;(ComponentModelValidator.java:97)
	at org.glassfish.jersey.server.ApplicationHandler.initialize(ApplicationHandler.java:549)
	at org.glassfish.jersey.server.ApplicationHandler.access$500(ApplicationHandler.java:184)
	at org.glassfish.jersey.server.ApplicationHandler$3.call(ApplicationHandler.java:350)
	at org.glassfish.jersey.server.ApplicationHandler$3.call(ApplicationHandler.java:347)
	at org.glassfish.jersey.internal.Errors.process(Errors.java:315)
	at org.glassfish.jersey.internal.Errors.process(Errors.java:297)
	at org.glassfish.jersey.internal.Errors.processWithException(Errors.java:255)
	at org.glassfish.jersey.server.ApplicationHandler.&lt;init&gt;(ApplicationHandler.java:347)
	at org.glassfish.jersey.server.ApplicationHandler.&lt;init&gt;(ApplicationHandler.java:311)
	at org.glassfish.jersey.grizzly2.httpserver.GrizzlyHttpContainer.&lt;init&gt;(GrizzlyHttpContainer.java:337)
	at org.glassfish.jersey.grizzly2.httpserver.GrizzlyHttpServerFactory.createHttpServer(GrizzlyHttpServerFactory.java:119)
	at com.example.Main.startServer(Main.java:30)
	at com.example.MyResourceTest.setUp(MyResourceTest.java:22)
	at java.base/jdk.internal.reflect.NativeMethodAccessorImpl.invoke0(Native Method)
	at java.base/jdk.internal.reflect.NativeMethodAccessorImpl.invoke(NativeMethodAccessorImpl.java:62)
	at java.base/jdk.internal.reflect.DelegatingMethodAccessorImpl.invoke(DelegatingMethodAccessorImpl.java:43)
	at java.base/java.lang.reflect.Method.invoke(Method.java:564)
	at org.junit.runners.model.FrameworkMethod$1.runReflectiveCall(FrameworkMethod.java:44)
	at org.junit.internal.runners.model.ReflectiveCallable.run(ReflectiveCallable.java:15)
	at org.junit.runners.model.FrameworkMethod.invokeExplosively(FrameworkMethod.java:41)
	at org.junit.internal.runners.statements.RunBefores.evaluate(RunBefores.java:27)
	at org.junit.internal.runners.statements.RunAfters.evaluate(RunAfters.java:31)
	at org.junit.runners.ParentRunner.runLeaf(ParentRunner.java:263)
	at org.junit.runners.BlockJUnit4ClassRunner.runChild(BlockJUnit4ClassRunner.java:69)
	at org.junit.runners.BlockJUnit4ClassRunner.runChild(BlockJUnit4ClassRunner.java:48)
	at org.junit.runners.ParentRunner$3.run(ParentRunner.java:231)
	at org.junit.runners.ParentRunner$1.schedule(ParentRunner.java:60)
	at org.junit.runners.ParentRunner.runChildren(ParentRunner.java:229)
	at org.junit.runners.ParentRunner.access$000(ParentRunner.java:50)
	at org.junit.runners.ParentRunner$2.evaluate(ParentRunner.java:222)
	at org.junit.runners.ParentRunner.run(ParentRunner.java:292)
	at org.apache.maven.surefire.junit4.JUnit4Provider.execute(JUnit4Provider.java:252)
	at org.apache.maven.surefire.junit4.JUnit4Provider.executeTestSet(JUnit4Provider.java:141)
	at org.apache.maven.surefire.junit4.JUnit4Provider.invoke(JUnit4Provider.java:112)
	at java.base/jdk.internal.reflect.NativeMethodAccessorImpl.invoke0(Native Method)
	at java.base/jdk.internal.reflect.NativeMethodAccessorImpl.invoke(NativeMethodAccessorImpl.java:62)
	at java.base/jdk.internal.reflect.DelegatingMethodAccessorImpl.invoke(DelegatingMethodAccessorImpl.java:43)
	at java.base/java.lang.reflect.Method.invoke(Method.java:564)
	at org.apache.maven.surefire.util.ReflectionUtils.invokeMethodWithArray(ReflectionUtils.java:189)
	at org.apache.maven.surefire.booter.ProviderFactory$ProviderProxy.invoke(ProviderFactory.java:165)
	at org.apache.maven.surefire.booter.ProviderFactory.invokeProvider(ProviderFactory.java:85)
	at org.apache.maven.surefire.booter.ForkedBooter.runSuitesInProcess(ForkedBooter.java:115)
	at org.apache.maven.surefire.booter.ForkedBooter.main(ForkedBooter.java:75)
Caused by: java.lang.ClassNotFoundException: javax.xml.bind.PropertyException
	at java.base/jdk.internal.loader.BuiltinClassLoader.loadClass(BuiltinClassLoader.java:582)
	at java.base/jdk.internal.loader.ClassLoaders$AppClassLoader.loadClass(ClassLoaders.java:190)
	at java.base/java.lang.ClassLoader.loadClass(ClassLoader.java:499)
	... 90 more
MultiException stack 2 of 2
java.lang.IllegalArgumentException: Errors were discovered while reifying SystemDescriptor(
	implementation=org.glassfish.jersey.jaxb.internal.XmlJaxbElementProvider$Text
	contracts={javax.ws.rs.ext.MessageBodyWriter,javax.ws.rs.ext.MessageBodyReader}
	scope=javax.inject.Singleton
	qualifiers={}
	descriptorType=CLASS
	descriptorVisibility=NORMAL
	metadata=
	rank=0
	loader=org.glassfish.hk2.utilities.binding.AbstractBinder$2@16fdec90
	proxiable=null
	proxyForSameScope=null
	analysisName=null
	id=102
	locatorId=0
	identityHashCode=2031588185
	reified=false)
	at org.jvnet.hk2.internal.SystemDescriptor.reify(SystemDescriptor.java:705)
	at org.jvnet.hk2.internal.ServiceLocatorImpl.reifyDescriptor(ServiceLocatorImpl.java:461)
	at org.jvnet.hk2.internal.ServiceLocatorImpl.narrow(ServiceLocatorImpl.java:2288)
	at org.jvnet.hk2.internal.ServiceLocatorImpl.access$1200(ServiceLocatorImpl.java:125)
	at org.jvnet.hk2.internal.ServiceLocatorImpl$9.compute(ServiceLocatorImpl.java:1373)
	at org.jvnet.hk2.internal.ServiceLocatorImpl$9.compute(ServiceLocatorImpl.java:1368)
	at org.glassfish.hk2.utilities.cache.internal.WeakCARCacheImpl.compute(WeakCARCacheImpl.java:116)
	at org.jvnet.hk2.internal.ServiceLocatorImpl.internalGetAllServiceHandles(ServiceLocatorImpl.java:1430)
	at org.jvnet.hk2.internal.ServiceLocatorImpl.getAllServiceHandles(ServiceLocatorImpl.java:1355)
	at org.jvnet.hk2.internal.ServiceLocatorImpl.getAllServiceHandles(ServiceLocatorImpl.java:1344)
	at org.glassfish.jersey.internal.inject.Providers.getServiceHandles(Providers.java:354)
	at org.glassfish.jersey.internal.inject.Providers.getProviders(Providers.java:187)
	at org.glassfish.jersey.message.internal.MessageBodyFactory.&lt;init&gt;(MessageBodyFactory.java:248)
	at java.base/jdk.internal.reflect.NativeConstructorAccessorImpl.newInstance0(Native Method)
	at java.base/jdk.internal.reflect.NativeConstructorAccessorImpl.newInstance(NativeConstructorAccessorImpl.java:62)
	at java.base/jdk.internal.reflect.DelegatingConstructorAccessorImpl.newInstance(DelegatingConstructorAccessorImpl.java:45)
	at java.base/java.lang.reflect.Constructor.newInstance(Constructor.java:488)
	at org.glassfish.hk2.utilities.reflection.ReflectionHelper.makeMe(ReflectionHelper.java:1375)
	at org.jvnet.hk2.internal.ClazzCreator.createMe(ClazzCreator.java:272)
	at org.jvnet.hk2.internal.ClazzCreator.create(ClazzCreator.java:366)
	at org.jvnet.hk2.internal.SystemDescriptor.create(SystemDescriptor.java:487)
	at org.jvnet.hk2.internal.SingletonContext$1.compute(SingletonContext.java:83)
	at org.jvnet.hk2.internal.SingletonContext$1.compute(SingletonContext.java:71)
	at org.glassfish.hk2.utilities.cache.Cache$OriginThreadAwareFuture$1.call(Cache.java:97)
	at java.base/java.util.concurrent.FutureTask.run(FutureTask.java:264)
	at org.glassfish.hk2.utilities.cache.Cache$OriginThreadAwareFuture.run(Cache.java:154)
	at org.glassfish.hk2.utilities.cache.Cache.compute(Cache.java:199)
	at org.jvnet.hk2.internal.SingletonContext.findOrCreate(SingletonContext.java:122)
	at org.jvnet.hk2.internal.Utilities.createService(Utilities.java:2022)
	at org.jvnet.hk2.internal.ServiceLocatorImpl.internalGetService(ServiceLocatorImpl.java:774)
	at org.jvnet.hk2.internal.ServiceLocatorImpl.internalGetService(ServiceLocatorImpl.java:737)
	at org.jvnet.hk2.internal.ServiceLocatorImpl.getService(ServiceLocatorImpl.java:707)
	at org.glassfish.jersey.server.model.ComponentModelValidator.&lt;init&gt;(ComponentModelValidator.java:97)
	at org.glassfish.jersey.server.ApplicationHandler.initialize(ApplicationHandler.java:549)
	at org.glassfish.jersey.server.ApplicationHandler.access$500(ApplicationHandler.java:184)
	at org.glassfish.jersey.server.ApplicationHandler$3.call(ApplicationHandler.java:350)
	at org.glassfish.jersey.server.ApplicationHandler$3.call(ApplicationHandler.java:347)
	at org.glassfish.jersey.internal.Errors.process(Errors.java:315)
	at org.glassfish.jersey.internal.Errors.process(Errors.java:297)
	at org.glassfish.jersey.internal.Errors.processWithException(Errors.java:255)
	at org.glassfish.jersey.server.ApplicationHandler.&lt;init&gt;(ApplicationHandler.java:347)
	at org.glassfish.jersey.server.ApplicationHandler.&lt;init&gt;(ApplicationHandler.java:311)
	at org.glassfish.jersey.grizzly2.httpserver.GrizzlyHttpContainer.&lt;init&gt;(GrizzlyHttpContainer.java:337)
	at org.glassfish.jersey.grizzly2.httpserver.GrizzlyHttpServerFactory.createHttpServer(GrizzlyHttpServerFactory.java:119)
	at com.example.Main.startServer(Main.java:30)
	at com.example.MyResourceTest.setUp(MyResourceTest.java:22)
	at java.base/jdk.internal.reflect.NativeMethodAccessorImpl.invoke0(Native Method)
	at java.base/jdk.internal.reflect.NativeMethodAccessorImpl.invoke(NativeMethodAccessorImpl.java:62)
	at java.base/jdk.internal.reflect.DelegatingMethodAccessorImpl.invoke(DelegatingMethodAccessorImpl.java:43)
	at java.base/java.lang.reflect.Method.invoke(Method.java:564)
	at org.junit.runners.model.FrameworkMethod$1.runReflectiveCall(FrameworkMethod.java:44)
	at org.junit.internal.runners.model.ReflectiveCallable.run(ReflectiveCallable.java:15)
	at org.junit.runners.model.FrameworkMethod.invokeExplosively(FrameworkMethod.java:41)
	at org.junit.internal.runners.statements.RunBefores.evaluate(RunBefores.java:27)
	at org.junit.internal.runners.statements.RunAfters.evaluate(RunAfters.java:31)
	at org.junit.runners.ParentRunner.runLeaf(ParentRunner.java:263)
	at org.junit.runners.BlockJUnit4ClassRunner.runChild(BlockJUnit4ClassRunner.java:69)
	at org.junit.runners.BlockJUnit4ClassRunner.runChild(BlockJUnit4ClassRunner.java:48)
	at org.junit.runners.ParentRunner$3.run(ParentRunner.java:231)
	at org.junit.runners.ParentRunner$1.schedule(ParentRunner.java:60)
	at org.junit.runners.ParentRunner.runChildren(ParentRunner.java:229)
	at org.junit.runners.ParentRunner.access$000(ParentRunner.java:50)
	at org.junit.runners.ParentRunner$2.evaluate(ParentRunner.java:222)
	at org.junit.runners.ParentRunner.run(ParentRunner.java:292)
	at org.apache.maven.surefire.junit4.JUnit4Provider.execute(JUnit4Provider.java:252)
	at org.apache.maven.surefire.junit4.JUnit4Provider.executeTestSet(JUnit4Provider.java:141)
	at org.apache.maven.surefire.junit4.JUnit4Provider.invoke(JUnit4Provider.java:112)
	at java.base/jdk.internal.reflect.NativeMethodAccessorImpl.invoke0(Native Method)
	at java.base/jdk.internal.reflect.NativeMethodAccessorImpl.invoke(NativeMethodAccessorImpl.java:62)
	at java.base/jdk.internal.reflect.DelegatingMethodAccessorImpl.invoke(DelegatingMethodAccessorImpl.java:43)
	at java.base/java.lang.reflect.Method.invoke(Method.java:564)
	at org.apache.maven.surefire.util.ReflectionUtils.invokeMethodWithArray(ReflectionUtils.java:189)
	at org.apache.maven.surefire.booter.ProviderFactory$ProviderProxy.invoke(ProviderFactory.java:165)
	at org.apache.maven.surefire.booter.ProviderFactory.invokeProvider(ProviderFactory.java:85)
	at org.apache.maven.surefire.booter.ForkedBooter.runSuitesInProcess(ForkedBooter.java:115)
	at org.apache.maven.surefire.booter.ForkedBooter.main(ForkedBooter.java:75)

WARNING: HK2 service reification failed for [org.glassfish.jersey.jaxb.internal.XmlJaxbElementProvider$General] with an exception:
MultiException stack 1 of 2
java.lang.NoClassDefFoundError: javax/xml/bind/PropertyException
	at java.base/java.lang.Class.getDeclaredConstructors0(Native Method)
	at java.base/java.lang.Class.privateGetDeclaredConstructors(Class.java:3090)
	at java.base/java.lang.Class.getDeclaredConstructors(Class.java:2316)
	at org.jvnet.hk2.internal.Utilities$3.run(Utilities.java:1308)
	at org.jvnet.hk2.internal.Utilities$3.run(Utilities.java:1304)
	at java.base/java.security.AccessController.doPrivileged(Native Method)
	at org.jvnet.hk2.internal.Utilities.getAllConstructors(Utilities.java:1304)
	at org.jvnet.hk2.internal.Utilities.findProducerConstructor(Utilities.java:1247)
	at org.jvnet.hk2.internal.DefaultClassAnalyzer.getConstructor(DefaultClassAnalyzer.java:83)
	at org.glassfish.jersey.internal.inject.JerseyClassAnalyzer.getConstructor(JerseyClassAnalyzer.java:144)
	at org.jvnet.hk2.internal.Utilities.getConstructor(Utilities.java:178)
	at org.jvnet.hk2.internal.ClazzCreator.initialize(ClazzCreator.java:129)
	at org.jvnet.hk2.internal.ClazzCreator.initialize(ClazzCreator.java:180)
	at org.jvnet.hk2.internal.SystemDescriptor.internalReify(SystemDescriptor.java:740)
	at org.jvnet.hk2.internal.SystemDescriptor.reify(SystemDescriptor.java:694)
	at org.jvnet.hk2.internal.ServiceLocatorImpl.reifyDescriptor(ServiceLocatorImpl.java:461)
	at org.jvnet.hk2.internal.ServiceLocatorImpl.narrow(ServiceLocatorImpl.java:2288)
	at org.jvnet.hk2.internal.ServiceLocatorImpl.access$1200(ServiceLocatorImpl.java:125)
	at org.jvnet.hk2.internal.ServiceLocatorImpl$9.compute(ServiceLocatorImpl.java:1373)
	at org.jvnet.hk2.internal.ServiceLocatorImpl$9.compute(ServiceLocatorImpl.java:1368)
	at org.glassfish.hk2.utilities.cache.internal.WeakCARCacheImpl.compute(WeakCARCacheImpl.java:116)
	at org.jvnet.hk2.internal.ServiceLocatorImpl.internalGetAllServiceHandles(ServiceLocatorImpl.java:1430)
	at org.jvnet.hk2.internal.ServiceLocatorImpl.getAllServiceHandles(ServiceLocatorImpl.java:1355)
	at org.jvnet.hk2.internal.ServiceLocatorImpl.getAllServiceHandles(ServiceLocatorImpl.java:1344)
	at org.glassfish.jersey.internal.inject.Providers.getServiceHandles(Providers.java:354)
	at org.glassfish.jersey.internal.inject.Providers.getProviders(Providers.java:187)
	at org.glassfish.jersey.message.internal.MessageBodyFactory.&lt;init&gt;(MessageBodyFactory.java:248)
	at java.base/jdk.internal.reflect.NativeConstructorAccessorImpl.newInstance0(Native Method)
	at java.base/jdk.internal.reflect.NativeConstructorAccessorImpl.newInstance(NativeConstructorAccessorImpl.java:62)
	at java.base/jdk.internal.reflect.DelegatingConstructorAccessorImpl.newInstance(DelegatingConstructorAccessorImpl.java:45)
	at java.base/java.lang.reflect.Constructor.newInstance(Constructor.java:488)
	at org.glassfish.hk2.utilities.reflection.ReflectionHelper.makeMe(ReflectionHelper.java:1375)
	at org.jvnet.hk2.internal.ClazzCreator.createMe(ClazzCreator.java:272)
	at org.jvnet.hk2.internal.ClazzCreator.create(ClazzCreator.java:366)
	at org.jvnet.hk2.internal.SystemDescriptor.create(SystemDescriptor.java:487)
	at org.jvnet.hk2.internal.SingletonContext$1.compute(SingletonContext.java:83)
	at org.jvnet.hk2.internal.SingletonContext$1.compute(SingletonContext.java:71)
	at org.glassfish.hk2.utilities.cache.Cache$OriginThreadAwareFuture$1.call(Cache.java:97)
	at java.base/java.util.concurrent.FutureTask.run(FutureTask.java:264)
	at org.glassfish.hk2.utilities.cache.Cache$OriginThreadAwareFuture.run(Cache.java:154)
	at org.glassfish.hk2.utilities.cache.Cache.compute(Cache.java:199)
	at org.jvnet.hk2.internal.SingletonContext.findOrCreate(SingletonContext.java:122)
	at org.jvnet.hk2.internal.Utilities.createService(Utilities.java:2022)
	at org.jvnet.hk2.internal.ServiceLocatorImpl.internalGetService(ServiceLocatorImpl.java:774)
	at org.jvnet.hk2.internal.ServiceLocatorImpl.internalGetService(ServiceLocatorImpl.java:737)
	at org.jvnet.hk2.internal.ServiceLocatorImpl.getService(ServiceLocatorImpl.java:707)
	at org.glassfish.jersey.server.model.ComponentModelValidator.&lt;init&gt;(ComponentModelValidator.java:97)
	at org.glassfish.jersey.server.ApplicationHandler.initialize(ApplicationHandler.java:549)
	at org.glassfish.jersey.server.ApplicationHandler.access$500(ApplicationHandler.java:184)
	at org.glassfish.jersey.server.ApplicationHandler$3.call(ApplicationHandler.java:350)
	at org.glassfish.jersey.server.ApplicationHandler$3.call(ApplicationHandler.java:347)
	at org.glassfish.jersey.internal.Errors.process(Errors.java:315)
	at org.glassfish.jersey.internal.Errors.process(Errors.java:297)
	at org.glassfish.jersey.internal.Errors.processWithException(Errors.java:255)
	at org.glassfish.jersey.server.ApplicationHandler.&lt;init&gt;(ApplicationHandler.java:347)
	at org.glassfish.jersey.server.ApplicationHandler.&lt;init&gt;(ApplicationHandler.java:311)
	at org.glassfish.jersey.grizzly2.httpserver.GrizzlyHttpContainer.&lt;init&gt;(GrizzlyHttpContainer.java:337)
	at org.glassfish.jersey.grizzly2.httpserver.GrizzlyHttpServerFactory.createHttpServer(GrizzlyHttpServerFactory.java:119)
	at com.example.Main.startServer(Main.java:30)
	at com.example.MyResourceTest.setUp(MyResourceTest.java:22)
	at java.base/jdk.internal.reflect.NativeMethodAccessorImpl.invoke0(Native Method)
	at java.base/jdk.internal.reflect.NativeMethodAccessorImpl.invoke(NativeMethodAccessorImpl.java:62)
	at java.base/jdk.internal.reflect.DelegatingMethodAccessorImpl.invoke(DelegatingMethodAccessorImpl.java:43)
	at java.base/java.lang.reflect.Method.invoke(Method.java:564)
	at org.junit.runners.model.FrameworkMethod$1.runReflectiveCall(FrameworkMethod.java:44)
	at org.junit.internal.runners.model.ReflectiveCallable.run(ReflectiveCallable.java:15)
	at org.junit.runners.model.FrameworkMethod.invokeExplosively(FrameworkMethod.java:41)
	at org.junit.internal.runners.statements.RunBefores.evaluate(RunBefores.java:27)
	at org.junit.internal.runners.statements.RunAfters.evaluate(RunAfters.java:31)
	at org.junit.runners.ParentRunner.runLeaf(ParentRunner.java:263)
	at org.junit.runners.BlockJUnit4ClassRunner.runChild(BlockJUnit4ClassRunner.java:69)
	at org.junit.runners.BlockJUnit4ClassRunner.runChild(BlockJUnit4ClassRunner.java:48)
	at org.junit.runners.ParentRunner$3.run(ParentRunner.java:231)
	at org.junit.runners.ParentRunner$1.schedule(ParentRunner.java:60)
	at org.junit.runners.ParentRunner.runChildren(ParentRunner.java:229)
	at org.junit.runners.ParentRunner.access$000(ParentRunner.java:50)
	at org.junit.runners.ParentRunner$2.evaluate(ParentRunner.java:222)
	at org.junit.runners.ParentRunner.run(ParentRunner.java:292)
	at org.apache.maven.surefire.junit4.JUnit4Provider.execute(JUnit4Provider.java:252)
	at org.apache.maven.surefire.junit4.JUnit4Provider.executeTestSet(JUnit4Provider.java:141)
	at org.apache.maven.surefire.junit4.JUnit4Provider.invoke(JUnit4Provider.java:112)
	at java.base/jdk.internal.reflect.NativeMethodAccessorImpl.invoke0(Native Method)
	at java.base/jdk.internal.reflect.NativeMethodAccessorImpl.invoke(NativeMethodAccessorImpl.java:62)
	at java.base/jdk.internal.reflect.DelegatingMethodAccessorImpl.invoke(DelegatingMethodAccessorImpl.java:43)
	at java.base/java.lang.reflect.Method.invoke(Method.java:564)
	at org.apache.maven.surefire.util.ReflectionUtils.invokeMethodWithArray(ReflectionUtils.java:189)
	at org.apache.maven.surefire.booter.ProviderFactory$ProviderProxy.invoke(ProviderFactory.java:165)
	at org.apache.maven.surefire.booter.ProviderFactory.invokeProvider(ProviderFactory.java:85)
	at org.apache.maven.surefire.booter.ForkedBooter.runSuitesInProcess(ForkedBooter.java:115)
	at org.apache.maven.surefire.booter.ForkedBooter.main(ForkedBooter.java:75)
Caused by: java.lang.ClassNotFoundException: javax.xml.bind.PropertyException
	at java.base/jdk.internal.loader.BuiltinClassLoader.loadClass(BuiltinClassLoader.java:582)
	at java.base/jdk.internal.loader.ClassLoaders$AppClassLoader.loadClass(ClassLoaders.java:190)
	at java.base/java.lang.ClassLoader.loadClass(ClassLoader.java:499)
	... 90 more
MultiException stack 2 of 2
java.lang.IllegalArgumentException: Errors were discovered while reifying SystemDescriptor(
	implementation=org.glassfish.jersey.jaxb.internal.XmlJaxbElementProvider$General
	contracts={javax.ws.rs.ext.MessageBodyWriter,javax.ws.rs.ext.MessageBodyReader}
	scope=javax.inject.Singleton
	qualifiers={}
	descriptorType=CLASS
	descriptorVisibility=NORMAL
	metadata=
	rank=0
	loader=org.glassfish.hk2.utilities.binding.AbstractBinder$2@16fdec90
	proxiable=null
	proxyForSameScope=null
	analysisName=null
	id=103
	locatorId=0
	identityHashCode=1783966110
	reified=false)
	at org.jvnet.hk2.internal.SystemDescriptor.reify(SystemDescriptor.java:705)
	at org.jvnet.hk2.internal.ServiceLocatorImpl.reifyDescriptor(ServiceLocatorImpl.java:461)
	at org.jvnet.hk2.internal.ServiceLocatorImpl.narrow(ServiceLocatorImpl.java:2288)
	at org.jvnet.hk2.internal.ServiceLocatorImpl.access$1200(ServiceLocatorImpl.java:125)
	at org.jvnet.hk2.internal.ServiceLocatorImpl$9.compute(ServiceLocatorImpl.java:1373)
	at org.jvnet.hk2.internal.ServiceLocatorImpl$9.compute(ServiceLocatorImpl.java:1368)
	at org.glassfish.hk2.utilities.cache.internal.WeakCARCacheImpl.compute(WeakCARCacheImpl.java:116)
	at org.jvnet.hk2.internal.ServiceLocatorImpl.internalGetAllServiceHandles(ServiceLocatorImpl.java:1430)
	at org.jvnet.hk2.internal.ServiceLocatorImpl.getAllServiceHandles(ServiceLocatorImpl.java:1355)
	at org.jvnet.hk2.internal.ServiceLocatorImpl.getAllServiceHandles(ServiceLocatorImpl.java:1344)
	at org.glassfish.jersey.internal.inject.Providers.getServiceHandles(Providers.java:354)
	at org.glassfish.jersey.internal.inject.Providers.getProviders(Providers.java:187)
	at org.glassfish.jersey.message.internal.MessageBodyFactory.&lt;init&gt;(MessageBodyFactory.java:248)
	at java.base/jdk.internal.reflect.NativeConstructorAccessorImpl.newInstance0(Native Method)
	at java.base/jdk.internal.reflect.NativeConstructorAccessorImpl.newInstance(NativeConstructorAccessorImpl.java:62)
	at java.base/jdk.internal.reflect.DelegatingConstructorAccessorImpl.newInstance(DelegatingConstructorAccessorImpl.java:45)
	at java.base/java.lang.reflect.Constructor.newInstance(Constructor.java:488)
	at org.glassfish.hk2.utilities.reflection.ReflectionHelper.makeMe(ReflectionHelper.java:1375)
	at org.jvnet.hk2.internal.ClazzCreator.createMe(ClazzCreator.java:272)
	at org.jvnet.hk2.internal.ClazzCreator.create(ClazzCreator.java:366)
	at org.jvnet.hk2.internal.SystemDescriptor.create(SystemDescriptor.java:487)
	at org.jvnet.hk2.internal.SingletonContext$1.compute(SingletonContext.java:83)
	at org.jvnet.hk2.internal.SingletonContext$1.compute(SingletonContext.java:71)
	at org.glassfish.hk2.utilities.cache.Cache$OriginThreadAwareFuture$1.call(Cache.java:97)
	at java.base/java.util.concurrent.FutureTask.run(FutureTask.java:264)
	at org.glassfish.hk2.utilities.cache.Cache$OriginThreadAwareFuture.run(Cache.java:154)
	at org.glassfish.hk2.utilities.cache.Cache.compute(Cache.java:199)
	at org.jvnet.hk2.internal.SingletonContext.findOrCreate(SingletonContext.java:122)
	at org.jvnet.hk2.internal.Utilities.createService(Utilities.java:2022)
	at org.jvnet.hk2.internal.ServiceLocatorImpl.internalGetService(ServiceLocatorImpl.java:774)
	at org.jvnet.hk2.internal.ServiceLocatorImpl.internalGetService(ServiceLocatorImpl.java:737)
	at org.jvnet.hk2.internal.ServiceLocatorImpl.getService(ServiceLocatorImpl.java:707)
	at org.glassfish.jersey.server.model.ComponentModelValidator.&lt;init&gt;(ComponentModelValidator.java:97)
	at org.glassfish.jersey.server.ApplicationHandler.initialize(ApplicationHandler.java:549)
	at org.glassfish.jersey.server.ApplicationHandler.access$500(ApplicationHandler.java:184)
	at org.glassfish.jersey.server.ApplicationHandler$3.call(ApplicationHandler.java:350)
	at org.glassfish.jersey.server.ApplicationHandler$3.call(ApplicationHandler.java:347)
	at org.glassfish.jersey.internal.Errors.process(Errors.java:315)
	at org.glassfish.jersey.internal.Errors.process(Errors.java:297)
	at org.glassfish.jersey.internal.Errors.processWithException(Errors.java:255)
	at org.glassfish.jersey.server.ApplicationHandler.&lt;init&gt;(ApplicationHandler.java:347)
	at org.glassfish.jersey.server.ApplicationHandler.&lt;init&gt;(ApplicationHandler.java:311)
	at org.glassfish.jersey.grizzly2.httpserver.GrizzlyHttpContainer.&lt;init&gt;(GrizzlyHttpContainer.java:337)
	at org.glassfish.jersey.grizzly2.httpserver.GrizzlyHttpServerFactory.createHttpServer(GrizzlyHttpServerFactory.java:119)
	at com.example.Main.startServer(Main.java:30)
	at com.example.MyResourceTest.setUp(MyResourceTest.java:22)
	at java.base/jdk.internal.reflect.NativeMethodAccessorImpl.invoke0(Native Method)
	at java.base/jdk.internal.reflect.NativeMethodAccessorImpl.invoke(NativeMethodAccessorImpl.java:62)
	at java.base/jdk.internal.reflect.DelegatingMethodAccessorImpl.invoke(DelegatingMethodAccessorImpl.java:43)
	at java.base/java.lang.reflect.Method.invoke(Method.java:564)
	at org.junit.runners.model.FrameworkMethod$1.runReflectiveCall(FrameworkMethod.java:44)
	at org.junit.internal.runners.model.ReflectiveCallable.run(ReflectiveCallable.java:15)
	at org.junit.runners.model.FrameworkMethod.invokeExplosively(FrameworkMethod.java:41)
	at org.junit.internal.runners.statements.RunBefores.evaluate(RunBefores.java:27)
	at org.junit.internal.runners.statements.RunAfters.evaluate(RunAfters.java:31)
	at org.junit.runners.ParentRunner.runLeaf(ParentRunner.java:263)
	at org.junit.runners.BlockJUnit4ClassRunner.runChild(BlockJUnit4ClassRunner.java:69)
	at org.junit.runners.BlockJUnit4ClassRunner.runChild(BlockJUnit4ClassRunner.java:48)
	at org.junit.runners.ParentRunner$3.run(ParentRunner.java:231)
	at org.junit.runners.ParentRunner$1.schedule(ParentRunner.java:60)
	at org.junit.runners.ParentRunner.runChildren(ParentRunner.java:229)
	at org.junit.runners.ParentRunner.access$000(ParentRunner.java:50)
	at org.junit.runners.ParentRunner$2.evaluate(ParentRunner.java:222)
	at org.junit.runners.ParentRunner.run(ParentRunner.java:292)
	at org.apache.maven.surefire.junit4.JUnit4Provider.execute(JUnit4Provider.java:252)
	at org.apache.maven.surefire.junit4.JUnit4Provider.executeTestSet(JUnit4Provider.java:141)
	at org.apache.maven.surefire.junit4.JUnit4Provider.invoke(JUnit4Provider.java:112)
	at java.base/jdk.internal.reflect.NativeMethodAccessorImpl.invoke0(Native Method)
	at java.base/jdk.internal.reflect.NativeMethodAccessorImpl.invoke(NativeMethodAccessorImpl.java:62)
	at java.base/jdk.internal.reflect.DelegatingMethodAccessorImpl.invoke(DelegatingMethodAccessorImpl.java:43)
	at java.base/java.lang.reflect.Method.invoke(Method.java:564)
	at org.apache.maven.surefire.util.ReflectionUtils.invokeMethodWithArray(ReflectionUtils.java:189)
	at org.apache.maven.surefire.booter.ProviderFactory$ProviderProxy.invoke(ProviderFactory.java:165)
	at org.apache.maven.surefire.booter.ProviderFactory.invokeProvider(ProviderFactory.java:85)
	at org.apache.maven.surefire.booter.ForkedBooter.runSuitesInProcess(ForkedBooter.java:115)
	at org.apache.maven.surefire.booter.ForkedBooter.main(ForkedBooter.java:75)

WARNING: HK2 service reification failed for [org.glassfish.jersey.jaxb.internal.XmlCollectionJaxbProvider$App] with an exception:
MultiException stack 1 of 2
java.lang.NoClassDefFoundError: javax/xml/bind/PropertyException
	at java.base/java.lang.Class.getDeclaredConstructors0(Native Method)
	at java.base/java.lang.Class.privateGetDeclaredConstructors(Class.java:3090)
	at java.base/java.lang.Class.getDeclaredConstructors(Class.java:2316)
	at org.jvnet.hk2.internal.Utilities$3.run(Utilities.java:1308)
	at org.jvnet.hk2.internal.Utilities$3.run(Utilities.java:1304)
	at java.base/java.security.AccessController.doPrivileged(Native Method)
	at org.jvnet.hk2.internal.Utilities.getAllConstructors(Utilities.java:1304)
	at org.jvnet.hk2.internal.Utilities.findProducerConstructor(Utilities.java:1247)
	at org.jvnet.hk2.internal.DefaultClassAnalyzer.getConstructor(DefaultClassAnalyzer.java:83)
	at org.glassfish.jersey.internal.inject.JerseyClassAnalyzer.getConstructor(JerseyClassAnalyzer.java:144)
	at org.jvnet.hk2.internal.Utilities.getConstructor(Utilities.java:178)
	at org.jvnet.hk2.internal.ClazzCreator.initialize(ClazzCreator.java:129)
	at org.jvnet.hk2.internal.ClazzCreator.initialize(ClazzCreator.java:180)
	at org.jvnet.hk2.internal.SystemDescriptor.internalReify(SystemDescriptor.java:740)
	at org.jvnet.hk2.internal.SystemDescriptor.reify(SystemDescriptor.java:694)
	at org.jvnet.hk2.internal.ServiceLocatorImpl.reifyDescriptor(ServiceLocatorImpl.java:461)
	at org.jvnet.hk2.internal.ServiceLocatorImpl.narrow(ServiceLocatorImpl.java:2288)
	at org.jvnet.hk2.internal.ServiceLocatorImpl.access$1200(ServiceLocatorImpl.java:125)
	at org.jvnet.hk2.internal.ServiceLocatorImpl$9.compute(ServiceLocatorImpl.java:1373)
	at org.jvnet.hk2.internal.ServiceLocatorImpl$9.compute(ServiceLocatorImpl.java:1368)
	at org.glassfish.hk2.utilities.cache.internal.WeakCARCacheImpl.compute(WeakCARCacheImpl.java:116)
	at org.jvnet.hk2.internal.ServiceLocatorImpl.internalGetAllServiceHandles(ServiceLocatorImpl.java:1430)
	at org.jvnet.hk2.internal.ServiceLocatorImpl.getAllServiceHandles(ServiceLocatorImpl.java:1355)
	at org.jvnet.hk2.internal.ServiceLocatorImpl.getAllServiceHandles(ServiceLocatorImpl.java:1344)
	at org.glassfish.jersey.internal.inject.Providers.getServiceHandles(Providers.java:354)
	at org.glassfish.jersey.internal.inject.Providers.getProviders(Providers.java:187)
	at org.glassfish.jersey.message.internal.MessageBodyFactory.&lt;init&gt;(MessageBodyFactory.java:248)
	at java.base/jdk.internal.reflect.NativeConstructorAccessorImpl.newInstance0(Native Method)
	at java.base/jdk.internal.reflect.NativeConstructorAccessorImpl.newInstance(NativeConstructorAccessorImpl.java:62)
	at java.base/jdk.internal.reflect.DelegatingConstructorAccessorImpl.newInstance(DelegatingConstructorAccessorImpl.java:45)
	at java.base/java.lang.reflect.Constructor.newInstance(Constructor.java:488)
	at org.glassfish.hk2.utilities.reflection.ReflectionHelper.makeMe(ReflectionHelper.java:1375)
	at org.jvnet.hk2.internal.ClazzCreator.createMe(ClazzCreator.java:272)
	at org.jvnet.hk2.internal.ClazzCreator.create(ClazzCreator.java:366)
	at org.jvnet.hk2.internal.SystemDescriptor.create(SystemDescriptor.java:487)
	at org.jvnet.hk2.internal.SingletonContext$1.compute(SingletonContext.java:83)
	at org.jvnet.hk2.internal.SingletonContext$1.compute(SingletonContext.java:71)
	at org.glassfish.hk2.utilities.cache.Cache$OriginThreadAwareFuture$1.call(Cache.java:97)
	at java.base/java.util.concurrent.FutureTask.run(FutureTask.java:264)
	at org.glassfish.hk2.utilities.cache.Cache$OriginThreadAwareFuture.run(Cache.java:154)
	at org.glassfish.hk2.utilities.cache.Cache.compute(Cache.java:199)
	at org.jvnet.hk2.internal.SingletonContext.findOrCreate(SingletonContext.java:122)
	at org.jvnet.hk2.internal.Utilities.createService(Utilities.java:2022)
	at org.jvnet.hk2.internal.ServiceLocatorImpl.internalGetService(ServiceLocatorImpl.java:774)
	at org.jvnet.hk2.internal.ServiceLocatorImpl.internalGetService(ServiceLocatorImpl.java:737)
	at org.jvnet.hk2.internal.ServiceLocatorImpl.getService(ServiceLocatorImpl.java:707)
	at org.glassfish.jersey.server.model.ComponentModelValidator.&lt;init&gt;(ComponentModelValidator.java:97)
	at org.glassfish.jersey.server.ApplicationHandler.initialize(ApplicationHandler.java:549)
	at org.glassfish.jersey.server.ApplicationHandler.access$500(ApplicationHandler.java:184)
	at org.glassfish.jersey.server.ApplicationHandler$3.call(ApplicationHandler.java:350)
	at org.glassfish.jersey.server.ApplicationHandler$3.call(ApplicationHandler.java:347)
	at org.glassfish.jersey.internal.Errors.process(Errors.java:315)
	at org.glassfish.jersey.internal.Errors.process(Errors.java:297)
	at org.glassfish.jersey.internal.Errors.processWithException(Errors.java:255)
	at org.glassfish.jersey.server.ApplicationHandler.&lt;init&gt;(ApplicationHandler.java:347)
	at org.glassfish.jersey.server.ApplicationHandler.&lt;init&gt;(ApplicationHandler.java:311)
	at org.glassfish.jersey.grizzly2.httpserver.GrizzlyHttpContainer.&lt;init&gt;(GrizzlyHttpContainer.java:337)
	at org.glassfish.jersey.grizzly2.httpserver.GrizzlyHttpServerFactory.createHttpServer(GrizzlyHttpServerFactory.java:119)
	at com.example.Main.startServer(Main.java:30)
	at com.example.MyResourceTest.setUp(MyResourceTest.java:22)
	at java.base/jdk.internal.reflect.NativeMethodAccessorImpl.invoke0(Native Method)
	at java.base/jdk.internal.reflect.NativeMethodAccessorImpl.invoke(NativeMethodAccessorImpl.java:62)
	at java.base/jdk.internal.reflect.DelegatingMethodAccessorImpl.invoke(DelegatingMethodAccessorImpl.java:43)
	at java.base/java.lang.reflect.Method.invoke(Method.java:564)
	at org.junit.runners.model.FrameworkMethod$1.runReflectiveCall(FrameworkMethod.java:44)
	at org.junit.internal.runners.model.ReflectiveCallable.run(ReflectiveCallable.java:15)
	at org.junit.runners.model.FrameworkMethod.invokeExplosively(FrameworkMethod.java:41)
	at org.junit.internal.runners.statements.RunBefores.evaluate(RunBefores.java:27)
	at org.junit.internal.runners.statements.RunAfters.evaluate(RunAfters.java:31)
	at org.junit.runners.ParentRunner.runLeaf(ParentRunner.java:263)
	at org.junit.runners.BlockJUnit4ClassRunner.runChild(BlockJUnit4ClassRunner.java:69)
	at org.junit.runners.BlockJUnit4ClassRunner.runChild(BlockJUnit4ClassRunner.java:48)
	at org.junit.runners.ParentRunner$3.run(ParentRunner.java:231)
	at org.junit.runners.ParentRunner$1.schedule(ParentRunner.java:60)
	at org.junit.runners.ParentRunner.runChildren(ParentRunner.java:229)
	at org.junit.runners.ParentRunner.access$000(ParentRunner.java:50)
	at org.junit.runners.ParentRunner$2.evaluate(ParentRunner.java:222)
	at org.junit.runners.ParentRunner.run(ParentRunner.java:292)
	at org.apache.maven.surefire.junit4.JUnit4Provider.execute(JUnit4Provider.java:252)
	at org.apache.maven.surefire.junit4.JUnit4Provider.executeTestSet(JUnit4Provider.java:141)
	at org.apache.maven.surefire.junit4.JUnit4Provider.invoke(JUnit4Provider.java:112)
	at java.base/jdk.internal.reflect.NativeMethodAccessorImpl.invoke0(Native Method)
	at java.base/jdk.internal.reflect.NativeMethodAccessorImpl.invoke(NativeMethodAccessorImpl.java:62)
	at java.base/jdk.internal.reflect.DelegatingMethodAccessorImpl.invoke(DelegatingMethodAccessorImpl.java:43)
	at java.base/java.lang.reflect.Method.invoke(Method.java:564)
	at org.apache.maven.surefire.util.ReflectionUtils.invokeMethodWithArray(ReflectionUtils.java:189)
	at org.apache.maven.surefire.booter.ProviderFactory$ProviderProxy.invoke(ProviderFactory.java:165)
	at org.apache.maven.surefire.booter.ProviderFactory.invokeProvider(ProviderFactory.java:85)
	at org.apache.maven.surefire.booter.ForkedBooter.runSuitesInProcess(ForkedBooter.java:115)
	at org.apache.maven.surefire.booter.ForkedBooter.main(ForkedBooter.java:75)
Caused by: java.lang.ClassNotFoundException: javax.xml.bind.PropertyException
	at java.base/jdk.internal.loader.BuiltinClassLoader.loadClass(BuiltinClassLoader.java:582)
	at java.base/jdk.internal.loader.ClassLoaders$AppClassLoader.loadClass(ClassLoaders.java:190)
	at java.base/java.lang.ClassLoader.loadClass(ClassLoader.java:499)
	... 90 more
MultiException stack 2 of 2
java.lang.IllegalArgumentException: Errors were discovered while reifying SystemDescriptor(
	implementation=org.glassfish.jersey.jaxb.internal.XmlCollectionJaxbProvider$App
	contracts={javax.ws.rs.ext.MessageBodyWriter,javax.ws.rs.ext.MessageBodyReader}
	scope=javax.inject.Singleton
	qualifiers={}
	descriptorType=CLASS
	descriptorVisibility=NORMAL
	metadata=
	rank=0
	loader=org.glassfish.hk2.utilities.binding.AbstractBinder$2@16fdec90
	proxiable=null
	proxyForSameScope=null
	analysisName=null
	id=104
	locatorId=0
	identityHashCode=2035381640
	reified=false)
	at org.jvnet.hk2.internal.SystemDescriptor.reify(SystemDescriptor.java:705)
	at org.jvnet.hk2.internal.ServiceLocatorImpl.reifyDescriptor(ServiceLocatorImpl.java:461)
	at org.jvnet.hk2.internal.ServiceLocatorImpl.narrow(ServiceLocatorImpl.java:2288)
	at org.jvnet.hk2.internal.ServiceLocatorImpl.access$1200(ServiceLocatorImpl.java:125)
	at org.jvnet.hk2.internal.ServiceLocatorImpl$9.compute(ServiceLocatorImpl.java:1373)
	at org.jvnet.hk2.internal.ServiceLocatorImpl$9.compute(ServiceLocatorImpl.java:1368)
	at org.glassfish.hk2.utilities.cache.internal.WeakCARCacheImpl.compute(WeakCARCacheImpl.java:116)
	at org.jvnet.hk2.internal.ServiceLocatorImpl.internalGetAllServiceHandles(ServiceLocatorImpl.java:1430)
	at org.jvnet.hk2.internal.ServiceLocatorImpl.getAllServiceHandles(ServiceLocatorImpl.java:1355)
	at org.jvnet.hk2.internal.ServiceLocatorImpl.getAllServiceHandles(ServiceLocatorImpl.java:1344)
	at org.glassfish.jersey.internal.inject.Providers.getServiceHandles(Providers.java:354)
	at org.glassfish.jersey.internal.inject.Providers.getProviders(Providers.java:187)
	at org.glassfish.jersey.message.internal.MessageBodyFactory.&lt;init&gt;(MessageBodyFactory.java:248)
	at java.base/jdk.internal.reflect.NativeConstructorAccessorImpl.newInstance0(Native Method)
	at java.base/jdk.internal.reflect.NativeConstructorAccessorImpl.newInstance(NativeConstructorAccessorImpl.java:62)
	at java.base/jdk.internal.reflect.DelegatingConstructorAccessorImpl.newInstance(DelegatingConstructorAccessorImpl.java:45)
	at java.base/java.lang.reflect.Constructor.newInstance(Constructor.java:488)
	at org.glassfish.hk2.utilities.reflection.ReflectionHelper.makeMe(ReflectionHelper.java:1375)
	at org.jvnet.hk2.internal.ClazzCreator.createMe(ClazzCreator.java:272)
	at org.jvnet.hk2.internal.ClazzCreator.create(ClazzCreator.java:366)
	at org.jvnet.hk2.internal.SystemDescriptor.create(SystemDescriptor.java:487)
	at org.jvnet.hk2.internal.SingletonContext$1.compute(SingletonContext.java:83)
	at org.jvnet.hk2.internal.SingletonContext$1.compute(SingletonContext.java:71)
	at org.glassfish.hk2.utilities.cache.Cache$OriginThreadAwareFuture$1.call(Cache.java:97)
	at java.base/java.util.concurrent.FutureTask.run(FutureTask.java:264)
	at org.glassfish.hk2.utilities.cache.Cache$OriginThreadAwareFuture.run(Cache.java:154)
	at org.glassfish.hk2.utilities.cache.Cache.compute(Cache.java:199)
	at org.jvnet.hk2.internal.SingletonContext.findOrCreate(SingletonContext.java:122)
	at org.jvnet.hk2.internal.Utilities.createService(Utilities.java:2022)
	at org.jvnet.hk2.internal.ServiceLocatorImpl.internalGetService(ServiceLocatorImpl.java:774)
	at org.jvnet.hk2.internal.ServiceLocatorImpl.internalGetService(ServiceLocatorImpl.java:737)
	at org.jvnet.hk2.internal.ServiceLocatorImpl.getService(ServiceLocatorImpl.java:707)
	at org.glassfish.jersey.server.model.ComponentModelValidator.&lt;init&gt;(ComponentModelValidator.java:97)
	at org.glassfish.jersey.server.ApplicationHandler.initialize(ApplicationHandler.java:549)
	at org.glassfish.jersey.server.ApplicationHandler.access$500(ApplicationHandler.java:184)
	at org.glassfish.jersey.server.ApplicationHandler$3.call(ApplicationHandler.java:350)
	at org.glassfish.jersey.server.ApplicationHandler$3.call(ApplicationHandler.java:347)
	at org.glassfish.jersey.internal.Errors.process(Errors.java:315)
	at org.glassfish.jersey.internal.Errors.process(Errors.java:297)
	at org.glassfish.jersey.internal.Errors.processWithException(Errors.java:255)
	at org.glassfish.jersey.server.ApplicationHandler.&lt;init&gt;(ApplicationHandler.java:347)
	at org.glassfish.jersey.server.ApplicationHandler.&lt;init&gt;(ApplicationHandler.java:311)
	at org.glassfish.jersey.grizzly2.httpserver.GrizzlyHttpContainer.&lt;init&gt;(GrizzlyHttpContainer.java:337)
	at org.glassfish.jersey.grizzly2.httpserver.GrizzlyHttpServerFactory.createHttpServer(GrizzlyHttpServerFactory.java:119)
	at com.example.Main.startServer(Main.java:30)
	at com.example.MyResourceTest.setUp(MyResourceTest.java:22)
	at java.base/jdk.internal.reflect.NativeMethodAccessorImpl.invoke0(Native Method)
	at java.base/jdk.internal.reflect.NativeMethodAccessorImpl.invoke(NativeMethodAccessorImpl.java:62)
	at java.base/jdk.internal.reflect.DelegatingMethodAccessorImpl.invoke(DelegatingMethodAccessorImpl.java:43)
	at java.base/java.lang.reflect.Method.invoke(Method.java:564)
	at org.junit.runners.model.FrameworkMethod$1.runReflectiveCall(FrameworkMethod.java:44)
	at org.junit.internal.runners.model.ReflectiveCallable.run(ReflectiveCallable.java:15)
	at org.junit.runners.model.FrameworkMethod.invokeExplosively(FrameworkMethod.java:41)
	at org.junit.internal.runners.statements.RunBefores.evaluate(RunBefores.java:27)
	at org.junit.internal.runners.statements.RunAfters.evaluate(RunAfters.java:31)
	at org.junit.runners.ParentRunner.runLeaf(ParentRunner.java:263)
	at org.junit.runners.BlockJUnit4ClassRunner.runChild(BlockJUnit4ClassRunner.java:69)
	at org.junit.runners.BlockJUnit4ClassRunner.runChild(BlockJUnit4ClassRunner.java:48)
	at org.junit.runners.ParentRunner$3.run(ParentRunner.java:231)
	at org.junit.runners.ParentRunner$1.schedule(ParentRunner.java:60)
	at org.junit.runners.ParentRunner.runChildren(ParentRunner.java:229)
	at org.junit.runners.ParentRunner.access$000(ParentRunner.java:50)
	at org.junit.runners.ParentRunner$2.evaluate(ParentRunner.java:222)
	at org.junit.runners.ParentRunner.run(ParentRunner.java:292)
	at org.apache.maven.surefire.junit4.JUnit4Provider.execute(JUnit4Provider.java:252)
	at org.apache.maven.surefire.junit4.JUnit4Provider.executeTestSet(JUnit4Provider.java:141)
	at org.apache.maven.surefire.junit4.JUnit4Provider.invoke(JUnit4Provider.java:112)
	at java.base/jdk.internal.reflect.NativeMethodAccessorImpl.invoke0(Native Method)
	at java.base/jdk.internal.reflect.NativeMethodAccessorImpl.invoke(NativeMethodAccessorImpl.java:62)
	at java.base/jdk.internal.reflect.DelegatingMethodAccessorImpl.invoke(DelegatingMethodAccessorImpl.java:43)
	at java.base/java.lang.reflect.Method.invoke(Method.java:564)
	at org.apache.maven.surefire.util.ReflectionUtils.invokeMethodWithArray(ReflectionUtils.java:189)
	at org.apache.maven.surefire.booter.ProviderFactory$ProviderProxy.invoke(ProviderFactory.java:165)
	at org.apache.maven.surefire.booter.ProviderFactory.invokeProvider(ProviderFactory.java:85)
	at org.apache.maven.surefire.booter.ForkedBooter.runSuitesInProcess(ForkedBooter.java:115)
	at org.apache.maven.surefire.booter.ForkedBooter.main(ForkedBooter.java:75)

WARNING: HK2 service reification failed for [org.glassfish.jersey.jaxb.internal.XmlCollectionJaxbProvider$Text] with an exception:
MultiException stack 1 of 2
java.lang.NoClassDefFoundError: javax/xml/bind/PropertyException
	at java.base/java.lang.Class.getDeclaredConstructors0(Native Method)
	at java.base/java.lang.Class.privateGetDeclaredConstructors(Class.java:3090)
	at java.base/java.lang.Class.getDeclaredConstructors(Class.java:2316)
	at org.jvnet.hk2.internal.Utilities$3.run(Utilities.java:1308)
	at org.jvnet.hk2.internal.Utilities$3.run(Utilities.java:1304)
	at java.base/java.security.AccessController.doPrivileged(Native Method)
	at org.jvnet.hk2.internal.Utilities.getAllConstructors(Utilities.java:1304)
	at org.jvnet.hk2.internal.Utilities.findProducerConstructor(Utilities.java:1247)
	at org.jvnet.hk2.internal.DefaultClassAnalyzer.getConstructor(DefaultClassAnalyzer.java:83)
	at org.glassfish.jersey.internal.inject.JerseyClassAnalyzer.getConstructor(JerseyClassAnalyzer.java:144)
	at org.jvnet.hk2.internal.Utilities.getConstructor(Utilities.java:178)
	at org.jvnet.hk2.internal.ClazzCreator.initialize(ClazzCreator.java:129)
	at org.jvnet.hk2.internal.ClazzCreator.initialize(ClazzCreator.java:180)
	at org.jvnet.hk2.internal.SystemDescriptor.internalReify(SystemDescriptor.java:740)
	at org.jvnet.hk2.internal.SystemDescriptor.reify(SystemDescriptor.java:694)
	at org.jvnet.hk2.internal.ServiceLocatorImpl.reifyDescriptor(ServiceLocatorImpl.java:461)
	at org.jvnet.hk2.internal.ServiceLocatorImpl.narrow(ServiceLocatorImpl.java:2288)
	at org.jvnet.hk2.internal.ServiceLocatorImpl.access$1200(ServiceLocatorImpl.java:125)
	at org.jvnet.hk2.internal.ServiceLocatorImpl$9.compute(ServiceLocatorImpl.java:1373)
	at org.jvnet.hk2.internal.ServiceLocatorImpl$9.compute(ServiceLocatorImpl.java:1368)
	at org.glassfish.hk2.utilities.cache.internal.WeakCARCacheImpl.compute(WeakCARCacheImpl.java:116)
	at org.jvnet.hk2.internal.ServiceLocatorImpl.internalGetAllServiceHandles(ServiceLocatorImpl.java:1430)
	at org.jvnet.hk2.internal.ServiceLocatorImpl.getAllServiceHandles(ServiceLocatorImpl.java:1355)
	at org.jvnet.hk2.internal.ServiceLocatorImpl.getAllServiceHandles(ServiceLocatorImpl.java:1344)
	at org.glassfish.jersey.internal.inject.Providers.getServiceHandles(Providers.java:354)
	at org.glassfish.jersey.internal.inject.Providers.getProviders(Providers.java:187)
	at org.glassfish.jersey.message.internal.MessageBodyFactory.&lt;init&gt;(MessageBodyFactory.java:248)
	at java.base/jdk.internal.reflect.NativeConstructorAccessorImpl.newInstance0(Native Method)
	at java.base/jdk.internal.reflect.NativeConstructorAccessorImpl.newInstance(NativeConstructorAccessorImpl.java:62)
	at java.base/jdk.internal.reflect.DelegatingConstructorAccessorImpl.newInstance(DelegatingConstructorAccessorImpl.java:45)
	at java.base/java.lang.reflect.Constructor.newInstance(Constructor.java:488)
	at org.glassfish.hk2.utilities.reflection.ReflectionHelper.makeMe(ReflectionHelper.java:1375)
	at org.jvnet.hk2.internal.ClazzCreator.createMe(ClazzCreator.java:272)
	at org.jvnet.hk2.internal.ClazzCreator.create(ClazzCreator.java:366)
	at org.jvnet.hk2.internal.SystemDescriptor.create(SystemDescriptor.java:487)
	at org.jvnet.hk2.internal.SingletonContext$1.compute(SingletonContext.java:83)
	at org.jvnet.hk2.internal.SingletonContext$1.compute(SingletonContext.java:71)
	at org.glassfish.hk2.utilities.cache.Cache$OriginThreadAwareFuture$1.call(Cache.java:97)
	at java.base/java.util.concurrent.FutureTask.run(FutureTask.java:264)
	at org.glassfish.hk2.utilities.cache.Cache$OriginThreadAwareFuture.run(Cache.java:154)
	at org.glassfish.hk2.utilities.cache.Cache.compute(Cache.java:199)
	at org.jvnet.hk2.internal.SingletonContext.findOrCreate(SingletonContext.java:122)
	at org.jvnet.hk2.internal.Utilities.createService(Utilities.java:2022)
	at org.jvnet.hk2.internal.ServiceLocatorImpl.internalGetService(ServiceLocatorImpl.java:774)
	at org.jvnet.hk2.internal.ServiceLocatorImpl.internalGetService(ServiceLocatorImpl.java:737)
	at org.jvnet.hk2.internal.ServiceLocatorImpl.getService(ServiceLocatorImpl.java:707)
	at org.glassfish.jersey.server.model.ComponentModelValidator.&lt;init&gt;(ComponentModelValidator.java:97)
	at org.glassfish.jersey.server.ApplicationHandler.initialize(ApplicationHandler.java:549)
	at org.glassfish.jersey.server.ApplicationHandler.access$500(ApplicationHandler.java:184)
	at org.glassfish.jersey.server.ApplicationHandler$3.call(ApplicationHandler.java:350)
	at org.glassfish.jersey.server.ApplicationHandler$3.call(ApplicationHandler.java:347)
	at org.glassfish.jersey.internal.Errors.process(Errors.java:315)
	at org.glassfish.jersey.internal.Errors.process(Errors.java:297)
	at org.glassfish.jersey.internal.Errors.processWithException(Errors.java:255)
	at org.glassfish.jersey.server.ApplicationHandler.&lt;init&gt;(ApplicationHandler.java:347)
	at org.glassfish.jersey.server.ApplicationHandler.&lt;init&gt;(ApplicationHandler.java:311)
	at org.glassfish.jersey.grizzly2.httpserver.GrizzlyHttpContainer.&lt;init&gt;(GrizzlyHttpContainer.java:337)
	at org.glassfish.jersey.grizzly2.httpserver.GrizzlyHttpServerFactory.createHttpServer(GrizzlyHttpServerFactory.java:119)
	at com.example.Main.startServer(Main.java:30)
	at com.example.MyResourceTest.setUp(MyResourceTest.java:22)
	at java.base/jdk.internal.reflect.NativeMethodAccessorImpl.invoke0(Native Method)
	at java.base/jdk.internal.reflect.NativeMethodAccessorImpl.invoke(NativeMethodAccessorImpl.java:62)
	at java.base/jdk.internal.reflect.DelegatingMethodAccessorImpl.invoke(DelegatingMethodAccessorImpl.java:43)
	at java.base/java.lang.reflect.Method.invoke(Method.java:564)
	at org.junit.runners.model.FrameworkMethod$1.runReflectiveCall(FrameworkMethod.java:44)
	at org.junit.internal.runners.model.ReflectiveCallable.run(ReflectiveCallable.java:15)
	at org.junit.runners.model.FrameworkMethod.invokeExplosively(FrameworkMethod.java:41)
	at org.junit.internal.runners.statements.RunBefores.evaluate(RunBefores.java:27)
	at org.junit.internal.runners.statements.RunAfters.evaluate(RunAfters.java:31)
	at org.junit.runners.ParentRunner.runLeaf(ParentRunner.java:263)
	at org.junit.runners.BlockJUnit4ClassRunner.runChild(BlockJUnit4ClassRunner.java:69)
	at org.junit.runners.BlockJUnit4ClassRunner.runChild(BlockJUnit4ClassRunner.java:48)
	at org.junit.runners.ParentRunner$3.run(ParentRunner.java:231)
	at org.junit.runners.ParentRunner$1.schedule(ParentRunner.java:60)
	at org.junit.runners.ParentRunner.runChildren(ParentRunner.java:229)
	at org.junit.runners.ParentRunner.access$000(ParentRunner.java:50)
	at org.junit.runners.ParentRunner$2.evaluate(ParentRunner.java:222)
	at org.junit.runners.ParentRunner.run(ParentRunner.java:292)
	at org.apache.maven.surefire.junit4.JUnit4Provider.execute(JUnit4Provider.java:252)
	at org.apache.maven.surefire.junit4.JUnit4Provider.executeTestSet(JUnit4Provider.java:141)
	at org.apache.maven.surefire.junit4.JUnit4Provider.invoke(JUnit4Provider.java:112)
	at java.base/jdk.internal.reflect.NativeMethodAccessorImpl.invoke0(Native Method)
	at java.base/jdk.internal.reflect.NativeMethodAccessorImpl.invoke(NativeMethodAccessorImpl.java:62)
	at java.base/jdk.internal.reflect.DelegatingMethodAccessorImpl.invoke(DelegatingMethodAccessorImpl.java:43)
	at java.base/java.lang.reflect.Method.invoke(Method.java:564)
	at org.apache.maven.surefire.util.ReflectionUtils.invokeMethodWithArray(ReflectionUtils.java:189)
	at org.apache.maven.surefire.booter.ProviderFactory$ProviderProxy.invoke(ProviderFactory.java:165)
	at org.apache.maven.surefire.booter.ProviderFactory.invokeProvider(ProviderFactory.java:85)
	at org.apache.maven.surefire.booter.ForkedBooter.runSuitesInProcess(ForkedBooter.java:115)
	at org.apache.maven.surefire.booter.ForkedBooter.main(ForkedBooter.java:75)
Caused by: java.lang.ClassNotFoundException: javax.xml.bind.PropertyException
	at java.base/jdk.internal.loader.BuiltinClassLoader.loadClass(BuiltinClassLoader.java:582)
	at java.base/jdk.internal.loader.ClassLoaders$AppClassLoader.loadClass(ClassLoaders.java:190)
	at java.base/java.lang.ClassLoader.loadClass(ClassLoader.java:499)
	... 90 more
MultiException stack 2 of 2
java.lang.IllegalArgumentException: Errors were discovered while reifying SystemDescriptor(
	implementation=org.glassfish.jersey.jaxb.internal.XmlCollectionJaxbProvider$Text
	contracts={javax.ws.rs.ext.MessageBodyWriter,javax.ws.rs.ext.MessageBodyReader}
	scope=javax.inject.Singleton
	qualifiers={}
	descriptorType=CLASS
	descriptorVisibility=NORMAL
	metadata=
	rank=0
	loader=org.glassfish.hk2.utilities.binding.AbstractBinder$2@16fdec90
	proxiable=null
	proxyForSameScope=null
	analysisName=null
	id=105
	locatorId=0
	identityHashCode=680988889
	reified=false)
	at org.jvnet.hk2.internal.SystemDescriptor.reify(SystemDescriptor.java:705)
	at org.jvnet.hk2.internal.ServiceLocatorImpl.reifyDescriptor(ServiceLocatorImpl.java:461)
	at org.jvnet.hk2.internal.ServiceLocatorImpl.narrow(ServiceLocatorImpl.java:2288)
	at org.jvnet.hk2.internal.ServiceLocatorImpl.access$1200(ServiceLocatorImpl.java:125)
	at org.jvnet.hk2.internal.ServiceLocatorImpl$9.compute(ServiceLocatorImpl.java:1373)
	at org.jvnet.hk2.internal.ServiceLocatorImpl$9.compute(ServiceLocatorImpl.java:1368)
	at org.glassfish.hk2.utilities.cache.internal.WeakCARCacheImpl.compute(WeakCARCacheImpl.java:116)
	at org.jvnet.hk2.internal.ServiceLocatorImpl.internalGetAllServiceHandles(ServiceLocatorImpl.java:1430)
	at org.jvnet.hk2.internal.ServiceLocatorImpl.getAllServiceHandles(ServiceLocatorImpl.java:1355)
	at org.jvnet.hk2.internal.ServiceLocatorImpl.getAllServiceHandles(ServiceLocatorImpl.java:1344)
	at org.glassfish.jersey.internal.inject.Providers.getServiceHandles(Providers.java:354)
	at org.glassfish.jersey.internal.inject.Providers.getProviders(Providers.java:187)
	at org.glassfish.jersey.message.internal.MessageBodyFactory.&lt;init&gt;(MessageBodyFactory.java:248)
	at java.base/jdk.internal.reflect.NativeConstructorAccessorImpl.newInstance0(Native Method)
	at java.base/jdk.internal.reflect.NativeConstructorAccessorImpl.newInstance(NativeConstructorAccessorImpl.java:62)
	at java.base/jdk.internal.reflect.DelegatingConstructorAccessorImpl.newInstance(DelegatingConstructorAccessorImpl.java:45)
	at java.base/java.lang.reflect.Constructor.newInstance(Constructor.java:488)
	at org.glassfish.hk2.utilities.reflection.ReflectionHelper.makeMe(ReflectionHelper.java:1375)
	at org.jvnet.hk2.internal.ClazzCreator.createMe(ClazzCreator.java:272)
	at org.jvnet.hk2.internal.ClazzCreator.create(ClazzCreator.java:366)
	at org.jvnet.hk2.internal.SystemDescriptor.create(SystemDescriptor.java:487)
	at org.jvnet.hk2.internal.SingletonContext$1.compute(SingletonContext.java:83)
	at org.jvnet.hk2.internal.SingletonContext$1.compute(SingletonContext.java:71)
	at org.glassfish.hk2.utilities.cache.Cache$OriginThreadAwareFuture$1.call(Cache.java:97)
	at java.base/java.util.concurrent.FutureTask.run(FutureTask.java:264)
	at org.glassfish.hk2.utilities.cache.Cache$OriginThreadAwareFuture.run(Cache.java:154)
	at org.glassfish.hk2.utilities.cache.Cache.compute(Cache.java:199)
	at org.jvnet.hk2.internal.SingletonContext.findOrCreate(SingletonContext.java:122)
	at org.jvnet.hk2.internal.Utilities.createService(Utilities.java:2022)
	at org.jvnet.hk2.internal.ServiceLocatorImpl.internalGetService(ServiceLocatorImpl.java:774)
	at org.jvnet.hk2.internal.ServiceLocatorImpl.internalGetService(ServiceLocatorImpl.java:737)
	at org.jvnet.hk2.internal.ServiceLocatorImpl.getService(ServiceLocatorImpl.java:707)
	at org.glassfish.jersey.server.model.ComponentModelValidator.&lt;init&gt;(ComponentModelValidator.java:97)
	at org.glassfish.jersey.server.ApplicationHandler.initialize(ApplicationHandler.java:549)
	at org.glassfish.jersey.server.ApplicationHandler.access$500(ApplicationHandler.java:184)
	at org.glassfish.jersey.server.ApplicationHandler$3.call(ApplicationHandler.java:350)
	at org.glassfish.jersey.server.ApplicationHandler$3.call(ApplicationHandler.java:347)
	at org.glassfish.jersey.internal.Errors.process(Errors.java:315)
	at org.glassfish.jersey.internal.Errors.process(Errors.java:297)
	at org.glassfish.jersey.internal.Errors.processWithException(Errors.java:255)
	at org.glassfish.jersey.server.ApplicationHandler.&lt;init&gt;(ApplicationHandler.java:347)
	at org.glassfish.jersey.server.ApplicationHandler.&lt;init&gt;(ApplicationHandler.java:311)
	at org.glassfish.jersey.grizzly2.httpserver.GrizzlyHttpContainer.&lt;init&gt;(GrizzlyHttpContainer.java:337)
	at org.glassfish.jersey.grizzly2.httpserver.GrizzlyHttpServerFactory.createHttpServer(GrizzlyHttpServerFactory.java:119)
	at com.example.Main.startServer(Main.java:30)
	at com.example.MyResourceTest.setUp(MyResourceTest.java:22)
	at java.base/jdk.internal.reflect.NativeMethodAccessorImpl.invoke0(Native Method)
	at java.base/jdk.internal.reflect.NativeMethodAccessorImpl.invoke(NativeMethodAccessorImpl.java:62)
	at java.base/jdk.internal.reflect.DelegatingMethodAccessorImpl.invoke(DelegatingMethodAccessorImpl.java:43)
	at java.base/java.lang.reflect.Method.invoke(Method.java:564)
	at org.junit.runners.model.FrameworkMethod$1.runReflectiveCall(FrameworkMethod.java:44)
	at org.junit.internal.runners.model.ReflectiveCallable.run(ReflectiveCallable.java:15)
	at org.junit.runners.model.FrameworkMethod.invokeExplosively(FrameworkMethod.java:41)
	at org.junit.internal.runners.statements.RunBefores.evaluate(RunBefores.java:27)
	at org.junit.internal.runners.statements.RunAfters.evaluate(RunAfters.java:31)
	at org.junit.runners.ParentRunner.runLeaf(ParentRunner.java:263)
	at org.junit.runners.BlockJUnit4ClassRunner.runChild(BlockJUnit4ClassRunner.java:69)
	at org.junit.runners.BlockJUnit4ClassRunner.runChild(BlockJUnit4ClassRunner.java:48)
	at org.junit.runners.ParentRunner$3.run(ParentRunner.java:231)
	at org.junit.runners.ParentRunner$1.schedule(ParentRunner.java:60)
	at org.junit.runners.ParentRunner.runChildren(ParentRunner.java:229)
	at org.junit.runners.ParentRunner.access$000(ParentRunner.java:50)
	at org.junit.runners.ParentRunner$2.evaluate(ParentRunner.java:222)
	at org.junit.runners.ParentRunner.run(ParentRunner.java:292)
	at org.apache.maven.surefire.junit4.JUnit4Provider.execute(JUnit4Provider.java:252)
	at org.apache.maven.surefire.junit4.JUnit4Provider.executeTestSet(JUnit4Provider.java:141)
	at org.apache.maven.surefire.junit4.JUnit4Provider.invoke(JUnit4Provider.java:112)
	at java.base/jdk.internal.reflect.NativeMethodAccessorImpl.invoke0(Native Method)
	at java.base/jdk.internal.reflect.NativeMethodAccessorImpl.invoke(NativeMethodAccessorImpl.java:62)
	at java.base/jdk.internal.reflect.DelegatingMethodAccessorImpl.invoke(DelegatingMethodAccessorImpl.java:43)
	at java.base/java.lang.reflect.Method.invoke(Method.java:564)
	at org.apache.maven.surefire.util.ReflectionUtils.invokeMethodWithArray(ReflectionUtils.java:189)
	at org.apache.maven.surefire.booter.ProviderFactory$ProviderProxy.invoke(ProviderFactory.java:165)
	at org.apache.maven.surefire.booter.ProviderFactory.invokeProvider(ProviderFactory.java:85)
	at org.apache.maven.surefire.booter.ForkedBooter.runSuitesInProcess(ForkedBooter.java:115)
	at org.apache.maven.surefire.booter.ForkedBooter.main(ForkedBooter.java:75)

WARNING: HK2 service reification failed for [org.glassfish.jersey.jaxb.internal.XmlCollectionJaxbProvider$General] with an exception:
MultiException stack 1 of 2
java.lang.NoClassDefFoundError: javax/xml/bind/PropertyException
	at java.base/java.lang.Class.getDeclaredConstructors0(Native Method)
	at java.base/java.lang.Class.privateGetDeclaredConstructors(Class.java:3090)
	at java.base/java.lang.Class.getDeclaredConstructors(Class.java:2316)
	at org.jvnet.hk2.internal.Utilities$3.run(Utilities.java:1308)
	at org.jvnet.hk2.internal.Utilities$3.run(Utilities.java:1304)
	at java.base/java.security.AccessController.doPrivileged(Native Method)
	at org.jvnet.hk2.internal.Utilities.getAllConstructors(Utilities.java:1304)
	at org.jvnet.hk2.internal.Utilities.findProducerConstructor(Utilities.java:1247)
	at org.jvnet.hk2.internal.DefaultClassAnalyzer.getConstructor(DefaultClassAnalyzer.java:83)
	at org.glassfish.jersey.internal.inject.JerseyClassAnalyzer.getConstructor(JerseyClassAnalyzer.java:144)
	at org.jvnet.hk2.internal.Utilities.getConstructor(Utilities.java:178)
	at org.jvnet.hk2.internal.ClazzCreator.initialize(ClazzCreator.java:129)
	at org.jvnet.hk2.internal.ClazzCreator.initialize(ClazzCreator.java:180)
	at org.jvnet.hk2.internal.SystemDescriptor.internalReify(SystemDescriptor.java:740)
	at org.jvnet.hk2.internal.SystemDescriptor.reify(SystemDescriptor.java:694)
	at org.jvnet.hk2.internal.ServiceLocatorImpl.reifyDescriptor(ServiceLocatorImpl.java:461)
	at org.jvnet.hk2.internal.ServiceLocatorImpl.narrow(ServiceLocatorImpl.java:2288)
	at org.jvnet.hk2.internal.ServiceLocatorImpl.access$1200(ServiceLocatorImpl.java:125)
	at org.jvnet.hk2.internal.ServiceLocatorImpl$9.compute(ServiceLocatorImpl.java:1373)
	at org.jvnet.hk2.internal.ServiceLocatorImpl$9.compute(ServiceLocatorImpl.java:1368)
	at org.glassfish.hk2.utilities.cache.internal.WeakCARCacheImpl.compute(WeakCARCacheImpl.java:116)
	at org.jvnet.hk2.internal.ServiceLocatorImpl.internalGetAllServiceHandles(ServiceLocatorImpl.java:1430)
	at org.jvnet.hk2.internal.ServiceLocatorImpl.getAllServiceHandles(ServiceLocatorImpl.java:1355)
	at org.jvnet.hk2.internal.ServiceLocatorImpl.getAllServiceHandles(ServiceLocatorImpl.java:1344)
	at org.glassfish.jersey.internal.inject.Providers.getServiceHandles(Providers.java:354)
	at org.glassfish.jersey.internal.inject.Providers.getProviders(Providers.java:187)
	at org.glassfish.jersey.message.internal.MessageBodyFactory.&lt;init&gt;(MessageBodyFactory.java:248)
	at java.base/jdk.internal.reflect.NativeConstructorAccessorImpl.newInstance0(Native Method)
	at java.base/jdk.internal.reflect.NativeConstructorAccessorImpl.newInstance(NativeConstructorAccessorImpl.java:62)
	at java.base/jdk.internal.reflect.DelegatingConstructorAccessorImpl.newInstance(DelegatingConstructorAccessorImpl.java:45)
	at java.base/java.lang.reflect.Constructor.newInstance(Constructor.java:488)
	at org.glassfish.hk2.utilities.reflection.ReflectionHelper.makeMe(ReflectionHelper.java:1375)
	at org.jvnet.hk2.internal.ClazzCreator.createMe(ClazzCreator.java:272)
	at org.jvnet.hk2.internal.ClazzCreator.create(ClazzCreator.java:366)
	at org.jvnet.hk2.internal.SystemDescriptor.create(SystemDescriptor.java:487)
	at org.jvnet.hk2.internal.SingletonContext$1.compute(SingletonContext.java:83)
	at org.jvnet.hk2.internal.SingletonContext$1.compute(SingletonContext.java:71)
	at org.glassfish.hk2.utilities.cache.Cache$OriginThreadAwareFuture$1.call(Cache.java:97)
	at java.base/java.util.concurrent.FutureTask.run(FutureTask.java:264)
	at org.glassfish.hk2.utilities.cache.Cache$OriginThreadAwareFuture.run(Cache.java:154)
	at org.glassfish.hk2.utilities.cache.Cache.compute(Cache.java:199)
	at org.jvnet.hk2.internal.SingletonContext.findOrCreate(SingletonContext.java:122)
	at org.jvnet.hk2.internal.Utilities.createService(Utilities.java:2022)
	at org.jvnet.hk2.internal.ServiceLocatorImpl.internalGetService(ServiceLocatorImpl.java:774)
	at org.jvnet.hk2.internal.ServiceLocatorImpl.internalGetService(ServiceLocatorImpl.java:737)
	at org.jvnet.hk2.internal.ServiceLocatorImpl.getService(ServiceLocatorImpl.java:707)
	at org.glassfish.jersey.server.model.ComponentModelValidator.&lt;init&gt;(ComponentModelValidator.java:97)
	at org.glassfish.jersey.server.ApplicationHandler.initialize(ApplicationHandler.java:549)
	at org.glassfish.jersey.server.ApplicationHandler.access$500(ApplicationHandler.java:184)
	at org.glassfish.jersey.server.ApplicationHandler$3.call(ApplicationHandler.java:350)
	at org.glassfish.jersey.server.ApplicationHandler$3.call(ApplicationHandler.java:347)
	at org.glassfish.jersey.internal.Errors.process(Errors.java:315)
	at org.glassfish.jersey.internal.Errors.process(Errors.java:297)
	at org.glassfish.jersey.internal.Errors.processWithException(Errors.java:255)
	at org.glassfish.jersey.server.ApplicationHandler.&lt;init&gt;(ApplicationHandler.java:347)
	at org.glassfish.jersey.server.ApplicationHandler.&lt;init&gt;(ApplicationHandler.java:311)
	at org.glassfish.jersey.grizzly2.httpserver.GrizzlyHttpContainer.&lt;init&gt;(GrizzlyHttpContainer.java:337)
	at org.glassfish.jersey.grizzly2.httpserver.GrizzlyHttpServerFactory.createHttpServer(GrizzlyHttpServerFactory.java:119)
	at com.example.Main.startServer(Main.java:30)
	at com.example.MyResourceTest.setUp(MyResourceTest.java:22)
	at java.base/jdk.internal.reflect.NativeMethodAccessorImpl.invoke0(Native Method)
	at java.base/jdk.internal.reflect.NativeMethodAccessorImpl.invoke(NativeMethodAccessorImpl.java:62)
	at java.base/jdk.internal.reflect.DelegatingMethodAccessorImpl.invoke(DelegatingMethodAccessorImpl.java:43)
	at java.base/java.lang.reflect.Method.invoke(Method.java:564)
	at org.junit.runners.model.FrameworkMethod$1.runReflectiveCall(FrameworkMethod.java:44)
	at org.junit.internal.runners.model.ReflectiveCallable.run(ReflectiveCallable.java:15)
	at org.junit.runners.model.FrameworkMethod.invokeExplosively(FrameworkMethod.java:41)
	at org.junit.internal.runners.statements.RunBefores.evaluate(RunBefores.java:27)
	at org.junit.internal.runners.statements.RunAfters.evaluate(RunAfters.java:31)
	at org.junit.runners.ParentRunner.runLeaf(ParentRunner.java:263)
	at org.junit.runners.BlockJUnit4ClassRunner.runChild(BlockJUnit4ClassRunner.java:69)
	at org.junit.runners.BlockJUnit4ClassRunner.runChild(BlockJUnit4ClassRunner.java:48)
	at org.junit.runners.ParentRunner$3.run(ParentRunner.java:231)
	at org.junit.runners.ParentRunner$1.schedule(ParentRunner.java:60)
	at org.junit.runners.ParentRunner.runChildren(ParentRunner.java:229)
	at org.junit.runners.ParentRunner.access$000(ParentRunner.java:50)
	at org.junit.runners.ParentRunner$2.evaluate(ParentRunner.java:222)
	at org.junit.runners.ParentRunner.run(ParentRunner.java:292)
	at org.apache.maven.surefire.junit4.JUnit4Provider.execute(JUnit4Provider.java:252)
	at org.apache.maven.surefire.junit4.JUnit4Provider.executeTestSet(JUnit4Provider.java:141)
	at org.apache.maven.surefire.junit4.JUnit4Provider.invoke(JUnit4Provider.java:112)
	at java.base/jdk.internal.reflect.NativeMethodAccessorImpl.invoke0(Native Method)
	at java.base/jdk.internal.reflect.NativeMethodAccessorImpl.invoke(NativeMethodAccessorImpl.java:62)
	at java.base/jdk.internal.reflect.DelegatingMethodAccessorImpl.invoke(DelegatingMethodAccessorImpl.java:43)
	at java.base/java.lang.reflect.Method.invoke(Method.java:564)
	at org.apache.maven.surefire.util.ReflectionUtils.invokeMethodWithArray(ReflectionUtils.java:189)
	at org.apache.maven.surefire.booter.ProviderFactory$ProviderProxy.invoke(ProviderFactory.java:165)
	at org.apache.maven.surefire.booter.ProviderFactory.invokeProvider(ProviderFactory.java:85)
	at org.apache.maven.surefire.booter.ForkedBooter.runSuitesInProcess(ForkedBooter.java:115)
	at org.apache.maven.surefire.booter.ForkedBooter.main(ForkedBooter.java:75)
Caused by: java.lang.ClassNotFoundException: javax.xml.bind.PropertyException
	at java.base/jdk.internal.loader.BuiltinClassLoader.loadClass(BuiltinClassLoader.java:582)
	at java.base/jdk.internal.loader.ClassLoaders$AppClassLoader.loadClass(ClassLoaders.java:190)
	at java.base/java.lang.ClassLoader.loadClass(ClassLoader.java:499)
	... 90 more
MultiException stack 2 of 2
java.lang.IllegalArgumentException: Errors were discovered while reifying SystemDescriptor(
	implementation=org.glassfish.jersey.jaxb.internal.XmlCollectionJaxbProvider$General
	contracts={javax.ws.rs.ext.MessageBodyWriter,javax.ws.rs.ext.MessageBodyReader}
	scope=javax.inject.Singleton
	qualifiers={}
	descriptorType=CLASS
	descriptorVisibility=NORMAL
	metadata=
	rank=0
	loader=org.glassfish.hk2.utilities.binding.AbstractBinder$2@16fdec90
	proxiable=null
	proxyForSameScope=null
	analysisName=null
	id=106
	locatorId=0
	identityHashCode=1077873186
	reified=false)
	at org.jvnet.hk2.internal.SystemDescriptor.reify(SystemDescriptor.java:705)
	at org.jvnet.hk2.internal.ServiceLocatorImpl.reifyDescriptor(ServiceLocatorImpl.java:461)
	at org.jvnet.hk2.internal.ServiceLocatorImpl.narrow(ServiceLocatorImpl.java:2288)
	at org.jvnet.hk2.internal.ServiceLocatorImpl.access$1200(ServiceLocatorImpl.java:125)
	at org.jvnet.hk2.internal.ServiceLocatorImpl$9.compute(ServiceLocatorImpl.java:1373)
	at org.jvnet.hk2.internal.ServiceLocatorImpl$9.compute(ServiceLocatorImpl.java:1368)
	at org.glassfish.hk2.utilities.cache.internal.WeakCARCacheImpl.compute(WeakCARCacheImpl.java:116)
	at org.jvnet.hk2.internal.ServiceLocatorImpl.internalGetAllServiceHandles(ServiceLocatorImpl.java:1430)
	at org.jvnet.hk2.internal.ServiceLocatorImpl.getAllServiceHandles(ServiceLocatorImpl.java:1355)
	at org.jvnet.hk2.internal.ServiceLocatorImpl.getAllServiceHandles(ServiceLocatorImpl.java:1344)
	at org.glassfish.jersey.internal.inject.Providers.getServiceHandles(Providers.java:354)
	at org.glassfish.jersey.internal.inject.Providers.getProviders(Providers.java:187)
	at org.glassfish.jersey.message.internal.MessageBodyFactory.&lt;init&gt;(MessageBodyFactory.java:248)
	at java.base/jdk.internal.reflect.NativeConstructorAccessorImpl.newInstance0(Native Method)
	at java.base/jdk.internal.reflect.NativeConstructorAccessorImpl.newInstance(NativeConstructorAccessorImpl.java:62)
	at java.base/jdk.internal.reflect.DelegatingConstructorAccessorImpl.newInstance(DelegatingConstructorAccessorImpl.java:45)
	at java.base/java.lang.reflect.Constructor.newInstance(Constructor.java:488)
	at org.glassfish.hk2.utilities.reflection.ReflectionHelper.makeMe(ReflectionHelper.java:1375)
	at org.jvnet.hk2.internal.ClazzCreator.createMe(ClazzCreator.java:272)
	at org.jvnet.hk2.internal.ClazzCreator.create(ClazzCreator.java:366)
	at org.jvnet.hk2.internal.SystemDescriptor.create(SystemDescriptor.java:487)
	at org.jvnet.hk2.internal.SingletonContext$1.compute(SingletonContext.java:83)
	at org.jvnet.hk2.internal.SingletonContext$1.compute(SingletonContext.java:71)
	at org.glassfish.hk2.utilities.cache.Cache$OriginThreadAwareFuture$1.call(Cache.java:97)
	at java.base/java.util.concurrent.FutureTask.run(FutureTask.java:264)
	at org.glassfish.hk2.utilities.cache.Cache$OriginThreadAwareFuture.run(Cache.java:154)
	at org.glassfish.hk2.utilities.cache.Cache.compute(Cache.java:199)
	at org.jvnet.hk2.internal.SingletonContext.findOrCreate(SingletonContext.java:122)
	at org.jvnet.hk2.internal.Utilities.createService(Utilities.java:2022)
	at org.jvnet.hk2.internal.ServiceLocatorImpl.internalGetService(ServiceLocatorImpl.java:774)
	at org.jvnet.hk2.internal.ServiceLocatorImpl.internalGetService(ServiceLocatorImpl.java:737)
	at org.jvnet.hk2.internal.ServiceLocatorImpl.getService(ServiceLocatorImpl.java:707)
	at org.glassfish.jersey.server.model.ComponentModelValidator.&lt;init&gt;(ComponentModelValidator.java:97)
	at org.glassfish.jersey.server.ApplicationHandler.initialize(ApplicationHandler.java:549)
	at org.glassfish.jersey.server.ApplicationHandler.access$500(ApplicationHandler.java:184)
	at org.glassfish.jersey.server.ApplicationHandler$3.call(ApplicationHandler.java:350)
	at org.glassfish.jersey.server.ApplicationHandler$3.call(ApplicationHandler.java:347)
	at org.glassfish.jersey.internal.Errors.process(Errors.java:315)
	at org.glassfish.jersey.internal.Errors.process(Errors.java:297)
	at org.glassfish.jersey.internal.Errors.processWithException(Errors.java:255)
	at org.glassfish.jersey.server.ApplicationHandler.&lt;init&gt;(ApplicationHandler.java:347)
	at org.glassfish.jersey.server.ApplicationHandler.&lt;init&gt;(ApplicationHandler.java:311)
	at org.glassfish.jersey.grizzly2.httpserver.GrizzlyHttpContainer.&lt;init&gt;(GrizzlyHttpContainer.java:337)
	at org.glassfish.jersey.grizzly2.httpserver.GrizzlyHttpServerFactory.createHttpServer(GrizzlyHttpServerFactory.java:119)
	at com.example.Main.startServer(Main.java:30)
	at com.example.MyResourceTest.setUp(MyResourceTest.java:22)
	at java.base/jdk.internal.reflect.NativeMethodAccessorImpl.invoke0(Native Method)
	at java.base/jdk.internal.reflect.NativeMethodAccessorImpl.invoke(NativeMethodAccessorImpl.java:62)
	at java.base/jdk.internal.reflect.DelegatingMethodAccessorImpl.invoke(DelegatingMethodAccessorImpl.java:43)
	at java.base/java.lang.reflect.Method.invoke(Method.java:564)
	at org.junit.runners.model.FrameworkMethod$1.runReflectiveCall(FrameworkMethod.java:44)
	at org.junit.internal.runners.model.ReflectiveCallable.run(ReflectiveCallable.java:15)
	at org.junit.runners.model.FrameworkMethod.invokeExplosively(FrameworkMethod.java:41)
	at org.junit.internal.runners.statements.RunBefores.evaluate(RunBefores.java:27)
	at org.junit.internal.runners.statements.RunAfters.evaluate(RunAfters.java:31)
	at org.junit.runners.ParentRunner.runLeaf(ParentRunner.java:263)
	at org.junit.runners.BlockJUnit4ClassRunner.runChild(BlockJUnit4ClassRunner.java:69)
	at org.junit.runners.BlockJUnit4ClassRunner.runChild(BlockJUnit4ClassRunner.java:48)
	at org.junit.runners.ParentRunner$3.run(ParentRunner.java:231)
	at org.junit.runners.ParentRunner$1.schedule(ParentRunner.java:60)
	at org.junit.runners.ParentRunner.runChildren(ParentRunner.java:229)
	at org.junit.runners.ParentRunner.access$000(ParentRunner.java:50)
	at org.junit.runners.ParentRunner$2.evaluate(ParentRunner.java:222)
	at org.junit.runners.ParentRunner.run(ParentRunner.java:292)
	at org.apache.maven.surefire.junit4.JUnit4Provider.execute(JUnit4Provider.java:252)
	at org.apache.maven.surefire.junit4.JUnit4Provider.executeTestSet(JUnit4Provider.java:141)
	at org.apache.maven.surefire.junit4.JUnit4Provider.invoke(JUnit4Provider.java:112)
	at java.base/jdk.internal.reflect.NativeMethodAccessorImpl.invoke0(Native Method)
	at java.base/jdk.internal.reflect.NativeMethodAccessorImpl.invoke(NativeMethodAccessorImpl.java:62)
	at java.base/jdk.internal.reflect.DelegatingMethodAccessorImpl.invoke(DelegatingMethodAccessorImpl.java:43)
	at java.base/java.lang.reflect.Method.invoke(Method.java:564)
	at org.apache.maven.surefire.util.ReflectionUtils.invokeMethodWithArray(ReflectionUtils.java:189)
	at org.apache.maven.surefire.booter.ProviderFactory$ProviderProxy.invoke(ProviderFactory.java:165)
	at org.apache.maven.surefire.booter.ProviderFactory.invokeProvider(ProviderFactory.java:85)
	at org.apache.maven.surefire.booter.ForkedBooter.runSuitesInProcess(ForkedBooter.java:115)
	at org.apache.maven.surefire.booter.ForkedBooter.main(ForkedBooter.java:75)

WARNING: HK2 service reification failed for [org.glassfish.jersey.jaxb.internal.XmlRootElementJaxbProvider$App] with an exception:
MultiException stack 1 of 2
java.lang.NoClassDefFoundError: javax/xml/bind/PropertyException
	at java.base/java.lang.Class.getDeclaredConstructors0(Native Method)
	at java.base/java.lang.Class.privateGetDeclaredConstructors(Class.java:3090)
	at java.base/java.lang.Class.getDeclaredConstructors(Class.java:2316)
	at org.jvnet.hk2.internal.Utilities$3.run(Utilities.java:1308)
	at org.jvnet.hk2.internal.Utilities$3.run(Utilities.java:1304)
	at java.base/java.security.AccessController.doPrivileged(Native Method)
	at org.jvnet.hk2.internal.Utilities.getAllConstructors(Utilities.java:1304)
	at org.jvnet.hk2.internal.Utilities.findProducerConstructor(Utilities.java:1247)
	at org.jvnet.hk2.internal.DefaultClassAnalyzer.getConstructor(DefaultClassAnalyzer.java:83)
	at org.glassfish.jersey.internal.inject.JerseyClassAnalyzer.getConstructor(JerseyClassAnalyzer.java:144)
	at org.jvnet.hk2.internal.Utilities.getConstructor(Utilities.java:178)
	at org.jvnet.hk2.internal.ClazzCreator.initialize(ClazzCreator.java:129)
	at org.jvnet.hk2.internal.ClazzCreator.initialize(ClazzCreator.java:180)
	at org.jvnet.hk2.internal.SystemDescriptor.internalReify(SystemDescriptor.java:740)
	at org.jvnet.hk2.internal.SystemDescriptor.reify(SystemDescriptor.java:694)
	at org.jvnet.hk2.internal.ServiceLocatorImpl.reifyDescriptor(ServiceLocatorImpl.java:461)
	at org.jvnet.hk2.internal.ServiceLocatorImpl.narrow(ServiceLocatorImpl.java:2288)
	at org.jvnet.hk2.internal.ServiceLocatorImpl.access$1200(ServiceLocatorImpl.java:125)
	at org.jvnet.hk2.internal.ServiceLocatorImpl$9.compute(ServiceLocatorImpl.java:1373)
	at org.jvnet.hk2.internal.ServiceLocatorImpl$9.compute(ServiceLocatorImpl.java:1368)
	at org.glassfish.hk2.utilities.cache.internal.WeakCARCacheImpl.compute(WeakCARCacheImpl.java:116)
	at org.jvnet.hk2.internal.ServiceLocatorImpl.internalGetAllServiceHandles(ServiceLocatorImpl.java:1430)
	at org.jvnet.hk2.internal.ServiceLocatorImpl.getAllServiceHandles(ServiceLocatorImpl.java:1355)
	at org.jvnet.hk2.internal.ServiceLocatorImpl.getAllServiceHandles(ServiceLocatorImpl.java:1344)
	at org.glassfish.jersey.internal.inject.Providers.getServiceHandles(Providers.java:354)
	at org.glassfish.jersey.internal.inject.Providers.getProviders(Providers.java:187)
	at org.glassfish.jersey.message.internal.MessageBodyFactory.&lt;init&gt;(MessageBodyFactory.java:248)
	at java.base/jdk.internal.reflect.NativeConstructorAccessorImpl.newInstance0(Native Method)
	at java.base/jdk.internal.reflect.NativeConstructorAccessorImpl.newInstance(NativeConstructorAccessorImpl.java:62)
	at java.base/jdk.internal.reflect.DelegatingConstructorAccessorImpl.newInstance(DelegatingConstructorAccessorImpl.java:45)
	at java.base/java.lang.reflect.Constructor.newInstance(Constructor.java:488)
	at org.glassfish.hk2.utilities.reflection.ReflectionHelper.makeMe(ReflectionHelper.java:1375)
	at org.jvnet.hk2.internal.ClazzCreator.createMe(ClazzCreator.java:272)
	at org.jvnet.hk2.internal.ClazzCreator.create(ClazzCreator.java:366)
	at org.jvnet.hk2.internal.SystemDescriptor.create(SystemDescriptor.java:487)
	at org.jvnet.hk2.internal.SingletonContext$1.compute(SingletonContext.java:83)
	at org.jvnet.hk2.internal.SingletonContext$1.compute(SingletonContext.java:71)
	at org.glassfish.hk2.utilities.cache.Cache$OriginThreadAwareFuture$1.call(Cache.java:97)
	at java.base/java.util.concurrent.FutureTask.run(FutureTask.java:264)
	at org.glassfish.hk2.utilities.cache.Cache$OriginThreadAwareFuture.run(Cache.java:154)
	at org.glassfish.hk2.utilities.cache.Cache.compute(Cache.java:199)
	at org.jvnet.hk2.internal.SingletonContext.findOrCreate(SingletonContext.java:122)
	at org.jvnet.hk2.internal.Utilities.createService(Utilities.java:2022)
	at org.jvnet.hk2.internal.ServiceLocatorImpl.internalGetService(ServiceLocatorImpl.java:774)
	at org.jvnet.hk2.internal.ServiceLocatorImpl.internalGetService(ServiceLocatorImpl.java:737)
	at org.jvnet.hk2.internal.ServiceLocatorImpl.getService(ServiceLocatorImpl.java:707)
	at org.glassfish.jersey.server.model.ComponentModelValidator.&lt;init&gt;(ComponentModelValidator.java:97)
	at org.glassfish.jersey.server.ApplicationHandler.initialize(ApplicationHandler.java:549)
	at org.glassfish.jersey.server.ApplicationHandler.access$500(ApplicationHandler.java:184)
	at org.glassfish.jersey.server.ApplicationHandler$3.call(ApplicationHandler.java:350)
	at org.glassfish.jersey.server.ApplicationHandler$3.call(ApplicationHandler.java:347)
	at org.glassfish.jersey.internal.Errors.process(Errors.java:315)
	at org.glassfish.jersey.internal.Errors.process(Errors.java:297)
	at org.glassfish.jersey.internal.Errors.processWithException(Errors.java:255)
	at org.glassfish.jersey.server.ApplicationHandler.&lt;init&gt;(ApplicationHandler.java:347)
	at org.glassfish.jersey.server.ApplicationHandler.&lt;init&gt;(ApplicationHandler.java:311)
	at org.glassfish.jersey.grizzly2.httpserver.GrizzlyHttpContainer.&lt;init&gt;(GrizzlyHttpContainer.java:337)
	at org.glassfish.jersey.grizzly2.httpserver.GrizzlyHttpServerFactory.createHttpServer(GrizzlyHttpServerFactory.java:119)
	at com.example.Main.startServer(Main.java:30)
	at com.example.MyResourceTest.setUp(MyResourceTest.java:22)
	at java.base/jdk.internal.reflect.NativeMethodAccessorImpl.invoke0(Native Method)
	at java.base/jdk.internal.reflect.NativeMethodAccessorImpl.invoke(NativeMethodAccessorImpl.java:62)
	at java.base/jdk.internal.reflect.DelegatingMethodAccessorImpl.invoke(DelegatingMethodAccessorImpl.java:43)
	at java.base/java.lang.reflect.Method.invoke(Method.java:564)
	at org.junit.runners.model.FrameworkMethod$1.runReflectiveCall(FrameworkMethod.java:44)
	at org.junit.internal.runners.model.ReflectiveCallable.run(ReflectiveCallable.java:15)
	at org.junit.runners.model.FrameworkMethod.invokeExplosively(FrameworkMethod.java:41)
	at org.junit.internal.runners.statements.RunBefores.evaluate(RunBefores.java:27)
	at org.junit.internal.runners.statements.RunAfters.evaluate(RunAfters.java:31)
	at org.junit.runners.ParentRunner.runLeaf(ParentRunner.java:263)
	at org.junit.runners.BlockJUnit4ClassRunner.runChild(BlockJUnit4ClassRunner.java:69)
	at org.junit.runners.BlockJUnit4ClassRunner.runChild(BlockJUnit4ClassRunner.java:48)
	at org.junit.runners.ParentRunner$3.run(ParentRunner.java:231)
	at org.junit.runners.ParentRunner$1.schedule(ParentRunner.java:60)
	at org.junit.runners.ParentRunner.runChildren(ParentRunner.java:229)
	at org.junit.runners.ParentRunner.access$000(ParentRunner.java:50)
	at org.junit.runners.ParentRunner$2.evaluate(ParentRunner.java:222)
	at org.junit.runners.ParentRunner.run(ParentRunner.java:292)
	at org.apache.maven.surefire.junit4.JUnit4Provider.execute(JUnit4Provider.java:252)
	at org.apache.maven.surefire.junit4.JUnit4Provider.executeTestSet(JUnit4Provider.java:141)
	at org.apache.maven.surefire.junit4.JUnit4Provider.invoke(JUnit4Provider.java:112)
	at java.base/jdk.internal.reflect.NativeMethodAccessorImpl.invoke0(Native Method)
	at java.base/jdk.internal.reflect.NativeMethodAccessorImpl.invoke(NativeMethodAccessorImpl.java:62)
	at java.base/jdk.internal.reflect.DelegatingMethodAccessorImpl.invoke(DelegatingMethodAccessorImpl.java:43)
	at java.base/java.lang.reflect.Method.invoke(Method.java:564)
	at org.apache.maven.surefire.util.ReflectionUtils.invokeMethodWithArray(ReflectionUtils.java:189)
	at org.apache.maven.surefire.booter.ProviderFactory$ProviderProxy.invoke(ProviderFactory.java:165)
	at org.apache.maven.surefire.booter.ProviderFactory.invokeProvider(ProviderFactory.java:85)
	at org.apache.maven.surefire.booter.ForkedBooter.runSuitesInProcess(ForkedBooter.java:115)
	at org.apache.maven.surefire.booter.ForkedBooter.main(ForkedBooter.java:75)
Caused by: java.lang.ClassNotFoundException: javax.xml.bind.PropertyException
	at java.base/jdk.internal.loader.BuiltinClassLoader.loadClass(BuiltinClassLoader.java:582)
	at java.base/jdk.internal.loader.ClassLoaders$AppClassLoader.loadClass(ClassLoaders.java:190)
	at java.base/java.lang.ClassLoader.loadClass(ClassLoader.java:499)
	... 90 more
MultiException stack 2 of 2
java.lang.IllegalArgumentException: Errors were discovered while reifying SystemDescriptor(
	implementation=org.glassfish.jersey.jaxb.internal.XmlRootElementJaxbProvider$App
	contracts={javax.ws.rs.ext.MessageBodyWriter,javax.ws.rs.ext.MessageBodyReader}
	scope=javax.inject.Singleton
	qualifiers={}
	descriptorType=CLASS
	descriptorVisibility=NORMAL
	metadata=
	rank=0
	loader=org.glassfish.hk2.utilities.binding.AbstractBinder$2@16fdec90
	proxiable=null
	proxyForSameScope=null
	analysisName=null
	id=107
	locatorId=0
	identityHashCode=1771421544
	reified=false)
	at org.jvnet.hk2.internal.SystemDescriptor.reify(SystemDescriptor.java:705)
	at org.jvnet.hk2.internal.ServiceLocatorImpl.reifyDescriptor(ServiceLocatorImpl.java:461)
	at org.jvnet.hk2.internal.ServiceLocatorImpl.narrow(ServiceLocatorImpl.java:2288)
	at org.jvnet.hk2.internal.ServiceLocatorImpl.access$1200(ServiceLocatorImpl.java:125)
	at org.jvnet.hk2.internal.ServiceLocatorImpl$9.compute(ServiceLocatorImpl.java:1373)
	at org.jvnet.hk2.internal.ServiceLocatorImpl$9.compute(ServiceLocatorImpl.java:1368)
	at org.glassfish.hk2.utilities.cache.internal.WeakCARCacheImpl.compute(WeakCARCacheImpl.java:116)
	at org.jvnet.hk2.internal.ServiceLocatorImpl.internalGetAllServiceHandles(ServiceLocatorImpl.java:1430)
	at org.jvnet.hk2.internal.ServiceLocatorImpl.getAllServiceHandles(ServiceLocatorImpl.java:1355)
	at org.jvnet.hk2.internal.ServiceLocatorImpl.getAllServiceHandles(ServiceLocatorImpl.java:1344)
	at org.glassfish.jersey.internal.inject.Providers.getServiceHandles(Providers.java:354)
	at org.glassfish.jersey.internal.inject.Providers.getProviders(Providers.java:187)
	at org.glassfish.jersey.message.internal.MessageBodyFactory.&lt;init&gt;(MessageBodyFactory.java:248)
	at java.base/jdk.internal.reflect.NativeConstructorAccessorImpl.newInstance0(Native Method)
	at java.base/jdk.internal.reflect.NativeConstructorAccessorImpl.newInstance(NativeConstructorAccessorImpl.java:62)
	at java.base/jdk.internal.reflect.DelegatingConstructorAccessorImpl.newInstance(DelegatingConstructorAccessorImpl.java:45)
	at java.base/java.lang.reflect.Constructor.newInstance(Constructor.java:488)
	at org.glassfish.hk2.utilities.reflection.ReflectionHelper.makeMe(ReflectionHelper.java:1375)
	at org.jvnet.hk2.internal.ClazzCreator.createMe(ClazzCreator.java:272)
	at org.jvnet.hk2.internal.ClazzCreator.create(ClazzCreator.java:366)
	at org.jvnet.hk2.internal.SystemDescriptor.create(SystemDescriptor.java:487)
	at org.jvnet.hk2.internal.SingletonContext$1.compute(SingletonContext.java:83)
	at org.jvnet.hk2.internal.SingletonContext$1.compute(SingletonContext.java:71)
	at org.glassfish.hk2.utilities.cache.Cache$OriginThreadAwareFuture$1.call(Cache.java:97)
	at java.base/java.util.concurrent.FutureTask.run(FutureTask.java:264)
	at org.glassfish.hk2.utilities.cache.Cache$OriginThreadAwareFuture.run(Cache.java:154)
	at org.glassfish.hk2.utilities.cache.Cache.compute(Cache.java:199)
	at org.jvnet.hk2.internal.SingletonContext.findOrCreate(SingletonContext.java:122)
	at org.jvnet.hk2.internal.Utilities.createService(Utilities.java:2022)
	at org.jvnet.hk2.internal.ServiceLocatorImpl.internalGetService(ServiceLocatorImpl.java:774)
	at org.jvnet.hk2.internal.ServiceLocatorImpl.internalGetService(ServiceLocatorImpl.java:737)
	at org.jvnet.hk2.internal.ServiceLocatorImpl.getService(ServiceLocatorImpl.java:707)
	at org.glassfish.jersey.server.model.ComponentModelValidator.&lt;init&gt;(ComponentModelValidator.java:97)
	at org.glassfish.jersey.server.ApplicationHandler.initialize(ApplicationHandler.java:549)
	at org.glassfish.jersey.server.ApplicationHandler.access$500(ApplicationHandler.java:184)
	at org.glassfish.jersey.server.ApplicationHandler$3.call(ApplicationHandler.java:350)
	at org.glassfish.jersey.server.ApplicationHandler$3.call(ApplicationHandler.java:347)
	at org.glassfish.jersey.internal.Errors.process(Errors.java:315)
	at org.glassfish.jersey.internal.Errors.process(Errors.java:297)
	at org.glassfish.jersey.internal.Errors.processWithException(Errors.java:255)
	at org.glassfish.jersey.server.ApplicationHandler.&lt;init&gt;(ApplicationHandler.java:347)
	at org.glassfish.jersey.server.ApplicationHandler.&lt;init&gt;(ApplicationHandler.java:311)
	at org.glassfish.jersey.grizzly2.httpserver.GrizzlyHttpContainer.&lt;init&gt;(GrizzlyHttpContainer.java:337)
	at org.glassfish.jersey.grizzly2.httpserver.GrizzlyHttpServerFactory.createHttpServer(GrizzlyHttpServerFactory.java:119)
	at com.example.Main.startServer(Main.java:30)
	at com.example.MyResourceTest.setUp(MyResourceTest.java:22)
	at java.base/jdk.internal.reflect.NativeMethodAccessorImpl.invoke0(Native Method)
	at java.base/jdk.internal.reflect.NativeMethodAccessorImpl.invoke(NativeMethodAccessorImpl.java:62)
	at java.base/jdk.internal.reflect.DelegatingMethodAccessorImpl.invoke(DelegatingMethodAccessorImpl.java:43)
	at java.base/java.lang.reflect.Method.invoke(Method.java:564)
	at org.junit.runners.model.FrameworkMethod$1.runReflectiveCall(FrameworkMethod.java:44)
	at org.junit.internal.runners.model.ReflectiveCallable.run(ReflectiveCallable.java:15)
	at org.junit.runners.model.FrameworkMethod.invokeExplosively(FrameworkMethod.java:41)
	at org.junit.internal.runners.statements.RunBefores.evaluate(RunBefores.java:27)
	at org.junit.internal.runners.statements.RunAfters.evaluate(RunAfters.java:31)
	at org.junit.runners.ParentRunner.runLeaf(ParentRunner.java:263)
	at org.junit.runners.BlockJUnit4ClassRunner.runChild(BlockJUnit4ClassRunner.java:69)
	at org.junit.runners.BlockJUnit4ClassRunner.runChild(BlockJUnit4ClassRunner.java:48)
	at org.junit.runners.ParentRunner$3.run(ParentRunner.java:231)
	at org.junit.runners.ParentRunner$1.schedule(ParentRunner.java:60)
	at org.junit.runners.ParentRunner.runChildren(ParentRunner.java:229)
	at org.junit.runners.ParentRunner.access$000(ParentRunner.java:50)
	at org.junit.runners.ParentRunner$2.evaluate(ParentRunner.java:222)
	at org.junit.runners.ParentRunner.run(ParentRunner.java:292)
	at org.apache.maven.surefire.junit4.JUnit4Provider.execute(JUnit4Provider.java:252)
	at org.apache.maven.surefire.junit4.JUnit4Provider.executeTestSet(JUnit4Provider.java:141)
	at org.apache.maven.surefire.junit4.JUnit4Provider.invoke(JUnit4Provider.java:112)
	at java.base/jdk.internal.reflect.NativeMethodAccessorImpl.invoke0(Native Method)
	at java.base/jdk.internal.reflect.NativeMethodAccessorImpl.invoke(NativeMethodAccessorImpl.java:62)
	at java.base/jdk.internal.reflect.DelegatingMethodAccessorImpl.invoke(DelegatingMethodAccessorImpl.java:43)
	at java.base/java.lang.reflect.Method.invoke(Method.java:564)
	at org.apache.maven.surefire.util.ReflectionUtils.invokeMethodWithArray(ReflectionUtils.java:189)
	at org.apache.maven.surefire.booter.ProviderFactory$ProviderProxy.invoke(ProviderFactory.java:165)
	at org.apache.maven.surefire.booter.ProviderFactory.invokeProvider(ProviderFactory.java:85)
	at org.apache.maven.surefire.booter.ForkedBooter.runSuitesInProcess(ForkedBooter.java:115)
	at org.apache.maven.surefire.booter.ForkedBooter.main(ForkedBooter.java:75)

WARNING: HK2 service reification failed for [org.glassfish.jersey.jaxb.internal.XmlRootElementJaxbProvider$Text] with an exception:
MultiException stack 1 of 2
java.lang.NoClassDefFoundError: javax/xml/bind/PropertyException
	at java.base/java.lang.Class.getDeclaredConstructors0(Native Method)
	at java.base/java.lang.Class.privateGetDeclaredConstructors(Class.java:3090)
	at java.base/java.lang.Class.getDeclaredConstructors(Class.java:2316)
	at org.jvnet.hk2.internal.Utilities$3.run(Utilities.java:1308)
	at org.jvnet.hk2.internal.Utilities$3.run(Utilities.java:1304)
	at java.base/java.security.AccessController.doPrivileged(Native Method)
	at org.jvnet.hk2.internal.Utilities.getAllConstructors(Utilities.java:1304)
	at org.jvnet.hk2.internal.Utilities.findProducerConstructor(Utilities.java:1247)
	at org.jvnet.hk2.internal.DefaultClassAnalyzer.getConstructor(DefaultClassAnalyzer.java:83)
	at org.glassfish.jersey.internal.inject.JerseyClassAnalyzer.getConstructor(JerseyClassAnalyzer.java:144)
	at org.jvnet.hk2.internal.Utilities.getConstructor(Utilities.java:178)
	at org.jvnet.hk2.internal.ClazzCreator.initialize(ClazzCreator.java:129)
	at org.jvnet.hk2.internal.ClazzCreator.initialize(ClazzCreator.java:180)
	at org.jvnet.hk2.internal.SystemDescriptor.internalReify(SystemDescriptor.java:740)
	at org.jvnet.hk2.internal.SystemDescriptor.reify(SystemDescriptor.java:694)
	at org.jvnet.hk2.internal.ServiceLocatorImpl.reifyDescriptor(ServiceLocatorImpl.java:461)
	at org.jvnet.hk2.internal.ServiceLocatorImpl.narrow(ServiceLocatorImpl.java:2288)
	at org.jvnet.hk2.internal.ServiceLocatorImpl.access$1200(ServiceLocatorImpl.java:125)
	at org.jvnet.hk2.internal.ServiceLocatorImpl$9.compute(ServiceLocatorImpl.java:1373)
	at org.jvnet.hk2.internal.ServiceLocatorImpl$9.compute(ServiceLocatorImpl.java:1368)
	at org.glassfish.hk2.utilities.cache.internal.WeakCARCacheImpl.compute(WeakCARCacheImpl.java:116)
	at org.jvnet.hk2.internal.ServiceLocatorImpl.internalGetAllServiceHandles(ServiceLocatorImpl.java:1430)
	at org.jvnet.hk2.internal.ServiceLocatorImpl.getAllServiceHandles(ServiceLocatorImpl.java:1355)
	at org.jvnet.hk2.internal.ServiceLocatorImpl.getAllServiceHandles(ServiceLocatorImpl.java:1344)
	at org.glassfish.jersey.internal.inject.Providers.getServiceHandles(Providers.java:354)
	at org.glassfish.jersey.internal.inject.Providers.getProviders(Providers.java:187)
	at org.glassfish.jersey.message.internal.MessageBodyFactory.&lt;init&gt;(MessageBodyFactory.java:248)
	at java.base/jdk.internal.reflect.NativeConstructorAccessorImpl.newInstance0(Native Method)
	at java.base/jdk.internal.reflect.NativeConstructorAccessorImpl.newInstance(NativeConstructorAccessorImpl.java:62)
	at java.base/jdk.internal.reflect.DelegatingConstructorAccessorImpl.newInstance(DelegatingConstructorAccessorImpl.java:45)
	at java.base/java.lang.reflect.Constructor.newInstance(Constructor.java:488)
	at org.glassfish.hk2.utilities.reflection.ReflectionHelper.makeMe(ReflectionHelper.java:1375)
	at org.jvnet.hk2.internal.ClazzCreator.createMe(ClazzCreator.java:272)
	at org.jvnet.hk2.internal.ClazzCreator.create(ClazzCreator.java:366)
	at org.jvnet.hk2.internal.SystemDescriptor.create(SystemDescriptor.java:487)
	at org.jvnet.hk2.internal.SingletonContext$1.compute(SingletonContext.java:83)
	at org.jvnet.hk2.internal.SingletonContext$1.compute(SingletonContext.java:71)
	at org.glassfish.hk2.utilities.cache.Cache$OriginThreadAwareFuture$1.call(Cache.java:97)
	at java.base/java.util.concurrent.FutureTask.run(FutureTask.java:264)
	at org.glassfish.hk2.utilities.cache.Cache$OriginThreadAwareFuture.run(Cache.java:154)
	at org.glassfish.hk2.utilities.cache.Cache.compute(Cache.java:199)
	at org.jvnet.hk2.internal.SingletonContext.findOrCreate(SingletonContext.java:122)
	at org.jvnet.hk2.internal.Utilities.createService(Utilities.java:2022)
	at org.jvnet.hk2.internal.ServiceLocatorImpl.internalGetService(ServiceLocatorImpl.java:774)
	at org.jvnet.hk2.internal.ServiceLocatorImpl.internalGetService(ServiceLocatorImpl.java:737)
	at org.jvnet.hk2.internal.ServiceLocatorImpl.getService(ServiceLocatorImpl.java:707)
	at org.glassfish.jersey.server.model.ComponentModelValidator.&lt;init&gt;(ComponentModelValidator.java:97)
	at org.glassfish.jersey.server.ApplicationHandler.initialize(ApplicationHandler.java:549)
	at org.glassfish.jersey.server.ApplicationHandler.access$500(ApplicationHandler.java:184)
	at org.glassfish.jersey.server.ApplicationHandler$3.call(ApplicationHandler.java:350)
	at org.glassfish.jersey.server.ApplicationHandler$3.call(ApplicationHandler.java:347)
	at org.glassfish.jersey.internal.Errors.process(Errors.java:315)
	at org.glassfish.jersey.internal.Errors.process(Errors.java:297)
	at org.glassfish.jersey.internal.Errors.processWithException(Errors.java:255)
	at org.glassfish.jersey.server.ApplicationHandler.&lt;init&gt;(ApplicationHandler.java:347)
	at org.glassfish.jersey.server.ApplicationHandler.&lt;init&gt;(ApplicationHandler.java:311)
	at org.glassfish.jersey.grizzly2.httpserver.GrizzlyHttpContainer.&lt;init&gt;(GrizzlyHttpContainer.java:337)
	at org.glassfish.jersey.grizzly2.httpserver.GrizzlyHttpServerFactory.createHttpServer(GrizzlyHttpServerFactory.java:119)
	at com.example.Main.startServer(Main.java:30)
	at com.example.MyResourceTest.setUp(MyResourceTest.java:22)
	at java.base/jdk.internal.reflect.NativeMethodAccessorImpl.invoke0(Native Method)
	at java.base/jdk.internal.reflect.NativeMethodAccessorImpl.invoke(NativeMethodAccessorImpl.java:62)
	at java.base/jdk.internal.reflect.DelegatingMethodAccessorImpl.invoke(DelegatingMethodAccessorImpl.java:43)
	at java.base/java.lang.reflect.Method.invoke(Method.java:564)
	at org.junit.runners.model.FrameworkMethod$1.runReflectiveCall(FrameworkMethod.java:44)
	at org.junit.internal.runners.model.ReflectiveCallable.run(ReflectiveCallable.java:15)
	at org.junit.runners.model.FrameworkMethod.invokeExplosively(FrameworkMethod.java:41)
	at org.junit.internal.runners.statements.RunBefores.evaluate(RunBefores.java:27)
	at org.junit.internal.runners.statements.RunAfters.evaluate(RunAfters.java:31)
	at org.junit.runners.ParentRunner.runLeaf(ParentRunner.java:263)
	at org.junit.runners.BlockJUnit4ClassRunner.runChild(BlockJUnit4ClassRunner.java:69)
	at org.junit.runners.BlockJUnit4ClassRunner.runChild(BlockJUnit4ClassRunner.java:48)
	at org.junit.runners.ParentRunner$3.run(ParentRunner.java:231)
	at org.junit.runners.ParentRunner$1.schedule(ParentRunner.java:60)
	at org.junit.runners.ParentRunner.runChildren(ParentRunner.java:229)
	at org.junit.runners.ParentRunner.access$000(ParentRunner.java:50)
	at org.junit.runners.ParentRunner$2.evaluate(ParentRunner.java:222)
	at org.junit.runners.ParentRunner.run(ParentRunner.java:292)
	at org.apache.maven.surefire.junit4.JUnit4Provider.execute(JUnit4Provider.java:252)
	at org.apache.maven.surefire.junit4.JUnit4Provider.executeTestSet(JUnit4Provider.java:141)
	at org.apache.maven.surefire.junit4.JUnit4Provider.invoke(JUnit4Provider.java:112)
	at java.base/jdk.internal.reflect.NativeMethodAccessorImpl.invoke0(Native Method)
	at java.base/jdk.internal.reflect.NativeMethodAccessorImpl.invoke(NativeMethodAccessorImpl.java:62)
	at java.base/jdk.internal.reflect.DelegatingMethodAccessorImpl.invoke(DelegatingMethodAccessorImpl.java:43)
	at java.base/java.lang.reflect.Method.invoke(Method.java:564)
	at org.apache.maven.surefire.util.ReflectionUtils.invokeMethodWithArray(ReflectionUtils.java:189)
	at org.apache.maven.surefire.booter.ProviderFactory$ProviderProxy.invoke(ProviderFactory.java:165)
	at org.apache.maven.surefire.booter.ProviderFactory.invokeProvider(ProviderFactory.java:85)
	at org.apache.maven.surefire.booter.ForkedBooter.runSuitesInProcess(ForkedBooter.java:115)
	at org.apache.maven.surefire.booter.ForkedBooter.main(ForkedBooter.java:75)
Caused by: java.lang.ClassNotFoundException: javax.xml.bind.PropertyException
	at java.base/jdk.internal.loader.BuiltinClassLoader.loadClass(BuiltinClassLoader.java:582)
	at java.base/jdk.internal.loader.ClassLoaders$AppClassLoader.loadClass(ClassLoaders.java:190)
	at java.base/java.lang.ClassLoader.loadClass(ClassLoader.java:499)
	... 90 more
MultiException stack 2 of 2
java.lang.IllegalArgumentException: Errors were discovered while reifying SystemDescriptor(
	implementation=org.glassfish.jersey.jaxb.internal.XmlRootElementJaxbProvider$Text
	contracts={javax.ws.rs.ext.MessageBodyWriter,javax.ws.rs.ext.MessageBodyReader}
	scope=javax.inject.Singleton
	qualifiers={}
	descriptorType=CLASS
	descriptorVisibility=NORMAL
	metadata=
	rank=0
	loader=org.glassfish.hk2.utilities.binding.AbstractBinder$2@16fdec90
	proxiable=null
	proxyForSameScope=null
	analysisName=null
	id=108
	locatorId=0
	identityHashCode=896072146
	reified=false)
	at org.jvnet.hk2.internal.SystemDescriptor.reify(SystemDescriptor.java:705)
	at org.jvnet.hk2.internal.ServiceLocatorImpl.reifyDescriptor(ServiceLocatorImpl.java:461)
	at org.jvnet.hk2.internal.ServiceLocatorImpl.narrow(ServiceLocatorImpl.java:2288)
	at org.jvnet.hk2.internal.ServiceLocatorImpl.access$1200(ServiceLocatorImpl.java:125)
	at org.jvnet.hk2.internal.ServiceLocatorImpl$9.compute(ServiceLocatorImpl.java:1373)
	at org.jvnet.hk2.internal.ServiceLocatorImpl$9.compute(ServiceLocatorImpl.java:1368)
	at org.glassfish.hk2.utilities.cache.internal.WeakCARCacheImpl.compute(WeakCARCacheImpl.java:116)
	at org.jvnet.hk2.internal.ServiceLocatorImpl.internalGetAllServiceHandles(ServiceLocatorImpl.java:1430)
	at org.jvnet.hk2.internal.ServiceLocatorImpl.getAllServiceHandles(ServiceLocatorImpl.java:1355)
	at org.jvnet.hk2.internal.ServiceLocatorImpl.getAllServiceHandles(ServiceLocatorImpl.java:1344)
	at org.glassfish.jersey.internal.inject.Providers.getServiceHandles(Providers.java:354)
	at org.glassfish.jersey.internal.inject.Providers.getProviders(Providers.java:187)
	at org.glassfish.jersey.message.internal.MessageBodyFactory.&lt;init&gt;(MessageBodyFactory.java:248)
	at java.base/jdk.internal.reflect.NativeConstructorAccessorImpl.newInstance0(Native Method)
	at java.base/jdk.internal.reflect.NativeConstructorAccessorImpl.newInstance(NativeConstructorAccessorImpl.java:62)
	at java.base/jdk.internal.reflect.DelegatingConstructorAccessorImpl.newInstance(DelegatingConstructorAccessorImpl.java:45)
	at java.base/java.lang.reflect.Constructor.newInstance(Constructor.java:488)
	at org.glassfish.hk2.utilities.reflection.ReflectionHelper.makeMe(ReflectionHelper.java:1375)
	at org.jvnet.hk2.internal.ClazzCreator.createMe(ClazzCreator.java:272)
	at org.jvnet.hk2.internal.ClazzCreator.create(ClazzCreator.java:366)
	at org.jvnet.hk2.internal.SystemDescriptor.create(SystemDescriptor.java:487)
	at org.jvnet.hk2.internal.SingletonContext$1.compute(SingletonContext.java:83)
	at org.jvnet.hk2.internal.SingletonContext$1.compute(SingletonContext.java:71)
	at org.glassfish.hk2.utilities.cache.Cache$OriginThreadAwareFuture$1.call(Cache.java:97)
	at java.base/java.util.concurrent.FutureTask.run(FutureTask.java:264)
	at org.glassfish.hk2.utilities.cache.Cache$OriginThreadAwareFuture.run(Cache.java:154)
	at org.glassfish.hk2.utilities.cache.Cache.compute(Cache.java:199)
	at org.jvnet.hk2.internal.SingletonContext.findOrCreate(SingletonContext.java:122)
	at org.jvnet.hk2.internal.Utilities.createService(Utilities.java:2022)
	at org.jvnet.hk2.internal.ServiceLocatorImpl.internalGetService(ServiceLocatorImpl.java:774)
	at org.jvnet.hk2.internal.ServiceLocatorImpl.internalGetService(ServiceLocatorImpl.java:737)
	at org.jvnet.hk2.internal.ServiceLocatorImpl.getService(ServiceLocatorImpl.java:707)
	at org.glassfish.jersey.server.model.ComponentModelValidator.&lt;init&gt;(ComponentModelValidator.java:97)
	at org.glassfish.jersey.server.ApplicationHandler.initialize(ApplicationHandler.java:549)
	at org.glassfish.jersey.server.ApplicationHandler.access$500(ApplicationHandler.java:184)
	at org.glassfish.jersey.server.ApplicationHandler$3.call(ApplicationHandler.java:350)
	at org.glassfish.jersey.server.ApplicationHandler$3.call(ApplicationHandler.java:347)
	at org.glassfish.jersey.internal.Errors.process(Errors.java:315)
	at org.glassfish.jersey.internal.Errors.process(Errors.java:297)
	at org.glassfish.jersey.internal.Errors.processWithException(Errors.java:255)
	at org.glassfish.jersey.server.ApplicationHandler.&lt;init&gt;(ApplicationHandler.java:347)
	at org.glassfish.jersey.server.ApplicationHandler.&lt;init&gt;(ApplicationHandler.java:311)
	at org.glassfish.jersey.grizzly2.httpserver.GrizzlyHttpContainer.&lt;init&gt;(GrizzlyHttpContainer.java:337)
	at org.glassfish.jersey.grizzly2.httpserver.GrizzlyHttpServerFactory.createHttpServer(GrizzlyHttpServerFactory.java:119)
	at com.example.Main.startServer(Main.java:30)
	at com.example.MyResourceTest.setUp(MyResourceTest.java:22)
	at java.base/jdk.internal.reflect.NativeMethodAccessorImpl.invoke0(Native Method)
	at java.base/jdk.internal.reflect.NativeMethodAccessorImpl.invoke(NativeMethodAccessorImpl.java:62)
	at java.base/jdk.internal.reflect.DelegatingMethodAccessorImpl.invoke(DelegatingMethodAccessorImpl.java:43)
	at java.base/java.lang.reflect.Method.invoke(Method.java:564)
	at org.junit.runners.model.FrameworkMethod$1.runReflectiveCall(FrameworkMethod.java:44)
	at org.junit.internal.runners.model.ReflectiveCallable.run(ReflectiveCallable.java:15)
	at org.junit.runners.model.FrameworkMethod.invokeExplosively(FrameworkMethod.java:41)
	at org.junit.internal.runners.statements.RunBefores.evaluate(RunBefores.java:27)
	at org.junit.internal.runners.statements.RunAfters.evaluate(RunAfters.java:31)
	at org.junit.runners.ParentRunner.runLeaf(ParentRunner.java:263)
	at org.junit.runners.BlockJUnit4ClassRunner.runChild(BlockJUnit4ClassRunner.java:69)
	at org.junit.runners.BlockJUnit4ClassRunner.runChild(BlockJUnit4ClassRunner.java:48)
	at org.junit.runners.ParentRunner$3.run(ParentRunner.java:231)
	at org.junit.runners.ParentRunner$1.schedule(ParentRunner.java:60)
	at org.junit.runners.ParentRunner.runChildren(ParentRunner.java:229)
	at org.junit.runners.ParentRunner.access$000(ParentRunner.java:50)
	at org.junit.runners.ParentRunner$2.evaluate(ParentRunner.java:222)
	at org.junit.runners.ParentRunner.run(ParentRunner.java:292)
	at org.apache.maven.surefire.junit4.JUnit4Provider.execute(JUnit4Provider.java:252)
	at org.apache.maven.surefire.junit4.JUnit4Provider.executeTestSet(JUnit4Provider.java:141)
	at org.apache.maven.surefire.junit4.JUnit4Provider.invoke(JUnit4Provider.java:112)
	at java.base/jdk.internal.reflect.NativeMethodAccessorImpl.invoke0(Native Method)
	at java.base/jdk.internal.reflect.NativeMethodAccessorImpl.invoke(NativeMethodAccessorImpl.java:62)
	at java.base/jdk.internal.reflect.DelegatingMethodAccessorImpl.invoke(DelegatingMethodAccessorImpl.java:43)
	at java.base/java.lang.reflect.Method.invoke(Method.java:564)
	at org.apache.maven.surefire.util.ReflectionUtils.invokeMethodWithArray(ReflectionUtils.java:189)
	at org.apache.maven.surefire.booter.ProviderFactory$ProviderProxy.invoke(ProviderFactory.java:165)
	at org.apache.maven.surefire.booter.ProviderFactory.invokeProvider(ProviderFactory.java:85)
	at org.apache.maven.surefire.booter.ForkedBooter.runSuitesInProcess(ForkedBooter.java:115)
	at org.apache.maven.surefire.booter.ForkedBooter.main(ForkedBooter.java:75)

WARNING: HK2 service reification failed for [org.glassfish.jersey.jaxb.internal.XmlRootElementJaxbProvider$General] with an exception:
MultiException stack 1 of 2
java.lang.NoClassDefFoundError: javax/xml/bind/PropertyException
	at java.base/java.lang.Class.getDeclaredConstructors0(Native Method)
	at java.base/java.lang.Class.privateGetDeclaredConstructors(Class.java:3090)
	at java.base/java.lang.Class.getDeclaredConstructors(Class.java:2316)
	at org.jvnet.hk2.internal.Utilities$3.run(Utilities.java:1308)
	at org.jvnet.hk2.internal.Utilities$3.run(Utilities.java:1304)
	at java.base/java.security.AccessController.doPrivileged(Native Method)
	at org.jvnet.hk2.internal.Utilities.getAllConstructors(Utilities.java:1304)
	at org.jvnet.hk2.internal.Utilities.findProducerConstructor(Utilities.java:1247)
	at org.jvnet.hk2.internal.DefaultClassAnalyzer.getConstructor(DefaultClassAnalyzer.java:83)
	at org.glassfish.jersey.internal.inject.JerseyClassAnalyzer.getConstructor(JerseyClassAnalyzer.java:144)
	at org.jvnet.hk2.internal.Utilities.getConstructor(Utilities.java:178)
	at org.jvnet.hk2.internal.ClazzCreator.initialize(ClazzCreator.java:129)
	at org.jvnet.hk2.internal.ClazzCreator.initialize(ClazzCreator.java:180)
	at org.jvnet.hk2.internal.SystemDescriptor.internalReify(SystemDescriptor.java:740)
	at org.jvnet.hk2.internal.SystemDescriptor.reify(SystemDescriptor.java:694)
	at org.jvnet.hk2.internal.ServiceLocatorImpl.reifyDescriptor(ServiceLocatorImpl.java:461)
	at org.jvnet.hk2.internal.ServiceLocatorImpl.narrow(ServiceLocatorImpl.java:2288)
	at org.jvnet.hk2.internal.ServiceLocatorImpl.access$1200(ServiceLocatorImpl.java:125)
	at org.jvnet.hk2.internal.ServiceLocatorImpl$9.compute(ServiceLocatorImpl.java:1373)
	at org.jvnet.hk2.internal.ServiceLocatorImpl$9.compute(ServiceLocatorImpl.java:1368)
	at org.glassfish.hk2.utilities.cache.internal.WeakCARCacheImpl.compute(WeakCARCacheImpl.java:116)
	at org.jvnet.hk2.internal.ServiceLocatorImpl.internalGetAllServiceHandles(ServiceLocatorImpl.java:1430)
	at org.jvnet.hk2.internal.ServiceLocatorImpl.getAllServiceHandles(ServiceLocatorImpl.java:1355)
	at org.jvnet.hk2.internal.ServiceLocatorImpl.getAllServiceHandles(ServiceLocatorImpl.java:1344)
	at org.glassfish.jersey.internal.inject.Providers.getServiceHandles(Providers.java:354)
	at org.glassfish.jersey.internal.inject.Providers.getProviders(Providers.java:187)
	at org.glassfish.jersey.message.internal.MessageBodyFactory.&lt;init&gt;(MessageBodyFactory.java:248)
	at java.base/jdk.internal.reflect.NativeConstructorAccessorImpl.newInstance0(Native Method)
	at java.base/jdk.internal.reflect.NativeConstructorAccessorImpl.newInstance(NativeConstructorAccessorImpl.java:62)
	at java.base/jdk.internal.reflect.DelegatingConstructorAccessorImpl.newInstance(DelegatingConstructorAccessorImpl.java:45)
	at java.base/java.lang.reflect.Constructor.newInstance(Constructor.java:488)
	at org.glassfish.hk2.utilities.reflection.ReflectionHelper.makeMe(ReflectionHelper.java:1375)
	at org.jvnet.hk2.internal.ClazzCreator.createMe(ClazzCreator.java:272)
	at org.jvnet.hk2.internal.ClazzCreator.create(ClazzCreator.java:366)
	at org.jvnet.hk2.internal.SystemDescriptor.create(SystemDescriptor.java:487)
	at org.jvnet.hk2.internal.SingletonContext$1.compute(SingletonContext.java:83)
	at org.jvnet.hk2.internal.SingletonContext$1.compute(SingletonContext.java:71)
	at org.glassfish.hk2.utilities.cache.Cache$OriginThreadAwareFuture$1.call(Cache.java:97)
	at java.base/java.util.concurrent.FutureTask.run(FutureTask.java:264)
	at org.glassfish.hk2.utilities.cache.Cache$OriginThreadAwareFuture.run(Cache.java:154)
	at org.glassfish.hk2.utilities.cache.Cache.compute(Cache.java:199)
	at org.jvnet.hk2.internal.SingletonContext.findOrCreate(SingletonContext.java:122)
	at org.jvnet.hk2.internal.Utilities.createService(Utilities.java:2022)
	at org.jvnet.hk2.internal.ServiceLocatorImpl.internalGetService(ServiceLocatorImpl.java:774)
	at org.jvnet.hk2.internal.ServiceLocatorImpl.internalGetService(ServiceLocatorImpl.java:737)
	at org.jvnet.hk2.internal.ServiceLocatorImpl.getService(ServiceLocatorImpl.java:707)
	at org.glassfish.jersey.server.model.ComponentModelValidator.&lt;init&gt;(ComponentModelValidator.java:97)
	at org.glassfish.jersey.server.ApplicationHandler.initialize(ApplicationHandler.java:549)
	at org.glassfish.jersey.server.ApplicationHandler.access$500(ApplicationHandler.java:184)
	at org.glassfish.jersey.server.ApplicationHandler$3.call(ApplicationHandler.java:350)
	at org.glassfish.jersey.server.ApplicationHandler$3.call(ApplicationHandler.java:347)
	at org.glassfish.jersey.internal.Errors.process(Errors.java:315)
	at org.glassfish.jersey.internal.Errors.process(Errors.java:297)
	at org.glassfish.jersey.internal.Errors.processWithException(Errors.java:255)
	at org.glassfish.jersey.server.ApplicationHandler.&lt;init&gt;(ApplicationHandler.java:347)
	at org.glassfish.jersey.server.ApplicationHandler.&lt;init&gt;(ApplicationHandler.java:311)
	at org.glassfish.jersey.grizzly2.httpserver.GrizzlyHttpContainer.&lt;init&gt;(GrizzlyHttpContainer.java:337)
	at org.glassfish.jersey.grizzly2.httpserver.GrizzlyHttpServerFactory.createHttpServer(GrizzlyHttpServerFactory.java:119)
	at com.example.Main.startServer(Main.java:30)
	at com.example.MyResourceTest.setUp(MyResourceTest.java:22)
	at java.base/jdk.internal.reflect.NativeMethodAccessorImpl.invoke0(Native Method)
	at java.base/jdk.internal.reflect.NativeMethodAccessorImpl.invoke(NativeMethodAccessorImpl.java:62)
	at java.base/jdk.internal.reflect.DelegatingMethodAccessorImpl.invoke(DelegatingMethodAccessorImpl.java:43)
	at java.base/java.lang.reflect.Method.invoke(Method.java:564)
	at org.junit.runners.model.FrameworkMethod$1.runReflectiveCall(FrameworkMethod.java:44)
	at org.junit.internal.runners.model.ReflectiveCallable.run(ReflectiveCallable.java:15)
	at org.junit.runners.model.FrameworkMethod.invokeExplosively(FrameworkMethod.java:41)
	at org.junit.internal.runners.statements.RunBefores.evaluate(RunBefores.java:27)
	at org.junit.internal.runners.statements.RunAfters.evaluate(RunAfters.java:31)
	at org.junit.runners.ParentRunner.runLeaf(ParentRunner.java:263)
	at org.junit.runners.BlockJUnit4ClassRunner.runChild(BlockJUnit4ClassRunner.java:69)
	at org.junit.runners.BlockJUnit4ClassRunner.runChild(BlockJUnit4ClassRunner.java:48)
	at org.junit.runners.ParentRunner$3.run(ParentRunner.java:231)
	at org.junit.runners.ParentRunner$1.schedule(ParentRunner.java:60)
	at org.junit.runners.ParentRunner.runChildren(ParentRunner.java:229)
	at org.junit.runners.ParentRunner.access$000(ParentRunner.java:50)
	at org.junit.runners.ParentRunner$2.evaluate(ParentRunner.java:222)
	at org.junit.runners.ParentRunner.run(ParentRunner.java:292)
	at org.apache.maven.surefire.junit4.JUnit4Provider.execute(JUnit4Provider.java:252)
	at org.apache.maven.surefire.junit4.JUnit4Provider.executeTestSet(JUnit4Provider.java:141)
	at org.apache.maven.surefire.junit4.JUnit4Provider.invoke(JUnit4Provider.java:112)
	at java.base/jdk.internal.reflect.NativeMethodAccessorImpl.invoke0(Native Method)
	at java.base/jdk.internal.reflect.NativeMethodAccessorImpl.invoke(NativeMethodAccessorImpl.java:62)
	at java.base/jdk.internal.reflect.DelegatingMethodAccessorImpl.invoke(DelegatingMethodAccessorImpl.java:43)
	at java.base/java.lang.reflect.Method.invoke(Method.java:564)
	at org.apache.maven.surefire.util.ReflectionUtils.invokeMethodWithArray(ReflectionUtils.java:189)
	at org.apache.maven.surefire.booter.ProviderFactory$ProviderProxy.invoke(ProviderFactory.java:165)
	at org.apache.maven.surefire.booter.ProviderFactory.invokeProvider(ProviderFactory.java:85)
	at org.apache.maven.surefire.booter.ForkedBooter.runSuitesInProcess(ForkedBooter.java:115)
	at org.apache.maven.surefire.booter.ForkedBooter.main(ForkedBooter.java:75)
Caused by: java.lang.ClassNotFoundException: javax.xml.bind.PropertyException
	at java.base/jdk.internal.loader.BuiltinClassLoader.loadClass(BuiltinClassLoader.java:582)
	at java.base/jdk.internal.loader.ClassLoaders$AppClassLoader.loadClass(ClassLoaders.java:190)
	at java.base/java.lang.ClassLoader.loadClass(ClassLoader.java:499)
	... 90 more
MultiException stack 2 of 2
java.lang.IllegalArgumentException: Errors were discovered while reifying SystemDescriptor(
	implementation=org.glassfish.jersey.jaxb.internal.XmlRootElementJaxbProvider$General
	contracts={javax.ws.rs.ext.MessageBodyWriter,javax.ws.rs.ext.MessageBodyReader}
	scope=javax.inject.Singleton
	qualifiers={}
	descriptorType=CLASS
	descriptorVisibility=NORMAL
	metadata=
	rank=0
	loader=org.glassfish.hk2.utilities.binding.AbstractBinder$2@16fdec90
	proxiable=null
	proxyForSameScope=null
	analysisName=null
	id=109
	locatorId=0
	identityHashCode=1528741718
	reified=false)
	at org.jvnet.hk2.internal.SystemDescriptor.reify(SystemDescriptor.java:705)
	at org.jvnet.hk2.internal.ServiceLocatorImpl.reifyDescriptor(ServiceLocatorImpl.java:461)
	at org.jvnet.hk2.internal.ServiceLocatorImpl.narrow(ServiceLocatorImpl.java:2288)
	at org.jvnet.hk2.internal.ServiceLocatorImpl.access$1200(ServiceLocatorImpl.java:125)
	at org.jvnet.hk2.internal.ServiceLocatorImpl$9.compute(ServiceLocatorImpl.java:1373)
	at org.jvnet.hk2.internal.ServiceLocatorImpl$9.compute(ServiceLocatorImpl.java:1368)
	at org.glassfish.hk2.utilities.cache.internal.WeakCARCacheImpl.compute(WeakCARCacheImpl.java:116)
	at org.jvnet.hk2.internal.ServiceLocatorImpl.internalGetAllServiceHandles(ServiceLocatorImpl.java:1430)
	at org.jvnet.hk2.internal.ServiceLocatorImpl.getAllServiceHandles(ServiceLocatorImpl.java:1355)
	at org.jvnet.hk2.internal.ServiceLocatorImpl.getAllServiceHandles(ServiceLocatorImpl.java:1344)
	at org.glassfish.jersey.internal.inject.Providers.getServiceHandles(Providers.java:354)
	at org.glassfish.jersey.internal.inject.Providers.getProviders(Providers.java:187)
	at org.glassfish.jersey.message.internal.MessageBodyFactory.&lt;init&gt;(MessageBodyFactory.java:248)
	at java.base/jdk.internal.reflect.NativeConstructorAccessorImpl.newInstance0(Native Method)
	at java.base/jdk.internal.reflect.NativeConstructorAccessorImpl.newInstance(NativeConstructorAccessorImpl.java:62)
	at java.base/jdk.internal.reflect.DelegatingConstructorAccessorImpl.newInstance(DelegatingConstructorAccessorImpl.java:45)
	at java.base/java.lang.reflect.Constructor.newInstance(Constructor.java:488)
	at org.glassfish.hk2.utilities.reflection.ReflectionHelper.makeMe(ReflectionHelper.java:1375)
	at org.jvnet.hk2.internal.ClazzCreator.createMe(ClazzCreator.java:272)
	at org.jvnet.hk2.internal.ClazzCreator.create(ClazzCreator.java:366)
	at org.jvnet.hk2.internal.SystemDescriptor.create(SystemDescriptor.java:487)
	at org.jvnet.hk2.internal.SingletonContext$1.compute(SingletonContext.java:83)
	at org.jvnet.hk2.internal.SingletonContext$1.compute(SingletonContext.java:71)
	at org.glassfish.hk2.utilities.cache.Cache$OriginThreadAwareFuture$1.call(Cache.java:97)
	at java.base/java.util.concurrent.FutureTask.run(FutureTask.java:264)
	at org.glassfish.hk2.utilities.cache.Cache$OriginThreadAwareFuture.run(Cache.java:154)
	at org.glassfish.hk2.utilities.cache.Cache.compute(Cache.java:199)
	at org.jvnet.hk2.internal.SingletonContext.findOrCreate(SingletonContext.java:122)
	at org.jvnet.hk2.internal.Utilities.createService(Utilities.java:2022)
	at org.jvnet.hk2.internal.ServiceLocatorImpl.internalGetService(ServiceLocatorImpl.java:774)
	at org.jvnet.hk2.internal.ServiceLocatorImpl.internalGetService(ServiceLocatorImpl.java:737)
	at org.jvnet.hk2.internal.ServiceLocatorImpl.getService(ServiceLocatorImpl.java:707)
	at org.glassfish.jersey.server.model.ComponentModelValidator.&lt;init&gt;(ComponentModelValidator.java:97)
	at org.glassfish.jersey.server.ApplicationHandler.initialize(ApplicationHandler.java:549)
	at org.glassfish.jersey.server.ApplicationHandler.access$500(ApplicationHandler.java:184)
	at org.glassfish.jersey.server.ApplicationHandler$3.call(ApplicationHandler.java:350)
	at org.glassfish.jersey.server.ApplicationHandler$3.call(ApplicationHandler.java:347)
	at org.glassfish.jersey.internal.Errors.process(Errors.java:315)
	at org.glassfish.jersey.internal.Errors.process(Errors.java:297)
	at org.glassfish.jersey.internal.Errors.processWithException(Errors.java:255)
	at org.glassfish.jersey.server.ApplicationHandler.&lt;init&gt;(ApplicationHandler.java:347)
	at org.glassfish.jersey.server.ApplicationHandler.&lt;init&gt;(ApplicationHandler.java:311)
	at org.glassfish.jersey.grizzly2.httpserver.GrizzlyHttpContainer.&lt;init&gt;(GrizzlyHttpContainer.java:337)
	at org.glassfish.jersey.grizzly2.httpserver.GrizzlyHttpServerFactory.createHttpServer(GrizzlyHttpServerFactory.java:119)
	at com.example.Main.startServer(Main.java:30)
	at com.example.MyResourceTest.setUp(MyResourceTest.java:22)
	at java.base/jdk.internal.reflect.NativeMethodAccessorImpl.invoke0(Native Method)
	at java.base/jdk.internal.reflect.NativeMethodAccessorImpl.invoke(NativeMethodAccessorImpl.java:62)
	at java.base/jdk.internal.reflect.DelegatingMethodAccessorImpl.invoke(DelegatingMethodAccessorImpl.java:43)
	at java.base/java.lang.reflect.Method.invoke(Method.java:564)
	at org.junit.runners.model.FrameworkMethod$1.runReflectiveCall(FrameworkMethod.java:44)
	at org.junit.internal.runners.model.ReflectiveCallable.run(ReflectiveCallable.java:15)
	at org.junit.runners.model.FrameworkMethod.invokeExplosively(FrameworkMethod.java:41)
	at org.junit.internal.runners.statements.RunBefores.evaluate(RunBefores.java:27)
	at org.junit.internal.runners.statements.RunAfters.evaluate(RunAfters.java:31)
	at org.junit.runners.ParentRunner.runLeaf(ParentRunner.java:263)
	at org.junit.runners.BlockJUnit4ClassRunner.runChild(BlockJUnit4ClassRunner.java:69)
	at org.junit.runners.BlockJUnit4ClassRunner.runChild(BlockJUnit4ClassRunner.java:48)
	at org.junit.runners.ParentRunner$3.run(ParentRunner.java:231)
	at org.junit.runners.ParentRunner$1.schedule(ParentRunner.java:60)
	at org.junit.runners.ParentRunner.runChildren(ParentRunner.java:229)
	at org.junit.runners.ParentRunner.access$000(ParentRunner.java:50)
	at org.junit.runners.ParentRunner$2.evaluate(ParentRunner.java:222)
	at org.junit.runners.ParentRunner.run(ParentRunner.java:292)
	at org.apache.maven.surefire.junit4.JUnit4Provider.execute(JUnit4Provider.java:252)
	at org.apache.maven.surefire.junit4.JUnit4Provider.executeTestSet(JUnit4Provider.java:141)
	at org.apache.maven.surefire.junit4.JUnit4Provider.invoke(JUnit4Provider.java:112)
	at java.base/jdk.internal.reflect.NativeMethodAccessorImpl.invoke0(Native Method)
	at java.base/jdk.internal.reflect.NativeMethodAccessorImpl.invoke(NativeMethodAccessorImpl.java:62)
	at java.base/jdk.internal.reflect.DelegatingMethodAccessorImpl.invoke(DelegatingMethodAccessorImpl.java:43)
	at java.base/java.lang.reflect.Method.invoke(Method.java:564)
	at org.apache.maven.surefire.util.ReflectionUtils.invokeMethodWithArray(ReflectionUtils.java:189)
	at org.apache.maven.surefire.booter.ProviderFactory$ProviderProxy.invoke(ProviderFactory.java:165)
	at org.apache.maven.surefire.booter.ProviderFactory.invokeProvider(ProviderFactory.java:85)
	at org.apache.maven.surefire.booter.ForkedBooter.runSuitesInProcess(ForkedBooter.java:115)
	at org.apache.maven.surefire.booter.ForkedBooter.main(ForkedBooter.java:75)

WARNING: HK2 service reification failed for [org.glassfish.jersey.message.internal.DataSourceProvider] with an exception:
MultiException stack 1 of 2
java.lang.NoClassDefFoundError: javax/activation/DataSource
	at java.base/java.lang.Class.getDeclaredConstructors0(Native Method)
	at java.base/java.lang.Class.privateGetDeclaredConstructors(Class.java:3090)
	at java.base/java.lang.Class.getDeclaredConstructors(Class.java:2316)
	at org.jvnet.hk2.internal.Utilities$3.run(Utilities.java:1308)
	at org.jvnet.hk2.internal.Utilities$3.run(Utilities.java:1304)
	at java.base/java.security.AccessController.doPrivileged(Native Method)
	at org.jvnet.hk2.internal.Utilities.getAllConstructors(Utilities.java:1304)
	at org.jvnet.hk2.internal.Utilities.findProducerConstructor(Utilities.java:1247)
	at org.jvnet.hk2.internal.DefaultClassAnalyzer.getConstructor(DefaultClassAnalyzer.java:83)
	at org.glassfish.jersey.internal.inject.JerseyClassAnalyzer.getConstructor(JerseyClassAnalyzer.java:144)
	at org.jvnet.hk2.internal.Utilities.getConstructor(Utilities.java:178)
	at org.jvnet.hk2.internal.ClazzCreator.initialize(ClazzCreator.java:129)
	at org.jvnet.hk2.internal.ClazzCreator.initialize(ClazzCreator.java:180)
	at org.jvnet.hk2.internal.SystemDescriptor.internalReify(SystemDescriptor.java:740)
	at org.jvnet.hk2.internal.SystemDescriptor.reify(SystemDescriptor.java:694)
	at org.jvnet.hk2.internal.ServiceLocatorImpl.reifyDescriptor(ServiceLocatorImpl.java:461)
	at org.jvnet.hk2.internal.ServiceLocatorImpl.narrow(ServiceLocatorImpl.java:2288)
	at org.jvnet.hk2.internal.ServiceLocatorImpl.access$1200(ServiceLocatorImpl.java:125)
	at org.jvnet.hk2.internal.ServiceLocatorImpl$9.compute(ServiceLocatorImpl.java:1373)
	at org.jvnet.hk2.internal.ServiceLocatorImpl$9.compute(ServiceLocatorImpl.java:1368)
	at org.glassfish.hk2.utilities.cache.internal.WeakCARCacheImpl.compute(WeakCARCacheImpl.java:116)
	at org.jvnet.hk2.internal.ServiceLocatorImpl.internalGetAllServiceHandles(ServiceLocatorImpl.java:1430)
	at org.jvnet.hk2.internal.ServiceLocatorImpl.getAllServiceHandles(ServiceLocatorImpl.java:1355)
	at org.jvnet.hk2.internal.ServiceLocatorImpl.getAllServiceHandles(ServiceLocatorImpl.java:1344)
	at org.glassfish.jersey.internal.inject.Providers.getServiceHandles(Providers.java:354)
	at org.glassfish.jersey.internal.inject.Providers.getProviders(Providers.java:187)
	at org.glassfish.jersey.message.internal.MessageBodyFactory.&lt;init&gt;(MessageBodyFactory.java:248)
	at java.base/jdk.internal.reflect.NativeConstructorAccessorImpl.newInstance0(Native Method)
	at java.base/jdk.internal.reflect.NativeConstructorAccessorImpl.newInstance(NativeConstructorAccessorImpl.java:62)
	at java.base/jdk.internal.reflect.DelegatingConstructorAccessorImpl.newInstance(DelegatingConstructorAccessorImpl.java:45)
	at java.base/java.lang.reflect.Constructor.newInstance(Constructor.java:488)
	at org.glassfish.hk2.utilities.reflection.ReflectionHelper.makeMe(ReflectionHelper.java:1375)
	at org.jvnet.hk2.internal.ClazzCreator.createMe(ClazzCreator.java:272)
	at org.jvnet.hk2.internal.ClazzCreator.create(ClazzCreator.java:366)
	at org.jvnet.hk2.internal.SystemDescriptor.create(SystemDescriptor.java:487)
	at org.jvnet.hk2.internal.SingletonContext$1.compute(SingletonContext.java:83)
	at org.jvnet.hk2.internal.SingletonContext$1.compute(SingletonContext.java:71)
	at org.glassfish.hk2.utilities.cache.Cache$OriginThreadAwareFuture$1.call(Cache.java:97)
	at java.base/java.util.concurrent.FutureTask.run(FutureTask.java:264)
	at org.glassfish.hk2.utilities.cache.Cache$OriginThreadAwareFuture.run(Cache.java:154)
	at org.glassfish.hk2.utilities.cache.Cache.compute(Cache.java:199)
	at org.jvnet.hk2.internal.SingletonContext.findOrCreate(SingletonContext.java:122)
	at org.jvnet.hk2.internal.Utilities.createService(Utilities.java:2022)
	at org.jvnet.hk2.internal.ServiceLocatorImpl.internalGetService(ServiceLocatorImpl.java:774)
	at org.jvnet.hk2.internal.ServiceLocatorImpl.internalGetService(ServiceLocatorImpl.java:737)
	at org.jvnet.hk2.internal.ServiceLocatorImpl.getService(ServiceLocatorImpl.java:707)
	at org.glassfish.jersey.server.model.ComponentModelValidator.&lt;init&gt;(ComponentModelValidator.java:97)
	at org.glassfish.jersey.server.ApplicationHandler.initialize(ApplicationHandler.java:549)
	at org.glassfish.jersey.server.ApplicationHandler.access$500(ApplicationHandler.java:184)
	at org.glassfish.jersey.server.ApplicationHandler$3.call(ApplicationHandler.java:350)
	at org.glassfish.jersey.server.ApplicationHandler$3.call(ApplicationHandler.java:347)
	at org.glassfish.jersey.internal.Errors.process(Errors.java:315)
	at org.glassfish.jersey.internal.Errors.process(Errors.java:297)
	at org.glassfish.jersey.internal.Errors.processWithException(Errors.java:255)
	at org.glassfish.jersey.server.ApplicationHandler.&lt;init&gt;(ApplicationHandler.java:347)
	at org.glassfish.jersey.server.ApplicationHandler.&lt;init&gt;(ApplicationHandler.java:311)
	at org.glassfish.jersey.grizzly2.httpserver.GrizzlyHttpContainer.&lt;init&gt;(GrizzlyHttpContainer.java:337)
	at org.glassfish.jersey.grizzly2.httpserver.GrizzlyHttpServerFactory.createHttpServer(GrizzlyHttpServerFactory.java:119)
	at com.example.Main.startServer(Main.java:30)
	at com.example.MyResourceTest.setUp(MyResourceTest.java:22)
	at java.base/jdk.internal.reflect.NativeMethodAccessorImpl.invoke0(Native Method)
	at java.base/jdk.internal.reflect.NativeMethodAccessorImpl.invoke(NativeMethodAccessorImpl.java:62)
	at java.base/jdk.internal.reflect.DelegatingMethodAccessorImpl.invoke(DelegatingMethodAccessorImpl.java:43)
	at java.base/java.lang.reflect.Method.invoke(Method.java:564)
	at org.junit.runners.model.FrameworkMethod$1.runReflectiveCall(FrameworkMethod.java:44)
	at org.junit.internal.runners.model.ReflectiveCallable.run(ReflectiveCallable.java:15)
	at org.junit.runners.model.FrameworkMethod.invokeExplosively(FrameworkMethod.java:41)
	at org.junit.internal.runners.statements.RunBefores.evaluate(RunBefores.java:27)
	at org.junit.internal.runners.statements.RunAfters.evaluate(RunAfters.java:31)
	at org.junit.runners.ParentRunner.runLeaf(ParentRunner.java:263)
	at org.junit.runners.BlockJUnit4ClassRunner.runChild(BlockJUnit4ClassRunner.java:69)
	at org.junit.runners.BlockJUnit4ClassRunner.runChild(BlockJUnit4ClassRunner.java:48)
	at org.junit.runners.ParentRunner$3.run(ParentRunner.java:231)
	at org.junit.runners.ParentRunner$1.schedule(ParentRunner.java:60)
	at org.junit.runners.ParentRunner.runChildren(ParentRunner.java:229)
	at org.junit.runners.ParentRunner.access$000(ParentRunner.java:50)
	at org.junit.runners.ParentRunner$2.evaluate(ParentRunner.java:222)
	at org.junit.runners.ParentRunner.run(ParentRunner.java:292)
	at org.apache.maven.surefire.junit4.JUnit4Provider.execute(JUnit4Provider.java:252)
	at org.apache.maven.surefire.junit4.JUnit4Provider.executeTestSet(JUnit4Provider.java:141)
	at org.apache.maven.surefire.junit4.JUnit4Provider.invoke(JUnit4Provider.java:112)
	at java.base/jdk.internal.reflect.NativeMethodAccessorImpl.invoke0(Native Method)
	at java.base/jdk.internal.reflect.NativeMethodAccessorImpl.invoke(NativeMethodAccessorImpl.java:62)
	at java.base/jdk.internal.reflect.DelegatingMethodAccessorImpl.invoke(DelegatingMethodAccessorImpl.java:43)
	at java.base/java.lang.reflect.Method.invoke(Method.java:564)
	at org.apache.maven.surefire.util.ReflectionUtils.invokeMethodWithArray(ReflectionUtils.java:189)
	at org.apache.maven.surefire.booter.ProviderFactory$ProviderProxy.invoke(ProviderFactory.java:165)
	at org.apache.maven.surefire.booter.ProviderFactory.invokeProvider(ProviderFactory.java:85)
	at org.apache.maven.surefire.booter.ForkedBooter.runSuitesInProcess(ForkedBooter.java:115)
	at org.apache.maven.surefire.booter.ForkedBooter.main(ForkedBooter.java:75)
Caused by: java.lang.ClassNotFoundException: javax.activation.DataSource
	at java.base/jdk.internal.loader.BuiltinClassLoader.loadClass(BuiltinClassLoader.java:582)
	at java.base/jdk.internal.loader.ClassLoaders$AppClassLoader.loadClass(ClassLoaders.java:190)
	at java.base/java.lang.ClassLoader.loadClass(ClassLoader.java:499)
	... 90 more
MultiException stack 2 of 2
java.lang.IllegalArgumentException: Errors were discovered while reifying SystemDescriptor(
	implementation=org.glassfish.jersey.message.internal.DataSourceProvider
	contracts={javax.ws.rs.ext.MessageBodyWriter,javax.ws.rs.ext.MessageBodyReader}
	scope=javax.inject.Singleton
	qualifiers={}
	descriptorType=CLASS
	descriptorVisibility=NORMAL
	metadata=
	rank=0
	loader=org.glassfish.hk2.utilities.binding.AbstractBinder$2@2e1ef60
	proxiable=null
	proxyForSameScope=null
	analysisName=null
	id=51
	locatorId=0
	identityHashCode=573926093
	reified=false)
	at org.jvnet.hk2.internal.SystemDescriptor.reify(SystemDescriptor.java:705)
	at org.jvnet.hk2.internal.ServiceLocatorImpl.reifyDescriptor(ServiceLocatorImpl.java:461)
	at org.jvnet.hk2.internal.ServiceLocatorImpl.narrow(ServiceLocatorImpl.java:2288)
	at org.jvnet.hk2.internal.ServiceLocatorImpl.access$1200(ServiceLocatorImpl.java:125)
	at org.jvnet.hk2.internal.ServiceLocatorImpl$9.compute(ServiceLocatorImpl.java:1373)
	at org.jvnet.hk2.internal.ServiceLocatorImpl$9.compute(ServiceLocatorImpl.java:1368)
	at org.glassfish.hk2.utilities.cache.internal.WeakCARCacheImpl.compute(WeakCARCacheImpl.java:116)
	at org.jvnet.hk2.internal.ServiceLocatorImpl.internalGetAllServiceHandles(ServiceLocatorImpl.java:1430)
	at org.jvnet.hk2.internal.ServiceLocatorImpl.getAllServiceHandles(ServiceLocatorImpl.java:1355)
	at org.jvnet.hk2.internal.ServiceLocatorImpl.getAllServiceHandles(ServiceLocatorImpl.java:1344)
	at org.glassfish.jersey.internal.inject.Providers.getServiceHandles(Providers.java:354)
	at org.glassfish.jersey.internal.inject.Providers.getProviders(Providers.java:187)
	at org.glassfish.jersey.message.internal.MessageBodyFactory.&lt;init&gt;(MessageBodyFactory.java:248)
	at java.base/jdk.internal.reflect.NativeConstructorAccessorImpl.newInstance0(Native Method)
	at java.base/jdk.internal.reflect.NativeConstructorAccessorImpl.newInstance(NativeConstructorAccessorImpl.java:62)
	at java.base/jdk.internal.reflect.DelegatingConstructorAccessorImpl.newInstance(DelegatingConstructorAccessorImpl.java:45)
	at java.base/java.lang.reflect.Constructor.newInstance(Constructor.java:488)
	at org.glassfish.hk2.utilities.reflection.ReflectionHelper.makeMe(ReflectionHelper.java:1375)
	at org.jvnet.hk2.internal.ClazzCreator.createMe(ClazzCreator.java:272)
	at org.jvnet.hk2.internal.ClazzCreator.create(ClazzCreator.java:366)
	at org.jvnet.hk2.internal.SystemDescriptor.create(SystemDescriptor.java:487)
	at org.jvnet.hk2.internal.SingletonContext$1.compute(SingletonContext.java:83)
	at org.jvnet.hk2.internal.SingletonContext$1.compute(SingletonContext.java:71)
	at org.glassfish.hk2.utilities.cache.Cache$OriginThreadAwareFuture$1.call(Cache.java:97)
	at java.base/java.util.concurrent.FutureTask.run(FutureTask.java:264)
	at org.glassfish.hk2.utilities.cache.Cache$OriginThreadAwareFuture.run(Cache.java:154)
	at org.glassfish.hk2.utilities.cache.Cache.compute(Cache.java:199)
	at org.jvnet.hk2.internal.SingletonContext.findOrCreate(SingletonContext.java:122)
	at org.jvnet.hk2.internal.Utilities.createService(Utilities.java:2022)
	at org.jvnet.hk2.internal.ServiceLocatorImpl.internalGetService(ServiceLocatorImpl.java:774)
	at org.jvnet.hk2.internal.ServiceLocatorImpl.internalGetService(ServiceLocatorImpl.java:737)
	at org.jvnet.hk2.internal.ServiceLocatorImpl.getService(ServiceLocatorImpl.java:707)
	at org.glassfish.jersey.server.model.ComponentModelValidator.&lt;init&gt;(ComponentModelValidator.java:97)
	at org.glassfish.jersey.server.ApplicationHandler.initialize(ApplicationHandler.java:549)
	at org.glassfish.jersey.server.ApplicationHandler.access$500(ApplicationHandler.java:184)
	at org.glassfish.jersey.server.ApplicationHandler$3.call(ApplicationHandler.java:350)
	at org.glassfish.jersey.server.ApplicationHandler$3.call(ApplicationHandler.java:347)
	at org.glassfish.jersey.internal.Errors.process(Errors.java:315)
	at org.glassfish.jersey.internal.Errors.process(Errors.java:297)
	at org.glassfish.jersey.internal.Errors.processWithException(Errors.java:255)
	at org.glassfish.jersey.server.ApplicationHandler.&lt;init&gt;(ApplicationHandler.java:347)
	at org.glassfish.jersey.server.ApplicationHandler.&lt;init&gt;(ApplicationHandler.java:311)
	at org.glassfish.jersey.grizzly2.httpserver.GrizzlyHttpContainer.&lt;init&gt;(GrizzlyHttpContainer.java:337)
	at org.glassfish.jersey.grizzly2.httpserver.GrizzlyHttpServerFactory.createHttpServer(GrizzlyHttpServerFactory.java:119)
	at com.example.Main.startServer(Main.java:30)
	at com.example.MyResourceTest.setUp(MyResourceTest.java:22)
	at java.base/jdk.internal.reflect.NativeMethodAccessorImpl.invoke0(Native Method)
	at java.base/jdk.internal.reflect.NativeMethodAccessorImpl.invoke(NativeMethodAccessorImpl.java:62)
	at java.base/jdk.internal.reflect.DelegatingMethodAccessorImpl.invoke(DelegatingMethodAccessorImpl.java:43)
	at java.base/java.lang.reflect.Method.invoke(Method.java:564)
	at org.junit.runners.model.FrameworkMethod$1.runReflectiveCall(FrameworkMethod.java:44)
	at org.junit.internal.runners.model.ReflectiveCallable.run(ReflectiveCallable.java:15)
	at org.junit.runners.model.FrameworkMethod.invokeExplosively(FrameworkMethod.java:41)
	at org.junit.internal.runners.statements.RunBefores.evaluate(RunBefores.java:27)
	at org.junit.internal.runners.statements.RunAfters.evaluate(RunAfters.java:31)
	at org.junit.runners.ParentRunner.runLeaf(ParentRunner.java:263)
	at org.junit.runners.BlockJUnit4ClassRunner.runChild(BlockJUnit4ClassRunner.java:69)
	at org.junit.runners.BlockJUnit4ClassRunner.runChild(BlockJUnit4ClassRunner.java:48)
	at org.junit.runners.ParentRunner$3.run(ParentRunner.java:231)
	at org.junit.runners.ParentRunner$1.schedule(ParentRunner.java:60)
	at org.junit.runners.ParentRunner.runChildren(ParentRunner.java:229)
	at org.junit.runners.ParentRunner.access$000(ParentRunner.java:50)
	at org.junit.runners.ParentRunner$2.evaluate(ParentRunner.java:222)
	at org.junit.runners.ParentRunner.run(ParentRunner.java:292)
	at org.apache.maven.surefire.junit4.JUnit4Provider.execute(JUnit4Provider.java:252)
	at org.apache.maven.surefire.junit4.JUnit4Provider.executeTestSet(JUnit4Provider.java:141)
	at org.apache.maven.surefire.junit4.JUnit4Provider.invoke(JUnit4Provider.java:112)
	at java.base/jdk.internal.reflect.NativeMethodAccessorImpl.invoke0(Native Method)
	at java.base/jdk.internal.reflect.NativeMethodAccessorImpl.invoke(NativeMethodAccessorImpl.java:62)
	at java.base/jdk.internal.reflect.DelegatingMethodAccessorImpl.invoke(DelegatingMethodAccessorImpl.java:43)
	at java.base/java.lang.reflect.Method.invoke(Method.java:564)
	at org.apache.maven.surefire.util.ReflectionUtils.invokeMethodWithArray(ReflectionUtils.java:189)
	at org.apache.maven.surefire.booter.ProviderFactory$ProviderProxy.invoke(ProviderFactory.java:165)
	at org.apache.maven.surefire.booter.ProviderFactory.invokeProvider(ProviderFactory.java:85)
	at org.apache.maven.surefire.booter.ForkedBooter.runSuitesInProcess(ForkedBooter.java:115)
	at org.apache.maven.surefire.booter.ForkedBooter.main(ForkedBooter.java:75)

WARNING: HK2 service reification failed for [org.glassfish.jersey.jaxb.internal.XmlJaxbElementProvider$App] with an exception:
MultiException stack 1 of 2
java.lang.NoClassDefFoundError: javax/xml/bind/PropertyException
	at java.base/java.lang.Class.getDeclaredConstructors0(Native Method)
	at java.base/java.lang.Class.privateGetDeclaredConstructors(Class.java:3090)
	at java.base/java.lang.Class.getDeclaredConstructors(Class.java:2316)
	at org.jvnet.hk2.internal.Utilities$3.run(Utilities.java:1308)
	at org.jvnet.hk2.internal.Utilities$3.run(Utilities.java:1304)
	at java.base/java.security.AccessController.doPrivileged(Native Method)
	at org.jvnet.hk2.internal.Utilities.getAllConstructors(Utilities.java:1304)
	at org.jvnet.hk2.internal.Utilities.findProducerConstructor(Utilities.java:1247)
	at org.jvnet.hk2.internal.DefaultClassAnalyzer.getConstructor(DefaultClassAnalyzer.java:83)
	at org.glassfish.jersey.internal.inject.JerseyClassAnalyzer.getConstructor(JerseyClassAnalyzer.java:144)
	at org.jvnet.hk2.internal.Utilities.getConstructor(Utilities.java:178)
	at org.jvnet.hk2.internal.ClazzCreator.initialize(ClazzCreator.java:129)
	at org.jvnet.hk2.internal.ClazzCreator.initialize(ClazzCreator.java:180)
	at org.jvnet.hk2.internal.SystemDescriptor.internalReify(SystemDescriptor.java:740)
	at org.jvnet.hk2.internal.SystemDescriptor.reify(SystemDescriptor.java:694)
	at org.jvnet.hk2.internal.ServiceLocatorImpl.reifyDescriptor(ServiceLocatorImpl.java:461)
	at org.jvnet.hk2.internal.ServiceLocatorImpl.narrow(ServiceLocatorImpl.java:2288)
	at org.jvnet.hk2.internal.ServiceLocatorImpl.access$1200(ServiceLocatorImpl.java:125)
	at org.jvnet.hk2.internal.ServiceLocatorImpl$9.compute(ServiceLocatorImpl.java:1373)
	at org.jvnet.hk2.internal.ServiceLocatorImpl$9.compute(ServiceLocatorImpl.java:1368)
	at org.glassfish.hk2.utilities.cache.internal.WeakCARCacheImpl.compute(WeakCARCacheImpl.java:116)
	at org.jvnet.hk2.internal.ServiceLocatorImpl.internalGetAllServiceHandles(ServiceLocatorImpl.java:1430)
	at org.jvnet.hk2.internal.ServiceLocatorImpl.getAllServiceHandles(ServiceLocatorImpl.java:1355)
	at org.jvnet.hk2.internal.ServiceLocatorImpl.getAllServiceHandles(ServiceLocatorImpl.java:1344)
	at org.glassfish.jersey.internal.inject.Providers.getServiceHandles(Providers.java:354)
	at org.glassfish.jersey.internal.inject.Providers.getProviders(Providers.java:187)
	at org.glassfish.jersey.message.internal.MessageBodyFactory.&lt;init&gt;(MessageBodyFactory.java:248)
	at java.base/jdk.internal.reflect.NativeConstructorAccessorImpl.newInstance0(Native Method)
	at java.base/jdk.internal.reflect.NativeConstructorAccessorImpl.newInstance(NativeConstructorAccessorImpl.java:62)
	at java.base/jdk.internal.reflect.DelegatingConstructorAccessorImpl.newInstance(DelegatingConstructorAccessorImpl.java:45)
	at java.base/java.lang.reflect.Constructor.newInstance(Constructor.java:488)
	at org.glassfish.hk2.utilities.reflection.ReflectionHelper.makeMe(ReflectionHelper.java:1375)
	at org.jvnet.hk2.internal.ClazzCreator.createMe(ClazzCreator.java:272)
	at org.jvnet.hk2.internal.ClazzCreator.create(ClazzCreator.java:366)
	at org.jvnet.hk2.internal.SystemDescriptor.create(SystemDescriptor.java:487)
	at org.jvnet.hk2.internal.SingletonContext$1.compute(SingletonContext.java:83)
	at org.jvnet.hk2.internal.SingletonContext$1.compute(SingletonContext.java:71)
	at org.glassfish.hk2.utilities.cache.Cache$OriginThreadAwareFuture$1.call(Cache.java:97)
	at java.base/java.util.concurrent.FutureTask.run(FutureTask.java:264)
	at org.glassfish.hk2.utilities.cache.Cache$OriginThreadAwareFuture.run(Cache.java:154)
	at org.glassfish.hk2.utilities.cache.Cache.compute(Cache.java:199)
	at org.jvnet.hk2.internal.SingletonContext.findOrCreate(SingletonContext.java:122)
	at org.jvnet.hk2.internal.Utilities.createService(Utilities.java:2022)
	at org.jvnet.hk2.internal.ServiceLocatorImpl.internalGetService(ServiceLocatorImpl.java:774)
	at org.jvnet.hk2.internal.ServiceLocatorImpl.internalGetService(ServiceLocatorImpl.java:737)
	at org.jvnet.hk2.internal.ServiceLocatorImpl.getService(ServiceLocatorImpl.java:707)
	at org.glassfish.jersey.server.model.ComponentModelValidator.&lt;init&gt;(ComponentModelValidator.java:97)
	at org.glassfish.jersey.server.ApplicationHandler.initialize(ApplicationHandler.java:549)
	at org.glassfish.jersey.server.ApplicationHandler.access$500(ApplicationHandler.java:184)
	at org.glassfish.jersey.server.ApplicationHandler$3.call(ApplicationHandler.java:350)
	at org.glassfish.jersey.server.ApplicationHandler$3.call(ApplicationHandler.java:347)
	at org.glassfish.jersey.internal.Errors.process(Errors.java:315)
	at org.glassfish.jersey.internal.Errors.process(Errors.java:297)
	at org.glassfish.jersey.internal.Errors.processWithException(Errors.java:255)
	at org.glassfish.jersey.server.ApplicationHandler.&lt;init&gt;(ApplicationHandler.java:347)
	at org.glassfish.jersey.server.ApplicationHandler.&lt;init&gt;(ApplicationHandler.java:311)
	at org.glassfish.jersey.grizzly2.httpserver.GrizzlyHttpContainer.&lt;init&gt;(GrizzlyHttpContainer.java:337)
	at org.glassfish.jersey.grizzly2.httpserver.GrizzlyHttpServerFactory.createHttpServer(GrizzlyHttpServerFactory.java:119)
	at com.example.Main.startServer(Main.java:30)
	at com.example.MyResourceTest.setUp(MyResourceTest.java:22)
	at java.base/jdk.internal.reflect.NativeMethodAccessorImpl.invoke0(Native Method)
	at java.base/jdk.internal.reflect.NativeMethodAccessorImpl.invoke(NativeMethodAccessorImpl.java:62)
	at java.base/jdk.internal.reflect.DelegatingMethodAccessorImpl.invoke(DelegatingMethodAccessorImpl.java:43)
	at java.base/java.lang.reflect.Method.invoke(Method.java:564)
	at org.junit.runners.model.FrameworkMethod$1.runReflectiveCall(FrameworkMethod.java:44)
	at org.junit.internal.runners.model.ReflectiveCallable.run(ReflectiveCallable.java:15)
	at org.junit.runners.model.FrameworkMethod.invokeExplosively(FrameworkMethod.java:41)
	at org.junit.internal.runners.statements.RunBefores.evaluate(RunBefores.java:27)
	at org.junit.internal.runners.statements.RunAfters.evaluate(RunAfters.java:31)
	at org.junit.runners.ParentRunner.runLeaf(ParentRunner.java:263)
	at org.junit.runners.BlockJUnit4ClassRunner.runChild(BlockJUnit4ClassRunner.java:69)
	at org.junit.runners.BlockJUnit4ClassRunner.runChild(BlockJUnit4ClassRunner.java:48)
	at org.junit.runners.ParentRunner$3.run(ParentRunner.java:231)
	at org.junit.runners.ParentRunner$1.schedule(ParentRunner.java:60)
	at org.junit.runners.ParentRunner.runChildren(ParentRunner.java:229)
	at org.junit.runners.ParentRunner.access$000(ParentRunner.java:50)
	at org.junit.runners.ParentRunner$2.evaluate(ParentRunner.java:222)
	at org.junit.runners.ParentRunner.run(ParentRunner.java:292)
	at org.apache.maven.surefire.junit4.JUnit4Provider.execute(JUnit4Provider.java:252)
	at org.apache.maven.surefire.junit4.JUnit4Provider.executeTestSet(JUnit4Provider.java:141)
	at org.apache.maven.surefire.junit4.JUnit4Provider.invoke(JUnit4Provider.java:112)
	at java.base/jdk.internal.reflect.NativeMethodAccessorImpl.invoke0(Native Method)
	at java.base/jdk.internal.reflect.NativeMethodAccessorImpl.invoke(NativeMethodAccessorImpl.java:62)
	at java.base/jdk.internal.reflect.DelegatingMethodAccessorImpl.invoke(DelegatingMethodAccessorImpl.java:43)
	at java.base/java.lang.reflect.Method.invoke(Method.java:564)
	at org.apache.maven.surefire.util.ReflectionUtils.invokeMethodWithArray(ReflectionUtils.java:189)
	at org.apache.maven.surefire.booter.ProviderFactory$ProviderProxy.invoke(ProviderFactory.java:165)
	at org.apache.maven.surefire.booter.ProviderFactory.invokeProvider(ProviderFactory.java:85)
	at org.apache.maven.surefire.booter.ForkedBooter.runSuitesInProcess(ForkedBooter.java:115)
	at org.apache.maven.surefire.booter.ForkedBooter.main(ForkedBooter.java:75)
Caused by: java.lang.ClassNotFoundException: javax.xml.bind.PropertyException
	at java.base/jdk.internal.loader.BuiltinClassLoader.loadClass(BuiltinClassLoader.java:582)
	at java.base/jdk.internal.loader.ClassLoaders$AppClassLoader.loadClass(ClassLoaders.java:190)
	at java.base/java.lang.ClassLoader.loadClass(ClassLoader.java:499)
	... 90 more
MultiException stack 2 of 2
java.lang.IllegalArgumentException: Errors were discovered while reifying SystemDescriptor(
	implementation=org.glassfish.jersey.jaxb.internal.XmlJaxbElementProvider$App
	contracts={javax.ws.rs.ext.MessageBodyWriter,javax.ws.rs.ext.MessageBodyReader}
	scope=javax.inject.Singleton
	qualifiers={}
	descriptorType=CLASS
	descriptorVisibility=NORMAL
	metadata=
	rank=0
	loader=org.glassfish.hk2.utilities.binding.AbstractBinder$2@16fdec90
	proxiable=null
	proxyForSameScope=null
	analysisName=null
	id=101
	locatorId=0
	identityHashCode=452842611
	reified=false)
	at org.jvnet.hk2.internal.SystemDescriptor.reify(SystemDescriptor.java:705)
	at org.jvnet.hk2.internal.ServiceLocatorImpl.reifyDescriptor(ServiceLocatorImpl.java:461)
	at org.jvnet.hk2.internal.ServiceLocatorImpl.narrow(ServiceLocatorImpl.java:2288)
	at org.jvnet.hk2.internal.ServiceLocatorImpl.access$1200(ServiceLocatorImpl.java:125)
	at org.jvnet.hk2.internal.ServiceLocatorImpl$9.compute(ServiceLocatorImpl.java:1373)
	at org.jvnet.hk2.internal.ServiceLocatorImpl$9.compute(ServiceLocatorImpl.java:1368)
	at org.glassfish.hk2.utilities.cache.internal.WeakCARCacheImpl.compute(WeakCARCacheImpl.java:116)
	at org.jvnet.hk2.internal.ServiceLocatorImpl.internalGetAllServiceHandles(ServiceLocatorImpl.java:1430)
	at org.jvnet.hk2.internal.ServiceLocatorImpl.getAllServiceHandles(ServiceLocatorImpl.java:1355)
	at org.jvnet.hk2.internal.ServiceLocatorImpl.getAllServiceHandles(ServiceLocatorImpl.java:1344)
	at org.glassfish.jersey.internal.inject.Providers.getServiceHandles(Providers.java:354)
	at org.glassfish.jersey.internal.inject.Providers.getProviders(Providers.java:187)
	at org.glassfish.jersey.message.internal.MessageBodyFactory.&lt;init&gt;(MessageBodyFactory.java:248)
	at java.base/jdk.internal.reflect.NativeConstructorAccessorImpl.newInstance0(Native Method)
	at java.base/jdk.internal.reflect.NativeConstructorAccessorImpl.newInstance(NativeConstructorAccessorImpl.java:62)
	at java.base/jdk.internal.reflect.DelegatingConstructorAccessorImpl.newInstance(DelegatingConstructorAccessorImpl.java:45)
	at java.base/java.lang.reflect.Constructor.newInstance(Constructor.java:488)
	at org.glassfish.hk2.utilities.reflection.ReflectionHelper.makeMe(ReflectionHelper.java:1375)
	at org.jvnet.hk2.internal.ClazzCreator.createMe(ClazzCreator.java:272)
	at org.jvnet.hk2.internal.ClazzCreator.create(ClazzCreator.java:366)
	at org.jvnet.hk2.internal.SystemDescriptor.create(SystemDescriptor.java:487)
	at org.jvnet.hk2.internal.SingletonContext$1.compute(SingletonContext.java:83)
	at org.jvnet.hk2.internal.SingletonContext$1.compute(SingletonContext.java:71)
	at org.glassfish.hk2.utilities.cache.Cache$OriginThreadAwareFuture$1.call(Cache.java:97)
	at java.base/java.util.concurrent.FutureTask.run(FutureTask.java:264)
	at org.glassfish.hk2.utilities.cache.Cache$OriginThreadAwareFuture.run(Cache.java:154)
	at org.glassfish.hk2.utilities.cache.Cache.compute(Cache.java:199)
	at org.jvnet.hk2.internal.SingletonContext.findOrCreate(SingletonContext.java:122)
	at org.jvnet.hk2.internal.Utilities.createService(Utilities.java:2022)
	at org.jvnet.hk2.internal.ServiceLocatorImpl.internalGetService(ServiceLocatorImpl.java:774)
	at org.jvnet.hk2.internal.ServiceLocatorImpl.internalGetService(ServiceLocatorImpl.java:737)
	at org.jvnet.hk2.internal.ServiceLocatorImpl.getService(ServiceLocatorImpl.java:707)
	at org.glassfish.jersey.server.model.ComponentModelValidator.&lt;init&gt;(ComponentModelValidator.java:97)
	at org.glassfish.jersey.server.ApplicationHandler.initialize(ApplicationHandler.java:549)
	at org.glassfish.jersey.server.ApplicationHandler.access$500(ApplicationHandler.java:184)
	at org.glassfish.jersey.server.ApplicationHandler$3.call(ApplicationHandler.java:350)
	at org.glassfish.jersey.server.ApplicationHandler$3.call(ApplicationHandler.java:347)
	at org.glassfish.jersey.internal.Errors.process(Errors.java:315)
	at org.glassfish.jersey.internal.Errors.process(Errors.java:297)
	at org.glassfish.jersey.internal.Errors.processWithException(Errors.java:255)
	at org.glassfish.jersey.server.ApplicationHandler.&lt;init&gt;(ApplicationHandler.java:347)
	at org.glassfish.jersey.server.ApplicationHandler.&lt;init&gt;(ApplicationHandler.java:311)
	at org.glassfish.jersey.grizzly2.httpserver.GrizzlyHttpContainer.&lt;init&gt;(GrizzlyHttpContainer.java:337)
	at org.glassfish.jersey.grizzly2.httpserver.GrizzlyHttpServerFactory.createHttpServer(GrizzlyHttpServerFactory.java:119)
	at com.example.Main.startServer(Main.java:30)
	at com.example.MyResourceTest.setUp(MyResourceTest.java:22)
	at java.base/jdk.internal.reflect.NativeMethodAccessorImpl.invoke0(Native Method)
	at java.base/jdk.internal.reflect.NativeMethodAccessorImpl.invoke(NativeMethodAccessorImpl.java:62)
	at java.base/jdk.internal.reflect.DelegatingMethodAccessorImpl.invoke(DelegatingMethodAccessorImpl.java:43)
	at java.base/java.lang.reflect.Method.invoke(Method.java:564)
	at org.junit.runners.model.FrameworkMethod$1.runReflectiveCall(FrameworkMethod.java:44)
	at org.junit.internal.runners.model.ReflectiveCallable.run(ReflectiveCallable.java:15)
	at org.junit.runners.model.FrameworkMethod.invokeExplosively(FrameworkMethod.java:41)
	at org.junit.internal.runners.statements.RunBefores.evaluate(RunBefores.java:27)
	at org.junit.internal.runners.statements.RunAfters.evaluate(RunAfters.java:31)
	at org.junit.runners.ParentRunner.runLeaf(ParentRunner.java:263)
	at org.junit.runners.BlockJUnit4ClassRunner.runChild(BlockJUnit4ClassRunner.java:69)
	at org.junit.runners.BlockJUnit4ClassRunner.runChild(BlockJUnit4ClassRunner.java:48)
	at org.junit.runners.ParentRunner$3.run(ParentRunner.java:231)
	at org.junit.runners.ParentRunner$1.schedule(ParentRunner.java:60)
	at org.junit.runners.ParentRunner.runChildren(ParentRunner.java:229)
	at org.junit.runners.ParentRunner.access$000(ParentRunner.java:50)
	at org.junit.runners.ParentRunner$2.evaluate(ParentRunner.java:222)
	at org.junit.runners.ParentRunner.run(ParentRunner.java:292)
	at org.apache.maven.surefire.junit4.JUnit4Provider.execute(JUnit4Provider.java:252)
	at org.apache.maven.surefire.junit4.JUnit4Provider.executeTestSet(JUnit4Provider.java:141)
	at org.apache.maven.surefire.junit4.JUnit4Provider.invoke(JUnit4Provider.java:112)
	at java.base/jdk.internal.reflect.NativeMethodAccessorImpl.invoke0(Native Method)
	at java.base/jdk.internal.reflect.NativeMethodAccessorImpl.invoke(NativeMethodAccessorImpl.java:62)
	at java.base/jdk.internal.reflect.DelegatingMethodAccessorImpl.invoke(DelegatingMethodAccessorImpl.java:43)
	at java.base/java.lang.reflect.Method.invoke(Method.java:564)
	at org.apache.maven.surefire.util.ReflectionUtils.invokeMethodWithArray(ReflectionUtils.java:189)
	at org.apache.maven.surefire.booter.ProviderFactory$ProviderProxy.invoke(ProviderFactory.java:165)
	at org.apache.maven.surefire.booter.ProviderFactory.invokeProvider(ProviderFactory.java:85)
	at org.apache.maven.surefire.booter.ForkedBooter.runSuitesInProcess(ForkedBooter.java:115)
	at org.apache.maven.surefire.booter.ForkedBooter.main(ForkedBooter.java:75)

WARNING: HK2 service reification failed for [org.glassfish.jersey.jaxb.internal.XmlJaxbElementProvider$Text] with an exception:
MultiException stack 1 of 2
java.lang.NoClassDefFoundError: javax/xml/bind/PropertyException
	at java.base/java.lang.Class.getDeclaredConstructors0(Native Method)
	at java.base/java.lang.Class.privateGetDeclaredConstructors(Class.java:3090)
	at java.base/java.lang.Class.getDeclaredConstructors(Class.java:2316)
	at org.jvnet.hk2.internal.Utilities$3.run(Utilities.java:1308)
	at org.jvnet.hk2.internal.Utilities$3.run(Utilities.java:1304)
	at java.base/java.security.AccessController.doPrivileged(Native Method)
	at org.jvnet.hk2.internal.Utilities.getAllConstructors(Utilities.java:1304)
	at org.jvnet.hk2.internal.Utilities.findProducerConstructor(Utilities.java:1247)
	at org.jvnet.hk2.internal.DefaultClassAnalyzer.getConstructor(DefaultClassAnalyzer.java:83)
	at org.glassfish.jersey.internal.inject.JerseyClassAnalyzer.getConstructor(JerseyClassAnalyzer.java:144)
	at org.jvnet.hk2.internal.Utilities.getConstructor(Utilities.java:178)
	at org.jvnet.hk2.internal.ClazzCreator.initialize(ClazzCreator.java:129)
	at org.jvnet.hk2.internal.ClazzCreator.initialize(ClazzCreator.java:180)
	at org.jvnet.hk2.internal.SystemDescriptor.internalReify(SystemDescriptor.java:740)
	at org.jvnet.hk2.internal.SystemDescriptor.reify(SystemDescriptor.java:694)
	at org.jvnet.hk2.internal.ServiceLocatorImpl.reifyDescriptor(ServiceLocatorImpl.java:461)
	at org.jvnet.hk2.internal.ServiceLocatorImpl.narrow(ServiceLocatorImpl.java:2288)
	at org.jvnet.hk2.internal.ServiceLocatorImpl.access$1200(ServiceLocatorImpl.java:125)
	at org.jvnet.hk2.internal.ServiceLocatorImpl$9.compute(ServiceLocatorImpl.java:1373)
	at org.jvnet.hk2.internal.ServiceLocatorImpl$9.compute(ServiceLocatorImpl.java:1368)
	at org.glassfish.hk2.utilities.cache.internal.WeakCARCacheImpl.compute(WeakCARCacheImpl.java:116)
	at org.jvnet.hk2.internal.ServiceLocatorImpl.internalGetAllServiceHandles(ServiceLocatorImpl.java:1430)
	at org.jvnet.hk2.internal.ServiceLocatorImpl.getAllServiceHandles(ServiceLocatorImpl.java:1355)
	at org.jvnet.hk2.internal.ServiceLocatorImpl.getAllServiceHandles(ServiceLocatorImpl.java:1344)
	at org.glassfish.jersey.internal.inject.Providers.getServiceHandles(Providers.java:354)
	at org.glassfish.jersey.internal.inject.Providers.getProviders(Providers.java:187)
	at org.glassfish.jersey.message.internal.MessageBodyFactory.&lt;init&gt;(MessageBodyFactory.java:248)
	at java.base/jdk.internal.reflect.NativeConstructorAccessorImpl.newInstance0(Native Method)
	at java.base/jdk.internal.reflect.NativeConstructorAccessorImpl.newInstance(NativeConstructorAccessorImpl.java:62)
	at java.base/jdk.internal.reflect.DelegatingConstructorAccessorImpl.newInstance(DelegatingConstructorAccessorImpl.java:45)
	at java.base/java.lang.reflect.Constructor.newInstance(Constructor.java:488)
	at org.glassfish.hk2.utilities.reflection.ReflectionHelper.makeMe(ReflectionHelper.java:1375)
	at org.jvnet.hk2.internal.ClazzCreator.createMe(ClazzCreator.java:272)
	at org.jvnet.hk2.internal.ClazzCreator.create(ClazzCreator.java:366)
	at org.jvnet.hk2.internal.SystemDescriptor.create(SystemDescriptor.java:487)
	at org.jvnet.hk2.internal.SingletonContext$1.compute(SingletonContext.java:83)
	at org.jvnet.hk2.internal.SingletonContext$1.compute(SingletonContext.java:71)
	at org.glassfish.hk2.utilities.cache.Cache$OriginThreadAwareFuture$1.call(Cache.java:97)
	at java.base/java.util.concurrent.FutureTask.run(FutureTask.java:264)
	at org.glassfish.hk2.utilities.cache.Cache$OriginThreadAwareFuture.run(Cache.java:154)
	at org.glassfish.hk2.utilities.cache.Cache.compute(Cache.java:199)
	at org.jvnet.hk2.internal.SingletonContext.findOrCreate(SingletonContext.java:122)
	at org.jvnet.hk2.internal.Utilities.createService(Utilities.java:2022)
	at org.jvnet.hk2.internal.ServiceLocatorImpl.internalGetService(ServiceLocatorImpl.java:774)
	at org.jvnet.hk2.internal.ServiceLocatorImpl.internalGetService(ServiceLocatorImpl.java:737)
	at org.jvnet.hk2.internal.ServiceLocatorImpl.getService(ServiceLocatorImpl.java:707)
	at org.glassfish.jersey.server.model.ComponentModelValidator.&lt;init&gt;(ComponentModelValidator.java:97)
	at org.glassfish.jersey.server.ApplicationHandler.initialize(ApplicationHandler.java:549)
	at org.glassfish.jersey.server.ApplicationHandler.access$500(ApplicationHandler.java:184)
	at org.glassfish.jersey.server.ApplicationHandler$3.call(ApplicationHandler.java:350)
	at org.glassfish.jersey.server.ApplicationHandler$3.call(ApplicationHandler.java:347)
	at org.glassfish.jersey.internal.Errors.process(Errors.java:315)
	at org.glassfish.jersey.internal.Errors.process(Errors.java:297)
	at org.glassfish.jersey.internal.Errors.processWithException(Errors.java:255)
	at org.glassfish.jersey.server.ApplicationHandler.&lt;init&gt;(ApplicationHandler.java:347)
	at org.glassfish.jersey.server.ApplicationHandler.&lt;init&gt;(ApplicationHandler.java:311)
	at org.glassfish.jersey.grizzly2.httpserver.GrizzlyHttpContainer.&lt;init&gt;(GrizzlyHttpContainer.java:337)
	at org.glassfish.jersey.grizzly2.httpserver.GrizzlyHttpServerFactory.createHttpServer(GrizzlyHttpServerFactory.java:119)
	at com.example.Main.startServer(Main.java:30)
	at com.example.MyResourceTest.setUp(MyResourceTest.java:22)
	at java.base/jdk.internal.reflect.NativeMethodAccessorImpl.invoke0(Native Method)
	at java.base/jdk.internal.reflect.NativeMethodAccessorImpl.invoke(NativeMethodAccessorImpl.java:62)
	at java.base/jdk.internal.reflect.DelegatingMethodAccessorImpl.invoke(DelegatingMethodAccessorImpl.java:43)
	at java.base/java.lang.reflect.Method.invoke(Method.java:564)
	at org.junit.runners.model.FrameworkMethod$1.runReflectiveCall(FrameworkMethod.java:44)
	at org.junit.internal.runners.model.ReflectiveCallable.run(ReflectiveCallable.java:15)
	at org.junit.runners.model.FrameworkMethod.invokeExplosively(FrameworkMethod.java:41)
	at org.junit.internal.runners.statements.RunBefores.evaluate(RunBefores.java:27)
	at org.junit.internal.runners.statements.RunAfters.evaluate(RunAfters.java:31)
	at org.junit.runners.ParentRunner.runLeaf(ParentRunner.java:263)
	at org.junit.runners.BlockJUnit4ClassRunner.runChild(BlockJUnit4ClassRunner.java:69)
	at org.junit.runners.BlockJUnit4ClassRunner.runChild(BlockJUnit4ClassRunner.java:48)
	at org.junit.runners.ParentRunner$3.run(ParentRunner.java:231)
	at org.junit.runners.ParentRunner$1.schedule(ParentRunner.java:60)
	at org.junit.runners.ParentRunner.runChildren(ParentRunner.java:229)
	at org.junit.runners.ParentRunner.access$000(ParentRunner.java:50)
	at org.junit.runners.ParentRunner$2.evaluate(ParentRunner.java:222)
	at org.junit.runners.ParentRunner.run(ParentRunner.java:292)
	at org.apache.maven.surefire.junit4.JUnit4Provider.execute(JUnit4Provider.java:252)
	at org.apache.maven.surefire.junit4.JUnit4Provider.executeTestSet(JUnit4Provider.java:141)
	at org.apache.maven.surefire.junit4.JUnit4Provider.invoke(JUnit4Provider.java:112)
	at java.base/jdk.internal.reflect.NativeMethodAccessorImpl.invoke0(Native Method)
	at java.base/jdk.internal.reflect.NativeMethodAccessorImpl.invoke(NativeMethodAccessorImpl.java:62)
	at java.base/jdk.internal.reflect.DelegatingMethodAccessorImpl.invoke(DelegatingMethodAccessorImpl.java:43)
	at java.base/java.lang.reflect.Method.invoke(Method.java:564)
	at org.apache.maven.surefire.util.ReflectionUtils.invokeMethodWithArray(ReflectionUtils.java:189)
	at org.apache.maven.surefire.booter.ProviderFactory$ProviderProxy.invoke(ProviderFactory.java:165)
	at org.apache.maven.surefire.booter.ProviderFactory.invokeProvider(ProviderFactory.java:85)
	at org.apache.maven.surefire.booter.ForkedBooter.runSuitesInProcess(ForkedBooter.java:115)
	at org.apache.maven.surefire.booter.ForkedBooter.main(ForkedBooter.java:75)
Caused by: java.lang.ClassNotFoundException: javax.xml.bind.PropertyException
	at java.base/jdk.internal.loader.BuiltinClassLoader.loadClass(BuiltinClassLoader.java:582)
	at java.base/jdk.internal.loader.ClassLoaders$AppClassLoader.loadClass(ClassLoaders.java:190)
	at java.base/java.lang.ClassLoader.loadClass(ClassLoader.java:499)
	... 90 more
MultiException stack 2 of 2
java.lang.IllegalArgumentException: Errors were discovered while reifying SystemDescriptor(
	implementation=org.glassfish.jersey.jaxb.internal.XmlJaxbElementProvider$Text
	contracts={javax.ws.rs.ext.MessageBodyWriter,javax.ws.rs.ext.MessageBodyReader}
	scope=javax.inject.Singleton
	qualifiers={}
	descriptorType=CLASS
	descriptorVisibility=NORMAL
	metadata=
	rank=0
	loader=org.glassfish.hk2.utilities.binding.AbstractBinder$2@16fdec90
	proxiable=null
	proxyForSameScope=null
	analysisName=null
	id=102
	locatorId=0
	identityHashCode=2031588185
	reified=false)
	at org.jvnet.hk2.internal.SystemDescriptor.reify(SystemDescriptor.java:705)
	at org.jvnet.hk2.internal.ServiceLocatorImpl.reifyDescriptor(ServiceLocatorImpl.java:461)
	at org.jvnet.hk2.internal.ServiceLocatorImpl.narrow(ServiceLocatorImpl.java:2288)
	at org.jvnet.hk2.internal.ServiceLocatorImpl.access$1200(ServiceLocatorImpl.java:125)
	at org.jvnet.hk2.internal.ServiceLocatorImpl$9.compute(ServiceLocatorImpl.java:1373)
	at org.jvnet.hk2.internal.ServiceLocatorImpl$9.compute(ServiceLocatorImpl.java:1368)
	at org.glassfish.hk2.utilities.cache.internal.WeakCARCacheImpl.compute(WeakCARCacheImpl.java:116)
	at org.jvnet.hk2.internal.ServiceLocatorImpl.internalGetAllServiceHandles(ServiceLocatorImpl.java:1430)
	at org.jvnet.hk2.internal.ServiceLocatorImpl.getAllServiceHandles(ServiceLocatorImpl.java:1355)
	at org.jvnet.hk2.internal.ServiceLocatorImpl.getAllServiceHandles(ServiceLocatorImpl.java:1344)
	at org.glassfish.jersey.internal.inject.Providers.getServiceHandles(Providers.java:354)
	at org.glassfish.jersey.internal.inject.Providers.getProviders(Providers.java:187)
	at org.glassfish.jersey.message.internal.MessageBodyFactory.&lt;init&gt;(MessageBodyFactory.java:248)
	at java.base/jdk.internal.reflect.NativeConstructorAccessorImpl.newInstance0(Native Method)
	at java.base/jdk.internal.reflect.NativeConstructorAccessorImpl.newInstance(NativeConstructorAccessorImpl.java:62)
	at java.base/jdk.internal.reflect.DelegatingConstructorAccessorImpl.newInstance(DelegatingConstructorAccessorImpl.java:45)
	at java.base/java.lang.reflect.Constructor.newInstance(Constructor.java:488)
	at org.glassfish.hk2.utilities.reflection.ReflectionHelper.makeMe(ReflectionHelper.java:1375)
	at org.jvnet.hk2.internal.ClazzCreator.createMe(ClazzCreator.java:272)
	at org.jvnet.hk2.internal.ClazzCreator.create(ClazzCreator.java:366)
	at org.jvnet.hk2.internal.SystemDescriptor.create(SystemDescriptor.java:487)
	at org.jvnet.hk2.internal.SingletonContext$1.compute(SingletonContext.java:83)
	at org.jvnet.hk2.internal.SingletonContext$1.compute(SingletonContext.java:71)
	at org.glassfish.hk2.utilities.cache.Cache$OriginThreadAwareFuture$1.call(Cache.java:97)
	at java.base/java.util.concurrent.FutureTask.run(FutureTask.java:264)
	at org.glassfish.hk2.utilities.cache.Cache$OriginThreadAwareFuture.run(Cache.java:154)
	at org.glassfish.hk2.utilities.cache.Cache.compute(Cache.java:199)
	at org.jvnet.hk2.internal.SingletonContext.findOrCreate(SingletonContext.java:122)
	at org.jvnet.hk2.internal.Utilities.createService(Utilities.java:2022)
	at org.jvnet.hk2.internal.ServiceLocatorImpl.internalGetService(ServiceLocatorImpl.java:774)
	at org.jvnet.hk2.internal.ServiceLocatorImpl.internalGetService(ServiceLocatorImpl.java:737)
	at org.jvnet.hk2.internal.ServiceLocatorImpl.getService(ServiceLocatorImpl.java:707)
	at org.glassfish.jersey.server.model.ComponentModelValidator.&lt;init&gt;(ComponentModelValidator.java:97)
	at org.glassfish.jersey.server.ApplicationHandler.initialize(ApplicationHandler.java:549)
	at org.glassfish.jersey.server.ApplicationHandler.access$500(ApplicationHandler.java:184)
	at org.glassfish.jersey.server.ApplicationHandler$3.call(ApplicationHandler.java:350)
	at org.glassfish.jersey.server.ApplicationHandler$3.call(ApplicationHandler.java:347)
	at org.glassfish.jersey.internal.Errors.process(Errors.java:315)
	at org.glassfish.jersey.internal.Errors.process(Errors.java:297)
	at org.glassfish.jersey.internal.Errors.processWithException(Errors.java:255)
	at org.glassfish.jersey.server.ApplicationHandler.&lt;init&gt;(ApplicationHandler.java:347)
	at org.glassfish.jersey.server.ApplicationHandler.&lt;init&gt;(ApplicationHandler.java:311)
	at org.glassfish.jersey.grizzly2.httpserver.GrizzlyHttpContainer.&lt;init&gt;(GrizzlyHttpContainer.java:337)
	at org.glassfish.jersey.grizzly2.httpserver.GrizzlyHttpServerFactory.createHttpServer(GrizzlyHttpServerFactory.java:119)
	at com.example.Main.startServer(Main.java:30)
	at com.example.MyResourceTest.setUp(MyResourceTest.java:22)
	at java.base/jdk.internal.reflect.NativeMethodAccessorImpl.invoke0(Native Method)
	at java.base/jdk.internal.reflect.NativeMethodAccessorImpl.invoke(NativeMethodAccessorImpl.java:62)
	at java.base/jdk.internal.reflect.DelegatingMethodAccessorImpl.invoke(DelegatingMethodAccessorImpl.java:43)
	at java.base/java.lang.reflect.Method.invoke(Method.java:564)
	at org.junit.runners.model.FrameworkMethod$1.runReflectiveCall(FrameworkMethod.java:44)
	at org.junit.internal.runners.model.ReflectiveCallable.run(ReflectiveCallable.java:15)
	at org.junit.runners.model.FrameworkMethod.invokeExplosively(FrameworkMethod.java:41)
	at org.junit.internal.runners.statements.RunBefores.evaluate(RunBefores.java:27)
	at org.junit.internal.runners.statements.RunAfters.evaluate(RunAfters.java:31)
	at org.junit.runners.ParentRunner.runLeaf(ParentRunner.java:263)
	at org.junit.runners.BlockJUnit4ClassRunner.runChild(BlockJUnit4ClassRunner.java:69)
	at org.junit.runners.BlockJUnit4ClassRunner.runChild(BlockJUnit4ClassRunner.java:48)
	at org.junit.runners.ParentRunner$3.run(ParentRunner.java:231)
	at org.junit.runners.ParentRunner$1.schedule(ParentRunner.java:60)
	at org.junit.runners.ParentRunner.runChildren(ParentRunner.java:229)
	at org.junit.runners.ParentRunner.access$000(ParentRunner.java:50)
	at org.junit.runners.ParentRunner$2.evaluate(ParentRunner.java:222)
	at org.junit.runners.ParentRunner.run(ParentRunner.java:292)
	at org.apache.maven.surefire.junit4.JUnit4Provider.execute(JUnit4Provider.java:252)
	at org.apache.maven.surefire.junit4.JUnit4Provider.executeTestSet(JUnit4Provider.java:141)
	at org.apache.maven.surefire.junit4.JUnit4Provider.invoke(JUnit4Provider.java:112)
	at java.base/jdk.internal.reflect.NativeMethodAccessorImpl.invoke0(Native Method)
	at java.base/jdk.internal.reflect.NativeMethodAccessorImpl.invoke(NativeMethodAccessorImpl.java:62)
	at java.base/jdk.internal.reflect.DelegatingMethodAccessorImpl.invoke(DelegatingMethodAccessorImpl.java:43)
	at java.base/java.lang.reflect.Method.invoke(Method.java:564)
	at org.apache.maven.surefire.util.ReflectionUtils.invokeMethodWithArray(ReflectionUtils.java:189)
	at org.apache.maven.surefire.booter.ProviderFactory$ProviderProxy.invoke(ProviderFactory.java:165)
	at org.apache.maven.surefire.booter.ProviderFactory.invokeProvider(ProviderFactory.java:85)
	at org.apache.maven.surefire.booter.ForkedBooter.runSuitesInProcess(ForkedBooter.java:115)
	at org.apache.maven.surefire.booter.ForkedBooter.main(ForkedBooter.java:75)

WARNING: HK2 service reification failed for [org.glassfish.jersey.jaxb.internal.XmlJaxbElementProvider$General] with an exception:
MultiException stack 1 of 2
java.lang.NoClassDefFoundError: javax/xml/bind/PropertyException
	at java.base/java.lang.Class.getDeclaredConstructors0(Native Method)
	at java.base/java.lang.Class.privateGetDeclaredConstructors(Class.java:3090)
	at java.base/java.lang.Class.getDeclaredConstructors(Class.java:2316)
	at org.jvnet.hk2.internal.Utilities$3.run(Utilities.java:1308)
	at org.jvnet.hk2.internal.Utilities$3.run(Utilities.java:1304)
	at java.base/java.security.AccessController.doPrivileged(Native Method)
	at org.jvnet.hk2.internal.Utilities.getAllConstructors(Utilities.java:1304)
	at org.jvnet.hk2.internal.Utilities.findProducerConstructor(Utilities.java:1247)
	at org.jvnet.hk2.internal.DefaultClassAnalyzer.getConstructor(DefaultClassAnalyzer.java:83)
	at org.glassfish.jersey.internal.inject.JerseyClassAnalyzer.getConstructor(JerseyClassAnalyzer.java:144)
	at org.jvnet.hk2.internal.Utilities.getConstructor(Utilities.java:178)
	at org.jvnet.hk2.internal.ClazzCreator.initialize(ClazzCreator.java:129)
	at org.jvnet.hk2.internal.ClazzCreator.initialize(ClazzCreator.java:180)
	at org.jvnet.hk2.internal.SystemDescriptor.internalReify(SystemDescriptor.java:740)
	at org.jvnet.hk2.internal.SystemDescriptor.reify(SystemDescriptor.java:694)
	at org.jvnet.hk2.internal.ServiceLocatorImpl.reifyDescriptor(ServiceLocatorImpl.java:461)
	at org.jvnet.hk2.internal.ServiceLocatorImpl.narrow(ServiceLocatorImpl.java:2288)
	at org.jvnet.hk2.internal.ServiceLocatorImpl.access$1200(ServiceLocatorImpl.java:125)
	at org.jvnet.hk2.internal.ServiceLocatorImpl$9.compute(ServiceLocatorImpl.java:1373)
	at org.jvnet.hk2.internal.ServiceLocatorImpl$9.compute(ServiceLocatorImpl.java:1368)
	at org.glassfish.hk2.utilities.cache.internal.WeakCARCacheImpl.compute(WeakCARCacheImpl.java:116)
	at org.jvnet.hk2.internal.ServiceLocatorImpl.internalGetAllServiceHandles(ServiceLocatorImpl.java:1430)
	at org.jvnet.hk2.internal.ServiceLocatorImpl.getAllServiceHandles(ServiceLocatorImpl.java:1355)
	at org.jvnet.hk2.internal.ServiceLocatorImpl.getAllServiceHandles(ServiceLocatorImpl.java:1344)
	at org.glassfish.jersey.internal.inject.Providers.getServiceHandles(Providers.java:354)
	at org.glassfish.jersey.internal.inject.Providers.getProviders(Providers.java:187)
	at org.glassfish.jersey.message.internal.MessageBodyFactory.&lt;init&gt;(MessageBodyFactory.java:248)
	at java.base/jdk.internal.reflect.NativeConstructorAccessorImpl.newInstance0(Native Method)
	at java.base/jdk.internal.reflect.NativeConstructorAccessorImpl.newInstance(NativeConstructorAccessorImpl.java:62)
	at java.base/jdk.internal.reflect.DelegatingConstructorAccessorImpl.newInstance(DelegatingConstructorAccessorImpl.java:45)
	at java.base/java.lang.reflect.Constructor.newInstance(Constructor.java:488)
	at org.glassfish.hk2.utilities.reflection.ReflectionHelper.makeMe(ReflectionHelper.java:1375)
	at org.jvnet.hk2.internal.ClazzCreator.createMe(ClazzCreator.java:272)
	at org.jvnet.hk2.internal.ClazzCreator.create(ClazzCreator.java:366)
	at org.jvnet.hk2.internal.SystemDescriptor.create(SystemDescriptor.java:487)
	at org.jvnet.hk2.internal.SingletonContext$1.compute(SingletonContext.java:83)
	at org.jvnet.hk2.internal.SingletonContext$1.compute(SingletonContext.java:71)
	at org.glassfish.hk2.utilities.cache.Cache$OriginThreadAwareFuture$1.call(Cache.java:97)
	at java.base/java.util.concurrent.FutureTask.run(FutureTask.java:264)
	at org.glassfish.hk2.utilities.cache.Cache$OriginThreadAwareFuture.run(Cache.java:154)
	at org.glassfish.hk2.utilities.cache.Cache.compute(Cache.java:199)
	at org.jvnet.hk2.internal.SingletonContext.findOrCreate(SingletonContext.java:122)
	at org.jvnet.hk2.internal.Utilities.createService(Utilities.java:2022)
	at org.jvnet.hk2.internal.ServiceLocatorImpl.internalGetService(ServiceLocatorImpl.java:774)
	at org.jvnet.hk2.internal.ServiceLocatorImpl.internalGetService(ServiceLocatorImpl.java:737)
	at org.jvnet.hk2.internal.ServiceLocatorImpl.getService(ServiceLocatorImpl.java:707)
	at org.glassfish.jersey.server.model.ComponentModelValidator.&lt;init&gt;(ComponentModelValidator.java:97)
	at org.glassfish.jersey.server.ApplicationHandler.initialize(ApplicationHandler.java:549)
	at org.glassfish.jersey.server.ApplicationHandler.access$500(ApplicationHandler.java:184)
	at org.glassfish.jersey.server.ApplicationHandler$3.call(ApplicationHandler.java:350)
	at org.glassfish.jersey.server.ApplicationHandler$3.call(ApplicationHandler.java:347)
	at org.glassfish.jersey.internal.Errors.process(Errors.java:315)
	at org.glassfish.jersey.internal.Errors.process(Errors.java:297)
	at org.glassfish.jersey.internal.Errors.processWithException(Errors.java:255)
	at org.glassfish.jersey.server.ApplicationHandler.&lt;init&gt;(ApplicationHandler.java:347)
	at org.glassfish.jersey.server.ApplicationHandler.&lt;init&gt;(ApplicationHandler.java:311)
	at org.glassfish.jersey.grizzly2.httpserver.GrizzlyHttpContainer.&lt;init&gt;(GrizzlyHttpContainer.java:337)
	at org.glassfish.jersey.grizzly2.httpserver.GrizzlyHttpServerFactory.createHttpServer(GrizzlyHttpServerFactory.java:119)
	at com.example.Main.startServer(Main.java:30)
	at com.example.MyResourceTest.setUp(MyResourceTest.java:22)
	at java.base/jdk.internal.reflect.NativeMethodAccessorImpl.invoke0(Native Method)
	at java.base/jdk.internal.reflect.NativeMethodAccessorImpl.invoke(NativeMethodAccessorImpl.java:62)
	at java.base/jdk.internal.reflect.DelegatingMethodAccessorImpl.invoke(DelegatingMethodAccessorImpl.java:43)
	at java.base/java.lang.reflect.Method.invoke(Method.java:564)
	at org.junit.runners.model.FrameworkMethod$1.runReflectiveCall(FrameworkMethod.java:44)
	at org.junit.internal.runners.model.ReflectiveCallable.run(ReflectiveCallable.java:15)
	at org.junit.runners.model.FrameworkMethod.invokeExplosively(FrameworkMethod.java:41)
	at org.junit.internal.runners.statements.RunBefores.evaluate(RunBefores.java:27)
	at org.junit.internal.runners.statements.RunAfters.evaluate(RunAfters.java:31)
	at org.junit.runners.ParentRunner.runLeaf(ParentRunner.java:263)
	at org.junit.runners.BlockJUnit4ClassRunner.runChild(BlockJUnit4ClassRunner.java:69)
	at org.junit.runners.BlockJUnit4ClassRunner.runChild(BlockJUnit4ClassRunner.java:48)
	at org.junit.runners.ParentRunner$3.run(ParentRunner.java:231)
	at org.junit.runners.ParentRunner$1.schedule(ParentRunner.java:60)
	at org.junit.runners.ParentRunner.runChildren(ParentRunner.java:229)
	at org.junit.runners.ParentRunner.access$000(ParentRunner.java:50)
	at org.junit.runners.ParentRunner$2.evaluate(ParentRunner.java:222)
	at org.junit.runners.ParentRunner.run(ParentRunner.java:292)
	at org.apache.maven.surefire.junit4.JUnit4Provider.execute(JUnit4Provider.java:252)
	at org.apache.maven.surefire.junit4.JUnit4Provider.executeTestSet(JUnit4Provider.java:141)
	at org.apache.maven.surefire.junit4.JUnit4Provider.invoke(JUnit4Provider.java:112)
	at java.base/jdk.internal.reflect.NativeMethodAccessorImpl.invoke0(Native Method)
	at java.base/jdk.internal.reflect.NativeMethodAccessorImpl.invoke(NativeMethodAccessorImpl.java:62)
	at java.base/jdk.internal.reflect.DelegatingMethodAccessorImpl.invoke(DelegatingMethodAccessorImpl.java:43)
	at java.base/java.lang.reflect.Method.invoke(Method.java:564)
	at org.apache.maven.surefire.util.ReflectionUtils.invokeMethodWithArray(ReflectionUtils.java:189)
	at org.apache.maven.surefire.booter.ProviderFactory$ProviderProxy.invoke(ProviderFactory.java:165)
	at org.apache.maven.surefire.booter.ProviderFactory.invokeProvider(ProviderFactory.java:85)
	at org.apache.maven.surefire.booter.ForkedBooter.runSuitesInProcess(ForkedBooter.java:115)
	at org.apache.maven.surefire.booter.ForkedBooter.main(ForkedBooter.java:75)
Caused by: java.lang.ClassNotFoundException: javax.xml.bind.PropertyException
	at java.base/jdk.internal.loader.BuiltinClassLoader.loadClass(BuiltinClassLoader.java:582)
	at java.base/jdk.internal.loader.ClassLoaders$AppClassLoader.loadClass(ClassLoaders.java:190)
	at java.base/java.lang.ClassLoader.loadClass(ClassLoader.java:499)
	... 90 more
MultiException stack 2 of 2
java.lang.IllegalArgumentException: Errors were discovered while reifying SystemDescriptor(
	implementation=org.glassfish.jersey.jaxb.internal.XmlJaxbElementProvider$General
	contracts={javax.ws.rs.ext.MessageBodyWriter,javax.ws.rs.ext.MessageBodyReader}
	scope=javax.inject.Singleton
	qualifiers={}
	descriptorType=CLASS
	descriptorVisibility=NORMAL
	metadata=
	rank=0
	loader=org.glassfish.hk2.utilities.binding.AbstractBinder$2@16fdec90
	proxiable=null
	proxyForSameScope=null
	analysisName=null
	id=103
	locatorId=0
	identityHashCode=1783966110
	reified=false)
	at org.jvnet.hk2.internal.SystemDescriptor.reify(SystemDescriptor.java:705)
	at org.jvnet.hk2.internal.ServiceLocatorImpl.reifyDescriptor(ServiceLocatorImpl.java:461)
	at org.jvnet.hk2.internal.ServiceLocatorImpl.narrow(ServiceLocatorImpl.java:2288)
	at org.jvnet.hk2.internal.ServiceLocatorImpl.access$1200(ServiceLocatorImpl.java:125)
	at org.jvnet.hk2.internal.ServiceLocatorImpl$9.compute(ServiceLocatorImpl.java:1373)
	at org.jvnet.hk2.internal.ServiceLocatorImpl$9.compute(ServiceLocatorImpl.java:1368)
	at org.glassfish.hk2.utilities.cache.internal.WeakCARCacheImpl.compute(WeakCARCacheImpl.java:116)
	at org.jvnet.hk2.internal.ServiceLocatorImpl.internalGetAllServiceHandles(ServiceLocatorImpl.java:1430)
	at org.jvnet.hk2.internal.ServiceLocatorImpl.getAllServiceHandles(ServiceLocatorImpl.java:1355)
	at org.jvnet.hk2.internal.ServiceLocatorImpl.getAllServiceHandles(ServiceLocatorImpl.java:1344)
	at org.glassfish.jersey.internal.inject.Providers.getServiceHandles(Providers.java:354)
	at org.glassfish.jersey.internal.inject.Providers.getProviders(Providers.java:187)
	at org.glassfish.jersey.message.internal.MessageBodyFactory.&lt;init&gt;(MessageBodyFactory.java:248)
	at java.base/jdk.internal.reflect.NativeConstructorAccessorImpl.newInstance0(Native Method)
	at java.base/jdk.internal.reflect.NativeConstructorAccessorImpl.newInstance(NativeConstructorAccessorImpl.java:62)
	at java.base/jdk.internal.reflect.DelegatingConstructorAccessorImpl.newInstance(DelegatingConstructorAccessorImpl.java:45)
	at java.base/java.lang.reflect.Constructor.newInstance(Constructor.java:488)
	at org.glassfish.hk2.utilities.reflection.ReflectionHelper.makeMe(ReflectionHelper.java:1375)
	at org.jvnet.hk2.internal.ClazzCreator.createMe(ClazzCreator.java:272)
	at org.jvnet.hk2.internal.ClazzCreator.create(ClazzCreator.java:366)
	at org.jvnet.hk2.internal.SystemDescriptor.create(SystemDescriptor.java:487)
	at org.jvnet.hk2.internal.SingletonContext$1.compute(SingletonContext.java:83)
	at org.jvnet.hk2.internal.SingletonContext$1.compute(SingletonContext.java:71)
	at org.glassfish.hk2.utilities.cache.Cache$OriginThreadAwareFuture$1.call(Cache.java:97)
	at java.base/java.util.concurrent.FutureTask.run(FutureTask.java:264)
	at org.glassfish.hk2.utilities.cache.Cache$OriginThreadAwareFuture.run(Cache.java:154)
	at org.glassfish.hk2.utilities.cache.Cache.compute(Cache.java:199)
	at org.jvnet.hk2.internal.SingletonContext.findOrCreate(SingletonContext.java:122)
	at org.jvnet.hk2.internal.Utilities.createService(Utilities.java:2022)
	at org.jvnet.hk2.internal.ServiceLocatorImpl.internalGetService(ServiceLocatorImpl.java:774)
	at org.jvnet.hk2.internal.ServiceLocatorImpl.internalGetService(ServiceLocatorImpl.java:737)
	at org.jvnet.hk2.internal.ServiceLocatorImpl.getService(ServiceLocatorImpl.java:707)
	at org.glassfish.jersey.server.model.ComponentModelValidator.&lt;init&gt;(ComponentModelValidator.java:97)
	at org.glassfish.jersey.server.ApplicationHandler.initialize(ApplicationHandler.java:549)
	at org.glassfish.jersey.server.ApplicationHandler.access$500(ApplicationHandler.java:184)
	at org.glassfish.jersey.server.ApplicationHandler$3.call(ApplicationHandler.java:350)
	at org.glassfish.jersey.server.ApplicationHandler$3.call(ApplicationHandler.java:347)
	at org.glassfish.jersey.internal.Errors.process(Errors.java:315)
	at org.glassfish.jersey.internal.Errors.process(Errors.java:297)
	at org.glassfish.jersey.internal.Errors.processWithException(Errors.java:255)
	at org.glassfish.jersey.server.ApplicationHandler.&lt;init&gt;(ApplicationHandler.java:347)
	at org.glassfish.jersey.server.ApplicationHandler.&lt;init&gt;(ApplicationHandler.java:311)
	at org.glassfish.jersey.grizzly2.httpserver.GrizzlyHttpContainer.&lt;init&gt;(GrizzlyHttpContainer.java:337)
	at org.glassfish.jersey.grizzly2.httpserver.GrizzlyHttpServerFactory.createHttpServer(GrizzlyHttpServerFactory.java:119)
	at com.example.Main.startServer(Main.java:30)
	at com.example.MyResourceTest.setUp(MyResourceTest.java:22)
	at java.base/jdk.internal.reflect.NativeMethodAccessorImpl.invoke0(Native Method)
	at java.base/jdk.internal.reflect.NativeMethodAccessorImpl.invoke(NativeMethodAccessorImpl.java:62)
	at java.base/jdk.internal.reflect.DelegatingMethodAccessorImpl.invoke(DelegatingMethodAccessorImpl.java:43)
	at java.base/java.lang.reflect.Method.invoke(Method.java:564)
	at org.junit.runners.model.FrameworkMethod$1.runReflectiveCall(FrameworkMethod.java:44)
	at org.junit.internal.runners.model.ReflectiveCallable.run(ReflectiveCallable.java:15)
	at org.junit.runners.model.FrameworkMethod.invokeExplosively(FrameworkMethod.java:41)
	at org.junit.internal.runners.statements.RunBefores.evaluate(RunBefores.java:27)
	at org.junit.internal.runners.statements.RunAfters.evaluate(RunAfters.java:31)
	at org.junit.runners.ParentRunner.runLeaf(ParentRunner.java:263)
	at org.junit.runners.BlockJUnit4ClassRunner.runChild(BlockJUnit4ClassRunner.java:69)
	at org.junit.runners.BlockJUnit4ClassRunner.runChild(BlockJUnit4ClassRunner.java:48)
	at org.junit.runners.ParentRunner$3.run(ParentRunner.java:231)
	at org.junit.runners.ParentRunner$1.schedule(ParentRunner.java:60)
	at org.junit.runners.ParentRunner.runChildren(ParentRunner.java:229)
	at org.junit.runners.ParentRunner.access$000(ParentRunner.java:50)
	at org.junit.runners.ParentRunner$2.evaluate(ParentRunner.java:222)
	at org.junit.runners.ParentRunner.run(ParentRunner.java:292)
	at org.apache.maven.surefire.junit4.JUnit4Provider.execute(JUnit4Provider.java:252)
	at org.apache.maven.surefire.junit4.JUnit4Provider.executeTestSet(JUnit4Provider.java:141)
	at org.apache.maven.surefire.junit4.JUnit4Provider.invoke(JUnit4Provider.java:112)
	at java.base/jdk.internal.reflect.NativeMethodAccessorImpl.invoke0(Native Method)
	at java.base/jdk.internal.reflect.NativeMethodAccessorImpl.invoke(NativeMethodAccessorImpl.java:62)
	at java.base/jdk.internal.reflect.DelegatingMethodAccessorImpl.invoke(DelegatingMethodAccessorImpl.java:43)
	at java.base/java.lang.reflect.Method.invoke(Method.java:564)
	at org.apache.maven.surefire.util.ReflectionUtils.invokeMethodWithArray(ReflectionUtils.java:189)
	at org.apache.maven.surefire.booter.ProviderFactory$ProviderProxy.invoke(ProviderFactory.java:165)
	at org.apache.maven.surefire.booter.ProviderFactory.invokeProvider(ProviderFactory.java:85)
	at org.apache.maven.surefire.booter.ForkedBooter.runSuitesInProcess(ForkedBooter.java:115)
	at org.apache.maven.surefire.booter.ForkedBooter.main(ForkedBooter.java:75)

WARNING: HK2 service reification failed for [org.glassfish.jersey.jaxb.internal.XmlCollectionJaxbProvider$App] with an exception:
MultiException stack 1 of 2
java.lang.NoClassDefFoundError: javax/xml/bind/PropertyException
	at java.base/java.lang.Class.getDeclaredConstructors0(Native Method)
	at java.base/java.lang.Class.privateGetDeclaredConstructors(Class.java:3090)
	at java.base/java.lang.Class.getDeclaredConstructors(Class.java:2316)
	at org.jvnet.hk2.internal.Utilities$3.run(Utilities.java:1308)
	at org.jvnet.hk2.internal.Utilities$3.run(Utilities.java:1304)
	at java.base/java.security.AccessController.doPrivileged(Native Method)
	at org.jvnet.hk2.internal.Utilities.getAllConstructors(Utilities.java:1304)
	at org.jvnet.hk2.internal.Utilities.findProducerConstructor(Utilities.java:1247)
	at org.jvnet.hk2.internal.DefaultClassAnalyzer.getConstructor(DefaultClassAnalyzer.java:83)
	at org.glassfish.jersey.internal.inject.JerseyClassAnalyzer.getConstructor(JerseyClassAnalyzer.java:144)
	at org.jvnet.hk2.internal.Utilities.getConstructor(Utilities.java:178)
	at org.jvnet.hk2.internal.ClazzCreator.initialize(ClazzCreator.java:129)
	at org.jvnet.hk2.internal.ClazzCreator.initialize(ClazzCreator.java:180)
	at org.jvnet.hk2.internal.SystemDescriptor.internalReify(SystemDescriptor.java:740)
	at org.jvnet.hk2.internal.SystemDescriptor.reify(SystemDescriptor.java:694)
	at org.jvnet.hk2.internal.ServiceLocatorImpl.reifyDescriptor(ServiceLocatorImpl.java:461)
	at org.jvnet.hk2.internal.ServiceLocatorImpl.narrow(ServiceLocatorImpl.java:2288)
	at org.jvnet.hk2.internal.ServiceLocatorImpl.access$1200(ServiceLocatorImpl.java:125)
	at org.jvnet.hk2.internal.ServiceLocatorImpl$9.compute(ServiceLocatorImpl.java:1373)
	at org.jvnet.hk2.internal.ServiceLocatorImpl$9.compute(ServiceLocatorImpl.java:1368)
	at org.glassfish.hk2.utilities.cache.internal.WeakCARCacheImpl.compute(WeakCARCacheImpl.java:116)
	at org.jvnet.hk2.internal.ServiceLocatorImpl.internalGetAllServiceHandles(ServiceLocatorImpl.java:1430)
	at org.jvnet.hk2.internal.ServiceLocatorImpl.getAllServiceHandles(ServiceLocatorImpl.java:1355)
	at org.jvnet.hk2.internal.ServiceLocatorImpl.getAllServiceHandles(ServiceLocatorImpl.java:1344)
	at org.glassfish.jersey.internal.inject.Providers.getServiceHandles(Providers.java:354)
	at org.glassfish.jersey.internal.inject.Providers.getProviders(Providers.java:187)
	at org.glassfish.jersey.message.internal.MessageBodyFactory.&lt;init&gt;(MessageBodyFactory.java:248)
	at java.base/jdk.internal.reflect.NativeConstructorAccessorImpl.newInstance0(Native Method)
	at java.base/jdk.internal.reflect.NativeConstructorAccessorImpl.newInstance(NativeConstructorAccessorImpl.java:62)
	at java.base/jdk.internal.reflect.DelegatingConstructorAccessorImpl.newInstance(DelegatingConstructorAccessorImpl.java:45)
	at java.base/java.lang.reflect.Constructor.newInstance(Constructor.java:488)
	at org.glassfish.hk2.utilities.reflection.ReflectionHelper.makeMe(ReflectionHelper.java:1375)
	at org.jvnet.hk2.internal.ClazzCreator.createMe(ClazzCreator.java:272)
	at org.jvnet.hk2.internal.ClazzCreator.create(ClazzCreator.java:366)
	at org.jvnet.hk2.internal.SystemDescriptor.create(SystemDescriptor.java:487)
	at org.jvnet.hk2.internal.SingletonContext$1.compute(SingletonContext.java:83)
	at org.jvnet.hk2.internal.SingletonContext$1.compute(SingletonContext.java:71)
	at org.glassfish.hk2.utilities.cache.Cache$OriginThreadAwareFuture$1.call(Cache.java:97)
	at java.base/java.util.concurrent.FutureTask.run(FutureTask.java:264)
	at org.glassfish.hk2.utilities.cache.Cache$OriginThreadAwareFuture.run(Cache.java:154)
	at org.glassfish.hk2.utilities.cache.Cache.compute(Cache.java:199)
	at org.jvnet.hk2.internal.SingletonContext.findOrCreate(SingletonContext.java:122)
	at org.jvnet.hk2.internal.Utilities.createService(Utilities.java:2022)
	at org.jvnet.hk2.internal.ServiceLocatorImpl.internalGetService(ServiceLocatorImpl.java:774)
	at org.jvnet.hk2.internal.ServiceLocatorImpl.internalGetService(ServiceLocatorImpl.java:737)
	at org.jvnet.hk2.internal.ServiceLocatorImpl.getService(ServiceLocatorImpl.java:707)
	at org.glassfish.jersey.server.model.ComponentModelValidator.&lt;init&gt;(ComponentModelValidator.java:97)
	at org.glassfish.jersey.server.ApplicationHandler.initialize(ApplicationHandler.java:549)
	at org.glassfish.jersey.server.ApplicationHandler.access$500(ApplicationHandler.java:184)
	at org.glassfish.jersey.server.ApplicationHandler$3.call(ApplicationHandler.java:350)
	at org.glassfish.jersey.server.ApplicationHandler$3.call(ApplicationHandler.java:347)
	at org.glassfish.jersey.internal.Errors.process(Errors.java:315)
	at org.glassfish.jersey.internal.Errors.process(Errors.java:297)
	at org.glassfish.jersey.internal.Errors.processWithException(Errors.java:255)
	at org.glassfish.jersey.server.ApplicationHandler.&lt;init&gt;(ApplicationHandler.java:347)
	at org.glassfish.jersey.server.ApplicationHandler.&lt;init&gt;(ApplicationHandler.java:311)
	at org.glassfish.jersey.grizzly2.httpserver.GrizzlyHttpContainer.&lt;init&gt;(GrizzlyHttpContainer.java:337)
	at org.glassfish.jersey.grizzly2.httpserver.GrizzlyHttpServerFactory.createHttpServer(GrizzlyHttpServerFactory.java:119)
	at com.example.Main.startServer(Main.java:30)
	at com.example.MyResourceTest.setUp(MyResourceTest.java:22)
	at java.base/jdk.internal.reflect.NativeMethodAccessorImpl.invoke0(Native Method)
	at java.base/jdk.internal.reflect.NativeMethodAccessorImpl.invoke(NativeMethodAccessorImpl.java:62)
	at java.base/jdk.internal.reflect.DelegatingMethodAccessorImpl.invoke(DelegatingMethodAccessorImpl.java:43)
	at java.base/java.lang.reflect.Method.invoke(Method.java:564)
	at org.junit.runners.model.FrameworkMethod$1.runReflectiveCall(FrameworkMethod.java:44)
	at org.junit.internal.runners.model.ReflectiveCallable.run(ReflectiveCallable.java:15)
	at org.junit.runners.model.FrameworkMethod.invokeExplosively(FrameworkMethod.java:41)
	at org.junit.internal.runners.statements.RunBefores.evaluate(RunBefores.java:27)
	at org.junit.internal.runners.statements.RunAfters.evaluate(RunAfters.java:31)
	at org.junit.runners.ParentRunner.runLeaf(ParentRunner.java:263)
	at org.junit.runners.BlockJUnit4ClassRunner.runChild(BlockJUnit4ClassRunner.java:69)
	at org.junit.runners.BlockJUnit4ClassRunner.runChild(BlockJUnit4ClassRunner.java:48)
	at org.junit.runners.ParentRunner$3.run(ParentRunner.java:231)
	at org.junit.runners.ParentRunner$1.schedule(ParentRunner.java:60)
	at org.junit.runners.ParentRunner.runChildren(ParentRunner.java:229)
	at org.junit.runners.ParentRunner.access$000(ParentRunner.java:50)
	at org.junit.runners.ParentRunner$2.evaluate(ParentRunner.java:222)
	at org.junit.runners.ParentRunner.run(ParentRunner.java:292)
	at org.apache.maven.surefire.junit4.JUnit4Provider.execute(JUnit4Provider.java:252)
	at org.apache.maven.surefire.junit4.JUnit4Provider.executeTestSet(JUnit4Provider.java:141)
	at org.apache.maven.surefire.junit4.JUnit4Provider.invoke(JUnit4Provider.java:112)
	at java.base/jdk.internal.reflect.NativeMethodAccessorImpl.invoke0(Native Method)
	at java.base/jdk.internal.reflect.NativeMethodAccessorImpl.invoke(NativeMethodAccessorImpl.java:62)
	at java.base/jdk.internal.reflect.DelegatingMethodAccessorImpl.invoke(DelegatingMethodAccessorImpl.java:43)
	at java.base/java.lang.reflect.Method.invoke(Method.java:564)
	at org.apache.maven.surefire.util.ReflectionUtils.invokeMethodWithArray(ReflectionUtils.java:189)
	at org.apache.maven.surefire.booter.ProviderFactory$ProviderProxy.invoke(ProviderFactory.java:165)
	at org.apache.maven.surefire.booter.ProviderFactory.invokeProvider(ProviderFactory.java:85)
	at org.apache.maven.surefire.booter.ForkedBooter.runSuitesInProcess(ForkedBooter.java:115)
	at org.apache.maven.surefire.booter.ForkedBooter.main(ForkedBooter.java:75)
Caused by: java.lang.ClassNotFoundException: javax.xml.bind.PropertyException
	at java.base/jdk.internal.loader.BuiltinClassLoader.loadClass(BuiltinClassLoader.java:582)
	at java.base/jdk.internal.loader.ClassLoaders$AppClassLoader.loadClass(ClassLoaders.java:190)
	at java.base/java.lang.ClassLoader.loadClass(ClassLoader.java:499)
	... 90 more
MultiException stack 2 of 2
java.lang.IllegalArgumentException: Errors were discovered while reifying SystemDescriptor(
	implementation=org.glassfish.jersey.jaxb.internal.XmlCollectionJaxbProvider$App
	contracts={javax.ws.rs.ext.MessageBodyWriter,javax.ws.rs.ext.MessageBodyReader}
	scope=javax.inject.Singleton
	qualifiers={}
	descriptorType=CLASS
	descriptorVisibility=NORMAL
	metadata=
	rank=0
	loader=org.glassfish.hk2.utilities.binding.AbstractBinder$2@16fdec90
	proxiable=null
	proxyForSameScope=null
	analysisName=null
	id=104
	locatorId=0
	identityHashCode=2035381640
	reified=false)
	at org.jvnet.hk2.internal.SystemDescriptor.reify(SystemDescriptor.java:705)
	at org.jvnet.hk2.internal.ServiceLocatorImpl.reifyDescriptor(ServiceLocatorImpl.java:461)
	at org.jvnet.hk2.internal.ServiceLocatorImpl.narrow(ServiceLocatorImpl.java:2288)
	at org.jvnet.hk2.internal.ServiceLocatorImpl.access$1200(ServiceLocatorImpl.java:125)
	at org.jvnet.hk2.internal.ServiceLocatorImpl$9.compute(ServiceLocatorImpl.java:1373)
	at org.jvnet.hk2.internal.ServiceLocatorImpl$9.compute(ServiceLocatorImpl.java:1368)
	at org.glassfish.hk2.utilities.cache.internal.WeakCARCacheImpl.compute(WeakCARCacheImpl.java:116)
	at org.jvnet.hk2.internal.ServiceLocatorImpl.internalGetAllServiceHandles(ServiceLocatorImpl.java:1430)
	at org.jvnet.hk2.internal.ServiceLocatorImpl.getAllServiceHandles(ServiceLocatorImpl.java:1355)
	at org.jvnet.hk2.internal.ServiceLocatorImpl.getAllServiceHandles(ServiceLocatorImpl.java:1344)
	at org.glassfish.jersey.internal.inject.Providers.getServiceHandles(Providers.java:354)
	at org.glassfish.jersey.internal.inject.Providers.getProviders(Providers.java:187)
	at org.glassfish.jersey.message.internal.MessageBodyFactory.&lt;init&gt;(MessageBodyFactory.java:248)
	at java.base/jdk.internal.reflect.NativeConstructorAccessorImpl.newInstance0(Native Method)
	at java.base/jdk.internal.reflect.NativeConstructorAccessorImpl.newInstance(NativeConstructorAccessorImpl.java:62)
	at java.base/jdk.internal.reflect.DelegatingConstructorAccessorImpl.newInstance(DelegatingConstructorAccessorImpl.java:45)
	at java.base/java.lang.reflect.Constructor.newInstance(Constructor.java:488)
	at org.glassfish.hk2.utilities.reflection.ReflectionHelper.makeMe(ReflectionHelper.java:1375)
	at org.jvnet.hk2.internal.ClazzCreator.createMe(ClazzCreator.java:272)
	at org.jvnet.hk2.internal.ClazzCreator.create(ClazzCreator.java:366)
	at org.jvnet.hk2.internal.SystemDescriptor.create(SystemDescriptor.java:487)
	at org.jvnet.hk2.internal.SingletonContext$1.compute(SingletonContext.java:83)
	at org.jvnet.hk2.internal.SingletonContext$1.compute(SingletonContext.java:71)
	at org.glassfish.hk2.utilities.cache.Cache$OriginThreadAwareFuture$1.call(Cache.java:97)
	at java.base/java.util.concurrent.FutureTask.run(FutureTask.java:264)
	at org.glassfish.hk2.utilities.cache.Cache$OriginThreadAwareFuture.run(Cache.java:154)
	at org.glassfish.hk2.utilities.cache.Cache.compute(Cache.java:199)
	at org.jvnet.hk2.internal.SingletonContext.findOrCreate(SingletonContext.java:122)
	at org.jvnet.hk2.internal.Utilities.createService(Utilities.java:2022)
	at org.jvnet.hk2.internal.ServiceLocatorImpl.internalGetService(ServiceLocatorImpl.java:774)
	at org.jvnet.hk2.internal.ServiceLocatorImpl.internalGetService(ServiceLocatorImpl.java:737)
	at org.jvnet.hk2.internal.ServiceLocatorImpl.getService(ServiceLocatorImpl.java:707)
	at org.glassfish.jersey.server.model.ComponentModelValidator.&lt;init&gt;(ComponentModelValidator.java:97)
	at org.glassfish.jersey.server.ApplicationHandler.initialize(ApplicationHandler.java:549)
	at org.glassfish.jersey.server.ApplicationHandler.access$500(ApplicationHandler.java:184)
	at org.glassfish.jersey.server.ApplicationHandler$3.call(ApplicationHandler.java:350)
	at org.glassfish.jersey.server.ApplicationHandler$3.call(ApplicationHandler.java:347)
	at org.glassfish.jersey.internal.Errors.process(Errors.java:315)
	at org.glassfish.jersey.internal.Errors.process(Errors.java:297)
	at org.glassfish.jersey.internal.Errors.processWithException(Errors.java:255)
	at org.glassfish.jersey.server.ApplicationHandler.&lt;init&gt;(ApplicationHandler.java:347)
	at org.glassfish.jersey.server.ApplicationHandler.&lt;init&gt;(ApplicationHandler.java:311)
	at org.glassfish.jersey.grizzly2.httpserver.GrizzlyHttpContainer.&lt;init&gt;(GrizzlyHttpContainer.java:337)
	at org.glassfish.jersey.grizzly2.httpserver.GrizzlyHttpServerFactory.createHttpServer(GrizzlyHttpServerFactory.java:119)
	at com.example.Main.startServer(Main.java:30)
	at com.example.MyResourceTest.setUp(MyResourceTest.java:22)
	at java.base/jdk.internal.reflect.NativeMethodAccessorImpl.invoke0(Native Method)
	at java.base/jdk.internal.reflect.NativeMethodAccessorImpl.invoke(NativeMethodAccessorImpl.java:62)
	at java.base/jdk.internal.reflect.DelegatingMethodAccessorImpl.invoke(DelegatingMethodAccessorImpl.java:43)
	at java.base/java.lang.reflect.Method.invoke(Method.java:564)
	at org.junit.runners.model.FrameworkMethod$1.runReflectiveCall(FrameworkMethod.java:44)
	at org.junit.internal.runners.model.ReflectiveCallable.run(ReflectiveCallable.java:15)
	at org.junit.runners.model.FrameworkMethod.invokeExplosively(FrameworkMethod.java:41)
	at org.junit.internal.runners.statements.RunBefores.evaluate(RunBefores.java:27)
	at org.junit.internal.runners.statements.RunAfters.evaluate(RunAfters.java:31)
	at org.junit.runners.ParentRunner.runLeaf(ParentRunner.java:263)
	at org.junit.runners.BlockJUnit4ClassRunner.runChild(BlockJUnit4ClassRunner.java:69)
	at org.junit.runners.BlockJUnit4ClassRunner.runChild(BlockJUnit4ClassRunner.java:48)
	at org.junit.runners.ParentRunner$3.run(ParentRunner.java:231)
	at org.junit.runners.ParentRunner$1.schedule(ParentRunner.java:60)
	at org.junit.runners.ParentRunner.runChildren(ParentRunner.java:229)
	at org.junit.runners.ParentRunner.access$000(ParentRunner.java:50)
	at org.junit.runners.ParentRunner$2.evaluate(ParentRunner.java:222)
	at org.junit.runners.ParentRunner.run(ParentRunner.java:292)
	at org.apache.maven.surefire.junit4.JUnit4Provider.execute(JUnit4Provider.java:252)
	at org.apache.maven.surefire.junit4.JUnit4Provider.executeTestSet(JUnit4Provider.java:141)
	at org.apache.maven.surefire.junit4.JUnit4Provider.invoke(JUnit4Provider.java:112)
	at java.base/jdk.internal.reflect.NativeMethodAccessorImpl.invoke0(Native Method)
	at java.base/jdk.internal.reflect.NativeMethodAccessorImpl.invoke(NativeMethodAccessorImpl.java:62)
	at java.base/jdk.internal.reflect.DelegatingMethodAccessorImpl.invoke(DelegatingMethodAccessorImpl.java:43)
	at java.base/java.lang.reflect.Method.invoke(Method.java:564)
	at org.apache.maven.surefire.util.ReflectionUtils.invokeMethodWithArray(ReflectionUtils.java:189)
	at org.apache.maven.surefire.booter.ProviderFactory$ProviderProxy.invoke(ProviderFactory.java:165)
	at org.apache.maven.surefire.booter.ProviderFactory.invokeProvider(ProviderFactory.java:85)
	at org.apache.maven.surefire.booter.ForkedBooter.runSuitesInProcess(ForkedBooter.java:115)
	at org.apache.maven.surefire.booter.ForkedBooter.main(ForkedBooter.java:75)

WARNING: HK2 service reification failed for [org.glassfish.jersey.jaxb.internal.XmlCollectionJaxbProvider$Text] with an exception:
MultiException stack 1 of 2
java.lang.NoClassDefFoundError: javax/xml/bind/PropertyException
	at java.base/java.lang.Class.getDeclaredConstructors0(Native Method)
	at java.base/java.lang.Class.privateGetDeclaredConstructors(Class.java:3090)
	at java.base/java.lang.Class.getDeclaredConstructors(Class.java:2316)
	at org.jvnet.hk2.internal.Utilities$3.run(Utilities.java:1308)
	at org.jvnet.hk2.internal.Utilities$3.run(Utilities.java:1304)
	at java.base/java.security.AccessController.doPrivileged(Native Method)
	at org.jvnet.hk2.internal.Utilities.getAllConstructors(Utilities.java:1304)
	at org.jvnet.hk2.internal.Utilities.findProducerConstructor(Utilities.java:1247)
	at org.jvnet.hk2.internal.DefaultClassAnalyzer.getConstructor(DefaultClassAnalyzer.java:83)
	at org.glassfish.jersey.internal.inject.JerseyClassAnalyzer.getConstructor(JerseyClassAnalyzer.java:144)
	at org.jvnet.hk2.internal.Utilities.getConstructor(Utilities.java:178)
	at org.jvnet.hk2.internal.ClazzCreator.initialize(ClazzCreator.java:129)
	at org.jvnet.hk2.internal.ClazzCreator.initialize(ClazzCreator.java:180)
	at org.jvnet.hk2.internal.SystemDescriptor.internalReify(SystemDescriptor.java:740)
	at org.jvnet.hk2.internal.SystemDescriptor.reify(SystemDescriptor.java:694)
	at org.jvnet.hk2.internal.ServiceLocatorImpl.reifyDescriptor(ServiceLocatorImpl.java:461)
	at org.jvnet.hk2.internal.ServiceLocatorImpl.narrow(ServiceLocatorImpl.java:2288)
	at org.jvnet.hk2.internal.ServiceLocatorImpl.access$1200(ServiceLocatorImpl.java:125)
	at org.jvnet.hk2.internal.ServiceLocatorImpl$9.compute(ServiceLocatorImpl.java:1373)
	at org.jvnet.hk2.internal.ServiceLocatorImpl$9.compute(ServiceLocatorImpl.java:1368)
	at org.glassfish.hk2.utilities.cache.internal.WeakCARCacheImpl.compute(WeakCARCacheImpl.java:116)
	at org.jvnet.hk2.internal.ServiceLocatorImpl.internalGetAllServiceHandles(ServiceLocatorImpl.java:1430)
	at org.jvnet.hk2.internal.ServiceLocatorImpl.getAllServiceHandles(ServiceLocatorImpl.java:1355)
	at org.jvnet.hk2.internal.ServiceLocatorImpl.getAllServiceHandles(ServiceLocatorImpl.java:1344)
	at org.glassfish.jersey.internal.inject.Providers.getServiceHandles(Providers.java:354)
	at org.glassfish.jersey.internal.inject.Providers.getProviders(Providers.java:187)
	at org.glassfish.jersey.message.internal.MessageBodyFactory.&lt;init&gt;(MessageBodyFactory.java:248)
	at java.base/jdk.internal.reflect.NativeConstructorAccessorImpl.newInstance0(Native Method)
	at java.base/jdk.internal.reflect.NativeConstructorAccessorImpl.newInstance(NativeConstructorAccessorImpl.java:62)
	at java.base/jdk.internal.reflect.DelegatingConstructorAccessorImpl.newInstance(DelegatingConstructorAccessorImpl.java:45)
	at java.base/java.lang.reflect.Constructor.newInstance(Constructor.java:488)
	at org.glassfish.hk2.utilities.reflection.ReflectionHelper.makeMe(ReflectionHelper.java:1375)
	at org.jvnet.hk2.internal.ClazzCreator.createMe(ClazzCreator.java:272)
	at org.jvnet.hk2.internal.ClazzCreator.create(ClazzCreator.java:366)
	at org.jvnet.hk2.internal.SystemDescriptor.create(SystemDescriptor.java:487)
	at org.jvnet.hk2.internal.SingletonContext$1.compute(SingletonContext.java:83)
	at org.jvnet.hk2.internal.SingletonContext$1.compute(SingletonContext.java:71)
	at org.glassfish.hk2.utilities.cache.Cache$OriginThreadAwareFuture$1.call(Cache.java:97)
	at java.base/java.util.concurrent.FutureTask.run(FutureTask.java:264)
	at org.glassfish.hk2.utilities.cache.Cache$OriginThreadAwareFuture.run(Cache.java:154)
	at org.glassfish.hk2.utilities.cache.Cache.compute(Cache.java:199)
	at org.jvnet.hk2.internal.SingletonContext.findOrCreate(SingletonContext.java:122)
	at org.jvnet.hk2.internal.Utilities.createService(Utilities.java:2022)
	at org.jvnet.hk2.internal.ServiceLocatorImpl.internalGetService(ServiceLocatorImpl.java:774)
	at org.jvnet.hk2.internal.ServiceLocatorImpl.internalGetService(ServiceLocatorImpl.java:737)
	at org.jvnet.hk2.internal.ServiceLocatorImpl.getService(ServiceLocatorImpl.java:707)
	at org.glassfish.jersey.server.model.ComponentModelValidator.&lt;init&gt;(ComponentModelValidator.java:97)
	at org.glassfish.jersey.server.ApplicationHandler.initialize(ApplicationHandler.java:549)
	at org.glassfish.jersey.server.ApplicationHandler.access$500(ApplicationHandler.java:184)
	at org.glassfish.jersey.server.ApplicationHandler$3.call(ApplicationHandler.java:350)
	at org.glassfish.jersey.server.ApplicationHandler$3.call(ApplicationHandler.java:347)
	at org.glassfish.jersey.internal.Errors.process(Errors.java:315)
	at org.glassfish.jersey.internal.Errors.process(Errors.java:297)
	at org.glassfish.jersey.internal.Errors.processWithException(Errors.java:255)
	at org.glassfish.jersey.server.ApplicationHandler.&lt;init&gt;(ApplicationHandler.java:347)
	at org.glassfish.jersey.server.ApplicationHandler.&lt;init&gt;(ApplicationHandler.java:311)
	at org.glassfish.jersey.grizzly2.httpserver.GrizzlyHttpContainer.&lt;init&gt;(GrizzlyHttpContainer.java:337)
	at org.glassfish.jersey.grizzly2.httpserver.GrizzlyHttpServerFactory.createHttpServer(GrizzlyHttpServerFactory.java:119)
	at com.example.Main.startServer(Main.java:30)
	at com.example.MyResourceTest.setUp(MyResourceTest.java:22)
	at java.base/jdk.internal.reflect.NativeMethodAccessorImpl.invoke0(Native Method)
	at java.base/jdk.internal.reflect.NativeMethodAccessorImpl.invoke(NativeMethodAccessorImpl.java:62)
	at java.base/jdk.internal.reflect.DelegatingMethodAccessorImpl.invoke(DelegatingMethodAccessorImpl.java:43)
	at java.base/java.lang.reflect.Method.invoke(Method.java:564)
	at org.junit.runners.model.FrameworkMethod$1.runReflectiveCall(FrameworkMethod.java:44)
	at org.junit.internal.runners.model.ReflectiveCallable.run(ReflectiveCallable.java:15)
	at org.junit.runners.model.FrameworkMethod.invokeExplosively(FrameworkMethod.java:41)
	at org.junit.internal.runners.statements.RunBefores.evaluate(RunBefores.java:27)
	at org.junit.internal.runners.statements.RunAfters.evaluate(RunAfters.java:31)
	at org.junit.runners.ParentRunner.runLeaf(ParentRunner.java:263)
	at org.junit.runners.BlockJUnit4ClassRunner.runChild(BlockJUnit4ClassRunner.java:69)
	at org.junit.runners.BlockJUnit4ClassRunner.runChild(BlockJUnit4ClassRunner.java:48)
	at org.junit.runners.ParentRunner$3.run(ParentRunner.java:231)
	at org.junit.runners.ParentRunner$1.schedule(ParentRunner.java:60)
	at org.junit.runners.ParentRunner.runChildren(ParentRunner.java:229)
	at org.junit.runners.ParentRunner.access$000(ParentRunner.java:50)
	at org.junit.runners.ParentRunner$2.evaluate(ParentRunner.java:222)
	at org.junit.runners.ParentRunner.run(ParentRunner.java:292)
	at org.apache.maven.surefire.junit4.JUnit4Provider.execute(JUnit4Provider.java:252)
	at org.apache.maven.surefire.junit4.JUnit4Provider.executeTestSet(JUnit4Provider.java:141)
	at org.apache.maven.surefire.junit4.JUnit4Provider.invoke(JUnit4Provider.java:112)
	at java.base/jdk.internal.reflect.NativeMethodAccessorImpl.invoke0(Native Method)
	at java.base/jdk.internal.reflect.NativeMethodAccessorImpl.invoke(NativeMethodAccessorImpl.java:62)
	at java.base/jdk.internal.reflect.DelegatingMethodAccessorImpl.invoke(DelegatingMethodAccessorImpl.java:43)
	at java.base/java.lang.reflect.Method.invoke(Method.java:564)
	at org.apache.maven.surefire.util.ReflectionUtils.invokeMethodWithArray(ReflectionUtils.java:189)
	at org.apache.maven.surefire.booter.ProviderFactory$ProviderProxy.invoke(ProviderFactory.java:165)
	at org.apache.maven.surefire.booter.ProviderFactory.invokeProvider(ProviderFactory.java:85)
	at org.apache.maven.surefire.booter.ForkedBooter.runSuitesInProcess(ForkedBooter.java:115)
	at org.apache.maven.surefire.booter.ForkedBooter.main(ForkedBooter.java:75)
Caused by: java.lang.ClassNotFoundException: javax.xml.bind.PropertyException
	at java.base/jdk.internal.loader.BuiltinClassLoader.loadClass(BuiltinClassLoader.java:582)
	at java.base/jdk.internal.loader.ClassLoaders$AppClassLoader.loadClass(ClassLoaders.java:190)
	at java.base/java.lang.ClassLoader.loadClass(ClassLoader.java:499)
	... 90 more
MultiException stack 2 of 2
java.lang.IllegalArgumentException: Errors were discovered while reifying SystemDescriptor(
	implementation=org.glassfish.jersey.jaxb.internal.XmlCollectionJaxbProvider$Text
	contracts={javax.ws.rs.ext.MessageBodyWriter,javax.ws.rs.ext.MessageBodyReader}
	scope=javax.inject.Singleton
	qualifiers={}
	descriptorType=CLASS
	descriptorVisibility=NORMAL
	metadata=
	rank=0
	loader=org.glassfish.hk2.utilities.binding.AbstractBinder$2@16fdec90
	proxiable=null
	proxyForSameScope=null
	analysisName=null
	id=105
	locatorId=0
	identityHashCode=680988889
	reified=false)
	at org.jvnet.hk2.internal.SystemDescriptor.reify(SystemDescriptor.java:705)
	at org.jvnet.hk2.internal.ServiceLocatorImpl.reifyDescriptor(ServiceLocatorImpl.java:461)
	at org.jvnet.hk2.internal.ServiceLocatorImpl.narrow(ServiceLocatorImpl.java:2288)
	at org.jvnet.hk2.internal.ServiceLocatorImpl.access$1200(ServiceLocatorImpl.java:125)
	at org.jvnet.hk2.internal.ServiceLocatorImpl$9.compute(ServiceLocatorImpl.java:1373)
	at org.jvnet.hk2.internal.ServiceLocatorImpl$9.compute(ServiceLocatorImpl.java:1368)
	at org.glassfish.hk2.utilities.cache.internal.WeakCARCacheImpl.compute(WeakCARCacheImpl.java:116)
	at org.jvnet.hk2.internal.ServiceLocatorImpl.internalGetAllServiceHandles(ServiceLocatorImpl.java:1430)
	at org.jvnet.hk2.internal.ServiceLocatorImpl.getAllServiceHandles(ServiceLocatorImpl.java:1355)
	at org.jvnet.hk2.internal.ServiceLocatorImpl.getAllServiceHandles(ServiceLocatorImpl.java:1344)
	at org.glassfish.jersey.internal.inject.Providers.getServiceHandles(Providers.java:354)
	at org.glassfish.jersey.internal.inject.Providers.getProviders(Providers.java:187)
	at org.glassfish.jersey.message.internal.MessageBodyFactory.&lt;init&gt;(MessageBodyFactory.java:248)
	at java.base/jdk.internal.reflect.NativeConstructorAccessorImpl.newInstance0(Native Method)
	at java.base/jdk.internal.reflect.NativeConstructorAccessorImpl.newInstance(NativeConstructorAccessorImpl.java:62)
	at java.base/jdk.internal.reflect.DelegatingConstructorAccessorImpl.newInstance(DelegatingConstructorAccessorImpl.java:45)
	at java.base/java.lang.reflect.Constructor.newInstance(Constructor.java:488)
	at org.glassfish.hk2.utilities.reflection.ReflectionHelper.makeMe(ReflectionHelper.java:1375)
	at org.jvnet.hk2.internal.ClazzCreator.createMe(ClazzCreator.java:272)
	at org.jvnet.hk2.internal.ClazzCreator.create(ClazzCreator.java:366)
	at org.jvnet.hk2.internal.SystemDescriptor.create(SystemDescriptor.java:487)
	at org.jvnet.hk2.internal.SingletonContext$1.compute(SingletonContext.java:83)
	at org.jvnet.hk2.internal.SingletonContext$1.compute(SingletonContext.java:71)
	at org.glassfish.hk2.utilities.cache.Cache$OriginThreadAwareFuture$1.call(Cache.java:97)
	at java.base/java.util.concurrent.FutureTask.run(FutureTask.java:264)
	at org.glassfish.hk2.utilities.cache.Cache$OriginThreadAwareFuture.run(Cache.java:154)
	at org.glassfish.hk2.utilities.cache.Cache.compute(Cache.java:199)
	at org.jvnet.hk2.internal.SingletonContext.findOrCreate(SingletonContext.java:122)
	at org.jvnet.hk2.internal.Utilities.createService(Utilities.java:2022)
	at org.jvnet.hk2.internal.ServiceLocatorImpl.internalGetService(ServiceLocatorImpl.java:774)
	at org.jvnet.hk2.internal.ServiceLocatorImpl.internalGetService(ServiceLocatorImpl.java:737)
	at org.jvnet.hk2.internal.ServiceLocatorImpl.getService(ServiceLocatorImpl.java:707)
	at org.glassfish.jersey.server.model.ComponentModelValidator.&lt;init&gt;(ComponentModelValidator.java:97)
	at org.glassfish.jersey.server.ApplicationHandler.initialize(ApplicationHandler.java:549)
	at org.glassfish.jersey.server.ApplicationHandler.access$500(ApplicationHandler.java:184)
	at org.glassfish.jersey.server.ApplicationHandler$3.call(ApplicationHandler.java:350)
	at org.glassfish.jersey.server.ApplicationHandler$3.call(ApplicationHandler.java:347)
	at org.glassfish.jersey.internal.Errors.process(Errors.java:315)
	at org.glassfish.jersey.internal.Errors.process(Errors.java:297)
	at org.glassfish.jersey.internal.Errors.processWithException(Errors.java:255)
	at org.glassfish.jersey.server.ApplicationHandler.&lt;init&gt;(ApplicationHandler.java:347)
	at org.glassfish.jersey.server.ApplicationHandler.&lt;init&gt;(ApplicationHandler.java:311)
	at org.glassfish.jersey.grizzly2.httpserver.GrizzlyHttpContainer.&lt;init&gt;(GrizzlyHttpContainer.java:337)
	at org.glassfish.jersey.grizzly2.httpserver.GrizzlyHttpServerFactory.createHttpServer(GrizzlyHttpServerFactory.java:119)
	at com.example.Main.startServer(Main.java:30)
	at com.example.MyResourceTest.setUp(MyResourceTest.java:22)
	at java.base/jdk.internal.reflect.NativeMethodAccessorImpl.invoke0(Native Method)
	at java.base/jdk.internal.reflect.NativeMethodAccessorImpl.invoke(NativeMethodAccessorImpl.java:62)
	at java.base/jdk.internal.reflect.DelegatingMethodAccessorImpl.invoke(DelegatingMethodAccessorImpl.java:43)
	at java.base/java.lang.reflect.Method.invoke(Method.java:564)
	at org.junit.runners.model.FrameworkMethod$1.runReflectiveCall(FrameworkMethod.java:44)
	at org.junit.internal.runners.model.ReflectiveCallable.run(ReflectiveCallable.java:15)
	at org.junit.runners.model.FrameworkMethod.invokeExplosively(FrameworkMethod.java:41)
	at org.junit.internal.runners.statements.RunBefores.evaluate(RunBefores.java:27)
	at org.junit.internal.runners.statements.RunAfters.evaluate(RunAfters.java:31)
	at org.junit.runners.ParentRunner.runLeaf(ParentRunner.java:263)
	at org.junit.runners.BlockJUnit4ClassRunner.runChild(BlockJUnit4ClassRunner.java:69)
	at org.junit.runners.BlockJUnit4ClassRunner.runChild(BlockJUnit4ClassRunner.java:48)
	at org.junit.runners.ParentRunner$3.run(ParentRunner.java:231)
	at org.junit.runners.ParentRunner$1.schedule(ParentRunner.java:60)
	at org.junit.runners.ParentRunner.runChildren(ParentRunner.java:229)
	at org.junit.runners.ParentRunner.access$000(ParentRunner.java:50)
	at org.junit.runners.ParentRunner$2.evaluate(ParentRunner.java:222)
	at org.junit.runners.ParentRunner.run(ParentRunner.java:292)
	at org.apache.maven.surefire.junit4.JUnit4Provider.execute(JUnit4Provider.java:252)
	at org.apache.maven.surefire.junit4.JUnit4Provider.executeTestSet(JUnit4Provider.java:141)
	at org.apache.maven.surefire.junit4.JUnit4Provider.invoke(JUnit4Provider.java:112)
	at java.base/jdk.internal.reflect.NativeMethodAccessorImpl.invoke0(Native Method)
	at java.base/jdk.internal.reflect.NativeMethodAccessorImpl.invoke(NativeMethodAccessorImpl.java:62)
	at java.base/jdk.internal.reflect.DelegatingMethodAccessorImpl.invoke(DelegatingMethodAccessorImpl.java:43)
	at java.base/java.lang.reflect.Method.invoke(Method.java:564)
	at org.apache.maven.surefire.util.ReflectionUtils.invokeMethodWithArray(ReflectionUtils.java:189)
	at org.apache.maven.surefire.booter.ProviderFactory$ProviderProxy.invoke(ProviderFactory.java:165)
	at org.apache.maven.surefire.booter.ProviderFactory.invokeProvider(ProviderFactory.java:85)
	at org.apache.maven.surefire.booter.ForkedBooter.runSuitesInProcess(ForkedBooter.java:115)
	at org.apache.maven.surefire.booter.ForkedBooter.main(ForkedBooter.java:75)

WARNING: HK2 service reification failed for [org.glassfish.jersey.jaxb.internal.XmlCollectionJaxbProvider$General] with an exception:
MultiException stack 1 of 2
java.lang.NoClassDefFoundError: javax/xml/bind/PropertyException
	at java.base/java.lang.Class.getDeclaredConstructors0(Native Method)
	at java.base/java.lang.Class.privateGetDeclaredConstructors(Class.java:3090)
	at java.base/java.lang.Class.getDeclaredConstructors(Class.java:2316)
	at org.jvnet.hk2.internal.Utilities$3.run(Utilities.java:1308)
	at org.jvnet.hk2.internal.Utilities$3.run(Utilities.java:1304)
	at java.base/java.security.AccessController.doPrivileged(Native Method)
	at org.jvnet.hk2.internal.Utilities.getAllConstructors(Utilities.java:1304)
	at org.jvnet.hk2.internal.Utilities.findProducerConstructor(Utilities.java:1247)
	at org.jvnet.hk2.internal.DefaultClassAnalyzer.getConstructor(DefaultClassAnalyzer.java:83)
	at org.glassfish.jersey.internal.inject.JerseyClassAnalyzer.getConstructor(JerseyClassAnalyzer.java:144)
	at org.jvnet.hk2.internal.Utilities.getConstructor(Utilities.java:178)
	at org.jvnet.hk2.internal.ClazzCreator.initialize(ClazzCreator.java:129)
	at org.jvnet.hk2.internal.ClazzCreator.initialize(ClazzCreator.java:180)
	at org.jvnet.hk2.internal.SystemDescriptor.internalReify(SystemDescriptor.java:740)
	at org.jvnet.hk2.internal.SystemDescriptor.reify(SystemDescriptor.java:694)
	at org.jvnet.hk2.internal.ServiceLocatorImpl.reifyDescriptor(ServiceLocatorImpl.java:461)
	at org.jvnet.hk2.internal.ServiceLocatorImpl.narrow(ServiceLocatorImpl.java:2288)
	at org.jvnet.hk2.internal.ServiceLocatorImpl.access$1200(ServiceLocatorImpl.java:125)
	at org.jvnet.hk2.internal.ServiceLocatorImpl$9.compute(ServiceLocatorImpl.java:1373)
	at org.jvnet.hk2.internal.ServiceLocatorImpl$9.compute(ServiceLocatorImpl.java:1368)
	at org.glassfish.hk2.utilities.cache.internal.WeakCARCacheImpl.compute(WeakCARCacheImpl.java:116)
	at org.jvnet.hk2.internal.ServiceLocatorImpl.internalGetAllServiceHandles(ServiceLocatorImpl.java:1430)
	at org.jvnet.hk2.internal.ServiceLocatorImpl.getAllServiceHandles(ServiceLocatorImpl.java:1355)
	at org.jvnet.hk2.internal.ServiceLocatorImpl.getAllServiceHandles(ServiceLocatorImpl.java:1344)
	at org.glassfish.jersey.internal.inject.Providers.getServiceHandles(Providers.java:354)
	at org.glassfish.jersey.internal.inject.Providers.getProviders(Providers.java:187)
	at org.glassfish.jersey.message.internal.MessageBodyFactory.&lt;init&gt;(MessageBodyFactory.java:248)
	at java.base/jdk.internal.reflect.NativeConstructorAccessorImpl.newInstance0(Native Method)
	at java.base/jdk.internal.reflect.NativeConstructorAccessorImpl.newInstance(NativeConstructorAccessorImpl.java:62)
	at java.base/jdk.internal.reflect.DelegatingConstructorAccessorImpl.newInstance(DelegatingConstructorAccessorImpl.java:45)
	at java.base/java.lang.reflect.Constructor.newInstance(Constructor.java:488)
	at org.glassfish.hk2.utilities.reflection.ReflectionHelper.makeMe(ReflectionHelper.java:1375)
	at org.jvnet.hk2.internal.ClazzCreator.createMe(ClazzCreator.java:272)
	at org.jvnet.hk2.internal.ClazzCreator.create(ClazzCreator.java:366)
	at org.jvnet.hk2.internal.SystemDescriptor.create(SystemDescriptor.java:487)
	at org.jvnet.hk2.internal.SingletonContext$1.compute(SingletonContext.java:83)
	at org.jvnet.hk2.internal.SingletonContext$1.compute(SingletonContext.java:71)
	at org.glassfish.hk2.utilities.cache.Cache$OriginThreadAwareFuture$1.call(Cache.java:97)
	at java.base/java.util.concurrent.FutureTask.run(FutureTask.java:264)
	at org.glassfish.hk2.utilities.cache.Cache$OriginThreadAwareFuture.run(Cache.java:154)
	at org.glassfish.hk2.utilities.cache.Cache.compute(Cache.java:199)
	at org.jvnet.hk2.internal.SingletonContext.findOrCreate(SingletonContext.java:122)
	at org.jvnet.hk2.internal.Utilities.createService(Utilities.java:2022)
	at org.jvnet.hk2.internal.ServiceLocatorImpl.internalGetService(ServiceLocatorImpl.java:774)
	at org.jvnet.hk2.internal.ServiceLocatorImpl.internalGetService(ServiceLocatorImpl.java:737)
	at org.jvnet.hk2.internal.ServiceLocatorImpl.getService(ServiceLocatorImpl.java:707)
	at org.glassfish.jersey.server.model.ComponentModelValidator.&lt;init&gt;(ComponentModelValidator.java:97)
	at org.glassfish.jersey.server.ApplicationHandler.initialize(ApplicationHandler.java:549)
	at org.glassfish.jersey.server.ApplicationHandler.access$500(ApplicationHandler.java:184)
	at org.glassfish.jersey.server.ApplicationHandler$3.call(ApplicationHandler.java:350)
	at org.glassfish.jersey.server.ApplicationHandler$3.call(ApplicationHandler.java:347)
	at org.glassfish.jersey.internal.Errors.process(Errors.java:315)
	at org.glassfish.jersey.internal.Errors.process(Errors.java:297)
	at org.glassfish.jersey.internal.Errors.processWithException(Errors.java:255)
	at org.glassfish.jersey.server.ApplicationHandler.&lt;init&gt;(ApplicationHandler.java:347)
	at org.glassfish.jersey.server.ApplicationHandler.&lt;init&gt;(ApplicationHandler.java:311)
	at org.glassfish.jersey.grizzly2.httpserver.GrizzlyHttpContainer.&lt;init&gt;(GrizzlyHttpContainer.java:337)
	at org.glassfish.jersey.grizzly2.httpserver.GrizzlyHttpServerFactory.createHttpServer(GrizzlyHttpServerFactory.java:119)
	at com.example.Main.startServer(Main.java:30)
	at com.example.MyResourceTest.setUp(MyResourceTest.java:22)
	at java.base/jdk.internal.reflect.NativeMethodAccessorImpl.invoke0(Native Method)
	at java.base/jdk.internal.reflect.NativeMethodAccessorImpl.invoke(NativeMethodAccessorImpl.java:62)
	at java.base/jdk.internal.reflect.DelegatingMethodAccessorImpl.invoke(DelegatingMethodAccessorImpl.java:43)
	at java.base/java.lang.reflect.Method.invoke(Method.java:564)
	at org.junit.runners.model.FrameworkMethod$1.runReflectiveCall(FrameworkMethod.java:44)
	at org.junit.internal.runners.model.ReflectiveCallable.run(ReflectiveCallable.java:15)
	at org.junit.runners.model.FrameworkMethod.invokeExplosively(FrameworkMethod.java:41)
	at org.junit.internal.runners.statements.RunBefores.evaluate(RunBefores.java:27)
	at org.junit.internal.runners.statements.RunAfters.evaluate(RunAfters.java:31)
	at org.junit.runners.ParentRunner.runLeaf(ParentRunner.java:263)
	at org.junit.runners.BlockJUnit4ClassRunner.runChild(BlockJUnit4ClassRunner.java:69)
	at org.junit.runners.BlockJUnit4ClassRunner.runChild(BlockJUnit4ClassRunner.java:48)
	at org.junit.runners.ParentRunner$3.run(ParentRunner.java:231)
	at org.junit.runners.ParentRunner$1.schedule(ParentRunner.java:60)
	at org.junit.runners.ParentRunner.runChildren(ParentRunner.java:229)
	at org.junit.runners.ParentRunner.access$000(ParentRunner.java:50)
	at org.junit.runners.ParentRunner$2.evaluate(ParentRunner.java:222)
	at org.junit.runners.ParentRunner.run(ParentRunner.java:292)
	at org.apache.maven.surefire.junit4.JUnit4Provider.execute(JUnit4Provider.java:252)
	at org.apache.maven.surefire.junit4.JUnit4Provider.executeTestSet(JUnit4Provider.java:141)
	at org.apache.maven.surefire.junit4.JUnit4Provider.invoke(JUnit4Provider.java:112)
	at java.base/jdk.internal.reflect.NativeMethodAccessorImpl.invoke0(Native Method)
	at java.base/jdk.internal.reflect.NativeMethodAccessorImpl.invoke(NativeMethodAccessorImpl.java:62)
	at java.base/jdk.internal.reflect.DelegatingMethodAccessorImpl.invoke(DelegatingMethodAccessorImpl.java:43)
	at java.base/java.lang.reflect.Method.invoke(Method.java:564)
	at org.apache.maven.surefire.util.ReflectionUtils.invokeMethodWithArray(ReflectionUtils.java:189)
	at org.apache.maven.surefire.booter.ProviderFactory$ProviderProxy.invoke(ProviderFactory.java:165)
	at org.apache.maven.surefire.booter.ProviderFactory.invokeProvider(ProviderFactory.java:85)
	at org.apache.maven.surefire.booter.ForkedBooter.runSuitesInProcess(ForkedBooter.java:115)
	at org.apache.maven.surefire.booter.ForkedBooter.main(ForkedBooter.java:75)
Caused by: java.lang.ClassNotFoundException: javax.xml.bind.PropertyException
	at java.base/jdk.internal.loader.BuiltinClassLoader.loadClass(BuiltinClassLoader.java:582)
	at java.base/jdk.internal.loader.ClassLoaders$AppClassLoader.loadClass(ClassLoaders.java:190)
	at java.base/java.lang.ClassLoader.loadClass(ClassLoader.java:499)
	... 90 more
MultiException stack 2 of 2
java.lang.IllegalArgumentException: Errors were discovered while reifying SystemDescriptor(
	implementation=org.glassfish.jersey.jaxb.internal.XmlCollectionJaxbProvider$General
	contracts={javax.ws.rs.ext.MessageBodyWriter,javax.ws.rs.ext.MessageBodyReader}
	scope=javax.inject.Singleton
	qualifiers={}
	descriptorType=CLASS
	descriptorVisibility=NORMAL
	metadata=
	rank=0
	loader=org.glassfish.hk2.utilities.binding.AbstractBinder$2@16fdec90
	proxiable=null
	proxyForSameScope=null
	analysisName=null
	id=106
	locatorId=0
	identityHashCode=1077873186
	reified=false)
	at org.jvnet.hk2.internal.SystemDescriptor.reify(SystemDescriptor.java:705)
	at org.jvnet.hk2.internal.ServiceLocatorImpl.reifyDescriptor(ServiceLocatorImpl.java:461)
	at org.jvnet.hk2.internal.ServiceLocatorImpl.narrow(ServiceLocatorImpl.java:2288)
	at org.jvnet.hk2.internal.ServiceLocatorImpl.access$1200(ServiceLocatorImpl.java:125)
	at org.jvnet.hk2.internal.ServiceLocatorImpl$9.compute(ServiceLocatorImpl.java:1373)
	at org.jvnet.hk2.internal.ServiceLocatorImpl$9.compute(ServiceLocatorImpl.java:1368)
	at org.glassfish.hk2.utilities.cache.internal.WeakCARCacheImpl.compute(WeakCARCacheImpl.java:116)
	at org.jvnet.hk2.internal.ServiceLocatorImpl.internalGetAllServiceHandles(ServiceLocatorImpl.java:1430)
	at org.jvnet.hk2.internal.ServiceLocatorImpl.getAllServiceHandles(ServiceLocatorImpl.java:1355)
	at org.jvnet.hk2.internal.ServiceLocatorImpl.getAllServiceHandles(ServiceLocatorImpl.java:1344)
	at org.glassfish.jersey.internal.inject.Providers.getServiceHandles(Providers.java:354)
	at org.glassfish.jersey.internal.inject.Providers.getProviders(Providers.java:187)
	at org.glassfish.jersey.message.internal.MessageBodyFactory.&lt;init&gt;(MessageBodyFactory.java:248)
	at java.base/jdk.internal.reflect.NativeConstructorAccessorImpl.newInstance0(Native Method)
	at java.base/jdk.internal.reflect.NativeConstructorAccessorImpl.newInstance(NativeConstructorAccessorImpl.java:62)
	at java.base/jdk.internal.reflect.DelegatingConstructorAccessorImpl.newInstance(DelegatingConstructorAccessorImpl.java:45)
	at java.base/java.lang.reflect.Constructor.newInstance(Constructor.java:488)
	at org.glassfish.hk2.utilities.reflection.ReflectionHelper.makeMe(ReflectionHelper.java:1375)
	at org.jvnet.hk2.internal.ClazzCreator.createMe(ClazzCreator.java:272)
	at org.jvnet.hk2.internal.ClazzCreator.create(ClazzCreator.java:366)
	at org.jvnet.hk2.internal.SystemDescriptor.create(SystemDescriptor.java:487)
	at org.jvnet.hk2.internal.SingletonContext$1.compute(SingletonContext.java:83)
	at org.jvnet.hk2.internal.SingletonContext$1.compute(SingletonContext.java:71)
	at org.glassfish.hk2.utilities.cache.Cache$OriginThreadAwareFuture$1.call(Cache.java:97)
	at java.base/java.util.concurrent.FutureTask.run(FutureTask.java:264)
	at org.glassfish.hk2.utilities.cache.Cache$OriginThreadAwareFuture.run(Cache.java:154)
	at org.glassfish.hk2.utilities.cache.Cache.compute(Cache.java:199)
	at org.jvnet.hk2.internal.SingletonContext.findOrCreate(SingletonContext.java:122)
	at org.jvnet.hk2.internal.Utilities.createService(Utilities.java:2022)
	at org.jvnet.hk2.internal.ServiceLocatorImpl.internalGetService(ServiceLocatorImpl.java:774)
	at org.jvnet.hk2.internal.ServiceLocatorImpl.internalGetService(ServiceLocatorImpl.java:737)
	at org.jvnet.hk2.internal.ServiceLocatorImpl.getService(ServiceLocatorImpl.java:707)
	at org.glassfish.jersey.server.model.ComponentModelValidator.&lt;init&gt;(ComponentModelValidator.java:97)
	at org.glassfish.jersey.server.ApplicationHandler.initialize(ApplicationHandler.java:549)
	at org.glassfish.jersey.server.ApplicationHandler.access$500(ApplicationHandler.java:184)
	at org.glassfish.jersey.server.ApplicationHandler$3.call(ApplicationHandler.java:350)
	at org.glassfish.jersey.server.ApplicationHandler$3.call(ApplicationHandler.java:347)
	at org.glassfish.jersey.internal.Errors.process(Errors.java:315)
	at org.glassfish.jersey.internal.Errors.process(Errors.java:297)
	at org.glassfish.jersey.internal.Errors.processWithException(Errors.java:255)
	at org.glassfish.jersey.server.ApplicationHandler.&lt;init&gt;(ApplicationHandler.java:347)
	at org.glassfish.jersey.server.ApplicationHandler.&lt;init&gt;(ApplicationHandler.java:311)
	at org.glassfish.jersey.grizzly2.httpserver.GrizzlyHttpContainer.&lt;init&gt;(GrizzlyHttpContainer.java:337)
	at org.glassfish.jersey.grizzly2.httpserver.GrizzlyHttpServerFactory.createHttpServer(GrizzlyHttpServerFactory.java:119)
	at com.example.Main.startServer(Main.java:30)
	at com.example.MyResourceTest.setUp(MyResourceTest.java:22)
	at java.base/jdk.internal.reflect.NativeMethodAccessorImpl.invoke0(Native Method)
	at java.base/jdk.internal.reflect.NativeMethodAccessorImpl.invoke(NativeMethodAccessorImpl.java:62)
	at java.base/jdk.internal.reflect.DelegatingMethodAccessorImpl.invoke(DelegatingMethodAccessorImpl.java:43)
	at java.base/java.lang.reflect.Method.invoke(Method.java:564)
	at org.junit.runners.model.FrameworkMethod$1.runReflectiveCall(FrameworkMethod.java:44)
	at org.junit.internal.runners.model.ReflectiveCallable.run(ReflectiveCallable.java:15)
	at org.junit.runners.model.FrameworkMethod.invokeExplosively(FrameworkMethod.java:41)
	at org.junit.internal.runners.statements.RunBefores.evaluate(RunBefores.java:27)
	at org.junit.internal.runners.statements.RunAfters.evaluate(RunAfters.java:31)
	at org.junit.runners.ParentRunner.runLeaf(ParentRunner.java:263)
	at org.junit.runners.BlockJUnit4ClassRunner.runChild(BlockJUnit4ClassRunner.java:69)
	at org.junit.runners.BlockJUnit4ClassRunner.runChild(BlockJUnit4ClassRunner.java:48)
	at org.junit.runners.ParentRunner$3.run(ParentRunner.java:231)
	at org.junit.runners.ParentRunner$1.schedule(ParentRunner.java:60)
	at org.junit.runners.ParentRunner.runChildren(ParentRunner.java:229)
	at org.junit.runners.ParentRunner.access$000(ParentRunner.java:50)
	at org.junit.runners.ParentRunner$2.evaluate(ParentRunner.java:222)
	at org.junit.runners.ParentRunner.run(ParentRunner.java:292)
	at org.apache.maven.surefire.junit4.JUnit4Provider.execute(JUnit4Provider.java:252)
	at org.apache.maven.surefire.junit4.JUnit4Provider.executeTestSet(JUnit4Provider.java:141)
	at org.apache.maven.surefire.junit4.JUnit4Provider.invoke(JUnit4Provider.java:112)
	at java.base/jdk.internal.reflect.NativeMethodAccessorImpl.invoke0(Native Method)
	at java.base/jdk.internal.reflect.NativeMethodAccessorImpl.invoke(NativeMethodAccessorImpl.java:62)
	at java.base/jdk.internal.reflect.DelegatingMethodAccessorImpl.invoke(DelegatingMethodAccessorImpl.java:43)
	at java.base/java.lang.reflect.Method.invoke(Method.java:564)
	at org.apache.maven.surefire.util.ReflectionUtils.invokeMethodWithArray(ReflectionUtils.java:189)
	at org.apache.maven.surefire.booter.ProviderFactory$ProviderProxy.invoke(ProviderFactory.java:165)
	at org.apache.maven.surefire.booter.ProviderFactory.invokeProvider(ProviderFactory.java:85)
	at org.apache.maven.surefire.booter.ForkedBooter.runSuitesInProcess(ForkedBooter.java:115)
	at org.apache.maven.surefire.booter.ForkedBooter.main(ForkedBooter.java:75)

WARNING: HK2 service reification failed for [org.glassfish.jersey.jaxb.internal.XmlRootElementJaxbProvider$App] with an exception:
MultiException stack 1 of 2
java.lang.NoClassDefFoundError: javax/xml/bind/PropertyException
	at java.base/java.lang.Class.getDeclaredConstructors0(Native Method)
	at java.base/java.lang.Class.privateGetDeclaredConstructors(Class.java:3090)
	at java.base/java.lang.Class.getDeclaredConstructors(Class.java:2316)
	at org.jvnet.hk2.internal.Utilities$3.run(Utilities.java:1308)
	at org.jvnet.hk2.internal.Utilities$3.run(Utilities.java:1304)
	at java.base/java.security.AccessController.doPrivileged(Native Method)
	at org.jvnet.hk2.internal.Utilities.getAllConstructors(Utilities.java:1304)
	at org.jvnet.hk2.internal.Utilities.findProducerConstructor(Utilities.java:1247)
	at org.jvnet.hk2.internal.DefaultClassAnalyzer.getConstructor(DefaultClassAnalyzer.java:83)
	at org.glassfish.jersey.internal.inject.JerseyClassAnalyzer.getConstructor(JerseyClassAnalyzer.java:144)
	at org.jvnet.hk2.internal.Utilities.getConstructor(Utilities.java:178)
	at org.jvnet.hk2.internal.ClazzCreator.initialize(ClazzCreator.java:129)
	at org.jvnet.hk2.internal.ClazzCreator.initialize(ClazzCreator.java:180)
	at org.jvnet.hk2.internal.SystemDescriptor.internalReify(SystemDescriptor.java:740)
	at org.jvnet.hk2.internal.SystemDescriptor.reify(SystemDescriptor.java:694)
	at org.jvnet.hk2.internal.ServiceLocatorImpl.reifyDescriptor(ServiceLocatorImpl.java:461)
	at org.jvnet.hk2.internal.ServiceLocatorImpl.narrow(ServiceLocatorImpl.java:2288)
	at org.jvnet.hk2.internal.ServiceLocatorImpl.access$1200(ServiceLocatorImpl.java:125)
	at org.jvnet.hk2.internal.ServiceLocatorImpl$9.compute(ServiceLocatorImpl.java:1373)
	at org.jvnet.hk2.internal.ServiceLocatorImpl$9.compute(ServiceLocatorImpl.java:1368)
	at org.glassfish.hk2.utilities.cache.internal.WeakCARCacheImpl.compute(WeakCARCacheImpl.java:116)
	at org.jvnet.hk2.internal.ServiceLocatorImpl.internalGetAllServiceHandles(ServiceLocatorImpl.java:1430)
	at org.jvnet.hk2.internal.ServiceLocatorImpl.getAllServiceHandles(ServiceLocatorImpl.java:1355)
	at org.jvnet.hk2.internal.ServiceLocatorImpl.getAllServiceHandles(ServiceLocatorImpl.java:1344)
	at org.glassfish.jersey.internal.inject.Providers.getServiceHandles(Providers.java:354)
	at org.glassfish.jersey.internal.inject.Providers.getProviders(Providers.java:187)
	at org.glassfish.jersey.message.internal.MessageBodyFactory.&lt;init&gt;(MessageBodyFactory.java:248)
	at java.base/jdk.internal.reflect.NativeConstructorAccessorImpl.newInstance0(Native Method)
	at java.base/jdk.internal.reflect.NativeConstructorAccessorImpl.newInstance(NativeConstructorAccessorImpl.java:62)
	at java.base/jdk.internal.reflect.DelegatingConstructorAccessorImpl.newInstance(DelegatingConstructorAccessorImpl.java:45)
	at java.base/java.lang.reflect.Constructor.newInstance(Constructor.java:488)
	at org.glassfish.hk2.utilities.reflection.ReflectionHelper.makeMe(ReflectionHelper.java:1375)
	at org.jvnet.hk2.internal.ClazzCreator.createMe(ClazzCreator.java:272)
	at org.jvnet.hk2.internal.ClazzCreator.create(ClazzCreator.java:366)
	at org.jvnet.hk2.internal.SystemDescriptor.create(SystemDescriptor.java:487)
	at org.jvnet.hk2.internal.SingletonContext$1.compute(SingletonContext.java:83)
	at org.jvnet.hk2.internal.SingletonContext$1.compute(SingletonContext.java:71)
	at org.glassfish.hk2.utilities.cache.Cache$OriginThreadAwareFuture$1.call(Cache.java:97)
	at java.base/java.util.concurrent.FutureTask.run(FutureTask.java:264)
	at org.glassfish.hk2.utilities.cache.Cache$OriginThreadAwareFuture.run(Cache.java:154)
	at org.glassfish.hk2.utilities.cache.Cache.compute(Cache.java:199)
	at org.jvnet.hk2.internal.SingletonContext.findOrCreate(SingletonContext.java:122)
	at org.jvnet.hk2.internal.Utilities.createService(Utilities.java:2022)
	at org.jvnet.hk2.internal.ServiceLocatorImpl.internalGetService(ServiceLocatorImpl.java:774)
	at org.jvnet.hk2.internal.ServiceLocatorImpl.internalGetService(ServiceLocatorImpl.java:737)
	at org.jvnet.hk2.internal.ServiceLocatorImpl.getService(ServiceLocatorImpl.java:707)
	at org.glassfish.jersey.server.model.ComponentModelValidator.&lt;init&gt;(ComponentModelValidator.java:97)
	at org.glassfish.jersey.server.ApplicationHandler.initialize(ApplicationHandler.java:549)
	at org.glassfish.jersey.server.ApplicationHandler.access$500(ApplicationHandler.java:184)
	at org.glassfish.jersey.server.ApplicationHandler$3.call(ApplicationHandler.java:350)
	at org.glassfish.jersey.server.ApplicationHandler$3.call(ApplicationHandler.java:347)
	at org.glassfish.jersey.internal.Errors.process(Errors.java:315)
	at org.glassfish.jersey.internal.Errors.process(Errors.java:297)
	at org.glassfish.jersey.internal.Errors.processWithException(Errors.java:255)
	at org.glassfish.jersey.server.ApplicationHandler.&lt;init&gt;(ApplicationHandler.java:347)
	at org.glassfish.jersey.server.ApplicationHandler.&lt;init&gt;(ApplicationHandler.java:311)
	at org.glassfish.jersey.grizzly2.httpserver.GrizzlyHttpContainer.&lt;init&gt;(GrizzlyHttpContainer.java:337)
	at org.glassfish.jersey.grizzly2.httpserver.GrizzlyHttpServerFactory.createHttpServer(GrizzlyHttpServerFactory.java:119)
	at com.example.Main.startServer(Main.java:30)
	at com.example.MyResourceTest.setUp(MyResourceTest.java:22)
	at java.base/jdk.internal.reflect.NativeMethodAccessorImpl.invoke0(Native Method)
	at java.base/jdk.internal.reflect.NativeMethodAccessorImpl.invoke(NativeMethodAccessorImpl.java:62)
	at java.base/jdk.internal.reflect.DelegatingMethodAccessorImpl.invoke(DelegatingMethodAccessorImpl.java:43)
	at java.base/java.lang.reflect.Method.invoke(Method.java:564)
	at org.junit.runners.model.FrameworkMethod$1.runReflectiveCall(FrameworkMethod.java:44)
	at org.junit.internal.runners.model.ReflectiveCallable.run(ReflectiveCallable.java:15)
	at org.junit.runners.model.FrameworkMethod.invokeExplosively(FrameworkMethod.java:41)
	at org.junit.internal.runners.statements.RunBefores.evaluate(RunBefores.java:27)
	at org.junit.internal.runners.statements.RunAfters.evaluate(RunAfters.java:31)
	at org.junit.runners.ParentRunner.runLeaf(ParentRunner.java:263)
	at org.junit.runners.BlockJUnit4ClassRunner.runChild(BlockJUnit4ClassRunner.java:69)
	at org.junit.runners.BlockJUnit4ClassRunner.runChild(BlockJUnit4ClassRunner.java:48)
	at org.junit.runners.ParentRunner$3.run(ParentRunner.java:231)
	at org.junit.runners.ParentRunner$1.schedule(ParentRunner.java:60)
	at org.junit.runners.ParentRunner.runChildren(ParentRunner.java:229)
	at org.junit.runners.ParentRunner.access$000(ParentRunner.java:50)
	at org.junit.runners.ParentRunner$2.evaluate(ParentRunner.java:222)
	at org.junit.runners.ParentRunner.run(ParentRunner.java:292)
	at org.apache.maven.surefire.junit4.JUnit4Provider.execute(JUnit4Provider.java:252)
	at org.apache.maven.surefire.junit4.JUnit4Provider.executeTestSet(JUnit4Provider.java:141)
	at org.apache.maven.surefire.junit4.JUnit4Provider.invoke(JUnit4Provider.java:112)
	at java.base/jdk.internal.reflect.NativeMethodAccessorImpl.invoke0(Native Method)
	at java.base/jdk.internal.reflect.NativeMethodAccessorImpl.invoke(NativeMethodAccessorImpl.java:62)
	at java.base/jdk.internal.reflect.DelegatingMethodAccessorImpl.invoke(DelegatingMethodAccessorImpl.java:43)
	at java.base/java.lang.reflect.Method.invoke(Method.java:564)
	at org.apache.maven.surefire.util.ReflectionUtils.invokeMethodWithArray(ReflectionUtils.java:189)
	at org.apache.maven.surefire.booter.ProviderFactory$ProviderProxy.invoke(ProviderFactory.java:165)
	at org.apache.maven.surefire.booter.ProviderFactory.invokeProvider(ProviderFactory.java:85)
	at org.apache.maven.surefire.booter.ForkedBooter.runSuitesInProcess(ForkedBooter.java:115)
	at org.apache.maven.surefire.booter.ForkedBooter.main(ForkedBooter.java:75)
Caused by: java.lang.ClassNotFoundException: javax.xml.bind.PropertyException
	at java.base/jdk.internal.loader.BuiltinClassLoader.loadClass(BuiltinClassLoader.java:582)
	at java.base/jdk.internal.loader.ClassLoaders$AppClassLoader.loadClass(ClassLoaders.java:190)
	at java.base/java.lang.ClassLoader.loadClass(ClassLoader.java:499)
	... 90 more
MultiException stack 2 of 2
java.lang.IllegalArgumentException: Errors were discovered while reifying SystemDescriptor(
	implementation=org.glassfish.jersey.jaxb.internal.XmlRootElementJaxbProvider$App
	contracts={javax.ws.rs.ext.MessageBodyWriter,javax.ws.rs.ext.MessageBodyReader}
	scope=javax.inject.Singleton
	qualifiers={}
	descriptorType=CLASS
	descriptorVisibility=NORMAL
	metadata=
	rank=0
	loader=org.glassfish.hk2.utilities.binding.AbstractBinder$2@16fdec90
	proxiable=null
	proxyForSameScope=null
	analysisName=null
	id=107
	locatorId=0
	identityHashCode=1771421544
	reified=false)
	at org.jvnet.hk2.internal.SystemDescriptor.reify(SystemDescriptor.java:705)
	at org.jvnet.hk2.internal.ServiceLocatorImpl.reifyDescriptor(ServiceLocatorImpl.java:461)
	at org.jvnet.hk2.internal.ServiceLocatorImpl.narrow(ServiceLocatorImpl.java:2288)
	at org.jvnet.hk2.internal.ServiceLocatorImpl.access$1200(ServiceLocatorImpl.java:125)
	at org.jvnet.hk2.internal.ServiceLocatorImpl$9.compute(ServiceLocatorImpl.java:1373)
	at org.jvnet.hk2.internal.ServiceLocatorImpl$9.compute(ServiceLocatorImpl.java:1368)
	at org.glassfish.hk2.utilities.cache.internal.WeakCARCacheImpl.compute(WeakCARCacheImpl.java:116)
	at org.jvnet.hk2.internal.ServiceLocatorImpl.internalGetAllServiceHandles(ServiceLocatorImpl.java:1430)
	at org.jvnet.hk2.internal.ServiceLocatorImpl.getAllServiceHandles(ServiceLocatorImpl.java:1355)
	at org.jvnet.hk2.internal.ServiceLocatorImpl.getAllServiceHandles(ServiceLocatorImpl.java:1344)
	at org.glassfish.jersey.internal.inject.Providers.getServiceHandles(Providers.java:354)
	at org.glassfish.jersey.internal.inject.Providers.getProviders(Providers.java:187)
	at org.glassfish.jersey.message.internal.MessageBodyFactory.&lt;init&gt;(MessageBodyFactory.java:248)
	at java.base/jdk.internal.reflect.NativeConstructorAccessorImpl.newInstance0(Native Method)
	at java.base/jdk.internal.reflect.NativeConstructorAccessorImpl.newInstance(NativeConstructorAccessorImpl.java:62)
	at java.base/jdk.internal.reflect.DelegatingConstructorAccessorImpl.newInstance(DelegatingConstructorAccessorImpl.java:45)
	at java.base/java.lang.reflect.Constructor.newInstance(Constructor.java:488)
	at org.glassfish.hk2.utilities.reflection.ReflectionHelper.makeMe(ReflectionHelper.java:1375)
	at org.jvnet.hk2.internal.ClazzCreator.createMe(ClazzCreator.java:272)
	at org.jvnet.hk2.internal.ClazzCreator.create(ClazzCreator.java:366)
	at org.jvnet.hk2.internal.SystemDescriptor.create(SystemDescriptor.java:487)
	at org.jvnet.hk2.internal.SingletonContext$1.compute(SingletonContext.java:83)
	at org.jvnet.hk2.internal.SingletonContext$1.compute(SingletonContext.java:71)
	at org.glassfish.hk2.utilities.cache.Cache$OriginThreadAwareFuture$1.call(Cache.java:97)
	at java.base/java.util.concurrent.FutureTask.run(FutureTask.java:264)
	at org.glassfish.hk2.utilities.cache.Cache$OriginThreadAwareFuture.run(Cache.java:154)
	at org.glassfish.hk2.utilities.cache.Cache.compute(Cache.java:199)
	at org.jvnet.hk2.internal.SingletonContext.findOrCreate(SingletonContext.java:122)
	at org.jvnet.hk2.internal.Utilities.createService(Utilities.java:2022)
	at org.jvnet.hk2.internal.ServiceLocatorImpl.internalGetService(ServiceLocatorImpl.java:774)
	at org.jvnet.hk2.internal.ServiceLocatorImpl.internalGetService(ServiceLocatorImpl.java:737)
	at org.jvnet.hk2.internal.ServiceLocatorImpl.getService(ServiceLocatorImpl.java:707)
	at org.glassfish.jersey.server.model.ComponentModelValidator.&lt;init&gt;(ComponentModelValidator.java:97)
	at org.glassfish.jersey.server.ApplicationHandler.initialize(ApplicationHandler.java:549)
	at org.glassfish.jersey.server.ApplicationHandler.access$500(ApplicationHandler.java:184)
	at org.glassfish.jersey.server.ApplicationHandler$3.call(ApplicationHandler.java:350)
	at org.glassfish.jersey.server.ApplicationHandler$3.call(ApplicationHandler.java:347)
	at org.glassfish.jersey.internal.Errors.process(Errors.java:315)
	at org.glassfish.jersey.internal.Errors.process(Errors.java:297)
	at org.glassfish.jersey.internal.Errors.processWithException(Errors.java:255)
	at org.glassfish.jersey.server.ApplicationHandler.&lt;init&gt;(ApplicationHandler.java:347)
	at org.glassfish.jersey.server.ApplicationHandler.&lt;init&gt;(ApplicationHandler.java:311)
	at org.glassfish.jersey.grizzly2.httpserver.GrizzlyHttpContainer.&lt;init&gt;(GrizzlyHttpContainer.java:337)
	at org.glassfish.jersey.grizzly2.httpserver.GrizzlyHttpServerFactory.createHttpServer(GrizzlyHttpServerFactory.java:119)
	at com.example.Main.startServer(Main.java:30)
	at com.example.MyResourceTest.setUp(MyResourceTest.java:22)
	at java.base/jdk.internal.reflect.NativeMethodAccessorImpl.invoke0(Native Method)
	at java.base/jdk.internal.reflect.NativeMethodAccessorImpl.invoke(NativeMethodAccessorImpl.java:62)
	at java.base/jdk.internal.reflect.DelegatingMethodAccessorImpl.invoke(DelegatingMethodAccessorImpl.java:43)
	at java.base/java.lang.reflect.Method.invoke(Method.java:564)
	at org.junit.runners.model.FrameworkMethod$1.runReflectiveCall(FrameworkMethod.java:44)
	at org.junit.internal.runners.model.ReflectiveCallable.run(ReflectiveCallable.java:15)
	at org.junit.runners.model.FrameworkMethod.invokeExplosively(FrameworkMethod.java:41)
	at org.junit.internal.runners.statements.RunBefores.evaluate(RunBefores.java:27)
	at org.junit.internal.runners.statements.RunAfters.evaluate(RunAfters.java:31)
	at org.junit.runners.ParentRunner.runLeaf(ParentRunner.java:263)
	at org.junit.runners.BlockJUnit4ClassRunner.runChild(BlockJUnit4ClassRunner.java:69)
	at org.junit.runners.BlockJUnit4ClassRunner.runChild(BlockJUnit4ClassRunner.java:48)
	at org.junit.runners.ParentRunner$3.run(ParentRunner.java:231)
	at org.junit.runners.ParentRunner$1.schedule(ParentRunner.java:60)
	at org.junit.runners.ParentRunner.runChildren(ParentRunner.java:229)
	at org.junit.runners.ParentRunner.access$000(ParentRunner.java:50)
	at org.junit.runners.ParentRunner$2.evaluate(ParentRunner.java:222)
	at org.junit.runners.ParentRunner.run(ParentRunner.java:292)
	at org.apache.maven.surefire.junit4.JUnit4Provider.execute(JUnit4Provider.java:252)
	at org.apache.maven.surefire.junit4.JUnit4Provider.executeTestSet(JUnit4Provider.java:141)
	at org.apache.maven.surefire.junit4.JUnit4Provider.invoke(JUnit4Provider.java:112)
	at java.base/jdk.internal.reflect.NativeMethodAccessorImpl.invoke0(Native Method)
	at java.base/jdk.internal.reflect.NativeMethodAccessorImpl.invoke(NativeMethodAccessorImpl.java:62)
	at java.base/jdk.internal.reflect.DelegatingMethodAccessorImpl.invoke(DelegatingMethodAccessorImpl.java:43)
	at java.base/java.lang.reflect.Method.invoke(Method.java:564)
	at org.apache.maven.surefire.util.ReflectionUtils.invokeMethodWithArray(ReflectionUtils.java:189)
	at org.apache.maven.surefire.booter.ProviderFactory$ProviderProxy.invoke(ProviderFactory.java:165)
	at org.apache.maven.surefire.booter.ProviderFactory.invokeProvider(ProviderFactory.java:85)
	at org.apache.maven.surefire.booter.ForkedBooter.runSuitesInProcess(ForkedBooter.java:115)
	at org.apache.maven.surefire.booter.ForkedBooter.main(ForkedBooter.java:75)

WARNING: HK2 service reification failed for [org.glassfish.jersey.jaxb.internal.XmlRootElementJaxbProvider$Text] with an exception:
MultiException stack 1 of 2
java.lang.NoClassDefFoundError: javax/xml/bind/PropertyException
	at java.base/java.lang.Class.getDeclaredConstructors0(Native Method)
	at java.base/java.lang.Class.privateGetDeclaredConstructors(Class.java:3090)
	at java.base/java.lang.Class.getDeclaredConstructors(Class.java:2316)
	at org.jvnet.hk2.internal.Utilities$3.run(Utilities.java:1308)
	at org.jvnet.hk2.internal.Utilities$3.run(Utilities.java:1304)
	at java.base/java.security.AccessController.doPrivileged(Native Method)
	at org.jvnet.hk2.internal.Utilities.getAllConstructors(Utilities.java:1304)
	at org.jvnet.hk2.internal.Utilities.findProducerConstructor(Utilities.java:1247)
	at org.jvnet.hk2.internal.DefaultClassAnalyzer.getConstructor(DefaultClassAnalyzer.java:83)
	at org.glassfish.jersey.internal.inject.JerseyClassAnalyzer.getConstructor(JerseyClassAnalyzer.java:144)
	at org.jvnet.hk2.internal.Utilities.getConstructor(Utilities.java:178)
	at org.jvnet.hk2.internal.ClazzCreator.initialize(ClazzCreator.java:129)
	at org.jvnet.hk2.internal.ClazzCreator.initialize(ClazzCreator.java:180)
	at org.jvnet.hk2.internal.SystemDescriptor.internalReify(SystemDescriptor.java:740)
	at org.jvnet.hk2.internal.SystemDescriptor.reify(SystemDescriptor.java:694)
	at org.jvnet.hk2.internal.ServiceLocatorImpl.reifyDescriptor(ServiceLocatorImpl.java:461)
	at org.jvnet.hk2.internal.ServiceLocatorImpl.narrow(ServiceLocatorImpl.java:2288)
	at org.jvnet.hk2.internal.ServiceLocatorImpl.access$1200(ServiceLocatorImpl.java:125)
	at org.jvnet.hk2.internal.ServiceLocatorImpl$9.compute(ServiceLocatorImpl.java:1373)
	at org.jvnet.hk2.internal.ServiceLocatorImpl$9.compute(ServiceLocatorImpl.java:1368)
	at org.glassfish.hk2.utilities.cache.internal.WeakCARCacheImpl.compute(WeakCARCacheImpl.java:116)
	at org.jvnet.hk2.internal.ServiceLocatorImpl.internalGetAllServiceHandles(ServiceLocatorImpl.java:1430)
	at org.jvnet.hk2.internal.ServiceLocatorImpl.getAllServiceHandles(ServiceLocatorImpl.java:1355)
	at org.jvnet.hk2.internal.ServiceLocatorImpl.getAllServiceHandles(ServiceLocatorImpl.java:1344)
	at org.glassfish.jersey.internal.inject.Providers.getServiceHandles(Providers.java:354)
	at org.glassfish.jersey.internal.inject.Providers.getProviders(Providers.java:187)
	at org.glassfish.jersey.message.internal.MessageBodyFactory.&lt;init&gt;(MessageBodyFactory.java:248)
	at java.base/jdk.internal.reflect.NativeConstructorAccessorImpl.newInstance0(Native Method)
	at java.base/jdk.internal.reflect.NativeConstructorAccessorImpl.newInstance(NativeConstructorAccessorImpl.java:62)
	at java.base/jdk.internal.reflect.DelegatingConstructorAccessorImpl.newInstance(DelegatingConstructorAccessorImpl.java:45)
	at java.base/java.lang.reflect.Constructor.newInstance(Constructor.java:488)
	at org.glassfish.hk2.utilities.reflection.ReflectionHelper.makeMe(ReflectionHelper.java:1375)
	at org.jvnet.hk2.internal.ClazzCreator.createMe(ClazzCreator.java:272)
	at org.jvnet.hk2.internal.ClazzCreator.create(ClazzCreator.java:366)
	at org.jvnet.hk2.internal.SystemDescriptor.create(SystemDescriptor.java:487)
	at org.jvnet.hk2.internal.SingletonContext$1.compute(SingletonContext.java:83)
	at org.jvnet.hk2.internal.SingletonContext$1.compute(SingletonContext.java:71)
	at org.glassfish.hk2.utilities.cache.Cache$OriginThreadAwareFuture$1.call(Cache.java:97)
	at java.base/java.util.concurrent.FutureTask.run(FutureTask.java:264)
	at org.glassfish.hk2.utilities.cache.Cache$OriginThreadAwareFuture.run(Cache.java:154)
	at org.glassfish.hk2.utilities.cache.Cache.compute(Cache.java:199)
	at org.jvnet.hk2.internal.SingletonContext.findOrCreate(SingletonContext.java:122)
	at org.jvnet.hk2.internal.Utilities.createService(Utilities.java:2022)
	at org.jvnet.hk2.internal.ServiceLocatorImpl.internalGetService(ServiceLocatorImpl.java:774)
	at org.jvnet.hk2.internal.ServiceLocatorImpl.internalGetService(ServiceLocatorImpl.java:737)
	at org.jvnet.hk2.internal.ServiceLocatorImpl.getService(ServiceLocatorImpl.java:707)
	at org.glassfish.jersey.server.model.ComponentModelValidator.&lt;init&gt;(ComponentModelValidator.java:97)
	at org.glassfish.jersey.server.ApplicationHandler.initialize(ApplicationHandler.java:549)
	at org.glassfish.jersey.server.ApplicationHandler.access$500(ApplicationHandler.java:184)
	at org.glassfish.jersey.server.ApplicationHandler$3.call(ApplicationHandler.java:350)
	at org.glassfish.jersey.server.ApplicationHandler$3.call(ApplicationHandler.java:347)
	at org.glassfish.jersey.internal.Errors.process(Errors.java:315)
	at org.glassfish.jersey.internal.Errors.process(Errors.java:297)
	at org.glassfish.jersey.internal.Errors.processWithException(Errors.java:255)
	at org.glassfish.jersey.server.ApplicationHandler.&lt;init&gt;(ApplicationHandler.java:347)
	at org.glassfish.jersey.server.ApplicationHandler.&lt;init&gt;(ApplicationHandler.java:311)
	at org.glassfish.jersey.grizzly2.httpserver.GrizzlyHttpContainer.&lt;init&gt;(GrizzlyHttpContainer.java:337)
	at org.glassfish.jersey.grizzly2.httpserver.GrizzlyHttpServerFactory.createHttpServer(GrizzlyHttpServerFactory.java:119)
	at com.example.Main.startServer(Main.java:30)
	at com.example.MyResourceTest.setUp(MyResourceTest.java:22)
	at java.base/jdk.internal.reflect.NativeMethodAccessorImpl.invoke0(Native Method)
	at java.base/jdk.internal.reflect.NativeMethodAccessorImpl.invoke(NativeMethodAccessorImpl.java:62)
	at java.base/jdk.internal.reflect.DelegatingMethodAccessorImpl.invoke(DelegatingMethodAccessorImpl.java:43)
	at java.base/java.lang.reflect.Method.invoke(Method.java:564)
	at org.junit.runners.model.FrameworkMethod$1.runReflectiveCall(FrameworkMethod.java:44)
	at org.junit.internal.runners.model.ReflectiveCallable.run(ReflectiveCallable.java:15)
	at org.junit.runners.model.FrameworkMethod.invokeExplosively(FrameworkMethod.java:41)
	at org.junit.internal.runners.statements.RunBefores.evaluate(RunBefores.java:27)
	at org.junit.internal.runners.statements.RunAfters.evaluate(RunAfters.java:31)
	at org.junit.runners.ParentRunner.runLeaf(ParentRunner.java:263)
	at org.junit.runners.BlockJUnit4ClassRunner.runChild(BlockJUnit4ClassRunner.java:69)
	at org.junit.runners.BlockJUnit4ClassRunner.runChild(BlockJUnit4ClassRunner.java:48)
	at org.junit.runners.ParentRunner$3.run(ParentRunner.java:231)
	at org.junit.runners.ParentRunner$1.schedule(ParentRunner.java:60)
	at org.junit.runners.ParentRunner.runChildren(ParentRunner.java:229)
	at org.junit.runners.ParentRunner.access$000(ParentRunner.java:50)
	at org.junit.runners.ParentRunner$2.evaluate(ParentRunner.java:222)
	at org.junit.runners.ParentRunner.run(ParentRunner.java:292)
	at org.apache.maven.surefire.junit4.JUnit4Provider.execute(JUnit4Provider.java:252)
	at org.apache.maven.surefire.junit4.JUnit4Provider.executeTestSet(JUnit4Provider.java:141)
	at org.apache.maven.surefire.junit4.JUnit4Provider.invoke(JUnit4Provider.java:112)
	at java.base/jdk.internal.reflect.NativeMethodAccessorImpl.invoke0(Native Method)
	at java.base/jdk.internal.reflect.NativeMethodAccessorImpl.invoke(NativeMethodAccessorImpl.java:62)
	at java.base/jdk.internal.reflect.DelegatingMethodAccessorImpl.invoke(DelegatingMethodAccessorImpl.java:43)
	at java.base/java.lang.reflect.Method.invoke(Method.java:564)
	at org.apache.maven.surefire.util.ReflectionUtils.invokeMethodWithArray(ReflectionUtils.java:189)
	at org.apache.maven.surefire.booter.ProviderFactory$ProviderProxy.invoke(ProviderFactory.java:165)
	at org.apache.maven.surefire.booter.ProviderFactory.invokeProvider(ProviderFactory.java:85)
	at org.apache.maven.surefire.booter.ForkedBooter.runSuitesInProcess(ForkedBooter.java:115)
	at org.apache.maven.surefire.booter.ForkedBooter.main(ForkedBooter.java:75)
Caused by: java.lang.ClassNotFoundException: javax.xml.bind.PropertyException
	at java.base/jdk.internal.loader.BuiltinClassLoader.loadClass(BuiltinClassLoader.java:582)
	at java.base/jdk.internal.loader.ClassLoaders$AppClassLoader.loadClass(ClassLoaders.java:190)
	at java.base/java.lang.ClassLoader.loadClass(ClassLoader.java:499)
	... 90 more
MultiException stack 2 of 2
java.lang.IllegalArgumentException: Errors were discovered while reifying SystemDescriptor(
	implementation=org.glassfish.jersey.jaxb.internal.XmlRootElementJaxbProvider$Text
	contracts={javax.ws.rs.ext.MessageBodyWriter,javax.ws.rs.ext.MessageBodyReader}
	scope=javax.inject.Singleton
	qualifiers={}
	descriptorType=CLASS
	descriptorVisibility=NORMAL
	metadata=
	rank=0
	loader=org.glassfish.hk2.utilities.binding.AbstractBinder$2@16fdec90
	proxiable=null
	proxyForSameScope=null
	analysisName=null
	id=108
	locatorId=0
	identityHashCode=896072146
	reified=false)
	at org.jvnet.hk2.internal.SystemDescriptor.reify(SystemDescriptor.java:705)
	at org.jvnet.hk2.internal.ServiceLocatorImpl.reifyDescriptor(ServiceLocatorImpl.java:461)
	at org.jvnet.hk2.internal.ServiceLocatorImpl.narrow(ServiceLocatorImpl.java:2288)
	at org.jvnet.hk2.internal.ServiceLocatorImpl.access$1200(ServiceLocatorImpl.java:125)
	at org.jvnet.hk2.internal.ServiceLocatorImpl$9.compute(ServiceLocatorImpl.java:1373)
	at org.jvnet.hk2.internal.ServiceLocatorImpl$9.compute(ServiceLocatorImpl.java:1368)
	at org.glassfish.hk2.utilities.cache.internal.WeakCARCacheImpl.compute(WeakCARCacheImpl.java:116)
	at org.jvnet.hk2.internal.ServiceLocatorImpl.internalGetAllServiceHandles(ServiceLocatorImpl.java:1430)
	at org.jvnet.hk2.internal.ServiceLocatorImpl.getAllServiceHandles(ServiceLocatorImpl.java:1355)
	at org.jvnet.hk2.internal.ServiceLocatorImpl.getAllServiceHandles(ServiceLocatorImpl.java:1344)
	at org.glassfish.jersey.internal.inject.Providers.getServiceHandles(Providers.java:354)
	at org.glassfish.jersey.internal.inject.Providers.getProviders(Providers.java:187)
	at org.glassfish.jersey.message.internal.MessageBodyFactory.&lt;init&gt;(MessageBodyFactory.java:248)
	at java.base/jdk.internal.reflect.NativeConstructorAccessorImpl.newInstance0(Native Method)
	at java.base/jdk.internal.reflect.NativeConstructorAccessorImpl.newInstance(NativeConstructorAccessorImpl.java:62)
	at java.base/jdk.internal.reflect.DelegatingConstructorAccessorImpl.newInstance(DelegatingConstructorAccessorImpl.java:45)
	at java.base/java.lang.reflect.Constructor.newInstance(Constructor.java:488)
	at org.glassfish.hk2.utilities.reflection.ReflectionHelper.makeMe(ReflectionHelper.java:1375)
	at org.jvnet.hk2.internal.ClazzCreator.createMe(ClazzCreator.java:272)
	at org.jvnet.hk2.internal.ClazzCreator.create(ClazzCreator.java:366)
	at org.jvnet.hk2.internal.SystemDescriptor.create(SystemDescriptor.java:487)
	at org.jvnet.hk2.internal.SingletonContext$1.compute(SingletonContext.java:83)
	at org.jvnet.hk2.internal.SingletonContext$1.compute(SingletonContext.java:71)
	at org.glassfish.hk2.utilities.cache.Cache$OriginThreadAwareFuture$1.call(Cache.java:97)
	at java.base/java.util.concurrent.FutureTask.run(FutureTask.java:264)
	at org.glassfish.hk2.utilities.cache.Cache$OriginThreadAwareFuture.run(Cache.java:154)
	at org.glassfish.hk2.utilities.cache.Cache.compute(Cache.java:199)
	at org.jvnet.hk2.internal.SingletonContext.findOrCreate(SingletonContext.java:122)
	at org.jvnet.hk2.internal.Utilities.createService(Utilities.java:2022)
	at org.jvnet.hk2.internal.ServiceLocatorImpl.internalGetService(ServiceLocatorImpl.java:774)
	at org.jvnet.hk2.internal.ServiceLocatorImpl.internalGetService(ServiceLocatorImpl.java:737)
	at org.jvnet.hk2.internal.ServiceLocatorImpl.getService(ServiceLocatorImpl.java:707)
	at org.glassfish.jersey.server.model.ComponentModelValidator.&lt;init&gt;(ComponentModelValidator.java:97)
	at org.glassfish.jersey.server.ApplicationHandler.initialize(ApplicationHandler.java:549)
	at org.glassfish.jersey.server.ApplicationHandler.access$500(ApplicationHandler.java:184)
	at org.glassfish.jersey.server.ApplicationHandler$3.call(ApplicationHandler.java:350)
	at org.glassfish.jersey.server.ApplicationHandler$3.call(ApplicationHandler.java:347)
	at org.glassfish.jersey.internal.Errors.process(Errors.java:315)
	at org.glassfish.jersey.internal.Errors.process(Errors.java:297)
	at org.glassfish.jersey.internal.Errors.processWithException(Errors.java:255)
	at org.glassfish.jersey.server.ApplicationHandler.&lt;init&gt;(ApplicationHandler.java:347)
	at org.glassfish.jersey.server.ApplicationHandler.&lt;init&gt;(ApplicationHandler.java:311)
	at org.glassfish.jersey.grizzly2.httpserver.GrizzlyHttpContainer.&lt;init&gt;(GrizzlyHttpContainer.java:337)
	at org.glassfish.jersey.grizzly2.httpserver.GrizzlyHttpServerFactory.createHttpServer(GrizzlyHttpServerFactory.java:119)
	at com.example.Main.startServer(Main.java:30)
	at com.example.MyResourceTest.setUp(MyResourceTest.java:22)
	at java.base/jdk.internal.reflect.NativeMethodAccessorImpl.invoke0(Native Method)
	at java.base/jdk.internal.reflect.NativeMethodAccessorImpl.invoke(NativeMethodAccessorImpl.java:62)
	at java.base/jdk.internal.reflect.DelegatingMethodAccessorImpl.invoke(DelegatingMethodAccessorImpl.java:43)
	at java.base/java.lang.reflect.Method.invoke(Method.java:564)
	at org.junit.runners.model.FrameworkMethod$1.runReflectiveCall(FrameworkMethod.java:44)
	at org.junit.internal.runners.model.ReflectiveCallable.run(ReflectiveCallable.java:15)
	at org.junit.runners.model.FrameworkMethod.invokeExplosively(FrameworkMethod.java:41)
	at org.junit.internal.runners.statements.RunBefores.evaluate(RunBefores.java:27)
	at org.junit.internal.runners.statements.RunAfters.evaluate(RunAfters.java:31)
	at org.junit.runners.ParentRunner.runLeaf(ParentRunner.java:263)
	at org.junit.runners.BlockJUnit4ClassRunner.runChild(BlockJUnit4ClassRunner.java:69)
	at org.junit.runners.BlockJUnit4ClassRunner.runChild(BlockJUnit4ClassRunner.java:48)
	at org.junit.runners.ParentRunner$3.run(ParentRunner.java:231)
	at org.junit.runners.ParentRunner$1.schedule(ParentRunner.java:60)
	at org.junit.runners.ParentRunner.runChildren(ParentRunner.java:229)
	at org.junit.runners.ParentRunner.access$000(ParentRunner.java:50)
	at org.junit.runners.ParentRunner$2.evaluate(ParentRunner.java:222)
	at org.junit.runners.ParentRunner.run(ParentRunner.java:292)
	at org.apache.maven.surefire.junit4.JUnit4Provider.execute(JUnit4Provider.java:252)
	at org.apache.maven.surefire.junit4.JUnit4Provider.executeTestSet(JUnit4Provider.java:141)
	at org.apache.maven.surefire.junit4.JUnit4Provider.invoke(JUnit4Provider.java:112)
	at java.base/jdk.internal.reflect.NativeMethodAccessorImpl.invoke0(Native Method)
	at java.base/jdk.internal.reflect.NativeMethodAccessorImpl.invoke(NativeMethodAccessorImpl.java:62)
	at java.base/jdk.internal.reflect.DelegatingMethodAccessorImpl.invoke(DelegatingMethodAccessorImpl.java:43)
	at java.base/java.lang.reflect.Method.invoke(Method.java:564)
	at org.apache.maven.surefire.util.ReflectionUtils.invokeMethodWithArray(ReflectionUtils.java:189)
	at org.apache.maven.surefire.booter.ProviderFactory$ProviderProxy.invoke(ProviderFactory.java:165)
	at org.apache.maven.surefire.booter.ProviderFactory.invokeProvider(ProviderFactory.java:85)
	at org.apache.maven.surefire.booter.ForkedBooter.runSuitesInProcess(ForkedBooter.java:115)
	at org.apache.maven.surefire.booter.ForkedBooter.main(ForkedBooter.java:75)

WARNING: HK2 service reification failed for [org.glassfish.jersey.jaxb.internal.XmlRootElementJaxbProvider$General] with an exception:
MultiException stack 1 of 2
java.lang.NoClassDefFoundError: javax/xml/bind/PropertyException
	at java.base/java.lang.Class.getDeclaredConstructors0(Native Method)
	at java.base/java.lang.Class.privateGetDeclaredConstructors(Class.java:3090)
	at java.base/java.lang.Class.getDeclaredConstructors(Class.java:2316)
	at org.jvnet.hk2.internal.Utilities$3.run(Utilities.java:1308)
	at org.jvnet.hk2.internal.Utilities$3.run(Utilities.java:1304)
	at java.base/java.security.AccessController.doPrivileged(Native Method)
	at org.jvnet.hk2.internal.Utilities.getAllConstructors(Utilities.java:1304)
	at org.jvnet.hk2.internal.Utilities.findProducerConstructor(Utilities.java:1247)
	at org.jvnet.hk2.internal.DefaultClassAnalyzer.getConstructor(DefaultClassAnalyzer.java:83)
	at org.glassfish.jersey.internal.inject.JerseyClassAnalyzer.getConstructor(JerseyClassAnalyzer.java:144)
	at org.jvnet.hk2.internal.Utilities.getConstructor(Utilities.java:178)
	at org.jvnet.hk2.internal.ClazzCreator.initialize(ClazzCreator.java:129)
	at org.jvnet.hk2.internal.ClazzCreator.initialize(ClazzCreator.java:180)
	at org.jvnet.hk2.internal.SystemDescriptor.internalReify(SystemDescriptor.java:740)
	at org.jvnet.hk2.internal.SystemDescriptor.reify(SystemDescriptor.java:694)
	at org.jvnet.hk2.internal.ServiceLocatorImpl.reifyDescriptor(ServiceLocatorImpl.java:461)
	at org.jvnet.hk2.internal.ServiceLocatorImpl.narrow(ServiceLocatorImpl.java:2288)
	at org.jvnet.hk2.internal.ServiceLocatorImpl.access$1200(ServiceLocatorImpl.java:125)
	at org.jvnet.hk2.internal.ServiceLocatorImpl$9.compute(ServiceLocatorImpl.java:1373)
	at org.jvnet.hk2.internal.ServiceLocatorImpl$9.compute(ServiceLocatorImpl.java:1368)
	at org.glassfish.hk2.utilities.cache.internal.WeakCARCacheImpl.compute(WeakCARCacheImpl.java:116)
	at org.jvnet.hk2.internal.ServiceLocatorImpl.internalGetAllServiceHandles(ServiceLocatorImpl.java:1430)
	at org.jvnet.hk2.internal.ServiceLocatorImpl.getAllServiceHandles(ServiceLocatorImpl.java:1355)
	at org.jvnet.hk2.internal.ServiceLocatorImpl.getAllServiceHandles(ServiceLocatorImpl.java:1344)
	at org.glassfish.jersey.internal.inject.Providers.getServiceHandles(Providers.java:354)
	at org.glassfish.jersey.internal.inject.Providers.getProviders(Providers.java:187)
	at org.glassfish.jersey.message.internal.MessageBodyFactory.&lt;init&gt;(MessageBodyFactory.java:248)
	at java.base/jdk.internal.reflect.NativeConstructorAccessorImpl.newInstance0(Native Method)
	at java.base/jdk.internal.reflect.NativeConstructorAccessorImpl.newInstance(NativeConstructorAccessorImpl.java:62)
	at java.base/jdk.internal.reflect.DelegatingConstructorAccessorImpl.newInstance(DelegatingConstructorAccessorImpl.java:45)
	at java.base/java.lang.reflect.Constructor.newInstance(Constructor.java:488)
	at org.glassfish.hk2.utilities.reflection.ReflectionHelper.makeMe(ReflectionHelper.java:1375)
	at org.jvnet.hk2.internal.ClazzCreator.createMe(ClazzCreator.java:272)
	at org.jvnet.hk2.internal.ClazzCreator.create(ClazzCreator.java:366)
	at org.jvnet.hk2.internal.SystemDescriptor.create(SystemDescriptor.java:487)
	at org.jvnet.hk2.internal.SingletonContext$1.compute(SingletonContext.java:83)
	at org.jvnet.hk2.internal.SingletonContext$1.compute(SingletonContext.java:71)
	at org.glassfish.hk2.utilities.cache.Cache$OriginThreadAwareFuture$1.call(Cache.java:97)
	at java.base/java.util.concurrent.FutureTask.run(FutureTask.java:264)
	at org.glassfish.hk2.utilities.cache.Cache$OriginThreadAwareFuture.run(Cache.java:154)
	at org.glassfish.hk2.utilities.cache.Cache.compute(Cache.java:199)
	at org.jvnet.hk2.internal.SingletonContext.findOrCreate(SingletonContext.java:122)
	at org.jvnet.hk2.internal.Utilities.createService(Utilities.java:2022)
	at org.jvnet.hk2.internal.ServiceLocatorImpl.internalGetService(ServiceLocatorImpl.java:774)
	at org.jvnet.hk2.internal.ServiceLocatorImpl.internalGetService(ServiceLocatorImpl.java:737)
	at org.jvnet.hk2.internal.ServiceLocatorImpl.getService(ServiceLocatorImpl.java:707)
	at org.glassfish.jersey.server.model.ComponentModelValidator.&lt;init&gt;(ComponentModelValidator.java:97)
	at org.glassfish.jersey.server.ApplicationHandler.initialize(ApplicationHandler.java:549)
	at org.glassfish.jersey.server.ApplicationHandler.access$500(ApplicationHandler.java:184)
	at org.glassfish.jersey.server.ApplicationHandler$3.call(ApplicationHandler.java:350)
	at org.glassfish.jersey.server.ApplicationHandler$3.call(ApplicationHandler.java:347)
	at org.glassfish.jersey.internal.Errors.process(Errors.java:315)
	at org.glassfish.jersey.internal.Errors.process(Errors.java:297)
	at org.glassfish.jersey.internal.Errors.processWithException(Errors.java:255)
	at org.glassfish.jersey.server.ApplicationHandler.&lt;init&gt;(ApplicationHandler.java:347)
	at org.glassfish.jersey.server.ApplicationHandler.&lt;init&gt;(ApplicationHandler.java:311)
	at org.glassfish.jersey.grizzly2.httpserver.GrizzlyHttpContainer.&lt;init&gt;(GrizzlyHttpContainer.java:337)
	at org.glassfish.jersey.grizzly2.httpserver.GrizzlyHttpServerFactory.createHttpServer(GrizzlyHttpServerFactory.java:119)
	at com.example.Main.startServer(Main.java:30)
	at com.example.MyResourceTest.setUp(MyResourceTest.java:22)
	at java.base/jdk.internal.reflect.NativeMethodAccessorImpl.invoke0(Native Method)
	at java.base/jdk.internal.reflect.NativeMethodAccessorImpl.invoke(NativeMethodAccessorImpl.java:62)
	at java.base/jdk.internal.reflect.DelegatingMethodAccessorImpl.invoke(DelegatingMethodAccessorImpl.java:43)
	at java.base/java.lang.reflect.Method.invoke(Method.java:564)
	at org.junit.runners.model.FrameworkMethod$1.runReflectiveCall(FrameworkMethod.java:44)
	at org.junit.internal.runners.model.ReflectiveCallable.run(ReflectiveCallable.java:15)
	at org.junit.runners.model.FrameworkMethod.invokeExplosively(FrameworkMethod.java:41)
	at org.junit.internal.runners.statements.RunBefores.evaluate(RunBefores.java:27)
	at org.junit.internal.runners.statements.RunAfters.evaluate(RunAfters.java:31)
	at org.junit.runners.ParentRunner.runLeaf(ParentRunner.java:263)
	at org.junit.runners.BlockJUnit4ClassRunner.runChild(BlockJUnit4ClassRunner.java:69)
	at org.junit.runners.BlockJUnit4ClassRunner.runChild(BlockJUnit4ClassRunner.java:48)
	at org.junit.runners.ParentRunner$3.run(ParentRunner.java:231)
	at org.junit.runners.ParentRunner$1.schedule(ParentRunner.java:60)
	at org.junit.runners.ParentRunner.runChildren(ParentRunner.java:229)
	at org.junit.runners.ParentRunner.access$000(ParentRunner.java:50)
	at org.junit.runners.ParentRunner$2.evaluate(ParentRunner.java:222)
	at org.junit.runners.ParentRunner.run(ParentRunner.java:292)
	at org.apache.maven.surefire.junit4.JUnit4Provider.execute(JUnit4Provider.java:252)
	at org.apache.maven.surefire.junit4.JUnit4Provider.executeTestSet(JUnit4Provider.java:141)
	at org.apache.maven.surefire.junit4.JUnit4Provider.invoke(JUnit4Provider.java:112)
	at java.base/jdk.internal.reflect.NativeMethodAccessorImpl.invoke0(Native Method)
	at java.base/jdk.internal.reflect.NativeMethodAccessorImpl.invoke(NativeMethodAccessorImpl.java:62)
	at java.base/jdk.internal.reflect.DelegatingMethodAccessorImpl.invoke(DelegatingMethodAccessorImpl.java:43)
	at java.base/java.lang.reflect.Method.invoke(Method.java:564)
	at org.apache.maven.surefire.util.ReflectionUtils.invokeMethodWithArray(ReflectionUtils.java:189)
	at org.apache.maven.surefire.booter.ProviderFactory$ProviderProxy.invoke(ProviderFactory.java:165)
	at org.apache.maven.surefire.booter.ProviderFactory.invokeProvider(ProviderFactory.java:85)
	at org.apache.maven.surefire.booter.ForkedBooter.runSuitesInProcess(ForkedBooter.java:115)
	at org.apache.maven.surefire.booter.ForkedBooter.main(ForkedBooter.java:75)
Caused by: java.lang.ClassNotFoundException: javax.xml.bind.PropertyException
	at java.base/jdk.internal.loader.BuiltinClassLoader.loadClass(BuiltinClassLoader.java:582)
	at java.base/jdk.internal.loader.ClassLoaders$AppClassLoader.loadClass(ClassLoaders.java:190)
	at java.base/java.lang.ClassLoader.loadClass(ClassLoader.java:499)
	... 90 more
MultiException stack 2 of 2
java.lang.IllegalArgumentException: Errors were discovered while reifying SystemDescriptor(
	implementation=org.glassfish.jersey.jaxb.internal.XmlRootElementJaxbProvider$General
	contracts={javax.ws.rs.ext.MessageBodyWriter,javax.ws.rs.ext.MessageBodyReader}
	scope=javax.inject.Singleton
	qualifiers={}
	descriptorType=CLASS
	descriptorVisibility=NORMAL
	metadata=
	rank=0
	loader=org.glassfish.hk2.utilities.binding.AbstractBinder$2@16fdec90
	proxiable=null
	proxyForSameScope=null
	analysisName=null
	id=109
	locatorId=0
	identityHashCode=1528741718
	reified=false)
	at org.jvnet.hk2.internal.SystemDescriptor.reify(SystemDescriptor.java:705)
	at org.jvnet.hk2.internal.ServiceLocatorImpl.reifyDescriptor(ServiceLocatorImpl.java:461)
	at org.jvnet.hk2.internal.ServiceLocatorImpl.narrow(ServiceLocatorImpl.java:2288)
	at org.jvnet.hk2.internal.ServiceLocatorImpl.access$1200(ServiceLocatorImpl.java:125)
	at org.jvnet.hk2.internal.ServiceLocatorImpl$9.compute(ServiceLocatorImpl.java:1373)
	at org.jvnet.hk2.internal.ServiceLocatorImpl$9.compute(ServiceLocatorImpl.java:1368)
	at org.glassfish.hk2.utilities.cache.internal.WeakCARCacheImpl.compute(WeakCARCacheImpl.java:116)
	at org.jvnet.hk2.internal.ServiceLocatorImpl.internalGetAllServiceHandles(ServiceLocatorImpl.java:1430)
	at org.jvnet.hk2.internal.ServiceLocatorImpl.getAllServiceHandles(ServiceLocatorImpl.java:1355)
	at org.jvnet.hk2.internal.ServiceLocatorImpl.getAllServiceHandles(ServiceLocatorImpl.java:1344)
	at org.glassfish.jersey.internal.inject.Providers.getServiceHandles(Providers.java:354)
	at org.glassfish.jersey.internal.inject.Providers.getProviders(Providers.java:187)
	at org.glassfish.jersey.message.internal.MessageBodyFactory.&lt;init&gt;(MessageBodyFactory.java:248)
	at java.base/jdk.internal.reflect.NativeConstructorAccessorImpl.newInstance0(Native Method)
	at java.base/jdk.internal.reflect.NativeConstructorAccessorImpl.newInstance(NativeConstructorAccessorImpl.java:62)
	at java.base/jdk.internal.reflect.DelegatingConstructorAccessorImpl.newInstance(DelegatingConstructorAccessorImpl.java:45)
	at java.base/java.lang.reflect.Constructor.newInstance(Constructor.java:488)
	at org.glassfish.hk2.utilities.reflection.ReflectionHelper.makeMe(ReflectionHelper.java:1375)
	at org.jvnet.hk2.internal.ClazzCreator.createMe(ClazzCreator.java:272)
	at org.jvnet.hk2.internal.ClazzCreator.create(ClazzCreator.java:366)
	at org.jvnet.hk2.internal.SystemDescriptor.create(SystemDescriptor.java:487)
	at org.jvnet.hk2.internal.SingletonContext$1.compute(SingletonContext.java:83)
	at org.jvnet.hk2.internal.SingletonContext$1.compute(SingletonContext.java:71)
	at org.glassfish.hk2.utilities.cache.Cache$OriginThreadAwareFuture$1.call(Cache.java:97)
	at java.base/java.util.concurrent.FutureTask.run(FutureTask.java:264)
	at org.glassfish.hk2.utilities.cache.Cache$OriginThreadAwareFuture.run(Cache.java:154)
	at org.glassfish.hk2.utilities.cache.Cache.compute(Cache.java:199)
	at org.jvnet.hk2.internal.SingletonContext.findOrCreate(SingletonContext.java:122)
	at org.jvnet.hk2.internal.Utilities.createService(Utilities.java:2022)
	at org.jvnet.hk2.internal.ServiceLocatorImpl.internalGetService(ServiceLocatorImpl.java:774)
	at org.jvnet.hk2.internal.ServiceLocatorImpl.internalGetService(ServiceLocatorImpl.java:737)
	at org.jvnet.hk2.internal.ServiceLocatorImpl.getService(ServiceLocatorImpl.java:707)
	at org.glassfish.jersey.server.model.ComponentModelValidator.&lt;init&gt;(ComponentModelValidator.java:97)
	at org.glassfish.jersey.server.ApplicationHandler.initialize(ApplicationHandler.java:549)
	at org.glassfish.jersey.server.ApplicationHandler.access$500(ApplicationHandler.java:184)
	at org.glassfish.jersey.server.ApplicationHandler$3.call(ApplicationHandler.java:350)
	at org.glassfish.jersey.server.ApplicationHandler$3.call(ApplicationHandler.java:347)
	at org.glassfish.jersey.internal.Errors.process(Errors.java:315)
	at org.glassfish.jersey.internal.Errors.process(Errors.java:297)
	at org.glassfish.jersey.internal.Errors.processWithException(Errors.java:255)
	at org.glassfish.jersey.server.ApplicationHandler.&lt;init&gt;(ApplicationHandler.java:347)
	at org.glassfish.jersey.server.ApplicationHandler.&lt;init&gt;(ApplicationHandler.java:311)
	at org.glassfish.jersey.grizzly2.httpserver.GrizzlyHttpContainer.&lt;init&gt;(GrizzlyHttpContainer.java:337)
	at org.glassfish.jersey.grizzly2.httpserver.GrizzlyHttpServerFactory.createHttpServer(GrizzlyHttpServerFactory.java:119)
	at com.example.Main.startServer(Main.java:30)
	at com.example.MyResourceTest.setUp(MyResourceTest.java:22)
	at java.base/jdk.internal.reflect.NativeMethodAccessorImpl.invoke0(Native Method)
	at java.base/jdk.internal.reflect.NativeMethodAccessorImpl.invoke(NativeMethodAccessorImpl.java:62)
	at java.base/jdk.internal.reflect.DelegatingMethodAccessorImpl.invoke(DelegatingMethodAccessorImpl.java:43)
	at java.base/java.lang.reflect.Method.invoke(Method.java:564)
	at org.junit.runners.model.FrameworkMethod$1.runReflectiveCall(FrameworkMethod.java:44)
	at org.junit.internal.runners.model.ReflectiveCallable.run(ReflectiveCallable.java:15)
	at org.junit.runners.model.FrameworkMethod.invokeExplosively(FrameworkMethod.java:41)
	at org.junit.internal.runners.statements.RunBefores.evaluate(RunBefores.java:27)
	at org.junit.internal.runners.statements.RunAfters.evaluate(RunAfters.java:31)
	at org.junit.runners.ParentRunner.runLeaf(ParentRunner.java:263)
	at org.junit.runners.BlockJUnit4ClassRunner.runChild(BlockJUnit4ClassRunner.java:69)
	at org.junit.runners.BlockJUnit4ClassRunner.runChild(BlockJUnit4ClassRunner.java:48)
	at org.junit.runners.ParentRunner$3.run(ParentRunner.java:231)
	at org.junit.runners.ParentRunner$1.schedule(ParentRunner.java:60)
	at org.junit.runners.ParentRunner.runChildren(ParentRunner.java:229)
	at org.junit.runners.ParentRunner.access$000(ParentRunner.java:50)
	at org.junit.runners.ParentRunner$2.evaluate(ParentRunner.java:222)
	at org.junit.runners.ParentRunner.run(ParentRunner.java:292)
	at org.apache.maven.surefire.junit4.JUnit4Provider.execute(JUnit4Provider.java:252)
	at org.apache.maven.surefire.junit4.JUnit4Provider.executeTestSet(JUnit4Provider.java:141)
	at org.apache.maven.surefire.junit4.JUnit4Provider.invoke(JUnit4Provider.java:112)
	at java.base/jdk.internal.reflect.NativeMethodAccessorImpl.invoke0(Native Method)
	at java.base/jdk.internal.reflect.NativeMethodAccessorImpl.invoke(NativeMethodAccessorImpl.java:62)
	at java.base/jdk.internal.reflect.DelegatingMethodAccessorImpl.invoke(DelegatingMethodAccessorImpl.java:43)
	at java.base/java.lang.reflect.Method.invoke(Method.java:564)
	at org.apache.maven.surefire.util.ReflectionUtils.invokeMethodWithArray(ReflectionUtils.java:189)
	at org.apache.maven.surefire.booter.ProviderFactory$ProviderProxy.invoke(ProviderFactory.java:165)
	at org.apache.maven.surefire.booter.ProviderFactory.invokeProvider(ProviderFactory.java:85)
	at org.apache.maven.surefire.booter.ForkedBooter.runSuitesInProcess(ForkedBooter.java:115)
	at org.apache.maven.surefire.booter.ForkedBooter.main(ForkedBooter.java:75)

WARNING: HK2 service reification failed for [org.glassfish.jersey.jaxb.internal.JaxbStringReaderProvider$RootElementProvider] with an exception:
MultiException stack 1 of 4
java.lang.RuntimeException: java.util.concurrent.ExecutionException: java.lang.NoClassDefFoundError: javax/xml/bind/Unmarshaller
	at org.glassfish.hk2.utilities.cache.LRUHybridCache.compute(LRUHybridCache.java:315)
	at org.glassfish.hk2.utilities.reflection.internal.ClassReflectionHelperImpl.getAllMethods(ClassReflectionHelperImpl.java:108)
	at org.jvnet.hk2.internal.Utilities.findInitializerMethods(Utilities.java:1341)
	at org.jvnet.hk2.internal.DefaultClassAnalyzer.getInitializerMethods(DefaultClassAnalyzer.java:107)
	at org.glassfish.jersey.internal.inject.JerseyClassAnalyzer.getInitializerMethods(JerseyClassAnalyzer.java:242)
	at org.jvnet.hk2.internal.Utilities.getInitMethods(Utilities.java:218)
	at org.jvnet.hk2.internal.ClazzCreator.initialize(ClazzCreator.java:145)
	at org.jvnet.hk2.internal.ClazzCreator.initialize(ClazzCreator.java:180)
	at org.jvnet.hk2.internal.SystemDescriptor.internalReify(SystemDescriptor.java:740)
	at org.jvnet.hk2.internal.SystemDescriptor.reify(SystemDescriptor.java:694)
	at org.jvnet.hk2.internal.ServiceLocatorImpl.reifyDescriptor(ServiceLocatorImpl.java:461)
	at org.jvnet.hk2.internal.ServiceLocatorImpl.narrow(ServiceLocatorImpl.java:2288)
	at org.jvnet.hk2.internal.ServiceLocatorImpl.access$1200(ServiceLocatorImpl.java:125)
	at org.jvnet.hk2.internal.ServiceLocatorImpl$9.compute(ServiceLocatorImpl.java:1373)
	at org.jvnet.hk2.internal.ServiceLocatorImpl$9.compute(ServiceLocatorImpl.java:1368)
	at org.glassfish.hk2.utilities.cache.internal.WeakCARCacheImpl.compute(WeakCARCacheImpl.java:116)
	at org.jvnet.hk2.internal.ServiceLocatorImpl.internalGetAllServiceHandles(ServiceLocatorImpl.java:1430)
	at org.jvnet.hk2.internal.ServiceLocatorImpl.getAllServiceHandles(ServiceLocatorImpl.java:1355)
	at org.jvnet.hk2.internal.ServiceLocatorImpl.getAllServiceHandles(ServiceLocatorImpl.java:1344)
	at org.glassfish.jersey.internal.inject.Providers.getServiceHandles(Providers.java:354)
	at org.glassfish.jersey.internal.inject.Providers.getCustomProviders(Providers.java:201)
	at org.glassfish.jersey.server.internal.inject.ParamConverterFactory.&lt;init&gt;(ParamConverterFactory.java:80)
	at java.base/jdk.internal.reflect.NativeConstructorAccessorImpl.newInstance0(Native Method)
	at java.base/jdk.internal.reflect.NativeConstructorAccessorImpl.newInstance(NativeConstructorAccessorImpl.java:62)
	at java.base/jdk.internal.reflect.DelegatingConstructorAccessorImpl.newInstance(DelegatingConstructorAccessorImpl.java:45)
	at java.base/java.lang.reflect.Constructor.newInstance(Constructor.java:488)
	at org.glassfish.hk2.utilities.reflection.ReflectionHelper.makeMe(ReflectionHelper.java:1375)
	at org.jvnet.hk2.internal.ClazzCreator.createMe(ClazzCreator.java:272)
	at org.jvnet.hk2.internal.ClazzCreator.create(ClazzCreator.java:366)
	at org.jvnet.hk2.internal.SystemDescriptor.create(SystemDescriptor.java:487)
	at org.jvnet.hk2.internal.SingletonContext$1.compute(SingletonContext.java:83)
	at org.jvnet.hk2.internal.SingletonContext$1.compute(SingletonContext.java:71)
	at org.glassfish.hk2.utilities.cache.Cache$OriginThreadAwareFuture$1.call(Cache.java:97)
	at java.base/java.util.concurrent.FutureTask.run(FutureTask.java:264)
	at org.glassfish.hk2.utilities.cache.Cache$OriginThreadAwareFuture.run(Cache.java:154)
	at org.glassfish.hk2.utilities.cache.Cache.compute(Cache.java:199)
	at org.jvnet.hk2.internal.SingletonContext.findOrCreate(SingletonContext.java:122)
	at org.jvnet.hk2.internal.Utilities.createService(Utilities.java:2022)
	at org.jvnet.hk2.internal.ServiceHandleImpl.getService(ServiceHandleImpl.java:114)
	at org.jvnet.hk2.internal.ServiceLocatorImpl.getService(ServiceLocatorImpl.java:695)
	at org.jvnet.hk2.internal.ThreeThirtyResolver.resolve(ThreeThirtyResolver.java:78)
	at org.jvnet.hk2.internal.ClazzCreator.resolve(ClazzCreator.java:212)
	at org.jvnet.hk2.internal.ClazzCreator.resolveAllDependencies(ClazzCreator.java:229)
	at org.jvnet.hk2.internal.ClazzCreator.create(ClazzCreator.java:358)
	at org.jvnet.hk2.internal.SystemDescriptor.create(SystemDescriptor.java:487)
	at org.jvnet.hk2.internal.SingletonContext$1.compute(SingletonContext.java:83)
	at org.jvnet.hk2.internal.SingletonContext$1.compute(SingletonContext.java:71)
	at org.glassfish.hk2.utilities.cache.Cache$OriginThreadAwareFuture$1.call(Cache.java:97)
	at java.base/java.util.concurrent.FutureTask.run(FutureTask.java:264)
	at org.glassfish.hk2.utilities.cache.Cache$OriginThreadAwareFuture.run(Cache.java:154)
	at org.glassfish.hk2.utilities.cache.Cache.compute(Cache.java:199)
	at org.jvnet.hk2.internal.SingletonContext.findOrCreate(SingletonContext.java:122)
	at org.jvnet.hk2.internal.Utilities.createService(Utilities.java:2022)
	at org.jvnet.hk2.internal.ServiceHandleImpl.getService(ServiceHandleImpl.java:114)
	at org.jvnet.hk2.internal.ServiceLocatorImpl.getService(ServiceLocatorImpl.java:695)
	at org.jvnet.hk2.internal.ThreeThirtyResolver.resolve(ThreeThirtyResolver.java:78)
	at org.jvnet.hk2.internal.ClazzCreator.resolve(ClazzCreator.java:212)
	at org.jvnet.hk2.internal.ClazzCreator.resolveAllDependencies(ClazzCreator.java:229)
	at org.jvnet.hk2.internal.ClazzCreator.create(ClazzCreator.java:358)
	at org.jvnet.hk2.internal.SystemDescriptor.create(SystemDescriptor.java:487)
	at org.jvnet.hk2.internal.SingletonContext$1.compute(SingletonContext.java:83)
	at org.jvnet.hk2.internal.SingletonContext$1.compute(SingletonContext.java:71)
	at org.glassfish.hk2.utilities.cache.Cache$OriginThreadAwareFuture$1.call(Cache.java:97)
	at java.base/java.util.concurrent.FutureTask.run(FutureTask.java:264)
	at org.glassfish.hk2.utilities.cache.Cache$OriginThreadAwareFuture.run(Cache.java:154)
	at org.glassfish.hk2.utilities.cache.Cache.compute(Cache.java:199)
	at org.jvnet.hk2.internal.SingletonContext.findOrCreate(SingletonContext.java:122)
	at org.jvnet.hk2.internal.Utilities.createService(Utilities.java:2022)
	at org.jvnet.hk2.internal.ServiceHandleImpl.getService(ServiceHandleImpl.java:114)
	at org.jvnet.hk2.internal.ServiceHandleImpl.getService(ServiceHandleImpl.java:88)
	at org.glassfish.jersey.internal.inject.ProviderToService.apply(ProviderToService.java:58)
	at org.glassfish.jersey.internal.inject.ProviderToService.apply(ProviderToService.java:54)
	at jersey.repackaged.com.google.common.collect.Iterators$8.transform(Iterators.java:799)
	at jersey.repackaged.com.google.common.collect.TransformedIterator.next(TransformedIterator.java:48)
	at java.base/java.util.AbstractCollection.addAll(AbstractCollection.java:351)
	at java.base/java.util.LinkedHashSet.&lt;init&gt;(LinkedHashSet.java:169)
	at jersey.repackaged.com.google.common.collect.Sets.newLinkedHashSet(Sets.java:325)
	at org.glassfish.jersey.internal.inject.Providers.getClasses(Providers.java:392)
	at org.glassfish.jersey.internal.inject.Providers.getProviders(Providers.java:188)
	at org.glassfish.jersey.server.spi.internal.ParameterValueHelper.createValueProviders(ParameterValueHelper.java:130)
	at org.glassfish.jersey.server.model.Invocable.getValueProviders(Invocable.java:320)
	at org.glassfish.jersey.server.model.ResourceMethodValidator.checkValueProviders(ResourceMethodValidator.java:165)
	at org.glassfish.jersey.server.model.ResourceMethodValidator.checkMethod(ResourceMethodValidator.java:106)
	at org.glassfish.jersey.server.model.ResourceMethodValidator.visitJaxrsResourceMethod(ResourceMethodValidator.java:102)
	at org.glassfish.jersey.server.model.ResourceMethodValidator.visitResourceMethod(ResourceMethodValidator.java:92)
	at org.glassfish.jersey.server.model.ResourceMethod.accept(ResourceMethod.java:873)
	at org.glassfish.jersey.server.model.ComponentModelValidator.validateWithErrors(ComponentModelValidator.java:161)
	at org.glassfish.jersey.server.model.ComponentModelValidator.validateWithErrors(ComponentModelValidator.java:167)
	at org.glassfish.jersey.server.model.ComponentModelValidator.validateWithErrors(ComponentModelValidator.java:167)
	at org.glassfish.jersey.server.model.ComponentModelValidator.access$000(ComponentModelValidator.java:90)
	at org.glassfish.jersey.server.model.ComponentModelValidator$1.run(ComponentModelValidator.java:151)
	at org.glassfish.jersey.internal.Errors$1.call(Errors.java:271)
	at org.glassfish.jersey.internal.Errors$1.call(Errors.java:267)
	at org.glassfish.jersey.internal.Errors.process(Errors.java:315)
	at org.glassfish.jersey.internal.Errors.process(Errors.java:297)
	at org.glassfish.jersey.internal.Errors.process(Errors.java:267)
	at org.glassfish.jersey.server.model.ComponentModelValidator.validate(ComponentModelValidator.java:146)
	at org.glassfish.jersey.server.ApplicationHandler.initialize(ApplicationHandler.java:550)
	at org.glassfish.jersey.server.ApplicationHandler.access$500(ApplicationHandler.java:184)
	at org.glassfish.jersey.server.ApplicationHandler$3.call(ApplicationHandler.java:350)
	at org.glassfish.jersey.server.ApplicationHandler$3.call(ApplicationHandler.java:347)
	at org.glassfish.jersey.internal.Errors.process(Errors.java:315)
	at org.glassfish.jersey.internal.Errors.process(Errors.java:297)
	at org.glassfish.jersey.internal.Errors.processWithException(Errors.java:255)
	at org.glassfish.jersey.server.ApplicationHandler.&lt;init&gt;(ApplicationHandler.java:347)
	at org.glassfish.jersey.server.ApplicationHandler.&lt;init&gt;(ApplicationHandler.java:311)
	at org.glassfish.jersey.grizzly2.httpserver.GrizzlyHttpContainer.&lt;init&gt;(GrizzlyHttpContainer.java:337)
	at org.glassfish.jersey.grizzly2.httpserver.GrizzlyHttpServerFactory.createHttpServer(GrizzlyHttpServerFactory.java:119)
	at com.example.Main.startServer(Main.java:30)
	at com.example.MyResourceTest.setUp(MyResourceTest.java:22)
	at java.base/jdk.internal.reflect.NativeMethodAccessorImpl.invoke0(Native Method)
	at java.base/jdk.internal.reflect.NativeMethodAccessorImpl.invoke(NativeMethodAccessorImpl.java:62)
	at java.base/jdk.internal.reflect.DelegatingMethodAccessorImpl.invoke(DelegatingMethodAccessorImpl.java:43)
	at java.base/java.lang.reflect.Method.invoke(Method.java:564)
	at org.junit.runners.model.FrameworkMethod$1.runReflectiveCall(FrameworkMethod.java:44)
	at org.junit.internal.runners.model.ReflectiveCallable.run(ReflectiveCallable.java:15)
	at org.junit.runners.model.FrameworkMethod.invokeExplosively(FrameworkMethod.java:41)
	at org.junit.internal.runners.statements.RunBefores.evaluate(RunBefores.java:27)
	at org.junit.internal.runners.statements.RunAfters.evaluate(RunAfters.java:31)
	at org.junit.runners.ParentRunner.runLeaf(ParentRunner.java:263)
	at org.junit.runners.BlockJUnit4ClassRunner.runChild(BlockJUnit4ClassRunner.java:69)
	at org.junit.runners.BlockJUnit4ClassRunner.runChild(BlockJUnit4ClassRunner.java:48)
	at org.junit.runners.ParentRunner$3.run(ParentRunner.java:231)
	at org.junit.runners.ParentRunner$1.schedule(ParentRunner.java:60)
	at org.junit.runners.ParentRunner.runChildren(ParentRunner.java:229)
	at org.junit.runners.ParentRunner.access$000(ParentRunner.java:50)
	at org.junit.runners.ParentRunner$2.evaluate(ParentRunner.java:222)
	at org.junit.runners.ParentRunner.run(ParentRunner.java:292)
	at org.apache.maven.surefire.junit4.JUnit4Provider.execute(JUnit4Provider.java:252)
	at org.apache.maven.surefire.junit4.JUnit4Provider.executeTestSet(JUnit4Provider.java:141)
	at org.apache.maven.surefire.junit4.JUnit4Provider.invoke(JUnit4Provider.java:112)
	at java.base/jdk.internal.reflect.NativeMethodAccessorImpl.invoke0(Native Method)
	at java.base/jdk.internal.reflect.NativeMethodAccessorImpl.invoke(NativeMethodAccessorImpl.java:62)
	at java.base/jdk.internal.reflect.DelegatingMethodAccessorImpl.invoke(DelegatingMethodAccessorImpl.java:43)
	at java.base/java.lang.reflect.Method.invoke(Method.java:564)
	at org.apache.maven.surefire.util.ReflectionUtils.invokeMethodWithArray(ReflectionUtils.java:189)
	at org.apache.maven.surefire.booter.ProviderFactory$ProviderProxy.invoke(ProviderFactory.java:165)
	at org.apache.maven.surefire.booter.ProviderFactory.invokeProvider(ProviderFactory.java:85)
	at org.apache.maven.surefire.booter.ForkedBooter.runSuitesInProcess(ForkedBooter.java:115)
	at org.apache.maven.surefire.booter.ForkedBooter.main(ForkedBooter.java:75)
Caused by: java.util.concurrent.ExecutionException: java.lang.NoClassDefFoundError: javax/xml/bind/Unmarshaller
	at java.base/java.util.concurrent.FutureTask.report(FutureTask.java:122)
	at java.base/java.util.concurrent.FutureTask.get(FutureTask.java:191)
	at org.glassfish.hk2.utilities.cache.LRUHybridCache$OriginThreadAwareFuture.get(LRUHybridCache.java:164)
	at org.glassfish.hk2.utilities.cache.LRUHybridCache.compute(LRUHybridCache.java:303)
	... 139 more
Caused by: java.lang.NoClassDefFoundError: javax/xml/bind/Unmarshaller
	at java.base/java.lang.Class.getDeclaredMethods0(Native Method)
	at java.base/java.lang.Class.privateGetDeclaredMethods(Class.java:3119)
	at java.base/java.lang.Class.getDeclaredMethods(Class.java:2268)
	at org.glassfish.hk2.utilities.reflection.internal.ClassReflectionHelperUtilities$3.run(ClassReflectionHelperUtilities.java:108)
	at org.glassfish.hk2.utilities.reflection.internal.ClassReflectionHelperUtilities$3.run(ClassReflectionHelperUtilities.java:104)
	at java.base/java.security.AccessController.doPrivileged(Native Method)
	at org.glassfish.hk2.utilities.reflection.internal.ClassReflectionHelperUtilities.secureGetDeclaredMethods(ClassReflectionHelperUtilities.java:104)
	at org.glassfish.hk2.utilities.reflection.internal.ClassReflectionHelperUtilities.getDeclaredMethodWrappers(ClassReflectionHelperUtilities.java:133)
	at org.glassfish.hk2.utilities.reflection.internal.ClassReflectionHelperUtilities.getAllMethodWrappers(ClassReflectionHelperUtilities.java:192)
	at org.glassfish.hk2.utilities.reflection.internal.ClassReflectionHelperUtilities.getAllMethodWrappers(ClassReflectionHelperUtilities.java:193)
	at org.glassfish.hk2.utilities.reflection.internal.ClassReflectionHelperImpl$3.compute(ClassReflectionHelperImpl.java:84)
	at org.glassfish.hk2.utilities.reflection.internal.ClassReflectionHelperImpl$3.compute(ClassReflectionHelperImpl.java:80)
	at org.glassfish.hk2.utilities.cache.LRUHybridCache$OriginThreadAwareFuture$1.call(LRUHybridCache.java:115)
	at org.glassfish.hk2.utilities.cache.LRUHybridCache$OriginThreadAwareFuture$1.call(LRUHybridCache.java:111)
	at java.base/java.util.concurrent.FutureTask.run(FutureTask.java:264)
	at org.glassfish.hk2.utilities.cache.LRUHybridCache$OriginThreadAwareFuture.run(LRUHybridCache.java:173)
	at org.glassfish.hk2.utilities.cache.LRUHybridCache.compute(LRUHybridCache.java:292)
	... 139 more
Caused by: java.lang.ClassNotFoundException: javax.xml.bind.Unmarshaller
	at java.base/jdk.internal.loader.BuiltinClassLoader.loadClass(BuiltinClassLoader.java:582)
	at java.base/jdk.internal.loader.ClassLoaders$AppClassLoader.loadClass(ClassLoaders.java:190)
	at java.base/java.lang.ClassLoader.loadClass(ClassLoader.java:499)
	... 156 more
MultiException stack 2 of 4
java.lang.RuntimeException: java.util.concurrent.ExecutionException: java.lang.NoClassDefFoundError: javax/xml/bind/Unmarshaller
	at org.glassfish.hk2.utilities.cache.LRUHybridCache.compute(LRUHybridCache.java:315)
	at org.glassfish.hk2.utilities.reflection.internal.ClassReflectionHelperImpl.getAllMethods(ClassReflectionHelperImpl.java:108)
	at org.glassfish.hk2.utilities.reflection.internal.ClassReflectionHelperImpl.getPostConstructMethod(ClassReflectionHelperImpl.java:184)
	at org.glassfish.hk2.utilities.reflection.internal.ClassReflectionHelperImpl.access$200(ClassReflectionHelperImpl.java:56)
	at org.glassfish.hk2.utilities.reflection.internal.ClassReflectionHelperImpl$1.compute(ClassReflectionHelperImpl.java:64)
	at org.glassfish.hk2.utilities.reflection.internal.ClassReflectionHelperImpl$1.compute(ClassReflectionHelperImpl.java:60)
	at org.glassfish.hk2.utilities.cache.LRUHybridCache$OriginThreadAwareFuture$1.call(LRUHybridCache.java:115)
	at org.glassfish.hk2.utilities.cache.LRUHybridCache$OriginThreadAwareFuture$1.call(LRUHybridCache.java:111)
	at java.base/java.util.concurrent.FutureTask.run(FutureTask.java:264)
	at org.glassfish.hk2.utilities.cache.LRUHybridCache$OriginThreadAwareFuture.run(LRUHybridCache.java:173)
	at org.glassfish.hk2.utilities.cache.LRUHybridCache.compute(LRUHybridCache.java:292)
	at org.glassfish.hk2.utilities.reflection.internal.ClassReflectionHelperImpl.findPostConstruct(ClassReflectionHelperImpl.java:119)
	at org.jvnet.hk2.internal.Utilities.findPostConstruct(Utilities.java:1372)
	at org.jvnet.hk2.internal.DefaultClassAnalyzer.getPostConstructMethod(DefaultClassAnalyzer.java:130)
	at org.glassfish.jersey.internal.inject.JerseyClassAnalyzer.getPostConstructMethod(JerseyClassAnalyzer.java:252)
	at org.jvnet.hk2.internal.Utilities.getPostConstruct(Utilities.java:279)
	at org.jvnet.hk2.internal.ClazzCreator.initialize(ClazzCreator.java:169)
	at org.jvnet.hk2.internal.ClazzCreator.initialize(ClazzCreator.java:180)
	at org.jvnet.hk2.internal.SystemDescriptor.internalReify(SystemDescriptor.java:740)
	at org.jvnet.hk2.internal.SystemDescriptor.reify(SystemDescriptor.java:694)
	at org.jvnet.hk2.internal.ServiceLocatorImpl.reifyDescriptor(ServiceLocatorImpl.java:461)
	at org.jvnet.hk2.internal.ServiceLocatorImpl.narrow(ServiceLocatorImpl.java:2288)
	at org.jvnet.hk2.internal.ServiceLocatorImpl.access$1200(ServiceLocatorImpl.java:125)
	at org.jvnet.hk2.internal.ServiceLocatorImpl$9.compute(ServiceLocatorImpl.java:1373)
	at org.jvnet.hk2.internal.ServiceLocatorImpl$9.compute(ServiceLocatorImpl.java:1368)
	at org.glassfish.hk2.utilities.cache.internal.WeakCARCacheImpl.compute(WeakCARCacheImpl.java:116)
	at org.jvnet.hk2.internal.ServiceLocatorImpl.internalGetAllServiceHandles(ServiceLocatorImpl.java:1430)
	at org.jvnet.hk2.internal.ServiceLocatorImpl.getAllServiceHandles(ServiceLocatorImpl.java:1355)
	at org.jvnet.hk2.internal.ServiceLocatorImpl.getAllServiceHandles(ServiceLocatorImpl.java:1344)
	at org.glassfish.jersey.internal.inject.Providers.getServiceHandles(Providers.java:354)
	at org.glassfish.jersey.internal.inject.Providers.getCustomProviders(Providers.java:201)
	at org.glassfish.jersey.server.internal.inject.ParamConverterFactory.&lt;init&gt;(ParamConverterFactory.java:80)
	at java.base/jdk.internal.reflect.NativeConstructorAccessorImpl.newInstance0(Native Method)
	at java.base/jdk.internal.reflect.NativeConstructorAccessorImpl.newInstance(NativeConstructorAccessorImpl.java:62)
	at java.base/jdk.internal.reflect.DelegatingConstructorAccessorImpl.newInstance(DelegatingConstructorAccessorImpl.java:45)
	at java.base/java.lang.reflect.Constructor.newInstance(Constructor.java:488)
	at org.glassfish.hk2.utilities.reflection.ReflectionHelper.makeMe(ReflectionHelper.java:1375)
	at org.jvnet.hk2.internal.ClazzCreator.createMe(ClazzCreator.java:272)
	at org.jvnet.hk2.internal.ClazzCreator.create(ClazzCreator.java:366)
	at org.jvnet.hk2.internal.SystemDescriptor.create(SystemDescriptor.java:487)
	at org.jvnet.hk2.internal.SingletonContext$1.compute(SingletonContext.java:83)
	at org.jvnet.hk2.internal.SingletonContext$1.compute(SingletonContext.java:71)
	at org.glassfish.hk2.utilities.cache.Cache$OriginThreadAwareFuture$1.call(Cache.java:97)
	at java.base/java.util.concurrent.FutureTask.run(FutureTask.java:264)
	at org.glassfish.hk2.utilities.cache.Cache$OriginThreadAwareFuture.run(Cache.java:154)
	at org.glassfish.hk2.utilities.cache.Cache.compute(Cache.java:199)
	at org.jvnet.hk2.internal.SingletonContext.findOrCreate(SingletonContext.java:122)
	at org.jvnet.hk2.internal.Utilities.createService(Utilities.java:2022)
	at org.jvnet.hk2.internal.ServiceHandleImpl.getService(ServiceHandleImpl.java:114)
	at org.jvnet.hk2.internal.ServiceLocatorImpl.getService(ServiceLocatorImpl.java:695)
	at org.jvnet.hk2.internal.ThreeThirtyResolver.resolve(ThreeThirtyResolver.java:78)
	at org.jvnet.hk2.internal.ClazzCreator.resolve(ClazzCreator.java:212)
	at org.jvnet.hk2.internal.ClazzCreator.resolveAllDependencies(ClazzCreator.java:229)
	at org.jvnet.hk2.internal.ClazzCreator.create(ClazzCreator.java:358)
	at org.jvnet.hk2.internal.SystemDescriptor.create(SystemDescriptor.java:487)
	at org.jvnet.hk2.internal.SingletonContext$1.compute(SingletonContext.java:83)
	at org.jvnet.hk2.internal.SingletonContext$1.compute(SingletonContext.java:71)
	at org.glassfish.hk2.utilities.cache.Cache$OriginThreadAwareFuture$1.call(Cache.java:97)
	at java.base/java.util.concurrent.FutureTask.run(FutureTask.java:264)
	at org.glassfish.hk2.utilities.cache.Cache$OriginThreadAwareFuture.run(Cache.java:154)
	at org.glassfish.hk2.utilities.cache.Cache.compute(Cache.java:199)
	at org.jvnet.hk2.internal.SingletonContext.findOrCreate(SingletonContext.java:122)
	at org.jvnet.hk2.internal.Utilities.createService(Utilities.java:2022)
	at org.jvnet.hk2.internal.ServiceHandleImpl.getService(ServiceHandleImpl.java:114)
	at org.jvnet.hk2.internal.ServiceLocatorImpl.getService(ServiceLocatorImpl.java:695)
	at org.jvnet.hk2.internal.ThreeThirtyResolver.resolve(ThreeThirtyResolver.java:78)
	at org.jvnet.hk2.internal.ClazzCreator.resolve(ClazzCreator.java:212)
	at org.jvnet.hk2.internal.ClazzCreator.resolveAllDependencies(ClazzCreator.java:229)
	at org.jvnet.hk2.internal.ClazzCreator.create(ClazzCreator.java:358)
	at org.jvnet.hk2.internal.SystemDescriptor.create(SystemDescriptor.java:487)
	at org.jvnet.hk2.internal.SingletonContext$1.compute(SingletonContext.java:83)
	at org.jvnet.hk2.internal.SingletonContext$1.compute(SingletonContext.java:71)
	at org.glassfish.hk2.utilities.cache.Cache$OriginThreadAwareFuture$1.call(Cache.java:97)
	at java.base/java.util.concurrent.FutureTask.run(FutureTask.java:264)
	at org.glassfish.hk2.utilities.cache.Cache$OriginThreadAwareFuture.run(Cache.java:154)
	at org.glassfish.hk2.utilities.cache.Cache.compute(Cache.java:199)
	at org.jvnet.hk2.internal.SingletonContext.findOrCreate(SingletonContext.java:122)
	at org.jvnet.hk2.internal.Utilities.createService(Utilities.java:2022)
	at org.jvnet.hk2.internal.ServiceHandleImpl.getService(ServiceHandleImpl.java:114)
	at org.jvnet.hk2.internal.ServiceHandleImpl.getService(ServiceHandleImpl.java:88)
	at org.glassfish.jersey.internal.inject.ProviderToService.apply(ProviderToService.java:58)
	at org.glassfish.jersey.internal.inject.ProviderToService.apply(ProviderToService.java:54)
	at jersey.repackaged.com.google.common.collect.Iterators$8.transform(Iterators.java:799)
	at jersey.repackaged.com.google.common.collect.TransformedIterator.next(TransformedIterator.java:48)
	at java.base/java.util.AbstractCollection.addAll(AbstractCollection.java:351)
	at java.base/java.util.LinkedHashSet.&lt;init&gt;(LinkedHashSet.java:169)
	at jersey.repackaged.com.google.common.collect.Sets.newLinkedHashSet(Sets.java:325)
	at org.glassfish.jersey.internal.inject.Providers.getClasses(Providers.java:392)
	at org.glassfish.jersey.internal.inject.Providers.getProviders(Providers.java:188)
	at org.glassfish.jersey.server.spi.internal.ParameterValueHelper.createValueProviders(ParameterValueHelper.java:130)
	at org.glassfish.jersey.server.model.Invocable.getValueProviders(Invocable.java:320)
	at org.glassfish.jersey.server.model.ResourceMethodValidator.checkValueProviders(ResourceMethodValidator.java:165)
	at org.glassfish.jersey.server.model.ResourceMethodValidator.checkMethod(ResourceMethodValidator.java:106)
	at org.glassfish.jersey.server.model.ResourceMethodValidator.visitJaxrsResourceMethod(ResourceMethodValidator.java:102)
	at org.glassfish.jersey.server.model.ResourceMethodValidator.visitResourceMethod(ResourceMethodValidator.java:92)
	at org.glassfish.jersey.server.model.ResourceMethod.accept(ResourceMethod.java:873)
	at org.glassfish.jersey.server.model.ComponentModelValidator.validateWithErrors(ComponentModelValidator.java:161)
	at org.glassfish.jersey.server.model.ComponentModelValidator.validateWithErrors(ComponentModelValidator.java:167)
	at org.glassfish.jersey.server.model.ComponentModelValidator.validateWithErrors(ComponentModelValidator.java:167)
	at org.glassfish.jersey.server.model.ComponentModelValidator.access$000(ComponentModelValidator.java:90)
	at org.glassfish.jersey.server.model.ComponentModelValidator$1.run(ComponentModelValidator.java:151)
	at org.glassfish.jersey.internal.Errors$1.call(Errors.java:271)
	at org.glassfish.jersey.internal.Errors$1.call(Errors.java:267)
	at org.glassfish.jersey.internal.Errors.process(Errors.java:315)
	at org.glassfish.jersey.internal.Errors.process(Errors.java:297)
	at org.glassfish.jersey.internal.Errors.process(Errors.java:267)
	at org.glassfish.jersey.server.model.ComponentModelValidator.validate(ComponentModelValidator.java:146)
	at org.glassfish.jersey.server.ApplicationHandler.initialize(ApplicationHandler.java:550)
	at org.glassfish.jersey.server.ApplicationHandler.access$500(ApplicationHandler.java:184)
	at org.glassfish.jersey.server.ApplicationHandler$3.call(ApplicationHandler.java:350)
	at org.glassfish.jersey.server.ApplicationHandler$3.call(ApplicationHandler.java:347)
	at org.glassfish.jersey.internal.Errors.process(Errors.java:315)
	at org.glassfish.jersey.internal.Errors.process(Errors.java:297)
	at org.glassfish.jersey.internal.Errors.processWithException(Errors.java:255)
	at org.glassfish.jersey.server.ApplicationHandler.&lt;init&gt;(ApplicationHandler.java:347)
	at org.glassfish.jersey.server.ApplicationHandler.&lt;init&gt;(ApplicationHandler.java:311)
	at org.glassfish.jersey.grizzly2.httpserver.GrizzlyHttpContainer.&lt;init&gt;(GrizzlyHttpContainer.java:337)
	at org.glassfish.jersey.grizzly2.httpserver.GrizzlyHttpServerFactory.createHttpServer(GrizzlyHttpServerFactory.java:119)
	at com.example.Main.startServer(Main.java:30)
	at com.example.MyResourceTest.setUp(MyResourceTest.java:22)
	at java.base/jdk.internal.reflect.NativeMethodAccessorImpl.invoke0(Native Method)
	at java.base/jdk.internal.reflect.NativeMethodAccessorImpl.invoke(NativeMethodAccessorImpl.java:62)
	at java.base/jdk.internal.reflect.DelegatingMethodAccessorImpl.invoke(DelegatingMethodAccessorImpl.java:43)
	at java.base/java.lang.reflect.Method.invoke(Method.java:564)
	at org.junit.runners.model.FrameworkMethod$1.runReflectiveCall(FrameworkMethod.java:44)
	at org.junit.internal.runners.model.ReflectiveCallable.run(ReflectiveCallable.java:15)
	at org.junit.runners.model.FrameworkMethod.invokeExplosively(FrameworkMethod.java:41)
	at org.junit.internal.runners.statements.RunBefores.evaluate(RunBefores.java:27)
	at org.junit.internal.runners.statements.RunAfters.evaluate(RunAfters.java:31)
	at org.junit.runners.ParentRunner.runLeaf(ParentRunner.java:263)
	at org.junit.runners.BlockJUnit4ClassRunner.runChild(BlockJUnit4ClassRunner.java:69)
	at org.junit.runners.BlockJUnit4ClassRunner.runChild(BlockJUnit4ClassRunner.java:48)
	at org.junit.runners.ParentRunner$3.run(ParentRunner.java:231)
	at org.junit.runners.ParentRunner$1.schedule(ParentRunner.java:60)
	at org.junit.runners.ParentRunner.runChildren(ParentRunner.java:229)
	at org.junit.runners.ParentRunner.access$000(ParentRunner.java:50)
	at org.junit.runners.ParentRunner$2.evaluate(ParentRunner.java:222)
	at org.junit.runners.ParentRunner.run(ParentRunner.java:292)
	at org.apache.maven.surefire.junit4.JUnit4Provider.execute(JUnit4Provider.java:252)
	at org.apache.maven.surefire.junit4.JUnit4Provider.executeTestSet(JUnit4Provider.java:141)
	at org.apache.maven.surefire.junit4.JUnit4Provider.invoke(JUnit4Provider.java:112)
	at java.base/jdk.internal.reflect.NativeMethodAccessorImpl.invoke0(Native Method)
	at java.base/jdk.internal.reflect.NativeMethodAccessorImpl.invoke(NativeMethodAccessorImpl.java:62)
	at java.base/jdk.internal.reflect.DelegatingMethodAccessorImpl.invoke(DelegatingMethodAccessorImpl.java:43)
	at java.base/java.lang.reflect.Method.invoke(Method.java:564)
	at org.apache.maven.surefire.util.ReflectionUtils.invokeMethodWithArray(ReflectionUtils.java:189)
	at org.apache.maven.surefire.booter.ProviderFactory$ProviderProxy.invoke(ProviderFactory.java:165)
	at org.apache.maven.surefire.booter.ProviderFactory.invokeProvider(ProviderFactory.java:85)
	at org.apache.maven.surefire.booter.ForkedBooter.runSuitesInProcess(ForkedBooter.java:115)
	at org.apache.maven.surefire.booter.ForkedBooter.main(ForkedBooter.java:75)
Caused by: java.util.concurrent.ExecutionException: java.lang.NoClassDefFoundError: javax/xml/bind/Unmarshaller
	at java.base/java.util.concurrent.FutureTask.report(FutureTask.java:122)
	at java.base/java.util.concurrent.FutureTask.get(FutureTask.java:191)
	at org.glassfish.hk2.utilities.cache.LRUHybridCache$OriginThreadAwareFuture.get(LRUHybridCache.java:164)
	at org.glassfish.hk2.utilities.cache.LRUHybridCache.compute(LRUHybridCache.java:303)
	... 149 more
Caused by: java.lang.NoClassDefFoundError: javax/xml/bind/Unmarshaller
	at java.base/java.lang.Class.getDeclaredMethods0(Native Method)
	at java.base/java.lang.Class.privateGetDeclaredMethods(Class.java:3119)
	at java.base/java.lang.Class.getDeclaredMethods(Class.java:2268)
	at org.glassfish.hk2.utilities.reflection.internal.ClassReflectionHelperUtilities$3.run(ClassReflectionHelperUtilities.java:108)
	at org.glassfish.hk2.utilities.reflection.internal.ClassReflectionHelperUtilities$3.run(ClassReflectionHelperUtilities.java:104)
	at java.base/java.security.AccessController.doPrivileged(Native Method)
	at org.glassfish.hk2.utilities.reflection.internal.ClassReflectionHelperUtilities.secureGetDeclaredMethods(ClassReflectionHelperUtilities.java:104)
	at org.glassfish.hk2.utilities.reflection.internal.ClassReflectionHelperUtilities.getDeclaredMethodWrappers(ClassReflectionHelperUtilities.java:133)
	at org.glassfish.hk2.utilities.reflection.internal.ClassReflectionHelperUtilities.getAllMethodWrappers(ClassReflectionHelperUtilities.java:192)
	at org.glassfish.hk2.utilities.reflection.internal.ClassReflectionHelperUtilities.getAllMethodWrappers(ClassReflectionHelperUtilities.java:193)
	at org.glassfish.hk2.utilities.reflection.internal.ClassReflectionHelperImpl$3.compute(ClassReflectionHelperImpl.java:84)
	at org.glassfish.hk2.utilities.reflection.internal.ClassReflectionHelperImpl$3.compute(ClassReflectionHelperImpl.java:80)
	at org.glassfish.hk2.utilities.cache.LRUHybridCache$OriginThreadAwareFuture$1.call(LRUHybridCache.java:115)
	at org.glassfish.hk2.utilities.cache.LRUHybridCache$OriginThreadAwareFuture$1.call(LRUHybridCache.java:111)
	at java.base/java.util.concurrent.FutureTask.run(FutureTask.java:264)
	at org.glassfish.hk2.utilities.cache.LRUHybridCache$OriginThreadAwareFuture.run(LRUHybridCache.java:173)
	at org.glassfish.hk2.utilities.cache.LRUHybridCache.compute(LRUHybridCache.java:292)
	... 149 more
Caused by: java.lang.ClassNotFoundException: javax.xml.bind.Unmarshaller
	at java.base/jdk.internal.loader.BuiltinClassLoader.loadClass(BuiltinClassLoader.java:582)
	at java.base/jdk.internal.loader.ClassLoaders$AppClassLoader.loadClass(ClassLoaders.java:190)
	at java.base/java.lang.ClassLoader.loadClass(ClassLoader.java:499)
	... 166 more
MultiException stack 3 of 4
java.lang.RuntimeException: java.util.concurrent.ExecutionException: java.lang.NoClassDefFoundError: javax/xml/bind/Unmarshaller
	at org.glassfish.hk2.utilities.cache.LRUHybridCache.compute(LRUHybridCache.java:315)
	at org.glassfish.hk2.utilities.reflection.internal.ClassReflectionHelperImpl.getAllMethods(ClassReflectionHelperImpl.java:108)
	at org.glassfish.hk2.utilities.reflection.internal.ClassReflectionHelperImpl.getPreDestroyMethod(ClassReflectionHelperImpl.java:209)
	at org.glassfish.hk2.utilities.reflection.internal.ClassReflectionHelperImpl.access$400(ClassReflectionHelperImpl.java:56)
	at org.glassfish.hk2.utilities.reflection.internal.ClassReflectionHelperImpl$2.compute(ClassReflectionHelperImpl.java:74)
	at org.glassfish.hk2.utilities.reflection.internal.ClassReflectionHelperImpl$2.compute(ClassReflectionHelperImpl.java:70)
	at org.glassfish.hk2.utilities.cache.LRUHybridCache$OriginThreadAwareFuture$1.call(LRUHybridCache.java:115)
	at org.glassfish.hk2.utilities.cache.LRUHybridCache$OriginThreadAwareFuture$1.call(LRUHybridCache.java:111)
	at java.base/java.util.concurrent.FutureTask.run(FutureTask.java:264)
	at org.glassfish.hk2.utilities.cache.LRUHybridCache$OriginThreadAwareFuture.run(LRUHybridCache.java:173)
	at org.glassfish.hk2.utilities.cache.LRUHybridCache.compute(LRUHybridCache.java:292)
	at org.glassfish.hk2.utilities.reflection.internal.ClassReflectionHelperImpl.findPreDestroy(ClassReflectionHelperImpl.java:125)
	at org.jvnet.hk2.internal.Utilities.findPreDestroy(Utilities.java:1388)
	at org.jvnet.hk2.internal.DefaultClassAnalyzer.getPreDestroyMethod(DefaultClassAnalyzer.java:141)
	at org.glassfish.jersey.internal.inject.JerseyClassAnalyzer.getPreDestroyMethod(JerseyClassAnalyzer.java:257)
	at org.jvnet.hk2.internal.Utilities.getPreDestroy(Utilities.java:301)
	at org.jvnet.hk2.internal.ClazzCreator.initialize(ClazzCreator.java:170)
	at org.jvnet.hk2.internal.ClazzCreator.initialize(ClazzCreator.java:180)
	at org.jvnet.hk2.internal.SystemDescriptor.internalReify(SystemDescriptor.java:740)
	at org.jvnet.hk2.internal.SystemDescriptor.reify(SystemDescriptor.java:694)
	at org.jvnet.hk2.internal.ServiceLocatorImpl.reifyDescriptor(ServiceLocatorImpl.java:461)
	at org.jvnet.hk2.internal.ServiceLocatorImpl.narrow(ServiceLocatorImpl.java:2288)
	at org.jvnet.hk2.internal.ServiceLocatorImpl.access$1200(ServiceLocatorImpl.java:125)
	at org.jvnet.hk2.internal.ServiceLocatorImpl$9.compute(ServiceLocatorImpl.java:1373)
	at org.jvnet.hk2.internal.ServiceLocatorImpl$9.compute(ServiceLocatorImpl.java:1368)
	at org.glassfish.hk2.utilities.cache.internal.WeakCARCacheImpl.compute(WeakCARCacheImpl.java:116)
	at org.jvnet.hk2.internal.ServiceLocatorImpl.internalGetAllServiceHandles(ServiceLocatorImpl.java:1430)
	at org.jvnet.hk2.internal.ServiceLocatorImpl.getAllServiceHandles(ServiceLocatorImpl.java:1355)
	at org.jvnet.hk2.internal.ServiceLocatorImpl.getAllServiceHandles(ServiceLocatorImpl.java:1344)
	at org.glassfish.jersey.internal.inject.Providers.getServiceHandles(Providers.java:354)
	at org.glassfish.jersey.internal.inject.Providers.getCustomProviders(Providers.java:201)
	at org.glassfish.jersey.server.internal.inject.ParamConverterFactory.&lt;init&gt;(ParamConverterFactory.java:80)
	at java.base/jdk.internal.reflect.NativeConstructorAccessorImpl.newInstance0(Native Method)
	at java.base/jdk.internal.reflect.NativeConstructorAccessorImpl.newInstance(NativeConstructorAccessorImpl.java:62)
	at java.base/jdk.internal.reflect.DelegatingConstructorAccessorImpl.newInstance(DelegatingConstructorAccessorImpl.java:45)
	at java.base/java.lang.reflect.Constructor.newInstance(Constructor.java:488)
	at org.glassfish.hk2.utilities.reflection.ReflectionHelper.makeMe(ReflectionHelper.java:1375)
	at org.jvnet.hk2.internal.ClazzCreator.createMe(ClazzCreator.java:272)
	at org.jvnet.hk2.internal.ClazzCreator.create(ClazzCreator.java:366)
	at org.jvnet.hk2.internal.SystemDescriptor.create(SystemDescriptor.java:487)
	at org.jvnet.hk2.internal.SingletonContext$1.compute(SingletonContext.java:83)
	at org.jvnet.hk2.internal.SingletonContext$1.compute(SingletonContext.java:71)
	at org.glassfish.hk2.utilities.cache.Cache$OriginThreadAwareFuture$1.call(Cache.java:97)
	at java.base/java.util.concurrent.FutureTask.run(FutureTask.java:264)
	at org.glassfish.hk2.utilities.cache.Cache$OriginThreadAwareFuture.run(Cache.java:154)
	at org.glassfish.hk2.utilities.cache.Cache.compute(Cache.java:199)
	at org.jvnet.hk2.internal.SingletonContext.findOrCreate(SingletonContext.java:122)
	at org.jvnet.hk2.internal.Utilities.createService(Utilities.java:2022)
	at org.jvnet.hk2.internal.ServiceHandleImpl.getService(ServiceHandleImpl.java:114)
	at org.jvnet.hk2.internal.ServiceLocatorImpl.getService(ServiceLocatorImpl.java:695)
	at org.jvnet.hk2.internal.ThreeThirtyResolver.resolve(ThreeThirtyResolver.java:78)
	at org.jvnet.hk2.internal.ClazzCreator.resolve(ClazzCreator.java:212)
	at org.jvnet.hk2.internal.ClazzCreator.resolveAllDependencies(ClazzCreator.java:229)
	at org.jvnet.hk2.internal.ClazzCreator.create(ClazzCreator.java:358)
	at org.jvnet.hk2.internal.SystemDescriptor.create(SystemDescriptor.java:487)
	at org.jvnet.hk2.internal.SingletonContext$1.compute(SingletonContext.java:83)
	at org.jvnet.hk2.internal.SingletonContext$1.compute(SingletonContext.java:71)
	at org.glassfish.hk2.utilities.cache.Cache$OriginThreadAwareFuture$1.call(Cache.java:97)
	at java.base/java.util.concurrent.FutureTask.run(FutureTask.java:264)
	at org.glassfish.hk2.utilities.cache.Cache$OriginThreadAwareFuture.run(Cache.java:154)
	at org.glassfish.hk2.utilities.cache.Cache.compute(Cache.java:199)
	at org.jvnet.hk2.internal.SingletonContext.findOrCreate(SingletonContext.java:122)
	at org.jvnet.hk2.internal.Utilities.createService(Utilities.java:2022)
	at org.jvnet.hk2.internal.ServiceHandleImpl.getService(ServiceHandleImpl.java:114)
	at org.jvnet.hk2.internal.ServiceLocatorImpl.getService(ServiceLocatorImpl.java:695)
	at org.jvnet.hk2.internal.ThreeThirtyResolver.resolve(ThreeThirtyResolver.java:78)
	at org.jvnet.hk2.internal.ClazzCreator.resolve(ClazzCreator.java:212)
	at org.jvnet.hk2.internal.ClazzCreator.resolveAllDependencies(ClazzCreator.java:229)
	at org.jvnet.hk2.internal.ClazzCreator.create(ClazzCreator.java:358)
	at org.jvnet.hk2.internal.SystemDescriptor.create(SystemDescriptor.java:487)
	at org.jvnet.hk2.internal.SingletonContext$1.compute(SingletonContext.java:83)
	at org.jvnet.hk2.internal.SingletonContext$1.compute(SingletonContext.java:71)
	at org.glassfish.hk2.utilities.cache.Cache$OriginThreadAwareFuture$1.call(Cache.java:97)
	at java.base/java.util.concurrent.FutureTask.run(FutureTask.java:264)
	at org.glassfish.hk2.utilities.cache.Cache$OriginThreadAwareFuture.run(Cache.java:154)
	at org.glassfish.hk2.utilities.cache.Cache.compute(Cache.java:199)
	at org.jvnet.hk2.internal.SingletonContext.findOrCreate(SingletonContext.java:122)
	at org.jvnet.hk2.internal.Utilities.createService(Utilities.java:2022)
	at org.jvnet.hk2.internal.ServiceHandleImpl.getService(ServiceHandleImpl.java:114)
	at org.jvnet.hk2.internal.ServiceHandleImpl.getService(ServiceHandleImpl.java:88)
	at org.glassfish.jersey.internal.inject.ProviderToService.apply(ProviderToService.java:58)
	at org.glassfish.jersey.internal.inject.ProviderToService.apply(ProviderToService.java:54)
	at jersey.repackaged.com.google.common.collect.Iterators$8.transform(Iterators.java:799)
	at jersey.repackaged.com.google.common.collect.TransformedIterator.next(TransformedIterator.java:48)
	at java.base/java.util.AbstractCollection.addAll(AbstractCollection.java:351)
	at java.base/java.util.LinkedHashSet.&lt;init&gt;(LinkedHashSet.java:169)
	at jersey.repackaged.com.google.common.collect.Sets.newLinkedHashSet(Sets.java:325)
	at org.glassfish.jersey.internal.inject.Providers.getClasses(Providers.java:392)
	at org.glassfish.jersey.internal.inject.Providers.getProviders(Providers.java:188)
	at org.glassfish.jersey.server.spi.internal.ParameterValueHelper.createValueProviders(ParameterValueHelper.java:130)
	at org.glassfish.jersey.server.model.Invocable.getValueProviders(Invocable.java:320)
	at org.glassfish.jersey.server.model.ResourceMethodValidator.checkValueProviders(ResourceMethodValidator.java:165)
	at org.glassfish.jersey.server.model.ResourceMethodValidator.checkMethod(ResourceMethodValidator.java:106)
	at org.glassfish.jersey.server.model.ResourceMethodValidator.visitJaxrsResourceMethod(ResourceMethodValidator.java:102)
	at org.glassfish.jersey.server.model.ResourceMethodValidator.visitResourceMethod(ResourceMethodValidator.java:92)
	at org.glassfish.jersey.server.model.ResourceMethod.accept(ResourceMethod.java:873)
	at org.glassfish.jersey.server.model.ComponentModelValidator.validateWithErrors(ComponentModelValidator.java:161)
	at org.glassfish.jersey.server.model.ComponentModelValidator.validateWithErrors(ComponentModelValidator.java:167)
	at org.glassfish.jersey.server.model.ComponentModelValidator.validateWithErrors(ComponentModelValidator.java:167)
	at org.glassfish.jersey.server.model.ComponentModelValidator.access$000(ComponentModelValidator.java:90)
	at org.glassfish.jersey.server.model.ComponentModelValidator$1.run(ComponentModelValidator.java:151)
	at org.glassfish.jersey.internal.Errors$1.call(Errors.java:271)
	at org.glassfish.jersey.internal.Errors$1.call(Errors.java:267)
	at org.glassfish.jersey.internal.Errors.process(Errors.java:315)
	at org.glassfish.jersey.internal.Errors.process(Errors.java:297)
	at org.glassfish.jersey.internal.Errors.process(Errors.java:267)
	at org.glassfish.jersey.server.model.ComponentModelValidator.validate(ComponentModelValidator.java:146)
	at org.glassfish.jersey.server.ApplicationHandler.initialize(ApplicationHandler.java:550)
	at org.glassfish.jersey.server.ApplicationHandler.access$500(ApplicationHandler.java:184)
	at org.glassfish.jersey.server.ApplicationHandler$3.call(ApplicationHandler.java:350)
	at org.glassfish.jersey.server.ApplicationHandler$3.call(ApplicationHandler.java:347)
	at org.glassfish.jersey.internal.Errors.process(Errors.java:315)
	at org.glassfish.jersey.internal.Errors.process(Errors.java:297)
	at org.glassfish.jersey.internal.Errors.processWithException(Errors.java:255)
	at org.glassfish.jersey.server.ApplicationHandler.&lt;init&gt;(ApplicationHandler.java:347)
	at org.glassfish.jersey.server.ApplicationHandler.&lt;init&gt;(ApplicationHandler.java:311)
	at org.glassfish.jersey.grizzly2.httpserver.GrizzlyHttpContainer.&lt;init&gt;(GrizzlyHttpContainer.java:337)
	at org.glassfish.jersey.grizzly2.httpserver.GrizzlyHttpServerFactory.createHttpServer(GrizzlyHttpServerFactory.java:119)
	at com.example.Main.startServer(Main.java:30)
	at com.example.MyResourceTest.setUp(MyResourceTest.java:22)
	at java.base/jdk.internal.reflect.NativeMethodAccessorImpl.invoke0(Native Method)
	at java.base/jdk.internal.reflect.NativeMethodAccessorImpl.invoke(NativeMethodAccessorImpl.java:62)
	at java.base/jdk.internal.reflect.DelegatingMethodAccessorImpl.invoke(DelegatingMethodAccessorImpl.java:43)
	at java.base/java.lang.reflect.Method.invoke(Method.java:564)
	at org.junit.runners.model.FrameworkMethod$1.runReflectiveCall(FrameworkMethod.java:44)
	at org.junit.internal.runners.model.ReflectiveCallable.run(ReflectiveCallable.java:15)
	at org.junit.runners.model.FrameworkMethod.invokeExplosively(FrameworkMethod.java:41)
	at org.junit.internal.runners.statements.RunBefores.evaluate(RunBefores.java:27)
	at org.junit.internal.runners.statements.RunAfters.evaluate(RunAfters.java:31)
	at org.junit.runners.ParentRunner.runLeaf(ParentRunner.java:263)
	at org.junit.runners.BlockJUnit4ClassRunner.runChild(BlockJUnit4ClassRunner.java:69)
	at org.junit.runners.BlockJUnit4ClassRunner.runChild(BlockJUnit4ClassRunner.java:48)
	at org.junit.runners.ParentRunner$3.run(ParentRunner.java:231)
	at org.junit.runners.ParentRunner$1.schedule(ParentRunner.java:60)
	at org.junit.runners.ParentRunner.runChildren(ParentRunner.java:229)
	at org.junit.runners.ParentRunner.access$000(ParentRunner.java:50)
	at org.junit.runners.ParentRunner$2.evaluate(ParentRunner.java:222)
	at org.junit.runners.ParentRunner.run(ParentRunner.java:292)
	at org.apache.maven.surefire.junit4.JUnit4Provider.execute(JUnit4Provider.java:252)
	at org.apache.maven.surefire.junit4.JUnit4Provider.executeTestSet(JUnit4Provider.java:141)
	at org.apache.maven.surefire.junit4.JUnit4Provider.invoke(JUnit4Provider.java:112)
	at java.base/jdk.internal.reflect.NativeMethodAccessorImpl.invoke0(Native Method)
	at java.base/jdk.internal.reflect.NativeMethodAccessorImpl.invoke(NativeMethodAccessorImpl.java:62)
	at java.base/jdk.internal.reflect.DelegatingMethodAccessorImpl.invoke(DelegatingMethodAccessorImpl.java:43)
	at java.base/java.lang.reflect.Method.invoke(Method.java:564)
	at org.apache.maven.surefire.util.ReflectionUtils.invokeMethodWithArray(ReflectionUtils.java:189)
	at org.apache.maven.surefire.booter.ProviderFactory$ProviderProxy.invoke(ProviderFactory.java:165)
	at org.apache.maven.surefire.booter.ProviderFactory.invokeProvider(ProviderFactory.java:85)
	at org.apache.maven.surefire.booter.ForkedBooter.runSuitesInProcess(ForkedBooter.java:115)
	at org.apache.maven.surefire.booter.ForkedBooter.main(ForkedBooter.java:75)
Caused by: java.util.concurrent.ExecutionException: java.lang.NoClassDefFoundError: javax/xml/bind/Unmarshaller
	at java.base/java.util.concurrent.FutureTask.report(FutureTask.java:122)
	at java.base/java.util.concurrent.FutureTask.get(FutureTask.java:191)
	at org.glassfish.hk2.utilities.cache.LRUHybridCache$OriginThreadAwareFuture.get(LRUHybridCache.java:164)
	at org.glassfish.hk2.utilities.cache.LRUHybridCache.compute(LRUHybridCache.java:303)
	... 149 more
Caused by: java.lang.NoClassDefFoundError: javax/xml/bind/Unmarshaller
	at java.base/java.lang.Class.getDeclaredMethods0(Native Method)
	at java.base/java.lang.Class.privateGetDeclaredMethods(Class.java:3119)
	at java.base/java.lang.Class.getDeclaredMethods(Class.java:2268)
	at org.glassfish.hk2.utilities.reflection.internal.ClassReflectionHelperUtilities$3.run(ClassReflectionHelperUtilities.java:108)
	at org.glassfish.hk2.utilities.reflection.internal.ClassReflectionHelperUtilities$3.run(ClassReflectionHelperUtilities.java:104)
	at java.base/java.security.AccessController.doPrivileged(Native Method)
	at org.glassfish.hk2.utilities.reflection.internal.ClassReflectionHelperUtilities.secureGetDeclaredMethods(ClassReflectionHelperUtilities.java:104)
	at org.glassfish.hk2.utilities.reflection.internal.ClassReflectionHelperUtilities.getDeclaredMethodWrappers(ClassReflectionHelperUtilities.java:133)
	at org.glassfish.hk2.utilities.reflection.internal.ClassReflectionHelperUtilities.getAllMethodWrappers(ClassReflectionHelperUtilities.java:192)
	at org.glassfish.hk2.utilities.reflection.internal.ClassReflectionHelperUtilities.getAllMethodWrappers(ClassReflectionHelperUtilities.java:193)
	at org.glassfish.hk2.utilities.reflection.internal.ClassReflectionHelperImpl$3.compute(ClassReflectionHelperImpl.java:84)
	at org.glassfish.hk2.utilities.reflection.internal.ClassReflectionHelperImpl$3.compute(ClassReflectionHelperImpl.java:80)
	at org.glassfish.hk2.utilities.cache.LRUHybridCache$OriginThreadAwareFuture$1.call(LRUHybridCache.java:115)
	at org.glassfish.hk2.utilities.cache.LRUHybridCache$OriginThreadAwareFuture$1.call(LRUHybridCache.java:111)
	at java.base/java.util.concurrent.FutureTask.run(FutureTask.java:264)
	at org.glassfish.hk2.utilities.cache.LRUHybridCache$OriginThreadAwareFuture.run(LRUHybridCache.java:173)
	at org.glassfish.hk2.utilities.cache.LRUHybridCache.compute(LRUHybridCache.java:292)
	... 149 more
Caused by: java.lang.ClassNotFoundException: javax.xml.bind.Unmarshaller
	at java.base/jdk.internal.loader.BuiltinClassLoader.loadClass(BuiltinClassLoader.java:582)
	at java.base/jdk.internal.loader.ClassLoaders$AppClassLoader.loadClass(ClassLoaders.java:190)
	at java.base/java.lang.ClassLoader.loadClass(ClassLoader.java:499)
	... 166 more
MultiException stack 4 of 4
java.lang.IllegalArgumentException: Errors were discovered while reifying SystemDescriptor(
	implementation=org.glassfish.jersey.jaxb.internal.JaxbStringReaderProvider$RootElementProvider
	contracts={javax.ws.rs.ext.ParamConverterProvider}
	scope=javax.inject.Singleton
	qualifiers={}
	descriptorType=CLASS
	descriptorVisibility=NORMAL
	metadata=
	rank=0
	loader=org.glassfish.hk2.utilities.binding.AbstractBinder$2@3016fd5e
	proxiable=null
	proxyForSameScope=null
	analysisName=null
	id=121
	locatorId=0
	identityHashCode=902860396
	reified=false)
	at org.jvnet.hk2.internal.SystemDescriptor.reify(SystemDescriptor.java:705)
	at org.jvnet.hk2.internal.ServiceLocatorImpl.reifyDescriptor(ServiceLocatorImpl.java:461)
	at org.jvnet.hk2.internal.ServiceLocatorImpl.narrow(ServiceLocatorImpl.java:2288)
	at org.jvnet.hk2.internal.ServiceLocatorImpl.access$1200(ServiceLocatorImpl.java:125)
	at org.jvnet.hk2.internal.ServiceLocatorImpl$9.compute(ServiceLocatorImpl.java:1373)
	at org.jvnet.hk2.internal.ServiceLocatorImpl$9.compute(ServiceLocatorImpl.java:1368)
	at org.glassfish.hk2.utilities.cache.internal.WeakCARCacheImpl.compute(WeakCARCacheImpl.java:116)
	at org.jvnet.hk2.internal.ServiceLocatorImpl.internalGetAllServiceHandles(ServiceLocatorImpl.java:1430)
	at org.jvnet.hk2.internal.ServiceLocatorImpl.getAllServiceHandles(ServiceLocatorImpl.java:1355)
	at org.jvnet.hk2.internal.ServiceLocatorImpl.getAllServiceHandles(ServiceLocatorImpl.java:1344)
	at org.glassfish.jersey.internal.inject.Providers.getServiceHandles(Providers.java:354)
	at org.glassfish.jersey.internal.inject.Providers.getCustomProviders(Providers.java:201)
	at org.glassfish.jersey.server.internal.inject.ParamConverterFactory.&lt;init&gt;(ParamConverterFactory.java:80)
	at java.base/jdk.internal.reflect.NativeConstructorAccessorImpl.newInstance0(Native Method)
	at java.base/jdk.internal.reflect.NativeConstructorAccessorImpl.newInstance(NativeConstructorAccessorImpl.java:62)
	at java.base/jdk.internal.reflect.DelegatingConstructorAccessorImpl.newInstance(DelegatingConstructorAccessorImpl.java:45)
	at java.base/java.lang.reflect.Constructor.newInstance(Constructor.java:488)
	at org.glassfish.hk2.utilities.reflection.ReflectionHelper.makeMe(ReflectionHelper.java:1375)
	at org.jvnet.hk2.internal.ClazzCreator.createMe(ClazzCreator.java:272)
	at org.jvnet.hk2.internal.ClazzCreator.create(ClazzCreator.java:366)
	at org.jvnet.hk2.internal.SystemDescriptor.create(SystemDescriptor.java:487)
	at org.jvnet.hk2.internal.SingletonContext$1.compute(SingletonContext.java:83)
	at org.jvnet.hk2.internal.SingletonContext$1.compute(SingletonContext.java:71)
	at org.glassfish.hk2.utilities.cache.Cache$OriginThreadAwareFuture$1.call(Cache.java:97)
	at java.base/java.util.concurrent.FutureTask.run(FutureTask.java:264)
	at org.glassfish.hk2.utilities.cache.Cache$OriginThreadAwareFuture.run(Cache.java:154)
	at org.glassfish.hk2.utilities.cache.Cache.compute(Cache.java:199)
	at org.jvnet.hk2.internal.SingletonContext.findOrCreate(SingletonContext.java:122)
	at org.jvnet.hk2.internal.Utilities.createService(Utilities.java:2022)
	at org.jvnet.hk2.internal.ServiceHandleImpl.getService(ServiceHandleImpl.java:114)
	at org.jvnet.hk2.internal.ServiceLocatorImpl.getService(ServiceLocatorImpl.java:695)
	at org.jvnet.hk2.internal.ThreeThirtyResolver.resolve(ThreeThirtyResolver.java:78)
	at org.jvnet.hk2.internal.ClazzCreator.resolve(ClazzCreator.java:212)
	at org.jvnet.hk2.internal.ClazzCreator.resolveAllDependencies(ClazzCreator.java:229)
	at org.jvnet.hk2.internal.ClazzCreator.create(ClazzCreator.java:358)
	at org.jvnet.hk2.internal.SystemDescriptor.create(SystemDescriptor.java:487)
	at org.jvnet.hk2.internal.SingletonContext$1.compute(SingletonContext.java:83)
	at org.jvnet.hk2.internal.SingletonContext$1.compute(SingletonContext.java:71)
	at org.glassfish.hk2.utilities.cache.Cache$OriginThreadAwareFuture$1.call(Cache.java:97)
	at java.base/java.util.concurrent.FutureTask.run(FutureTask.java:264)
	at org.glassfish.hk2.utilities.cache.Cache$OriginThreadAwareFuture.run(Cache.java:154)
	at org.glassfish.hk2.utilities.cache.Cache.compute(Cache.java:199)
	at org.jvnet.hk2.internal.SingletonContext.findOrCreate(SingletonContext.java:122)
	at org.jvnet.hk2.internal.Utilities.createService(Utilities.java:2022)
	at org.jvnet.hk2.internal.ServiceHandleImpl.getService(ServiceHandleImpl.java:114)
	at org.jvnet.hk2.internal.ServiceLocatorImpl.getService(ServiceLocatorImpl.java:695)
	at org.jvnet.hk2.internal.ThreeThirtyResolver.resolve(ThreeThirtyResolver.java:78)
	at org.jvnet.hk2.internal.ClazzCreator.resolve(ClazzCreator.java:212)
	at org.jvnet.hk2.internal.ClazzCreator.resolveAllDependencies(ClazzCreator.java:229)
	at org.jvnet.hk2.internal.ClazzCreator.create(ClazzCreator.java:358)
	at org.jvnet.hk2.internal.SystemDescriptor.create(SystemDescriptor.java:487)
	at org.jvnet.hk2.internal.SingletonContext$1.compute(SingletonContext.java:83)
	at org.jvnet.hk2.internal.SingletonContext$1.compute(SingletonContext.java:71)
	at org.glassfish.hk2.utilities.cache.Cache$OriginThreadAwareFuture$1.call(Cache.java:97)
	at java.base/java.util.concurrent.FutureTask.run(FutureTask.java:264)
	at org.glassfish.hk2.utilities.cache.Cache$OriginThreadAwareFuture.run(Cache.java:154)
	at org.glassfish.hk2.utilities.cache.Cache.compute(Cache.java:199)
	at org.jvnet.hk2.internal.SingletonContext.findOrCreate(SingletonContext.java:122)
	at org.jvnet.hk2.internal.Utilities.createService(Utilities.java:2022)
	at org.jvnet.hk2.internal.ServiceHandleImpl.getService(ServiceHandleImpl.java:114)
	at org.jvnet.hk2.internal.ServiceHandleImpl.getService(ServiceHandleImpl.java:88)
	at org.glassfish.jersey.internal.inject.ProviderToService.apply(ProviderToService.java:58)
	at org.glassfish.jersey.internal.inject.ProviderToService.apply(ProviderToService.java:54)
	at jersey.repackaged.com.google.common.collect.Iterators$8.transform(Iterators.java:799)
	at jersey.repackaged.com.google.common.collect.TransformedIterator.next(TransformedIterator.java:48)
	at java.base/java.util.AbstractCollection.addAll(AbstractCollection.java:351)
	at java.base/java.util.LinkedHashSet.&lt;init&gt;(LinkedHashSet.java:169)
	at jersey.repackaged.com.google.common.collect.Sets.newLinkedHashSet(Sets.java:325)
	at org.glassfish.jersey.internal.inject.Providers.getClasses(Providers.java:392)
	at org.glassfish.jersey.internal.inject.Providers.getProviders(Providers.java:188)
	at org.glassfish.jersey.server.spi.internal.ParameterValueHelper.createValueProviders(ParameterValueHelper.java:130)
	at org.glassfish.jersey.server.model.Invocable.getValueProviders(Invocable.java:320)
	at org.glassfish.jersey.server.model.ResourceMethodValidator.checkValueProviders(ResourceMethodValidator.java:165)
	at org.glassfish.jersey.server.model.ResourceMethodValidator.checkMethod(ResourceMethodValidator.java:106)
	at org.glassfish.jersey.server.model.ResourceMethodValidator.visitJaxrsResourceMethod(ResourceMethodValidator.java:102)
	at org.glassfish.jersey.server.model.ResourceMethodValidator.visitResourceMethod(ResourceMethodValidator.java:92)
	at org.glassfish.jersey.server.model.ResourceMethod.accept(ResourceMethod.java:873)
	at org.glassfish.jersey.server.model.ComponentModelValidator.validateWithErrors(ComponentModelValidator.java:161)
	at org.glassfish.jersey.server.model.ComponentModelValidator.validateWithErrors(ComponentModelValidator.java:167)
	at org.glassfish.jersey.server.model.ComponentModelValidator.validateWithErrors(ComponentModelValidator.java:167)
	at org.glassfish.jersey.server.model.ComponentModelValidator.access$000(ComponentModelValidator.java:90)
	at org.glassfish.jersey.server.model.ComponentModelValidator$1.run(ComponentModelValidator.java:151)
	at org.glassfish.jersey.internal.Errors$1.call(Errors.java:271)
	at org.glassfish.jersey.internal.Errors$1.call(Errors.java:267)
	at org.glassfish.jersey.internal.Errors.process(Errors.java:315)
	at org.glassfish.jersey.internal.Errors.process(Errors.java:297)
	at org.glassfish.jersey.internal.Errors.process(Errors.java:267)
	at org.glassfish.jersey.server.model.ComponentModelValidator.validate(ComponentModelValidator.java:146)
	at org.glassfish.jersey.server.ApplicationHandler.initialize(ApplicationHandler.java:550)
	at org.glassfish.jersey.server.ApplicationHandler.access$500(ApplicationHandler.java:184)
	at org.glassfish.jersey.server.ApplicationHandler$3.call(ApplicationHandler.java:350)
	at org.glassfish.jersey.server.ApplicationHandler$3.call(ApplicationHandler.java:347)
	at org.glassfish.jersey.internal.Errors.process(Errors.java:315)
	at org.glassfish.jersey.internal.Errors.process(Errors.java:297)
	at org.glassfish.jersey.internal.Errors.processWithException(Errors.java:255)
	at org.glassfish.jersey.server.ApplicationHandler.&lt;init&gt;(ApplicationHandler.java:347)
	at org.glassfish.jersey.server.ApplicationHandler.&lt;init&gt;(ApplicationHandler.java:311)
	at org.glassfish.jersey.grizzly2.httpserver.GrizzlyHttpContainer.&lt;init&gt;(GrizzlyHttpContainer.java:337)
	at org.glassfish.jersey.grizzly2.httpserver.GrizzlyHttpServerFactory.createHttpServer(GrizzlyHttpServerFactory.java:119)
	at com.example.Main.startServer(Main.java:30)
	at com.example.MyResourceTest.setUp(MyResourceTest.java:22)
	at java.base/jdk.internal.reflect.NativeMethodAccessorImpl.invoke0(Native Method)
	at java.base/jdk.internal.reflect.NativeMethodAccessorImpl.invoke(NativeMethodAccessorImpl.java:62)
	at java.base/jdk.internal.reflect.DelegatingMethodAccessorImpl.invoke(DelegatingMethodAccessorImpl.java:43)
	at java.base/java.lang.reflect.Method.invoke(Method.java:564)
	at org.junit.runners.model.FrameworkMethod$1.runReflectiveCall(FrameworkMethod.java:44)
	at org.junit.internal.runners.model.ReflectiveCallable.run(ReflectiveCallable.java:15)
	at org.junit.runners.model.FrameworkMethod.invokeExplosively(FrameworkMethod.java:41)
	at org.junit.internal.runners.statements.RunBefores.evaluate(RunBefores.java:27)
	at org.junit.internal.runners.statements.RunAfters.evaluate(RunAfters.java:31)
	at org.junit.runners.ParentRunner.runLeaf(ParentRunner.java:263)
	at org.junit.runners.BlockJUnit4ClassRunner.runChild(BlockJUnit4ClassRunner.java:69)
	at org.junit.runners.BlockJUnit4ClassRunner.runChild(BlockJUnit4ClassRunner.java:48)
	at org.junit.runners.ParentRunner$3.run(ParentRunner.java:231)
	at org.junit.runners.ParentRunner$1.schedule(ParentRunner.java:60)
	at org.junit.runners.ParentRunner.runChildren(ParentRunner.java:229)
	at org.junit.runners.ParentRunner.access$000(ParentRunner.java:50)
	at org.junit.runners.ParentRunner$2.evaluate(ParentRunner.java:222)
	at org.junit.runners.ParentRunner.run(ParentRunner.java:292)
	at org.apache.maven.surefire.junit4.JUnit4Provider.execute(JUnit4Provider.java:252)
	at org.apache.maven.surefire.junit4.JUnit4Provider.executeTestSet(JUnit4Provider.java:141)
	at org.apache.maven.surefire.junit4.JUnit4Provider.invoke(JUnit4Provider.java:112)
	at java.base/jdk.internal.reflect.NativeMethodAccessorImpl.invoke0(Native Method)
	at java.base/jdk.internal.reflect.NativeMethodAccessorImpl.invoke(NativeMethodAccessorImpl.java:62)
	at java.base/jdk.internal.reflect.DelegatingMethodAccessorImpl.invoke(DelegatingMethodAccessorImpl.java:43)
	at java.base/java.lang.reflect.Method.invoke(Method.java:564)
	at org.apache.maven.surefire.util.ReflectionUtils.invokeMethodWithArray(ReflectionUtils.java:189)
	at org.apache.maven.surefire.booter.ProviderFactory$ProviderProxy.invoke(ProviderFactory.java:165)
	at org.apache.maven.surefire.booter.ProviderFactory.invokeProvider(ProviderFactory.java:85)
	at org.apache.maven.surefire.booter.ForkedBooter.runSuitesInProcess(ForkedBooter.java:115)
	at org.apache.maven.surefire.booter.ForkedBooter.main(ForkedBooter.java:75)

WARNING: HK2 service reification failed for [org.glassfish.jersey.jaxb.internal.JaxbStringReaderProvider$RootElementProvider] with an exception:
MultiException stack 1 of 4
java.lang.RuntimeException: java.util.concurrent.ExecutionException: java.lang.NoClassDefFoundError: javax/xml/bind/Unmarshaller
	at org.glassfish.hk2.utilities.cache.LRUHybridCache.compute(LRUHybridCache.java:315)
	at org.glassfish.hk2.utilities.reflection.internal.ClassReflectionHelperImpl.getAllMethods(ClassReflectionHelperImpl.java:108)
	at org.jvnet.hk2.internal.Utilities.findInitializerMethods(Utilities.java:1341)
	at org.jvnet.hk2.internal.DefaultClassAnalyzer.getInitializerMethods(DefaultClassAnalyzer.java:107)
	at org.glassfish.jersey.internal.inject.JerseyClassAnalyzer.getInitializerMethods(JerseyClassAnalyzer.java:242)
	at org.jvnet.hk2.internal.Utilities.getInitMethods(Utilities.java:218)
	at org.jvnet.hk2.internal.ClazzCreator.initialize(ClazzCreator.java:145)
	at org.jvnet.hk2.internal.ClazzCreator.initialize(ClazzCreator.java:180)
	at org.jvnet.hk2.internal.SystemDescriptor.internalReify(SystemDescriptor.java:740)
	at org.jvnet.hk2.internal.SystemDescriptor.reify(SystemDescriptor.java:694)
	at org.jvnet.hk2.internal.ServiceLocatorImpl.reifyDescriptor(ServiceLocatorImpl.java:461)
	at org.jvnet.hk2.internal.ServiceLocatorImpl.narrow(ServiceLocatorImpl.java:2288)
	at org.jvnet.hk2.internal.ServiceLocatorImpl.access$1200(ServiceLocatorImpl.java:125)
	at org.jvnet.hk2.internal.ServiceLocatorImpl$9.compute(ServiceLocatorImpl.java:1373)
	at org.jvnet.hk2.internal.ServiceLocatorImpl$9.compute(ServiceLocatorImpl.java:1368)
	at org.glassfish.hk2.utilities.cache.internal.WeakCARCacheImpl.compute(WeakCARCacheImpl.java:116)
	at org.jvnet.hk2.internal.ServiceLocatorImpl.internalGetAllServiceHandles(ServiceLocatorImpl.java:1430)
	at org.jvnet.hk2.internal.ServiceLocatorImpl.getAllServiceHandles(ServiceLocatorImpl.java:1355)
	at org.jvnet.hk2.internal.ServiceLocatorImpl.getAllServiceHandles(ServiceLocatorImpl.java:1344)
	at org.glassfish.jersey.internal.inject.Providers.getServiceHandles(Providers.java:354)
	at org.glassfish.jersey.internal.inject.Providers.getCustomProviders(Providers.java:201)
	at org.glassfish.jersey.server.internal.inject.ParamConverterFactory.&lt;init&gt;(ParamConverterFactory.java:80)
	at java.base/jdk.internal.reflect.NativeConstructorAccessorImpl.newInstance0(Native Method)
	at java.base/jdk.internal.reflect.NativeConstructorAccessorImpl.newInstance(NativeConstructorAccessorImpl.java:62)
	at java.base/jdk.internal.reflect.DelegatingConstructorAccessorImpl.newInstance(DelegatingConstructorAccessorImpl.java:45)
	at java.base/java.lang.reflect.Constructor.newInstance(Constructor.java:488)
	at org.glassfish.hk2.utilities.reflection.ReflectionHelper.makeMe(ReflectionHelper.java:1375)
	at org.jvnet.hk2.internal.ClazzCreator.createMe(ClazzCreator.java:272)
	at org.jvnet.hk2.internal.ClazzCreator.create(ClazzCreator.java:366)
	at org.jvnet.hk2.internal.SystemDescriptor.create(SystemDescriptor.java:487)
	at org.jvnet.hk2.internal.SingletonContext$1.compute(SingletonContext.java:83)
	at org.jvnet.hk2.internal.SingletonContext$1.compute(SingletonContext.java:71)
	at org.glassfish.hk2.utilities.cache.Cache$OriginThreadAwareFuture$1.call(Cache.java:97)
	at java.base/java.util.concurrent.FutureTask.run(FutureTask.java:264)
	at org.glassfish.hk2.utilities.cache.Cache$OriginThreadAwareFuture.run(Cache.java:154)
	at org.glassfish.hk2.utilities.cache.Cache.compute(Cache.java:199)
	at org.jvnet.hk2.internal.SingletonContext.findOrCreate(SingletonContext.java:122)
	at org.jvnet.hk2.internal.Utilities.createService(Utilities.java:2022)
	at org.jvnet.hk2.internal.ServiceHandleImpl.getService(ServiceHandleImpl.java:114)
	at org.jvnet.hk2.internal.ServiceLocatorImpl.getService(ServiceLocatorImpl.java:695)
	at org.jvnet.hk2.internal.ThreeThirtyResolver.resolve(ThreeThirtyResolver.java:78)
	at org.jvnet.hk2.internal.ClazzCreator.resolve(ClazzCreator.java:212)
	at org.jvnet.hk2.internal.ClazzCreator.resolveAllDependencies(ClazzCreator.java:229)
	at org.jvnet.hk2.internal.ClazzCreator.create(ClazzCreator.java:358)
	at org.jvnet.hk2.internal.SystemDescriptor.create(SystemDescriptor.java:487)
	at org.jvnet.hk2.internal.SingletonContext$1.compute(SingletonContext.java:83)
	at org.jvnet.hk2.internal.SingletonContext$1.compute(SingletonContext.java:71)
	at org.glassfish.hk2.utilities.cache.Cache$OriginThreadAwareFuture$1.call(Cache.java:97)
	at java.base/java.util.concurrent.FutureTask.run(FutureTask.java:264)
	at org.glassfish.hk2.utilities.cache.Cache$OriginThreadAwareFuture.run(Cache.java:154)
	at org.glassfish.hk2.utilities.cache.Cache.compute(Cache.java:199)
	at org.jvnet.hk2.internal.SingletonContext.findOrCreate(SingletonContext.java:122)
	at org.jvnet.hk2.internal.Utilities.createService(Utilities.java:2022)
	at org.jvnet.hk2.internal.ServiceHandleImpl.getService(ServiceHandleImpl.java:114)
	at org.jvnet.hk2.internal.ServiceLocatorImpl.getService(ServiceLocatorImpl.java:695)
	at org.jvnet.hk2.internal.ThreeThirtyResolver.resolve(ThreeThirtyResolver.java:78)
	at org.jvnet.hk2.internal.ClazzCreator.resolve(ClazzCreator.java:212)
	at org.jvnet.hk2.internal.ClazzCreator.resolveAllDependencies(ClazzCreator.java:229)
	at org.jvnet.hk2.internal.ClazzCreator.create(ClazzCreator.java:358)
	at org.jvnet.hk2.internal.SystemDescriptor.create(SystemDescriptor.java:487)
	at org.jvnet.hk2.internal.SingletonContext$1.compute(SingletonContext.java:83)
	at org.jvnet.hk2.internal.SingletonContext$1.compute(SingletonContext.java:71)
	at org.glassfish.hk2.utilities.cache.Cache$OriginThreadAwareFuture$1.call(Cache.java:97)
	at java.base/java.util.concurrent.FutureTask.run(FutureTask.java:264)
	at org.glassfish.hk2.utilities.cache.Cache$OriginThreadAwareFuture.run(Cache.java:154)
	at org.glassfish.hk2.utilities.cache.Cache.compute(Cache.java:199)
	at org.jvnet.hk2.internal.SingletonContext.findOrCreate(SingletonContext.java:122)
	at org.jvnet.hk2.internal.Utilities.createService(Utilities.java:2022)
	at org.jvnet.hk2.internal.ServiceHandleImpl.getService(ServiceHandleImpl.java:114)
	at org.jvnet.hk2.internal.ServiceHandleImpl.getService(ServiceHandleImpl.java:88)
	at org.glassfish.jersey.internal.inject.ProviderToService.apply(ProviderToService.java:58)
	at org.glassfish.jersey.internal.inject.ProviderToService.apply(ProviderToService.java:54)
	at jersey.repackaged.com.google.common.collect.Iterators$8.transform(Iterators.java:799)
	at jersey.repackaged.com.google.common.collect.TransformedIterator.next(TransformedIterator.java:48)
	at java.base/java.util.AbstractCollection.addAll(AbstractCollection.java:351)
	at java.base/java.util.LinkedHashSet.&lt;init&gt;(LinkedHashSet.java:169)
	at jersey.repackaged.com.google.common.collect.Sets.newLinkedHashSet(Sets.java:325)
	at org.glassfish.jersey.internal.inject.Providers.getClasses(Providers.java:392)
	at org.glassfish.jersey.internal.inject.Providers.getProviders(Providers.java:188)
	at org.glassfish.jersey.server.spi.internal.ParameterValueHelper.createValueProviders(ParameterValueHelper.java:130)
	at org.glassfish.jersey.server.model.Invocable.getValueProviders(Invocable.java:320)
	at org.glassfish.jersey.server.model.ResourceMethodValidator.checkValueProviders(ResourceMethodValidator.java:165)
	at org.glassfish.jersey.server.model.ResourceMethodValidator.checkMethod(ResourceMethodValidator.java:106)
	at org.glassfish.jersey.server.model.ResourceMethodValidator.visitJaxrsResourceMethod(ResourceMethodValidator.java:102)
	at org.glassfish.jersey.server.model.ResourceMethodValidator.visitResourceMethod(ResourceMethodValidator.java:92)
	at org.glassfish.jersey.server.model.ResourceMethod.accept(ResourceMethod.java:873)
	at org.glassfish.jersey.server.model.ComponentModelValidator.validateWithErrors(ComponentModelValidator.java:161)
	at org.glassfish.jersey.server.model.ComponentModelValidator.validateWithErrors(ComponentModelValidator.java:167)
	at org.glassfish.jersey.server.model.ComponentModelValidator.validateWithErrors(ComponentModelValidator.java:167)
	at org.glassfish.jersey.server.model.ComponentModelValidator.access$000(ComponentModelValidator.java:90)
	at org.glassfish.jersey.server.model.ComponentModelValidator$1.run(ComponentModelValidator.java:151)
	at org.glassfish.jersey.internal.Errors$1.call(Errors.java:271)
	at org.glassfish.jersey.internal.Errors$1.call(Errors.java:267)
	at org.glassfish.jersey.internal.Errors.process(Errors.java:315)
	at org.glassfish.jersey.internal.Errors.process(Errors.java:297)
	at org.glassfish.jersey.internal.Errors.process(Errors.java:267)
	at org.glassfish.jersey.server.model.ComponentModelValidator.validate(ComponentModelValidator.java:146)
	at org.glassfish.jersey.server.ApplicationHandler.initialize(ApplicationHandler.java:550)
	at org.glassfish.jersey.server.ApplicationHandler.access$500(ApplicationHandler.java:184)
	at org.glassfish.jersey.server.ApplicationHandler$3.call(ApplicationHandler.java:350)
	at org.glassfish.jersey.server.ApplicationHandler$3.call(ApplicationHandler.java:347)
	at org.glassfish.jersey.internal.Errors.process(Errors.java:315)
	at org.glassfish.jersey.internal.Errors.process(Errors.java:297)
	at org.glassfish.jersey.internal.Errors.processWithException(Errors.java:255)
	at org.glassfish.jersey.server.ApplicationHandler.&lt;init&gt;(ApplicationHandler.java:347)
	at org.glassfish.jersey.server.ApplicationHandler.&lt;init&gt;(ApplicationHandler.java:311)
	at org.glassfish.jersey.grizzly2.httpserver.GrizzlyHttpContainer.&lt;init&gt;(GrizzlyHttpContainer.java:337)
	at org.glassfish.jersey.grizzly2.httpserver.GrizzlyHttpServerFactory.createHttpServer(GrizzlyHttpServerFactory.java:119)
	at com.example.Main.startServer(Main.java:30)
	at com.example.MyResourceTest.setUp(MyResourceTest.java:22)
	at java.base/jdk.internal.reflect.NativeMethodAccessorImpl.invoke0(Native Method)
	at java.base/jdk.internal.reflect.NativeMethodAccessorImpl.invoke(NativeMethodAccessorImpl.java:62)
	at java.base/jdk.internal.reflect.DelegatingMethodAccessorImpl.invoke(DelegatingMethodAccessorImpl.java:43)
	at java.base/java.lang.reflect.Method.invoke(Method.java:564)
	at org.junit.runners.model.FrameworkMethod$1.runReflectiveCall(FrameworkMethod.java:44)
	at org.junit.internal.runners.model.ReflectiveCallable.run(ReflectiveCallable.java:15)
	at org.junit.runners.model.FrameworkMethod.invokeExplosively(FrameworkMethod.java:41)
	at org.junit.internal.runners.statements.RunBefores.evaluate(RunBefores.java:27)
	at org.junit.internal.runners.statements.RunAfters.evaluate(RunAfters.java:31)
	at org.junit.runners.ParentRunner.runLeaf(ParentRunner.java:263)
	at org.junit.runners.BlockJUnit4ClassRunner.runChild(BlockJUnit4ClassRunner.java:69)
	at org.junit.runners.BlockJUnit4ClassRunner.runChild(BlockJUnit4ClassRunner.java:48)
	at org.junit.runners.ParentRunner$3.run(ParentRunner.java:231)
	at org.junit.runners.ParentRunner$1.schedule(ParentRunner.java:60)
	at org.junit.runners.ParentRunner.runChildren(ParentRunner.java:229)
	at org.junit.runners.ParentRunner.access$000(ParentRunner.java:50)
	at org.junit.runners.ParentRunner$2.evaluate(ParentRunner.java:222)
	at org.junit.runners.ParentRunner.run(ParentRunner.java:292)
	at org.apache.maven.surefire.junit4.JUnit4Provider.execute(JUnit4Provider.java:252)
	at org.apache.maven.surefire.junit4.JUnit4Provider.executeTestSet(JUnit4Provider.java:141)
	at org.apache.maven.surefire.junit4.JUnit4Provider.invoke(JUnit4Provider.java:112)
	at java.base/jdk.internal.reflect.NativeMethodAccessorImpl.invoke0(Native Method)
	at java.base/jdk.internal.reflect.NativeMethodAccessorImpl.invoke(NativeMethodAccessorImpl.java:62)
	at java.base/jdk.internal.reflect.DelegatingMethodAccessorImpl.invoke(DelegatingMethodAccessorImpl.java:43)
	at java.base/java.lang.reflect.Method.invoke(Method.java:564)
	at org.apache.maven.surefire.util.ReflectionUtils.invokeMethodWithArray(ReflectionUtils.java:189)
	at org.apache.maven.surefire.booter.ProviderFactory$ProviderProxy.invoke(ProviderFactory.java:165)
	at org.apache.maven.surefire.booter.ProviderFactory.invokeProvider(ProviderFactory.java:85)
	at org.apache.maven.surefire.booter.ForkedBooter.runSuitesInProcess(ForkedBooter.java:115)
	at org.apache.maven.surefire.booter.ForkedBooter.main(ForkedBooter.java:75)
Caused by: java.util.concurrent.ExecutionException: java.lang.NoClassDefFoundError: javax/xml/bind/Unmarshaller
	at java.base/java.util.concurrent.FutureTask.report(FutureTask.java:122)
	at java.base/java.util.concurrent.FutureTask.get(FutureTask.java:191)
	at org.glassfish.hk2.utilities.cache.LRUHybridCache$OriginThreadAwareFuture.get(LRUHybridCache.java:164)
	at org.glassfish.hk2.utilities.cache.LRUHybridCache.compute(LRUHybridCache.java:303)
	... 139 more
Caused by: java.lang.NoClassDefFoundError: javax/xml/bind/Unmarshaller
	at java.base/java.lang.Class.getDeclaredMethods0(Native Method)
	at java.base/java.lang.Class.privateGetDeclaredMethods(Class.java:3119)
	at java.base/java.lang.Class.getDeclaredMethods(Class.java:2268)
	at org.glassfish.hk2.utilities.reflection.internal.ClassReflectionHelperUtilities$3.run(ClassReflectionHelperUtilities.java:108)
	at org.glassfish.hk2.utilities.reflection.internal.ClassReflectionHelperUtilities$3.run(ClassReflectionHelperUtilities.java:104)
	at java.base/java.security.AccessController.doPrivileged(Native Method)
	at org.glassfish.hk2.utilities.reflection.internal.ClassReflectionHelperUtilities.secureGetDeclaredMethods(ClassReflectionHelperUtilities.java:104)
	at org.glassfish.hk2.utilities.reflection.internal.ClassReflectionHelperUtilities.getDeclaredMethodWrappers(ClassReflectionHelperUtilities.java:133)
	at org.glassfish.hk2.utilities.reflection.internal.ClassReflectionHelperUtilities.getAllMethodWrappers(ClassReflectionHelperUtilities.java:192)
	at org.glassfish.hk2.utilities.reflection.internal.ClassReflectionHelperUtilities.getAllMethodWrappers(ClassReflectionHelperUtilities.java:193)
	at org.glassfish.hk2.utilities.reflection.internal.ClassReflectionHelperImpl$3.compute(ClassReflectionHelperImpl.java:84)
	at org.glassfish.hk2.utilities.reflection.internal.ClassReflectionHelperImpl$3.compute(ClassReflectionHelperImpl.java:80)
	at org.glassfish.hk2.utilities.cache.LRUHybridCache$OriginThreadAwareFuture$1.call(LRUHybridCache.java:115)
	at org.glassfish.hk2.utilities.cache.LRUHybridCache$OriginThreadAwareFuture$1.call(LRUHybridCache.java:111)
	at java.base/java.util.concurrent.FutureTask.run(FutureTask.java:264)
	at org.glassfish.hk2.utilities.cache.LRUHybridCache$OriginThreadAwareFuture.run(LRUHybridCache.java:173)
	at org.glassfish.hk2.utilities.cache.LRUHybridCache.compute(LRUHybridCache.java:292)
	... 139 more
Caused by: java.lang.ClassNotFoundException: javax.xml.bind.Unmarshaller
	at java.base/jdk.internal.loader.BuiltinClassLoader.loadClass(BuiltinClassLoader.java:582)
	at java.base/jdk.internal.loader.ClassLoaders$AppClassLoader.loadClass(ClassLoaders.java:190)
	at java.base/java.lang.ClassLoader.loadClass(ClassLoader.java:499)
	... 156 more
MultiException stack 2 of 4
java.lang.RuntimeException: java.util.concurrent.ExecutionException: java.lang.NoClassDefFoundError: javax/xml/bind/Unmarshaller
	at org.glassfish.hk2.utilities.cache.LRUHybridCache.compute(LRUHybridCache.java:315)
	at org.glassfish.hk2.utilities.reflection.internal.ClassReflectionHelperImpl.getAllMethods(ClassReflectionHelperImpl.java:108)
	at org.glassfish.hk2.utilities.reflection.internal.ClassReflectionHelperImpl.getPostConstructMethod(ClassReflectionHelperImpl.java:184)
	at org.glassfish.hk2.utilities.reflection.internal.ClassReflectionHelperImpl.access$200(ClassReflectionHelperImpl.java:56)
	at org.glassfish.hk2.utilities.reflection.internal.ClassReflectionHelperImpl$1.compute(ClassReflectionHelperImpl.java:64)
	at org.glassfish.hk2.utilities.reflection.internal.ClassReflectionHelperImpl$1.compute(ClassReflectionHelperImpl.java:60)
	at org.glassfish.hk2.utilities.cache.LRUHybridCache$OriginThreadAwareFuture$1.call(LRUHybridCache.java:115)
	at org.glassfish.hk2.utilities.cache.LRUHybridCache$OriginThreadAwareFuture$1.call(LRUHybridCache.java:111)
	at java.base/java.util.concurrent.FutureTask.run(FutureTask.java:264)
	at org.glassfish.hk2.utilities.cache.LRUHybridCache$OriginThreadAwareFuture.run(LRUHybridCache.java:173)
	at org.glassfish.hk2.utilities.cache.LRUHybridCache.compute(LRUHybridCache.java:292)
	at org.glassfish.hk2.utilities.reflection.internal.ClassReflectionHelperImpl.findPostConstruct(ClassReflectionHelperImpl.java:119)
	at org.jvnet.hk2.internal.Utilities.findPostConstruct(Utilities.java:1372)
	at org.jvnet.hk2.internal.DefaultClassAnalyzer.getPostConstructMethod(DefaultClassAnalyzer.java:130)
	at org.glassfish.jersey.internal.inject.JerseyClassAnalyzer.getPostConstructMethod(JerseyClassAnalyzer.java:252)
	at org.jvnet.hk2.internal.Utilities.getPostConstruct(Utilities.java:279)
	at org.jvnet.hk2.internal.ClazzCreator.initialize(ClazzCreator.java:169)
	at org.jvnet.hk2.internal.ClazzCreator.initialize(ClazzCreator.java:180)
	at org.jvnet.hk2.internal.SystemDescriptor.internalReify(SystemDescriptor.java:740)
	at org.jvnet.hk2.internal.SystemDescriptor.reify(SystemDescriptor.java:694)
	at org.jvnet.hk2.internal.ServiceLocatorImpl.reifyDescriptor(ServiceLocatorImpl.java:461)
	at org.jvnet.hk2.internal.ServiceLocatorImpl.narrow(ServiceLocatorImpl.java:2288)
	at org.jvnet.hk2.internal.ServiceLocatorImpl.access$1200(ServiceLocatorImpl.java:125)
	at org.jvnet.hk2.internal.ServiceLocatorImpl$9.compute(ServiceLocatorImpl.java:1373)
	at org.jvnet.hk2.internal.ServiceLocatorImpl$9.compute(ServiceLocatorImpl.java:1368)
	at org.glassfish.hk2.utilities.cache.internal.WeakCARCacheImpl.compute(WeakCARCacheImpl.java:116)
	at org.jvnet.hk2.internal.ServiceLocatorImpl.internalGetAllServiceHandles(ServiceLocatorImpl.java:1430)
	at org.jvnet.hk2.internal.ServiceLocatorImpl.getAllServiceHandles(ServiceLocatorImpl.java:1355)
	at org.jvnet.hk2.internal.ServiceLocatorImpl.getAllServiceHandles(ServiceLocatorImpl.java:1344)
	at org.glassfish.jersey.internal.inject.Providers.getServiceHandles(Providers.java:354)
	at org.glassfish.jersey.internal.inject.Providers.getCustomProviders(Providers.java:201)
	at org.glassfish.jersey.server.internal.inject.ParamConverterFactory.&lt;init&gt;(ParamConverterFactory.java:80)
	at java.base/jdk.internal.reflect.NativeConstructorAccessorImpl.newInstance0(Native Method)
	at java.base/jdk.internal.reflect.NativeConstructorAccessorImpl.newInstance(NativeConstructorAccessorImpl.java:62)
	at java.base/jdk.internal.reflect.DelegatingConstructorAccessorImpl.newInstance(DelegatingConstructorAccessorImpl.java:45)
	at java.base/java.lang.reflect.Constructor.newInstance(Constructor.java:488)
	at org.glassfish.hk2.utilities.reflection.ReflectionHelper.makeMe(ReflectionHelper.java:1375)
	at org.jvnet.hk2.internal.ClazzCreator.createMe(ClazzCreator.java:272)
	at org.jvnet.hk2.internal.ClazzCreator.create(ClazzCreator.java:366)
	at org.jvnet.hk2.internal.SystemDescriptor.create(SystemDescriptor.java:487)
	at org.jvnet.hk2.internal.SingletonContext$1.compute(SingletonContext.java:83)
	at org.jvnet.hk2.internal.SingletonContext$1.compute(SingletonContext.java:71)
	at org.glassfish.hk2.utilities.cache.Cache$OriginThreadAwareFuture$1.call(Cache.java:97)
	at java.base/java.util.concurrent.FutureTask.run(FutureTask.java:264)
	at org.glassfish.hk2.utilities.cache.Cache$OriginThreadAwareFuture.run(Cache.java:154)
	at org.glassfish.hk2.utilities.cache.Cache.compute(Cache.java:199)
	at org.jvnet.hk2.internal.SingletonContext.findOrCreate(SingletonContext.java:122)
	at org.jvnet.hk2.internal.Utilities.createService(Utilities.java:2022)
	at org.jvnet.hk2.internal.ServiceHandleImpl.getService(ServiceHandleImpl.java:114)
	at org.jvnet.hk2.internal.ServiceLocatorImpl.getService(ServiceLocatorImpl.java:695)
	at org.jvnet.hk2.internal.ThreeThirtyResolver.resolve(ThreeThirtyResolver.java:78)
	at org.jvnet.hk2.internal.ClazzCreator.resolve(ClazzCreator.java:212)
	at org.jvnet.hk2.internal.ClazzCreator.resolveAllDependencies(ClazzCreator.java:229)
	at org.jvnet.hk2.internal.ClazzCreator.create(ClazzCreator.java:358)
	at org.jvnet.hk2.internal.SystemDescriptor.create(SystemDescriptor.java:487)
	at org.jvnet.hk2.internal.SingletonContext$1.compute(SingletonContext.java:83)
	at org.jvnet.hk2.internal.SingletonContext$1.compute(SingletonContext.java:71)
	at org.glassfish.hk2.utilities.cache.Cache$OriginThreadAwareFuture$1.call(Cache.java:97)
	at java.base/java.util.concurrent.FutureTask.run(FutureTask.java:264)
	at org.glassfish.hk2.utilities.cache.Cache$OriginThreadAwareFuture.run(Cache.java:154)
	at org.glassfish.hk2.utilities.cache.Cache.compute(Cache.java:199)
	at org.jvnet.hk2.internal.SingletonContext.findOrCreate(SingletonContext.java:122)
	at org.jvnet.hk2.internal.Utilities.createService(Utilities.java:2022)
	at org.jvnet.hk2.internal.ServiceHandleImpl.getService(ServiceHandleImpl.java:114)
	at org.jvnet.hk2.internal.ServiceLocatorImpl.getService(ServiceLocatorImpl.java:695)
	at org.jvnet.hk2.internal.ThreeThirtyResolver.resolve(ThreeThirtyResolver.java:78)
	at org.jvnet.hk2.internal.ClazzCreator.resolve(ClazzCreator.java:212)
	at org.jvnet.hk2.internal.ClazzCreator.resolveAllDependencies(ClazzCreator.java:229)
	at org.jvnet.hk2.internal.ClazzCreator.create(ClazzCreator.java:358)
	at org.jvnet.hk2.internal.SystemDescriptor.create(SystemDescriptor.java:487)
	at org.jvnet.hk2.internal.SingletonContext$1.compute(SingletonContext.java:83)
	at org.jvnet.hk2.internal.SingletonContext$1.compute(SingletonContext.java:71)
	at org.glassfish.hk2.utilities.cache.Cache$OriginThreadAwareFuture$1.call(Cache.java:97)
	at java.base/java.util.concurrent.FutureTask.run(FutureTask.java:264)
	at org.glassfish.hk2.utilities.cache.Cache$OriginThreadAwareFuture.run(Cache.java:154)
	at org.glassfish.hk2.utilities.cache.Cache.compute(Cache.java:199)
	at org.jvnet.hk2.internal.SingletonContext.findOrCreate(SingletonContext.java:122)
	at org.jvnet.hk2.internal.Utilities.createService(Utilities.java:2022)
	at org.jvnet.hk2.internal.ServiceHandleImpl.getService(ServiceHandleImpl.java:114)
	at org.jvnet.hk2.internal.ServiceHandleImpl.getService(ServiceHandleImpl.java:88)
	at org.glassfish.jersey.internal.inject.ProviderToService.apply(ProviderToService.java:58)
	at org.glassfish.jersey.internal.inject.ProviderToService.apply(ProviderToService.java:54)
	at jersey.repackaged.com.google.common.collect.Iterators$8.transform(Iterators.java:799)
	at jersey.repackaged.com.google.common.collect.TransformedIterator.next(TransformedIterator.java:48)
	at java.base/java.util.AbstractCollection.addAll(AbstractCollection.java:351)
	at java.base/java.util.LinkedHashSet.&lt;init&gt;(LinkedHashSet.java:169)
	at jersey.repackaged.com.google.common.collect.Sets.newLinkedHashSet(Sets.java:325)
	at org.glassfish.jersey.internal.inject.Providers.getClasses(Providers.java:392)
	at org.glassfish.jersey.internal.inject.Providers.getProviders(Providers.java:188)
	at org.glassfish.jersey.server.spi.internal.ParameterValueHelper.createValueProviders(ParameterValueHelper.java:130)
	at org.glassfish.jersey.server.model.Invocable.getValueProviders(Invocable.java:320)
	at org.glassfish.jersey.server.model.ResourceMethodValidator.checkValueProviders(ResourceMethodValidator.java:165)
	at org.glassfish.jersey.server.model.ResourceMethodValidator.checkMethod(ResourceMethodValidator.java:106)
	at org.glassfish.jersey.server.model.ResourceMethodValidator.visitJaxrsResourceMethod(ResourceMethodValidator.java:102)
	at org.glassfish.jersey.server.model.ResourceMethodValidator.visitResourceMethod(ResourceMethodValidator.java:92)
	at org.glassfish.jersey.server.model.ResourceMethod.accept(ResourceMethod.java:873)
	at org.glassfish.jersey.server.model.ComponentModelValidator.validateWithErrors(ComponentModelValidator.java:161)
	at org.glassfish.jersey.server.model.ComponentModelValidator.validateWithErrors(ComponentModelValidator.java:167)
	at org.glassfish.jersey.server.model.ComponentModelValidator.validateWithErrors(ComponentModelValidator.java:167)
	at org.glassfish.jersey.server.model.ComponentModelValidator.access$000(ComponentModelValidator.java:90)
	at org.glassfish.jersey.server.model.ComponentModelValidator$1.run(ComponentModelValidator.java:151)
	at org.glassfish.jersey.internal.Errors$1.call(Errors.java:271)
	at org.glassfish.jersey.internal.Errors$1.call(Errors.java:267)
	at org.glassfish.jersey.internal.Errors.process(Errors.java:315)
	at org.glassfish.jersey.internal.Errors.process(Errors.java:297)
	at org.glassfish.jersey.internal.Errors.process(Errors.java:267)
	at org.glassfish.jersey.server.model.ComponentModelValidator.validate(ComponentModelValidator.java:146)
	at org.glassfish.jersey.server.ApplicationHandler.initialize(ApplicationHandler.java:550)
	at org.glassfish.jersey.server.ApplicationHandler.access$500(ApplicationHandler.java:184)
	at org.glassfish.jersey.server.ApplicationHandler$3.call(ApplicationHandler.java:350)
	at org.glassfish.jersey.server.ApplicationHandler$3.call(ApplicationHandler.java:347)
	at org.glassfish.jersey.internal.Errors.process(Errors.java:315)
	at org.glassfish.jersey.internal.Errors.process(Errors.java:297)
	at org.glassfish.jersey.internal.Errors.processWithException(Errors.java:255)
	at org.glassfish.jersey.server.ApplicationHandler.&lt;init&gt;(ApplicationHandler.java:347)
	at org.glassfish.jersey.server.ApplicationHandler.&lt;init&gt;(ApplicationHandler.java:311)
	at org.glassfish.jersey.grizzly2.httpserver.GrizzlyHttpContainer.&lt;init&gt;(GrizzlyHttpContainer.java:337)
	at org.glassfish.jersey.grizzly2.httpserver.GrizzlyHttpServerFactory.createHttpServer(GrizzlyHttpServerFactory.java:119)
	at com.example.Main.startServer(Main.java:30)
	at com.example.MyResourceTest.setUp(MyResourceTest.java:22)
	at java.base/jdk.internal.reflect.NativeMethodAccessorImpl.invoke0(Native Method)
	at java.base/jdk.internal.reflect.NativeMethodAccessorImpl.invoke(NativeMethodAccessorImpl.java:62)
	at java.base/jdk.internal.reflect.DelegatingMethodAccessorImpl.invoke(DelegatingMethodAccessorImpl.java:43)
	at java.base/java.lang.reflect.Method.invoke(Method.java:564)
	at org.junit.runners.model.FrameworkMethod$1.runReflectiveCall(FrameworkMethod.java:44)
	at org.junit.internal.runners.model.ReflectiveCallable.run(ReflectiveCallable.java:15)
	at org.junit.runners.model.FrameworkMethod.invokeExplosively(FrameworkMethod.java:41)
	at org.junit.internal.runners.statements.RunBefores.evaluate(RunBefores.java:27)
	at org.junit.internal.runners.statements.RunAfters.evaluate(RunAfters.java:31)
	at org.junit.runners.ParentRunner.runLeaf(ParentRunner.java:263)
	at org.junit.runners.BlockJUnit4ClassRunner.runChild(BlockJUnit4ClassRunner.java:69)
	at org.junit.runners.BlockJUnit4ClassRunner.runChild(BlockJUnit4ClassRunner.java:48)
	at org.junit.runners.ParentRunner$3.run(ParentRunner.java:231)
	at org.junit.runners.ParentRunner$1.schedule(ParentRunner.java:60)
	at org.junit.runners.ParentRunner.runChildren(ParentRunner.java:229)
	at org.junit.runners.ParentRunner.access$000(ParentRunner.java:50)
	at org.junit.runners.ParentRunner$2.evaluate(ParentRunner.java:222)
	at org.junit.runners.ParentRunner.run(ParentRunner.java:292)
	at org.apache.maven.surefire.junit4.JUnit4Provider.execute(JUnit4Provider.java:252)
	at org.apache.maven.surefire.junit4.JUnit4Provider.executeTestSet(JUnit4Provider.java:141)
	at org.apache.maven.surefire.junit4.JUnit4Provider.invoke(JUnit4Provider.java:112)
	at java.base/jdk.internal.reflect.NativeMethodAccessorImpl.invoke0(Native Method)
	at java.base/jdk.internal.reflect.NativeMethodAccessorImpl.invoke(NativeMethodAccessorImpl.java:62)
	at java.base/jdk.internal.reflect.DelegatingMethodAccessorImpl.invoke(DelegatingMethodAccessorImpl.java:43)
	at java.base/java.lang.reflect.Method.invoke(Method.java:564)
	at org.apache.maven.surefire.util.ReflectionUtils.invokeMethodWithArray(ReflectionUtils.java:189)
	at org.apache.maven.surefire.booter.ProviderFactory$ProviderProxy.invoke(ProviderFactory.java:165)
	at org.apache.maven.surefire.booter.ProviderFactory.invokeProvider(ProviderFactory.java:85)
	at org.apache.maven.surefire.booter.ForkedBooter.runSuitesInProcess(ForkedBooter.java:115)
	at org.apache.maven.surefire.booter.ForkedBooter.main(ForkedBooter.java:75)
Caused by: java.util.concurrent.ExecutionException: java.lang.NoClassDefFoundError: javax/xml/bind/Unmarshaller
	at java.base/java.util.concurrent.FutureTask.report(FutureTask.java:122)
	at java.base/java.util.concurrent.FutureTask.get(FutureTask.java:191)
	at org.glassfish.hk2.utilities.cache.LRUHybridCache$OriginThreadAwareFuture.get(LRUHybridCache.java:164)
	at org.glassfish.hk2.utilities.cache.LRUHybridCache.compute(LRUHybridCache.java:303)
	... 149 more
Caused by: java.lang.NoClassDefFoundError: javax/xml/bind/Unmarshaller
	at java.base/java.lang.Class.getDeclaredMethods0(Native Method)
	at java.base/java.lang.Class.privateGetDeclaredMethods(Class.java:3119)
	at java.base/java.lang.Class.getDeclaredMethods(Class.java:2268)
	at org.glassfish.hk2.utilities.reflection.internal.ClassReflectionHelperUtilities$3.run(ClassReflectionHelperUtilities.java:108)
	at org.glassfish.hk2.utilities.reflection.internal.ClassReflectionHelperUtilities$3.run(ClassReflectionHelperUtilities.java:104)
	at java.base/java.security.AccessController.doPrivileged(Native Method)
	at org.glassfish.hk2.utilities.reflection.internal.ClassReflectionHelperUtilities.secureGetDeclaredMethods(ClassReflectionHelperUtilities.java:104)
	at org.glassfish.hk2.utilities.reflection.internal.ClassReflectionHelperUtilities.getDeclaredMethodWrappers(ClassReflectionHelperUtilities.java:133)
	at org.glassfish.hk2.utilities.reflection.internal.ClassReflectionHelperUtilities.getAllMethodWrappers(ClassReflectionHelperUtilities.java:192)
	at org.glassfish.hk2.utilities.reflection.internal.ClassReflectionHelperUtilities.getAllMethodWrappers(ClassReflectionHelperUtilities.java:193)
	at org.glassfish.hk2.utilities.reflection.internal.ClassReflectionHelperImpl$3.compute(ClassReflectionHelperImpl.java:84)
	at org.glassfish.hk2.utilities.reflection.internal.ClassReflectionHelperImpl$3.compute(ClassReflectionHelperImpl.java:80)
	at org.glassfish.hk2.utilities.cache.LRUHybridCache$OriginThreadAwareFuture$1.call(LRUHybridCache.java:115)
	at org.glassfish.hk2.utilities.cache.LRUHybridCache$OriginThreadAwareFuture$1.call(LRUHybridCache.java:111)
	at java.base/java.util.concurrent.FutureTask.run(FutureTask.java:264)
	at org.glassfish.hk2.utilities.cache.LRUHybridCache$OriginThreadAwareFuture.run(LRUHybridCache.java:173)
	at org.glassfish.hk2.utilities.cache.LRUHybridCache.compute(LRUHybridCache.java:292)
	... 149 more
Caused by: java.lang.ClassNotFoundException: javax.xml.bind.Unmarshaller
	at java.base/jdk.internal.loader.BuiltinClassLoader.loadClass(BuiltinClassLoader.java:582)
	at java.base/jdk.internal.loader.ClassLoaders$AppClassLoader.loadClass(ClassLoaders.java:190)
	at java.base/java.lang.ClassLoader.loadClass(ClassLoader.java:499)
	... 166 more
MultiException stack 3 of 4
java.lang.RuntimeException: java.util.concurrent.ExecutionException: java.lang.NoClassDefFoundError: javax/xml/bind/Unmarshaller
	at org.glassfish.hk2.utilities.cache.LRUHybridCache.compute(LRUHybridCache.java:315)
	at org.glassfish.hk2.utilities.reflection.internal.ClassReflectionHelperImpl.getAllMethods(ClassReflectionHelperImpl.java:108)
	at org.glassfish.hk2.utilities.reflection.internal.ClassReflectionHelperImpl.getPreDestroyMethod(ClassReflectionHelperImpl.java:209)
	at org.glassfish.hk2.utilities.reflection.internal.ClassReflectionHelperImpl.access$400(ClassReflectionHelperImpl.java:56)
	at org.glassfish.hk2.utilities.reflection.internal.ClassReflectionHelperImpl$2.compute(ClassReflectionHelperImpl.java:74)
	at org.glassfish.hk2.utilities.reflection.internal.ClassReflectionHelperImpl$2.compute(ClassReflectionHelperImpl.java:70)
	at org.glassfish.hk2.utilities.cache.LRUHybridCache$OriginThreadAwareFuture$1.call(LRUHybridCache.java:115)
	at org.glassfish.hk2.utilities.cache.LRUHybridCache$OriginThreadAwareFuture$1.call(LRUHybridCache.java:111)
	at java.base/java.util.concurrent.FutureTask.run(FutureTask.java:264)
	at org.glassfish.hk2.utilities.cache.LRUHybridCache$OriginThreadAwareFuture.run(LRUHybridCache.java:173)
	at org.glassfish.hk2.utilities.cache.LRUHybridCache.compute(LRUHybridCache.java:292)
	at org.glassfish.hk2.utilities.reflection.internal.ClassReflectionHelperImpl.findPreDestroy(ClassReflectionHelperImpl.java:125)
	at org.jvnet.hk2.internal.Utilities.findPreDestroy(Utilities.java:1388)
	at org.jvnet.hk2.internal.DefaultClassAnalyzer.getPreDestroyMethod(DefaultClassAnalyzer.java:141)
	at org.glassfish.jersey.internal.inject.JerseyClassAnalyzer.getPreDestroyMethod(JerseyClassAnalyzer.java:257)
	at org.jvnet.hk2.internal.Utilities.getPreDestroy(Utilities.java:301)
	at org.jvnet.hk2.internal.ClazzCreator.initialize(ClazzCreator.java:170)
	at org.jvnet.hk2.internal.ClazzCreator.initialize(ClazzCreator.java:180)
	at org.jvnet.hk2.internal.SystemDescriptor.internalReify(SystemDescriptor.java:740)
	at org.jvnet.hk2.internal.SystemDescriptor.reify(SystemDescriptor.java:694)
	at org.jvnet.hk2.internal.ServiceLocatorImpl.reifyDescriptor(ServiceLocatorImpl.java:461)
	at org.jvnet.hk2.internal.ServiceLocatorImpl.narrow(ServiceLocatorImpl.java:2288)
	at org.jvnet.hk2.internal.ServiceLocatorImpl.access$1200(ServiceLocatorImpl.java:125)
	at org.jvnet.hk2.internal.ServiceLocatorImpl$9.compute(ServiceLocatorImpl.java:1373)
	at org.jvnet.hk2.internal.ServiceLocatorImpl$9.compute(ServiceLocatorImpl.java:1368)
	at org.glassfish.hk2.utilities.cache.internal.WeakCARCacheImpl.compute(WeakCARCacheImpl.java:116)
	at org.jvnet.hk2.internal.ServiceLocatorImpl.internalGetAllServiceHandles(ServiceLocatorImpl.java:1430)
	at org.jvnet.hk2.internal.ServiceLocatorImpl.getAllServiceHandles(ServiceLocatorImpl.java:1355)
	at org.jvnet.hk2.internal.ServiceLocatorImpl.getAllServiceHandles(ServiceLocatorImpl.java:1344)
	at org.glassfish.jersey.internal.inject.Providers.getServiceHandles(Providers.java:354)
	at org.glassfish.jersey.internal.inject.Providers.getCustomProviders(Providers.java:201)
	at org.glassfish.jersey.server.internal.inject.ParamConverterFactory.&lt;init&gt;(ParamConverterFactory.java:80)
	at java.base/jdk.internal.reflect.NativeConstructorAccessorImpl.newInstance0(Native Method)
	at java.base/jdk.internal.reflect.NativeConstructorAccessorImpl.newInstance(NativeConstructorAccessorImpl.java:62)
	at java.base/jdk.internal.reflect.DelegatingConstructorAccessorImpl.newInstance(DelegatingConstructorAccessorImpl.java:45)
	at java.base/java.lang.reflect.Constructor.newInstance(Constructor.java:488)
	at org.glassfish.hk2.utilities.reflection.ReflectionHelper.makeMe(ReflectionHelper.java:1375)
	at org.jvnet.hk2.internal.ClazzCreator.createMe(ClazzCreator.java:272)
	at org.jvnet.hk2.internal.ClazzCreator.create(ClazzCreator.java:366)
	at org.jvnet.hk2.internal.SystemDescriptor.create(SystemDescriptor.java:487)
	at org.jvnet.hk2.internal.SingletonContext$1.compute(SingletonContext.java:83)
	at org.jvnet.hk2.internal.SingletonContext$1.compute(SingletonContext.java:71)
	at org.glassfish.hk2.utilities.cache.Cache$OriginThreadAwareFuture$1.call(Cache.java:97)
	at java.base/java.util.concurrent.FutureTask.run(FutureTask.java:264)
	at org.glassfish.hk2.utilities.cache.Cache$OriginThreadAwareFuture.run(Cache.java:154)
	at org.glassfish.hk2.utilities.cache.Cache.compute(Cache.java:199)
	at org.jvnet.hk2.internal.SingletonContext.findOrCreate(SingletonContext.java:122)
	at org.jvnet.hk2.internal.Utilities.createService(Utilities.java:2022)
	at org.jvnet.hk2.internal.ServiceHandleImpl.getService(ServiceHandleImpl.java:114)
	at org.jvnet.hk2.internal.ServiceLocatorImpl.getService(ServiceLocatorImpl.java:695)
	at org.jvnet.hk2.internal.ThreeThirtyResolver.resolve(ThreeThirtyResolver.java:78)
	at org.jvnet.hk2.internal.ClazzCreator.resolve(ClazzCreator.java:212)
	at org.jvnet.hk2.internal.ClazzCreator.resolveAllDependencies(ClazzCreator.java:229)
	at org.jvnet.hk2.internal.ClazzCreator.create(ClazzCreator.java:358)
	at org.jvnet.hk2.internal.SystemDescriptor.create(SystemDescriptor.java:487)
	at org.jvnet.hk2.internal.SingletonContext$1.compute(SingletonContext.java:83)
	at org.jvnet.hk2.internal.SingletonContext$1.compute(SingletonContext.java:71)
	at org.glassfish.hk2.utilities.cache.Cache$OriginThreadAwareFuture$1.call(Cache.java:97)
	at java.base/java.util.concurrent.FutureTask.run(FutureTask.java:264)
	at org.glassfish.hk2.utilities.cache.Cache$OriginThreadAwareFuture.run(Cache.java:154)
	at org.glassfish.hk2.utilities.cache.Cache.compute(Cache.java:199)
	at org.jvnet.hk2.internal.SingletonContext.findOrCreate(SingletonContext.java:122)
	at org.jvnet.hk2.internal.Utilities.createService(Utilities.java:2022)
	at org.jvnet.hk2.internal.ServiceHandleImpl.getService(ServiceHandleImpl.java:114)
	at org.jvnet.hk2.internal.ServiceLocatorImpl.getService(ServiceLocatorImpl.java:695)
	at org.jvnet.hk2.internal.ThreeThirtyResolver.resolve(ThreeThirtyResolver.java:78)
	at org.jvnet.hk2.internal.ClazzCreator.resolve(ClazzCreator.java:212)
	at org.jvnet.hk2.internal.ClazzCreator.resolveAllDependencies(ClazzCreator.java:229)
	at org.jvnet.hk2.internal.ClazzCreator.create(ClazzCreator.java:358)
	at org.jvnet.hk2.internal.SystemDescriptor.create(SystemDescriptor.java:487)
	at org.jvnet.hk2.internal.SingletonContext$1.compute(SingletonContext.java:83)
	at org.jvnet.hk2.internal.SingletonContext$1.compute(SingletonContext.java:71)
	at org.glassfish.hk2.utilities.cache.Cache$OriginThreadAwareFuture$1.call(Cache.java:97)
	at java.base/java.util.concurrent.FutureTask.run(FutureTask.java:264)
	at org.glassfish.hk2.utilities.cache.Cache$OriginThreadAwareFuture.run(Cache.java:154)
	at org.glassfish.hk2.utilities.cache.Cache.compute(Cache.java:199)
	at org.jvnet.hk2.internal.SingletonContext.findOrCreate(SingletonContext.java:122)
	at org.jvnet.hk2.internal.Utilities.createService(Utilities.java:2022)
	at org.jvnet.hk2.internal.ServiceHandleImpl.getService(ServiceHandleImpl.java:114)
	at org.jvnet.hk2.internal.ServiceHandleImpl.getService(ServiceHandleImpl.java:88)
	at org.glassfish.jersey.internal.inject.ProviderToService.apply(ProviderToService.java:58)
	at org.glassfish.jersey.internal.inject.ProviderToService.apply(ProviderToService.java:54)
	at jersey.repackaged.com.google.common.collect.Iterators$8.transform(Iterators.java:799)
	at jersey.repackaged.com.google.common.collect.TransformedIterator.next(TransformedIterator.java:48)
	at java.base/java.util.AbstractCollection.addAll(AbstractCollection.java:351)
	at java.base/java.util.LinkedHashSet.&lt;init&gt;(LinkedHashSet.java:169)
	at jersey.repackaged.com.google.common.collect.Sets.newLinkedHashSet(Sets.java:325)
	at org.glassfish.jersey.internal.inject.Providers.getClasses(Providers.java:392)
	at org.glassfish.jersey.internal.inject.Providers.getProviders(Providers.java:188)
	at org.glassfish.jersey.server.spi.internal.ParameterValueHelper.createValueProviders(ParameterValueHelper.java:130)
	at org.glassfish.jersey.server.model.Invocable.getValueProviders(Invocable.java:320)
	at org.glassfish.jersey.server.model.ResourceMethodValidator.checkValueProviders(ResourceMethodValidator.java:165)
	at org.glassfish.jersey.server.model.ResourceMethodValidator.checkMethod(ResourceMethodValidator.java:106)
	at org.glassfish.jersey.server.model.ResourceMethodValidator.visitJaxrsResourceMethod(ResourceMethodValidator.java:102)
	at org.glassfish.jersey.server.model.ResourceMethodValidator.visitResourceMethod(ResourceMethodValidator.java:92)
	at org.glassfish.jersey.server.model.ResourceMethod.accept(ResourceMethod.java:873)
	at org.glassfish.jersey.server.model.ComponentModelValidator.validateWithErrors(ComponentModelValidator.java:161)
	at org.glassfish.jersey.server.model.ComponentModelValidator.validateWithErrors(ComponentModelValidator.java:167)
	at org.glassfish.jersey.server.model.ComponentModelValidator.validateWithErrors(ComponentModelValidator.java:167)
	at org.glassfish.jersey.server.model.ComponentModelValidator.access$000(ComponentModelValidator.java:90)
	at org.glassfish.jersey.server.model.ComponentModelValidator$1.run(ComponentModelValidator.java:151)
	at org.glassfish.jersey.internal.Errors$1.call(Errors.java:271)
	at org.glassfish.jersey.internal.Errors$1.call(Errors.java:267)
	at org.glassfish.jersey.internal.Errors.process(Errors.java:315)
	at org.glassfish.jersey.internal.Errors.process(Errors.java:297)
	at org.glassfish.jersey.internal.Errors.process(Errors.java:267)
	at org.glassfish.jersey.server.model.ComponentModelValidator.validate(ComponentModelValidator.java:146)
	at org.glassfish.jersey.server.ApplicationHandler.initialize(ApplicationHandler.java:550)
	at org.glassfish.jersey.server.ApplicationHandler.access$500(ApplicationHandler.java:184)
	at org.glassfish.jersey.server.ApplicationHandler$3.call(ApplicationHandler.java:350)
	at org.glassfish.jersey.server.ApplicationHandler$3.call(ApplicationHandler.java:347)
	at org.glassfish.jersey.internal.Errors.process(Errors.java:315)
	at org.glassfish.jersey.internal.Errors.process(Errors.java:297)
	at org.glassfish.jersey.internal.Errors.processWithException(Errors.java:255)
	at org.glassfish.jersey.server.ApplicationHandler.&lt;init&gt;(ApplicationHandler.java:347)
	at org.glassfish.jersey.server.ApplicationHandler.&lt;init&gt;(ApplicationHandler.java:311)
	at org.glassfish.jersey.grizzly2.httpserver.GrizzlyHttpContainer.&lt;init&gt;(GrizzlyHttpContainer.java:337)
	at org.glassfish.jersey.grizzly2.httpserver.GrizzlyHttpServerFactory.createHttpServer(GrizzlyHttpServerFactory.java:119)
	at com.example.Main.startServer(Main.java:30)
	at com.example.MyResourceTest.setUp(MyResourceTest.java:22)
	at java.base/jdk.internal.reflect.NativeMethodAccessorImpl.invoke0(Native Method)
	at java.base/jdk.internal.reflect.NativeMethodAccessorImpl.invoke(NativeMethodAccessorImpl.java:62)
	at java.base/jdk.internal.reflect.DelegatingMethodAccessorImpl.invoke(DelegatingMethodAccessorImpl.java:43)
	at java.base/java.lang.reflect.Method.invoke(Method.java:564)
	at org.junit.runners.model.FrameworkMethod$1.runReflectiveCall(FrameworkMethod.java:44)
	at org.junit.internal.runners.model.ReflectiveCallable.run(ReflectiveCallable.java:15)
	at org.junit.runners.model.FrameworkMethod.invokeExplosively(FrameworkMethod.java:41)
	at org.junit.internal.runners.statements.RunBefores.evaluate(RunBefores.java:27)
	at org.junit.internal.runners.statements.RunAfters.evaluate(RunAfters.java:31)
	at org.junit.runners.ParentRunner.runLeaf(ParentRunner.java:263)
	at org.junit.runners.BlockJUnit4ClassRunner.runChild(BlockJUnit4ClassRunner.java:69)
	at org.junit.runners.BlockJUnit4ClassRunner.runChild(BlockJUnit4ClassRunner.java:48)
	at org.junit.runners.ParentRunner$3.run(ParentRunner.java:231)
	at org.junit.runners.ParentRunner$1.schedule(ParentRunner.java:60)
	at org.junit.runners.ParentRunner.runChildren(ParentRunner.java:229)
	at org.junit.runners.ParentRunner.access$000(ParentRunner.java:50)
	at org.junit.runners.ParentRunner$2.evaluate(ParentRunner.java:222)
	at org.junit.runners.ParentRunner.run(ParentRunner.java:292)
	at org.apache.maven.surefire.junit4.JUnit4Provider.execute(JUnit4Provider.java:252)
	at org.apache.maven.surefire.junit4.JUnit4Provider.executeTestSet(JUnit4Provider.java:141)
	at org.apache.maven.surefire.junit4.JUnit4Provider.invoke(JUnit4Provider.java:112)
	at java.base/jdk.internal.reflect.NativeMethodAccessorImpl.invoke0(Native Method)
	at java.base/jdk.internal.reflect.NativeMethodAccessorImpl.invoke(NativeMethodAccessorImpl.java:62)
	at java.base/jdk.internal.reflect.DelegatingMethodAccessorImpl.invoke(DelegatingMethodAccessorImpl.java:43)
	at java.base/java.lang.reflect.Method.invoke(Method.java:564)
	at org.apache.maven.surefire.util.ReflectionUtils.invokeMethodWithArray(ReflectionUtils.java:189)
	at org.apache.maven.surefire.booter.ProviderFactory$ProviderProxy.invoke(ProviderFactory.java:165)
	at org.apache.maven.surefire.booter.ProviderFactory.invokeProvider(ProviderFactory.java:85)
	at org.apache.maven.surefire.booter.ForkedBooter.runSuitesInProcess(ForkedBooter.java:115)
	at org.apache.maven.surefire.booter.ForkedBooter.main(ForkedBooter.java:75)
Caused by: java.util.concurrent.ExecutionException: java.lang.NoClassDefFoundError: javax/xml/bind/Unmarshaller
	at java.base/java.util.concurrent.FutureTask.report(FutureTask.java:122)
	at java.base/java.util.concurrent.FutureTask.get(FutureTask.java:191)
	at org.glassfish.hk2.utilities.cache.LRUHybridCache$OriginThreadAwareFuture.get(LRUHybridCache.java:164)
	at org.glassfish.hk2.utilities.cache.LRUHybridCache.compute(LRUHybridCache.java:303)
	... 149 more
Caused by: java.lang.NoClassDefFoundError: javax/xml/bind/Unmarshaller
	at java.base/java.lang.Class.getDeclaredMethods0(Native Method)
	at java.base/java.lang.Class.privateGetDeclaredMethods(Class.java:3119)
	at java.base/java.lang.Class.getDeclaredMethods(Class.java:2268)
	at org.glassfish.hk2.utilities.reflection.internal.ClassReflectionHelperUtilities$3.run(ClassReflectionHelperUtilities.java:108)
	at org.glassfish.hk2.utilities.reflection.internal.ClassReflectionHelperUtilities$3.run(ClassReflectionHelperUtilities.java:104)
	at java.base/java.security.AccessController.doPrivileged(Native Method)
	at org.glassfish.hk2.utilities.reflection.internal.ClassReflectionHelperUtilities.secureGetDeclaredMethods(ClassReflectionHelperUtilities.java:104)
	at org.glassfish.hk2.utilities.reflection.internal.ClassReflectionHelperUtilities.getDeclaredMethodWrappers(ClassReflectionHelperUtilities.java:133)
	at org.glassfish.hk2.utilities.reflection.internal.ClassReflectionHelperUtilities.getAllMethodWrappers(ClassReflectionHelperUtilities.java:192)
	at org.glassfish.hk2.utilities.reflection.internal.ClassReflectionHelperUtilities.getAllMethodWrappers(ClassReflectionHelperUtilities.java:193)
	at org.glassfish.hk2.utilities.reflection.internal.ClassReflectionHelperImpl$3.compute(ClassReflectionHelperImpl.java:84)
	at org.glassfish.hk2.utilities.reflection.internal.ClassReflectionHelperImpl$3.compute(ClassReflectionHelperImpl.java:80)
	at org.glassfish.hk2.utilities.cache.LRUHybridCache$OriginThreadAwareFuture$1.call(LRUHybridCache.java:115)
	at org.glassfish.hk2.utilities.cache.LRUHybridCache$OriginThreadAwareFuture$1.call(LRUHybridCache.java:111)
	at java.base/java.util.concurrent.FutureTask.run(FutureTask.java:264)
	at org.glassfish.hk2.utilities.cache.LRUHybridCache$OriginThreadAwareFuture.run(LRUHybridCache.java:173)
	at org.glassfish.hk2.utilities.cache.LRUHybridCache.compute(LRUHybridCache.java:292)
	... 149 more
Caused by: java.lang.ClassNotFoundException: javax.xml.bind.Unmarshaller
	at java.base/jdk.internal.loader.BuiltinClassLoader.loadClass(BuiltinClassLoader.java:582)
	at java.base/jdk.internal.loader.ClassLoaders$AppClassLoader.loadClass(ClassLoaders.java:190)
	at java.base/java.lang.ClassLoader.loadClass(ClassLoader.java:499)
	... 166 more
MultiException stack 4 of 4
java.lang.IllegalArgumentException: Errors were discovered while reifying SystemDescriptor(
	implementation=org.glassfish.jersey.jaxb.internal.JaxbStringReaderProvider$RootElementProvider
	contracts={javax.ws.rs.ext.ParamConverterProvider}
	scope=javax.inject.Singleton
	qualifiers={}
	descriptorType=CLASS
	descriptorVisibility=NORMAL
	metadata=
	rank=0
	loader=org.glassfish.hk2.utilities.binding.AbstractBinder$2@3016fd5e
	proxiable=null
	proxyForSameScope=null
	analysisName=null
	id=121
	locatorId=0
	identityHashCode=902860396
	reified=false)
	at org.jvnet.hk2.internal.SystemDescriptor.reify(SystemDescriptor.java:705)
	at org.jvnet.hk2.internal.ServiceLocatorImpl.reifyDescriptor(ServiceLocatorImpl.java:461)
	at org.jvnet.hk2.internal.ServiceLocatorImpl.narrow(ServiceLocatorImpl.java:2288)
	at org.jvnet.hk2.internal.ServiceLocatorImpl.access$1200(ServiceLocatorImpl.java:125)
	at org.jvnet.hk2.internal.ServiceLocatorImpl$9.compute(ServiceLocatorImpl.java:1373)
	at org.jvnet.hk2.internal.ServiceLocatorImpl$9.compute(ServiceLocatorImpl.java:1368)
	at org.glassfish.hk2.utilities.cache.internal.WeakCARCacheImpl.compute(WeakCARCacheImpl.java:116)
	at org.jvnet.hk2.internal.ServiceLocatorImpl.internalGetAllServiceHandles(ServiceLocatorImpl.java:1430)
	at org.jvnet.hk2.internal.ServiceLocatorImpl.getAllServiceHandles(ServiceLocatorImpl.java:1355)
	at org.jvnet.hk2.internal.ServiceLocatorImpl.getAllServiceHandles(ServiceLocatorImpl.java:1344)
	at org.glassfish.jersey.internal.inject.Providers.getServiceHandles(Providers.java:354)
	at org.glassfish.jersey.internal.inject.Providers.getCustomProviders(Providers.java:201)
	at org.glassfish.jersey.server.internal.inject.ParamConverterFactory.&lt;init&gt;(ParamConverterFactory.java:80)
	at java.base/jdk.internal.reflect.NativeConstructorAccessorImpl.newInstance0(Native Method)
	at java.base/jdk.internal.reflect.NativeConstructorAccessorImpl.newInstance(NativeConstructorAccessorImpl.java:62)
	at java.base/jdk.internal.reflect.DelegatingConstructorAccessorImpl.newInstance(DelegatingConstructorAccessorImpl.java:45)
	at java.base/java.lang.reflect.Constructor.newInstance(Constructor.java:488)
	at org.glassfish.hk2.utilities.reflection.ReflectionHelper.makeMe(ReflectionHelper.java:1375)
	at org.jvnet.hk2.internal.ClazzCreator.createMe(ClazzCreator.java:272)
	at org.jvnet.hk2.internal.ClazzCreator.create(ClazzCreator.java:366)
	at org.jvnet.hk2.internal.SystemDescriptor.create(SystemDescriptor.java:487)
	at org.jvnet.hk2.internal.SingletonContext$1.compute(SingletonContext.java:83)
	at org.jvnet.hk2.internal.SingletonContext$1.compute(SingletonContext.java:71)
	at org.glassfish.hk2.utilities.cache.Cache$OriginThreadAwareFuture$1.call(Cache.java:97)
	at java.base/java.util.concurrent.FutureTask.run(FutureTask.java:264)
	at org.glassfish.hk2.utilities.cache.Cache$OriginThreadAwareFuture.run(Cache.java:154)
	at org.glassfish.hk2.utilities.cache.Cache.compute(Cache.java:199)
	at org.jvnet.hk2.internal.SingletonContext.findOrCreate(SingletonContext.java:122)
	at org.jvnet.hk2.internal.Utilities.createService(Utilities.java:2022)
	at org.jvnet.hk2.internal.ServiceHandleImpl.getService(ServiceHandleImpl.java:114)
	at org.jvnet.hk2.internal.ServiceLocatorImpl.getService(ServiceLocatorImpl.java:695)
	at org.jvnet.hk2.internal.ThreeThirtyResolver.resolve(ThreeThirtyResolver.java:78)
	at org.jvnet.hk2.internal.ClazzCreator.resolve(ClazzCreator.java:212)
	at org.jvnet.hk2.internal.ClazzCreator.resolveAllDependencies(ClazzCreator.java:229)
	at org.jvnet.hk2.internal.ClazzCreator.create(ClazzCreator.java:358)
	at org.jvnet.hk2.internal.SystemDescriptor.create(SystemDescriptor.java:487)
	at org.jvnet.hk2.internal.SingletonContext$1.compute(SingletonContext.java:83)
	at org.jvnet.hk2.internal.SingletonContext$1.compute(SingletonContext.java:71)
	at org.glassfish.hk2.utilities.cache.Cache$OriginThreadAwareFuture$1.call(Cache.java:97)
	at java.base/java.util.concurrent.FutureTask.run(FutureTask.java:264)
	at org.glassfish.hk2.utilities.cache.Cache$OriginThreadAwareFuture.run(Cache.java:154)
	at org.glassfish.hk2.utilities.cache.Cache.compute(Cache.java:199)
	at org.jvnet.hk2.internal.SingletonContext.findOrCreate(SingletonContext.java:122)
	at org.jvnet.hk2.internal.Utilities.createService(Utilities.java:2022)
	at org.jvnet.hk2.internal.ServiceHandleImpl.getService(ServiceHandleImpl.java:114)
	at org.jvnet.hk2.internal.ServiceLocatorImpl.getService(ServiceLocatorImpl.java:695)
	at org.jvnet.hk2.internal.ThreeThirtyResolver.resolve(ThreeThirtyResolver.java:78)
	at org.jvnet.hk2.internal.ClazzCreator.resolve(ClazzCreator.java:212)
	at org.jvnet.hk2.internal.ClazzCreator.resolveAllDependencies(ClazzCreator.java:229)
	at org.jvnet.hk2.internal.ClazzCreator.create(ClazzCreator.java:358)
	at org.jvnet.hk2.internal.SystemDescriptor.create(SystemDescriptor.java:487)
	at org.jvnet.hk2.internal.SingletonContext$1.compute(SingletonContext.java:83)
	at org.jvnet.hk2.internal.SingletonContext$1.compute(SingletonContext.java:71)
	at org.glassfish.hk2.utilities.cache.Cache$OriginThreadAwareFuture$1.call(Cache.java:97)
	at java.base/java.util.concurrent.FutureTask.run(FutureTask.java:264)
	at org.glassfish.hk2.utilities.cache.Cache$OriginThreadAwareFuture.run(Cache.java:154)
	at org.glassfish.hk2.utilities.cache.Cache.compute(Cache.java:199)
	at org.jvnet.hk2.internal.SingletonContext.findOrCreate(SingletonContext.java:122)
	at org.jvnet.hk2.internal.Utilities.createService(Utilities.java:2022)
	at org.jvnet.hk2.internal.ServiceHandleImpl.getService(ServiceHandleImpl.java:114)
	at org.jvnet.hk2.internal.ServiceHandleImpl.getService(ServiceHandleImpl.java:88)
	at org.glassfish.jersey.internal.inject.ProviderToService.apply(ProviderToService.java:58)
	at org.glassfish.jersey.internal.inject.ProviderToService.apply(ProviderToService.java:54)
	at jersey.repackaged.com.google.common.collect.Iterators$8.transform(Iterators.java:799)
	at jersey.repackaged.com.google.common.collect.TransformedIterator.next(TransformedIterator.java:48)
	at java.base/java.util.AbstractCollection.addAll(AbstractCollection.java:351)
	at java.base/java.util.LinkedHashSet.&lt;init&gt;(LinkedHashSet.java:169)
	at jersey.repackaged.com.google.common.collect.Sets.newLinkedHashSet(Sets.java:325)
	at org.glassfish.jersey.internal.inject.Providers.getClasses(Providers.java:392)
	at org.glassfish.jersey.internal.inject.Providers.getProviders(Providers.java:188)
	at org.glassfish.jersey.server.spi.internal.ParameterValueHelper.createValueProviders(ParameterValueHelper.java:130)
	at org.glassfish.jersey.server.model.Invocable.getValueProviders(Invocable.java:320)
	at org.glassfish.jersey.server.model.ResourceMethodValidator.checkValueProviders(ResourceMethodValidator.java:165)
	at org.glassfish.jersey.server.model.ResourceMethodValidator.checkMethod(ResourceMethodValidator.java:106)
	at org.glassfish.jersey.server.model.ResourceMethodValidator.visitJaxrsResourceMethod(ResourceMethodValidator.java:102)
	at org.glassfish.jersey.server.model.ResourceMethodValidator.visitResourceMethod(ResourceMethodValidator.java:92)
	at org.glassfish.jersey.server.model.ResourceMethod.accept(ResourceMethod.java:873)
	at org.glassfish.jersey.server.model.ComponentModelValidator.validateWithErrors(ComponentModelValidator.java:161)
	at org.glassfish.jersey.server.model.ComponentModelValidator.validateWithErrors(ComponentModelValidator.java:167)
	at org.glassfish.jersey.server.model.ComponentModelValidator.validateWithErrors(ComponentModelValidator.java:167)
	at org.glassfish.jersey.server.model.ComponentModelValidator.access$000(ComponentModelValidator.java:90)
	at org.glassfish.jersey.server.model.ComponentModelValidator$1.run(ComponentModelValidator.java:151)
	at org.glassfish.jersey.internal.Errors$1.call(Errors.java:271)
	at org.glassfish.jersey.internal.Errors$1.call(Errors.java:267)
	at org.glassfish.jersey.internal.Errors.process(Errors.java:315)
	at org.glassfish.jersey.internal.Errors.process(Errors.java:297)
	at org.glassfish.jersey.internal.Errors.process(Errors.java:267)
	at org.glassfish.jersey.server.model.ComponentModelValidator.validate(ComponentModelValidator.java:146)
	at org.glassfish.jersey.server.ApplicationHandler.initialize(ApplicationHandler.java:550)
	at org.glassfish.jersey.server.ApplicationHandler.access$500(ApplicationHandler.java:184)
	at org.glassfish.jersey.server.ApplicationHandler$3.call(ApplicationHandler.java:350)
	at org.glassfish.jersey.server.ApplicationHandler$3.call(ApplicationHandler.java:347)
	at org.glassfish.jersey.internal.Errors.process(Errors.java:315)
	at org.glassfish.jersey.internal.Errors.process(Errors.java:297)
	at org.glassfish.jersey.internal.Errors.processWithException(Errors.java:255)
	at org.glassfish.jersey.server.ApplicationHandler.&lt;init&gt;(ApplicationHandler.java:347)
	at org.glassfish.jersey.server.ApplicationHandler.&lt;init&gt;(ApplicationHandler.java:311)
	at org.glassfish.jersey.grizzly2.httpserver.GrizzlyHttpContainer.&lt;init&gt;(GrizzlyHttpContainer.java:337)
	at org.glassfish.jersey.grizzly2.httpserver.GrizzlyHttpServerFactory.createHttpServer(GrizzlyHttpServerFactory.java:119)
	at com.example.Main.startServer(Main.java:30)
	at com.example.MyResourceTest.setUp(MyResourceTest.java:22)
	at java.base/jdk.internal.reflect.NativeMethodAccessorImpl.invoke0(Native Method)
	at java.base/jdk.internal.reflect.NativeMethodAccessorImpl.invoke(NativeMethodAccessorImpl.java:62)
	at java.base/jdk.internal.reflect.DelegatingMethodAccessorImpl.invoke(DelegatingMethodAccessorImpl.java:43)
	at java.base/java.lang.reflect.Method.invoke(Method.java:564)
	at org.junit.runners.model.FrameworkMethod$1.runReflectiveCall(FrameworkMethod.java:44)
	at org.junit.internal.runners.model.ReflectiveCallable.run(ReflectiveCallable.java:15)
	at org.junit.runners.model.FrameworkMethod.invokeExplosively(FrameworkMethod.java:41)
	at org.junit.internal.runners.statements.RunBefores.evaluate(RunBefores.java:27)
	at org.junit.internal.runners.statements.RunAfters.evaluate(RunAfters.java:31)
	at org.junit.runners.ParentRunner.runLeaf(ParentRunner.java:263)
	at org.junit.runners.BlockJUnit4ClassRunner.runChild(BlockJUnit4ClassRunner.java:69)
	at org.junit.runners.BlockJUnit4ClassRunner.runChild(BlockJUnit4ClassRunner.java:48)
	at org.junit.runners.ParentRunner$3.run(ParentRunner.java:231)
	at org.junit.runners.ParentRunner$1.schedule(ParentRunner.java:60)
	at org.junit.runners.ParentRunner.runChildren(ParentRunner.java:229)
	at org.junit.runners.ParentRunner.access$000(ParentRunner.java:50)
	at org.junit.runners.ParentRunner$2.evaluate(ParentRunner.java:222)
	at org.junit.runners.ParentRunner.run(ParentRunner.java:292)
	at org.apache.maven.surefire.junit4.JUnit4Provider.execute(JUnit4Provider.java:252)
	at org.apache.maven.surefire.junit4.JUnit4Provider.executeTestSet(JUnit4Provider.java:141)
	at org.apache.maven.surefire.junit4.JUnit4Provider.invoke(JUnit4Provider.java:112)
	at java.base/jdk.internal.reflect.NativeMethodAccessorImpl.invoke0(Native Method)
	at java.base/jdk.internal.reflect.NativeMethodAccessorImpl.invoke(NativeMethodAccessorImpl.java:62)
	at java.base/jdk.internal.reflect.DelegatingMethodAccessorImpl.invoke(DelegatingMethodAccessorImpl.java:43)
	at java.base/java.lang.reflect.Method.invoke(Method.java:564)
	at org.apache.maven.surefire.util.ReflectionUtils.invokeMethodWithArray(ReflectionUtils.java:189)
	at org.apache.maven.surefire.booter.ProviderFactory$ProviderProxy.invoke(ProviderFactory.java:165)
	at org.apache.maven.surefire.booter.ProviderFactory.invokeProvider(ProviderFactory.java:85)
	at org.apache.maven.surefire.booter.ForkedBooter.runSuitesInProcess(ForkedBooter.java:115)
	at org.apache.maven.surefire.booter.ForkedBooter.main(ForkedBooter.java:75)

WARNING: HK2 service reification failed for [org.glassfish.jersey.jaxb.internal.JaxbStringReaderProvider$RootElementProvider] with an exception:
MultiException stack 1 of 4
java.lang.RuntimeException: java.util.concurrent.ExecutionException: java.lang.NoClassDefFoundError: javax/xml/bind/Unmarshaller
	at org.glassfish.hk2.utilities.cache.LRUHybridCache.compute(LRUHybridCache.java:315)
	at org.glassfish.hk2.utilities.reflection.internal.ClassReflectionHelperImpl.getAllMethods(ClassReflectionHelperImpl.java:108)
	at org.jvnet.hk2.internal.Utilities.findInitializerMethods(Utilities.java:1341)
	at org.jvnet.hk2.internal.DefaultClassAnalyzer.getInitializerMethods(DefaultClassAnalyzer.java:107)
	at org.glassfish.jersey.internal.inject.JerseyClassAnalyzer.getInitializerMethods(JerseyClassAnalyzer.java:242)
	at org.jvnet.hk2.internal.Utilities.getInitMethods(Utilities.java:218)
	at org.jvnet.hk2.internal.ClazzCreator.initialize(ClazzCreator.java:145)
	at org.jvnet.hk2.internal.ClazzCreator.initialize(ClazzCreator.java:180)
	at org.jvnet.hk2.internal.SystemDescriptor.internalReify(SystemDescriptor.java:740)
	at org.jvnet.hk2.internal.SystemDescriptor.reify(SystemDescriptor.java:694)
	at org.jvnet.hk2.internal.ServiceLocatorImpl.reifyDescriptor(ServiceLocatorImpl.java:461)
	at org.jvnet.hk2.internal.ServiceLocatorImpl.narrow(ServiceLocatorImpl.java:2288)
	at org.jvnet.hk2.internal.ServiceLocatorImpl.access$1200(ServiceLocatorImpl.java:125)
	at org.jvnet.hk2.internal.ServiceLocatorImpl$9.compute(ServiceLocatorImpl.java:1373)
	at org.jvnet.hk2.internal.ServiceLocatorImpl$9.compute(ServiceLocatorImpl.java:1368)
	at org.glassfish.hk2.utilities.cache.internal.WeakCARCacheImpl.compute(WeakCARCacheImpl.java:116)
	at org.jvnet.hk2.internal.ServiceLocatorImpl.internalGetAllServiceHandles(ServiceLocatorImpl.java:1430)
	at org.jvnet.hk2.internal.ServiceLocatorImpl.getAllServiceHandles(ServiceLocatorImpl.java:1355)
	at org.jvnet.hk2.internal.ServiceLocatorImpl.getAllServiceHandles(ServiceLocatorImpl.java:1344)
	at org.glassfish.jersey.internal.inject.Providers.getServiceHandles(Providers.java:354)
	at org.glassfish.jersey.internal.inject.Providers.getProviders(Providers.java:187)
	at org.glassfish.jersey.server.internal.inject.ParamConverterFactory.&lt;init&gt;(ParamConverterFactory.java:83)
	at java.base/jdk.internal.reflect.NativeConstructorAccessorImpl.newInstance0(Native Method)
	at java.base/jdk.internal.reflect.NativeConstructorAccessorImpl.newInstance(NativeConstructorAccessorImpl.java:62)
	at java.base/jdk.internal.reflect.DelegatingConstructorAccessorImpl.newInstance(DelegatingConstructorAccessorImpl.java:45)
	at java.base/java.lang.reflect.Constructor.newInstance(Constructor.java:488)
	at org.glassfish.hk2.utilities.reflection.ReflectionHelper.makeMe(ReflectionHelper.java:1375)
	at org.jvnet.hk2.internal.ClazzCreator.createMe(ClazzCreator.java:272)
	at org.jvnet.hk2.internal.ClazzCreator.create(ClazzCreator.java:366)
	at org.jvnet.hk2.internal.SystemDescriptor.create(SystemDescriptor.java:487)
	at org.jvnet.hk2.internal.SingletonContext$1.compute(SingletonContext.java:83)
	at org.jvnet.hk2.internal.SingletonContext$1.compute(SingletonContext.java:71)
	at org.glassfish.hk2.utilities.cache.Cache$OriginThreadAwareFuture$1.call(Cache.java:97)
	at java.base/java.util.concurrent.FutureTask.run(FutureTask.java:264)
	at org.glassfish.hk2.utilities.cache.Cache$OriginThreadAwareFuture.run(Cache.java:154)
	at org.glassfish.hk2.utilities.cache.Cache.compute(Cache.java:199)
	at org.jvnet.hk2.internal.SingletonContext.findOrCreate(SingletonContext.java:122)
	at org.jvnet.hk2.internal.Utilities.createService(Utilities.java:2022)
	at org.jvnet.hk2.internal.ServiceHandleImpl.getService(ServiceHandleImpl.java:114)
	at org.jvnet.hk2.internal.ServiceLocatorImpl.getService(ServiceLocatorImpl.java:695)
	at org.jvnet.hk2.internal.ThreeThirtyResolver.resolve(ThreeThirtyResolver.java:78)
	at org.jvnet.hk2.internal.ClazzCreator.resolve(ClazzCreator.java:212)
	at org.jvnet.hk2.internal.ClazzCreator.resolveAllDependencies(ClazzCreator.java:229)
	at org.jvnet.hk2.internal.ClazzCreator.create(ClazzCreator.java:358)
	at org.jvnet.hk2.internal.SystemDescriptor.create(SystemDescriptor.java:487)
	at org.jvnet.hk2.internal.SingletonContext$1.compute(SingletonContext.java:83)
	at org.jvnet.hk2.internal.SingletonContext$1.compute(SingletonContext.java:71)
	at org.glassfish.hk2.utilities.cache.Cache$OriginThreadAwareFuture$1.call(Cache.java:97)
	at java.base/java.util.concurrent.FutureTask.run(FutureTask.java:264)
	at org.glassfish.hk2.utilities.cache.Cache$OriginThreadAwareFuture.run(Cache.java:154)
	at org.glassfish.hk2.utilities.cache.Cache.compute(Cache.java:199)
	at org.jvnet.hk2.internal.SingletonContext.findOrCreate(SingletonContext.java:122)
	at org.jvnet.hk2.internal.Utilities.createService(Utilities.java:2022)
	at org.jvnet.hk2.internal.ServiceHandleImpl.getService(ServiceHandleImpl.java:114)
	at org.jvnet.hk2.internal.ServiceLocatorImpl.getService(ServiceLocatorImpl.java:695)
	at org.jvnet.hk2.internal.ThreeThirtyResolver.resolve(ThreeThirtyResolver.java:78)
	at org.jvnet.hk2.internal.ClazzCreator.resolve(ClazzCreator.java:212)
	at org.jvnet.hk2.internal.ClazzCreator.resolveAllDependencies(ClazzCreator.java:229)
	at org.jvnet.hk2.internal.ClazzCreator.create(ClazzCreator.java:358)
	at org.jvnet.hk2.internal.SystemDescriptor.create(SystemDescriptor.java:487)
	at org.jvnet.hk2.internal.SingletonContext$1.compute(SingletonContext.java:83)
	at org.jvnet.hk2.internal.SingletonContext$1.compute(SingletonContext.java:71)
	at org.glassfish.hk2.utilities.cache.Cache$OriginThreadAwareFuture$1.call(Cache.java:97)
	at java.base/java.util.concurrent.FutureTask.run(FutureTask.java:264)
	at org.glassfish.hk2.utilities.cache.Cache$OriginThreadAwareFuture.run(Cache.java:154)
	at org.glassfish.hk2.utilities.cache.Cache.compute(Cache.java:199)
	at org.jvnet.hk2.internal.SingletonContext.findOrCreate(SingletonContext.java:122)
	at org.jvnet.hk2.internal.Utilities.createService(Utilities.java:2022)
	at org.jvnet.hk2.internal.ServiceHandleImpl.getService(ServiceHandleImpl.java:114)
	at org.jvnet.hk2.internal.ServiceHandleImpl.getService(ServiceHandleImpl.java:88)
	at org.glassfish.jersey.internal.inject.ProviderToService.apply(ProviderToService.java:58)
	at org.glassfish.jersey.internal.inject.ProviderToService.apply(ProviderToService.java:54)
	at jersey.repackaged.com.google.common.collect.Iterators$8.transform(Iterators.java:799)
	at jersey.repackaged.com.google.common.collect.TransformedIterator.next(TransformedIterator.java:48)
	at java.base/java.util.AbstractCollection.addAll(AbstractCollection.java:351)
	at java.base/java.util.LinkedHashSet.&lt;init&gt;(LinkedHashSet.java:169)
	at jersey.repackaged.com.google.common.collect.Sets.newLinkedHashSet(Sets.java:325)
	at org.glassfish.jersey.internal.inject.Providers.getClasses(Providers.java:392)
	at org.glassfish.jersey.internal.inject.Providers.getProviders(Providers.java:188)
	at org.glassfish.jersey.server.spi.internal.ParameterValueHelper.createValueProviders(ParameterValueHelper.java:130)
	at org.glassfish.jersey.server.model.Invocable.getValueProviders(Invocable.java:320)
	at org.glassfish.jersey.server.model.ResourceMethodValidator.checkValueProviders(ResourceMethodValidator.java:165)
	at org.glassfish.jersey.server.model.ResourceMethodValidator.checkMethod(ResourceMethodValidator.java:106)
	at org.glassfish.jersey.server.model.ResourceMethodValidator.visitJaxrsResourceMethod(ResourceMethodValidator.java:102)
	at org.glassfish.jersey.server.model.ResourceMethodValidator.visitResourceMethod(ResourceMethodValidator.java:92)
	at org.glassfish.jersey.server.model.ResourceMethod.accept(ResourceMethod.java:873)
	at org.glassfish.jersey.server.model.ComponentModelValidator.validateWithErrors(ComponentModelValidator.java:161)
	at org.glassfish.jersey.server.model.ComponentModelValidator.validateWithErrors(ComponentModelValidator.java:167)
	at org.glassfish.jersey.server.model.ComponentModelValidator.validateWithErrors(ComponentModelValidator.java:167)
	at org.glassfish.jersey.server.model.ComponentModelValidator.access$000(ComponentModelValidator.java:90)
	at org.glassfish.jersey.server.model.ComponentModelValidator$1.run(ComponentModelValidator.java:151)
	at org.glassfish.jersey.internal.Errors$1.call(Errors.java:271)
	at org.glassfish.jersey.internal.Errors$1.call(Errors.java:267)
	at org.glassfish.jersey.internal.Errors.process(Errors.java:315)
	at org.glassfish.jersey.internal.Errors.process(Errors.java:297)
	at org.glassfish.jersey.internal.Errors.process(Errors.java:267)
	at org.glassfish.jersey.server.model.ComponentModelValidator.validate(ComponentModelValidator.java:146)
	at org.glassfish.jersey.server.ApplicationHandler.initialize(ApplicationHandler.java:550)
	at org.glassfish.jersey.server.ApplicationHandler.access$500(ApplicationHandler.java:184)
	at org.glassfish.jersey.server.ApplicationHandler$3.call(ApplicationHandler.java:350)
	at org.glassfish.jersey.server.ApplicationHandler$3.call(ApplicationHandler.java:347)
	at org.glassfish.jersey.internal.Errors.process(Errors.java:315)
	at org.glassfish.jersey.internal.Errors.process(Errors.java:297)
	at org.glassfish.jersey.internal.Errors.processWithException(Errors.java:255)
	at org.glassfish.jersey.server.ApplicationHandler.&lt;init&gt;(ApplicationHandler.java:347)
	at org.glassfish.jersey.server.ApplicationHandler.&lt;init&gt;(ApplicationHandler.java:311)
	at org.glassfish.jersey.grizzly2.httpserver.GrizzlyHttpContainer.&lt;init&gt;(GrizzlyHttpContainer.java:337)
	at org.glassfish.jersey.grizzly2.httpserver.GrizzlyHttpServerFactory.createHttpServer(GrizzlyHttpServerFactory.java:119)
	at com.example.Main.startServer(Main.java:30)
	at com.example.MyResourceTest.setUp(MyResourceTest.java:22)
	at java.base/jdk.internal.reflect.NativeMethodAccessorImpl.invoke0(Native Method)
	at java.base/jdk.internal.reflect.NativeMethodAccessorImpl.invoke(NativeMethodAccessorImpl.java:62)
	at java.base/jdk.internal.reflect.DelegatingMethodAccessorImpl.invoke(DelegatingMethodAccessorImpl.java:43)
	at java.base/java.lang.reflect.Method.invoke(Method.java:564)
	at org.junit.runners.model.FrameworkMethod$1.runReflectiveCall(FrameworkMethod.java:44)
	at org.junit.internal.runners.model.ReflectiveCallable.run(ReflectiveCallable.java:15)
	at org.junit.runners.model.FrameworkMethod.invokeExplosively(FrameworkMethod.java:41)
	at org.junit.internal.runners.statements.RunBefores.evaluate(RunBefores.java:27)
	at org.junit.internal.runners.statements.RunAfters.evaluate(RunAfters.java:31)
	at org.junit.runners.ParentRunner.runLeaf(ParentRunner.java:263)
	at org.junit.runners.BlockJUnit4ClassRunner.runChild(BlockJUnit4ClassRunner.java:69)
	at org.junit.runners.BlockJUnit4ClassRunner.runChild(BlockJUnit4ClassRunner.java:48)
	at org.junit.runners.ParentRunner$3.run(ParentRunner.java:231)
	at org.junit.runners.ParentRunner$1.schedule(ParentRunner.java:60)
	at org.junit.runners.ParentRunner.runChildren(ParentRunner.java:229)
	at org.junit.runners.ParentRunner.access$000(ParentRunner.java:50)
	at org.junit.runners.ParentRunner$2.evaluate(ParentRunner.java:222)
	at org.junit.runners.ParentRunner.run(ParentRunner.java:292)
	at org.apache.maven.surefire.junit4.JUnit4Provider.execute(JUnit4Provider.java:252)
	at org.apache.maven.surefire.junit4.JUnit4Provider.executeTestSet(JUnit4Provider.java:141)
	at org.apache.maven.surefire.junit4.JUnit4Provider.invoke(JUnit4Provider.java:112)
	at java.base/jdk.internal.reflect.NativeMethodAccessorImpl.invoke0(Native Method)
	at java.base/jdk.internal.reflect.NativeMethodAccessorImpl.invoke(NativeMethodAccessorImpl.java:62)
	at java.base/jdk.internal.reflect.DelegatingMethodAccessorImpl.invoke(DelegatingMethodAccessorImpl.java:43)
	at java.base/java.lang.reflect.Method.invoke(Method.java:564)
	at org.apache.maven.surefire.util.ReflectionUtils.invokeMethodWithArray(ReflectionUtils.java:189)
	at org.apache.maven.surefire.booter.ProviderFactory$ProviderProxy.invoke(ProviderFactory.java:165)
	at org.apache.maven.surefire.booter.ProviderFactory.invokeProvider(ProviderFactory.java:85)
	at org.apache.maven.surefire.booter.ForkedBooter.runSuitesInProcess(ForkedBooter.java:115)
	at org.apache.maven.surefire.booter.ForkedBooter.main(ForkedBooter.java:75)
Caused by: java.util.concurrent.ExecutionException: java.lang.NoClassDefFoundError: javax/xml/bind/Unmarshaller
	at java.base/java.util.concurrent.FutureTask.report(FutureTask.java:122)
	at java.base/java.util.concurrent.FutureTask.get(FutureTask.java:191)
	at org.glassfish.hk2.utilities.cache.LRUHybridCache$OriginThreadAwareFuture.get(LRUHybridCache.java:164)
	at org.glassfish.hk2.utilities.cache.LRUHybridCache.compute(LRUHybridCache.java:303)
	... 139 more
Caused by: java.lang.NoClassDefFoundError: javax/xml/bind/Unmarshaller
	at java.base/java.lang.Class.getDeclaredMethods0(Native Method)
	at java.base/java.lang.Class.privateGetDeclaredMethods(Class.java:3119)
	at java.base/java.lang.Class.getDeclaredMethods(Class.java:2268)
	at org.glassfish.hk2.utilities.reflection.internal.ClassReflectionHelperUtilities$3.run(ClassReflectionHelperUtilities.java:108)
	at org.glassfish.hk2.utilities.reflection.internal.ClassReflectionHelperUtilities$3.run(ClassReflectionHelperUtilities.java:104)
	at java.base/java.security.AccessController.doPrivileged(Native Method)
	at org.glassfish.hk2.utilities.reflection.internal.ClassReflectionHelperUtilities.secureGetDeclaredMethods(ClassReflectionHelperUtilities.java:104)
	at org.glassfish.hk2.utilities.reflection.internal.ClassReflectionHelperUtilities.getDeclaredMethodWrappers(ClassReflectionHelperUtilities.java:133)
	at org.glassfish.hk2.utilities.reflection.internal.ClassReflectionHelperUtilities.getAllMethodWrappers(ClassReflectionHelperUtilities.java:192)
	at org.glassfish.hk2.utilities.reflection.internal.ClassReflectionHelperUtilities.getAllMethodWrappers(ClassReflectionHelperUtilities.java:193)
	at org.glassfish.hk2.utilities.reflection.internal.ClassReflectionHelperImpl$3.compute(ClassReflectionHelperImpl.java:84)
	at org.glassfish.hk2.utilities.reflection.internal.ClassReflectionHelperImpl$3.compute(ClassReflectionHelperImpl.java:80)
	at org.glassfish.hk2.utilities.cache.LRUHybridCache$OriginThreadAwareFuture$1.call(LRUHybridCache.java:115)
	at org.glassfish.hk2.utilities.cache.LRUHybridCache$OriginThreadAwareFuture$1.call(LRUHybridCache.java:111)
	at java.base/java.util.concurrent.FutureTask.run(FutureTask.java:264)
	at org.glassfish.hk2.utilities.cache.LRUHybridCache$OriginThreadAwareFuture.run(LRUHybridCache.java:173)
	at org.glassfish.hk2.utilities.cache.LRUHybridCache.compute(LRUHybridCache.java:292)
	... 139 more
Caused by: java.lang.ClassNotFoundException: javax.xml.bind.Unmarshaller
	at java.base/jdk.internal.loader.BuiltinClassLoader.loadClass(BuiltinClassLoader.java:582)
	at java.base/jdk.internal.loader.ClassLoaders$AppClassLoader.loadClass(ClassLoaders.java:190)
	at java.base/java.lang.ClassLoader.loadClass(ClassLoader.java:499)
	... 156 more
MultiException stack 2 of 4
java.lang.RuntimeException: java.util.concurrent.ExecutionException: java.lang.NoClassDefFoundError: javax/xml/bind/Unmarshaller
	at org.glassfish.hk2.utilities.cache.LRUHybridCache.compute(LRUHybridCache.java:315)
	at org.glassfish.hk2.utilities.reflection.internal.ClassReflectionHelperImpl.getAllMethods(ClassReflectionHelperImpl.java:108)
	at org.glassfish.hk2.utilities.reflection.internal.ClassReflectionHelperImpl.getPostConstructMethod(ClassReflectionHelperImpl.java:184)
	at org.glassfish.hk2.utilities.reflection.internal.ClassReflectionHelperImpl.access$200(ClassReflectionHelperImpl.java:56)
	at org.glassfish.hk2.utilities.reflection.internal.ClassReflectionHelperImpl$1.compute(ClassReflectionHelperImpl.java:64)
	at org.glassfish.hk2.utilities.reflection.internal.ClassReflectionHelperImpl$1.compute(ClassReflectionHelperImpl.java:60)
	at org.glassfish.hk2.utilities.cache.LRUHybridCache$OriginThreadAwareFuture$1.call(LRUHybridCache.java:115)
	at org.glassfish.hk2.utilities.cache.LRUHybridCache$OriginThreadAwareFuture$1.call(LRUHybridCache.java:111)
	at java.base/java.util.concurrent.FutureTask.run(FutureTask.java:264)
	at org.glassfish.hk2.utilities.cache.LRUHybridCache$OriginThreadAwareFuture.run(LRUHybridCache.java:173)
	at org.glassfish.hk2.utilities.cache.LRUHybridCache.compute(LRUHybridCache.java:292)
	at org.glassfish.hk2.utilities.reflection.internal.ClassReflectionHelperImpl.findPostConstruct(ClassReflectionHelperImpl.java:119)
	at org.jvnet.hk2.internal.Utilities.findPostConstruct(Utilities.java:1372)
	at org.jvnet.hk2.internal.DefaultClassAnalyzer.getPostConstructMethod(DefaultClassAnalyzer.java:130)
	at org.glassfish.jersey.internal.inject.JerseyClassAnalyzer.getPostConstructMethod(JerseyClassAnalyzer.java:252)
	at org.jvnet.hk2.internal.Utilities.getPostConstruct(Utilities.java:279)
	at org.jvnet.hk2.internal.ClazzCreator.initialize(ClazzCreator.java:169)
	at org.jvnet.hk2.internal.ClazzCreator.initialize(ClazzCreator.java:180)
	at org.jvnet.hk2.internal.SystemDescriptor.internalReify(SystemDescriptor.java:740)
	at org.jvnet.hk2.internal.SystemDescriptor.reify(SystemDescriptor.java:694)
	at org.jvnet.hk2.internal.ServiceLocatorImpl.reifyDescriptor(ServiceLocatorImpl.java:461)
	at org.jvnet.hk2.internal.ServiceLocatorImpl.narrow(ServiceLocatorImpl.java:2288)
	at org.jvnet.hk2.internal.ServiceLocatorImpl.access$1200(ServiceLocatorImpl.java:125)
	at org.jvnet.hk2.internal.ServiceLocatorImpl$9.compute(ServiceLocatorImpl.java:1373)
	at org.jvnet.hk2.internal.ServiceLocatorImpl$9.compute(ServiceLocatorImpl.java:1368)
	at org.glassfish.hk2.utilities.cache.internal.WeakCARCacheImpl.compute(WeakCARCacheImpl.java:116)
	at org.jvnet.hk2.internal.ServiceLocatorImpl.internalGetAllServiceHandles(ServiceLocatorImpl.java:1430)
	at org.jvnet.hk2.internal.ServiceLocatorImpl.getAllServiceHandles(ServiceLocatorImpl.java:1355)
	at org.jvnet.hk2.internal.ServiceLocatorImpl.getAllServiceHandles(ServiceLocatorImpl.java:1344)
	at org.glassfish.jersey.internal.inject.Providers.getServiceHandles(Providers.java:354)
	at org.glassfish.jersey.internal.inject.Providers.getProviders(Providers.java:187)
	at org.glassfish.jersey.server.internal.inject.ParamConverterFactory.&lt;init&gt;(ParamConverterFactory.java:83)
	at java.base/jdk.internal.reflect.NativeConstructorAccessorImpl.newInstance0(Native Method)
	at java.base/jdk.internal.reflect.NativeConstructorAccessorImpl.newInstance(NativeConstructorAccessorImpl.java:62)
	at java.base/jdk.internal.reflect.DelegatingConstructorAccessorImpl.newInstance(DelegatingConstructorAccessorImpl.java:45)
	at java.base/java.lang.reflect.Constructor.newInstance(Constructor.java:488)
	at org.glassfish.hk2.utilities.reflection.ReflectionHelper.makeMe(ReflectionHelper.java:1375)
	at org.jvnet.hk2.internal.ClazzCreator.createMe(ClazzCreator.java:272)
	at org.jvnet.hk2.internal.ClazzCreator.create(ClazzCreator.java:366)
	at org.jvnet.hk2.internal.SystemDescriptor.create(SystemDescriptor.java:487)
	at org.jvnet.hk2.internal.SingletonContext$1.compute(SingletonContext.java:83)
	at org.jvnet.hk2.internal.SingletonContext$1.compute(SingletonContext.java:71)
	at org.glassfish.hk2.utilities.cache.Cache$OriginThreadAwareFuture$1.call(Cache.java:97)
	at java.base/java.util.concurrent.FutureTask.run(FutureTask.java:264)
	at org.glassfish.hk2.utilities.cache.Cache$OriginThreadAwareFuture.run(Cache.java:154)
	at org.glassfish.hk2.utilities.cache.Cache.compute(Cache.java:199)
	at org.jvnet.hk2.internal.SingletonContext.findOrCreate(SingletonContext.java:122)
	at org.jvnet.hk2.internal.Utilities.createService(Utilities.java:2022)
	at org.jvnet.hk2.internal.ServiceHandleImpl.getService(ServiceHandleImpl.java:114)
	at org.jvnet.hk2.internal.ServiceLocatorImpl.getService(ServiceLocatorImpl.java:695)
	at org.jvnet.hk2.internal.ThreeThirtyResolver.resolve(ThreeThirtyResolver.java:78)
	at org.jvnet.hk2.internal.ClazzCreator.resolve(ClazzCreator.java:212)
	at org.jvnet.hk2.internal.ClazzCreator.resolveAllDependencies(ClazzCreator.java:229)
	at org.jvnet.hk2.internal.ClazzCreator.create(ClazzCreator.java:358)
	at org.jvnet.hk2.internal.SystemDescriptor.create(SystemDescriptor.java:487)
	at org.jvnet.hk2.internal.SingletonContext$1.compute(SingletonContext.java:83)
	at org.jvnet.hk2.internal.SingletonContext$1.compute(SingletonContext.java:71)
	at org.glassfish.hk2.utilities.cache.Cache$OriginThreadAwareFuture$1.call(Cache.java:97)
	at java.base/java.util.concurrent.FutureTask.run(FutureTask.java:264)
	at org.glassfish.hk2.utilities.cache.Cache$OriginThreadAwareFuture.run(Cache.java:154)
	at org.glassfish.hk2.utilities.cache.Cache.compute(Cache.java:199)
	at org.jvnet.hk2.internal.SingletonContext.findOrCreate(SingletonContext.java:122)
	at org.jvnet.hk2.internal.Utilities.createService(Utilities.java:2022)
	at org.jvnet.hk2.internal.ServiceHandleImpl.getService(ServiceHandleImpl.java:114)
	at org.jvnet.hk2.internal.ServiceLocatorImpl.getService(ServiceLocatorImpl.java:695)
	at org.jvnet.hk2.internal.ThreeThirtyResolver.resolve(ThreeThirtyResolver.java:78)
	at org.jvnet.hk2.internal.ClazzCreator.resolve(ClazzCreator.java:212)
	at org.jvnet.hk2.internal.ClazzCreator.resolveAllDependencies(ClazzCreator.java:229)
	at org.jvnet.hk2.internal.ClazzCreator.create(ClazzCreator.java:358)
	at org.jvnet.hk2.internal.SystemDescriptor.create(SystemDescriptor.java:487)
	at org.jvnet.hk2.internal.SingletonContext$1.compute(SingletonContext.java:83)
	at org.jvnet.hk2.internal.SingletonContext$1.compute(SingletonContext.java:71)
	at org.glassfish.hk2.utilities.cache.Cache$OriginThreadAwareFuture$1.call(Cache.java:97)
	at java.base/java.util.concurrent.FutureTask.run(FutureTask.java:264)
	at org.glassfish.hk2.utilities.cache.Cache$OriginThreadAwareFuture.run(Cache.java:154)
	at org.glassfish.hk2.utilities.cache.Cache.compute(Cache.java:199)
	at org.jvnet.hk2.internal.SingletonContext.findOrCreate(SingletonContext.java:122)
	at org.jvnet.hk2.internal.Utilities.createService(Utilities.java:2022)
	at org.jvnet.hk2.internal.ServiceHandleImpl.getService(ServiceHandleImpl.java:114)
	at org.jvnet.hk2.internal.ServiceHandleImpl.getService(ServiceHandleImpl.java:88)
	at org.glassfish.jersey.internal.inject.ProviderToService.apply(ProviderToService.java:58)
	at org.glassfish.jersey.internal.inject.ProviderToService.apply(ProviderToService.java:54)
	at jersey.repackaged.com.google.common.collect.Iterators$8.transform(Iterators.java:799)
	at jersey.repackaged.com.google.common.collect.TransformedIterator.next(TransformedIterator.java:48)
	at java.base/java.util.AbstractCollection.addAll(AbstractCollection.java:351)
	at java.base/java.util.LinkedHashSet.&lt;init&gt;(LinkedHashSet.java:169)
	at jersey.repackaged.com.google.common.collect.Sets.newLinkedHashSet(Sets.java:325)
	at org.glassfish.jersey.internal.inject.Providers.getClasses(Providers.java:392)
	at org.glassfish.jersey.internal.inject.Providers.getProviders(Providers.java:188)
	at org.glassfish.jersey.server.spi.internal.ParameterValueHelper.createValueProviders(ParameterValueHelper.java:130)
	at org.glassfish.jersey.server.model.Invocable.getValueProviders(Invocable.java:320)
	at org.glassfish.jersey.server.model.ResourceMethodValidator.checkValueProviders(ResourceMethodValidator.java:165)
	at org.glassfish.jersey.server.model.ResourceMethodValidator.checkMethod(ResourceMethodValidator.java:106)
	at org.glassfish.jersey.server.model.ResourceMethodValidator.visitJaxrsResourceMethod(ResourceMethodValidator.java:102)
	at org.glassfish.jersey.server.model.ResourceMethodValidator.visitResourceMethod(ResourceMethodValidator.java:92)
	at org.glassfish.jersey.server.model.ResourceMethod.accept(ResourceMethod.java:873)
	at org.glassfish.jersey.server.model.ComponentModelValidator.validateWithErrors(ComponentModelValidator.java:161)
	at org.glassfish.jersey.server.model.ComponentModelValidator.validateWithErrors(ComponentModelValidator.java:167)
	at org.glassfish.jersey.server.model.ComponentModelValidator.validateWithErrors(ComponentModelValidator.java:167)
	at org.glassfish.jersey.server.model.ComponentModelValidator.access$000(ComponentModelValidator.java:90)
	at org.glassfish.jersey.server.model.ComponentModelValidator$1.run(ComponentModelValidator.java:151)
	at org.glassfish.jersey.internal.Errors$1.call(Errors.java:271)
	at org.glassfish.jersey.internal.Errors$1.call(Errors.java:267)
	at org.glassfish.jersey.internal.Errors.process(Errors.java:315)
	at org.glassfish.jersey.internal.Errors.process(Errors.java:297)
	at org.glassfish.jersey.internal.Errors.process(Errors.java:267)
	at org.glassfish.jersey.server.model.ComponentModelValidator.validate(ComponentModelValidator.java:146)
	at org.glassfish.jersey.server.ApplicationHandler.initialize(ApplicationHandler.java:550)
	at org.glassfish.jersey.server.ApplicationHandler.access$500(ApplicationHandler.java:184)
	at org.glassfish.jersey.server.ApplicationHandler$3.call(ApplicationHandler.java:350)
	at org.glassfish.jersey.server.ApplicationHandler$3.call(ApplicationHandler.java:347)
	at org.glassfish.jersey.internal.Errors.process(Errors.java:315)
	at org.glassfish.jersey.internal.Errors.process(Errors.java:297)
	at org.glassfish.jersey.internal.Errors.processWithException(Errors.java:255)
	at org.glassfish.jersey.server.ApplicationHandler.&lt;init&gt;(ApplicationHandler.java:347)
	at org.glassfish.jersey.server.ApplicationHandler.&lt;init&gt;(ApplicationHandler.java:311)
	at org.glassfish.jersey.grizzly2.httpserver.GrizzlyHttpContainer.&lt;init&gt;(GrizzlyHttpContainer.java:337)
	at org.glassfish.jersey.grizzly2.httpserver.GrizzlyHttpServerFactory.createHttpServer(GrizzlyHttpServerFactory.java:119)
	at com.example.Main.startServer(Main.java:30)
	at com.example.MyResourceTest.setUp(MyResourceTest.java:22)
	at java.base/jdk.internal.reflect.NativeMethodAccessorImpl.invoke0(Native Method)
	at java.base/jdk.internal.reflect.NativeMethodAccessorImpl.invoke(NativeMethodAccessorImpl.java:62)
	at java.base/jdk.internal.reflect.DelegatingMethodAccessorImpl.invoke(DelegatingMethodAccessorImpl.java:43)
	at java.base/java.lang.reflect.Method.invoke(Method.java:564)
	at org.junit.runners.model.FrameworkMethod$1.runReflectiveCall(FrameworkMethod.java:44)
	at org.junit.internal.runners.model.ReflectiveCallable.run(ReflectiveCallable.java:15)
	at org.junit.runners.model.FrameworkMethod.invokeExplosively(FrameworkMethod.java:41)
	at org.junit.internal.runners.statements.RunBefores.evaluate(RunBefores.java:27)
	at org.junit.internal.runners.statements.RunAfters.evaluate(RunAfters.java:31)
	at org.junit.runners.ParentRunner.runLeaf(ParentRunner.java:263)
	at org.junit.runners.BlockJUnit4ClassRunner.runChild(BlockJUnit4ClassRunner.java:69)
	at org.junit.runners.BlockJUnit4ClassRunner.runChild(BlockJUnit4ClassRunner.java:48)
	at org.junit.runners.ParentRunner$3.run(ParentRunner.java:231)
	at org.junit.runners.ParentRunner$1.schedule(ParentRunner.java:60)
	at org.junit.runners.ParentRunner.runChildren(ParentRunner.java:229)
	at org.junit.runners.ParentRunner.access$000(ParentRunner.java:50)
	at org.junit.runners.ParentRunner$2.evaluate(ParentRunner.java:222)
	at org.junit.runners.ParentRunner.run(ParentRunner.java:292)
	at org.apache.maven.surefire.junit4.JUnit4Provider.execute(JUnit4Provider.java:252)
	at org.apache.maven.surefire.junit4.JUnit4Provider.executeTestSet(JUnit4Provider.java:141)
	at org.apache.maven.surefire.junit4.JUnit4Provider.invoke(JUnit4Provider.java:112)
	at java.base/jdk.internal.reflect.NativeMethodAccessorImpl.invoke0(Native Method)
	at java.base/jdk.internal.reflect.NativeMethodAccessorImpl.invoke(NativeMethodAccessorImpl.java:62)
	at java.base/jdk.internal.reflect.DelegatingMethodAccessorImpl.invoke(DelegatingMethodAccessorImpl.java:43)
	at java.base/java.lang.reflect.Method.invoke(Method.java:564)
	at org.apache.maven.surefire.util.ReflectionUtils.invokeMethodWithArray(ReflectionUtils.java:189)
	at org.apache.maven.surefire.booter.ProviderFactory$ProviderProxy.invoke(ProviderFactory.java:165)
	at org.apache.maven.surefire.booter.ProviderFactory.invokeProvider(ProviderFactory.java:85)
	at org.apache.maven.surefire.booter.ForkedBooter.runSuitesInProcess(ForkedBooter.java:115)
	at org.apache.maven.surefire.booter.ForkedBooter.main(ForkedBooter.java:75)
Caused by: java.util.concurrent.ExecutionException: java.lang.NoClassDefFoundError: javax/xml/bind/Unmarshaller
	at java.base/java.util.concurrent.FutureTask.report(FutureTask.java:122)
	at java.base/java.util.concurrent.FutureTask.get(FutureTask.java:191)
	at org.glassfish.hk2.utilities.cache.LRUHybridCache$OriginThreadAwareFuture.get(LRUHybridCache.java:164)
	at org.glassfish.hk2.utilities.cache.LRUHybridCache.compute(LRUHybridCache.java:303)
	... 149 more
Caused by: java.lang.NoClassDefFoundError: javax/xml/bind/Unmarshaller
	at java.base/java.lang.Class.getDeclaredMethods0(Native Method)
	at java.base/java.lang.Class.privateGetDeclaredMethods(Class.java:3119)
	at java.base/java.lang.Class.getDeclaredMethods(Class.java:2268)
	at org.glassfish.hk2.utilities.reflection.internal.ClassReflectionHelperUtilities$3.run(ClassReflectionHelperUtilities.java:108)
	at org.glassfish.hk2.utilities.reflection.internal.ClassReflectionHelperUtilities$3.run(ClassReflectionHelperUtilities.java:104)
	at java.base/java.security.AccessController.doPrivileged(Native Method)
	at org.glassfish.hk2.utilities.reflection.internal.ClassReflectionHelperUtilities.secureGetDeclaredMethods(ClassReflectionHelperUtilities.java:104)
	at org.glassfish.hk2.utilities.reflection.internal.ClassReflectionHelperUtilities.getDeclaredMethodWrappers(ClassReflectionHelperUtilities.java:133)
	at org.glassfish.hk2.utilities.reflection.internal.ClassReflectionHelperUtilities.getAllMethodWrappers(ClassReflectionHelperUtilities.java:192)
	at org.glassfish.hk2.utilities.reflection.internal.ClassReflectionHelperUtilities.getAllMethodWrappers(ClassReflectionHelperUtilities.java:193)
	at org.glassfish.hk2.utilities.reflection.internal.ClassReflectionHelperImpl$3.compute(ClassReflectionHelperImpl.java:84)
	at org.glassfish.hk2.utilities.reflection.internal.ClassReflectionHelperImpl$3.compute(ClassReflectionHelperImpl.java:80)
	at org.glassfish.hk2.utilities.cache.LRUHybridCache$OriginThreadAwareFuture$1.call(LRUHybridCache.java:115)
	at org.glassfish.hk2.utilities.cache.LRUHybridCache$OriginThreadAwareFuture$1.call(LRUHybridCache.java:111)
	at java.base/java.util.concurrent.FutureTask.run(FutureTask.java:264)
	at org.glassfish.hk2.utilities.cache.LRUHybridCache$OriginThreadAwareFuture.run(LRUHybridCache.java:173)
	at org.glassfish.hk2.utilities.cache.LRUHybridCache.compute(LRUHybridCache.java:292)
	... 149 more
Caused by: java.lang.ClassNotFoundException: javax.xml.bind.Unmarshaller
	at java.base/jdk.internal.loader.BuiltinClassLoader.loadClass(BuiltinClassLoader.java:582)
	at java.base/jdk.internal.loader.ClassLoaders$AppClassLoader.loadClass(ClassLoaders.java:190)
	at java.base/java.lang.ClassLoader.loadClass(ClassLoader.java:499)
	... 166 more
MultiException stack 3 of 4
java.lang.RuntimeException: java.util.concurrent.ExecutionException: java.lang.NoClassDefFoundError: javax/xml/bind/Unmarshaller
	at org.glassfish.hk2.utilities.cache.LRUHybridCache.compute(LRUHybridCache.java:315)
	at org.glassfish.hk2.utilities.reflection.internal.ClassReflectionHelperImpl.getAllMethods(ClassReflectionHelperImpl.java:108)
	at org.glassfish.hk2.utilities.reflection.internal.ClassReflectionHelperImpl.getPreDestroyMethod(ClassReflectionHelperImpl.java:209)
	at org.glassfish.hk2.utilities.reflection.internal.ClassReflectionHelperImpl.access$400(ClassReflectionHelperImpl.java:56)
	at org.glassfish.hk2.utilities.reflection.internal.ClassReflectionHelperImpl$2.compute(ClassReflectionHelperImpl.java:74)
	at org.glassfish.hk2.utilities.reflection.internal.ClassReflectionHelperImpl$2.compute(ClassReflectionHelperImpl.java:70)
	at org.glassfish.hk2.utilities.cache.LRUHybridCache$OriginThreadAwareFuture$1.call(LRUHybridCache.java:115)
	at org.glassfish.hk2.utilities.cache.LRUHybridCache$OriginThreadAwareFuture$1.call(LRUHybridCache.java:111)
	at java.base/java.util.concurrent.FutureTask.run(FutureTask.java:264)
	at org.glassfish.hk2.utilities.cache.LRUHybridCache$OriginThreadAwareFuture.run(LRUHybridCache.java:173)
	at org.glassfish.hk2.utilities.cache.LRUHybridCache.compute(LRUHybridCache.java:292)
	at org.glassfish.hk2.utilities.reflection.internal.ClassReflectionHelperImpl.findPreDestroy(ClassReflectionHelperImpl.java:125)
	at org.jvnet.hk2.internal.Utilities.findPreDestroy(Utilities.java:1388)
	at org.jvnet.hk2.internal.DefaultClassAnalyzer.getPreDestroyMethod(DefaultClassAnalyzer.java:141)
	at org.glassfish.jersey.internal.inject.JerseyClassAnalyzer.getPreDestroyMethod(JerseyClassAnalyzer.java:257)
	at org.jvnet.hk2.internal.Utilities.getPreDestroy(Utilities.java:301)
	at org.jvnet.hk2.internal.ClazzCreator.initialize(ClazzCreator.java:170)
	at org.jvnet.hk2.internal.ClazzCreator.initialize(ClazzCreator.java:180)
	at org.jvnet.hk2.internal.SystemDescriptor.internalReify(SystemDescriptor.java:740)
	at org.jvnet.hk2.internal.SystemDescriptor.reify(SystemDescriptor.java:694)
	at org.jvnet.hk2.internal.ServiceLocatorImpl.reifyDescriptor(ServiceLocatorImpl.java:461)
	at org.jvnet.hk2.internal.ServiceLocatorImpl.narrow(ServiceLocatorImpl.java:2288)
	at org.jvnet.hk2.internal.ServiceLocatorImpl.access$1200(ServiceLocatorImpl.java:125)
	at org.jvnet.hk2.internal.ServiceLocatorImpl$9.compute(ServiceLocatorImpl.java:1373)
	at org.jvnet.hk2.internal.ServiceLocatorImpl$9.compute(ServiceLocatorImpl.java:1368)
	at org.glassfish.hk2.utilities.cache.internal.WeakCARCacheImpl.compute(WeakCARCacheImpl.java:116)
	at org.jvnet.hk2.internal.ServiceLocatorImpl.internalGetAllServiceHandles(ServiceLocatorImpl.java:1430)
	at org.jvnet.hk2.internal.ServiceLocatorImpl.getAllServiceHandles(ServiceLocatorImpl.java:1355)
	at org.jvnet.hk2.internal.ServiceLocatorImpl.getAllServiceHandles(ServiceLocatorImpl.java:1344)
	at org.glassfish.jersey.internal.inject.Providers.getServiceHandles(Providers.java:354)
	at org.glassfish.jersey.internal.inject.Providers.getProviders(Providers.java:187)
	at org.glassfish.jersey.server.internal.inject.ParamConverterFactory.&lt;init&gt;(ParamConverterFactory.java:83)
	at java.base/jdk.internal.reflect.NativeConstructorAccessorImpl.newInstance0(Native Method)
	at java.base/jdk.internal.reflect.NativeConstructorAccessorImpl.newInstance(NativeConstructorAccessorImpl.java:62)
	at java.base/jdk.internal.reflect.DelegatingConstructorAccessorImpl.newInstance(DelegatingConstructorAccessorImpl.java:45)
	at java.base/java.lang.reflect.Constructor.newInstance(Constructor.java:488)
	at org.glassfish.hk2.utilities.reflection.ReflectionHelper.makeMe(ReflectionHelper.java:1375)
	at org.jvnet.hk2.internal.ClazzCreator.createMe(ClazzCreator.java:272)
	at org.jvnet.hk2.internal.ClazzCreator.create(ClazzCreator.java:366)
	at org.jvnet.hk2.internal.SystemDescriptor.create(SystemDescriptor.java:487)
	at org.jvnet.hk2.internal.SingletonContext$1.compute(SingletonContext.java:83)
	at org.jvnet.hk2.internal.SingletonContext$1.compute(SingletonContext.java:71)
	at org.glassfish.hk2.utilities.cache.Cache$OriginThreadAwareFuture$1.call(Cache.java:97)
	at java.base/java.util.concurrent.FutureTask.run(FutureTask.java:264)
	at org.glassfish.hk2.utilities.cache.Cache$OriginThreadAwareFuture.run(Cache.java:154)
	at org.glassfish.hk2.utilities.cache.Cache.compute(Cache.java:199)
	at org.jvnet.hk2.internal.SingletonContext.findOrCreate(SingletonContext.java:122)
	at org.jvnet.hk2.internal.Utilities.createService(Utilities.java:2022)
	at org.jvnet.hk2.internal.ServiceHandleImpl.getService(ServiceHandleImpl.java:114)
	at org.jvnet.hk2.internal.ServiceLocatorImpl.getService(ServiceLocatorImpl.java:695)
	at org.jvnet.hk2.internal.ThreeThirtyResolver.resolve(ThreeThirtyResolver.java:78)
	at org.jvnet.hk2.internal.ClazzCreator.resolve(ClazzCreator.java:212)
	at org.jvnet.hk2.internal.ClazzCreator.resolveAllDependencies(ClazzCreator.java:229)
	at org.jvnet.hk2.internal.ClazzCreator.create(ClazzCreator.java:358)
	at org.jvnet.hk2.internal.SystemDescriptor.create(SystemDescriptor.java:487)
	at org.jvnet.hk2.internal.SingletonContext$1.compute(SingletonContext.java:83)
	at org.jvnet.hk2.internal.SingletonContext$1.compute(SingletonContext.java:71)
	at org.glassfish.hk2.utilities.cache.Cache$OriginThreadAwareFuture$1.call(Cache.java:97)
	at java.base/java.util.concurrent.FutureTask.run(FutureTask.java:264)
	at org.glassfish.hk2.utilities.cache.Cache$OriginThreadAwareFuture.run(Cache.java:154)
	at org.glassfish.hk2.utilities.cache.Cache.compute(Cache.java:199)
	at org.jvnet.hk2.internal.SingletonContext.findOrCreate(SingletonContext.java:122)
	at org.jvnet.hk2.internal.Utilities.createService(Utilities.java:2022)
	at org.jvnet.hk2.internal.ServiceHandleImpl.getService(ServiceHandleImpl.java:114)
	at org.jvnet.hk2.internal.ServiceLocatorImpl.getService(ServiceLocatorImpl.java:695)
	at org.jvnet.hk2.internal.ThreeThirtyResolver.resolve(ThreeThirtyResolver.java:78)
	at org.jvnet.hk2.internal.ClazzCreator.resolve(ClazzCreator.java:212)
	at org.jvnet.hk2.internal.ClazzCreator.resolveAllDependencies(ClazzCreator.java:229)
	at org.jvnet.hk2.internal.ClazzCreator.create(ClazzCreator.java:358)
	at org.jvnet.hk2.internal.SystemDescriptor.create(SystemDescriptor.java:487)
	at org.jvnet.hk2.internal.SingletonContext$1.compute(SingletonContext.java:83)
	at org.jvnet.hk2.internal.SingletonContext$1.compute(SingletonContext.java:71)
	at org.glassfish.hk2.utilities.cache.Cache$OriginThreadAwareFuture$1.call(Cache.java:97)
	at java.base/java.util.concurrent.FutureTask.run(FutureTask.java:264)
	at org.glassfish.hk2.utilities.cache.Cache$OriginThreadAwareFuture.run(Cache.java:154)
	at org.glassfish.hk2.utilities.cache.Cache.compute(Cache.java:199)
	at org.jvnet.hk2.internal.SingletonContext.findOrCreate(SingletonContext.java:122)
	at org.jvnet.hk2.internal.Utilities.createService(Utilities.java:2022)
	at org.jvnet.hk2.internal.ServiceHandleImpl.getService(ServiceHandleImpl.java:114)
	at org.jvnet.hk2.internal.ServiceHandleImpl.getService(ServiceHandleImpl.java:88)
	at org.glassfish.jersey.internal.inject.ProviderToService.apply(ProviderToService.java:58)
	at org.glassfish.jersey.internal.inject.ProviderToService.apply(ProviderToService.java:54)
	at jersey.repackaged.com.google.common.collect.Iterators$8.transform(Iterators.java:799)
	at jersey.repackaged.com.google.common.collect.TransformedIterator.next(TransformedIterator.java:48)
	at java.base/java.util.AbstractCollection.addAll(AbstractCollection.java:351)
	at java.base/java.util.LinkedHashSet.&lt;init&gt;(LinkedHashSet.java:169)
	at jersey.repackaged.com.google.common.collect.Sets.newLinkedHashSet(Sets.java:325)
	at org.glassfish.jersey.internal.inject.Providers.getClasses(Providers.java:392)
	at org.glassfish.jersey.internal.inject.Providers.getProviders(Providers.java:188)
	at org.glassfish.jersey.server.spi.internal.ParameterValueHelper.createValueProviders(ParameterValueHelper.java:130)
	at org.glassfish.jersey.server.model.Invocable.getValueProviders(Invocable.java:320)
	at org.glassfish.jersey.server.model.ResourceMethodValidator.checkValueProviders(ResourceMethodValidator.java:165)
	at org.glassfish.jersey.server.model.ResourceMethodValidator.checkMethod(ResourceMethodValidator.java:106)
	at org.glassfish.jersey.server.model.ResourceMethodValidator.visitJaxrsResourceMethod(ResourceMethodValidator.java:102)
	at org.glassfish.jersey.server.model.ResourceMethodValidator.visitResourceMethod(ResourceMethodValidator.java:92)
	at org.glassfish.jersey.server.model.ResourceMethod.accept(ResourceMethod.java:873)
	at org.glassfish.jersey.server.model.ComponentModelValidator.validateWithErrors(ComponentModelValidator.java:161)
	at org.glassfish.jersey.server.model.ComponentModelValidator.validateWithErrors(ComponentModelValidator.java:167)
	at org.glassfish.jersey.server.model.ComponentModelValidator.validateWithErrors(ComponentModelValidator.java:167)
	at org.glassfish.jersey.server.model.ComponentModelValidator.access$000(ComponentModelValidator.java:90)
	at org.glassfish.jersey.server.model.ComponentModelValidator$1.run(ComponentModelValidator.java:151)
	at org.glassfish.jersey.internal.Errors$1.call(Errors.java:271)
	at org.glassfish.jersey.internal.Errors$1.call(Errors.java:267)
	at org.glassfish.jersey.internal.Errors.process(Errors.java:315)
	at org.glassfish.jersey.internal.Errors.process(Errors.java:297)
	at org.glassfish.jersey.internal.Errors.process(Errors.java:267)
	at org.glassfish.jersey.server.model.ComponentModelValidator.validate(ComponentModelValidator.java:146)
	at org.glassfish.jersey.server.ApplicationHandler.initialize(ApplicationHandler.java:550)
	at org.glassfish.jersey.server.ApplicationHandler.access$500(ApplicationHandler.java:184)
	at org.glassfish.jersey.server.ApplicationHandler$3.call(ApplicationHandler.java:350)
	at org.glassfish.jersey.server.ApplicationHandler$3.call(ApplicationHandler.java:347)
	at org.glassfish.jersey.internal.Errors.process(Errors.java:315)
	at org.glassfish.jersey.internal.Errors.process(Errors.java:297)
	at org.glassfish.jersey.internal.Errors.processWithException(Errors.java:255)
	at org.glassfish.jersey.server.ApplicationHandler.&lt;init&gt;(ApplicationHandler.java:347)
	at org.glassfish.jersey.server.ApplicationHandler.&lt;init&gt;(ApplicationHandler.java:311)
	at org.glassfish.jersey.grizzly2.httpserver.GrizzlyHttpContainer.&lt;init&gt;(GrizzlyHttpContainer.java:337)
	at org.glassfish.jersey.grizzly2.httpserver.GrizzlyHttpServerFactory.createHttpServer(GrizzlyHttpServerFactory.java:119)
	at com.example.Main.startServer(Main.java:30)
	at com.example.MyResourceTest.setUp(MyResourceTest.java:22)
	at java.base/jdk.internal.reflect.NativeMethodAccessorImpl.invoke0(Native Method)
	at java.base/jdk.internal.reflect.NativeMethodAccessorImpl.invoke(NativeMethodAccessorImpl.java:62)
	at java.base/jdk.internal.reflect.DelegatingMethodAccessorImpl.invoke(DelegatingMethodAccessorImpl.java:43)
	at java.base/java.lang.reflect.Method.invoke(Method.java:564)
	at org.junit.runners.model.FrameworkMethod$1.runReflectiveCall(FrameworkMethod.java:44)
	at org.junit.internal.runners.model.ReflectiveCallable.run(ReflectiveCallable.java:15)
	at org.junit.runners.model.FrameworkMethod.invokeExplosively(FrameworkMethod.java:41)
	at org.junit.internal.runners.statements.RunBefores.evaluate(RunBefores.java:27)
	at org.junit.internal.runners.statements.RunAfters.evaluate(RunAfters.java:31)
	at org.junit.runners.ParentRunner.runLeaf(ParentRunner.java:263)
	at org.junit.runners.BlockJUnit4ClassRunner.runChild(BlockJUnit4ClassRunner.java:69)
	at org.junit.runners.BlockJUnit4ClassRunner.runChild(BlockJUnit4ClassRunner.java:48)
	at org.junit.runners.ParentRunner$3.run(ParentRunner.java:231)
	at org.junit.runners.ParentRunner$1.schedule(ParentRunner.java:60)
	at org.junit.runners.ParentRunner.runChildren(ParentRunner.java:229)
	at org.junit.runners.ParentRunner.access$000(ParentRunner.java:50)
	at org.junit.runners.ParentRunner$2.evaluate(ParentRunner.java:222)
	at org.junit.runners.ParentRunner.run(ParentRunner.java:292)
	at org.apache.maven.surefire.junit4.JUnit4Provider.execute(JUnit4Provider.java:252)
	at org.apache.maven.surefire.junit4.JUnit4Provider.executeTestSet(JUnit4Provider.java:141)
	at org.apache.maven.surefire.junit4.JUnit4Provider.invoke(JUnit4Provider.java:112)
	at java.base/jdk.internal.reflect.NativeMethodAccessorImpl.invoke0(Native Method)
	at java.base/jdk.internal.reflect.NativeMethodAccessorImpl.invoke(NativeMethodAccessorImpl.java:62)
	at java.base/jdk.internal.reflect.DelegatingMethodAccessorImpl.invoke(DelegatingMethodAccessorImpl.java:43)
	at java.base/java.lang.reflect.Method.invoke(Method.java:564)
	at org.apache.maven.surefire.util.ReflectionUtils.invokeMethodWithArray(ReflectionUtils.java:189)
	at org.apache.maven.surefire.booter.ProviderFactory$ProviderProxy.invoke(ProviderFactory.java:165)
	at org.apache.maven.surefire.booter.ProviderFactory.invokeProvider(ProviderFactory.java:85)
	at org.apache.maven.surefire.booter.ForkedBooter.runSuitesInProcess(ForkedBooter.java:115)
	at org.apache.maven.surefire.booter.ForkedBooter.main(ForkedBooter.java:75)
Caused by: java.util.concurrent.ExecutionException: java.lang.NoClassDefFoundError: javax/xml/bind/Unmarshaller
	at java.base/java.util.concurrent.FutureTask.report(FutureTask.java:122)
	at java.base/java.util.concurrent.FutureTask.get(FutureTask.java:191)
	at org.glassfish.hk2.utilities.cache.LRUHybridCache$OriginThreadAwareFuture.get(LRUHybridCache.java:164)
	at org.glassfish.hk2.utilities.cache.LRUHybridCache.compute(LRUHybridCache.java:303)
	... 149 more
Caused by: java.lang.NoClassDefFoundError: javax/xml/bind/Unmarshaller
	at java.base/java.lang.Class.getDeclaredMethods0(Native Method)
	at java.base/java.lang.Class.privateGetDeclaredMethods(Class.java:3119)
	at java.base/java.lang.Class.getDeclaredMethods(Class.java:2268)
	at org.glassfish.hk2.utilities.reflection.internal.ClassReflectionHelperUtilities$3.run(ClassReflectionHelperUtilities.java:108)
	at org.glassfish.hk2.utilities.reflection.internal.ClassReflectionHelperUtilities$3.run(ClassReflectionHelperUtilities.java:104)
	at java.base/java.security.AccessController.doPrivileged(Native Method)
	at org.glassfish.hk2.utilities.reflection.internal.ClassReflectionHelperUtilities.secureGetDeclaredMethods(ClassReflectionHelperUtilities.java:104)
	at org.glassfish.hk2.utilities.reflection.internal.ClassReflectionHelperUtilities.getDeclaredMethodWrappers(ClassReflectionHelperUtilities.java:133)
	at org.glassfish.hk2.utilities.reflection.internal.ClassReflectionHelperUtilities.getAllMethodWrappers(ClassReflectionHelperUtilities.java:192)
	at org.glassfish.hk2.utilities.reflection.internal.ClassReflectionHelperUtilities.getAllMethodWrappers(ClassReflectionHelperUtilities.java:193)
	at org.glassfish.hk2.utilities.reflection.internal.ClassReflectionHelperImpl$3.compute(ClassReflectionHelperImpl.java:84)
	at org.glassfish.hk2.utilities.reflection.internal.ClassReflectionHelperImpl$3.compute(ClassReflectionHelperImpl.java:80)
	at org.glassfish.hk2.utilities.cache.LRUHybridCache$OriginThreadAwareFuture$1.call(LRUHybridCache.java:115)
	at org.glassfish.hk2.utilities.cache.LRUHybridCache$OriginThreadAwareFuture$1.call(LRUHybridCache.java:111)
	at java.base/java.util.concurrent.FutureTask.run(FutureTask.java:264)
	at org.glassfish.hk2.utilities.cache.LRUHybridCache$OriginThreadAwareFuture.run(LRUHybridCache.java:173)
	at org.glassfish.hk2.utilities.cache.LRUHybridCache.compute(LRUHybridCache.java:292)
	... 149 more
Caused by: java.lang.ClassNotFoundException: javax.xml.bind.Unmarshaller
	at java.base/jdk.internal.loader.BuiltinClassLoader.loadClass(BuiltinClassLoader.java:582)
	at java.base/jdk.internal.loader.ClassLoaders$AppClassLoader.loadClass(ClassLoaders.java:190)
	at java.base/java.lang.ClassLoader.loadClass(ClassLoader.java:499)
	... 166 more
MultiException stack 4 of 4
java.lang.IllegalArgumentException: Errors were discovered while reifying SystemDescriptor(
	implementation=org.glassfish.jersey.jaxb.internal.JaxbStringReaderProvider$RootElementProvider
	contracts={javax.ws.rs.ext.ParamConverterProvider}
	scope=javax.inject.Singleton
	qualifiers={}
	descriptorType=CLASS
	descriptorVisibility=NORMAL
	metadata=
	rank=0
	loader=org.glassfish.hk2.utilities.binding.AbstractBinder$2@3016fd5e
	proxiable=null
	proxyForSameScope=null
	analysisName=null
	id=121
	locatorId=0
	identityHashCode=902860396
	reified=false)
	at org.jvnet.hk2.internal.SystemDescriptor.reify(SystemDescriptor.java:705)
	at org.jvnet.hk2.internal.ServiceLocatorImpl.reifyDescriptor(ServiceLocatorImpl.java:461)
	at org.jvnet.hk2.internal.ServiceLocatorImpl.narrow(ServiceLocatorImpl.java:2288)
	at org.jvnet.hk2.internal.ServiceLocatorImpl.access$1200(ServiceLocatorImpl.java:125)
	at org.jvnet.hk2.internal.ServiceLocatorImpl$9.compute(ServiceLocatorImpl.java:1373)
	at org.jvnet.hk2.internal.ServiceLocatorImpl$9.compute(ServiceLocatorImpl.java:1368)
	at org.glassfish.hk2.utilities.cache.internal.WeakCARCacheImpl.compute(WeakCARCacheImpl.java:116)
	at org.jvnet.hk2.internal.ServiceLocatorImpl.internalGetAllServiceHandles(ServiceLocatorImpl.java:1430)
	at org.jvnet.hk2.internal.ServiceLocatorImpl.getAllServiceHandles(ServiceLocatorImpl.java:1355)
	at org.jvnet.hk2.internal.ServiceLocatorImpl.getAllServiceHandles(ServiceLocatorImpl.java:1344)
	at org.glassfish.jersey.internal.inject.Providers.getServiceHandles(Providers.java:354)
	at org.glassfish.jersey.internal.inject.Providers.getProviders(Providers.java:187)
	at org.glassfish.jersey.server.internal.inject.ParamConverterFactory.&lt;init&gt;(ParamConverterFactory.java:83)
	at java.base/jdk.internal.reflect.NativeConstructorAccessorImpl.newInstance0(Native Method)
	at java.base/jdk.internal.reflect.NativeConstructorAccessorImpl.newInstance(NativeConstructorAccessorImpl.java:62)
	at java.base/jdk.internal.reflect.DelegatingConstructorAccessorImpl.newInstance(DelegatingConstructorAccessorImpl.java:45)
	at java.base/java.lang.reflect.Constructor.newInstance(Constructor.java:488)
	at org.glassfish.hk2.utilities.reflection.ReflectionHelper.makeMe(ReflectionHelper.java:1375)
	at org.jvnet.hk2.internal.ClazzCreator.createMe(ClazzCreator.java:272)
	at org.jvnet.hk2.internal.ClazzCreator.create(ClazzCreator.java:366)
	at org.jvnet.hk2.internal.SystemDescriptor.create(SystemDescriptor.java:487)
	at org.jvnet.hk2.internal.SingletonContext$1.compute(SingletonContext.java:83)
	at org.jvnet.hk2.internal.SingletonContext$1.compute(SingletonContext.java:71)
	at org.glassfish.hk2.utilities.cache.Cache$OriginThreadAwareFuture$1.call(Cache.java:97)
	at java.base/java.util.concurrent.FutureTask.run(FutureTask.java:264)
	at org.glassfish.hk2.utilities.cache.Cache$OriginThreadAwareFuture.run(Cache.java:154)
	at org.glassfish.hk2.utilities.cache.Cache.compute(Cache.java:199)
	at org.jvnet.hk2.internal.SingletonContext.findOrCreate(SingletonContext.java:122)
	at org.jvnet.hk2.internal.Utilities.createService(Utilities.java:2022)
	at org.jvnet.hk2.internal.ServiceHandleImpl.getService(ServiceHandleImpl.java:114)
	at org.jvnet.hk2.internal.ServiceLocatorImpl.getService(ServiceLocatorImpl.java:695)
	at org.jvnet.hk2.internal.ThreeThirtyResolver.resolve(ThreeThirtyResolver.java:78)
	at org.jvnet.hk2.internal.ClazzCreator.resolve(ClazzCreator.java:212)
	at org.jvnet.hk2.internal.ClazzCreator.resolveAllDependencies(ClazzCreator.java:229)
	at org.jvnet.hk2.internal.ClazzCreator.create(ClazzCreator.java:358)
	at org.jvnet.hk2.internal.SystemDescriptor.create(SystemDescriptor.java:487)
	at org.jvnet.hk2.internal.SingletonContext$1.compute(SingletonContext.java:83)
	at org.jvnet.hk2.internal.SingletonContext$1.compute(SingletonContext.java:71)
	at org.glassfish.hk2.utilities.cache.Cache$OriginThreadAwareFuture$1.call(Cache.java:97)
	at java.base/java.util.concurrent.FutureTask.run(FutureTask.java:264)
	at org.glassfish.hk2.utilities.cache.Cache$OriginThreadAwareFuture.run(Cache.java:154)
	at org.glassfish.hk2.utilities.cache.Cache.compute(Cache.java:199)
	at org.jvnet.hk2.internal.SingletonContext.findOrCreate(SingletonContext.java:122)
	at org.jvnet.hk2.internal.Utilities.createService(Utilities.java:2022)
	at org.jvnet.hk2.internal.ServiceHandleImpl.getService(ServiceHandleImpl.java:114)
	at org.jvnet.hk2.internal.ServiceLocatorImpl.getService(ServiceLocatorImpl.java:695)
	at org.jvnet.hk2.internal.ThreeThirtyResolver.resolve(ThreeThirtyResolver.java:78)
	at org.jvnet.hk2.internal.ClazzCreator.resolve(ClazzCreator.java:212)
	at org.jvnet.hk2.internal.ClazzCreator.resolveAllDependencies(ClazzCreator.java:229)
	at org.jvnet.hk2.internal.ClazzCreator.create(ClazzCreator.java:358)
	at org.jvnet.hk2.internal.SystemDescriptor.create(SystemDescriptor.java:487)
	at org.jvnet.hk2.internal.SingletonContext$1.compute(SingletonContext.java:83)
	at org.jvnet.hk2.internal.SingletonContext$1.compute(SingletonContext.java:71)
	at org.glassfish.hk2.utilities.cache.Cache$OriginThreadAwareFuture$1.call(Cache.java:97)
	at java.base/java.util.concurrent.FutureTask.run(FutureTask.java:264)
	at org.glassfish.hk2.utilities.cache.Cache$OriginThreadAwareFuture.run(Cache.java:154)
	at org.glassfish.hk2.utilities.cache.Cache.compute(Cache.java:199)
	at org.jvnet.hk2.internal.SingletonContext.findOrCreate(SingletonContext.java:122)
	at org.jvnet.hk2.internal.Utilities.createService(Utilities.java:2022)
	at org.jvnet.hk2.internal.ServiceHandleImpl.getService(ServiceHandleImpl.java:114)
	at org.jvnet.hk2.internal.ServiceHandleImpl.getService(ServiceHandleImpl.java:88)
	at org.glassfish.jersey.internal.inject.ProviderToService.apply(ProviderToService.java:58)
	at org.glassfish.jersey.internal.inject.ProviderToService.apply(ProviderToService.java:54)
	at jersey.repackaged.com.google.common.collect.Iterators$8.transform(Iterators.java:799)
	at jersey.repackaged.com.google.common.collect.TransformedIterator.next(TransformedIterator.java:48)
	at java.base/java.util.AbstractCollection.addAll(AbstractCollection.java:351)
	at java.base/java.util.LinkedHashSet.&lt;init&gt;(LinkedHashSet.java:169)
	at jersey.repackaged.com.google.common.collect.Sets.newLinkedHashSet(Sets.java:325)
	at org.glassfish.jersey.internal.inject.Providers.getClasses(Providers.java:392)
	at org.glassfish.jersey.internal.inject.Providers.getProviders(Providers.java:188)
	at org.glassfish.jersey.server.spi.internal.ParameterValueHelper.createValueProviders(ParameterValueHelper.java:130)
	at org.glassfish.jersey.server.model.Invocable.getValueProviders(Invocable.java:320)
	at org.glassfish.jersey.server.model.ResourceMethodValidator.checkValueProviders(ResourceMethodValidator.java:165)
	at org.glassfish.jersey.server.model.ResourceMethodValidator.checkMethod(ResourceMethodValidator.java:106)
	at org.glassfish.jersey.server.model.ResourceMethodValidator.visitJaxrsResourceMethod(ResourceMethodValidator.java:102)
	at org.glassfish.jersey.server.model.ResourceMethodValidator.visitResourceMethod(ResourceMethodValidator.java:92)
	at org.glassfish.jersey.server.model.ResourceMethod.accept(ResourceMethod.java:873)
	at org.glassfish.jersey.server.model.ComponentModelValidator.validateWithErrors(ComponentModelValidator.java:161)
	at org.glassfish.jersey.server.model.ComponentModelValidator.validateWithErrors(ComponentModelValidator.java:167)
	at org.glassfish.jersey.server.model.ComponentModelValidator.validateWithErrors(ComponentModelValidator.java:167)
	at org.glassfish.jersey.server.model.ComponentModelValidator.access$000(ComponentModelValidator.java:90)
	at org.glassfish.jersey.server.model.ComponentModelValidator$1.run(ComponentModelValidator.java:151)
	at org.glassfish.jersey.internal.Errors$1.call(Errors.java:271)
	at org.glassfish.jersey.internal.Errors$1.call(Errors.java:267)
	at org.glassfish.jersey.internal.Errors.process(Errors.java:315)
	at org.glassfish.jersey.internal.Errors.process(Errors.java:297)
	at org.glassfish.jersey.internal.Errors.process(Errors.java:267)
	at org.glassfish.jersey.server.model.ComponentModelValidator.validate(ComponentModelValidator.java:146)
	at org.glassfish.jersey.server.ApplicationHandler.initialize(ApplicationHandler.java:550)
	at org.glassfish.jersey.server.ApplicationHandler.access$500(ApplicationHandler.java:184)
	at org.glassfish.jersey.server.ApplicationHandler$3.call(ApplicationHandler.java:350)
	at org.glassfish.jersey.server.ApplicationHandler$3.call(ApplicationHandler.java:347)
	at org.glassfish.jersey.internal.Errors.process(Errors.java:315)
	at org.glassfish.jersey.internal.Errors.process(Errors.java:297)
	at org.glassfish.jersey.internal.Errors.processWithException(Errors.java:255)
	at org.glassfish.jersey.server.ApplicationHandler.&lt;init&gt;(ApplicationHandler.java:347)
	at org.glassfish.jersey.server.ApplicationHandler.&lt;init&gt;(ApplicationHandler.java:311)
	at org.glassfish.jersey.grizzly2.httpserver.GrizzlyHttpContainer.&lt;init&gt;(GrizzlyHttpContainer.java:337)
	at org.glassfish.jersey.grizzly2.httpserver.GrizzlyHttpServerFactory.createHttpServer(GrizzlyHttpServerFactory.java:119)
	at com.example.Main.startServer(Main.java:30)
	at com.example.MyResourceTest.setUp(MyResourceTest.java:22)
	at java.base/jdk.internal.reflect.NativeMethodAccessorImpl.invoke0(Native Method)
	at java.base/jdk.internal.reflect.NativeMethodAccessorImpl.invoke(NativeMethodAccessorImpl.java:62)
	at java.base/jdk.internal.reflect.DelegatingMethodAccessorImpl.invoke(DelegatingMethodAccessorImpl.java:43)
	at java.base/java.lang.reflect.Method.invoke(Method.java:564)
	at org.junit.runners.model.FrameworkMethod$1.runReflectiveCall(FrameworkMethod.java:44)
	at org.junit.internal.runners.model.ReflectiveCallable.run(ReflectiveCallable.java:15)
	at org.junit.runners.model.FrameworkMethod.invokeExplosively(FrameworkMethod.java:41)
	at org.junit.internal.runners.statements.RunBefores.evaluate(RunBefores.java:27)
	at org.junit.internal.runners.statements.RunAfters.evaluate(RunAfters.java:31)
	at org.junit.runners.ParentRunner.runLeaf(ParentRunner.java:263)
	at org.junit.runners.BlockJUnit4ClassRunner.runChild(BlockJUnit4ClassRunner.java:69)
	at org.junit.runners.BlockJUnit4ClassRunner.runChild(BlockJUnit4ClassRunner.java:48)
	at org.junit.runners.ParentRunner$3.run(ParentRunner.java:231)
	at org.junit.runners.ParentRunner$1.schedule(ParentRunner.java:60)
	at org.junit.runners.ParentRunner.runChildren(ParentRunner.java:229)
	at org.junit.runners.ParentRunner.access$000(ParentRunner.java:50)
	at org.junit.runners.ParentRunner$2.evaluate(ParentRunner.java:222)
	at org.junit.runners.ParentRunner.run(ParentRunner.java:292)
	at org.apache.maven.surefire.junit4.JUnit4Provider.execute(JUnit4Provider.java:252)
	at org.apache.maven.surefire.junit4.JUnit4Provider.executeTestSet(JUnit4Provider.java:141)
	at org.apache.maven.surefire.junit4.JUnit4Provider.invoke(JUnit4Provider.java:112)
	at java.base/jdk.internal.reflect.NativeMethodAccessorImpl.invoke0(Native Method)
	at java.base/jdk.internal.reflect.NativeMethodAccessorImpl.invoke(NativeMethodAccessorImpl.java:62)
	at java.base/jdk.internal.reflect.DelegatingMethodAccessorImpl.invoke(DelegatingMethodAccessorImpl.java:43)
	at java.base/java.lang.reflect.Method.invoke(Method.java:564)
	at org.apache.maven.surefire.util.ReflectionUtils.invokeMethodWithArray(ReflectionUtils.java:189)
	at org.apache.maven.surefire.booter.ProviderFactory$ProviderProxy.invoke(ProviderFactory.java:165)
	at org.apache.maven.surefire.booter.ProviderFactory.invokeProvider(ProviderFactory.java:85)
	at org.apache.maven.surefire.booter.ForkedBooter.runSuitesInProcess(ForkedBooter.java:115)
	at org.apache.maven.surefire.booter.ForkedBooter.main(ForkedBooter.java:75)

WARNING: HK2 service reification failed for [org.glassfish.jersey.jaxb.internal.JaxbStringReaderProvider$RootElementProvider] with an exception:
MultiException stack 1 of 4
java.lang.RuntimeException: java.util.concurrent.ExecutionException: java.lang.NoClassDefFoundError: javax/xml/bind/Unmarshaller
	at org.glassfish.hk2.utilities.cache.LRUHybridCache.compute(LRUHybridCache.java:315)
	at org.glassfish.hk2.utilities.reflection.internal.ClassReflectionHelperImpl.getAllMethods(ClassReflectionHelperImpl.java:108)
	at org.jvnet.hk2.internal.Utilities.findInitializerMethods(Utilities.java:1341)
	at org.jvnet.hk2.internal.DefaultClassAnalyzer.getInitializerMethods(DefaultClassAnalyzer.java:107)
	at org.glassfish.jersey.internal.inject.JerseyClassAnalyzer.getInitializerMethods(JerseyClassAnalyzer.java:242)
	at org.jvnet.hk2.internal.Utilities.getInitMethods(Utilities.java:218)
	at org.jvnet.hk2.internal.ClazzCreator.initialize(ClazzCreator.java:145)
	at org.jvnet.hk2.internal.ClazzCreator.initialize(ClazzCreator.java:180)
	at org.jvnet.hk2.internal.SystemDescriptor.internalReify(SystemDescriptor.java:740)
	at org.jvnet.hk2.internal.SystemDescriptor.reify(SystemDescriptor.java:694)
	at org.jvnet.hk2.internal.ServiceLocatorImpl.reifyDescriptor(ServiceLocatorImpl.java:461)
	at org.jvnet.hk2.internal.ServiceLocatorImpl.narrow(ServiceLocatorImpl.java:2288)
	at org.jvnet.hk2.internal.ServiceLocatorImpl.access$1200(ServiceLocatorImpl.java:125)
	at org.jvnet.hk2.internal.ServiceLocatorImpl$9.compute(ServiceLocatorImpl.java:1373)
	at org.jvnet.hk2.internal.ServiceLocatorImpl$9.compute(ServiceLocatorImpl.java:1368)
	at org.glassfish.hk2.utilities.cache.internal.WeakCARCacheImpl.compute(WeakCARCacheImpl.java:116)
	at org.jvnet.hk2.internal.ServiceLocatorImpl.internalGetAllServiceHandles(ServiceLocatorImpl.java:1430)
	at org.jvnet.hk2.internal.ServiceLocatorImpl.getAllServiceHandles(ServiceLocatorImpl.java:1355)
	at org.jvnet.hk2.internal.ServiceLocatorImpl.getAllServiceHandles(ServiceLocatorImpl.java:1344)
	at org.glassfish.jersey.internal.inject.Providers.getServiceHandles(Providers.java:354)
	at org.glassfish.jersey.internal.inject.Providers.getProviders(Providers.java:187)
	at org.glassfish.jersey.server.internal.inject.ParamConverterFactory.&lt;init&gt;(ParamConverterFactory.java:83)
	at java.base/jdk.internal.reflect.NativeConstructorAccessorImpl.newInstance0(Native Method)
	at java.base/jdk.internal.reflect.NativeConstructorAccessorImpl.newInstance(NativeConstructorAccessorImpl.java:62)
	at java.base/jdk.internal.reflect.DelegatingConstructorAccessorImpl.newInstance(DelegatingConstructorAccessorImpl.java:45)
	at java.base/java.lang.reflect.Constructor.newInstance(Constructor.java:488)
	at org.glassfish.hk2.utilities.reflection.ReflectionHelper.makeMe(ReflectionHelper.java:1375)
	at org.jvnet.hk2.internal.ClazzCreator.createMe(ClazzCreator.java:272)
	at org.jvnet.hk2.internal.ClazzCreator.create(ClazzCreator.java:366)
	at org.jvnet.hk2.internal.SystemDescriptor.create(SystemDescriptor.java:487)
	at org.jvnet.hk2.internal.SingletonContext$1.compute(SingletonContext.java:83)
	at org.jvnet.hk2.internal.SingletonContext$1.compute(SingletonContext.java:71)
	at org.glassfish.hk2.utilities.cache.Cache$OriginThreadAwareFuture$1.call(Cache.java:97)
	at java.base/java.util.concurrent.FutureTask.run(FutureTask.java:264)
	at org.glassfish.hk2.utilities.cache.Cache$OriginThreadAwareFuture.run(Cache.java:154)
	at org.glassfish.hk2.utilities.cache.Cache.compute(Cache.java:199)
	at org.jvnet.hk2.internal.SingletonContext.findOrCreate(SingletonContext.java:122)
	at org.jvnet.hk2.internal.Utilities.createService(Utilities.java:2022)
	at org.jvnet.hk2.internal.ServiceHandleImpl.getService(ServiceHandleImpl.java:114)
	at org.jvnet.hk2.internal.ServiceLocatorImpl.getService(ServiceLocatorImpl.java:695)
	at org.jvnet.hk2.internal.ThreeThirtyResolver.resolve(ThreeThirtyResolver.java:78)
	at org.jvnet.hk2.internal.ClazzCreator.resolve(ClazzCreator.java:212)
	at org.jvnet.hk2.internal.ClazzCreator.resolveAllDependencies(ClazzCreator.java:229)
	at org.jvnet.hk2.internal.ClazzCreator.create(ClazzCreator.java:358)
	at org.jvnet.hk2.internal.SystemDescriptor.create(SystemDescriptor.java:487)
	at org.jvnet.hk2.internal.SingletonContext$1.compute(SingletonContext.java:83)
	at org.jvnet.hk2.internal.SingletonContext$1.compute(SingletonContext.java:71)
	at org.glassfish.hk2.utilities.cache.Cache$OriginThreadAwareFuture$1.call(Cache.java:97)
	at java.base/java.util.concurrent.FutureTask.run(FutureTask.java:264)
	at org.glassfish.hk2.utilities.cache.Cache$OriginThreadAwareFuture.run(Cache.java:154)
	at org.glassfish.hk2.utilities.cache.Cache.compute(Cache.java:199)
	at org.jvnet.hk2.internal.SingletonContext.findOrCreate(SingletonContext.java:122)
	at org.jvnet.hk2.internal.Utilities.createService(Utilities.java:2022)
	at org.jvnet.hk2.internal.ServiceHandleImpl.getService(ServiceHandleImpl.java:114)
	at org.jvnet.hk2.internal.ServiceLocatorImpl.getService(ServiceLocatorImpl.java:695)
	at org.jvnet.hk2.internal.ThreeThirtyResolver.resolve(ThreeThirtyResolver.java:78)
	at org.jvnet.hk2.internal.ClazzCreator.resolve(ClazzCreator.java:212)
	at org.jvnet.hk2.internal.ClazzCreator.resolveAllDependencies(ClazzCreator.java:229)
	at org.jvnet.hk2.internal.ClazzCreator.create(ClazzCreator.java:358)
	at org.jvnet.hk2.internal.SystemDescriptor.create(SystemDescriptor.java:487)
	at org.jvnet.hk2.internal.SingletonContext$1.compute(SingletonContext.java:83)
	at org.jvnet.hk2.internal.SingletonContext$1.compute(SingletonContext.java:71)
	at org.glassfish.hk2.utilities.cache.Cache$OriginThreadAwareFuture$1.call(Cache.java:97)
	at java.base/java.util.concurrent.FutureTask.run(FutureTask.java:264)
	at org.glassfish.hk2.utilities.cache.Cache$OriginThreadAwareFuture.run(Cache.java:154)
	at org.glassfish.hk2.utilities.cache.Cache.compute(Cache.java:199)
	at org.jvnet.hk2.internal.SingletonContext.findOrCreate(SingletonContext.java:122)
	at org.jvnet.hk2.internal.Utilities.createService(Utilities.java:2022)
	at org.jvnet.hk2.internal.ServiceHandleImpl.getService(ServiceHandleImpl.java:114)
	at org.jvnet.hk2.internal.ServiceHandleImpl.getService(ServiceHandleImpl.java:88)
	at org.glassfish.jersey.internal.inject.ProviderToService.apply(ProviderToService.java:58)
	at org.glassfish.jersey.internal.inject.ProviderToService.apply(ProviderToService.java:54)
	at jersey.repackaged.com.google.common.collect.Iterators$8.transform(Iterators.java:799)
	at jersey.repackaged.com.google.common.collect.TransformedIterator.next(TransformedIterator.java:48)
	at java.base/java.util.AbstractCollection.addAll(AbstractCollection.java:351)
	at java.base/java.util.LinkedHashSet.&lt;init&gt;(LinkedHashSet.java:169)
	at jersey.repackaged.com.google.common.collect.Sets.newLinkedHashSet(Sets.java:325)
	at org.glassfish.jersey.internal.inject.Providers.getClasses(Providers.java:392)
	at org.glassfish.jersey.internal.inject.Providers.getProviders(Providers.java:188)
	at org.glassfish.jersey.server.spi.internal.ParameterValueHelper.createValueProviders(ParameterValueHelper.java:130)
	at org.glassfish.jersey.server.model.Invocable.getValueProviders(Invocable.java:320)
	at org.glassfish.jersey.server.model.ResourceMethodValidator.checkValueProviders(ResourceMethodValidator.java:165)
	at org.glassfish.jersey.server.model.ResourceMethodValidator.checkMethod(ResourceMethodValidator.java:106)
	at org.glassfish.jersey.server.model.ResourceMethodValidator.visitJaxrsResourceMethod(ResourceMethodValidator.java:102)
	at org.glassfish.jersey.server.model.ResourceMethodValidator.visitResourceMethod(ResourceMethodValidator.java:92)
	at org.glassfish.jersey.server.model.ResourceMethod.accept(ResourceMethod.java:873)
	at org.glassfish.jersey.server.model.ComponentModelValidator.validateWithErrors(ComponentModelValidator.java:161)
	at org.glassfish.jersey.server.model.ComponentModelValidator.validateWithErrors(ComponentModelValidator.java:167)
	at org.glassfish.jersey.server.model.ComponentModelValidator.validateWithErrors(ComponentModelValidator.java:167)
	at org.glassfish.jersey.server.model.ComponentModelValidator.access$000(ComponentModelValidator.java:90)
	at org.glassfish.jersey.server.model.ComponentModelValidator$1.run(ComponentModelValidator.java:151)
	at org.glassfish.jersey.internal.Errors$1.call(Errors.java:271)
	at org.glassfish.jersey.internal.Errors$1.call(Errors.java:267)
	at org.glassfish.jersey.internal.Errors.process(Errors.java:315)
	at org.glassfish.jersey.internal.Errors.process(Errors.java:297)
	at org.glassfish.jersey.internal.Errors.process(Errors.java:267)
	at org.glassfish.jersey.server.model.ComponentModelValidator.validate(ComponentModelValidator.java:146)
	at org.glassfish.jersey.server.ApplicationHandler.initialize(ApplicationHandler.java:550)
	at org.glassfish.jersey.server.ApplicationHandler.access$500(ApplicationHandler.java:184)
	at org.glassfish.jersey.server.ApplicationHandler$3.call(ApplicationHandler.java:350)
	at org.glassfish.jersey.server.ApplicationHandler$3.call(ApplicationHandler.java:347)
	at org.glassfish.jersey.internal.Errors.process(Errors.java:315)
	at org.glassfish.jersey.internal.Errors.process(Errors.java:297)
	at org.glassfish.jersey.internal.Errors.processWithException(Errors.java:255)
	at org.glassfish.jersey.server.ApplicationHandler.&lt;init&gt;(ApplicationHandler.java:347)
	at org.glassfish.jersey.server.ApplicationHandler.&lt;init&gt;(ApplicationHandler.java:311)
	at org.glassfish.jersey.grizzly2.httpserver.GrizzlyHttpContainer.&lt;init&gt;(GrizzlyHttpContainer.java:337)
	at org.glassfish.jersey.grizzly2.httpserver.GrizzlyHttpServerFactory.createHttpServer(GrizzlyHttpServerFactory.java:119)
	at com.example.Main.startServer(Main.java:30)
	at com.example.MyResourceTest.setUp(MyResourceTest.java:22)
	at java.base/jdk.internal.reflect.NativeMethodAccessorImpl.invoke0(Native Method)
	at java.base/jdk.internal.reflect.NativeMethodAccessorImpl.invoke(NativeMethodAccessorImpl.java:62)
	at java.base/jdk.internal.reflect.DelegatingMethodAccessorImpl.invoke(DelegatingMethodAccessorImpl.java:43)
	at java.base/java.lang.reflect.Method.invoke(Method.java:564)
	at org.junit.runners.model.FrameworkMethod$1.runReflectiveCall(FrameworkMethod.java:44)
	at org.junit.internal.runners.model.ReflectiveCallable.run(ReflectiveCallable.java:15)
	at org.junit.runners.model.FrameworkMethod.invokeExplosively(FrameworkMethod.java:41)
	at org.junit.internal.runners.statements.RunBefores.evaluate(RunBefores.java:27)
	at org.junit.internal.runners.statements.RunAfters.evaluate(RunAfters.java:31)
	at org.junit.runners.ParentRunner.runLeaf(ParentRunner.java:263)
	at org.junit.runners.BlockJUnit4ClassRunner.runChild(BlockJUnit4ClassRunner.java:69)
	at org.junit.runners.BlockJUnit4ClassRunner.runChild(BlockJUnit4ClassRunner.java:48)
	at org.junit.runners.ParentRunner$3.run(ParentRunner.java:231)
	at org.junit.runners.ParentRunner$1.schedule(ParentRunner.java:60)
	at org.junit.runners.ParentRunner.runChildren(ParentRunner.java:229)
	at org.junit.runners.ParentRunner.access$000(ParentRunner.java:50)
	at org.junit.runners.ParentRunner$2.evaluate(ParentRunner.java:222)
	at org.junit.runners.ParentRunner.run(ParentRunner.java:292)
	at org.apache.maven.surefire.junit4.JUnit4Provider.execute(JUnit4Provider.java:252)
	at org.apache.maven.surefire.junit4.JUnit4Provider.executeTestSet(JUnit4Provider.java:141)
	at org.apache.maven.surefire.junit4.JUnit4Provider.invoke(JUnit4Provider.java:112)
	at java.base/jdk.internal.reflect.NativeMethodAccessorImpl.invoke0(Native Method)
	at java.base/jdk.internal.reflect.NativeMethodAccessorImpl.invoke(NativeMethodAccessorImpl.java:62)
	at java.base/jdk.internal.reflect.DelegatingMethodAccessorImpl.invoke(DelegatingMethodAccessorImpl.java:43)
	at java.base/java.lang.reflect.Method.invoke(Method.java:564)
	at org.apache.maven.surefire.util.ReflectionUtils.invokeMethodWithArray(ReflectionUtils.java:189)
	at org.apache.maven.surefire.booter.ProviderFactory$ProviderProxy.invoke(ProviderFactory.java:165)
	at org.apache.maven.surefire.booter.ProviderFactory.invokeProvider(ProviderFactory.java:85)
	at org.apache.maven.surefire.booter.ForkedBooter.runSuitesInProcess(ForkedBooter.java:115)
	at org.apache.maven.surefire.booter.ForkedBooter.main(ForkedBooter.java:75)
Caused by: java.util.concurrent.ExecutionException: java.lang.NoClassDefFoundError: javax/xml/bind/Unmarshaller
	at java.base/java.util.concurrent.FutureTask.report(FutureTask.java:122)
	at java.base/java.util.concurrent.FutureTask.get(FutureTask.java:191)
	at org.glassfish.hk2.utilities.cache.LRUHybridCache$OriginThreadAwareFuture.get(LRUHybridCache.java:164)
	at org.glassfish.hk2.utilities.cache.LRUHybridCache.compute(LRUHybridCache.java:303)
	... 139 more
Caused by: java.lang.NoClassDefFoundError: javax/xml/bind/Unmarshaller
	at java.base/java.lang.Class.getDeclaredMethods0(Native Method)
	at java.base/java.lang.Class.privateGetDeclaredMethods(Class.java:3119)
	at java.base/java.lang.Class.getDeclaredMethods(Class.java:2268)
	at org.glassfish.hk2.utilities.reflection.internal.ClassReflectionHelperUtilities$3.run(ClassReflectionHelperUtilities.java:108)
	at org.glassfish.hk2.utilities.reflection.internal.ClassReflectionHelperUtilities$3.run(ClassReflectionHelperUtilities.java:104)
	at java.base/java.security.AccessController.doPrivileged(Native Method)
	at org.glassfish.hk2.utilities.reflection.internal.ClassReflectionHelperUtilities.secureGetDeclaredMethods(ClassReflectionHelperUtilities.java:104)
	at org.glassfish.hk2.utilities.reflection.internal.ClassReflectionHelperUtilities.getDeclaredMethodWrappers(ClassReflectionHelperUtilities.java:133)
	at org.glassfish.hk2.utilities.reflection.internal.ClassReflectionHelperUtilities.getAllMethodWrappers(ClassReflectionHelperUtilities.java:192)
	at org.glassfish.hk2.utilities.reflection.internal.ClassReflectionHelperUtilities.getAllMethodWrappers(ClassReflectionHelperUtilities.java:193)
	at org.glassfish.hk2.utilities.reflection.internal.ClassReflectionHelperImpl$3.compute(ClassReflectionHelperImpl.java:84)
	at org.glassfish.hk2.utilities.reflection.internal.ClassReflectionHelperImpl$3.compute(ClassReflectionHelperImpl.java:80)
	at org.glassfish.hk2.utilities.cache.LRUHybridCache$OriginThreadAwareFuture$1.call(LRUHybridCache.java:115)
	at org.glassfish.hk2.utilities.cache.LRUHybridCache$OriginThreadAwareFuture$1.call(LRUHybridCache.java:111)
	at java.base/java.util.concurrent.FutureTask.run(FutureTask.java:264)
	at org.glassfish.hk2.utilities.cache.LRUHybridCache$OriginThreadAwareFuture.run(LRUHybridCache.java:173)
	at org.glassfish.hk2.utilities.cache.LRUHybridCache.compute(LRUHybridCache.java:292)
	... 139 more
Caused by: java.lang.ClassNotFoundException: javax.xml.bind.Unmarshaller
	at java.base/jdk.internal.loader.BuiltinClassLoader.loadClass(BuiltinClassLoader.java:582)
	at java.base/jdk.internal.loader.ClassLoaders$AppClassLoader.loadClass(ClassLoaders.java:190)
	at java.base/java.lang.ClassLoader.loadClass(ClassLoader.java:499)
	... 156 more
MultiException stack 2 of 4
java.lang.RuntimeException: java.util.concurrent.ExecutionException: java.lang.NoClassDefFoundError: javax/xml/bind/Unmarshaller
	at org.glassfish.hk2.utilities.cache.LRUHybridCache.compute(LRUHybridCache.java:315)
	at org.glassfish.hk2.utilities.reflection.internal.ClassReflectionHelperImpl.getAllMethods(ClassReflectionHelperImpl.java:108)
	at org.glassfish.hk2.utilities.reflection.internal.ClassReflectionHelperImpl.getPostConstructMethod(ClassReflectionHelperImpl.java:184)
	at org.glassfish.hk2.utilities.reflection.internal.ClassReflectionHelperImpl.access$200(ClassReflectionHelperImpl.java:56)
	at org.glassfish.hk2.utilities.reflection.internal.ClassReflectionHelperImpl$1.compute(ClassReflectionHelperImpl.java:64)
	at org.glassfish.hk2.utilities.reflection.internal.ClassReflectionHelperImpl$1.compute(ClassReflectionHelperImpl.java:60)
	at org.glassfish.hk2.utilities.cache.LRUHybridCache$OriginThreadAwareFuture$1.call(LRUHybridCache.java:115)
	at org.glassfish.hk2.utilities.cache.LRUHybridCache$OriginThreadAwareFuture$1.call(LRUHybridCache.java:111)
	at java.base/java.util.concurrent.FutureTask.run(FutureTask.java:264)
	at org.glassfish.hk2.utilities.cache.LRUHybridCache$OriginThreadAwareFuture.run(LRUHybridCache.java:173)
	at org.glassfish.hk2.utilities.cache.LRUHybridCache.compute(LRUHybridCache.java:292)
	at org.glassfish.hk2.utilities.reflection.internal.ClassReflectionHelperImpl.findPostConstruct(ClassReflectionHelperImpl.java:119)
	at org.jvnet.hk2.internal.Utilities.findPostConstruct(Utilities.java:1372)
	at org.jvnet.hk2.internal.DefaultClassAnalyzer.getPostConstructMethod(DefaultClassAnalyzer.java:130)
	at org.glassfish.jersey.internal.inject.JerseyClassAnalyzer.getPostConstructMethod(JerseyClassAnalyzer.java:252)
	at org.jvnet.hk2.internal.Utilities.getPostConstruct(Utilities.java:279)
	at org.jvnet.hk2.internal.ClazzCreator.initialize(ClazzCreator.java:169)
	at org.jvnet.hk2.internal.ClazzCreator.initialize(ClazzCreator.java:180)
	at org.jvnet.hk2.internal.SystemDescriptor.internalReify(SystemDescriptor.java:740)
	at org.jvnet.hk2.internal.SystemDescriptor.reify(SystemDescriptor.java:694)
	at org.jvnet.hk2.internal.ServiceLocatorImpl.reifyDescriptor(ServiceLocatorImpl.java:461)
	at org.jvnet.hk2.internal.ServiceLocatorImpl.narrow(ServiceLocatorImpl.java:2288)
	at org.jvnet.hk2.internal.ServiceLocatorImpl.access$1200(ServiceLocatorImpl.java:125)
	at org.jvnet.hk2.internal.ServiceLocatorImpl$9.compute(ServiceLocatorImpl.java:1373)
	at org.jvnet.hk2.internal.ServiceLocatorImpl$9.compute(ServiceLocatorImpl.java:1368)
	at org.glassfish.hk2.utilities.cache.internal.WeakCARCacheImpl.compute(WeakCARCacheImpl.java:116)
	at org.jvnet.hk2.internal.ServiceLocatorImpl.internalGetAllServiceHandles(ServiceLocatorImpl.java:1430)
	at org.jvnet.hk2.internal.ServiceLocatorImpl.getAllServiceHandles(ServiceLocatorImpl.java:1355)
	at org.jvnet.hk2.internal.ServiceLocatorImpl.getAllServiceHandles(ServiceLocatorImpl.java:1344)
	at org.glassfish.jersey.internal.inject.Providers.getServiceHandles(Providers.java:354)
	at org.glassfish.jersey.internal.inject.Providers.getProviders(Providers.java:187)
	at org.glassfish.jersey.server.internal.inject.ParamConverterFactory.&lt;init&gt;(ParamConverterFactory.java:83)
	at java.base/jdk.internal.reflect.NativeConstructorAccessorImpl.newInstance0(Native Method)
	at java.base/jdk.internal.reflect.NativeConstructorAccessorImpl.newInstance(NativeConstructorAccessorImpl.java:62)
	at java.base/jdk.internal.reflect.DelegatingConstructorAccessorImpl.newInstance(DelegatingConstructorAccessorImpl.java:45)
	at java.base/java.lang.reflect.Constructor.newInstance(Constructor.java:488)
	at org.glassfish.hk2.utilities.reflection.ReflectionHelper.makeMe(ReflectionHelper.java:1375)
	at org.jvnet.hk2.internal.ClazzCreator.createMe(ClazzCreator.java:272)
	at org.jvnet.hk2.internal.ClazzCreator.create(ClazzCreator.java:366)
	at org.jvnet.hk2.internal.SystemDescriptor.create(SystemDescriptor.java:487)
	at org.jvnet.hk2.internal.SingletonContext$1.compute(SingletonContext.java:83)
	at org.jvnet.hk2.internal.SingletonContext$1.compute(SingletonContext.java:71)
	at org.glassfish.hk2.utilities.cache.Cache$OriginThreadAwareFuture$1.call(Cache.java:97)
	at java.base/java.util.concurrent.FutureTask.run(FutureTask.java:264)
	at org.glassfish.hk2.utilities.cache.Cache$OriginThreadAwareFuture.run(Cache.java:154)
	at org.glassfish.hk2.utilities.cache.Cache.compute(Cache.java:199)
	at org.jvnet.hk2.internal.SingletonContext.findOrCreate(SingletonContext.java:122)
	at org.jvnet.hk2.internal.Utilities.createService(Utilities.java:2022)
	at org.jvnet.hk2.internal.ServiceHandleImpl.getService(ServiceHandleImpl.java:114)
	at org.jvnet.hk2.internal.ServiceLocatorImpl.getService(ServiceLocatorImpl.java:695)
	at org.jvnet.hk2.internal.ThreeThirtyResolver.resolve(ThreeThirtyResolver.java:78)
	at org.jvnet.hk2.internal.ClazzCreator.resolve(ClazzCreator.java:212)
	at org.jvnet.hk2.internal.ClazzCreator.resolveAllDependencies(ClazzCreator.java:229)
	at org.jvnet.hk2.internal.ClazzCreator.create(ClazzCreator.java:358)
	at org.jvnet.hk2.internal.SystemDescriptor.create(SystemDescriptor.java:487)
	at org.jvnet.hk2.internal.SingletonContext$1.compute(SingletonContext.java:83)
	at org.jvnet.hk2.internal.SingletonContext$1.compute(SingletonContext.java:71)
	at org.glassfish.hk2.utilities.cache.Cache$OriginThreadAwareFuture$1.call(Cache.java:97)
	at java.base/java.util.concurrent.FutureTask.run(FutureTask.java:264)
	at org.glassfish.hk2.utilities.cache.Cache$OriginThreadAwareFuture.run(Cache.java:154)
	at org.glassfish.hk2.utilities.cache.Cache.compute(Cache.java:199)
	at org.jvnet.hk2.internal.SingletonContext.findOrCreate(SingletonContext.java:122)
	at org.jvnet.hk2.internal.Utilities.createService(Utilities.java:2022)
	at org.jvnet.hk2.internal.ServiceHandleImpl.getService(ServiceHandleImpl.java:114)
	at org.jvnet.hk2.internal.ServiceLocatorImpl.getService(ServiceLocatorImpl.java:695)
	at org.jvnet.hk2.internal.ThreeThirtyResolver.resolve(ThreeThirtyResolver.java:78)
	at org.jvnet.hk2.internal.ClazzCreator.resolve(ClazzCreator.java:212)
	at org.jvnet.hk2.internal.ClazzCreator.resolveAllDependencies(ClazzCreator.java:229)
	at org.jvnet.hk2.internal.ClazzCreator.create(ClazzCreator.java:358)
	at org.jvnet.hk2.internal.SystemDescriptor.create(SystemDescriptor.java:487)
	at org.jvnet.hk2.internal.SingletonContext$1.compute(SingletonContext.java:83)
	at org.jvnet.hk2.internal.SingletonContext$1.compute(SingletonContext.java:71)
	at org.glassfish.hk2.utilities.cache.Cache$OriginThreadAwareFuture$1.call(Cache.java:97)
	at java.base/java.util.concurrent.FutureTask.run(FutureTask.java:264)
	at org.glassfish.hk2.utilities.cache.Cache$OriginThreadAwareFuture.run(Cache.java:154)
	at org.glassfish.hk2.utilities.cache.Cache.compute(Cache.java:199)
	at org.jvnet.hk2.internal.SingletonContext.findOrCreate(SingletonContext.java:122)
	at org.jvnet.hk2.internal.Utilities.createService(Utilities.java:2022)
	at org.jvnet.hk2.internal.ServiceHandleImpl.getService(ServiceHandleImpl.java:114)
	at org.jvnet.hk2.internal.ServiceHandleImpl.getService(ServiceHandleImpl.java:88)
	at org.glassfish.jersey.internal.inject.ProviderToService.apply(ProviderToService.java:58)
	at org.glassfish.jersey.internal.inject.ProviderToService.apply(ProviderToService.java:54)
	at jersey.repackaged.com.google.common.collect.Iterators$8.transform(Iterators.java:799)
	at jersey.repackaged.com.google.common.collect.TransformedIterator.next(TransformedIterator.java:48)
	at java.base/java.util.AbstractCollection.addAll(AbstractCollection.java:351)
	at java.base/java.util.LinkedHashSet.&lt;init&gt;(LinkedHashSet.java:169)
	at jersey.repackaged.com.google.common.collect.Sets.newLinkedHashSet(Sets.java:325)
	at org.glassfish.jersey.internal.inject.Providers.getClasses(Providers.java:392)
	at org.glassfish.jersey.internal.inject.Providers.getProviders(Providers.java:188)
	at org.glassfish.jersey.server.spi.internal.ParameterValueHelper.createValueProviders(ParameterValueHelper.java:130)
	at org.glassfish.jersey.server.model.Invocable.getValueProviders(Invocable.java:320)
	at org.glassfish.jersey.server.model.ResourceMethodValidator.checkValueProviders(ResourceMethodValidator.java:165)
	at org.glassfish.jersey.server.model.ResourceMethodValidator.checkMethod(ResourceMethodValidator.java:106)
	at org.glassfish.jersey.server.model.ResourceMethodValidator.visitJaxrsResourceMethod(ResourceMethodValidator.java:102)
	at org.glassfish.jersey.server.model.ResourceMethodValidator.visitResourceMethod(ResourceMethodValidator.java:92)
	at org.glassfish.jersey.server.model.ResourceMethod.accept(ResourceMethod.java:873)
	at org.glassfish.jersey.server.model.ComponentModelValidator.validateWithErrors(ComponentModelValidator.java:161)
	at org.glassfish.jersey.server.model.ComponentModelValidator.validateWithErrors(ComponentModelValidator.java:167)
	at org.glassfish.jersey.server.model.ComponentModelValidator.validateWithErrors(ComponentModelValidator.java:167)
	at org.glassfish.jersey.server.model.ComponentModelValidator.access$000(ComponentModelValidator.java:90)
	at org.glassfish.jersey.server.model.ComponentModelValidator$1.run(ComponentModelValidator.java:151)
	at org.glassfish.jersey.internal.Errors$1.call(Errors.java:271)
	at org.glassfish.jersey.internal.Errors$1.call(Errors.java:267)
	at org.glassfish.jersey.internal.Errors.process(Errors.java:315)
	at org.glassfish.jersey.internal.Errors.process(Errors.java:297)
	at org.glassfish.jersey.internal.Errors.process(Errors.java:267)
	at org.glassfish.jersey.server.model.ComponentModelValidator.validate(ComponentModelValidator.java:146)
	at org.glassfish.jersey.server.ApplicationHandler.initialize(ApplicationHandler.java:550)
	at org.glassfish.jersey.server.ApplicationHandler.access$500(ApplicationHandler.java:184)
	at org.glassfish.jersey.server.ApplicationHandler$3.call(ApplicationHandler.java:350)
	at org.glassfish.jersey.server.ApplicationHandler$3.call(ApplicationHandler.java:347)
	at org.glassfish.jersey.internal.Errors.process(Errors.java:315)
	at org.glassfish.jersey.internal.Errors.process(Errors.java:297)
	at org.glassfish.jersey.internal.Errors.processWithException(Errors.java:255)
	at org.glassfish.jersey.server.ApplicationHandler.&lt;init&gt;(ApplicationHandler.java:347)
	at org.glassfish.jersey.server.ApplicationHandler.&lt;init&gt;(ApplicationHandler.java:311)
	at org.glassfish.jersey.grizzly2.httpserver.GrizzlyHttpContainer.&lt;init&gt;(GrizzlyHttpContainer.java:337)
	at org.glassfish.jersey.grizzly2.httpserver.GrizzlyHttpServerFactory.createHttpServer(GrizzlyHttpServerFactory.java:119)
	at com.example.Main.startServer(Main.java:30)
	at com.example.MyResourceTest.setUp(MyResourceTest.java:22)
	at java.base/jdk.internal.reflect.NativeMethodAccessorImpl.invoke0(Native Method)
	at java.base/jdk.internal.reflect.NativeMethodAccessorImpl.invoke(NativeMethodAccessorImpl.java:62)
	at java.base/jdk.internal.reflect.DelegatingMethodAccessorImpl.invoke(DelegatingMethodAccessorImpl.java:43)
	at java.base/java.lang.reflect.Method.invoke(Method.java:564)
	at org.junit.runners.model.FrameworkMethod$1.runReflectiveCall(FrameworkMethod.java:44)
	at org.junit.internal.runners.model.ReflectiveCallable.run(ReflectiveCallable.java:15)
	at org.junit.runners.model.FrameworkMethod.invokeExplosively(FrameworkMethod.java:41)
	at org.junit.internal.runners.statements.RunBefores.evaluate(RunBefores.java:27)
	at org.junit.internal.runners.statements.RunAfters.evaluate(RunAfters.java:31)
	at org.junit.runners.ParentRunner.runLeaf(ParentRunner.java:263)
	at org.junit.runners.BlockJUnit4ClassRunner.runChild(BlockJUnit4ClassRunner.java:69)
	at org.junit.runners.BlockJUnit4ClassRunner.runChild(BlockJUnit4ClassRunner.java:48)
	at org.junit.runners.ParentRunner$3.run(ParentRunner.java:231)
	at org.junit.runners.ParentRunner$1.schedule(ParentRunner.java:60)
	at org.junit.runners.ParentRunner.runChildren(ParentRunner.java:229)
	at org.junit.runners.ParentRunner.access$000(ParentRunner.java:50)
	at org.junit.runners.ParentRunner$2.evaluate(ParentRunner.java:222)
	at org.junit.runners.ParentRunner.run(ParentRunner.java:292)
	at org.apache.maven.surefire.junit4.JUnit4Provider.execute(JUnit4Provider.java:252)
	at org.apache.maven.surefire.junit4.JUnit4Provider.executeTestSet(JUnit4Provider.java:141)
	at org.apache.maven.surefire.junit4.JUnit4Provider.invoke(JUnit4Provider.java:112)
	at java.base/jdk.internal.reflect.NativeMethodAccessorImpl.invoke0(Native Method)
	at java.base/jdk.internal.reflect.NativeMethodAccessorImpl.invoke(NativeMethodAccessorImpl.java:62)
	at java.base/jdk.internal.reflect.DelegatingMethodAccessorImpl.invoke(DelegatingMethodAccessorImpl.java:43)
	at java.base/java.lang.reflect.Method.invoke(Method.java:564)
	at org.apache.maven.surefire.util.ReflectionUtils.invokeMethodWithArray(ReflectionUtils.java:189)
	at org.apache.maven.surefire.booter.ProviderFactory$ProviderProxy.invoke(ProviderFactory.java:165)
	at org.apache.maven.surefire.booter.ProviderFactory.invokeProvider(ProviderFactory.java:85)
	at org.apache.maven.surefire.booter.ForkedBooter.runSuitesInProcess(ForkedBooter.java:115)
	at org.apache.maven.surefire.booter.ForkedBooter.main(ForkedBooter.java:75)
Caused by: java.util.concurrent.ExecutionException: java.lang.NoClassDefFoundError: javax/xml/bind/Unmarshaller
	at java.base/java.util.concurrent.FutureTask.report(FutureTask.java:122)
	at java.base/java.util.concurrent.FutureTask.get(FutureTask.java:191)
	at org.glassfish.hk2.utilities.cache.LRUHybridCache$OriginThreadAwareFuture.get(LRUHybridCache.java:164)
	at org.glassfish.hk2.utilities.cache.LRUHybridCache.compute(LRUHybridCache.java:303)
	... 149 more
Caused by: java.lang.NoClassDefFoundError: javax/xml/bind/Unmarshaller
	at java.base/java.lang.Class.getDeclaredMethods0(Native Method)
	at java.base/java.lang.Class.privateGetDeclaredMethods(Class.java:3119)
	at java.base/java.lang.Class.getDeclaredMethods(Class.java:2268)
	at org.glassfish.hk2.utilities.reflection.internal.ClassReflectionHelperUtilities$3.run(ClassReflectionHelperUtilities.java:108)
	at org.glassfish.hk2.utilities.reflection.internal.ClassReflectionHelperUtilities$3.run(ClassReflectionHelperUtilities.java:104)
	at java.base/java.security.AccessController.doPrivileged(Native Method)
	at org.glassfish.hk2.utilities.reflection.internal.ClassReflectionHelperUtilities.secureGetDeclaredMethods(ClassReflectionHelperUtilities.java:104)
	at org.glassfish.hk2.utilities.reflection.internal.ClassReflectionHelperUtilities.getDeclaredMethodWrappers(ClassReflectionHelperUtilities.java:133)
	at org.glassfish.hk2.utilities.reflection.internal.ClassReflectionHelperUtilities.getAllMethodWrappers(ClassReflectionHelperUtilities.java:192)
	at org.glassfish.hk2.utilities.reflection.internal.ClassReflectionHelperUtilities.getAllMethodWrappers(ClassReflectionHelperUtilities.java:193)
	at org.glassfish.hk2.utilities.reflection.internal.ClassReflectionHelperImpl$3.compute(ClassReflectionHelperImpl.java:84)
	at org.glassfish.hk2.utilities.reflection.internal.ClassReflectionHelperImpl$3.compute(ClassReflectionHelperImpl.java:80)
	at org.glassfish.hk2.utilities.cache.LRUHybridCache$OriginThreadAwareFuture$1.call(LRUHybridCache.java:115)
	at org.glassfish.hk2.utilities.cache.LRUHybridCache$OriginThreadAwareFuture$1.call(LRUHybridCache.java:111)
	at java.base/java.util.concurrent.FutureTask.run(FutureTask.java:264)
	at org.glassfish.hk2.utilities.cache.LRUHybridCache$OriginThreadAwareFuture.run(LRUHybridCache.java:173)
	at org.glassfish.hk2.utilities.cache.LRUHybridCache.compute(LRUHybridCache.java:292)
	... 149 more
Caused by: java.lang.ClassNotFoundException: javax.xml.bind.Unmarshaller
	at java.base/jdk.internal.loader.BuiltinClassLoader.loadClass(BuiltinClassLoader.java:582)
	at java.base/jdk.internal.loader.ClassLoaders$AppClassLoader.loadClass(ClassLoaders.java:190)
	at java.base/java.lang.ClassLoader.loadClass(ClassLoader.java:499)
	... 166 more
MultiException stack 3 of 4
java.lang.RuntimeException: java.util.concurrent.ExecutionException: java.lang.NoClassDefFoundError: javax/xml/bind/Unmarshaller
	at org.glassfish.hk2.utilities.cache.LRUHybridCache.compute(LRUHybridCache.java:315)
	at org.glassfish.hk2.utilities.reflection.internal.ClassReflectionHelperImpl.getAllMethods(ClassReflectionHelperImpl.java:108)
	at org.glassfish.hk2.utilities.reflection.internal.ClassReflectionHelperImpl.getPreDestroyMethod(ClassReflectionHelperImpl.java:209)
	at org.glassfish.hk2.utilities.reflection.internal.ClassReflectionHelperImpl.access$400(ClassReflectionHelperImpl.java:56)
	at org.glassfish.hk2.utilities.reflection.internal.ClassReflectionHelperImpl$2.compute(ClassReflectionHelperImpl.java:74)
	at org.glassfish.hk2.utilities.reflection.internal.ClassReflectionHelperImpl$2.compute(ClassReflectionHelperImpl.java:70)
	at org.glassfish.hk2.utilities.cache.LRUHybridCache$OriginThreadAwareFuture$1.call(LRUHybridCache.java:115)
	at org.glassfish.hk2.utilities.cache.LRUHybridCache$OriginThreadAwareFuture$1.call(LRUHybridCache.java:111)
	at java.base/java.util.concurrent.FutureTask.run(FutureTask.java:264)
	at org.glassfish.hk2.utilities.cache.LRUHybridCache$OriginThreadAwareFuture.run(LRUHybridCache.java:173)
	at org.glassfish.hk2.utilities.cache.LRUHybridCache.compute(LRUHybridCache.java:292)
	at org.glassfish.hk2.utilities.reflection.internal.ClassReflectionHelperImpl.findPreDestroy(ClassReflectionHelperImpl.java:125)
	at org.jvnet.hk2.internal.Utilities.findPreDestroy(Utilities.java:1388)
	at org.jvnet.hk2.internal.DefaultClassAnalyzer.getPreDestroyMethod(DefaultClassAnalyzer.java:141)
	at org.glassfish.jersey.internal.inject.JerseyClassAnalyzer.getPreDestroyMethod(JerseyClassAnalyzer.java:257)
	at org.jvnet.hk2.internal.Utilities.getPreDestroy(Utilities.java:301)
	at org.jvnet.hk2.internal.ClazzCreator.initialize(ClazzCreator.java:170)
	at org.jvnet.hk2.internal.ClazzCreator.initialize(ClazzCreator.java:180)
	at org.jvnet.hk2.internal.SystemDescriptor.internalReify(SystemDescriptor.java:740)
	at org.jvnet.hk2.internal.SystemDescriptor.reify(SystemDescriptor.java:694)
	at org.jvnet.hk2.internal.ServiceLocatorImpl.reifyDescriptor(ServiceLocatorImpl.java:461)
	at org.jvnet.hk2.internal.ServiceLocatorImpl.narrow(ServiceLocatorImpl.java:2288)
	at org.jvnet.hk2.internal.ServiceLocatorImpl.access$1200(ServiceLocatorImpl.java:125)
	at org.jvnet.hk2.internal.ServiceLocatorImpl$9.compute(ServiceLocatorImpl.java:1373)
	at org.jvnet.hk2.internal.ServiceLocatorImpl$9.compute(ServiceLocatorImpl.java:1368)
	at org.glassfish.hk2.utilities.cache.internal.WeakCARCacheImpl.compute(WeakCARCacheImpl.java:116)
	at org.jvnet.hk2.internal.ServiceLocatorImpl.internalGetAllServiceHandles(ServiceLocatorImpl.java:1430)
	at org.jvnet.hk2.internal.ServiceLocatorImpl.getAllServiceHandles(ServiceLocatorImpl.java:1355)
	at org.jvnet.hk2.internal.ServiceLocatorImpl.getAllServiceHandles(ServiceLocatorImpl.java:1344)
	at org.glassfish.jersey.internal.inject.Providers.getServiceHandles(Providers.java:354)
	at org.glassfish.jersey.internal.inject.Providers.getProviders(Providers.java:187)
	at org.glassfish.jersey.server.internal.inject.ParamConverterFactory.&lt;init&gt;(ParamConverterFactory.java:83)
	at java.base/jdk.internal.reflect.NativeConstructorAccessorImpl.newInstance0(Native Method)
	at java.base/jdk.internal.reflect.NativeConstructorAccessorImpl.newInstance(NativeConstructorAccessorImpl.java:62)
	at java.base/jdk.internal.reflect.DelegatingConstructorAccessorImpl.newInstance(DelegatingConstructorAccessorImpl.java:45)
	at java.base/java.lang.reflect.Constructor.newInstance(Constructor.java:488)
	at org.glassfish.hk2.utilities.reflection.ReflectionHelper.makeMe(ReflectionHelper.java:1375)
	at org.jvnet.hk2.internal.ClazzCreator.createMe(ClazzCreator.java:272)
	at org.jvnet.hk2.internal.ClazzCreator.create(ClazzCreator.java:366)
	at org.jvnet.hk2.internal.SystemDescriptor.create(SystemDescriptor.java:487)
	at org.jvnet.hk2.internal.SingletonContext$1.compute(SingletonContext.java:83)
	at org.jvnet.hk2.internal.SingletonContext$1.compute(SingletonContext.java:71)
	at org.glassfish.hk2.utilities.cache.Cache$OriginThreadAwareFuture$1.call(Cache.java:97)
	at java.base/java.util.concurrent.FutureTask.run(FutureTask.java:264)
	at org.glassfish.hk2.utilities.cache.Cache$OriginThreadAwareFuture.run(Cache.java:154)
	at org.glassfish.hk2.utilities.cache.Cache.compute(Cache.java:199)
	at org.jvnet.hk2.internal.SingletonContext.findOrCreate(SingletonContext.java:122)
	at org.jvnet.hk2.internal.Utilities.createService(Utilities.java:2022)
	at org.jvnet.hk2.internal.ServiceHandleImpl.getService(ServiceHandleImpl.java:114)
	at org.jvnet.hk2.internal.ServiceLocatorImpl.getService(ServiceLocatorImpl.java:695)
	at org.jvnet.hk2.internal.ThreeThirtyResolver.resolve(ThreeThirtyResolver.java:78)
	at org.jvnet.hk2.internal.ClazzCreator.resolve(ClazzCreator.java:212)
	at org.jvnet.hk2.internal.ClazzCreator.resolveAllDependencies(ClazzCreator.java:229)
	at org.jvnet.hk2.internal.ClazzCreator.create(ClazzCreator.java:358)
	at org.jvnet.hk2.internal.SystemDescriptor.create(SystemDescriptor.java:487)
	at org.jvnet.hk2.internal.SingletonContext$1.compute(SingletonContext.java:83)
	at org.jvnet.hk2.internal.SingletonContext$1.compute(SingletonContext.java:71)
	at org.glassfish.hk2.utilities.cache.Cache$OriginThreadAwareFuture$1.call(Cache.java:97)
	at java.base/java.util.concurrent.FutureTask.run(FutureTask.java:264)
	at org.glassfish.hk2.utilities.cache.Cache$OriginThreadAwareFuture.run(Cache.java:154)
	at org.glassfish.hk2.utilities.cache.Cache.compute(Cache.java:199)
	at org.jvnet.hk2.internal.SingletonContext.findOrCreate(SingletonContext.java:122)
	at org.jvnet.hk2.internal.Utilities.createService(Utilities.java:2022)
	at org.jvnet.hk2.internal.ServiceHandleImpl.getService(ServiceHandleImpl.java:114)
	at org.jvnet.hk2.internal.ServiceLocatorImpl.getService(ServiceLocatorImpl.java:695)
	at org.jvnet.hk2.internal.ThreeThirtyResolver.resolve(ThreeThirtyResolver.java:78)
	at org.jvnet.hk2.internal.ClazzCreator.resolve(ClazzCreator.java:212)
	at org.jvnet.hk2.internal.ClazzCreator.resolveAllDependencies(ClazzCreator.java:229)
	at org.jvnet.hk2.internal.ClazzCreator.create(ClazzCreator.java:358)
	at org.jvnet.hk2.internal.SystemDescriptor.create(SystemDescriptor.java:487)
	at org.jvnet.hk2.internal.SingletonContext$1.compute(SingletonContext.java:83)
	at org.jvnet.hk2.internal.SingletonContext$1.compute(SingletonContext.java:71)
	at org.glassfish.hk2.utilities.cache.Cache$OriginThreadAwareFuture$1.call(Cache.java:97)
	at java.base/java.util.concurrent.FutureTask.run(FutureTask.java:264)
	at org.glassfish.hk2.utilities.cache.Cache$OriginThreadAwareFuture.run(Cache.java:154)
	at org.glassfish.hk2.utilities.cache.Cache.compute(Cache.java:199)
	at org.jvnet.hk2.internal.SingletonContext.findOrCreate(SingletonContext.java:122)
	at org.jvnet.hk2.internal.Utilities.createService(Utilities.java:2022)
	at org.jvnet.hk2.internal.ServiceHandleImpl.getService(ServiceHandleImpl.java:114)
	at org.jvnet.hk2.internal.ServiceHandleImpl.getService(ServiceHandleImpl.java:88)
	at org.glassfish.jersey.internal.inject.ProviderToService.apply(ProviderToService.java:58)
	at org.glassfish.jersey.internal.inject.ProviderToService.apply(ProviderToService.java:54)
	at jersey.repackaged.com.google.common.collect.Iterators$8.transform(Iterators.java:799)
	at jersey.repackaged.com.google.common.collect.TransformedIterator.next(TransformedIterator.java:48)
	at java.base/java.util.AbstractCollection.addAll(AbstractCollection.java:351)
	at java.base/java.util.LinkedHashSet.&lt;init&gt;(LinkedHashSet.java:169)
	at jersey.repackaged.com.google.common.collect.Sets.newLinkedHashSet(Sets.java:325)
	at org.glassfish.jersey.internal.inject.Providers.getClasses(Providers.java:392)
	at org.glassfish.jersey.internal.inject.Providers.getProviders(Providers.java:188)
	at org.glassfish.jersey.server.spi.internal.ParameterValueHelper.createValueProviders(ParameterValueHelper.java:130)
	at org.glassfish.jersey.server.model.Invocable.getValueProviders(Invocable.java:320)
	at org.glassfish.jersey.server.model.ResourceMethodValidator.checkValueProviders(ResourceMethodValidator.java:165)
	at org.glassfish.jersey.server.model.ResourceMethodValidator.checkMethod(ResourceMethodValidator.java:106)
	at org.glassfish.jersey.server.model.ResourceMethodValidator.visitJaxrsResourceMethod(ResourceMethodValidator.java:102)
	at org.glassfish.jersey.server.model.ResourceMethodValidator.visitResourceMethod(ResourceMethodValidator.java:92)
	at org.glassfish.jersey.server.model.ResourceMethod.accept(ResourceMethod.java:873)
	at org.glassfish.jersey.server.model.ComponentModelValidator.validateWithErrors(ComponentModelValidator.java:161)
	at org.glassfish.jersey.server.model.ComponentModelValidator.validateWithErrors(ComponentModelValidator.java:167)
	at org.glassfish.jersey.server.model.ComponentModelValidator.validateWithErrors(ComponentModelValidator.java:167)
	at org.glassfish.jersey.server.model.ComponentModelValidator.access$000(ComponentModelValidator.java:90)
	at org.glassfish.jersey.server.model.ComponentModelValidator$1.run(ComponentModelValidator.java:151)
	at org.glassfish.jersey.internal.Errors$1.call(Errors.java:271)
	at org.glassfish.jersey.internal.Errors$1.call(Errors.java:267)
	at org.glassfish.jersey.internal.Errors.process(Errors.java:315)
	at org.glassfish.jersey.internal.Errors.process(Errors.java:297)
	at org.glassfish.jersey.internal.Errors.process(Errors.java:267)
	at org.glassfish.jersey.server.model.ComponentModelValidator.validate(ComponentModelValidator.java:146)
	at org.glassfish.jersey.server.ApplicationHandler.initialize(ApplicationHandler.java:550)
	at org.glassfish.jersey.server.ApplicationHandler.access$500(ApplicationHandler.java:184)
	at org.glassfish.jersey.server.ApplicationHandler$3.call(ApplicationHandler.java:350)
	at org.glassfish.jersey.server.ApplicationHandler$3.call(ApplicationHandler.java:347)
	at org.glassfish.jersey.internal.Errors.process(Errors.java:315)
	at org.glassfish.jersey.internal.Errors.process(Errors.java:297)
	at org.glassfish.jersey.internal.Errors.processWithException(Errors.java:255)
	at org.glassfish.jersey.server.ApplicationHandler.&lt;init&gt;(ApplicationHandler.java:347)
	at org.glassfish.jersey.server.ApplicationHandler.&lt;init&gt;(ApplicationHandler.java:311)
	at org.glassfish.jersey.grizzly2.httpserver.GrizzlyHttpContainer.&lt;init&gt;(GrizzlyHttpContainer.java:337)
	at org.glassfish.jersey.grizzly2.httpserver.GrizzlyHttpServerFactory.createHttpServer(GrizzlyHttpServerFactory.java:119)
	at com.example.Main.startServer(Main.java:30)
	at com.example.MyResourceTest.setUp(MyResourceTest.java:22)
	at java.base/jdk.internal.reflect.NativeMethodAccessorImpl.invoke0(Native Method)
	at java.base/jdk.internal.reflect.NativeMethodAccessorImpl.invoke(NativeMethodAccessorImpl.java:62)
	at java.base/jdk.internal.reflect.DelegatingMethodAccessorImpl.invoke(DelegatingMethodAccessorImpl.java:43)
	at java.base/java.lang.reflect.Method.invoke(Method.java:564)
	at org.junit.runners.model.FrameworkMethod$1.runReflectiveCall(FrameworkMethod.java:44)
	at org.junit.internal.runners.model.ReflectiveCallable.run(ReflectiveCallable.java:15)
	at org.junit.runners.model.FrameworkMethod.invokeExplosively(FrameworkMethod.java:41)
	at org.junit.internal.runners.statements.RunBefores.evaluate(RunBefores.java:27)
	at org.junit.internal.runners.statements.RunAfters.evaluate(RunAfters.java:31)
	at org.junit.runners.ParentRunner.runLeaf(ParentRunner.java:263)
	at org.junit.runners.BlockJUnit4ClassRunner.runChild(BlockJUnit4ClassRunner.java:69)
	at org.junit.runners.BlockJUnit4ClassRunner.runChild(BlockJUnit4ClassRunner.java:48)
	at org.junit.runners.ParentRunner$3.run(ParentRunner.java:231)
	at org.junit.runners.ParentRunner$1.schedule(ParentRunner.java:60)
	at org.junit.runners.ParentRunner.runChildren(ParentRunner.java:229)
	at org.junit.runners.ParentRunner.access$000(ParentRunner.java:50)
	at org.junit.runners.ParentRunner$2.evaluate(ParentRunner.java:222)
	at org.junit.runners.ParentRunner.run(ParentRunner.java:292)
	at org.apache.maven.surefire.junit4.JUnit4Provider.execute(JUnit4Provider.java:252)
	at org.apache.maven.surefire.junit4.JUnit4Provider.executeTestSet(JUnit4Provider.java:141)
	at org.apache.maven.surefire.junit4.JUnit4Provider.invoke(JUnit4Provider.java:112)
	at java.base/jdk.internal.reflect.NativeMethodAccessorImpl.invoke0(Native Method)
	at java.base/jdk.internal.reflect.NativeMethodAccessorImpl.invoke(NativeMethodAccessorImpl.java:62)
	at java.base/jdk.internal.reflect.DelegatingMethodAccessorImpl.invoke(DelegatingMethodAccessorImpl.java:43)
	at java.base/java.lang.reflect.Method.invoke(Method.java:564)
	at org.apache.maven.surefire.util.ReflectionUtils.invokeMethodWithArray(ReflectionUtils.java:189)
	at org.apache.maven.surefire.booter.ProviderFactory$ProviderProxy.invoke(ProviderFactory.java:165)
	at org.apache.maven.surefire.booter.ProviderFactory.invokeProvider(ProviderFactory.java:85)
	at org.apache.maven.surefire.booter.ForkedBooter.runSuitesInProcess(ForkedBooter.java:115)
	at org.apache.maven.surefire.booter.ForkedBooter.main(ForkedBooter.java:75)
Caused by: java.util.concurrent.ExecutionException: java.lang.NoClassDefFoundError: javax/xml/bind/Unmarshaller
	at java.base/java.util.concurrent.FutureTask.report(FutureTask.java:122)
	at java.base/java.util.concurrent.FutureTask.get(FutureTask.java:191)
	at org.glassfish.hk2.utilities.cache.LRUHybridCache$OriginThreadAwareFuture.get(LRUHybridCache.java:164)
	at org.glassfish.hk2.utilities.cache.LRUHybridCache.compute(LRUHybridCache.java:303)
	... 149 more
Caused by: java.lang.NoClassDefFoundError: javax/xml/bind/Unmarshaller
	at java.base/java.lang.Class.getDeclaredMethods0(Native Method)
	at java.base/java.lang.Class.privateGetDeclaredMethods(Class.java:3119)
	at java.base/java.lang.Class.getDeclaredMethods(Class.java:2268)
	at org.glassfish.hk2.utilities.reflection.internal.ClassReflectionHelperUtilities$3.run(ClassReflectionHelperUtilities.java:108)
	at org.glassfish.hk2.utilities.reflection.internal.ClassReflectionHelperUtilities$3.run(ClassReflectionHelperUtilities.java:104)
	at java.base/java.security.AccessController.doPrivileged(Native Method)
	at org.glassfish.hk2.utilities.reflection.internal.ClassReflectionHelperUtilities.secureGetDeclaredMethods(ClassReflectionHelperUtilities.java:104)
	at org.glassfish.hk2.utilities.reflection.internal.ClassReflectionHelperUtilities.getDeclaredMethodWrappers(ClassReflectionHelperUtilities.java:133)
	at org.glassfish.hk2.utilities.reflection.internal.ClassReflectionHelperUtilities.getAllMethodWrappers(ClassReflectionHelperUtilities.java:192)
	at org.glassfish.hk2.utilities.reflection.internal.ClassReflectionHelperUtilities.getAllMethodWrappers(ClassReflectionHelperUtilities.java:193)
	at org.glassfish.hk2.utilities.reflection.internal.ClassReflectionHelperImpl$3.compute(ClassReflectionHelperImpl.java:84)
	at org.glassfish.hk2.utilities.reflection.internal.ClassReflectionHelperImpl$3.compute(ClassReflectionHelperImpl.java:80)
	at org.glassfish.hk2.utilities.cache.LRUHybridCache$OriginThreadAwareFuture$1.call(LRUHybridCache.java:115)
	at org.glassfish.hk2.utilities.cache.LRUHybridCache$OriginThreadAwareFuture$1.call(LRUHybridCache.java:111)
	at java.base/java.util.concurrent.FutureTask.run(FutureTask.java:264)
	at org.glassfish.hk2.utilities.cache.LRUHybridCache$OriginThreadAwareFuture.run(LRUHybridCache.java:173)
	at org.glassfish.hk2.utilities.cache.LRUHybridCache.compute(LRUHybridCache.java:292)
	... 149 more
Caused by: java.lang.ClassNotFoundException: javax.xml.bind.Unmarshaller
	at java.base/jdk.internal.loader.BuiltinClassLoader.loadClass(BuiltinClassLoader.java:582)
	at java.base/jdk.internal.loader.ClassLoaders$AppClassLoader.loadClass(ClassLoaders.java:190)
	at java.base/java.lang.ClassLoader.loadClass(ClassLoader.java:499)
	... 166 more
MultiException stack 4 of 4
java.lang.IllegalArgumentException: Errors were discovered while reifying SystemDescriptor(
	implementation=org.glassfish.jersey.jaxb.internal.JaxbStringReaderProvider$RootElementProvider
	contracts={javax.ws.rs.ext.ParamConverterProvider}
	scope=javax.inject.Singleton
	qualifiers={}
	descriptorType=CLASS
	descriptorVisibility=NORMAL
	metadata=
	rank=0
	loader=org.glassfish.hk2.utilities.binding.AbstractBinder$2@3016fd5e
	proxiable=null
	proxyForSameScope=null
	analysisName=null
	id=121
	locatorId=0
	identityHashCode=902860396
	reified=false)
	at org.jvnet.hk2.internal.SystemDescriptor.reify(SystemDescriptor.java:705)
	at org.jvnet.hk2.internal.ServiceLocatorImpl.reifyDescriptor(ServiceLocatorImpl.java:461)
	at org.jvnet.hk2.internal.ServiceLocatorImpl.narrow(ServiceLocatorImpl.java:2288)
	at org.jvnet.hk2.internal.ServiceLocatorImpl.access$1200(ServiceLocatorImpl.java:125)
	at org.jvnet.hk2.internal.ServiceLocatorImpl$9.compute(ServiceLocatorImpl.java:1373)
	at org.jvnet.hk2.internal.ServiceLocatorImpl$9.compute(ServiceLocatorImpl.java:1368)
	at org.glassfish.hk2.utilities.cache.internal.WeakCARCacheImpl.compute(WeakCARCacheImpl.java:116)
	at org.jvnet.hk2.internal.ServiceLocatorImpl.internalGetAllServiceHandles(ServiceLocatorImpl.java:1430)
	at org.jvnet.hk2.internal.ServiceLocatorImpl.getAllServiceHandles(ServiceLocatorImpl.java:1355)
	at org.jvnet.hk2.internal.ServiceLocatorImpl.getAllServiceHandles(ServiceLocatorImpl.java:1344)
	at org.glassfish.jersey.internal.inject.Providers.getServiceHandles(Providers.java:354)
	at org.glassfish.jersey.internal.inject.Providers.getProviders(Providers.java:187)
	at org.glassfish.jersey.server.internal.inject.ParamConverterFactory.&lt;init&gt;(ParamConverterFactory.java:83)
	at java.base/jdk.internal.reflect.NativeConstructorAccessorImpl.newInstance0(Native Method)
	at java.base/jdk.internal.reflect.NativeConstructorAccessorImpl.newInstance(NativeConstructorAccessorImpl.java:62)
	at java.base/jdk.internal.reflect.DelegatingConstructorAccessorImpl.newInstance(DelegatingConstructorAccessorImpl.java:45)
	at java.base/java.lang.reflect.Constructor.newInstance(Constructor.java:488)
	at org.glassfish.hk2.utilities.reflection.ReflectionHelper.makeMe(ReflectionHelper.java:1375)
	at org.jvnet.hk2.internal.ClazzCreator.createMe(ClazzCreator.java:272)
	at org.jvnet.hk2.internal.ClazzCreator.create(ClazzCreator.java:366)
	at org.jvnet.hk2.internal.SystemDescriptor.create(SystemDescriptor.java:487)
	at org.jvnet.hk2.internal.SingletonContext$1.compute(SingletonContext.java:83)
	at org.jvnet.hk2.internal.SingletonContext$1.compute(SingletonContext.java:71)
	at org.glassfish.hk2.utilities.cache.Cache$OriginThreadAwareFuture$1.call(Cache.java:97)
	at java.base/java.util.concurrent.FutureTask.run(FutureTask.java:264)
	at org.glassfish.hk2.utilities.cache.Cache$OriginThreadAwareFuture.run(Cache.java:154)
	at org.glassfish.hk2.utilities.cache.Cache.compute(Cache.java:199)
	at org.jvnet.hk2.internal.SingletonContext.findOrCreate(SingletonContext.java:122)
	at org.jvnet.hk2.internal.Utilities.createService(Utilities.java:2022)
	at org.jvnet.hk2.internal.ServiceHandleImpl.getService(ServiceHandleImpl.java:114)
	at org.jvnet.hk2.internal.ServiceLocatorImpl.getService(ServiceLocatorImpl.java:695)
	at org.jvnet.hk2.internal.ThreeThirtyResolver.resolve(ThreeThirtyResolver.java:78)
	at org.jvnet.hk2.internal.ClazzCreator.resolve(ClazzCreator.java:212)
	at org.jvnet.hk2.internal.ClazzCreator.resolveAllDependencies(ClazzCreator.java:229)
	at org.jvnet.hk2.internal.ClazzCreator.create(ClazzCreator.java:358)
	at org.jvnet.hk2.internal.SystemDescriptor.create(SystemDescriptor.java:487)
	at org.jvnet.hk2.internal.SingletonContext$1.compute(SingletonContext.java:83)
	at org.jvnet.hk2.internal.SingletonContext$1.compute(SingletonContext.java:71)
	at org.glassfish.hk2.utilities.cache.Cache$OriginThreadAwareFuture$1.call(Cache.java:97)
	at java.base/java.util.concurrent.FutureTask.run(FutureTask.java:264)
	at org.glassfish.hk2.utilities.cache.Cache$OriginThreadAwareFuture.run(Cache.java:154)
	at org.glassfish.hk2.utilities.cache.Cache.compute(Cache.java:199)
	at org.jvnet.hk2.internal.SingletonContext.findOrCreate(SingletonContext.java:122)
	at org.jvnet.hk2.internal.Utilities.createService(Utilities.java:2022)
	at org.jvnet.hk2.internal.ServiceHandleImpl.getService(ServiceHandleImpl.java:114)
	at org.jvnet.hk2.internal.ServiceLocatorImpl.getService(ServiceLocatorImpl.java:695)
	at org.jvnet.hk2.internal.ThreeThirtyResolver.resolve(ThreeThirtyResolver.java:78)
	at org.jvnet.hk2.internal.ClazzCreator.resolve(ClazzCreator.java:212)
	at org.jvnet.hk2.internal.ClazzCreator.resolveAllDependencies(ClazzCreator.java:229)
	at org.jvnet.hk2.internal.ClazzCreator.create(ClazzCreator.java:358)
	at org.jvnet.hk2.internal.SystemDescriptor.create(SystemDescriptor.java:487)
	at org.jvnet.hk2.internal.SingletonContext$1.compute(SingletonContext.java:83)
	at org.jvnet.hk2.internal.SingletonContext$1.compute(SingletonContext.java:71)
	at org.glassfish.hk2.utilities.cache.Cache$OriginThreadAwareFuture$1.call(Cache.java:97)
	at java.base/java.util.concurrent.FutureTask.run(FutureTask.java:264)
	at org.glassfish.hk2.utilities.cache.Cache$OriginThreadAwareFuture.run(Cache.java:154)
	at org.glassfish.hk2.utilities.cache.Cache.compute(Cache.java:199)
	at org.jvnet.hk2.internal.SingletonContext.findOrCreate(SingletonContext.java:122)
	at org.jvnet.hk2.internal.Utilities.createService(Utilities.java:2022)
	at org.jvnet.hk2.internal.ServiceHandleImpl.getService(ServiceHandleImpl.java:114)
	at org.jvnet.hk2.internal.ServiceHandleImpl.getService(ServiceHandleImpl.java:88)
	at org.glassfish.jersey.internal.inject.ProviderToService.apply(ProviderToService.java:58)
	at org.glassfish.jersey.internal.inject.ProviderToService.apply(ProviderToService.java:54)
	at jersey.repackaged.com.google.common.collect.Iterators$8.transform(Iterators.java:799)
	at jersey.repackaged.com.google.common.collect.TransformedIterator.next(TransformedIterator.java:48)
	at java.base/java.util.AbstractCollection.addAll(AbstractCollection.java:351)
	at java.base/java.util.LinkedHashSet.&lt;init&gt;(LinkedHashSet.java:169)
	at jersey.repackaged.com.google.common.collect.Sets.newLinkedHashSet(Sets.java:325)
	at org.glassfish.jersey.internal.inject.Providers.getClasses(Providers.java:392)
	at org.glassfish.jersey.internal.inject.Providers.getProviders(Providers.java:188)
	at org.glassfish.jersey.server.spi.internal.ParameterValueHelper.createValueProviders(ParameterValueHelper.java:130)
	at org.glassfish.jersey.server.model.Invocable.getValueProviders(Invocable.java:320)
	at org.glassfish.jersey.server.model.ResourceMethodValidator.checkValueProviders(ResourceMethodValidator.java:165)
	at org.glassfish.jersey.server.model.ResourceMethodValidator.checkMethod(ResourceMethodValidator.java:106)
	at org.glassfish.jersey.server.model.ResourceMethodValidator.visitJaxrsResourceMethod(ResourceMethodValidator.java:102)
	at org.glassfish.jersey.server.model.ResourceMethodValidator.visitResourceMethod(ResourceMethodValidator.java:92)
	at org.glassfish.jersey.server.model.ResourceMethod.accept(ResourceMethod.java:873)
	at org.glassfish.jersey.server.model.ComponentModelValidator.validateWithErrors(ComponentModelValidator.java:161)
	at org.glassfish.jersey.server.model.ComponentModelValidator.validateWithErrors(ComponentModelValidator.java:167)
	at org.glassfish.jersey.server.model.ComponentModelValidator.validateWithErrors(ComponentModelValidator.java:167)
	at org.glassfish.jersey.server.model.ComponentModelValidator.access$000(ComponentModelValidator.java:90)
	at org.glassfish.jersey.server.model.ComponentModelValidator$1.run(ComponentModelValidator.java:151)
	at org.glassfish.jersey.internal.Errors$1.call(Errors.java:271)
	at org.glassfish.jersey.internal.Errors$1.call(Errors.java:267)
	at org.glassfish.jersey.internal.Errors.process(Errors.java:315)
	at org.glassfish.jersey.internal.Errors.process(Errors.java:297)
	at org.glassfish.jersey.internal.Errors.process(Errors.java:267)
	at org.glassfish.jersey.server.model.ComponentModelValidator.validate(ComponentModelValidator.java:146)
	at org.glassfish.jersey.server.ApplicationHandler.initialize(ApplicationHandler.java:550)
	at org.glassfish.jersey.server.ApplicationHandler.access$500(ApplicationHandler.java:184)
	at org.glassfish.jersey.server.ApplicationHandler$3.call(ApplicationHandler.java:350)
	at org.glassfish.jersey.server.ApplicationHandler$3.call(ApplicationHandler.java:347)
	at org.glassfish.jersey.internal.Errors.process(Errors.java:315)
	at org.glassfish.jersey.internal.Errors.process(Errors.java:297)
	at org.glassfish.jersey.internal.Errors.processWithException(Errors.java:255)
	at org.glassfish.jersey.server.ApplicationHandler.&lt;init&gt;(ApplicationHandler.java:347)
	at org.glassfish.jersey.server.ApplicationHandler.&lt;init&gt;(ApplicationHandler.java:311)
	at org.glassfish.jersey.grizzly2.httpserver.GrizzlyHttpContainer.&lt;init&gt;(GrizzlyHttpContainer.java:337)
	at org.glassfish.jersey.grizzly2.httpserver.GrizzlyHttpServerFactory.createHttpServer(GrizzlyHttpServerFactory.java:119)
	at com.example.Main.startServer(Main.java:30)
	at com.example.MyResourceTest.setUp(MyResourceTest.java:22)
	at java.base/jdk.internal.reflect.NativeMethodAccessorImpl.invoke0(Native Method)
	at java.base/jdk.internal.reflect.NativeMethodAccessorImpl.invoke(NativeMethodAccessorImpl.java:62)
	at java.base/jdk.internal.reflect.DelegatingMethodAccessorImpl.invoke(DelegatingMethodAccessorImpl.java:43)
	at java.base/java.lang.reflect.Method.invoke(Method.java:564)
	at org.junit.runners.model.FrameworkMethod$1.runReflectiveCall(FrameworkMethod.java:44)
	at org.junit.internal.runners.model.ReflectiveCallable.run(ReflectiveCallable.java:15)
	at org.junit.runners.model.FrameworkMethod.invokeExplosively(FrameworkMethod.java:41)
	at org.junit.internal.runners.statements.RunBefores.evaluate(RunBefores.java:27)
	at org.junit.internal.runners.statements.RunAfters.evaluate(RunAfters.java:31)
	at org.junit.runners.ParentRunner.runLeaf(ParentRunner.java:263)
	at org.junit.runners.BlockJUnit4ClassRunner.runChild(BlockJUnit4ClassRunner.java:69)
	at org.junit.runners.BlockJUnit4ClassRunner.runChild(BlockJUnit4ClassRunner.java:48)
	at org.junit.runners.ParentRunner$3.run(ParentRunner.java:231)
	at org.junit.runners.ParentRunner$1.schedule(ParentRunner.java:60)
	at org.junit.runners.ParentRunner.runChildren(ParentRunner.java:229)
	at org.junit.runners.ParentRunner.access$000(ParentRunner.java:50)
	at org.junit.runners.ParentRunner$2.evaluate(ParentRunner.java:222)
	at org.junit.runners.ParentRunner.run(ParentRunner.java:292)
	at org.apache.maven.surefire.junit4.JUnit4Provider.execute(JUnit4Provider.java:252)
	at org.apache.maven.surefire.junit4.JUnit4Provider.executeTestSet(JUnit4Provider.java:141)
	at org.apache.maven.surefire.junit4.JUnit4Provider.invoke(JUnit4Provider.java:112)
	at java.base/jdk.internal.reflect.NativeMethodAccessorImpl.invoke0(Native Method)
	at java.base/jdk.internal.reflect.NativeMethodAccessorImpl.invoke(NativeMethodAccessorImpl.java:62)
	at java.base/jdk.internal.reflect.DelegatingMethodAccessorImpl.invoke(DelegatingMethodAccessorImpl.java:43)
	at java.base/java.lang.reflect.Method.invoke(Method.java:564)
	at org.apache.maven.surefire.util.ReflectionUtils.invokeMethodWithArray(ReflectionUtils.java:189)
	at org.apache.maven.surefire.booter.ProviderFactory$ProviderProxy.invoke(ProviderFactory.java:165)
	at org.apache.maven.surefire.booter.ProviderFactory.invokeProvider(ProviderFactory.java:85)
	at org.apache.maven.surefire.booter.ForkedBooter.runSuitesInProcess(ForkedBooter.java:115)
	at org.apache.maven.surefire.booter.ForkedBooter.main(ForkedBooter.java:75)


</system-err>
  </testcase>
  <testcase classname="com.example.MyResourceTest" name="testGetIt" time="6.07">
    <error type="java.lang.NullPointerException">java.lang.NullPointerException
	at com.example.MyResourceTest.tearDown(MyResourceTest.java:37)
	at java.base/jdk.internal.reflect.NativeMethodAccessorImpl.invoke0(Native Method)
	at java.base/jdk.internal.reflect.NativeMethodAccessorImpl.invoke(NativeMethodAccessorImpl.java:62)
	at java.base/jdk.internal.reflect.DelegatingMethodAccessorImpl.invoke(DelegatingMethodAccessorImpl.java:43)
	at java.base/java.lang.reflect.Method.invoke(Method.java:564)
	at org.junit.runners.model.FrameworkMethod$1.runReflectiveCall(FrameworkMethod.java:44)
	at org.junit.internal.runners.model.ReflectiveCallable.run(ReflectiveCallable.java:15)
	at org.junit.runners.model.FrameworkMethod.invokeExplosively(FrameworkMethod.java:41)
	at org.junit.internal.runners.statements.RunAfters.evaluate(RunAfters.java:37)
	at org.junit.runners.ParentRunner.runLeaf(ParentRunner.java:263)
	at org.junit.runners.BlockJUnit4ClassRunner.runChild(BlockJUnit4ClassRunner.java:69)
	at org.junit.runners.BlockJUnit4ClassRunner.runChild(BlockJUnit4ClassRunner.java:48)
	at org.junit.runners.ParentRunner$3.run(ParentRunner.java:231)
	at org.junit.runners.ParentRunner$1.schedule(ParentRunner.java:60)
	at org.junit.runners.ParentRunner.runChildren(ParentRunner.java:229)
	at org.junit.runners.ParentRunner.access$000(ParentRunner.java:50)
	at org.junit.runners.ParentRunner$2.evaluate(ParentRunner.java:222)
	at org.junit.runners.ParentRunner.run(ParentRunner.java:292)
	at org.apache.maven.surefire.junit4.JUnit4Provider.execute(JUnit4Provider.java:252)
	at org.apache.maven.surefire.junit4.JUnit4Provider.executeTestSet(JUnit4Provider.java:141)
	at org.apache.maven.surefire.junit4.JUnit4Provider.invoke(JUnit4Provider.java:112)
	at java.base/jdk.internal.reflect.NativeMethodAccessorImpl.invoke0(Native Method)
	at java.base/jdk.internal.reflect.NativeMethodAccessorImpl.invoke(NativeMethodAccessorImpl.java:62)
	at java.base/jdk.internal.reflect.DelegatingMethodAccessorImpl.invoke(DelegatingMethodAccessorImpl.java:43)
	at java.base/java.lang.reflect.Method.invoke(Method.java:564)
	at org.apache.maven.surefire.util.ReflectionUtils.invokeMethodWithArray(ReflectionUtils.java:189)
	at org.apache.maven.surefire.booter.ProviderFactory$ProviderProxy.invoke(ProviderFactory.java:165)
	at org.apache.maven.surefire.booter.ProviderFactory.invokeProvider(ProviderFactory.java:85)
	at org.apache.maven.surefire.booter.ForkedBooter.runSuitesInProcess(ForkedBooter.java:115)
	at org.apache.maven.surefire.booter.ForkedBooter.main(ForkedBooter.java:75)
</error>
  </testcase>
</testsuite>